[2025-01-15T14:25:16.605+0800] {local_task_job_runner.py:123} INFO - ::group::Pre task execution logs
[2025-01-15T14:25:16.620+0800] {taskinstance.py:2613} INFO - Dependencies all met for dep_context=non-requeueable deps ti=<TaskInstance: Demo-ML-Pipeline.Source_2_Data_Collection manual__2025-01-15T06:25:04.359226+00:00 [queued]>
[2025-01-15T14:25:16.623+0800] {taskinstance.py:2613} INFO - Dependencies all met for dep_context=requeueable deps ti=<TaskInstance: Demo-ML-Pipeline.Source_2_Data_Collection manual__2025-01-15T06:25:04.359226+00:00 [queued]>
[2025-01-15T14:25:16.623+0800] {taskinstance.py:2866} INFO - Starting attempt 1 of 4
[2025-01-15T14:25:16.632+0800] {taskinstance.py:2889} INFO - Executing <Task(BashOperator): Source_2_Data_Collection> on 2025-01-15 06:25:04.359226+00:00
[2025-01-15T14:25:16.637+0800] {standard_task_runner.py:72} INFO - Started process 99733 to run task
[2025-01-15T14:25:16.642+0800] {standard_task_runner.py:104} INFO - Running: ['airflow', 'tasks', 'run', 'Demo-ML-Pipeline', 'Source_2_Data_Collection', 'manual__2025-01-15T06:25:04.359226+00:00', '--job-id', '92', '--raw', '--subdir', 'DAGS_FOLDER/Machine Learning (ML) Pipeline Using Apache Airflow.py', '--cfg-path', '/var/folders/cq/4mg9fv0s5x728btk12fdv1v80000gn/T/tmpv8yf9la8']
[2025-01-15T14:25:16.643+0800] {standard_task_runner.py:105} INFO - Job 92: Subtask Source_2_Data_Collection
[2025-01-15T14:25:16.674+0800] {task_command.py:467} INFO - Running <TaskInstance: Demo-ML-Pipeline.Source_2_Data_Collection manual__2025-01-15T06:25:04.359226+00:00 [running]> on host 1.0.0.0.0.0.0.0.0.0.0.0.0.0.0.0.0.0.0.0.0.0.0.0.0.0.0.0.0.0.0.0.ip6.arpa
[2025-01-15T14:25:16.706+0800] {taskinstance.py:3132} INFO - Exporting env vars: AIRFLOW_CTX_DAG_EMAIL='edwin.spartan117@yahoo.com.sg' AIRFLOW_CTX_DAG_OWNER='airflow' AIRFLOW_CTX_DAG_ID='Demo-ML-Pipeline' AIRFLOW_CTX_TASK_ID='Source_2_Data_Collection' AIRFLOW_CTX_EXECUTION_DATE='2025-01-15T06:25:04.359226+00:00' AIRFLOW_CTX_TRY_NUMBER='1' AIRFLOW_CTX_DAG_RUN_ID='manual__2025-01-15T06:25:04.359226+00:00'
[2025-01-15T14:25:16.707+0800] {logging_mixin.py:190} INFO - Task instance is in running state
[2025-01-15T14:25:16.707+0800] {logging_mixin.py:190} INFO -  Previous state of the Task instance: queued
[2025-01-15T14:25:16.708+0800] {logging_mixin.py:190} INFO - Current task name:Source_2_Data_Collection state:running start_date:2025-01-15 06:25:16.620570+00:00
[2025-01-15T14:25:16.708+0800] {logging_mixin.py:190} INFO - Dag name:Demo-ML-Pipeline and current dag run status:running
[2025-01-15T14:25:16.708+0800] {taskinstance.py:731} INFO - ::endgroup::
[2025-01-15T14:25:16.708+0800] {subprocess.py:78} INFO - Tmp dir root location: /var/folders/cq/4mg9fv0s5x728btk12fdv1v80000gn/T
[2025-01-15T14:25:16.709+0800] {subprocess.py:88} INFO - Running command: ['/bin/bash', '-c', 'python3 "/Users/edwinjosiahgoh95/airflow/DAGs/Stages/Data Collector - Source 2.py"']
[2025-01-15T14:25:16.716+0800] {subprocess.py:99} INFO - Output:
[2025-01-15T14:25:17.039+0800] {subprocess.py:110} INFO - Command exited with return code 0
[2025-01-15T14:25:17.047+0800] {taskinstance.py:340} INFO - ::group::Post task execution logs
[2025-01-15T14:25:17.048+0800] {taskinstance.py:352} INFO - Marking task as SUCCESS. dag_id=Demo-ML-Pipeline, task_id=Source_2_Data_Collection, run_id=manual__2025-01-15T06:25:04.359226+00:00, execution_date=20250115T062504, start_date=20250115T062516, end_date=20250115T062517
[2025-01-15T14:25:17.050+0800] {logging_mixin.py:190} INFO - Task instance in success state
[2025-01-15T14:25:17.051+0800] {logging_mixin.py:190} INFO -  Previous state of the Task instance: running
[2025-01-15T14:25:17.051+0800] {logging_mixin.py:190} INFO - Dag name:Demo-ML-Pipeline queued_at:2025-01-15 06:25:04.364601+00:00
[2025-01-15T14:25:17.051+0800] {logging_mixin.py:190} INFO - Task hostname:1.0.0.0.0.0.0.0.0.0.0.0.0.0.0.0.0.0.0.0.0.0.0.0.0.0.0.0.0.0.0.0.ip6.arpa operator:BashOperator
[2025-01-15T14:25:17.096+0800] {local_task_job_runner.py:266} INFO - Task exited with return code 0
[2025-01-15T14:25:17.105+0800] {taskinstance.py:3895} INFO - 1 downstream tasks scheduled from follow-on schedule check
[2025-01-15T14:25:17.106+0800] {local_task_job_runner.py:245} INFO - ::endgroup::
