[2025-01-15T14:00:23.399+0800] {local_task_job_runner.py:123} INFO - ::group::Pre task execution logs
[2025-01-15T14:00:23.414+0800] {taskinstance.py:2613} INFO - Dependencies all met for dep_context=non-requeueable deps ti=<TaskInstance: Demo-ML-Pipeline.Model_Training scheduled__2025-01-15T05:50:00+00:00 [queued]>
[2025-01-15T14:00:23.416+0800] {taskinstance.py:2613} INFO - Dependencies all met for dep_context=requeueable deps ti=<TaskInstance: Demo-ML-Pipeline.Model_Training scheduled__2025-01-15T05:50:00+00:00 [queued]>
[2025-01-15T14:00:23.416+0800] {taskinstance.py:2866} INFO - Starting attempt 1 of 4
[2025-01-15T14:00:23.421+0800] {taskinstance.py:2889} INFO - Executing <Task(BashOperator): Model_Training> on 2025-01-15 05:50:00+00:00
[2025-01-15T14:00:23.425+0800] {standard_task_runner.py:72} INFO - Started process 85799 to run task
[2025-01-15T14:00:23.429+0800] {standard_task_runner.py:104} INFO - Running: ['airflow', 'tasks', 'run', 'Demo-ML-Pipeline', 'Model_Training', 'scheduled__2025-01-15T05:50:00+00:00', '--job-id', '33', '--raw', '--subdir', 'DAGS_FOLDER/Machine Learning (ML) Pipeline Using Apache Airflow.py', '--cfg-path', '/var/folders/cq/4mg9fv0s5x728btk12fdv1v80000gn/T/tmpij705v6l']
[2025-01-15T14:00:23.430+0800] {standard_task_runner.py:105} INFO - Job 33: Subtask Model_Training
[2025-01-15T14:00:23.454+0800] {task_command.py:467} INFO - Running <TaskInstance: Demo-ML-Pipeline.Model_Training scheduled__2025-01-15T05:50:00+00:00 [running]> on host 1.0.0.0.0.0.0.0.0.0.0.0.0.0.0.0.0.0.0.0.0.0.0.0.0.0.0.0.0.0.0.0.ip6.arpa
[2025-01-15T14:00:23.480+0800] {taskinstance.py:3132} INFO - Exporting env vars: AIRFLOW_CTX_DAG_EMAIL='edwin.spartan117@yahoo.com.sg' AIRFLOW_CTX_DAG_OWNER='airflow' AIRFLOW_CTX_DAG_ID='Demo-ML-Pipeline' AIRFLOW_CTX_TASK_ID='Model_Training' AIRFLOW_CTX_EXECUTION_DATE='2025-01-15T05:50:00+00:00' AIRFLOW_CTX_TRY_NUMBER='1' AIRFLOW_CTX_DAG_RUN_ID='scheduled__2025-01-15T05:50:00+00:00'
[2025-01-15T14:00:23.481+0800] {logging_mixin.py:190} INFO - Task instance is in running state
[2025-01-15T14:00:23.481+0800] {logging_mixin.py:190} INFO -  Previous state of the Task instance: queued
[2025-01-15T14:00:23.481+0800] {logging_mixin.py:190} INFO - Current task name:Model_Training state:running start_date:2025-01-15 06:00:23.414234+00:00
[2025-01-15T14:00:23.482+0800] {logging_mixin.py:190} INFO - Dag name:Demo-ML-Pipeline and current dag run status:running
[2025-01-15T14:00:23.482+0800] {taskinstance.py:731} INFO - ::endgroup::
[2025-01-15T14:00:23.482+0800] {subprocess.py:78} INFO - Tmp dir root location: /var/folders/cq/4mg9fv0s5x728btk12fdv1v80000gn/T
[2025-01-15T14:00:23.483+0800] {subprocess.py:88} INFO - Running command: ['/bin/bash', '-c', 'python3 "/Users/edwinjosiahgoh95/airflow/DAGs/Stages/train.py"']
[2025-01-15T14:00:23.489+0800] {subprocess.py:99} INFO - Output:
[2025-01-15T14:00:24.220+0800] {subprocess.py:106} INFO - Traceback (most recent call last):
[2025-01-15T14:00:24.221+0800] {subprocess.py:106} INFO -   File "/Users/edwinjosiahgoh95/airflow/DAGs/Stages/train.py", line 11, in <module>
[2025-01-15T14:00:24.222+0800] {subprocess.py:106} INFO -     logreg_model = LogisticRegression(random_state = 0).fit(df['X'], df['Y'])
[2025-01-15T14:00:24.222+0800] {subprocess.py:106} INFO -                    ^^^^^^^^^^^^^^^^^^^^^^^^^^^^^^^^^^^^^^^^^^^^^^^^^^^^^^^^^^
[2025-01-15T14:00:24.222+0800] {subprocess.py:106} INFO -   File "/opt/anaconda3/envs/PyTorch/lib/python3.11/site-packages/sklearn/base.py", line 1473, in wrapper
[2025-01-15T14:00:24.223+0800] {subprocess.py:106} INFO -     return fit_method(estimator, *args, **kwargs)
[2025-01-15T14:00:24.223+0800] {subprocess.py:106} INFO -            ^^^^^^^^^^^^^^^^^^^^^^^^^^^^^^^^^^^^^^
[2025-01-15T14:00:24.224+0800] {subprocess.py:106} INFO -   File "/opt/anaconda3/envs/PyTorch/lib/python3.11/site-packages/sklearn/linear_model/_logistic.py", line 1223, in fit
[2025-01-15T14:00:24.224+0800] {subprocess.py:106} INFO -     X, y = self._validate_data(
[2025-01-15T14:00:24.224+0800] {subprocess.py:106} INFO -            ^^^^^^^^^^^^^^^^^^^^
[2025-01-15T14:00:24.225+0800] {subprocess.py:106} INFO -   File "/opt/anaconda3/envs/PyTorch/lib/python3.11/site-packages/sklearn/base.py", line 650, in _validate_data
[2025-01-15T14:00:24.225+0800] {subprocess.py:106} INFO -     X, y = check_X_y(X, y, **check_params)
[2025-01-15T14:00:24.225+0800] {subprocess.py:106} INFO -            ^^^^^^^^^^^^^^^^^^^^^^^^^^^^^^^
[2025-01-15T14:00:24.225+0800] {subprocess.py:106} INFO -   File "/opt/anaconda3/envs/PyTorch/lib/python3.11/site-packages/sklearn/utils/validation.py", line 1301, in check_X_y
[2025-01-15T14:00:24.225+0800] {subprocess.py:106} INFO -     X = check_array(
[2025-01-15T14:00:24.226+0800] {subprocess.py:106} INFO -         ^^^^^^^^^^^^
[2025-01-15T14:00:24.226+0800] {subprocess.py:106} INFO -   File "/opt/anaconda3/envs/PyTorch/lib/python3.11/site-packages/sklearn/utils/validation.py", line 1050, in check_array
[2025-01-15T14:00:24.226+0800] {subprocess.py:106} INFO -     raise ValueError(msg)
[2025-01-15T14:00:24.226+0800] {subprocess.py:106} INFO - ValueError: Expected a 2-dimensional container but got <class 'pandas.core.series.Series'> instead. Pass a DataFrame containing a single row (i.e. single sample) or a single column (i.e. single feature) instead.
[2025-01-15T14:00:24.301+0800] {subprocess.py:110} INFO - Command exited with return code 1
[2025-01-15T14:00:24.307+0800] {taskinstance.py:3311} ERROR - Task failed with exception
Traceback (most recent call last):
  File "/opt/anaconda3/envs/PyTorch/lib/python3.11/site-packages/airflow/models/taskinstance.py", line 767, in _execute_task
    result = _execute_callable(context=context, **execute_callable_kwargs)
             ^^^^^^^^^^^^^^^^^^^^^^^^^^^^^^^^^^^^^^^^^^^^^^^^^^^^^^^^^^^^^
  File "/opt/anaconda3/envs/PyTorch/lib/python3.11/site-packages/airflow/models/taskinstance.py", line 733, in _execute_callable
    return ExecutionCallableRunner(
           ^^^^^^^^^^^^^^^^^^^^^^^^
  File "/opt/anaconda3/envs/PyTorch/lib/python3.11/site-packages/airflow/utils/operator_helpers.py", line 252, in run
    return self.func(*args, **kwargs)
           ^^^^^^^^^^^^^^^^^^^^^^^^^^
  File "/opt/anaconda3/envs/PyTorch/lib/python3.11/site-packages/airflow/models/baseoperator.py", line 422, in wrapper
    return func(self, *args, **kwargs)
           ^^^^^^^^^^^^^^^^^^^^^^^^^^^
  File "/opt/anaconda3/envs/PyTorch/lib/python3.11/site-packages/airflow/operators/bash.py", line 276, in execute
    raise AirflowException(
airflow.exceptions.AirflowException: Bash command failed. The command returned a non-zero exit code 1.
[2025-01-15T14:00:24.310+0800] {logging_mixin.py:190} INFO - Task instance in failure state
[2025-01-15T14:00:24.311+0800] {logging_mixin.py:190} INFO - Task start:2025-01-15 06:00:23.414234+00:00 end:2025-01-15 06:00:24.310697+00:00 duration:0.896463
[2025-01-15T14:00:24.311+0800] {logging_mixin.py:190} INFO - Task:<Task(BashOperator): Model_Training> dag:<DAG: Demo-ML-Pipeline> dagrun:<DagRun Demo-ML-Pipeline @ 2025-01-15 05:50:00+00:00: scheduled__2025-01-15T05:50:00+00:00, state:running, queued_at: 2025-01-15 05:55:03.314550+00:00. externally triggered: False>
[2025-01-15T14:00:24.311+0800] {logging_mixin.py:190} INFO - Failure caused by Bash command failed. The command returned a non-zero exit code 1.
[2025-01-15T14:00:24.312+0800] {taskinstance.py:1225} INFO - Marking task as UP_FOR_RETRY. dag_id=Demo-ML-Pipeline, task_id=Model_Training, run_id=scheduled__2025-01-15T05:50:00+00:00, execution_date=20250115T055000, start_date=20250115T060023, end_date=20250115T060024
[2025-01-15T14:00:24.317+0800] {taskinstance.py:340} INFO - ::group::Post task execution logs
[2025-01-15T14:00:24.317+0800] {standard_task_runner.py:124} ERROR - Failed to execute job 33 for task Model_Training (Bash command failed. The command returned a non-zero exit code 1.; 85799)
Traceback (most recent call last):
  File "/opt/anaconda3/envs/PyTorch/lib/python3.11/site-packages/airflow/task/task_runner/standard_task_runner.py", line 117, in _start_by_fork
    ret = args.func(args, dag=self.dag)
          ^^^^^^^^^^^^^^^^^^^^^^^^^^^^^
  File "/opt/anaconda3/envs/PyTorch/lib/python3.11/site-packages/airflow/cli/cli_config.py", line 49, in command
    return func(*args, **kwargs)
           ^^^^^^^^^^^^^^^^^^^^^
  File "/opt/anaconda3/envs/PyTorch/lib/python3.11/site-packages/airflow/utils/cli.py", line 116, in wrapper
    return f(*args, **kwargs)
           ^^^^^^^^^^^^^^^^^^
  File "/opt/anaconda3/envs/PyTorch/lib/python3.11/site-packages/airflow/cli/commands/task_command.py", line 483, in task_run
    task_return_code = _run_task_by_selected_method(args, _dag, ti)
                       ^^^^^^^^^^^^^^^^^^^^^^^^^^^^^^^^^^^^^^^^^^^^
  File "/opt/anaconda3/envs/PyTorch/lib/python3.11/site-packages/airflow/cli/commands/task_command.py", line 256, in _run_task_by_selected_method
    return _run_raw_task(args, ti)
           ^^^^^^^^^^^^^^^^^^^^^^^
  File "/opt/anaconda3/envs/PyTorch/lib/python3.11/site-packages/airflow/cli/commands/task_command.py", line 341, in _run_raw_task
    return ti._run_raw_task(
           ^^^^^^^^^^^^^^^^^
  File "/opt/anaconda3/envs/PyTorch/lib/python3.11/site-packages/airflow/utils/session.py", line 97, in wrapper
    return func(*args, session=session, **kwargs)
           ^^^^^^^^^^^^^^^^^^^^^^^^^^^^^^^^^^^^^^
  File "/opt/anaconda3/envs/PyTorch/lib/python3.11/site-packages/airflow/models/taskinstance.py", line 3005, in _run_raw_task
    return _run_raw_task(
           ^^^^^^^^^^^^^^
  File "/opt/anaconda3/envs/PyTorch/lib/python3.11/site-packages/airflow/models/taskinstance.py", line 273, in _run_raw_task
    TaskInstance._execute_task_with_callbacks(
  File "/opt/anaconda3/envs/PyTorch/lib/python3.11/site-packages/airflow/models/taskinstance.py", line 3159, in _execute_task_with_callbacks
    result = self._execute_task(context, task_orig)
             ^^^^^^^^^^^^^^^^^^^^^^^^^^^^^^^^^^^^^^
  File "/opt/anaconda3/envs/PyTorch/lib/python3.11/site-packages/airflow/models/taskinstance.py", line 3183, in _execute_task
    return _execute_task(self, context, task_orig)
           ^^^^^^^^^^^^^^^^^^^^^^^^^^^^^^^^^^^^^^^
  File "/opt/anaconda3/envs/PyTorch/lib/python3.11/site-packages/airflow/models/taskinstance.py", line 767, in _execute_task
    result = _execute_callable(context=context, **execute_callable_kwargs)
             ^^^^^^^^^^^^^^^^^^^^^^^^^^^^^^^^^^^^^^^^^^^^^^^^^^^^^^^^^^^^^
  File "/opt/anaconda3/envs/PyTorch/lib/python3.11/site-packages/airflow/models/taskinstance.py", line 733, in _execute_callable
    return ExecutionCallableRunner(
           ^^^^^^^^^^^^^^^^^^^^^^^^
  File "/opt/anaconda3/envs/PyTorch/lib/python3.11/site-packages/airflow/utils/operator_helpers.py", line 252, in run
    return self.func(*args, **kwargs)
           ^^^^^^^^^^^^^^^^^^^^^^^^^^
  File "/opt/anaconda3/envs/PyTorch/lib/python3.11/site-packages/airflow/models/baseoperator.py", line 422, in wrapper
    return func(self, *args, **kwargs)
           ^^^^^^^^^^^^^^^^^^^^^^^^^^^
  File "/opt/anaconda3/envs/PyTorch/lib/python3.11/site-packages/airflow/operators/bash.py", line 276, in execute
    raise AirflowException(
airflow.exceptions.AirflowException: Bash command failed. The command returned a non-zero exit code 1.
[2025-01-15T14:00:24.363+0800] {local_task_job_runner.py:266} INFO - Task exited with return code 1
[2025-01-15T14:00:24.373+0800] {taskinstance.py:3895} INFO - 0 downstream tasks scheduled from follow-on schedule check
[2025-01-15T14:00:24.373+0800] {local_task_job_runner.py:245} INFO - ::endgroup::
