[2025-01-15T14:20:02.713+0800] {local_task_job_runner.py:123} INFO - ::group::Pre task execution logs
[2025-01-15T14:20:02.724+0800] {taskinstance.py:2613} INFO - Dependencies all met for dep_context=non-requeueable deps ti=<TaskInstance: Demo-ML-Pipeline.Initialize_Data_Directory scheduled__2025-01-15T06:15:00+00:00 [queued]>
[2025-01-15T14:20:02.726+0800] {taskinstance.py:2613} INFO - Dependencies all met for dep_context=requeueable deps ti=<TaskInstance: Demo-ML-Pipeline.Initialize_Data_Directory scheduled__2025-01-15T06:15:00+00:00 [queued]>
[2025-01-15T14:20:02.727+0800] {taskinstance.py:2866} INFO - Starting attempt 1 of 4
[2025-01-15T14:20:02.732+0800] {taskinstance.py:2889} INFO - Executing <Task(BashOperator): Initialize_Data_Directory> on 2025-01-15 06:15:00+00:00
[2025-01-15T14:20:02.736+0800] {standard_task_runner.py:72} INFO - Started process 96828 to run task
[2025-01-15T14:20:02.740+0800] {standard_task_runner.py:104} INFO - Running: ['airflow', 'tasks', 'run', 'Demo-ML-Pipeline', 'Initialize_Data_Directory', 'scheduled__2025-01-15T06:15:00+00:00', '--job-id', '77', '--raw', '--subdir', 'DAGS_FOLDER/Machine Learning (ML) Pipeline Using Apache Airflow.py', '--cfg-path', '/var/folders/cq/4mg9fv0s5x728btk12fdv1v80000gn/T/tmp4zpcucf8']
[2025-01-15T14:20:02.741+0800] {standard_task_runner.py:105} INFO - Job 77: Subtask Initialize_Data_Directory
[2025-01-15T14:20:02.763+0800] {task_command.py:467} INFO - Running <TaskInstance: Demo-ML-Pipeline.Initialize_Data_Directory scheduled__2025-01-15T06:15:00+00:00 [running]> on host 1.0.0.0.0.0.0.0.0.0.0.0.0.0.0.0.0.0.0.0.0.0.0.0.0.0.0.0.0.0.0.0.ip6.arpa
[2025-01-15T14:20:02.789+0800] {taskinstance.py:3132} INFO - Exporting env vars: AIRFLOW_CTX_DAG_EMAIL='edwin.spartan117@yahoo.com.sg' AIRFLOW_CTX_DAG_OWNER='airflow' AIRFLOW_CTX_DAG_ID='Demo-ML-Pipeline' AIRFLOW_CTX_TASK_ID='Initialize_Data_Directory' AIRFLOW_CTX_EXECUTION_DATE='2025-01-15T06:15:00+00:00' AIRFLOW_CTX_TRY_NUMBER='1' AIRFLOW_CTX_DAG_RUN_ID='scheduled__2025-01-15T06:15:00+00:00'
[2025-01-15T14:20:02.789+0800] {logging_mixin.py:190} INFO - Task instance is in running state
[2025-01-15T14:20:02.790+0800] {logging_mixin.py:190} INFO -  Previous state of the Task instance: queued
[2025-01-15T14:20:02.790+0800] {logging_mixin.py:190} INFO - Current task name:Initialize_Data_Directory state:running start_date:2025-01-15 06:20:02.725079+00:00
[2025-01-15T14:20:02.790+0800] {logging_mixin.py:190} INFO - Dag name:Demo-ML-Pipeline and current dag run status:running
[2025-01-15T14:20:02.790+0800] {taskinstance.py:731} INFO - ::endgroup::
[2025-01-15T14:20:02.791+0800] {subprocess.py:78} INFO - Tmp dir root location: /var/folders/cq/4mg9fv0s5x728btk12fdv1v80000gn/T
[2025-01-15T14:20:02.791+0800] {subprocess.py:88} INFO - Running command: ['/bin/bash', '-c', 'python3 "/Users/edwinjosiahgoh95/airflow/DAGs/Stages/Initialize Data Directory.py"']
[2025-01-15T14:20:02.797+0800] {subprocess.py:99} INFO - Output:
[2025-01-15T14:20:02.819+0800] {subprocess.py:110} INFO - Command exited with return code 0
[2025-01-15T14:20:02.827+0800] {taskinstance.py:340} INFO - ::group::Post task execution logs
[2025-01-15T14:20:02.828+0800] {taskinstance.py:352} INFO - Marking task as SUCCESS. dag_id=Demo-ML-Pipeline, task_id=Initialize_Data_Directory, run_id=scheduled__2025-01-15T06:15:00+00:00, execution_date=20250115T061500, start_date=20250115T062002, end_date=20250115T062002
[2025-01-15T14:20:02.831+0800] {logging_mixin.py:190} INFO - Task instance in success state
[2025-01-15T14:20:02.831+0800] {logging_mixin.py:190} INFO -  Previous state of the Task instance: running
[2025-01-15T14:20:02.832+0800] {logging_mixin.py:190} INFO - Dag name:Demo-ML-Pipeline queued_at:2025-01-15 06:20:01.281085+00:00
[2025-01-15T14:20:02.832+0800] {logging_mixin.py:190} INFO - Task hostname:1.0.0.0.0.0.0.0.0.0.0.0.0.0.0.0.0.0.0.0.0.0.0.0.0.0.0.0.0.0.0.0.ip6.arpa operator:BashOperator
[2025-01-15T14:20:02.844+0800] {local_task_job_runner.py:266} INFO - Task exited with return code 0
[2025-01-15T14:20:02.852+0800] {taskinstance.py:3895} INFO - 2 downstream tasks scheduled from follow-on schedule check
[2025-01-15T14:20:02.853+0800] {local_task_job_runner.py:245} INFO - ::endgroup::
