[2025-01-15T11:49:08.289+0800] {processor.py:186} INFO - Started process (PID=14601) to work on /opt/anaconda3/envs/PyTorch/lib/python3.11/site-packages/airflow/example_dags/plugins/workday.py
[2025-01-15T11:49:08.289+0800] {processor.py:914} INFO - Processing file /opt/anaconda3/envs/PyTorch/lib/python3.11/site-packages/airflow/example_dags/plugins/workday.py for tasks to queue
[2025-01-15T11:49:08.290+0800] {logging_mixin.py:190} INFO - [2025-01-15T11:49:08.290+0800] {dagbag.py:588} INFO - Filling up the DagBag from /opt/anaconda3/envs/PyTorch/lib/python3.11/site-packages/airflow/example_dags/plugins/workday.py
[2025-01-15T11:49:08.559+0800] {processor.py:927} WARNING - No viable dags retrieved from /opt/anaconda3/envs/PyTorch/lib/python3.11/site-packages/airflow/example_dags/plugins/workday.py
[2025-01-15T11:49:08.593+0800] {processor.py:208} INFO - Processing /opt/anaconda3/envs/PyTorch/lib/python3.11/site-packages/airflow/example_dags/plugins/workday.py took 0.306 seconds
[2025-01-15T11:55:40.528+0800] {processor.py:186} INFO - Started process (PID=17867) to work on /opt/anaconda3/envs/PyTorch/lib/python3.11/site-packages/airflow/example_dags/plugins/workday.py
[2025-01-15T11:55:40.529+0800] {processor.py:914} INFO - Processing file /opt/anaconda3/envs/PyTorch/lib/python3.11/site-packages/airflow/example_dags/plugins/workday.py for tasks to queue
[2025-01-15T11:55:40.530+0800] {logging_mixin.py:190} INFO - [2025-01-15T11:55:40.530+0800] {dagbag.py:588} INFO - Filling up the DagBag from /opt/anaconda3/envs/PyTorch/lib/python3.11/site-packages/airflow/example_dags/plugins/workday.py
[2025-01-15T11:55:40.790+0800] {processor.py:927} WARNING - No viable dags retrieved from /opt/anaconda3/envs/PyTorch/lib/python3.11/site-packages/airflow/example_dags/plugins/workday.py
[2025-01-15T11:55:40.822+0800] {processor.py:208} INFO - Processing /opt/anaconda3/envs/PyTorch/lib/python3.11/site-packages/airflow/example_dags/plugins/workday.py took 0.296 seconds
[2025-01-15T11:57:36.387+0800] {processor.py:186} INFO - Started process (PID=18917) to work on /opt/anaconda3/envs/PyTorch/lib/python3.11/site-packages/airflow/example_dags/plugins/workday.py
[2025-01-15T11:57:36.389+0800] {processor.py:914} INFO - Processing file /opt/anaconda3/envs/PyTorch/lib/python3.11/site-packages/airflow/example_dags/plugins/workday.py for tasks to queue
[2025-01-15T11:57:36.389+0800] {logging_mixin.py:190} INFO - [2025-01-15T11:57:36.389+0800] {dagbag.py:588} INFO - Filling up the DagBag from /opt/anaconda3/envs/PyTorch/lib/python3.11/site-packages/airflow/example_dags/plugins/workday.py
[2025-01-15T11:57:36.607+0800] {processor.py:927} WARNING - No viable dags retrieved from /opt/anaconda3/envs/PyTorch/lib/python3.11/site-packages/airflow/example_dags/plugins/workday.py
[2025-01-15T11:57:36.639+0800] {processor.py:208} INFO - Processing /opt/anaconda3/envs/PyTorch/lib/python3.11/site-packages/airflow/example_dags/plugins/workday.py took 0.253 seconds
[2025-01-15T11:59:37.273+0800] {processor.py:186} INFO - Started process (PID=20017) to work on /opt/anaconda3/envs/PyTorch/lib/python3.11/site-packages/airflow/example_dags/plugins/workday.py
[2025-01-15T11:59:37.274+0800] {processor.py:914} INFO - Processing file /opt/anaconda3/envs/PyTorch/lib/python3.11/site-packages/airflow/example_dags/plugins/workday.py for tasks to queue
[2025-01-15T11:59:37.275+0800] {logging_mixin.py:190} INFO - [2025-01-15T11:59:37.275+0800] {dagbag.py:588} INFO - Filling up the DagBag from /opt/anaconda3/envs/PyTorch/lib/python3.11/site-packages/airflow/example_dags/plugins/workday.py
[2025-01-15T11:59:37.564+0800] {processor.py:927} WARNING - No viable dags retrieved from /opt/anaconda3/envs/PyTorch/lib/python3.11/site-packages/airflow/example_dags/plugins/workday.py
[2025-01-15T11:59:37.599+0800] {processor.py:208} INFO - Processing /opt/anaconda3/envs/PyTorch/lib/python3.11/site-packages/airflow/example_dags/plugins/workday.py took 0.328 seconds
[2025-01-15T12:01:03.728+0800] {processor.py:186} INFO - Started process (PID=20786) to work on /opt/anaconda3/envs/PyTorch/lib/python3.11/site-packages/airflow/example_dags/plugins/workday.py
[2025-01-15T12:01:03.729+0800] {processor.py:914} INFO - Processing file /opt/anaconda3/envs/PyTorch/lib/python3.11/site-packages/airflow/example_dags/plugins/workday.py for tasks to queue
[2025-01-15T12:01:03.730+0800] {logging_mixin.py:190} INFO - [2025-01-15T12:01:03.730+0800] {dagbag.py:588} INFO - Filling up the DagBag from /opt/anaconda3/envs/PyTorch/lib/python3.11/site-packages/airflow/example_dags/plugins/workday.py
[2025-01-15T12:01:03.938+0800] {processor.py:927} WARNING - No viable dags retrieved from /opt/anaconda3/envs/PyTorch/lib/python3.11/site-packages/airflow/example_dags/plugins/workday.py
[2025-01-15T12:01:03.970+0800] {processor.py:208} INFO - Processing /opt/anaconda3/envs/PyTorch/lib/python3.11/site-packages/airflow/example_dags/plugins/workday.py took 0.244 seconds
[2025-01-15T12:02:31.339+0800] {processor.py:186} INFO - Started process (PID=21557) to work on /opt/anaconda3/envs/PyTorch/lib/python3.11/site-packages/airflow/example_dags/plugins/workday.py
[2025-01-15T12:02:31.339+0800] {processor.py:914} INFO - Processing file /opt/anaconda3/envs/PyTorch/lib/python3.11/site-packages/airflow/example_dags/plugins/workday.py for tasks to queue
[2025-01-15T12:02:31.340+0800] {logging_mixin.py:190} INFO - [2025-01-15T12:02:31.340+0800] {dagbag.py:588} INFO - Filling up the DagBag from /opt/anaconda3/envs/PyTorch/lib/python3.11/site-packages/airflow/example_dags/plugins/workday.py
[2025-01-15T12:02:31.556+0800] {processor.py:927} WARNING - No viable dags retrieved from /opt/anaconda3/envs/PyTorch/lib/python3.11/site-packages/airflow/example_dags/plugins/workday.py
[2025-01-15T12:02:31.588+0800] {processor.py:208} INFO - Processing /opt/anaconda3/envs/PyTorch/lib/python3.11/site-packages/airflow/example_dags/plugins/workday.py took 0.251 seconds
[2025-01-15T12:03:56.929+0800] {processor.py:186} INFO - Started process (PID=22301) to work on /opt/anaconda3/envs/PyTorch/lib/python3.11/site-packages/airflow/example_dags/plugins/workday.py
[2025-01-15T12:03:56.930+0800] {processor.py:914} INFO - Processing file /opt/anaconda3/envs/PyTorch/lib/python3.11/site-packages/airflow/example_dags/plugins/workday.py for tasks to queue
[2025-01-15T12:03:56.930+0800] {logging_mixin.py:190} INFO - [2025-01-15T12:03:56.930+0800] {dagbag.py:588} INFO - Filling up the DagBag from /opt/anaconda3/envs/PyTorch/lib/python3.11/site-packages/airflow/example_dags/plugins/workday.py
[2025-01-15T12:03:57.137+0800] {processor.py:927} WARNING - No viable dags retrieved from /opt/anaconda3/envs/PyTorch/lib/python3.11/site-packages/airflow/example_dags/plugins/workday.py
[2025-01-15T12:03:57.169+0800] {processor.py:208} INFO - Processing /opt/anaconda3/envs/PyTorch/lib/python3.11/site-packages/airflow/example_dags/plugins/workday.py took 0.242 seconds
[2025-01-15T12:05:23.875+0800] {processor.py:186} INFO - Started process (PID=23086) to work on /opt/anaconda3/envs/PyTorch/lib/python3.11/site-packages/airflow/example_dags/plugins/workday.py
[2025-01-15T12:05:23.876+0800] {processor.py:914} INFO - Processing file /opt/anaconda3/envs/PyTorch/lib/python3.11/site-packages/airflow/example_dags/plugins/workday.py for tasks to queue
[2025-01-15T12:05:23.876+0800] {logging_mixin.py:190} INFO - [2025-01-15T12:05:23.876+0800] {dagbag.py:588} INFO - Filling up the DagBag from /opt/anaconda3/envs/PyTorch/lib/python3.11/site-packages/airflow/example_dags/plugins/workday.py
[2025-01-15T12:05:24.152+0800] {processor.py:927} WARNING - No viable dags retrieved from /opt/anaconda3/envs/PyTorch/lib/python3.11/site-packages/airflow/example_dags/plugins/workday.py
[2025-01-15T12:05:24.184+0800] {processor.py:208} INFO - Processing /opt/anaconda3/envs/PyTorch/lib/python3.11/site-packages/airflow/example_dags/plugins/workday.py took 0.310 seconds
[2025-01-15T12:06:49.907+0800] {processor.py:186} INFO - Started process (PID=23871) to work on /opt/anaconda3/envs/PyTorch/lib/python3.11/site-packages/airflow/example_dags/plugins/workday.py
[2025-01-15T12:06:49.908+0800] {processor.py:914} INFO - Processing file /opt/anaconda3/envs/PyTorch/lib/python3.11/site-packages/airflow/example_dags/plugins/workday.py for tasks to queue
[2025-01-15T12:06:49.909+0800] {logging_mixin.py:190} INFO - [2025-01-15T12:06:49.909+0800] {dagbag.py:588} INFO - Filling up the DagBag from /opt/anaconda3/envs/PyTorch/lib/python3.11/site-packages/airflow/example_dags/plugins/workday.py
[2025-01-15T12:06:50.156+0800] {processor.py:927} WARNING - No viable dags retrieved from /opt/anaconda3/envs/PyTorch/lib/python3.11/site-packages/airflow/example_dags/plugins/workday.py
[2025-01-15T12:06:50.188+0800] {processor.py:208} INFO - Processing /opt/anaconda3/envs/PyTorch/lib/python3.11/site-packages/airflow/example_dags/plugins/workday.py took 0.283 seconds
[2025-01-15T12:08:18.488+0800] {processor.py:186} INFO - Started process (PID=24674) to work on /opt/anaconda3/envs/PyTorch/lib/python3.11/site-packages/airflow/example_dags/plugins/workday.py
[2025-01-15T12:08:18.489+0800] {processor.py:914} INFO - Processing file /opt/anaconda3/envs/PyTorch/lib/python3.11/site-packages/airflow/example_dags/plugins/workday.py for tasks to queue
[2025-01-15T12:08:18.490+0800] {logging_mixin.py:190} INFO - [2025-01-15T12:08:18.490+0800] {dagbag.py:588} INFO - Filling up the DagBag from /opt/anaconda3/envs/PyTorch/lib/python3.11/site-packages/airflow/example_dags/plugins/workday.py
[2025-01-15T12:08:18.760+0800] {processor.py:927} WARNING - No viable dags retrieved from /opt/anaconda3/envs/PyTorch/lib/python3.11/site-packages/airflow/example_dags/plugins/workday.py
[2025-01-15T12:08:18.792+0800] {processor.py:208} INFO - Processing /opt/anaconda3/envs/PyTorch/lib/python3.11/site-packages/airflow/example_dags/plugins/workday.py took 0.306 seconds
[2025-01-15T12:09:46.887+0800] {processor.py:186} INFO - Started process (PID=25471) to work on /opt/anaconda3/envs/PyTorch/lib/python3.11/site-packages/airflow/example_dags/plugins/workday.py
[2025-01-15T12:09:46.888+0800] {processor.py:914} INFO - Processing file /opt/anaconda3/envs/PyTorch/lib/python3.11/site-packages/airflow/example_dags/plugins/workday.py for tasks to queue
[2025-01-15T12:09:46.889+0800] {logging_mixin.py:190} INFO - [2025-01-15T12:09:46.888+0800] {dagbag.py:588} INFO - Filling up the DagBag from /opt/anaconda3/envs/PyTorch/lib/python3.11/site-packages/airflow/example_dags/plugins/workday.py
[2025-01-15T12:09:47.146+0800] {processor.py:927} WARNING - No viable dags retrieved from /opt/anaconda3/envs/PyTorch/lib/python3.11/site-packages/airflow/example_dags/plugins/workday.py
[2025-01-15T12:09:47.179+0800] {processor.py:208} INFO - Processing /opt/anaconda3/envs/PyTorch/lib/python3.11/site-packages/airflow/example_dags/plugins/workday.py took 0.293 seconds
[2025-01-15T12:11:15.249+0800] {processor.py:186} INFO - Started process (PID=26259) to work on /opt/anaconda3/envs/PyTorch/lib/python3.11/site-packages/airflow/example_dags/plugins/workday.py
[2025-01-15T12:11:15.250+0800] {processor.py:914} INFO - Processing file /opt/anaconda3/envs/PyTorch/lib/python3.11/site-packages/airflow/example_dags/plugins/workday.py for tasks to queue
[2025-01-15T12:11:15.251+0800] {logging_mixin.py:190} INFO - [2025-01-15T12:11:15.251+0800] {dagbag.py:588} INFO - Filling up the DagBag from /opt/anaconda3/envs/PyTorch/lib/python3.11/site-packages/airflow/example_dags/plugins/workday.py
[2025-01-15T12:11:15.524+0800] {processor.py:927} WARNING - No viable dags retrieved from /opt/anaconda3/envs/PyTorch/lib/python3.11/site-packages/airflow/example_dags/plugins/workday.py
[2025-01-15T12:11:15.558+0800] {processor.py:208} INFO - Processing /opt/anaconda3/envs/PyTorch/lib/python3.11/site-packages/airflow/example_dags/plugins/workday.py took 0.311 seconds
[2025-01-15T12:12:43.677+0800] {processor.py:186} INFO - Started process (PID=27071) to work on /opt/anaconda3/envs/PyTorch/lib/python3.11/site-packages/airflow/example_dags/plugins/workday.py
[2025-01-15T12:12:43.678+0800] {processor.py:914} INFO - Processing file /opt/anaconda3/envs/PyTorch/lib/python3.11/site-packages/airflow/example_dags/plugins/workday.py for tasks to queue
[2025-01-15T12:12:43.679+0800] {logging_mixin.py:190} INFO - [2025-01-15T12:12:43.678+0800] {dagbag.py:588} INFO - Filling up the DagBag from /opt/anaconda3/envs/PyTorch/lib/python3.11/site-packages/airflow/example_dags/plugins/workday.py
[2025-01-15T12:12:43.913+0800] {processor.py:927} WARNING - No viable dags retrieved from /opt/anaconda3/envs/PyTorch/lib/python3.11/site-packages/airflow/example_dags/plugins/workday.py
[2025-01-15T12:12:43.945+0800] {processor.py:208} INFO - Processing /opt/anaconda3/envs/PyTorch/lib/python3.11/site-packages/airflow/example_dags/plugins/workday.py took 0.271 seconds
[2025-01-15T12:14:11.443+0800] {processor.py:186} INFO - Started process (PID=27827) to work on /opt/anaconda3/envs/PyTorch/lib/python3.11/site-packages/airflow/example_dags/plugins/workday.py
[2025-01-15T12:14:11.443+0800] {processor.py:914} INFO - Processing file /opt/anaconda3/envs/PyTorch/lib/python3.11/site-packages/airflow/example_dags/plugins/workday.py for tasks to queue
[2025-01-15T12:14:11.444+0800] {logging_mixin.py:190} INFO - [2025-01-15T12:14:11.444+0800] {dagbag.py:588} INFO - Filling up the DagBag from /opt/anaconda3/envs/PyTorch/lib/python3.11/site-packages/airflow/example_dags/plugins/workday.py
[2025-01-15T12:14:11.680+0800] {processor.py:927} WARNING - No viable dags retrieved from /opt/anaconda3/envs/PyTorch/lib/python3.11/site-packages/airflow/example_dags/plugins/workday.py
[2025-01-15T12:14:11.714+0800] {processor.py:208} INFO - Processing /opt/anaconda3/envs/PyTorch/lib/python3.11/site-packages/airflow/example_dags/plugins/workday.py took 0.273 seconds
[2025-01-15T12:15:39.841+0800] {processor.py:186} INFO - Started process (PID=28602) to work on /opt/anaconda3/envs/PyTorch/lib/python3.11/site-packages/airflow/example_dags/plugins/workday.py
[2025-01-15T12:15:39.842+0800] {processor.py:914} INFO - Processing file /opt/anaconda3/envs/PyTorch/lib/python3.11/site-packages/airflow/example_dags/plugins/workday.py for tasks to queue
[2025-01-15T12:15:39.842+0800] {logging_mixin.py:190} INFO - [2025-01-15T12:15:39.842+0800] {dagbag.py:588} INFO - Filling up the DagBag from /opt/anaconda3/envs/PyTorch/lib/python3.11/site-packages/airflow/example_dags/plugins/workday.py
[2025-01-15T12:15:40.106+0800] {processor.py:927} WARNING - No viable dags retrieved from /opt/anaconda3/envs/PyTorch/lib/python3.11/site-packages/airflow/example_dags/plugins/workday.py
[2025-01-15T12:15:40.138+0800] {processor.py:208} INFO - Processing /opt/anaconda3/envs/PyTorch/lib/python3.11/site-packages/airflow/example_dags/plugins/workday.py took 0.299 seconds
[2025-01-15T12:17:09.236+0800] {processor.py:186} INFO - Started process (PID=29422) to work on /opt/anaconda3/envs/PyTorch/lib/python3.11/site-packages/airflow/example_dags/plugins/workday.py
[2025-01-15T12:17:09.238+0800] {processor.py:914} INFO - Processing file /opt/anaconda3/envs/PyTorch/lib/python3.11/site-packages/airflow/example_dags/plugins/workday.py for tasks to queue
[2025-01-15T12:17:09.238+0800] {logging_mixin.py:190} INFO - [2025-01-15T12:17:09.238+0800] {dagbag.py:588} INFO - Filling up the DagBag from /opt/anaconda3/envs/PyTorch/lib/python3.11/site-packages/airflow/example_dags/plugins/workday.py
[2025-01-15T12:17:09.503+0800] {processor.py:927} WARNING - No viable dags retrieved from /opt/anaconda3/envs/PyTorch/lib/python3.11/site-packages/airflow/example_dags/plugins/workday.py
[2025-01-15T12:17:09.536+0800] {processor.py:208} INFO - Processing /opt/anaconda3/envs/PyTorch/lib/python3.11/site-packages/airflow/example_dags/plugins/workday.py took 0.301 seconds
[2025-01-15T12:18:37.288+0800] {processor.py:186} INFO - Started process (PID=30212) to work on /opt/anaconda3/envs/PyTorch/lib/python3.11/site-packages/airflow/example_dags/plugins/workday.py
[2025-01-15T12:18:37.289+0800] {processor.py:914} INFO - Processing file /opt/anaconda3/envs/PyTorch/lib/python3.11/site-packages/airflow/example_dags/plugins/workday.py for tasks to queue
[2025-01-15T12:18:37.290+0800] {logging_mixin.py:190} INFO - [2025-01-15T12:18:37.290+0800] {dagbag.py:588} INFO - Filling up the DagBag from /opt/anaconda3/envs/PyTorch/lib/python3.11/site-packages/airflow/example_dags/plugins/workday.py
[2025-01-15T12:18:37.562+0800] {processor.py:927} WARNING - No viable dags retrieved from /opt/anaconda3/envs/PyTorch/lib/python3.11/site-packages/airflow/example_dags/plugins/workday.py
[2025-01-15T12:18:37.595+0800] {processor.py:208} INFO - Processing /opt/anaconda3/envs/PyTorch/lib/python3.11/site-packages/airflow/example_dags/plugins/workday.py took 0.309 seconds
[2025-01-15T12:20:05.778+0800] {processor.py:186} INFO - Started process (PID=30985) to work on /opt/anaconda3/envs/PyTorch/lib/python3.11/site-packages/airflow/example_dags/plugins/workday.py
[2025-01-15T12:20:05.780+0800] {processor.py:914} INFO - Processing file /opt/anaconda3/envs/PyTorch/lib/python3.11/site-packages/airflow/example_dags/plugins/workday.py for tasks to queue
[2025-01-15T12:20:05.780+0800] {logging_mixin.py:190} INFO - [2025-01-15T12:20:05.780+0800] {dagbag.py:588} INFO - Filling up the DagBag from /opt/anaconda3/envs/PyTorch/lib/python3.11/site-packages/airflow/example_dags/plugins/workday.py
[2025-01-15T12:20:06.061+0800] {processor.py:927} WARNING - No viable dags retrieved from /opt/anaconda3/envs/PyTorch/lib/python3.11/site-packages/airflow/example_dags/plugins/workday.py
[2025-01-15T12:20:06.093+0800] {processor.py:208} INFO - Processing /opt/anaconda3/envs/PyTorch/lib/python3.11/site-packages/airflow/example_dags/plugins/workday.py took 0.316 seconds
[2025-01-15T12:21:35.390+0800] {processor.py:186} INFO - Started process (PID=31771) to work on /opt/anaconda3/envs/PyTorch/lib/python3.11/site-packages/airflow/example_dags/plugins/workday.py
[2025-01-15T12:21:35.391+0800] {processor.py:914} INFO - Processing file /opt/anaconda3/envs/PyTorch/lib/python3.11/site-packages/airflow/example_dags/plugins/workday.py for tasks to queue
[2025-01-15T12:21:35.392+0800] {logging_mixin.py:190} INFO - [2025-01-15T12:21:35.392+0800] {dagbag.py:588} INFO - Filling up the DagBag from /opt/anaconda3/envs/PyTorch/lib/python3.11/site-packages/airflow/example_dags/plugins/workday.py
[2025-01-15T12:21:35.605+0800] {processor.py:927} WARNING - No viable dags retrieved from /opt/anaconda3/envs/PyTorch/lib/python3.11/site-packages/airflow/example_dags/plugins/workday.py
[2025-01-15T12:21:35.637+0800] {processor.py:208} INFO - Processing /opt/anaconda3/envs/PyTorch/lib/python3.11/site-packages/airflow/example_dags/plugins/workday.py took 0.250 seconds
[2025-01-15T12:23:10.470+0800] {processor.py:186} INFO - Started process (PID=32592) to work on /opt/anaconda3/envs/PyTorch/lib/python3.11/site-packages/airflow/example_dags/plugins/workday.py
[2025-01-15T12:23:10.471+0800] {processor.py:914} INFO - Processing file /opt/anaconda3/envs/PyTorch/lib/python3.11/site-packages/airflow/example_dags/plugins/workday.py for tasks to queue
[2025-01-15T12:23:10.472+0800] {logging_mixin.py:190} INFO - [2025-01-15T12:23:10.472+0800] {dagbag.py:588} INFO - Filling up the DagBag from /opt/anaconda3/envs/PyTorch/lib/python3.11/site-packages/airflow/example_dags/plugins/workday.py
[2025-01-15T12:23:10.679+0800] {processor.py:927} WARNING - No viable dags retrieved from /opt/anaconda3/envs/PyTorch/lib/python3.11/site-packages/airflow/example_dags/plugins/workday.py
[2025-01-15T12:23:10.710+0800] {processor.py:208} INFO - Processing /opt/anaconda3/envs/PyTorch/lib/python3.11/site-packages/airflow/example_dags/plugins/workday.py took 0.242 seconds
[2025-01-15T12:24:41.730+0800] {processor.py:186} INFO - Started process (PID=33401) to work on /opt/anaconda3/envs/PyTorch/lib/python3.11/site-packages/airflow/example_dags/plugins/workday.py
[2025-01-15T12:24:41.732+0800] {processor.py:914} INFO - Processing file /opt/anaconda3/envs/PyTorch/lib/python3.11/site-packages/airflow/example_dags/plugins/workday.py for tasks to queue
[2025-01-15T12:24:41.732+0800] {logging_mixin.py:190} INFO - [2025-01-15T12:24:41.732+0800] {dagbag.py:588} INFO - Filling up the DagBag from /opt/anaconda3/envs/PyTorch/lib/python3.11/site-packages/airflow/example_dags/plugins/workday.py
[2025-01-15T12:24:41.941+0800] {processor.py:927} WARNING - No viable dags retrieved from /opt/anaconda3/envs/PyTorch/lib/python3.11/site-packages/airflow/example_dags/plugins/workday.py
[2025-01-15T12:24:41.973+0800] {processor.py:208} INFO - Processing /opt/anaconda3/envs/PyTorch/lib/python3.11/site-packages/airflow/example_dags/plugins/workday.py took 0.244 seconds
[2025-01-15T12:26:09.616+0800] {processor.py:186} INFO - Started process (PID=34183) to work on /opt/anaconda3/envs/PyTorch/lib/python3.11/site-packages/airflow/example_dags/plugins/workday.py
[2025-01-15T12:26:09.619+0800] {processor.py:914} INFO - Processing file /opt/anaconda3/envs/PyTorch/lib/python3.11/site-packages/airflow/example_dags/plugins/workday.py for tasks to queue
[2025-01-15T12:26:09.620+0800] {logging_mixin.py:190} INFO - [2025-01-15T12:26:09.620+0800] {dagbag.py:588} INFO - Filling up the DagBag from /opt/anaconda3/envs/PyTorch/lib/python3.11/site-packages/airflow/example_dags/plugins/workday.py
[2025-01-15T12:26:09.880+0800] {processor.py:927} WARNING - No viable dags retrieved from /opt/anaconda3/envs/PyTorch/lib/python3.11/site-packages/airflow/example_dags/plugins/workday.py
[2025-01-15T12:26:09.917+0800] {processor.py:208} INFO - Processing /opt/anaconda3/envs/PyTorch/lib/python3.11/site-packages/airflow/example_dags/plugins/workday.py took 0.302 seconds
[2025-01-15T12:27:37.129+0800] {processor.py:186} INFO - Started process (PID=34965) to work on /opt/anaconda3/envs/PyTorch/lib/python3.11/site-packages/airflow/example_dags/plugins/workday.py
[2025-01-15T12:27:37.130+0800] {processor.py:914} INFO - Processing file /opt/anaconda3/envs/PyTorch/lib/python3.11/site-packages/airflow/example_dags/plugins/workday.py for tasks to queue
[2025-01-15T12:27:37.131+0800] {logging_mixin.py:190} INFO - [2025-01-15T12:27:37.131+0800] {dagbag.py:588} INFO - Filling up the DagBag from /opt/anaconda3/envs/PyTorch/lib/python3.11/site-packages/airflow/example_dags/plugins/workday.py
[2025-01-15T12:27:37.389+0800] {processor.py:927} WARNING - No viable dags retrieved from /opt/anaconda3/envs/PyTorch/lib/python3.11/site-packages/airflow/example_dags/plugins/workday.py
[2025-01-15T12:27:37.422+0800] {processor.py:208} INFO - Processing /opt/anaconda3/envs/PyTorch/lib/python3.11/site-packages/airflow/example_dags/plugins/workday.py took 0.294 seconds
[2025-01-15T12:29:06.051+0800] {processor.py:186} INFO - Started process (PID=35728) to work on /opt/anaconda3/envs/PyTorch/lib/python3.11/site-packages/airflow/example_dags/plugins/workday.py
[2025-01-15T12:29:06.053+0800] {processor.py:914} INFO - Processing file /opt/anaconda3/envs/PyTorch/lib/python3.11/site-packages/airflow/example_dags/plugins/workday.py for tasks to queue
[2025-01-15T12:29:06.053+0800] {logging_mixin.py:190} INFO - [2025-01-15T12:29:06.053+0800] {dagbag.py:588} INFO - Filling up the DagBag from /opt/anaconda3/envs/PyTorch/lib/python3.11/site-packages/airflow/example_dags/plugins/workday.py
[2025-01-15T12:29:06.270+0800] {processor.py:927} WARNING - No viable dags retrieved from /opt/anaconda3/envs/PyTorch/lib/python3.11/site-packages/airflow/example_dags/plugins/workday.py
[2025-01-15T12:29:06.302+0800] {processor.py:208} INFO - Processing /opt/anaconda3/envs/PyTorch/lib/python3.11/site-packages/airflow/example_dags/plugins/workday.py took 0.252 seconds
[2025-01-15T12:30:34.528+0800] {processor.py:186} INFO - Started process (PID=36519) to work on /opt/anaconda3/envs/PyTorch/lib/python3.11/site-packages/airflow/example_dags/plugins/workday.py
[2025-01-15T12:30:34.529+0800] {processor.py:914} INFO - Processing file /opt/anaconda3/envs/PyTorch/lib/python3.11/site-packages/airflow/example_dags/plugins/workday.py for tasks to queue
[2025-01-15T12:30:34.530+0800] {logging_mixin.py:190} INFO - [2025-01-15T12:30:34.529+0800] {dagbag.py:588} INFO - Filling up the DagBag from /opt/anaconda3/envs/PyTorch/lib/python3.11/site-packages/airflow/example_dags/plugins/workday.py
[2025-01-15T12:30:34.736+0800] {processor.py:927} WARNING - No viable dags retrieved from /opt/anaconda3/envs/PyTorch/lib/python3.11/site-packages/airflow/example_dags/plugins/workday.py
[2025-01-15T12:30:34.767+0800] {processor.py:208} INFO - Processing /opt/anaconda3/envs/PyTorch/lib/python3.11/site-packages/airflow/example_dags/plugins/workday.py took 0.241 seconds
[2025-01-15T12:32:01.912+0800] {processor.py:186} INFO - Started process (PID=37267) to work on /opt/anaconda3/envs/PyTorch/lib/python3.11/site-packages/airflow/example_dags/plugins/workday.py
[2025-01-15T12:32:01.913+0800] {processor.py:914} INFO - Processing file /opt/anaconda3/envs/PyTorch/lib/python3.11/site-packages/airflow/example_dags/plugins/workday.py for tasks to queue
[2025-01-15T12:32:01.913+0800] {logging_mixin.py:190} INFO - [2025-01-15T12:32:01.913+0800] {dagbag.py:588} INFO - Filling up the DagBag from /opt/anaconda3/envs/PyTorch/lib/python3.11/site-packages/airflow/example_dags/plugins/workday.py
[2025-01-15T12:32:02.126+0800] {processor.py:927} WARNING - No viable dags retrieved from /opt/anaconda3/envs/PyTorch/lib/python3.11/site-packages/airflow/example_dags/plugins/workday.py
[2025-01-15T12:32:02.157+0800] {processor.py:208} INFO - Processing /opt/anaconda3/envs/PyTorch/lib/python3.11/site-packages/airflow/example_dags/plugins/workday.py took 0.247 seconds
[2025-01-15T12:33:30.144+0800] {processor.py:186} INFO - Started process (PID=38071) to work on /opt/anaconda3/envs/PyTorch/lib/python3.11/site-packages/airflow/example_dags/plugins/workday.py
[2025-01-15T12:33:30.145+0800] {processor.py:914} INFO - Processing file /opt/anaconda3/envs/PyTorch/lib/python3.11/site-packages/airflow/example_dags/plugins/workday.py for tasks to queue
[2025-01-15T12:33:30.146+0800] {logging_mixin.py:190} INFO - [2025-01-15T12:33:30.146+0800] {dagbag.py:588} INFO - Filling up the DagBag from /opt/anaconda3/envs/PyTorch/lib/python3.11/site-packages/airflow/example_dags/plugins/workday.py
[2025-01-15T12:33:30.412+0800] {processor.py:927} WARNING - No viable dags retrieved from /opt/anaconda3/envs/PyTorch/lib/python3.11/site-packages/airflow/example_dags/plugins/workday.py
[2025-01-15T12:33:30.445+0800] {processor.py:208} INFO - Processing /opt/anaconda3/envs/PyTorch/lib/python3.11/site-packages/airflow/example_dags/plugins/workday.py took 0.303 seconds
[2025-01-15T12:34:58.031+0800] {processor.py:186} INFO - Started process (PID=38835) to work on /opt/anaconda3/envs/PyTorch/lib/python3.11/site-packages/airflow/example_dags/plugins/workday.py
[2025-01-15T12:34:58.032+0800] {processor.py:914} INFO - Processing file /opt/anaconda3/envs/PyTorch/lib/python3.11/site-packages/airflow/example_dags/plugins/workday.py for tasks to queue
[2025-01-15T12:34:58.032+0800] {logging_mixin.py:190} INFO - [2025-01-15T12:34:58.032+0800] {dagbag.py:588} INFO - Filling up the DagBag from /opt/anaconda3/envs/PyTorch/lib/python3.11/site-packages/airflow/example_dags/plugins/workday.py
[2025-01-15T12:34:58.298+0800] {processor.py:927} WARNING - No viable dags retrieved from /opt/anaconda3/envs/PyTorch/lib/python3.11/site-packages/airflow/example_dags/plugins/workday.py
[2025-01-15T12:34:58.332+0800] {processor.py:208} INFO - Processing /opt/anaconda3/envs/PyTorch/lib/python3.11/site-packages/airflow/example_dags/plugins/workday.py took 0.303 seconds
[2025-01-15T12:36:28.181+0800] {processor.py:186} INFO - Started process (PID=39624) to work on /opt/anaconda3/envs/PyTorch/lib/python3.11/site-packages/airflow/example_dags/plugins/workday.py
[2025-01-15T12:36:28.182+0800] {processor.py:914} INFO - Processing file /opt/anaconda3/envs/PyTorch/lib/python3.11/site-packages/airflow/example_dags/plugins/workday.py for tasks to queue
[2025-01-15T12:36:28.183+0800] {logging_mixin.py:190} INFO - [2025-01-15T12:36:28.183+0800] {dagbag.py:588} INFO - Filling up the DagBag from /opt/anaconda3/envs/PyTorch/lib/python3.11/site-packages/airflow/example_dags/plugins/workday.py
[2025-01-15T12:36:28.387+0800] {processor.py:927} WARNING - No viable dags retrieved from /opt/anaconda3/envs/PyTorch/lib/python3.11/site-packages/airflow/example_dags/plugins/workday.py
[2025-01-15T12:36:28.419+0800] {processor.py:208} INFO - Processing /opt/anaconda3/envs/PyTorch/lib/python3.11/site-packages/airflow/example_dags/plugins/workday.py took 0.240 seconds
[2025-01-15T12:37:56.729+0800] {processor.py:186} INFO - Started process (PID=40396) to work on /opt/anaconda3/envs/PyTorch/lib/python3.11/site-packages/airflow/example_dags/plugins/workday.py
[2025-01-15T12:37:56.729+0800] {processor.py:914} INFO - Processing file /opt/anaconda3/envs/PyTorch/lib/python3.11/site-packages/airflow/example_dags/plugins/workday.py for tasks to queue
[2025-01-15T12:37:56.730+0800] {logging_mixin.py:190} INFO - [2025-01-15T12:37:56.730+0800] {dagbag.py:588} INFO - Filling up the DagBag from /opt/anaconda3/envs/PyTorch/lib/python3.11/site-packages/airflow/example_dags/plugins/workday.py
[2025-01-15T12:37:56.947+0800] {processor.py:927} WARNING - No viable dags retrieved from /opt/anaconda3/envs/PyTorch/lib/python3.11/site-packages/airflow/example_dags/plugins/workday.py
[2025-01-15T12:37:56.979+0800] {processor.py:208} INFO - Processing /opt/anaconda3/envs/PyTorch/lib/python3.11/site-packages/airflow/example_dags/plugins/workday.py took 0.251 seconds
[2025-01-15T12:39:24.526+0800] {processor.py:186} INFO - Started process (PID=41190) to work on /opt/anaconda3/envs/PyTorch/lib/python3.11/site-packages/airflow/example_dags/plugins/workday.py
[2025-01-15T12:39:24.527+0800] {processor.py:914} INFO - Processing file /opt/anaconda3/envs/PyTorch/lib/python3.11/site-packages/airflow/example_dags/plugins/workday.py for tasks to queue
[2025-01-15T12:39:24.528+0800] {logging_mixin.py:190} INFO - [2025-01-15T12:39:24.528+0800] {dagbag.py:588} INFO - Filling up the DagBag from /opt/anaconda3/envs/PyTorch/lib/python3.11/site-packages/airflow/example_dags/plugins/workday.py
[2025-01-15T12:39:24.750+0800] {processor.py:927} WARNING - No viable dags retrieved from /opt/anaconda3/envs/PyTorch/lib/python3.11/site-packages/airflow/example_dags/plugins/workday.py
[2025-01-15T12:39:24.782+0800] {processor.py:208} INFO - Processing /opt/anaconda3/envs/PyTorch/lib/python3.11/site-packages/airflow/example_dags/plugins/workday.py took 0.257 seconds
[2025-01-15T12:40:51.293+0800] {processor.py:186} INFO - Started process (PID=41957) to work on /opt/anaconda3/envs/PyTorch/lib/python3.11/site-packages/airflow/example_dags/plugins/workday.py
[2025-01-15T12:40:51.295+0800] {processor.py:914} INFO - Processing file /opt/anaconda3/envs/PyTorch/lib/python3.11/site-packages/airflow/example_dags/plugins/workday.py for tasks to queue
[2025-01-15T12:40:51.295+0800] {logging_mixin.py:190} INFO - [2025-01-15T12:40:51.295+0800] {dagbag.py:588} INFO - Filling up the DagBag from /opt/anaconda3/envs/PyTorch/lib/python3.11/site-packages/airflow/example_dags/plugins/workday.py
[2025-01-15T12:40:51.611+0800] {processor.py:927} WARNING - No viable dags retrieved from /opt/anaconda3/envs/PyTorch/lib/python3.11/site-packages/airflow/example_dags/plugins/workday.py
[2025-01-15T12:40:51.645+0800] {processor.py:208} INFO - Processing /opt/anaconda3/envs/PyTorch/lib/python3.11/site-packages/airflow/example_dags/plugins/workday.py took 0.354 seconds
[2025-01-15T12:42:22.133+0800] {processor.py:186} INFO - Started process (PID=42788) to work on /opt/anaconda3/envs/PyTorch/lib/python3.11/site-packages/airflow/example_dags/plugins/workday.py
[2025-01-15T12:42:22.135+0800] {processor.py:914} INFO - Processing file /opt/anaconda3/envs/PyTorch/lib/python3.11/site-packages/airflow/example_dags/plugins/workday.py for tasks to queue
[2025-01-15T12:42:22.135+0800] {logging_mixin.py:190} INFO - [2025-01-15T12:42:22.135+0800] {dagbag.py:588} INFO - Filling up the DagBag from /opt/anaconda3/envs/PyTorch/lib/python3.11/site-packages/airflow/example_dags/plugins/workday.py
[2025-01-15T12:42:22.341+0800] {processor.py:927} WARNING - No viable dags retrieved from /opt/anaconda3/envs/PyTorch/lib/python3.11/site-packages/airflow/example_dags/plugins/workday.py
[2025-01-15T12:42:22.373+0800] {processor.py:208} INFO - Processing /opt/anaconda3/envs/PyTorch/lib/python3.11/site-packages/airflow/example_dags/plugins/workday.py took 0.241 seconds
[2025-01-15T12:43:50.606+0800] {processor.py:186} INFO - Started process (PID=43564) to work on /opt/anaconda3/envs/PyTorch/lib/python3.11/site-packages/airflow/example_dags/plugins/workday.py
[2025-01-15T12:43:50.607+0800] {processor.py:914} INFO - Processing file /opt/anaconda3/envs/PyTorch/lib/python3.11/site-packages/airflow/example_dags/plugins/workday.py for tasks to queue
[2025-01-15T12:43:50.608+0800] {logging_mixin.py:190} INFO - [2025-01-15T12:43:50.608+0800] {dagbag.py:588} INFO - Filling up the DagBag from /opt/anaconda3/envs/PyTorch/lib/python3.11/site-packages/airflow/example_dags/plugins/workday.py
[2025-01-15T12:43:50.870+0800] {processor.py:927} WARNING - No viable dags retrieved from /opt/anaconda3/envs/PyTorch/lib/python3.11/site-packages/airflow/example_dags/plugins/workday.py
[2025-01-15T12:43:50.902+0800] {processor.py:208} INFO - Processing /opt/anaconda3/envs/PyTorch/lib/python3.11/site-packages/airflow/example_dags/plugins/workday.py took 0.297 seconds
[2025-01-15T12:45:21.958+0800] {processor.py:186} INFO - Started process (PID=44403) to work on /opt/anaconda3/envs/PyTorch/lib/python3.11/site-packages/airflow/example_dags/plugins/workday.py
[2025-01-15T12:45:21.959+0800] {processor.py:914} INFO - Processing file /opt/anaconda3/envs/PyTorch/lib/python3.11/site-packages/airflow/example_dags/plugins/workday.py for tasks to queue
[2025-01-15T12:45:21.959+0800] {logging_mixin.py:190} INFO - [2025-01-15T12:45:21.959+0800] {dagbag.py:588} INFO - Filling up the DagBag from /opt/anaconda3/envs/PyTorch/lib/python3.11/site-packages/airflow/example_dags/plugins/workday.py
[2025-01-15T12:45:22.238+0800] {processor.py:927} WARNING - No viable dags retrieved from /opt/anaconda3/envs/PyTorch/lib/python3.11/site-packages/airflow/example_dags/plugins/workday.py
[2025-01-15T12:45:22.273+0800] {processor.py:208} INFO - Processing /opt/anaconda3/envs/PyTorch/lib/python3.11/site-packages/airflow/example_dags/plugins/workday.py took 0.317 seconds
[2025-01-15T12:46:52.973+0800] {processor.py:186} INFO - Started process (PID=45246) to work on /opt/anaconda3/envs/PyTorch/lib/python3.11/site-packages/airflow/example_dags/plugins/workday.py
[2025-01-15T12:46:52.974+0800] {processor.py:914} INFO - Processing file /opt/anaconda3/envs/PyTorch/lib/python3.11/site-packages/airflow/example_dags/plugins/workday.py for tasks to queue
[2025-01-15T12:46:52.975+0800] {logging_mixin.py:190} INFO - [2025-01-15T12:46:52.975+0800] {dagbag.py:588} INFO - Filling up the DagBag from /opt/anaconda3/envs/PyTorch/lib/python3.11/site-packages/airflow/example_dags/plugins/workday.py
[2025-01-15T12:46:53.275+0800] {processor.py:927} WARNING - No viable dags retrieved from /opt/anaconda3/envs/PyTorch/lib/python3.11/site-packages/airflow/example_dags/plugins/workday.py
[2025-01-15T12:46:53.307+0800] {processor.py:208} INFO - Processing /opt/anaconda3/envs/PyTorch/lib/python3.11/site-packages/airflow/example_dags/plugins/workday.py took 0.336 seconds
[2025-01-15T12:48:20.241+0800] {processor.py:186} INFO - Started process (PID=46009) to work on /opt/anaconda3/envs/PyTorch/lib/python3.11/site-packages/airflow/example_dags/plugins/workday.py
[2025-01-15T12:48:20.242+0800] {processor.py:914} INFO - Processing file /opt/anaconda3/envs/PyTorch/lib/python3.11/site-packages/airflow/example_dags/plugins/workday.py for tasks to queue
[2025-01-15T12:48:20.243+0800] {logging_mixin.py:190} INFO - [2025-01-15T12:48:20.243+0800] {dagbag.py:588} INFO - Filling up the DagBag from /opt/anaconda3/envs/PyTorch/lib/python3.11/site-packages/airflow/example_dags/plugins/workday.py
[2025-01-15T12:48:20.535+0800] {processor.py:927} WARNING - No viable dags retrieved from /opt/anaconda3/envs/PyTorch/lib/python3.11/site-packages/airflow/example_dags/plugins/workday.py
[2025-01-15T12:48:20.569+0800] {processor.py:208} INFO - Processing /opt/anaconda3/envs/PyTorch/lib/python3.11/site-packages/airflow/example_dags/plugins/workday.py took 0.329 seconds
[2025-01-15T12:49:49.787+0800] {processor.py:186} INFO - Started process (PID=46833) to work on /opt/anaconda3/envs/PyTorch/lib/python3.11/site-packages/airflow/example_dags/plugins/workday.py
[2025-01-15T12:49:49.788+0800] {processor.py:914} INFO - Processing file /opt/anaconda3/envs/PyTorch/lib/python3.11/site-packages/airflow/example_dags/plugins/workday.py for tasks to queue
[2025-01-15T12:49:49.788+0800] {logging_mixin.py:190} INFO - [2025-01-15T12:49:49.788+0800] {dagbag.py:588} INFO - Filling up the DagBag from /opt/anaconda3/envs/PyTorch/lib/python3.11/site-packages/airflow/example_dags/plugins/workday.py
[2025-01-15T12:49:50.049+0800] {processor.py:927} WARNING - No viable dags retrieved from /opt/anaconda3/envs/PyTorch/lib/python3.11/site-packages/airflow/example_dags/plugins/workday.py
[2025-01-15T12:49:50.081+0800] {processor.py:208} INFO - Processing /opt/anaconda3/envs/PyTorch/lib/python3.11/site-packages/airflow/example_dags/plugins/workday.py took 0.295 seconds
[2025-01-15T12:51:22.120+0800] {processor.py:186} INFO - Started process (PID=47642) to work on /opt/anaconda3/envs/PyTorch/lib/python3.11/site-packages/airflow/example_dags/plugins/workday.py
[2025-01-15T12:51:22.121+0800] {processor.py:914} INFO - Processing file /opt/anaconda3/envs/PyTorch/lib/python3.11/site-packages/airflow/example_dags/plugins/workday.py for tasks to queue
[2025-01-15T12:51:22.122+0800] {logging_mixin.py:190} INFO - [2025-01-15T12:51:22.122+0800] {dagbag.py:588} INFO - Filling up the DagBag from /opt/anaconda3/envs/PyTorch/lib/python3.11/site-packages/airflow/example_dags/plugins/workday.py
[2025-01-15T12:51:22.332+0800] {processor.py:927} WARNING - No viable dags retrieved from /opt/anaconda3/envs/PyTorch/lib/python3.11/site-packages/airflow/example_dags/plugins/workday.py
[2025-01-15T12:51:22.364+0800] {processor.py:208} INFO - Processing /opt/anaconda3/envs/PyTorch/lib/python3.11/site-packages/airflow/example_dags/plugins/workday.py took 0.245 seconds
[2025-01-15T12:52:50.178+0800] {processor.py:186} INFO - Started process (PID=48404) to work on /opt/anaconda3/envs/PyTorch/lib/python3.11/site-packages/airflow/example_dags/plugins/workday.py
[2025-01-15T12:52:50.180+0800] {processor.py:914} INFO - Processing file /opt/anaconda3/envs/PyTorch/lib/python3.11/site-packages/airflow/example_dags/plugins/workday.py for tasks to queue
[2025-01-15T12:52:50.180+0800] {logging_mixin.py:190} INFO - [2025-01-15T12:52:50.180+0800] {dagbag.py:588} INFO - Filling up the DagBag from /opt/anaconda3/envs/PyTorch/lib/python3.11/site-packages/airflow/example_dags/plugins/workday.py
[2025-01-15T12:52:50.767+0800] {processor.py:927} WARNING - No viable dags retrieved from /opt/anaconda3/envs/PyTorch/lib/python3.11/site-packages/airflow/example_dags/plugins/workday.py
[2025-01-15T12:52:50.803+0800] {processor.py:208} INFO - Processing /opt/anaconda3/envs/PyTorch/lib/python3.11/site-packages/airflow/example_dags/plugins/workday.py took 0.627 seconds
[2025-01-15T12:54:20.945+0800] {processor.py:186} INFO - Started process (PID=49233) to work on /opt/anaconda3/envs/PyTorch/lib/python3.11/site-packages/airflow/example_dags/plugins/workday.py
[2025-01-15T12:54:20.947+0800] {processor.py:914} INFO - Processing file /opt/anaconda3/envs/PyTorch/lib/python3.11/site-packages/airflow/example_dags/plugins/workday.py for tasks to queue
[2025-01-15T12:54:20.947+0800] {logging_mixin.py:190} INFO - [2025-01-15T12:54:20.947+0800] {dagbag.py:588} INFO - Filling up the DagBag from /opt/anaconda3/envs/PyTorch/lib/python3.11/site-packages/airflow/example_dags/plugins/workday.py
[2025-01-15T12:54:21.214+0800] {processor.py:927} WARNING - No viable dags retrieved from /opt/anaconda3/envs/PyTorch/lib/python3.11/site-packages/airflow/example_dags/plugins/workday.py
[2025-01-15T12:54:21.247+0800] {processor.py:208} INFO - Processing /opt/anaconda3/envs/PyTorch/lib/python3.11/site-packages/airflow/example_dags/plugins/workday.py took 0.303 seconds
[2025-01-15T12:55:53.710+0800] {processor.py:186} INFO - Started process (PID=50095) to work on /opt/anaconda3/envs/PyTorch/lib/python3.11/site-packages/airflow/example_dags/plugins/workday.py
[2025-01-15T12:55:53.711+0800] {processor.py:914} INFO - Processing file /opt/anaconda3/envs/PyTorch/lib/python3.11/site-packages/airflow/example_dags/plugins/workday.py for tasks to queue
[2025-01-15T12:55:53.712+0800] {logging_mixin.py:190} INFO - [2025-01-15T12:55:53.711+0800] {dagbag.py:588} INFO - Filling up the DagBag from /opt/anaconda3/envs/PyTorch/lib/python3.11/site-packages/airflow/example_dags/plugins/workday.py
[2025-01-15T12:55:53.922+0800] {processor.py:927} WARNING - No viable dags retrieved from /opt/anaconda3/envs/PyTorch/lib/python3.11/site-packages/airflow/example_dags/plugins/workday.py
[2025-01-15T12:55:53.954+0800] {processor.py:208} INFO - Processing /opt/anaconda3/envs/PyTorch/lib/python3.11/site-packages/airflow/example_dags/plugins/workday.py took 0.246 seconds
[2025-01-15T12:57:25.296+0800] {processor.py:186} INFO - Started process (PID=50905) to work on /opt/anaconda3/envs/PyTorch/lib/python3.11/site-packages/airflow/example_dags/plugins/workday.py
[2025-01-15T12:57:25.297+0800] {processor.py:914} INFO - Processing file /opt/anaconda3/envs/PyTorch/lib/python3.11/site-packages/airflow/example_dags/plugins/workday.py for tasks to queue
[2025-01-15T12:57:25.298+0800] {logging_mixin.py:190} INFO - [2025-01-15T12:57:25.298+0800] {dagbag.py:588} INFO - Filling up the DagBag from /opt/anaconda3/envs/PyTorch/lib/python3.11/site-packages/airflow/example_dags/plugins/workday.py
[2025-01-15T12:57:25.508+0800] {processor.py:927} WARNING - No viable dags retrieved from /opt/anaconda3/envs/PyTorch/lib/python3.11/site-packages/airflow/example_dags/plugins/workday.py
[2025-01-15T12:57:25.544+0800] {processor.py:208} INFO - Processing /opt/anaconda3/envs/PyTorch/lib/python3.11/site-packages/airflow/example_dags/plugins/workday.py took 0.249 seconds
[2025-01-15T12:58:55.222+0800] {processor.py:186} INFO - Started process (PID=51715) to work on /opt/anaconda3/envs/PyTorch/lib/python3.11/site-packages/airflow/example_dags/plugins/workday.py
[2025-01-15T12:58:55.223+0800] {processor.py:914} INFO - Processing file /opt/anaconda3/envs/PyTorch/lib/python3.11/site-packages/airflow/example_dags/plugins/workday.py for tasks to queue
[2025-01-15T12:58:55.224+0800] {logging_mixin.py:190} INFO - [2025-01-15T12:58:55.224+0800] {dagbag.py:588} INFO - Filling up the DagBag from /opt/anaconda3/envs/PyTorch/lib/python3.11/site-packages/airflow/example_dags/plugins/workday.py
[2025-01-15T12:58:55.512+0800] {processor.py:927} WARNING - No viable dags retrieved from /opt/anaconda3/envs/PyTorch/lib/python3.11/site-packages/airflow/example_dags/plugins/workday.py
[2025-01-15T12:58:55.549+0800] {processor.py:208} INFO - Processing /opt/anaconda3/envs/PyTorch/lib/python3.11/site-packages/airflow/example_dags/plugins/workday.py took 0.331 seconds
[2025-01-15T13:00:27.283+0800] {processor.py:186} INFO - Started process (PID=52559) to work on /opt/anaconda3/envs/PyTorch/lib/python3.11/site-packages/airflow/example_dags/plugins/workday.py
[2025-01-15T13:00:27.285+0800] {processor.py:914} INFO - Processing file /opt/anaconda3/envs/PyTorch/lib/python3.11/site-packages/airflow/example_dags/plugins/workday.py for tasks to queue
[2025-01-15T13:00:27.286+0800] {logging_mixin.py:190} INFO - [2025-01-15T13:00:27.285+0800] {dagbag.py:588} INFO - Filling up the DagBag from /opt/anaconda3/envs/PyTorch/lib/python3.11/site-packages/airflow/example_dags/plugins/workday.py
[2025-01-15T13:00:27.500+0800] {processor.py:927} WARNING - No viable dags retrieved from /opt/anaconda3/envs/PyTorch/lib/python3.11/site-packages/airflow/example_dags/plugins/workday.py
[2025-01-15T13:00:27.538+0800] {processor.py:208} INFO - Processing /opt/anaconda3/envs/PyTorch/lib/python3.11/site-packages/airflow/example_dags/plugins/workday.py took 0.257 seconds
[2025-01-15T13:01:57.330+0800] {processor.py:186} INFO - Started process (PID=53347) to work on /opt/anaconda3/envs/PyTorch/lib/python3.11/site-packages/airflow/example_dags/plugins/workday.py
[2025-01-15T13:01:57.331+0800] {processor.py:914} INFO - Processing file /opt/anaconda3/envs/PyTorch/lib/python3.11/site-packages/airflow/example_dags/plugins/workday.py for tasks to queue
[2025-01-15T13:01:57.331+0800] {logging_mixin.py:190} INFO - [2025-01-15T13:01:57.331+0800] {dagbag.py:588} INFO - Filling up the DagBag from /opt/anaconda3/envs/PyTorch/lib/python3.11/site-packages/airflow/example_dags/plugins/workday.py
[2025-01-15T13:01:57.608+0800] {processor.py:927} WARNING - No viable dags retrieved from /opt/anaconda3/envs/PyTorch/lib/python3.11/site-packages/airflow/example_dags/plugins/workday.py
[2025-01-15T13:01:57.642+0800] {processor.py:208} INFO - Processing /opt/anaconda3/envs/PyTorch/lib/python3.11/site-packages/airflow/example_dags/plugins/workday.py took 0.314 seconds
[2025-01-15T13:03:32.900+0800] {processor.py:186} INFO - Started process (PID=54206) to work on /opt/anaconda3/envs/PyTorch/lib/python3.11/site-packages/airflow/example_dags/plugins/workday.py
[2025-01-15T13:03:32.902+0800] {processor.py:914} INFO - Processing file /opt/anaconda3/envs/PyTorch/lib/python3.11/site-packages/airflow/example_dags/plugins/workday.py for tasks to queue
[2025-01-15T13:03:32.902+0800] {logging_mixin.py:190} INFO - [2025-01-15T13:03:32.902+0800] {dagbag.py:588} INFO - Filling up the DagBag from /opt/anaconda3/envs/PyTorch/lib/python3.11/site-packages/airflow/example_dags/plugins/workday.py
[2025-01-15T13:03:33.207+0800] {processor.py:927} WARNING - No viable dags retrieved from /opt/anaconda3/envs/PyTorch/lib/python3.11/site-packages/airflow/example_dags/plugins/workday.py
[2025-01-15T13:03:33.242+0800] {processor.py:208} INFO - Processing /opt/anaconda3/envs/PyTorch/lib/python3.11/site-packages/airflow/example_dags/plugins/workday.py took 0.344 seconds
[2025-01-15T13:05:08.649+0800] {processor.py:186} INFO - Started process (PID=55118) to work on /opt/anaconda3/envs/PyTorch/lib/python3.11/site-packages/airflow/example_dags/plugins/workday.py
[2025-01-15T13:05:08.650+0800] {processor.py:914} INFO - Processing file /opt/anaconda3/envs/PyTorch/lib/python3.11/site-packages/airflow/example_dags/plugins/workday.py for tasks to queue
[2025-01-15T13:05:08.650+0800] {logging_mixin.py:190} INFO - [2025-01-15T13:05:08.650+0800] {dagbag.py:588} INFO - Filling up the DagBag from /opt/anaconda3/envs/PyTorch/lib/python3.11/site-packages/airflow/example_dags/plugins/workday.py
[2025-01-15T13:05:08.910+0800] {processor.py:927} WARNING - No viable dags retrieved from /opt/anaconda3/envs/PyTorch/lib/python3.11/site-packages/airflow/example_dags/plugins/workday.py
[2025-01-15T13:05:08.947+0800] {processor.py:208} INFO - Processing /opt/anaconda3/envs/PyTorch/lib/python3.11/site-packages/airflow/example_dags/plugins/workday.py took 0.300 seconds
[2025-01-15T13:06:40.704+0800] {processor.py:186} INFO - Started process (PID=55951) to work on /opt/anaconda3/envs/PyTorch/lib/python3.11/site-packages/airflow/example_dags/plugins/workday.py
[2025-01-15T13:06:40.705+0800] {processor.py:914} INFO - Processing file /opt/anaconda3/envs/PyTorch/lib/python3.11/site-packages/airflow/example_dags/plugins/workday.py for tasks to queue
[2025-01-15T13:06:40.706+0800] {logging_mixin.py:190} INFO - [2025-01-15T13:06:40.706+0800] {dagbag.py:588} INFO - Filling up the DagBag from /opt/anaconda3/envs/PyTorch/lib/python3.11/site-packages/airflow/example_dags/plugins/workday.py
[2025-01-15T13:06:40.928+0800] {processor.py:927} WARNING - No viable dags retrieved from /opt/anaconda3/envs/PyTorch/lib/python3.11/site-packages/airflow/example_dags/plugins/workday.py
[2025-01-15T13:06:40.961+0800] {processor.py:208} INFO - Processing /opt/anaconda3/envs/PyTorch/lib/python3.11/site-packages/airflow/example_dags/plugins/workday.py took 0.259 seconds
[2025-01-15T13:08:14.772+0800] {processor.py:186} INFO - Started process (PID=56840) to work on /opt/anaconda3/envs/PyTorch/lib/python3.11/site-packages/airflow/example_dags/plugins/workday.py
[2025-01-15T13:08:14.773+0800] {processor.py:914} INFO - Processing file /opt/anaconda3/envs/PyTorch/lib/python3.11/site-packages/airflow/example_dags/plugins/workday.py for tasks to queue
[2025-01-15T13:08:14.774+0800] {logging_mixin.py:190} INFO - [2025-01-15T13:08:14.774+0800] {dagbag.py:588} INFO - Filling up the DagBag from /opt/anaconda3/envs/PyTorch/lib/python3.11/site-packages/airflow/example_dags/plugins/workday.py
[2025-01-15T13:08:14.983+0800] {processor.py:927} WARNING - No viable dags retrieved from /opt/anaconda3/envs/PyTorch/lib/python3.11/site-packages/airflow/example_dags/plugins/workday.py
[2025-01-15T13:08:15.016+0800] {processor.py:208} INFO - Processing /opt/anaconda3/envs/PyTorch/lib/python3.11/site-packages/airflow/example_dags/plugins/workday.py took 0.246 seconds
[2025-01-15T13:09:46.960+0800] {processor.py:186} INFO - Started process (PID=57736) to work on /opt/anaconda3/envs/PyTorch/lib/python3.11/site-packages/airflow/example_dags/plugins/workday.py
[2025-01-15T13:09:46.961+0800] {processor.py:914} INFO - Processing file /opt/anaconda3/envs/PyTorch/lib/python3.11/site-packages/airflow/example_dags/plugins/workday.py for tasks to queue
[2025-01-15T13:09:46.962+0800] {logging_mixin.py:190} INFO - [2025-01-15T13:09:46.962+0800] {dagbag.py:588} INFO - Filling up the DagBag from /opt/anaconda3/envs/PyTorch/lib/python3.11/site-packages/airflow/example_dags/plugins/workday.py
[2025-01-15T13:09:47.179+0800] {processor.py:927} WARNING - No viable dags retrieved from /opt/anaconda3/envs/PyTorch/lib/python3.11/site-packages/airflow/example_dags/plugins/workday.py
[2025-01-15T13:09:47.211+0800] {processor.py:208} INFO - Processing /opt/anaconda3/envs/PyTorch/lib/python3.11/site-packages/airflow/example_dags/plugins/workday.py took 0.253 seconds
[2025-01-15T13:11:17.450+0800] {processor.py:186} INFO - Started process (PID=58576) to work on /opt/anaconda3/envs/PyTorch/lib/python3.11/site-packages/airflow/example_dags/plugins/workday.py
[2025-01-15T13:11:17.451+0800] {processor.py:914} INFO - Processing file /opt/anaconda3/envs/PyTorch/lib/python3.11/site-packages/airflow/example_dags/plugins/workday.py for tasks to queue
[2025-01-15T13:11:17.452+0800] {logging_mixin.py:190} INFO - [2025-01-15T13:11:17.451+0800] {dagbag.py:588} INFO - Filling up the DagBag from /opt/anaconda3/envs/PyTorch/lib/python3.11/site-packages/airflow/example_dags/plugins/workday.py
[2025-01-15T13:11:17.706+0800] {processor.py:927} WARNING - No viable dags retrieved from /opt/anaconda3/envs/PyTorch/lib/python3.11/site-packages/airflow/example_dags/plugins/workday.py
[2025-01-15T13:11:17.740+0800] {processor.py:208} INFO - Processing /opt/anaconda3/envs/PyTorch/lib/python3.11/site-packages/airflow/example_dags/plugins/workday.py took 0.292 seconds
[2025-01-15T13:12:48.418+0800] {processor.py:186} INFO - Started process (PID=59381) to work on /opt/anaconda3/envs/PyTorch/lib/python3.11/site-packages/airflow/example_dags/plugins/workday.py
[2025-01-15T13:12:48.419+0800] {processor.py:914} INFO - Processing file /opt/anaconda3/envs/PyTorch/lib/python3.11/site-packages/airflow/example_dags/plugins/workday.py for tasks to queue
[2025-01-15T13:12:48.420+0800] {logging_mixin.py:190} INFO - [2025-01-15T13:12:48.420+0800] {dagbag.py:588} INFO - Filling up the DagBag from /opt/anaconda3/envs/PyTorch/lib/python3.11/site-packages/airflow/example_dags/plugins/workday.py
[2025-01-15T13:12:48.636+0800] {processor.py:927} WARNING - No viable dags retrieved from /opt/anaconda3/envs/PyTorch/lib/python3.11/site-packages/airflow/example_dags/plugins/workday.py
[2025-01-15T13:12:48.671+0800] {processor.py:208} INFO - Processing /opt/anaconda3/envs/PyTorch/lib/python3.11/site-packages/airflow/example_dags/plugins/workday.py took 0.255 seconds
[2025-01-15T13:14:18.048+0800] {processor.py:186} INFO - Started process (PID=60197) to work on /opt/anaconda3/envs/PyTorch/lib/python3.11/site-packages/airflow/example_dags/plugins/workday.py
[2025-01-15T13:14:18.049+0800] {processor.py:914} INFO - Processing file /opt/anaconda3/envs/PyTorch/lib/python3.11/site-packages/airflow/example_dags/plugins/workday.py for tasks to queue
[2025-01-15T13:14:18.050+0800] {logging_mixin.py:190} INFO - [2025-01-15T13:14:18.050+0800] {dagbag.py:588} INFO - Filling up the DagBag from /opt/anaconda3/envs/PyTorch/lib/python3.11/site-packages/airflow/example_dags/plugins/workday.py
[2025-01-15T13:14:18.262+0800] {processor.py:927} WARNING - No viable dags retrieved from /opt/anaconda3/envs/PyTorch/lib/python3.11/site-packages/airflow/example_dags/plugins/workday.py
[2025-01-15T13:14:18.299+0800] {processor.py:208} INFO - Processing /opt/anaconda3/envs/PyTorch/lib/python3.11/site-packages/airflow/example_dags/plugins/workday.py took 0.253 seconds
[2025-01-15T13:15:48.474+0800] {processor.py:186} INFO - Started process (PID=60994) to work on /opt/anaconda3/envs/PyTorch/lib/python3.11/site-packages/airflow/example_dags/plugins/workday.py
[2025-01-15T13:15:48.476+0800] {processor.py:914} INFO - Processing file /opt/anaconda3/envs/PyTorch/lib/python3.11/site-packages/airflow/example_dags/plugins/workday.py for tasks to queue
[2025-01-15T13:15:48.476+0800] {logging_mixin.py:190} INFO - [2025-01-15T13:15:48.476+0800] {dagbag.py:588} INFO - Filling up the DagBag from /opt/anaconda3/envs/PyTorch/lib/python3.11/site-packages/airflow/example_dags/plugins/workday.py
[2025-01-15T13:15:48.698+0800] {processor.py:927} WARNING - No viable dags retrieved from /opt/anaconda3/envs/PyTorch/lib/python3.11/site-packages/airflow/example_dags/plugins/workday.py
[2025-01-15T13:15:48.730+0800] {processor.py:208} INFO - Processing /opt/anaconda3/envs/PyTorch/lib/python3.11/site-packages/airflow/example_dags/plugins/workday.py took 0.258 seconds
[2025-01-15T13:17:19.536+0800] {processor.py:186} INFO - Started process (PID=61797) to work on /opt/anaconda3/envs/PyTorch/lib/python3.11/site-packages/airflow/example_dags/plugins/workday.py
[2025-01-15T13:17:19.537+0800] {processor.py:914} INFO - Processing file /opt/anaconda3/envs/PyTorch/lib/python3.11/site-packages/airflow/example_dags/plugins/workday.py for tasks to queue
[2025-01-15T13:17:19.538+0800] {logging_mixin.py:190} INFO - [2025-01-15T13:17:19.538+0800] {dagbag.py:588} INFO - Filling up the DagBag from /opt/anaconda3/envs/PyTorch/lib/python3.11/site-packages/airflow/example_dags/plugins/workday.py
[2025-01-15T13:17:19.771+0800] {processor.py:927} WARNING - No viable dags retrieved from /opt/anaconda3/envs/PyTorch/lib/python3.11/site-packages/airflow/example_dags/plugins/workday.py
[2025-01-15T13:17:19.808+0800] {processor.py:208} INFO - Processing /opt/anaconda3/envs/PyTorch/lib/python3.11/site-packages/airflow/example_dags/plugins/workday.py took 0.273 seconds
[2025-01-15T13:18:55.078+0800] {processor.py:186} INFO - Started process (PID=62665) to work on /opt/anaconda3/envs/PyTorch/lib/python3.11/site-packages/airflow/example_dags/plugins/workday.py
[2025-01-15T13:18:55.079+0800] {processor.py:914} INFO - Processing file /opt/anaconda3/envs/PyTorch/lib/python3.11/site-packages/airflow/example_dags/plugins/workday.py for tasks to queue
[2025-01-15T13:18:55.079+0800] {logging_mixin.py:190} INFO - [2025-01-15T13:18:55.079+0800] {dagbag.py:588} INFO - Filling up the DagBag from /opt/anaconda3/envs/PyTorch/lib/python3.11/site-packages/airflow/example_dags/plugins/workday.py
[2025-01-15T13:18:55.379+0800] {processor.py:927} WARNING - No viable dags retrieved from /opt/anaconda3/envs/PyTorch/lib/python3.11/site-packages/airflow/example_dags/plugins/workday.py
[2025-01-15T13:18:55.416+0800] {processor.py:208} INFO - Processing /opt/anaconda3/envs/PyTorch/lib/python3.11/site-packages/airflow/example_dags/plugins/workday.py took 0.341 seconds
[2025-01-15T13:20:33.185+0800] {processor.py:186} INFO - Started process (PID=63593) to work on /opt/anaconda3/envs/PyTorch/lib/python3.11/site-packages/airflow/example_dags/plugins/workday.py
[2025-01-15T13:20:33.186+0800] {processor.py:914} INFO - Processing file /opt/anaconda3/envs/PyTorch/lib/python3.11/site-packages/airflow/example_dags/plugins/workday.py for tasks to queue
[2025-01-15T13:20:33.187+0800] {logging_mixin.py:190} INFO - [2025-01-15T13:20:33.186+0800] {dagbag.py:588} INFO - Filling up the DagBag from /opt/anaconda3/envs/PyTorch/lib/python3.11/site-packages/airflow/example_dags/plugins/workday.py
[2025-01-15T13:20:33.408+0800] {processor.py:927} WARNING - No viable dags retrieved from /opt/anaconda3/envs/PyTorch/lib/python3.11/site-packages/airflow/example_dags/plugins/workday.py
[2025-01-15T13:20:33.444+0800] {processor.py:208} INFO - Processing /opt/anaconda3/envs/PyTorch/lib/python3.11/site-packages/airflow/example_dags/plugins/workday.py took 0.260 seconds
[2025-01-15T13:22:07.773+0800] {processor.py:186} INFO - Started process (PID=64462) to work on /opt/anaconda3/envs/PyTorch/lib/python3.11/site-packages/airflow/example_dags/plugins/workday.py
[2025-01-15T13:22:07.774+0800] {processor.py:914} INFO - Processing file /opt/anaconda3/envs/PyTorch/lib/python3.11/site-packages/airflow/example_dags/plugins/workday.py for tasks to queue
[2025-01-15T13:22:07.774+0800] {logging_mixin.py:190} INFO - [2025-01-15T13:22:07.774+0800] {dagbag.py:588} INFO - Filling up the DagBag from /opt/anaconda3/envs/PyTorch/lib/python3.11/site-packages/airflow/example_dags/plugins/workday.py
[2025-01-15T13:22:07.999+0800] {processor.py:927} WARNING - No viable dags retrieved from /opt/anaconda3/envs/PyTorch/lib/python3.11/site-packages/airflow/example_dags/plugins/workday.py
[2025-01-15T13:22:08.033+0800] {processor.py:208} INFO - Processing /opt/anaconda3/envs/PyTorch/lib/python3.11/site-packages/airflow/example_dags/plugins/workday.py took 0.262 seconds
[2025-01-15T13:23:39.729+0800] {processor.py:186} INFO - Started process (PID=65296) to work on /opt/anaconda3/envs/PyTorch/lib/python3.11/site-packages/airflow/example_dags/plugins/workday.py
[2025-01-15T13:23:39.730+0800] {processor.py:914} INFO - Processing file /opt/anaconda3/envs/PyTorch/lib/python3.11/site-packages/airflow/example_dags/plugins/workday.py for tasks to queue
[2025-01-15T13:23:39.731+0800] {logging_mixin.py:190} INFO - [2025-01-15T13:23:39.731+0800] {dagbag.py:588} INFO - Filling up the DagBag from /opt/anaconda3/envs/PyTorch/lib/python3.11/site-packages/airflow/example_dags/plugins/workday.py
[2025-01-15T13:23:39.940+0800] {processor.py:927} WARNING - No viable dags retrieved from /opt/anaconda3/envs/PyTorch/lib/python3.11/site-packages/airflow/example_dags/plugins/workday.py
[2025-01-15T13:23:39.972+0800] {processor.py:208} INFO - Processing /opt/anaconda3/envs/PyTorch/lib/python3.11/site-packages/airflow/example_dags/plugins/workday.py took 0.245 seconds
[2025-01-15T13:25:14.120+0800] {processor.py:186} INFO - Started process (PID=66122) to work on /opt/anaconda3/envs/PyTorch/lib/python3.11/site-packages/airflow/example_dags/plugins/workday.py
[2025-01-15T13:25:14.122+0800] {processor.py:914} INFO - Processing file /opt/anaconda3/envs/PyTorch/lib/python3.11/site-packages/airflow/example_dags/plugins/workday.py for tasks to queue
[2025-01-15T13:25:14.122+0800] {logging_mixin.py:190} INFO - [2025-01-15T13:25:14.122+0800] {dagbag.py:588} INFO - Filling up the DagBag from /opt/anaconda3/envs/PyTorch/lib/python3.11/site-packages/airflow/example_dags/plugins/workday.py
[2025-01-15T13:25:14.381+0800] {processor.py:927} WARNING - No viable dags retrieved from /opt/anaconda3/envs/PyTorch/lib/python3.11/site-packages/airflow/example_dags/plugins/workday.py
[2025-01-15T13:25:14.413+0800] {processor.py:208} INFO - Processing /opt/anaconda3/envs/PyTorch/lib/python3.11/site-packages/airflow/example_dags/plugins/workday.py took 0.294 seconds
[2025-01-15T13:26:46.720+0800] {processor.py:186} INFO - Started process (PID=66939) to work on /opt/anaconda3/envs/PyTorch/lib/python3.11/site-packages/airflow/example_dags/plugins/workday.py
[2025-01-15T13:26:46.722+0800] {processor.py:914} INFO - Processing file /opt/anaconda3/envs/PyTorch/lib/python3.11/site-packages/airflow/example_dags/plugins/workday.py for tasks to queue
[2025-01-15T13:26:46.722+0800] {logging_mixin.py:190} INFO - [2025-01-15T13:26:46.722+0800] {dagbag.py:588} INFO - Filling up the DagBag from /opt/anaconda3/envs/PyTorch/lib/python3.11/site-packages/airflow/example_dags/plugins/workday.py
[2025-01-15T13:26:46.981+0800] {processor.py:927} WARNING - No viable dags retrieved from /opt/anaconda3/envs/PyTorch/lib/python3.11/site-packages/airflow/example_dags/plugins/workday.py
[2025-01-15T13:26:47.012+0800] {processor.py:208} INFO - Processing /opt/anaconda3/envs/PyTorch/lib/python3.11/site-packages/airflow/example_dags/plugins/workday.py took 0.293 seconds
[2025-01-15T13:28:17.709+0800] {processor.py:186} INFO - Started process (PID=67725) to work on /opt/anaconda3/envs/PyTorch/lib/python3.11/site-packages/airflow/example_dags/plugins/workday.py
[2025-01-15T13:28:17.709+0800] {processor.py:914} INFO - Processing file /opt/anaconda3/envs/PyTorch/lib/python3.11/site-packages/airflow/example_dags/plugins/workday.py for tasks to queue
[2025-01-15T13:28:17.710+0800] {logging_mixin.py:190} INFO - [2025-01-15T13:28:17.710+0800] {dagbag.py:588} INFO - Filling up the DagBag from /opt/anaconda3/envs/PyTorch/lib/python3.11/site-packages/airflow/example_dags/plugins/workday.py
[2025-01-15T13:28:17.978+0800] {processor.py:927} WARNING - No viable dags retrieved from /opt/anaconda3/envs/PyTorch/lib/python3.11/site-packages/airflow/example_dags/plugins/workday.py
[2025-01-15T13:28:18.010+0800] {processor.py:208} INFO - Processing /opt/anaconda3/envs/PyTorch/lib/python3.11/site-packages/airflow/example_dags/plugins/workday.py took 0.303 seconds
[2025-01-15T13:29:51.078+0800] {processor.py:186} INFO - Started process (PID=68556) to work on /opt/anaconda3/envs/PyTorch/lib/python3.11/site-packages/airflow/example_dags/plugins/workday.py
[2025-01-15T13:29:51.080+0800] {processor.py:914} INFO - Processing file /opt/anaconda3/envs/PyTorch/lib/python3.11/site-packages/airflow/example_dags/plugins/workday.py for tasks to queue
[2025-01-15T13:29:51.080+0800] {logging_mixin.py:190} INFO - [2025-01-15T13:29:51.080+0800] {dagbag.py:588} INFO - Filling up the DagBag from /opt/anaconda3/envs/PyTorch/lib/python3.11/site-packages/airflow/example_dags/plugins/workday.py
[2025-01-15T13:29:51.383+0800] {processor.py:927} WARNING - No viable dags retrieved from /opt/anaconda3/envs/PyTorch/lib/python3.11/site-packages/airflow/example_dags/plugins/workday.py
[2025-01-15T13:29:51.415+0800] {processor.py:208} INFO - Processing /opt/anaconda3/envs/PyTorch/lib/python3.11/site-packages/airflow/example_dags/plugins/workday.py took 0.339 seconds
[2025-01-15T13:31:26.245+0800] {processor.py:186} INFO - Started process (PID=69464) to work on /opt/anaconda3/envs/PyTorch/lib/python3.11/site-packages/airflow/example_dags/plugins/workday.py
[2025-01-15T13:31:26.246+0800] {processor.py:914} INFO - Processing file /opt/anaconda3/envs/PyTorch/lib/python3.11/site-packages/airflow/example_dags/plugins/workday.py for tasks to queue
[2025-01-15T13:31:26.247+0800] {logging_mixin.py:190} INFO - [2025-01-15T13:31:26.247+0800] {dagbag.py:588} INFO - Filling up the DagBag from /opt/anaconda3/envs/PyTorch/lib/python3.11/site-packages/airflow/example_dags/plugins/workday.py
[2025-01-15T13:31:26.545+0800] {processor.py:927} WARNING - No viable dags retrieved from /opt/anaconda3/envs/PyTorch/lib/python3.11/site-packages/airflow/example_dags/plugins/workday.py
[2025-01-15T13:31:26.581+0800] {processor.py:208} INFO - Processing /opt/anaconda3/envs/PyTorch/lib/python3.11/site-packages/airflow/example_dags/plugins/workday.py took 0.338 seconds
[2025-01-15T13:33:00.934+0800] {processor.py:186} INFO - Started process (PID=70292) to work on /opt/anaconda3/envs/PyTorch/lib/python3.11/site-packages/airflow/example_dags/plugins/workday.py
[2025-01-15T13:33:00.936+0800] {processor.py:914} INFO - Processing file /opt/anaconda3/envs/PyTorch/lib/python3.11/site-packages/airflow/example_dags/plugins/workday.py for tasks to queue
[2025-01-15T13:33:00.936+0800] {logging_mixin.py:190} INFO - [2025-01-15T13:33:00.936+0800] {dagbag.py:588} INFO - Filling up the DagBag from /opt/anaconda3/envs/PyTorch/lib/python3.11/site-packages/airflow/example_dags/plugins/workday.py
[2025-01-15T13:33:01.202+0800] {processor.py:927} WARNING - No viable dags retrieved from /opt/anaconda3/envs/PyTorch/lib/python3.11/site-packages/airflow/example_dags/plugins/workday.py
[2025-01-15T13:33:01.235+0800] {processor.py:208} INFO - Processing /opt/anaconda3/envs/PyTorch/lib/python3.11/site-packages/airflow/example_dags/plugins/workday.py took 0.303 seconds
[2025-01-15T13:34:36.330+0800] {processor.py:186} INFO - Started process (PID=71148) to work on /opt/anaconda3/envs/PyTorch/lib/python3.11/site-packages/airflow/example_dags/plugins/workday.py
[2025-01-15T13:34:36.331+0800] {processor.py:914} INFO - Processing file /opt/anaconda3/envs/PyTorch/lib/python3.11/site-packages/airflow/example_dags/plugins/workday.py for tasks to queue
[2025-01-15T13:34:36.332+0800] {logging_mixin.py:190} INFO - [2025-01-15T13:34:36.332+0800] {dagbag.py:588} INFO - Filling up the DagBag from /opt/anaconda3/envs/PyTorch/lib/python3.11/site-packages/airflow/example_dags/plugins/workday.py
[2025-01-15T13:34:36.539+0800] {processor.py:927} WARNING - No viable dags retrieved from /opt/anaconda3/envs/PyTorch/lib/python3.11/site-packages/airflow/example_dags/plugins/workday.py
[2025-01-15T13:34:36.571+0800] {processor.py:208} INFO - Processing /opt/anaconda3/envs/PyTorch/lib/python3.11/site-packages/airflow/example_dags/plugins/workday.py took 0.243 seconds
[2025-01-15T13:36:11.059+0800] {processor.py:186} INFO - Started process (PID=72041) to work on /opt/anaconda3/envs/PyTorch/lib/python3.11/site-packages/airflow/example_dags/plugins/workday.py
[2025-01-15T13:36:11.060+0800] {processor.py:914} INFO - Processing file /opt/anaconda3/envs/PyTorch/lib/python3.11/site-packages/airflow/example_dags/plugins/workday.py for tasks to queue
[2025-01-15T13:36:11.060+0800] {logging_mixin.py:190} INFO - [2025-01-15T13:36:11.060+0800] {dagbag.py:588} INFO - Filling up the DagBag from /opt/anaconda3/envs/PyTorch/lib/python3.11/site-packages/airflow/example_dags/plugins/workday.py
[2025-01-15T13:36:11.330+0800] {processor.py:927} WARNING - No viable dags retrieved from /opt/anaconda3/envs/PyTorch/lib/python3.11/site-packages/airflow/example_dags/plugins/workday.py
[2025-01-15T13:36:11.364+0800] {processor.py:208} INFO - Processing /opt/anaconda3/envs/PyTorch/lib/python3.11/site-packages/airflow/example_dags/plugins/workday.py took 0.307 seconds
[2025-01-15T13:37:45.211+0800] {processor.py:186} INFO - Started process (PID=72880) to work on /opt/anaconda3/envs/PyTorch/lib/python3.11/site-packages/airflow/example_dags/plugins/workday.py
[2025-01-15T13:37:45.212+0800] {processor.py:914} INFO - Processing file /opt/anaconda3/envs/PyTorch/lib/python3.11/site-packages/airflow/example_dags/plugins/workday.py for tasks to queue
[2025-01-15T13:37:45.213+0800] {logging_mixin.py:190} INFO - [2025-01-15T13:37:45.213+0800] {dagbag.py:588} INFO - Filling up the DagBag from /opt/anaconda3/envs/PyTorch/lib/python3.11/site-packages/airflow/example_dags/plugins/workday.py
[2025-01-15T13:37:45.488+0800] {processor.py:927} WARNING - No viable dags retrieved from /opt/anaconda3/envs/PyTorch/lib/python3.11/site-packages/airflow/example_dags/plugins/workday.py
[2025-01-15T13:37:45.523+0800] {processor.py:208} INFO - Processing /opt/anaconda3/envs/PyTorch/lib/python3.11/site-packages/airflow/example_dags/plugins/workday.py took 0.314 seconds
[2025-01-15T13:39:19.482+0800] {processor.py:186} INFO - Started process (PID=73806) to work on /opt/anaconda3/envs/PyTorch/lib/python3.11/site-packages/airflow/example_dags/plugins/workday.py
[2025-01-15T13:39:19.483+0800] {processor.py:914} INFO - Processing file /opt/anaconda3/envs/PyTorch/lib/python3.11/site-packages/airflow/example_dags/plugins/workday.py for tasks to queue
[2025-01-15T13:39:19.484+0800] {logging_mixin.py:190} INFO - [2025-01-15T13:39:19.484+0800] {dagbag.py:588} INFO - Filling up the DagBag from /opt/anaconda3/envs/PyTorch/lib/python3.11/site-packages/airflow/example_dags/plugins/workday.py
[2025-01-15T13:39:19.775+0800] {processor.py:927} WARNING - No viable dags retrieved from /opt/anaconda3/envs/PyTorch/lib/python3.11/site-packages/airflow/example_dags/plugins/workday.py
[2025-01-15T13:39:19.809+0800] {processor.py:208} INFO - Processing /opt/anaconda3/envs/PyTorch/lib/python3.11/site-packages/airflow/example_dags/plugins/workday.py took 0.329 seconds
[2025-01-15T13:40:52.788+0800] {processor.py:186} INFO - Started process (PID=74651) to work on /opt/anaconda3/envs/PyTorch/lib/python3.11/site-packages/airflow/example_dags/plugins/workday.py
[2025-01-15T13:40:52.789+0800] {processor.py:914} INFO - Processing file /opt/anaconda3/envs/PyTorch/lib/python3.11/site-packages/airflow/example_dags/plugins/workday.py for tasks to queue
[2025-01-15T13:40:52.790+0800] {logging_mixin.py:190} INFO - [2025-01-15T13:40:52.790+0800] {dagbag.py:588} INFO - Filling up the DagBag from /opt/anaconda3/envs/PyTorch/lib/python3.11/site-packages/airflow/example_dags/plugins/workday.py
[2025-01-15T13:40:52.998+0800] {processor.py:927} WARNING - No viable dags retrieved from /opt/anaconda3/envs/PyTorch/lib/python3.11/site-packages/airflow/example_dags/plugins/workday.py
[2025-01-15T13:40:53.031+0800] {processor.py:208} INFO - Processing /opt/anaconda3/envs/PyTorch/lib/python3.11/site-packages/airflow/example_dags/plugins/workday.py took 0.245 seconds
[2025-01-15T13:42:25.041+0800] {processor.py:186} INFO - Started process (PID=75478) to work on /opt/anaconda3/envs/PyTorch/lib/python3.11/site-packages/airflow/example_dags/plugins/workday.py
[2025-01-15T13:42:25.042+0800] {processor.py:914} INFO - Processing file /opt/anaconda3/envs/PyTorch/lib/python3.11/site-packages/airflow/example_dags/plugins/workday.py for tasks to queue
[2025-01-15T13:42:25.043+0800] {logging_mixin.py:190} INFO - [2025-01-15T13:42:25.043+0800] {dagbag.py:588} INFO - Filling up the DagBag from /opt/anaconda3/envs/PyTorch/lib/python3.11/site-packages/airflow/example_dags/plugins/workday.py
[2025-01-15T13:42:25.360+0800] {processor.py:927} WARNING - No viable dags retrieved from /opt/anaconda3/envs/PyTorch/lib/python3.11/site-packages/airflow/example_dags/plugins/workday.py
[2025-01-15T13:42:25.395+0800] {processor.py:208} INFO - Processing /opt/anaconda3/envs/PyTorch/lib/python3.11/site-packages/airflow/example_dags/plugins/workday.py took 0.356 seconds
[2025-01-15T13:43:54.186+0800] {processor.py:186} INFO - Started process (PID=76297) to work on /opt/anaconda3/envs/PyTorch/lib/python3.11/site-packages/airflow/example_dags/plugins/workday.py
[2025-01-15T13:43:54.187+0800] {processor.py:914} INFO - Processing file /opt/anaconda3/envs/PyTorch/lib/python3.11/site-packages/airflow/example_dags/plugins/workday.py for tasks to queue
[2025-01-15T13:43:54.188+0800] {logging_mixin.py:190} INFO - [2025-01-15T13:43:54.188+0800] {dagbag.py:588} INFO - Filling up the DagBag from /opt/anaconda3/envs/PyTorch/lib/python3.11/site-packages/airflow/example_dags/plugins/workday.py
[2025-01-15T13:43:54.461+0800] {processor.py:927} WARNING - No viable dags retrieved from /opt/anaconda3/envs/PyTorch/lib/python3.11/site-packages/airflow/example_dags/plugins/workday.py
[2025-01-15T13:43:54.497+0800] {processor.py:208} INFO - Processing /opt/anaconda3/envs/PyTorch/lib/python3.11/site-packages/airflow/example_dags/plugins/workday.py took 0.312 seconds
[2025-01-15T13:45:26.988+0800] {processor.py:186} INFO - Started process (PID=77214) to work on /opt/anaconda3/envs/PyTorch/lib/python3.11/site-packages/airflow/example_dags/plugins/workday.py
[2025-01-15T13:45:26.990+0800] {processor.py:914} INFO - Processing file /opt/anaconda3/envs/PyTorch/lib/python3.11/site-packages/airflow/example_dags/plugins/workday.py for tasks to queue
[2025-01-15T13:45:26.990+0800] {logging_mixin.py:190} INFO - [2025-01-15T13:45:26.990+0800] {dagbag.py:588} INFO - Filling up the DagBag from /opt/anaconda3/envs/PyTorch/lib/python3.11/site-packages/airflow/example_dags/plugins/workday.py
[2025-01-15T13:45:27.282+0800] {processor.py:927} WARNING - No viable dags retrieved from /opt/anaconda3/envs/PyTorch/lib/python3.11/site-packages/airflow/example_dags/plugins/workday.py
[2025-01-15T13:45:27.318+0800] {processor.py:208} INFO - Processing /opt/anaconda3/envs/PyTorch/lib/python3.11/site-packages/airflow/example_dags/plugins/workday.py took 0.331 seconds
[2025-01-15T13:46:58.986+0800] {processor.py:186} INFO - Started process (PID=78103) to work on /opt/anaconda3/envs/PyTorch/lib/python3.11/site-packages/airflow/example_dags/plugins/workday.py
[2025-01-15T13:46:58.988+0800] {processor.py:914} INFO - Processing file /opt/anaconda3/envs/PyTorch/lib/python3.11/site-packages/airflow/example_dags/plugins/workday.py for tasks to queue
[2025-01-15T13:46:58.989+0800] {logging_mixin.py:190} INFO - [2025-01-15T13:46:58.988+0800] {dagbag.py:588} INFO - Filling up the DagBag from /opt/anaconda3/envs/PyTorch/lib/python3.11/site-packages/airflow/example_dags/plugins/workday.py
[2025-01-15T13:46:59.265+0800] {processor.py:927} WARNING - No viable dags retrieved from /opt/anaconda3/envs/PyTorch/lib/python3.11/site-packages/airflow/example_dags/plugins/workday.py
[2025-01-15T13:46:59.298+0800] {processor.py:208} INFO - Processing /opt/anaconda3/envs/PyTorch/lib/python3.11/site-packages/airflow/example_dags/plugins/workday.py took 0.313 seconds
[2025-01-15T13:48:30.605+0800] {processor.py:186} INFO - Started process (PID=78985) to work on /opt/anaconda3/envs/PyTorch/lib/python3.11/site-packages/airflow/example_dags/plugins/workday.py
[2025-01-15T13:48:30.608+0800] {processor.py:914} INFO - Processing file /opt/anaconda3/envs/PyTorch/lib/python3.11/site-packages/airflow/example_dags/plugins/workday.py for tasks to queue
[2025-01-15T13:48:30.608+0800] {logging_mixin.py:190} INFO - [2025-01-15T13:48:30.608+0800] {dagbag.py:588} INFO - Filling up the DagBag from /opt/anaconda3/envs/PyTorch/lib/python3.11/site-packages/airflow/example_dags/plugins/workday.py
[2025-01-15T13:48:30.878+0800] {processor.py:927} WARNING - No viable dags retrieved from /opt/anaconda3/envs/PyTorch/lib/python3.11/site-packages/airflow/example_dags/plugins/workday.py
[2025-01-15T13:48:30.911+0800] {processor.py:208} INFO - Processing /opt/anaconda3/envs/PyTorch/lib/python3.11/site-packages/airflow/example_dags/plugins/workday.py took 0.308 seconds
[2025-01-15T13:50:05.519+0800] {processor.py:186} INFO - Started process (PID=79859) to work on /opt/anaconda3/envs/PyTorch/lib/python3.11/site-packages/airflow/example_dags/plugins/workday.py
[2025-01-15T13:50:05.520+0800] {processor.py:914} INFO - Processing file /opt/anaconda3/envs/PyTorch/lib/python3.11/site-packages/airflow/example_dags/plugins/workday.py for tasks to queue
[2025-01-15T13:50:05.520+0800] {logging_mixin.py:190} INFO - [2025-01-15T13:50:05.520+0800] {dagbag.py:588} INFO - Filling up the DagBag from /opt/anaconda3/envs/PyTorch/lib/python3.11/site-packages/airflow/example_dags/plugins/workday.py
[2025-01-15T13:50:05.832+0800] {processor.py:927} WARNING - No viable dags retrieved from /opt/anaconda3/envs/PyTorch/lib/python3.11/site-packages/airflow/example_dags/plugins/workday.py
[2025-01-15T13:50:05.865+0800] {processor.py:208} INFO - Processing /opt/anaconda3/envs/PyTorch/lib/python3.11/site-packages/airflow/example_dags/plugins/workday.py took 0.348 seconds
[2025-01-15T13:51:40.208+0800] {processor.py:186} INFO - Started process (PID=80776) to work on /opt/anaconda3/envs/PyTorch/lib/python3.11/site-packages/airflow/example_dags/plugins/workday.py
[2025-01-15T13:51:40.209+0800] {processor.py:914} INFO - Processing file /opt/anaconda3/envs/PyTorch/lib/python3.11/site-packages/airflow/example_dags/plugins/workday.py for tasks to queue
[2025-01-15T13:51:40.210+0800] {logging_mixin.py:190} INFO - [2025-01-15T13:51:40.210+0800] {dagbag.py:588} INFO - Filling up the DagBag from /opt/anaconda3/envs/PyTorch/lib/python3.11/site-packages/airflow/example_dags/plugins/workday.py
[2025-01-15T13:51:40.489+0800] {processor.py:927} WARNING - No viable dags retrieved from /opt/anaconda3/envs/PyTorch/lib/python3.11/site-packages/airflow/example_dags/plugins/workday.py
[2025-01-15T13:51:40.521+0800] {processor.py:208} INFO - Processing /opt/anaconda3/envs/PyTorch/lib/python3.11/site-packages/airflow/example_dags/plugins/workday.py took 0.316 seconds
[2025-01-15T13:53:24.687+0800] {processor.py:186} INFO - Started process (PID=81717) to work on /opt/anaconda3/envs/PyTorch/lib/python3.11/site-packages/airflow/example_dags/plugins/workday.py
[2025-01-15T13:53:24.688+0800] {processor.py:914} INFO - Processing file /opt/anaconda3/envs/PyTorch/lib/python3.11/site-packages/airflow/example_dags/plugins/workday.py for tasks to queue
[2025-01-15T13:53:24.689+0800] {logging_mixin.py:190} INFO - [2025-01-15T13:53:24.689+0800] {dagbag.py:588} INFO - Filling up the DagBag from /opt/anaconda3/envs/PyTorch/lib/python3.11/site-packages/airflow/example_dags/plugins/workday.py
[2025-01-15T13:53:24.948+0800] {processor.py:927} WARNING - No viable dags retrieved from /opt/anaconda3/envs/PyTorch/lib/python3.11/site-packages/airflow/example_dags/plugins/workday.py
[2025-01-15T13:53:24.981+0800] {processor.py:208} INFO - Processing /opt/anaconda3/envs/PyTorch/lib/python3.11/site-packages/airflow/example_dags/plugins/workday.py took 0.296 seconds
[2025-01-15T13:55:41.361+0800] {processor.py:186} INFO - Started process (PID=82970) to work on /opt/anaconda3/envs/PyTorch/lib/python3.11/site-packages/airflow/example_dags/plugins/workday.py
[2025-01-15T13:55:41.362+0800] {processor.py:914} INFO - Processing file /opt/anaconda3/envs/PyTorch/lib/python3.11/site-packages/airflow/example_dags/plugins/workday.py for tasks to queue
[2025-01-15T13:55:41.363+0800] {logging_mixin.py:190} INFO - [2025-01-15T13:55:41.363+0800] {dagbag.py:588} INFO - Filling up the DagBag from /opt/anaconda3/envs/PyTorch/lib/python3.11/site-packages/airflow/example_dags/plugins/workday.py
[2025-01-15T13:55:41.605+0800] {processor.py:927} WARNING - No viable dags retrieved from /opt/anaconda3/envs/PyTorch/lib/python3.11/site-packages/airflow/example_dags/plugins/workday.py
[2025-01-15T13:55:41.641+0800] {processor.py:208} INFO - Processing /opt/anaconda3/envs/PyTorch/lib/python3.11/site-packages/airflow/example_dags/plugins/workday.py took 0.283 seconds
[2025-01-15T13:57:45.211+0800] {processor.py:186} INFO - Started process (PID=84253) to work on /opt/anaconda3/envs/PyTorch/lib/python3.11/site-packages/airflow/example_dags/plugins/workday.py
[2025-01-15T13:57:45.212+0800] {processor.py:914} INFO - Processing file /opt/anaconda3/envs/PyTorch/lib/python3.11/site-packages/airflow/example_dags/plugins/workday.py for tasks to queue
[2025-01-15T13:57:45.213+0800] {logging_mixin.py:190} INFO - [2025-01-15T13:57:45.212+0800] {dagbag.py:588} INFO - Filling up the DagBag from /opt/anaconda3/envs/PyTorch/lib/python3.11/site-packages/airflow/example_dags/plugins/workday.py
[2025-01-15T13:57:45.538+0800] {processor.py:927} WARNING - No viable dags retrieved from /opt/anaconda3/envs/PyTorch/lib/python3.11/site-packages/airflow/example_dags/plugins/workday.py
[2025-01-15T13:57:45.577+0800] {processor.py:208} INFO - Processing /opt/anaconda3/envs/PyTorch/lib/python3.11/site-packages/airflow/example_dags/plugins/workday.py took 0.368 seconds
[2025-01-15T13:59:37.351+0800] {processor.py:186} INFO - Started process (PID=85322) to work on /opt/anaconda3/envs/PyTorch/lib/python3.11/site-packages/airflow/example_dags/plugins/workday.py
[2025-01-15T13:59:37.354+0800] {processor.py:914} INFO - Processing file /opt/anaconda3/envs/PyTorch/lib/python3.11/site-packages/airflow/example_dags/plugins/workday.py for tasks to queue
[2025-01-15T13:59:37.354+0800] {logging_mixin.py:190} INFO - [2025-01-15T13:59:37.354+0800] {dagbag.py:588} INFO - Filling up the DagBag from /opt/anaconda3/envs/PyTorch/lib/python3.11/site-packages/airflow/example_dags/plugins/workday.py
[2025-01-15T13:59:37.579+0800] {processor.py:927} WARNING - No viable dags retrieved from /opt/anaconda3/envs/PyTorch/lib/python3.11/site-packages/airflow/example_dags/plugins/workday.py
[2025-01-15T13:59:37.612+0800] {processor.py:208} INFO - Processing /opt/anaconda3/envs/PyTorch/lib/python3.11/site-packages/airflow/example_dags/plugins/workday.py took 0.263 seconds
[2025-01-15T14:01:45.872+0800] {processor.py:186} INFO - Started process (PID=86537) to work on /opt/anaconda3/envs/PyTorch/lib/python3.11/site-packages/airflow/example_dags/plugins/workday.py
[2025-01-15T14:01:45.874+0800] {processor.py:914} INFO - Processing file /opt/anaconda3/envs/PyTorch/lib/python3.11/site-packages/airflow/example_dags/plugins/workday.py for tasks to queue
[2025-01-15T14:01:45.874+0800] {logging_mixin.py:190} INFO - [2025-01-15T14:01:45.874+0800] {dagbag.py:588} INFO - Filling up the DagBag from /opt/anaconda3/envs/PyTorch/lib/python3.11/site-packages/airflow/example_dags/plugins/workday.py
[2025-01-15T14:01:46.083+0800] {processor.py:927} WARNING - No viable dags retrieved from /opt/anaconda3/envs/PyTorch/lib/python3.11/site-packages/airflow/example_dags/plugins/workday.py
[2025-01-15T14:01:46.116+0800] {processor.py:208} INFO - Processing /opt/anaconda3/envs/PyTorch/lib/python3.11/site-packages/airflow/example_dags/plugins/workday.py took 0.246 seconds
[2025-01-15T14:03:32.416+0800] {processor.py:186} INFO - Started process (PID=87536) to work on /opt/anaconda3/envs/PyTorch/lib/python3.11/site-packages/airflow/example_dags/plugins/workday.py
[2025-01-15T14:03:32.417+0800] {processor.py:914} INFO - Processing file /opt/anaconda3/envs/PyTorch/lib/python3.11/site-packages/airflow/example_dags/plugins/workday.py for tasks to queue
[2025-01-15T14:03:32.418+0800] {logging_mixin.py:190} INFO - [2025-01-15T14:03:32.417+0800] {dagbag.py:588} INFO - Filling up the DagBag from /opt/anaconda3/envs/PyTorch/lib/python3.11/site-packages/airflow/example_dags/plugins/workday.py
[2025-01-15T14:03:32.750+0800] {processor.py:927} WARNING - No viable dags retrieved from /opt/anaconda3/envs/PyTorch/lib/python3.11/site-packages/airflow/example_dags/plugins/workday.py
[2025-01-15T14:03:32.785+0800] {processor.py:208} INFO - Processing /opt/anaconda3/envs/PyTorch/lib/python3.11/site-packages/airflow/example_dags/plugins/workday.py took 0.372 seconds
[2025-01-15T14:05:29.264+0800] {processor.py:186} INFO - Started process (PID=88641) to work on /opt/anaconda3/envs/PyTorch/lib/python3.11/site-packages/airflow/example_dags/plugins/workday.py
[2025-01-15T14:05:29.265+0800] {processor.py:914} INFO - Processing file /opt/anaconda3/envs/PyTorch/lib/python3.11/site-packages/airflow/example_dags/plugins/workday.py for tasks to queue
[2025-01-15T14:05:29.266+0800] {logging_mixin.py:190} INFO - [2025-01-15T14:05:29.266+0800] {dagbag.py:588} INFO - Filling up the DagBag from /opt/anaconda3/envs/PyTorch/lib/python3.11/site-packages/airflow/example_dags/plugins/workday.py
[2025-01-15T14:05:29.471+0800] {processor.py:927} WARNING - No viable dags retrieved from /opt/anaconda3/envs/PyTorch/lib/python3.11/site-packages/airflow/example_dags/plugins/workday.py
[2025-01-15T14:05:29.503+0800] {processor.py:208} INFO - Processing /opt/anaconda3/envs/PyTorch/lib/python3.11/site-packages/airflow/example_dags/plugins/workday.py took 0.241 seconds
[2025-01-15T14:07:25.361+0800] {processor.py:186} INFO - Started process (PID=89758) to work on /opt/anaconda3/envs/PyTorch/lib/python3.11/site-packages/airflow/example_dags/plugins/workday.py
[2025-01-15T14:07:25.362+0800] {processor.py:914} INFO - Processing file /opt/anaconda3/envs/PyTorch/lib/python3.11/site-packages/airflow/example_dags/plugins/workday.py for tasks to queue
[2025-01-15T14:07:25.363+0800] {logging_mixin.py:190} INFO - [2025-01-15T14:07:25.363+0800] {dagbag.py:588} INFO - Filling up the DagBag from /opt/anaconda3/envs/PyTorch/lib/python3.11/site-packages/airflow/example_dags/plugins/workday.py
[2025-01-15T14:07:25.661+0800] {processor.py:927} WARNING - No viable dags retrieved from /opt/anaconda3/envs/PyTorch/lib/python3.11/site-packages/airflow/example_dags/plugins/workday.py
[2025-01-15T14:07:25.697+0800] {processor.py:208} INFO - Processing /opt/anaconda3/envs/PyTorch/lib/python3.11/site-packages/airflow/example_dags/plugins/workday.py took 0.338 seconds
[2025-01-15T14:09:26.423+0800] {processor.py:186} INFO - Started process (PID=90891) to work on /opt/anaconda3/envs/PyTorch/lib/python3.11/site-packages/airflow/example_dags/plugins/workday.py
[2025-01-15T14:09:26.425+0800] {processor.py:914} INFO - Processing file /opt/anaconda3/envs/PyTorch/lib/python3.11/site-packages/airflow/example_dags/plugins/workday.py for tasks to queue
[2025-01-15T14:09:26.425+0800] {logging_mixin.py:190} INFO - [2025-01-15T14:09:26.425+0800] {dagbag.py:588} INFO - Filling up the DagBag from /opt/anaconda3/envs/PyTorch/lib/python3.11/site-packages/airflow/example_dags/plugins/workday.py
[2025-01-15T14:09:26.669+0800] {processor.py:927} WARNING - No viable dags retrieved from /opt/anaconda3/envs/PyTorch/lib/python3.11/site-packages/airflow/example_dags/plugins/workday.py
[2025-01-15T14:09:26.708+0800] {processor.py:208} INFO - Processing /opt/anaconda3/envs/PyTorch/lib/python3.11/site-packages/airflow/example_dags/plugins/workday.py took 0.286 seconds
[2025-01-15T14:11:29.343+0800] {processor.py:186} INFO - Started process (PID=92055) to work on /opt/anaconda3/envs/PyTorch/lib/python3.11/site-packages/airflow/example_dags/plugins/workday.py
[2025-01-15T14:11:29.344+0800] {processor.py:914} INFO - Processing file /opt/anaconda3/envs/PyTorch/lib/python3.11/site-packages/airflow/example_dags/plugins/workday.py for tasks to queue
[2025-01-15T14:11:29.345+0800] {logging_mixin.py:190} INFO - [2025-01-15T14:11:29.344+0800] {dagbag.py:588} INFO - Filling up the DagBag from /opt/anaconda3/envs/PyTorch/lib/python3.11/site-packages/airflow/example_dags/plugins/workday.py
[2025-01-15T14:11:29.598+0800] {processor.py:927} WARNING - No viable dags retrieved from /opt/anaconda3/envs/PyTorch/lib/python3.11/site-packages/airflow/example_dags/plugins/workday.py
[2025-01-15T14:11:29.634+0800] {processor.py:208} INFO - Processing /opt/anaconda3/envs/PyTorch/lib/python3.11/site-packages/airflow/example_dags/plugins/workday.py took 0.293 seconds
[2025-01-15T14:13:17.931+0800] {processor.py:186} INFO - Started process (PID=93042) to work on /opt/anaconda3/envs/PyTorch/lib/python3.11/site-packages/airflow/example_dags/plugins/workday.py
[2025-01-15T14:13:17.931+0800] {processor.py:914} INFO - Processing file /opt/anaconda3/envs/PyTorch/lib/python3.11/site-packages/airflow/example_dags/plugins/workday.py for tasks to queue
[2025-01-15T14:13:17.932+0800] {logging_mixin.py:190} INFO - [2025-01-15T14:13:17.932+0800] {dagbag.py:588} INFO - Filling up the DagBag from /opt/anaconda3/envs/PyTorch/lib/python3.11/site-packages/airflow/example_dags/plugins/workday.py
[2025-01-15T14:13:18.204+0800] {processor.py:927} WARNING - No viable dags retrieved from /opt/anaconda3/envs/PyTorch/lib/python3.11/site-packages/airflow/example_dags/plugins/workday.py
[2025-01-15T14:13:18.238+0800] {processor.py:208} INFO - Processing /opt/anaconda3/envs/PyTorch/lib/python3.11/site-packages/airflow/example_dags/plugins/workday.py took 0.310 seconds
[2025-01-15T14:15:05.523+0800] {processor.py:186} INFO - Started process (PID=94068) to work on /opt/anaconda3/envs/PyTorch/lib/python3.11/site-packages/airflow/example_dags/plugins/workday.py
[2025-01-15T14:15:05.524+0800] {processor.py:914} INFO - Processing file /opt/anaconda3/envs/PyTorch/lib/python3.11/site-packages/airflow/example_dags/plugins/workday.py for tasks to queue
[2025-01-15T14:15:05.524+0800] {logging_mixin.py:190} INFO - [2025-01-15T14:15:05.524+0800] {dagbag.py:588} INFO - Filling up the DagBag from /opt/anaconda3/envs/PyTorch/lib/python3.11/site-packages/airflow/example_dags/plugins/workday.py
[2025-01-15T14:15:05.791+0800] {processor.py:927} WARNING - No viable dags retrieved from /opt/anaconda3/envs/PyTorch/lib/python3.11/site-packages/airflow/example_dags/plugins/workday.py
[2025-01-15T14:15:05.828+0800] {processor.py:208} INFO - Processing /opt/anaconda3/envs/PyTorch/lib/python3.11/site-packages/airflow/example_dags/plugins/workday.py took 0.308 seconds
[2025-01-15T14:17:03.643+0800] {processor.py:186} INFO - Started process (PID=95192) to work on /opt/anaconda3/envs/PyTorch/lib/python3.11/site-packages/airflow/example_dags/plugins/workday.py
[2025-01-15T14:17:03.644+0800] {processor.py:914} INFO - Processing file /opt/anaconda3/envs/PyTorch/lib/python3.11/site-packages/airflow/example_dags/plugins/workday.py for tasks to queue
[2025-01-15T14:17:03.645+0800] {logging_mixin.py:190} INFO - [2025-01-15T14:17:03.645+0800] {dagbag.py:588} INFO - Filling up the DagBag from /opt/anaconda3/envs/PyTorch/lib/python3.11/site-packages/airflow/example_dags/plugins/workday.py
[2025-01-15T14:17:03.884+0800] {processor.py:927} WARNING - No viable dags retrieved from /opt/anaconda3/envs/PyTorch/lib/python3.11/site-packages/airflow/example_dags/plugins/workday.py
[2025-01-15T14:17:03.920+0800] {processor.py:208} INFO - Processing /opt/anaconda3/envs/PyTorch/lib/python3.11/site-packages/airflow/example_dags/plugins/workday.py took 0.280 seconds
[2025-01-15T14:18:59.455+0800] {processor.py:186} INFO - Started process (PID=96250) to work on /opt/anaconda3/envs/PyTorch/lib/python3.11/site-packages/airflow/example_dags/plugins/workday.py
[2025-01-15T14:18:59.455+0800] {processor.py:914} INFO - Processing file /opt/anaconda3/envs/PyTorch/lib/python3.11/site-packages/airflow/example_dags/plugins/workday.py for tasks to queue
[2025-01-15T14:18:59.456+0800] {logging_mixin.py:190} INFO - [2025-01-15T14:18:59.456+0800] {dagbag.py:588} INFO - Filling up the DagBag from /opt/anaconda3/envs/PyTorch/lib/python3.11/site-packages/airflow/example_dags/plugins/workday.py
[2025-01-15T14:18:59.777+0800] {processor.py:927} WARNING - No viable dags retrieved from /opt/anaconda3/envs/PyTorch/lib/python3.11/site-packages/airflow/example_dags/plugins/workday.py
[2025-01-15T14:18:59.811+0800] {processor.py:208} INFO - Processing /opt/anaconda3/envs/PyTorch/lib/python3.11/site-packages/airflow/example_dags/plugins/workday.py took 0.359 seconds
[2025-01-15T14:20:59.127+0800] {processor.py:186} INFO - Started process (PID=97353) to work on /opt/anaconda3/envs/PyTorch/lib/python3.11/site-packages/airflow/example_dags/plugins/workday.py
[2025-01-15T14:20:59.128+0800] {processor.py:914} INFO - Processing file /opt/anaconda3/envs/PyTorch/lib/python3.11/site-packages/airflow/example_dags/plugins/workday.py for tasks to queue
[2025-01-15T14:20:59.129+0800] {logging_mixin.py:190} INFO - [2025-01-15T14:20:59.129+0800] {dagbag.py:588} INFO - Filling up the DagBag from /opt/anaconda3/envs/PyTorch/lib/python3.11/site-packages/airflow/example_dags/plugins/workday.py
[2025-01-15T14:20:59.346+0800] {processor.py:927} WARNING - No viable dags retrieved from /opt/anaconda3/envs/PyTorch/lib/python3.11/site-packages/airflow/example_dags/plugins/workday.py
[2025-01-15T14:20:59.378+0800] {processor.py:208} INFO - Processing /opt/anaconda3/envs/PyTorch/lib/python3.11/site-packages/airflow/example_dags/plugins/workday.py took 0.253 seconds
[2025-01-15T14:22:51.687+0800] {processor.py:186} INFO - Started process (PID=98376) to work on /opt/anaconda3/envs/PyTorch/lib/python3.11/site-packages/airflow/example_dags/plugins/workday.py
[2025-01-15T14:22:51.688+0800] {processor.py:914} INFO - Processing file /opt/anaconda3/envs/PyTorch/lib/python3.11/site-packages/airflow/example_dags/plugins/workday.py for tasks to queue
[2025-01-15T14:22:51.689+0800] {logging_mixin.py:190} INFO - [2025-01-15T14:22:51.689+0800] {dagbag.py:588} INFO - Filling up the DagBag from /opt/anaconda3/envs/PyTorch/lib/python3.11/site-packages/airflow/example_dags/plugins/workday.py
[2025-01-15T14:22:51.905+0800] {processor.py:927} WARNING - No viable dags retrieved from /opt/anaconda3/envs/PyTorch/lib/python3.11/site-packages/airflow/example_dags/plugins/workday.py
[2025-01-15T14:22:51.936+0800] {processor.py:208} INFO - Processing /opt/anaconda3/envs/PyTorch/lib/python3.11/site-packages/airflow/example_dags/plugins/workday.py took 0.251 seconds
[2025-01-15T14:24:33.884+0800] {processor.py:186} INFO - Started process (PID=99298) to work on /opt/anaconda3/envs/PyTorch/lib/python3.11/site-packages/airflow/example_dags/plugins/workday.py
[2025-01-15T14:24:33.885+0800] {processor.py:914} INFO - Processing file /opt/anaconda3/envs/PyTorch/lib/python3.11/site-packages/airflow/example_dags/plugins/workday.py for tasks to queue
[2025-01-15T14:24:33.886+0800] {logging_mixin.py:190} INFO - [2025-01-15T14:24:33.886+0800] {dagbag.py:588} INFO - Filling up the DagBag from /opt/anaconda3/envs/PyTorch/lib/python3.11/site-packages/airflow/example_dags/plugins/workday.py
[2025-01-15T14:24:34.136+0800] {processor.py:927} WARNING - No viable dags retrieved from /opt/anaconda3/envs/PyTorch/lib/python3.11/site-packages/airflow/example_dags/plugins/workday.py
[2025-01-15T14:24:34.172+0800] {processor.py:208} INFO - Processing /opt/anaconda3/envs/PyTorch/lib/python3.11/site-packages/airflow/example_dags/plugins/workday.py took 0.289 seconds
[2025-01-15T14:26:36.878+0800] {processor.py:186} INFO - Started process (PID=712) to work on /opt/anaconda3/envs/PyTorch/lib/python3.11/site-packages/airflow/example_dags/plugins/workday.py
[2025-01-15T14:26:36.879+0800] {processor.py:914} INFO - Processing file /opt/anaconda3/envs/PyTorch/lib/python3.11/site-packages/airflow/example_dags/plugins/workday.py for tasks to queue
[2025-01-15T14:26:36.879+0800] {logging_mixin.py:190} INFO - [2025-01-15T14:26:36.879+0800] {dagbag.py:588} INFO - Filling up the DagBag from /opt/anaconda3/envs/PyTorch/lib/python3.11/site-packages/airflow/example_dags/plugins/workday.py
[2025-01-15T14:26:37.179+0800] {processor.py:927} WARNING - No viable dags retrieved from /opt/anaconda3/envs/PyTorch/lib/python3.11/site-packages/airflow/example_dags/plugins/workday.py
[2025-01-15T14:26:37.214+0800] {processor.py:208} INFO - Processing /opt/anaconda3/envs/PyTorch/lib/python3.11/site-packages/airflow/example_dags/plugins/workday.py took 0.338 seconds
[2025-01-15T14:28:23.239+0800] {processor.py:186} INFO - Started process (PID=1865) to work on /opt/anaconda3/envs/PyTorch/lib/python3.11/site-packages/airflow/example_dags/plugins/workday.py
[2025-01-15T14:28:23.240+0800] {processor.py:914} INFO - Processing file /opt/anaconda3/envs/PyTorch/lib/python3.11/site-packages/airflow/example_dags/plugins/workday.py for tasks to queue
[2025-01-15T14:28:23.241+0800] {logging_mixin.py:190} INFO - [2025-01-15T14:28:23.241+0800] {dagbag.py:588} INFO - Filling up the DagBag from /opt/anaconda3/envs/PyTorch/lib/python3.11/site-packages/airflow/example_dags/plugins/workday.py
[2025-01-15T14:28:23.480+0800] {processor.py:927} WARNING - No viable dags retrieved from /opt/anaconda3/envs/PyTorch/lib/python3.11/site-packages/airflow/example_dags/plugins/workday.py
[2025-01-15T14:28:23.514+0800] {processor.py:208} INFO - Processing /opt/anaconda3/envs/PyTorch/lib/python3.11/site-packages/airflow/example_dags/plugins/workday.py took 0.277 seconds
[2025-01-15T14:30:16.806+0800] {processor.py:186} INFO - Started process (PID=3392) to work on /opt/anaconda3/envs/PyTorch/lib/python3.11/site-packages/airflow/example_dags/plugins/workday.py
[2025-01-15T14:30:16.807+0800] {processor.py:914} INFO - Processing file /opt/anaconda3/envs/PyTorch/lib/python3.11/site-packages/airflow/example_dags/plugins/workday.py for tasks to queue
[2025-01-15T14:30:16.807+0800] {logging_mixin.py:190} INFO - [2025-01-15T14:30:16.807+0800] {dagbag.py:588} INFO - Filling up the DagBag from /opt/anaconda3/envs/PyTorch/lib/python3.11/site-packages/airflow/example_dags/plugins/workday.py
[2025-01-15T14:30:17.017+0800] {processor.py:927} WARNING - No viable dags retrieved from /opt/anaconda3/envs/PyTorch/lib/python3.11/site-packages/airflow/example_dags/plugins/workday.py
[2025-01-15T14:30:17.050+0800] {processor.py:208} INFO - Processing /opt/anaconda3/envs/PyTorch/lib/python3.11/site-packages/airflow/example_dags/plugins/workday.py took 0.246 seconds
