[2025-01-15T11:50:20.000+0800] {processor.py:186} INFO - Started process (PID=15245) to work on /opt/anaconda3/envs/PyTorch/lib/python3.11/site-packages/airflow/example_dags/example_local_kubernetes_executor.py
[2025-01-15T11:50:20.000+0800] {processor.py:914} INFO - Processing file /opt/anaconda3/envs/PyTorch/lib/python3.11/site-packages/airflow/example_dags/example_local_kubernetes_executor.py for tasks to queue
[2025-01-15T11:50:20.001+0800] {logging_mixin.py:190} INFO - [2025-01-15T11:50:20.001+0800] {dagbag.py:588} INFO - Filling up the DagBag from /opt/anaconda3/envs/PyTorch/lib/python3.11/site-packages/airflow/example_dags/example_local_kubernetes_executor.py
[2025-01-15T11:50:20.017+0800] {logging_mixin.py:190} INFO - [2025-01-15T11:50:20.017+0800] {example_local_kubernetes_executor.py:40} WARNING - Could not import DAGs in example_local_kubernetes_executor.py
Traceback (most recent call last):
  File "/opt/anaconda3/envs/PyTorch/lib/python3.11/site-packages/airflow/example_dags/example_local_kubernetes_executor.py", line 38, in <module>
    from kubernetes.client import models as k8s
ModuleNotFoundError: No module named 'kubernetes'
[2025-01-15T11:50:20.018+0800] {logging_mixin.py:190} INFO - [2025-01-15T11:50:20.018+0800] {example_local_kubernetes_executor.py:41} WARNING - Install Kubernetes dependencies with: pip install apache-airflow[cncf.kubernetes]
[2025-01-15T11:50:20.018+0800] {processor.py:927} WARNING - No viable dags retrieved from /opt/anaconda3/envs/PyTorch/lib/python3.11/site-packages/airflow/example_dags/example_local_kubernetes_executor.py
[2025-01-15T11:50:20.050+0800] {processor.py:208} INFO - Processing /opt/anaconda3/envs/PyTorch/lib/python3.11/site-packages/airflow/example_dags/example_local_kubernetes_executor.py took 0.053 seconds
[2025-01-15T11:56:52.109+0800] {processor.py:186} INFO - Started process (PID=18528) to work on /opt/anaconda3/envs/PyTorch/lib/python3.11/site-packages/airflow/example_dags/example_local_kubernetes_executor.py
[2025-01-15T11:56:52.110+0800] {processor.py:914} INFO - Processing file /opt/anaconda3/envs/PyTorch/lib/python3.11/site-packages/airflow/example_dags/example_local_kubernetes_executor.py for tasks to queue
[2025-01-15T11:56:52.110+0800] {logging_mixin.py:190} INFO - [2025-01-15T11:56:52.110+0800] {dagbag.py:588} INFO - Filling up the DagBag from /opt/anaconda3/envs/PyTorch/lib/python3.11/site-packages/airflow/example_dags/example_local_kubernetes_executor.py
[2025-01-15T11:56:52.127+0800] {logging_mixin.py:190} INFO - [2025-01-15T11:56:52.127+0800] {example_local_kubernetes_executor.py:40} WARNING - Could not import DAGs in example_local_kubernetes_executor.py
Traceback (most recent call last):
  File "/opt/anaconda3/envs/PyTorch/lib/python3.11/site-packages/airflow/example_dags/example_local_kubernetes_executor.py", line 38, in <module>
    from kubernetes.client import models as k8s
ModuleNotFoundError: No module named 'kubernetes'
[2025-01-15T11:56:52.127+0800] {logging_mixin.py:190} INFO - [2025-01-15T11:56:52.127+0800] {example_local_kubernetes_executor.py:41} WARNING - Install Kubernetes dependencies with: pip install apache-airflow[cncf.kubernetes]
[2025-01-15T11:56:52.128+0800] {processor.py:927} WARNING - No viable dags retrieved from /opt/anaconda3/envs/PyTorch/lib/python3.11/site-packages/airflow/example_dags/example_local_kubernetes_executor.py
[2025-01-15T11:56:52.161+0800] {processor.py:208} INFO - Processing /opt/anaconda3/envs/PyTorch/lib/python3.11/site-packages/airflow/example_dags/example_local_kubernetes_executor.py took 0.055 seconds
[2025-01-15T11:58:47.735+0800] {processor.py:186} INFO - Started process (PID=19574) to work on /opt/anaconda3/envs/PyTorch/lib/python3.11/site-packages/airflow/example_dags/example_local_kubernetes_executor.py
[2025-01-15T11:58:47.737+0800] {processor.py:914} INFO - Processing file /opt/anaconda3/envs/PyTorch/lib/python3.11/site-packages/airflow/example_dags/example_local_kubernetes_executor.py for tasks to queue
[2025-01-15T11:58:47.737+0800] {logging_mixin.py:190} INFO - [2025-01-15T11:58:47.737+0800] {dagbag.py:588} INFO - Filling up the DagBag from /opt/anaconda3/envs/PyTorch/lib/python3.11/site-packages/airflow/example_dags/example_local_kubernetes_executor.py
[2025-01-15T11:58:47.753+0800] {logging_mixin.py:190} INFO - [2025-01-15T11:58:47.753+0800] {example_local_kubernetes_executor.py:40} WARNING - Could not import DAGs in example_local_kubernetes_executor.py
Traceback (most recent call last):
  File "/opt/anaconda3/envs/PyTorch/lib/python3.11/site-packages/airflow/example_dags/example_local_kubernetes_executor.py", line 38, in <module>
    from kubernetes.client import models as k8s
ModuleNotFoundError: No module named 'kubernetes'
[2025-01-15T11:58:47.754+0800] {logging_mixin.py:190} INFO - [2025-01-15T11:58:47.753+0800] {example_local_kubernetes_executor.py:41} WARNING - Install Kubernetes dependencies with: pip install apache-airflow[cncf.kubernetes]
[2025-01-15T11:58:47.754+0800] {processor.py:927} WARNING - No viable dags retrieved from /opt/anaconda3/envs/PyTorch/lib/python3.11/site-packages/airflow/example_dags/example_local_kubernetes_executor.py
[2025-01-15T11:58:47.784+0800] {processor.py:208} INFO - Processing /opt/anaconda3/envs/PyTorch/lib/python3.11/site-packages/airflow/example_dags/example_local_kubernetes_executor.py took 0.050 seconds
[2025-01-15T12:00:44.880+0800] {processor.py:186} INFO - Started process (PID=20619) to work on /opt/anaconda3/envs/PyTorch/lib/python3.11/site-packages/airflow/example_dags/example_local_kubernetes_executor.py
[2025-01-15T12:00:44.881+0800] {processor.py:914} INFO - Processing file /opt/anaconda3/envs/PyTorch/lib/python3.11/site-packages/airflow/example_dags/example_local_kubernetes_executor.py for tasks to queue
[2025-01-15T12:00:44.882+0800] {logging_mixin.py:190} INFO - [2025-01-15T12:00:44.882+0800] {dagbag.py:588} INFO - Filling up the DagBag from /opt/anaconda3/envs/PyTorch/lib/python3.11/site-packages/airflow/example_dags/example_local_kubernetes_executor.py
[2025-01-15T12:00:44.897+0800] {logging_mixin.py:190} INFO - [2025-01-15T12:00:44.897+0800] {example_local_kubernetes_executor.py:40} WARNING - Could not import DAGs in example_local_kubernetes_executor.py
Traceback (most recent call last):
  File "/opt/anaconda3/envs/PyTorch/lib/python3.11/site-packages/airflow/example_dags/example_local_kubernetes_executor.py", line 38, in <module>
    from kubernetes.client import models as k8s
ModuleNotFoundError: No module named 'kubernetes'
[2025-01-15T12:00:44.897+0800] {logging_mixin.py:190} INFO - [2025-01-15T12:00:44.897+0800] {example_local_kubernetes_executor.py:41} WARNING - Install Kubernetes dependencies with: pip install apache-airflow[cncf.kubernetes]
[2025-01-15T12:00:44.898+0800] {processor.py:927} WARNING - No viable dags retrieved from /opt/anaconda3/envs/PyTorch/lib/python3.11/site-packages/airflow/example_dags/example_local_kubernetes_executor.py
[2025-01-15T12:00:44.927+0800] {processor.py:208} INFO - Processing /opt/anaconda3/envs/PyTorch/lib/python3.11/site-packages/airflow/example_dags/example_local_kubernetes_executor.py took 0.049 seconds
[2025-01-15T12:03:38.678+0800] {processor.py:186} INFO - Started process (PID=22145) to work on /opt/anaconda3/envs/PyTorch/lib/python3.11/site-packages/airflow/example_dags/example_local_kubernetes_executor.py
[2025-01-15T12:03:38.680+0800] {processor.py:914} INFO - Processing file /opt/anaconda3/envs/PyTorch/lib/python3.11/site-packages/airflow/example_dags/example_local_kubernetes_executor.py for tasks to queue
[2025-01-15T12:03:38.680+0800] {logging_mixin.py:190} INFO - [2025-01-15T12:03:38.680+0800] {dagbag.py:588} INFO - Filling up the DagBag from /opt/anaconda3/envs/PyTorch/lib/python3.11/site-packages/airflow/example_dags/example_local_kubernetes_executor.py
[2025-01-15T12:03:38.696+0800] {logging_mixin.py:190} INFO - [2025-01-15T12:03:38.696+0800] {example_local_kubernetes_executor.py:40} WARNING - Could not import DAGs in example_local_kubernetes_executor.py
Traceback (most recent call last):
  File "/opt/anaconda3/envs/PyTorch/lib/python3.11/site-packages/airflow/example_dags/example_local_kubernetes_executor.py", line 38, in <module>
    from kubernetes.client import models as k8s
ModuleNotFoundError: No module named 'kubernetes'
[2025-01-15T12:03:38.696+0800] {logging_mixin.py:190} INFO - [2025-01-15T12:03:38.696+0800] {example_local_kubernetes_executor.py:41} WARNING - Install Kubernetes dependencies with: pip install apache-airflow[cncf.kubernetes]
[2025-01-15T12:03:38.696+0800] {processor.py:927} WARNING - No viable dags retrieved from /opt/anaconda3/envs/PyTorch/lib/python3.11/site-packages/airflow/example_dags/example_local_kubernetes_executor.py
[2025-01-15T12:03:38.726+0800] {processor.py:208} INFO - Processing /opt/anaconda3/envs/PyTorch/lib/python3.11/site-packages/airflow/example_dags/example_local_kubernetes_executor.py took 0.050 seconds
[2025-01-15T12:06:31.571+0800] {processor.py:186} INFO - Started process (PID=23712) to work on /opt/anaconda3/envs/PyTorch/lib/python3.11/site-packages/airflow/example_dags/example_local_kubernetes_executor.py
[2025-01-15T12:06:31.572+0800] {processor.py:914} INFO - Processing file /opt/anaconda3/envs/PyTorch/lib/python3.11/site-packages/airflow/example_dags/example_local_kubernetes_executor.py for tasks to queue
[2025-01-15T12:06:31.573+0800] {logging_mixin.py:190} INFO - [2025-01-15T12:06:31.572+0800] {dagbag.py:588} INFO - Filling up the DagBag from /opt/anaconda3/envs/PyTorch/lib/python3.11/site-packages/airflow/example_dags/example_local_kubernetes_executor.py
[2025-01-15T12:06:31.588+0800] {logging_mixin.py:190} INFO - [2025-01-15T12:06:31.588+0800] {example_local_kubernetes_executor.py:40} WARNING - Could not import DAGs in example_local_kubernetes_executor.py
Traceback (most recent call last):
  File "/opt/anaconda3/envs/PyTorch/lib/python3.11/site-packages/airflow/example_dags/example_local_kubernetes_executor.py", line 38, in <module>
    from kubernetes.client import models as k8s
ModuleNotFoundError: No module named 'kubernetes'
[2025-01-15T12:06:31.588+0800] {logging_mixin.py:190} INFO - [2025-01-15T12:06:31.588+0800] {example_local_kubernetes_executor.py:41} WARNING - Install Kubernetes dependencies with: pip install apache-airflow[cncf.kubernetes]
[2025-01-15T12:06:31.588+0800] {processor.py:927} WARNING - No viable dags retrieved from /opt/anaconda3/envs/PyTorch/lib/python3.11/site-packages/airflow/example_dags/example_local_kubernetes_executor.py
[2025-01-15T12:06:31.619+0800] {processor.py:208} INFO - Processing /opt/anaconda3/envs/PyTorch/lib/python3.11/site-packages/airflow/example_dags/example_local_kubernetes_executor.py took 0.050 seconds
[2025-01-15T12:09:27.808+0800] {processor.py:186} INFO - Started process (PID=25293) to work on /opt/anaconda3/envs/PyTorch/lib/python3.11/site-packages/airflow/example_dags/example_local_kubernetes_executor.py
[2025-01-15T12:09:27.808+0800] {processor.py:914} INFO - Processing file /opt/anaconda3/envs/PyTorch/lib/python3.11/site-packages/airflow/example_dags/example_local_kubernetes_executor.py for tasks to queue
[2025-01-15T12:09:27.809+0800] {logging_mixin.py:190} INFO - [2025-01-15T12:09:27.809+0800] {dagbag.py:588} INFO - Filling up the DagBag from /opt/anaconda3/envs/PyTorch/lib/python3.11/site-packages/airflow/example_dags/example_local_kubernetes_executor.py
[2025-01-15T12:09:27.825+0800] {logging_mixin.py:190} INFO - [2025-01-15T12:09:27.824+0800] {example_local_kubernetes_executor.py:40} WARNING - Could not import DAGs in example_local_kubernetes_executor.py
Traceback (most recent call last):
  File "/opt/anaconda3/envs/PyTorch/lib/python3.11/site-packages/airflow/example_dags/example_local_kubernetes_executor.py", line 38, in <module>
    from kubernetes.client import models as k8s
ModuleNotFoundError: No module named 'kubernetes'
[2025-01-15T12:09:27.825+0800] {logging_mixin.py:190} INFO - [2025-01-15T12:09:27.825+0800] {example_local_kubernetes_executor.py:41} WARNING - Install Kubernetes dependencies with: pip install apache-airflow[cncf.kubernetes]
[2025-01-15T12:09:27.825+0800] {processor.py:927} WARNING - No viable dags retrieved from /opt/anaconda3/envs/PyTorch/lib/python3.11/site-packages/airflow/example_dags/example_local_kubernetes_executor.py
[2025-01-15T12:09:27.855+0800] {processor.py:208} INFO - Processing /opt/anaconda3/envs/PyTorch/lib/python3.11/site-packages/airflow/example_dags/example_local_kubernetes_executor.py took 0.049 seconds
[2025-01-15T12:12:25.251+0800] {processor.py:186} INFO - Started process (PID=26915) to work on /opt/anaconda3/envs/PyTorch/lib/python3.11/site-packages/airflow/example_dags/example_local_kubernetes_executor.py
[2025-01-15T12:12:25.253+0800] {processor.py:914} INFO - Processing file /opt/anaconda3/envs/PyTorch/lib/python3.11/site-packages/airflow/example_dags/example_local_kubernetes_executor.py for tasks to queue
[2025-01-15T12:12:25.253+0800] {logging_mixin.py:190} INFO - [2025-01-15T12:12:25.253+0800] {dagbag.py:588} INFO - Filling up the DagBag from /opt/anaconda3/envs/PyTorch/lib/python3.11/site-packages/airflow/example_dags/example_local_kubernetes_executor.py
[2025-01-15T12:12:25.269+0800] {logging_mixin.py:190} INFO - [2025-01-15T12:12:25.269+0800] {example_local_kubernetes_executor.py:40} WARNING - Could not import DAGs in example_local_kubernetes_executor.py
Traceback (most recent call last):
  File "/opt/anaconda3/envs/PyTorch/lib/python3.11/site-packages/airflow/example_dags/example_local_kubernetes_executor.py", line 38, in <module>
    from kubernetes.client import models as k8s
ModuleNotFoundError: No module named 'kubernetes'
[2025-01-15T12:12:25.269+0800] {logging_mixin.py:190} INFO - [2025-01-15T12:12:25.269+0800] {example_local_kubernetes_executor.py:41} WARNING - Install Kubernetes dependencies with: pip install apache-airflow[cncf.kubernetes]
[2025-01-15T12:12:25.269+0800] {processor.py:927} WARNING - No viable dags retrieved from /opt/anaconda3/envs/PyTorch/lib/python3.11/site-packages/airflow/example_dags/example_local_kubernetes_executor.py
[2025-01-15T12:12:25.301+0800] {processor.py:208} INFO - Processing /opt/anaconda3/envs/PyTorch/lib/python3.11/site-packages/airflow/example_dags/example_local_kubernetes_executor.py took 0.051 seconds
[2025-01-15T12:15:21.981+0800] {processor.py:186} INFO - Started process (PID=28462) to work on /opt/anaconda3/envs/PyTorch/lib/python3.11/site-packages/airflow/example_dags/example_local_kubernetes_executor.py
[2025-01-15T12:15:21.983+0800] {processor.py:914} INFO - Processing file /opt/anaconda3/envs/PyTorch/lib/python3.11/site-packages/airflow/example_dags/example_local_kubernetes_executor.py for tasks to queue
[2025-01-15T12:15:21.984+0800] {logging_mixin.py:190} INFO - [2025-01-15T12:15:21.984+0800] {dagbag.py:588} INFO - Filling up the DagBag from /opt/anaconda3/envs/PyTorch/lib/python3.11/site-packages/airflow/example_dags/example_local_kubernetes_executor.py
[2025-01-15T12:15:22.000+0800] {logging_mixin.py:190} INFO - [2025-01-15T12:15:21.999+0800] {example_local_kubernetes_executor.py:40} WARNING - Could not import DAGs in example_local_kubernetes_executor.py
Traceback (most recent call last):
  File "/opt/anaconda3/envs/PyTorch/lib/python3.11/site-packages/airflow/example_dags/example_local_kubernetes_executor.py", line 38, in <module>
    from kubernetes.client import models as k8s
ModuleNotFoundError: No module named 'kubernetes'
[2025-01-15T12:15:22.000+0800] {logging_mixin.py:190} INFO - [2025-01-15T12:15:22.000+0800] {example_local_kubernetes_executor.py:41} WARNING - Install Kubernetes dependencies with: pip install apache-airflow[cncf.kubernetes]
[2025-01-15T12:15:22.000+0800] {processor.py:927} WARNING - No viable dags retrieved from /opt/anaconda3/envs/PyTorch/lib/python3.11/site-packages/airflow/example_dags/example_local_kubernetes_executor.py
[2025-01-15T12:15:22.030+0800] {processor.py:208} INFO - Processing /opt/anaconda3/envs/PyTorch/lib/python3.11/site-packages/airflow/example_dags/example_local_kubernetes_executor.py took 0.050 seconds
[2025-01-15T12:18:18.899+0800] {processor.py:186} INFO - Started process (PID=30040) to work on /opt/anaconda3/envs/PyTorch/lib/python3.11/site-packages/airflow/example_dags/example_local_kubernetes_executor.py
[2025-01-15T12:18:18.901+0800] {processor.py:914} INFO - Processing file /opt/anaconda3/envs/PyTorch/lib/python3.11/site-packages/airflow/example_dags/example_local_kubernetes_executor.py for tasks to queue
[2025-01-15T12:18:18.901+0800] {logging_mixin.py:190} INFO - [2025-01-15T12:18:18.901+0800] {dagbag.py:588} INFO - Filling up the DagBag from /opt/anaconda3/envs/PyTorch/lib/python3.11/site-packages/airflow/example_dags/example_local_kubernetes_executor.py
[2025-01-15T12:18:18.917+0800] {logging_mixin.py:190} INFO - [2025-01-15T12:18:18.917+0800] {example_local_kubernetes_executor.py:40} WARNING - Could not import DAGs in example_local_kubernetes_executor.py
Traceback (most recent call last):
  File "/opt/anaconda3/envs/PyTorch/lib/python3.11/site-packages/airflow/example_dags/example_local_kubernetes_executor.py", line 38, in <module>
    from kubernetes.client import models as k8s
ModuleNotFoundError: No module named 'kubernetes'
[2025-01-15T12:18:18.918+0800] {logging_mixin.py:190} INFO - [2025-01-15T12:18:18.918+0800] {example_local_kubernetes_executor.py:41} WARNING - Install Kubernetes dependencies with: pip install apache-airflow[cncf.kubernetes]
[2025-01-15T12:18:18.918+0800] {processor.py:927} WARNING - No viable dags retrieved from /opt/anaconda3/envs/PyTorch/lib/python3.11/site-packages/airflow/example_dags/example_local_kubernetes_executor.py
[2025-01-15T12:18:18.947+0800] {processor.py:208} INFO - Processing /opt/anaconda3/envs/PyTorch/lib/python3.11/site-packages/airflow/example_dags/example_local_kubernetes_executor.py took 0.050 seconds
[2025-01-15T12:21:17.051+0800] {processor.py:186} INFO - Started process (PID=31600) to work on /opt/anaconda3/envs/PyTorch/lib/python3.11/site-packages/airflow/example_dags/example_local_kubernetes_executor.py
[2025-01-15T12:21:17.053+0800] {processor.py:914} INFO - Processing file /opt/anaconda3/envs/PyTorch/lib/python3.11/site-packages/airflow/example_dags/example_local_kubernetes_executor.py for tasks to queue
[2025-01-15T12:21:17.054+0800] {logging_mixin.py:190} INFO - [2025-01-15T12:21:17.053+0800] {dagbag.py:588} INFO - Filling up the DagBag from /opt/anaconda3/envs/PyTorch/lib/python3.11/site-packages/airflow/example_dags/example_local_kubernetes_executor.py
[2025-01-15T12:21:17.069+0800] {logging_mixin.py:190} INFO - [2025-01-15T12:21:17.069+0800] {example_local_kubernetes_executor.py:40} WARNING - Could not import DAGs in example_local_kubernetes_executor.py
Traceback (most recent call last):
  File "/opt/anaconda3/envs/PyTorch/lib/python3.11/site-packages/airflow/example_dags/example_local_kubernetes_executor.py", line 38, in <module>
    from kubernetes.client import models as k8s
ModuleNotFoundError: No module named 'kubernetes'
[2025-01-15T12:21:17.069+0800] {logging_mixin.py:190} INFO - [2025-01-15T12:21:17.069+0800] {example_local_kubernetes_executor.py:41} WARNING - Install Kubernetes dependencies with: pip install apache-airflow[cncf.kubernetes]
[2025-01-15T12:21:17.069+0800] {processor.py:927} WARNING - No viable dags retrieved from /opt/anaconda3/envs/PyTorch/lib/python3.11/site-packages/airflow/example_dags/example_local_kubernetes_executor.py
[2025-01-15T12:21:17.099+0800] {processor.py:208} INFO - Processing /opt/anaconda3/envs/PyTorch/lib/python3.11/site-packages/airflow/example_dags/example_local_kubernetes_executor.py took 0.049 seconds
[2025-01-15T12:24:21.514+0800] {processor.py:186} INFO - Started process (PID=33236) to work on /opt/anaconda3/envs/PyTorch/lib/python3.11/site-packages/airflow/example_dags/example_local_kubernetes_executor.py
[2025-01-15T12:24:21.515+0800] {processor.py:914} INFO - Processing file /opt/anaconda3/envs/PyTorch/lib/python3.11/site-packages/airflow/example_dags/example_local_kubernetes_executor.py for tasks to queue
[2025-01-15T12:24:21.516+0800] {logging_mixin.py:190} INFO - [2025-01-15T12:24:21.516+0800] {dagbag.py:588} INFO - Filling up the DagBag from /opt/anaconda3/envs/PyTorch/lib/python3.11/site-packages/airflow/example_dags/example_local_kubernetes_executor.py
[2025-01-15T12:24:21.532+0800] {logging_mixin.py:190} INFO - [2025-01-15T12:24:21.532+0800] {example_local_kubernetes_executor.py:40} WARNING - Could not import DAGs in example_local_kubernetes_executor.py
Traceback (most recent call last):
  File "/opt/anaconda3/envs/PyTorch/lib/python3.11/site-packages/airflow/example_dags/example_local_kubernetes_executor.py", line 38, in <module>
    from kubernetes.client import models as k8s
ModuleNotFoundError: No module named 'kubernetes'
[2025-01-15T12:24:21.533+0800] {logging_mixin.py:190} INFO - [2025-01-15T12:24:21.533+0800] {example_local_kubernetes_executor.py:41} WARNING - Install Kubernetes dependencies with: pip install apache-airflow[cncf.kubernetes]
[2025-01-15T12:24:21.533+0800] {processor.py:927} WARNING - No viable dags retrieved from /opt/anaconda3/envs/PyTorch/lib/python3.11/site-packages/airflow/example_dags/example_local_kubernetes_executor.py
[2025-01-15T12:24:21.564+0800] {processor.py:208} INFO - Processing /opt/anaconda3/envs/PyTorch/lib/python3.11/site-packages/airflow/example_dags/example_local_kubernetes_executor.py took 0.051 seconds
[2025-01-15T12:27:16.701+0800] {processor.py:186} INFO - Started process (PID=34776) to work on /opt/anaconda3/envs/PyTorch/lib/python3.11/site-packages/airflow/example_dags/example_local_kubernetes_executor.py
[2025-01-15T12:27:16.702+0800] {processor.py:914} INFO - Processing file /opt/anaconda3/envs/PyTorch/lib/python3.11/site-packages/airflow/example_dags/example_local_kubernetes_executor.py for tasks to queue
[2025-01-15T12:27:16.703+0800] {logging_mixin.py:190} INFO - [2025-01-15T12:27:16.703+0800] {dagbag.py:588} INFO - Filling up the DagBag from /opt/anaconda3/envs/PyTorch/lib/python3.11/site-packages/airflow/example_dags/example_local_kubernetes_executor.py
[2025-01-15T12:27:16.719+0800] {logging_mixin.py:190} INFO - [2025-01-15T12:27:16.719+0800] {example_local_kubernetes_executor.py:40} WARNING - Could not import DAGs in example_local_kubernetes_executor.py
Traceback (most recent call last):
  File "/opt/anaconda3/envs/PyTorch/lib/python3.11/site-packages/airflow/example_dags/example_local_kubernetes_executor.py", line 38, in <module>
    from kubernetes.client import models as k8s
ModuleNotFoundError: No module named 'kubernetes'
[2025-01-15T12:27:16.719+0800] {logging_mixin.py:190} INFO - [2025-01-15T12:27:16.719+0800] {example_local_kubernetes_executor.py:41} WARNING - Install Kubernetes dependencies with: pip install apache-airflow[cncf.kubernetes]
[2025-01-15T12:27:16.719+0800] {processor.py:927} WARNING - No viable dags retrieved from /opt/anaconda3/envs/PyTorch/lib/python3.11/site-packages/airflow/example_dags/example_local_kubernetes_executor.py
[2025-01-15T12:27:16.750+0800] {processor.py:208} INFO - Processing /opt/anaconda3/envs/PyTorch/lib/python3.11/site-packages/airflow/example_dags/example_local_kubernetes_executor.py took 0.051 seconds
[2025-01-15T12:30:13.846+0800] {processor.py:186} INFO - Started process (PID=36333) to work on /opt/anaconda3/envs/PyTorch/lib/python3.11/site-packages/airflow/example_dags/example_local_kubernetes_executor.py
[2025-01-15T12:30:13.847+0800] {processor.py:914} INFO - Processing file /opt/anaconda3/envs/PyTorch/lib/python3.11/site-packages/airflow/example_dags/example_local_kubernetes_executor.py for tasks to queue
[2025-01-15T12:30:13.847+0800] {logging_mixin.py:190} INFO - [2025-01-15T12:30:13.847+0800] {dagbag.py:588} INFO - Filling up the DagBag from /opt/anaconda3/envs/PyTorch/lib/python3.11/site-packages/airflow/example_dags/example_local_kubernetes_executor.py
[2025-01-15T12:30:13.864+0800] {logging_mixin.py:190} INFO - [2025-01-15T12:30:13.864+0800] {example_local_kubernetes_executor.py:40} WARNING - Could not import DAGs in example_local_kubernetes_executor.py
Traceback (most recent call last):
  File "/opt/anaconda3/envs/PyTorch/lib/python3.11/site-packages/airflow/example_dags/example_local_kubernetes_executor.py", line 38, in <module>
    from kubernetes.client import models as k8s
ModuleNotFoundError: No module named 'kubernetes'
[2025-01-15T12:30:13.864+0800] {logging_mixin.py:190} INFO - [2025-01-15T12:30:13.864+0800] {example_local_kubernetes_executor.py:41} WARNING - Install Kubernetes dependencies with: pip install apache-airflow[cncf.kubernetes]
[2025-01-15T12:30:13.864+0800] {processor.py:927} WARNING - No viable dags retrieved from /opt/anaconda3/envs/PyTorch/lib/python3.11/site-packages/airflow/example_dags/example_local_kubernetes_executor.py
[2025-01-15T12:30:13.894+0800] {processor.py:208} INFO - Processing /opt/anaconda3/envs/PyTorch/lib/python3.11/site-packages/airflow/example_dags/example_local_kubernetes_executor.py took 0.050 seconds
[2025-01-15T12:33:09.385+0800] {processor.py:186} INFO - Started process (PID=37854) to work on /opt/anaconda3/envs/PyTorch/lib/python3.11/site-packages/airflow/example_dags/example_local_kubernetes_executor.py
[2025-01-15T12:33:09.386+0800] {processor.py:914} INFO - Processing file /opt/anaconda3/envs/PyTorch/lib/python3.11/site-packages/airflow/example_dags/example_local_kubernetes_executor.py for tasks to queue
[2025-01-15T12:33:09.387+0800] {logging_mixin.py:190} INFO - [2025-01-15T12:33:09.387+0800] {dagbag.py:588} INFO - Filling up the DagBag from /opt/anaconda3/envs/PyTorch/lib/python3.11/site-packages/airflow/example_dags/example_local_kubernetes_executor.py
[2025-01-15T12:33:09.401+0800] {logging_mixin.py:190} INFO - [2025-01-15T12:33:09.401+0800] {example_local_kubernetes_executor.py:40} WARNING - Could not import DAGs in example_local_kubernetes_executor.py
Traceback (most recent call last):
  File "/opt/anaconda3/envs/PyTorch/lib/python3.11/site-packages/airflow/example_dags/example_local_kubernetes_executor.py", line 38, in <module>
    from kubernetes.client import models as k8s
ModuleNotFoundError: No module named 'kubernetes'
[2025-01-15T12:33:09.402+0800] {logging_mixin.py:190} INFO - [2025-01-15T12:33:09.402+0800] {example_local_kubernetes_executor.py:41} WARNING - Install Kubernetes dependencies with: pip install apache-airflow[cncf.kubernetes]
[2025-01-15T12:33:09.402+0800] {processor.py:927} WARNING - No viable dags retrieved from /opt/anaconda3/envs/PyTorch/lib/python3.11/site-packages/airflow/example_dags/example_local_kubernetes_executor.py
[2025-01-15T12:33:09.432+0800] {processor.py:208} INFO - Processing /opt/anaconda3/envs/PyTorch/lib/python3.11/site-packages/airflow/example_dags/example_local_kubernetes_executor.py took 0.049 seconds
[2025-01-15T12:36:07.596+0800] {processor.py:186} INFO - Started process (PID=39440) to work on /opt/anaconda3/envs/PyTorch/lib/python3.11/site-packages/airflow/example_dags/example_local_kubernetes_executor.py
[2025-01-15T12:36:07.597+0800] {processor.py:914} INFO - Processing file /opt/anaconda3/envs/PyTorch/lib/python3.11/site-packages/airflow/example_dags/example_local_kubernetes_executor.py for tasks to queue
[2025-01-15T12:36:07.598+0800] {logging_mixin.py:190} INFO - [2025-01-15T12:36:07.598+0800] {dagbag.py:588} INFO - Filling up the DagBag from /opt/anaconda3/envs/PyTorch/lib/python3.11/site-packages/airflow/example_dags/example_local_kubernetes_executor.py
[2025-01-15T12:36:07.615+0800] {logging_mixin.py:190} INFO - [2025-01-15T12:36:07.615+0800] {example_local_kubernetes_executor.py:40} WARNING - Could not import DAGs in example_local_kubernetes_executor.py
Traceback (most recent call last):
  File "/opt/anaconda3/envs/PyTorch/lib/python3.11/site-packages/airflow/example_dags/example_local_kubernetes_executor.py", line 38, in <module>
    from kubernetes.client import models as k8s
ModuleNotFoundError: No module named 'kubernetes'
[2025-01-15T12:36:07.615+0800] {logging_mixin.py:190} INFO - [2025-01-15T12:36:07.615+0800] {example_local_kubernetes_executor.py:41} WARNING - Install Kubernetes dependencies with: pip install apache-airflow[cncf.kubernetes]
[2025-01-15T12:36:07.616+0800] {processor.py:927} WARNING - No viable dags retrieved from /opt/anaconda3/envs/PyTorch/lib/python3.11/site-packages/airflow/example_dags/example_local_kubernetes_executor.py
[2025-01-15T12:36:07.649+0800] {processor.py:208} INFO - Processing /opt/anaconda3/envs/PyTorch/lib/python3.11/site-packages/airflow/example_dags/example_local_kubernetes_executor.py took 0.054 seconds
[2025-01-15T12:39:04.544+0800] {processor.py:186} INFO - Started process (PID=40995) to work on /opt/anaconda3/envs/PyTorch/lib/python3.11/site-packages/airflow/example_dags/example_local_kubernetes_executor.py
[2025-01-15T12:39:04.544+0800] {processor.py:914} INFO - Processing file /opt/anaconda3/envs/PyTorch/lib/python3.11/site-packages/airflow/example_dags/example_local_kubernetes_executor.py for tasks to queue
[2025-01-15T12:39:04.545+0800] {logging_mixin.py:190} INFO - [2025-01-15T12:39:04.545+0800] {dagbag.py:588} INFO - Filling up the DagBag from /opt/anaconda3/envs/PyTorch/lib/python3.11/site-packages/airflow/example_dags/example_local_kubernetes_executor.py
[2025-01-15T12:39:04.561+0800] {logging_mixin.py:190} INFO - [2025-01-15T12:39:04.561+0800] {example_local_kubernetes_executor.py:40} WARNING - Could not import DAGs in example_local_kubernetes_executor.py
Traceback (most recent call last):
  File "/opt/anaconda3/envs/PyTorch/lib/python3.11/site-packages/airflow/example_dags/example_local_kubernetes_executor.py", line 38, in <module>
    from kubernetes.client import models as k8s
ModuleNotFoundError: No module named 'kubernetes'
[2025-01-15T12:39:04.561+0800] {logging_mixin.py:190} INFO - [2025-01-15T12:39:04.561+0800] {example_local_kubernetes_executor.py:41} WARNING - Install Kubernetes dependencies with: pip install apache-airflow[cncf.kubernetes]
[2025-01-15T12:39:04.561+0800] {processor.py:927} WARNING - No viable dags retrieved from /opt/anaconda3/envs/PyTorch/lib/python3.11/site-packages/airflow/example_dags/example_local_kubernetes_executor.py
[2025-01-15T12:39:04.593+0800] {processor.py:208} INFO - Processing /opt/anaconda3/envs/PyTorch/lib/python3.11/site-packages/airflow/example_dags/example_local_kubernetes_executor.py took 0.051 seconds
[2025-01-15T12:42:02.634+0800] {processor.py:186} INFO - Started process (PID=42616) to work on /opt/anaconda3/envs/PyTorch/lib/python3.11/site-packages/airflow/example_dags/example_local_kubernetes_executor.py
[2025-01-15T12:42:02.636+0800] {processor.py:914} INFO - Processing file /opt/anaconda3/envs/PyTorch/lib/python3.11/site-packages/airflow/example_dags/example_local_kubernetes_executor.py for tasks to queue
[2025-01-15T12:42:02.636+0800] {logging_mixin.py:190} INFO - [2025-01-15T12:42:02.636+0800] {dagbag.py:588} INFO - Filling up the DagBag from /opt/anaconda3/envs/PyTorch/lib/python3.11/site-packages/airflow/example_dags/example_local_kubernetes_executor.py
[2025-01-15T12:42:02.652+0800] {logging_mixin.py:190} INFO - [2025-01-15T12:42:02.652+0800] {example_local_kubernetes_executor.py:40} WARNING - Could not import DAGs in example_local_kubernetes_executor.py
Traceback (most recent call last):
  File "/opt/anaconda3/envs/PyTorch/lib/python3.11/site-packages/airflow/example_dags/example_local_kubernetes_executor.py", line 38, in <module>
    from kubernetes.client import models as k8s
ModuleNotFoundError: No module named 'kubernetes'
[2025-01-15T12:42:02.652+0800] {logging_mixin.py:190} INFO - [2025-01-15T12:42:02.652+0800] {example_local_kubernetes_executor.py:41} WARNING - Install Kubernetes dependencies with: pip install apache-airflow[cncf.kubernetes]
[2025-01-15T12:42:02.652+0800] {processor.py:927} WARNING - No viable dags retrieved from /opt/anaconda3/envs/PyTorch/lib/python3.11/site-packages/airflow/example_dags/example_local_kubernetes_executor.py
[2025-01-15T12:42:02.682+0800] {processor.py:208} INFO - Processing /opt/anaconda3/envs/PyTorch/lib/python3.11/site-packages/airflow/example_dags/example_local_kubernetes_executor.py took 0.050 seconds
[2025-01-15T12:44:59.906+0800] {processor.py:186} INFO - Started process (PID=44193) to work on /opt/anaconda3/envs/PyTorch/lib/python3.11/site-packages/airflow/example_dags/example_local_kubernetes_executor.py
[2025-01-15T12:44:59.908+0800] {processor.py:914} INFO - Processing file /opt/anaconda3/envs/PyTorch/lib/python3.11/site-packages/airflow/example_dags/example_local_kubernetes_executor.py for tasks to queue
[2025-01-15T12:44:59.908+0800] {logging_mixin.py:190} INFO - [2025-01-15T12:44:59.908+0800] {dagbag.py:588} INFO - Filling up the DagBag from /opt/anaconda3/envs/PyTorch/lib/python3.11/site-packages/airflow/example_dags/example_local_kubernetes_executor.py
[2025-01-15T12:44:59.924+0800] {logging_mixin.py:190} INFO - [2025-01-15T12:44:59.923+0800] {example_local_kubernetes_executor.py:40} WARNING - Could not import DAGs in example_local_kubernetes_executor.py
Traceback (most recent call last):
  File "/opt/anaconda3/envs/PyTorch/lib/python3.11/site-packages/airflow/example_dags/example_local_kubernetes_executor.py", line 38, in <module>
    from kubernetes.client import models as k8s
ModuleNotFoundError: No module named 'kubernetes'
[2025-01-15T12:44:59.924+0800] {logging_mixin.py:190} INFO - [2025-01-15T12:44:59.924+0800] {example_local_kubernetes_executor.py:41} WARNING - Install Kubernetes dependencies with: pip install apache-airflow[cncf.kubernetes]
[2025-01-15T12:44:59.924+0800] {processor.py:927} WARNING - No viable dags retrieved from /opt/anaconda3/envs/PyTorch/lib/python3.11/site-packages/airflow/example_dags/example_local_kubernetes_executor.py
[2025-01-15T12:44:59.954+0800] {processor.py:208} INFO - Processing /opt/anaconda3/envs/PyTorch/lib/python3.11/site-packages/airflow/example_dags/example_local_kubernetes_executor.py took 0.050 seconds
[2025-01-15T12:47:59.877+0800] {processor.py:186} INFO - Started process (PID=45834) to work on /opt/anaconda3/envs/PyTorch/lib/python3.11/site-packages/airflow/example_dags/example_local_kubernetes_executor.py
[2025-01-15T12:47:59.878+0800] {processor.py:914} INFO - Processing file /opt/anaconda3/envs/PyTorch/lib/python3.11/site-packages/airflow/example_dags/example_local_kubernetes_executor.py for tasks to queue
[2025-01-15T12:47:59.879+0800] {logging_mixin.py:190} INFO - [2025-01-15T12:47:59.879+0800] {dagbag.py:588} INFO - Filling up the DagBag from /opt/anaconda3/envs/PyTorch/lib/python3.11/site-packages/airflow/example_dags/example_local_kubernetes_executor.py
[2025-01-15T12:47:59.894+0800] {logging_mixin.py:190} INFO - [2025-01-15T12:47:59.894+0800] {example_local_kubernetes_executor.py:40} WARNING - Could not import DAGs in example_local_kubernetes_executor.py
Traceback (most recent call last):
  File "/opt/anaconda3/envs/PyTorch/lib/python3.11/site-packages/airflow/example_dags/example_local_kubernetes_executor.py", line 38, in <module>
    from kubernetes.client import models as k8s
ModuleNotFoundError: No module named 'kubernetes'
[2025-01-15T12:47:59.894+0800] {logging_mixin.py:190} INFO - [2025-01-15T12:47:59.894+0800] {example_local_kubernetes_executor.py:41} WARNING - Install Kubernetes dependencies with: pip install apache-airflow[cncf.kubernetes]
[2025-01-15T12:47:59.894+0800] {processor.py:927} WARNING - No viable dags retrieved from /opt/anaconda3/envs/PyTorch/lib/python3.11/site-packages/airflow/example_dags/example_local_kubernetes_executor.py
[2025-01-15T12:47:59.925+0800] {processor.py:208} INFO - Processing /opt/anaconda3/envs/PyTorch/lib/python3.11/site-packages/airflow/example_dags/example_local_kubernetes_executor.py took 0.049 seconds
[2025-01-15T12:51:02.865+0800] {processor.py:186} INFO - Started process (PID=47473) to work on /opt/anaconda3/envs/PyTorch/lib/python3.11/site-packages/airflow/example_dags/example_local_kubernetes_executor.py
[2025-01-15T12:51:02.866+0800] {processor.py:914} INFO - Processing file /opt/anaconda3/envs/PyTorch/lib/python3.11/site-packages/airflow/example_dags/example_local_kubernetes_executor.py for tasks to queue
[2025-01-15T12:51:02.867+0800] {logging_mixin.py:190} INFO - [2025-01-15T12:51:02.867+0800] {dagbag.py:588} INFO - Filling up the DagBag from /opt/anaconda3/envs/PyTorch/lib/python3.11/site-packages/airflow/example_dags/example_local_kubernetes_executor.py
[2025-01-15T12:51:02.883+0800] {logging_mixin.py:190} INFO - [2025-01-15T12:51:02.882+0800] {example_local_kubernetes_executor.py:40} WARNING - Could not import DAGs in example_local_kubernetes_executor.py
Traceback (most recent call last):
  File "/opt/anaconda3/envs/PyTorch/lib/python3.11/site-packages/airflow/example_dags/example_local_kubernetes_executor.py", line 38, in <module>
    from kubernetes.client import models as k8s
ModuleNotFoundError: No module named 'kubernetes'
[2025-01-15T12:51:02.883+0800] {logging_mixin.py:190} INFO - [2025-01-15T12:51:02.883+0800] {example_local_kubernetes_executor.py:41} WARNING - Install Kubernetes dependencies with: pip install apache-airflow[cncf.kubernetes]
[2025-01-15T12:51:02.883+0800] {processor.py:927} WARNING - No viable dags retrieved from /opt/anaconda3/envs/PyTorch/lib/python3.11/site-packages/airflow/example_dags/example_local_kubernetes_executor.py
[2025-01-15T12:51:02.913+0800] {processor.py:208} INFO - Processing /opt/anaconda3/envs/PyTorch/lib/python3.11/site-packages/airflow/example_dags/example_local_kubernetes_executor.py took 0.050 seconds
[2025-01-15T12:54:00.581+0800] {processor.py:186} INFO - Started process (PID=49044) to work on /opt/anaconda3/envs/PyTorch/lib/python3.11/site-packages/airflow/example_dags/example_local_kubernetes_executor.py
[2025-01-15T12:54:00.582+0800] {processor.py:914} INFO - Processing file /opt/anaconda3/envs/PyTorch/lib/python3.11/site-packages/airflow/example_dags/example_local_kubernetes_executor.py for tasks to queue
[2025-01-15T12:54:00.582+0800] {logging_mixin.py:190} INFO - [2025-01-15T12:54:00.582+0800] {dagbag.py:588} INFO - Filling up the DagBag from /opt/anaconda3/envs/PyTorch/lib/python3.11/site-packages/airflow/example_dags/example_local_kubernetes_executor.py
[2025-01-15T12:54:00.599+0800] {logging_mixin.py:190} INFO - [2025-01-15T12:54:00.598+0800] {example_local_kubernetes_executor.py:40} WARNING - Could not import DAGs in example_local_kubernetes_executor.py
Traceback (most recent call last):
  File "/opt/anaconda3/envs/PyTorch/lib/python3.11/site-packages/airflow/example_dags/example_local_kubernetes_executor.py", line 38, in <module>
    from kubernetes.client import models as k8s
ModuleNotFoundError: No module named 'kubernetes'
[2025-01-15T12:54:00.599+0800] {logging_mixin.py:190} INFO - [2025-01-15T12:54:00.599+0800] {example_local_kubernetes_executor.py:41} WARNING - Install Kubernetes dependencies with: pip install apache-airflow[cncf.kubernetes]
[2025-01-15T12:54:00.599+0800] {processor.py:927} WARNING - No viable dags retrieved from /opt/anaconda3/envs/PyTorch/lib/python3.11/site-packages/airflow/example_dags/example_local_kubernetes_executor.py
[2025-01-15T12:54:00.630+0800] {processor.py:208} INFO - Processing /opt/anaconda3/envs/PyTorch/lib/python3.11/site-packages/airflow/example_dags/example_local_kubernetes_executor.py took 0.051 seconds
[2025-01-15T12:57:04.614+0800] {processor.py:186} INFO - Started process (PID=50716) to work on /opt/anaconda3/envs/PyTorch/lib/python3.11/site-packages/airflow/example_dags/example_local_kubernetes_executor.py
[2025-01-15T12:57:04.614+0800] {processor.py:914} INFO - Processing file /opt/anaconda3/envs/PyTorch/lib/python3.11/site-packages/airflow/example_dags/example_local_kubernetes_executor.py for tasks to queue
[2025-01-15T12:57:04.615+0800] {logging_mixin.py:190} INFO - [2025-01-15T12:57:04.615+0800] {dagbag.py:588} INFO - Filling up the DagBag from /opt/anaconda3/envs/PyTorch/lib/python3.11/site-packages/airflow/example_dags/example_local_kubernetes_executor.py
[2025-01-15T12:57:04.632+0800] {logging_mixin.py:190} INFO - [2025-01-15T12:57:04.632+0800] {example_local_kubernetes_executor.py:40} WARNING - Could not import DAGs in example_local_kubernetes_executor.py
Traceback (most recent call last):
  File "/opt/anaconda3/envs/PyTorch/lib/python3.11/site-packages/airflow/example_dags/example_local_kubernetes_executor.py", line 38, in <module>
    from kubernetes.client import models as k8s
ModuleNotFoundError: No module named 'kubernetes'
[2025-01-15T12:57:04.632+0800] {logging_mixin.py:190} INFO - [2025-01-15T12:57:04.632+0800] {example_local_kubernetes_executor.py:41} WARNING - Install Kubernetes dependencies with: pip install apache-airflow[cncf.kubernetes]
[2025-01-15T12:57:04.632+0800] {processor.py:927} WARNING - No viable dags retrieved from /opt/anaconda3/envs/PyTorch/lib/python3.11/site-packages/airflow/example_dags/example_local_kubernetes_executor.py
[2025-01-15T12:57:04.663+0800] {processor.py:208} INFO - Processing /opt/anaconda3/envs/PyTorch/lib/python3.11/site-packages/airflow/example_dags/example_local_kubernetes_executor.py took 0.051 seconds
[2025-01-15T13:00:06.538+0800] {processor.py:186} INFO - Started process (PID=52370) to work on /opt/anaconda3/envs/PyTorch/lib/python3.11/site-packages/airflow/example_dags/example_local_kubernetes_executor.py
[2025-01-15T13:00:06.539+0800] {processor.py:914} INFO - Processing file /opt/anaconda3/envs/PyTorch/lib/python3.11/site-packages/airflow/example_dags/example_local_kubernetes_executor.py for tasks to queue
[2025-01-15T13:00:06.539+0800] {logging_mixin.py:190} INFO - [2025-01-15T13:00:06.539+0800] {dagbag.py:588} INFO - Filling up the DagBag from /opt/anaconda3/envs/PyTorch/lib/python3.11/site-packages/airflow/example_dags/example_local_kubernetes_executor.py
[2025-01-15T13:00:06.557+0800] {logging_mixin.py:190} INFO - [2025-01-15T13:00:06.556+0800] {example_local_kubernetes_executor.py:40} WARNING - Could not import DAGs in example_local_kubernetes_executor.py
Traceback (most recent call last):
  File "/opt/anaconda3/envs/PyTorch/lib/python3.11/site-packages/airflow/example_dags/example_local_kubernetes_executor.py", line 38, in <module>
    from kubernetes.client import models as k8s
ModuleNotFoundError: No module named 'kubernetes'
[2025-01-15T13:00:06.557+0800] {logging_mixin.py:190} INFO - [2025-01-15T13:00:06.557+0800] {example_local_kubernetes_executor.py:41} WARNING - Install Kubernetes dependencies with: pip install apache-airflow[cncf.kubernetes]
[2025-01-15T13:00:06.557+0800] {processor.py:927} WARNING - No viable dags retrieved from /opt/anaconda3/envs/PyTorch/lib/python3.11/site-packages/airflow/example_dags/example_local_kubernetes_executor.py
[2025-01-15T13:00:06.590+0800] {processor.py:208} INFO - Processing /opt/anaconda3/envs/PyTorch/lib/python3.11/site-packages/airflow/example_dags/example_local_kubernetes_executor.py took 0.054 seconds
[2025-01-15T13:03:09.779+0800] {processor.py:186} INFO - Started process (PID=53985) to work on /opt/anaconda3/envs/PyTorch/lib/python3.11/site-packages/airflow/example_dags/example_local_kubernetes_executor.py
[2025-01-15T13:03:09.781+0800] {processor.py:914} INFO - Processing file /opt/anaconda3/envs/PyTorch/lib/python3.11/site-packages/airflow/example_dags/example_local_kubernetes_executor.py for tasks to queue
[2025-01-15T13:03:09.782+0800] {logging_mixin.py:190} INFO - [2025-01-15T13:03:09.781+0800] {dagbag.py:588} INFO - Filling up the DagBag from /opt/anaconda3/envs/PyTorch/lib/python3.11/site-packages/airflow/example_dags/example_local_kubernetes_executor.py
[2025-01-15T13:03:09.798+0800] {logging_mixin.py:190} INFO - [2025-01-15T13:03:09.798+0800] {example_local_kubernetes_executor.py:40} WARNING - Could not import DAGs in example_local_kubernetes_executor.py
Traceback (most recent call last):
  File "/opt/anaconda3/envs/PyTorch/lib/python3.11/site-packages/airflow/example_dags/example_local_kubernetes_executor.py", line 38, in <module>
    from kubernetes.client import models as k8s
ModuleNotFoundError: No module named 'kubernetes'
[2025-01-15T13:03:09.798+0800] {logging_mixin.py:190} INFO - [2025-01-15T13:03:09.798+0800] {example_local_kubernetes_executor.py:41} WARNING - Install Kubernetes dependencies with: pip install apache-airflow[cncf.kubernetes]
[2025-01-15T13:03:09.798+0800] {processor.py:927} WARNING - No viable dags retrieved from /opt/anaconda3/envs/PyTorch/lib/python3.11/site-packages/airflow/example_dags/example_local_kubernetes_executor.py
[2025-01-15T13:03:09.829+0800] {processor.py:208} INFO - Processing /opt/anaconda3/envs/PyTorch/lib/python3.11/site-packages/airflow/example_dags/example_local_kubernetes_executor.py took 0.051 seconds
[2025-01-15T13:06:16.487+0800] {processor.py:186} INFO - Started process (PID=55726) to work on /opt/anaconda3/envs/PyTorch/lib/python3.11/site-packages/airflow/example_dags/example_local_kubernetes_executor.py
[2025-01-15T13:06:16.489+0800] {processor.py:914} INFO - Processing file /opt/anaconda3/envs/PyTorch/lib/python3.11/site-packages/airflow/example_dags/example_local_kubernetes_executor.py for tasks to queue
[2025-01-15T13:06:16.490+0800] {logging_mixin.py:190} INFO - [2025-01-15T13:06:16.490+0800] {dagbag.py:588} INFO - Filling up the DagBag from /opt/anaconda3/envs/PyTorch/lib/python3.11/site-packages/airflow/example_dags/example_local_kubernetes_executor.py
[2025-01-15T13:06:16.506+0800] {logging_mixin.py:190} INFO - [2025-01-15T13:06:16.505+0800] {example_local_kubernetes_executor.py:40} WARNING - Could not import DAGs in example_local_kubernetes_executor.py
Traceback (most recent call last):
  File "/opt/anaconda3/envs/PyTorch/lib/python3.11/site-packages/airflow/example_dags/example_local_kubernetes_executor.py", line 38, in <module>
    from kubernetes.client import models as k8s
ModuleNotFoundError: No module named 'kubernetes'
[2025-01-15T13:06:16.506+0800] {logging_mixin.py:190} INFO - [2025-01-15T13:06:16.506+0800] {example_local_kubernetes_executor.py:41} WARNING - Install Kubernetes dependencies with: pip install apache-airflow[cncf.kubernetes]
[2025-01-15T13:06:16.506+0800] {processor.py:927} WARNING - No viable dags retrieved from /opt/anaconda3/envs/PyTorch/lib/python3.11/site-packages/airflow/example_dags/example_local_kubernetes_executor.py
[2025-01-15T13:06:16.540+0800] {processor.py:208} INFO - Processing /opt/anaconda3/envs/PyTorch/lib/python3.11/site-packages/airflow/example_dags/example_local_kubernetes_executor.py took 0.055 seconds
[2025-01-15T13:09:24.208+0800] {processor.py:186} INFO - Started process (PID=57516) to work on /opt/anaconda3/envs/PyTorch/lib/python3.11/site-packages/airflow/example_dags/example_local_kubernetes_executor.py
[2025-01-15T13:09:24.209+0800] {processor.py:914} INFO - Processing file /opt/anaconda3/envs/PyTorch/lib/python3.11/site-packages/airflow/example_dags/example_local_kubernetes_executor.py for tasks to queue
[2025-01-15T13:09:24.209+0800] {logging_mixin.py:190} INFO - [2025-01-15T13:09:24.209+0800] {dagbag.py:588} INFO - Filling up the DagBag from /opt/anaconda3/envs/PyTorch/lib/python3.11/site-packages/airflow/example_dags/example_local_kubernetes_executor.py
[2025-01-15T13:09:24.225+0800] {logging_mixin.py:190} INFO - [2025-01-15T13:09:24.225+0800] {example_local_kubernetes_executor.py:40} WARNING - Could not import DAGs in example_local_kubernetes_executor.py
Traceback (most recent call last):
  File "/opt/anaconda3/envs/PyTorch/lib/python3.11/site-packages/airflow/example_dags/example_local_kubernetes_executor.py", line 38, in <module>
    from kubernetes.client import models as k8s
ModuleNotFoundError: No module named 'kubernetes'
[2025-01-15T13:09:24.225+0800] {logging_mixin.py:190} INFO - [2025-01-15T13:09:24.225+0800] {example_local_kubernetes_executor.py:41} WARNING - Install Kubernetes dependencies with: pip install apache-airflow[cncf.kubernetes]
[2025-01-15T13:09:24.225+0800] {processor.py:927} WARNING - No viable dags retrieved from /opt/anaconda3/envs/PyTorch/lib/python3.11/site-packages/airflow/example_dags/example_local_kubernetes_executor.py
[2025-01-15T13:09:24.256+0800] {processor.py:208} INFO - Processing /opt/anaconda3/envs/PyTorch/lib/python3.11/site-packages/airflow/example_dags/example_local_kubernetes_executor.py took 0.050 seconds
[2025-01-15T13:12:25.347+0800] {processor.py:186} INFO - Started process (PID=59192) to work on /opt/anaconda3/envs/PyTorch/lib/python3.11/site-packages/airflow/example_dags/example_local_kubernetes_executor.py
[2025-01-15T13:12:25.348+0800] {processor.py:914} INFO - Processing file /opt/anaconda3/envs/PyTorch/lib/python3.11/site-packages/airflow/example_dags/example_local_kubernetes_executor.py for tasks to queue
[2025-01-15T13:12:25.348+0800] {logging_mixin.py:190} INFO - [2025-01-15T13:12:25.348+0800] {dagbag.py:588} INFO - Filling up the DagBag from /opt/anaconda3/envs/PyTorch/lib/python3.11/site-packages/airflow/example_dags/example_local_kubernetes_executor.py
[2025-01-15T13:12:25.364+0800] {logging_mixin.py:190} INFO - [2025-01-15T13:12:25.364+0800] {example_local_kubernetes_executor.py:40} WARNING - Could not import DAGs in example_local_kubernetes_executor.py
Traceback (most recent call last):
  File "/opt/anaconda3/envs/PyTorch/lib/python3.11/site-packages/airflow/example_dags/example_local_kubernetes_executor.py", line 38, in <module>
    from kubernetes.client import models as k8s
ModuleNotFoundError: No module named 'kubernetes'
[2025-01-15T13:12:25.365+0800] {logging_mixin.py:190} INFO - [2025-01-15T13:12:25.364+0800] {example_local_kubernetes_executor.py:41} WARNING - Install Kubernetes dependencies with: pip install apache-airflow[cncf.kubernetes]
[2025-01-15T13:12:25.365+0800] {processor.py:927} WARNING - No viable dags retrieved from /opt/anaconda3/envs/PyTorch/lib/python3.11/site-packages/airflow/example_dags/example_local_kubernetes_executor.py
[2025-01-15T13:12:25.395+0800] {processor.py:208} INFO - Processing /opt/anaconda3/envs/PyTorch/lib/python3.11/site-packages/airflow/example_dags/example_local_kubernetes_executor.py took 0.049 seconds
[2025-01-15T13:15:26.797+0800] {processor.py:186} INFO - Started process (PID=60811) to work on /opt/anaconda3/envs/PyTorch/lib/python3.11/site-packages/airflow/example_dags/example_local_kubernetes_executor.py
[2025-01-15T13:15:26.798+0800] {processor.py:914} INFO - Processing file /opt/anaconda3/envs/PyTorch/lib/python3.11/site-packages/airflow/example_dags/example_local_kubernetes_executor.py for tasks to queue
[2025-01-15T13:15:26.799+0800] {logging_mixin.py:190} INFO - [2025-01-15T13:15:26.799+0800] {dagbag.py:588} INFO - Filling up the DagBag from /opt/anaconda3/envs/PyTorch/lib/python3.11/site-packages/airflow/example_dags/example_local_kubernetes_executor.py
[2025-01-15T13:15:26.814+0800] {logging_mixin.py:190} INFO - [2025-01-15T13:15:26.814+0800] {example_local_kubernetes_executor.py:40} WARNING - Could not import DAGs in example_local_kubernetes_executor.py
Traceback (most recent call last):
  File "/opt/anaconda3/envs/PyTorch/lib/python3.11/site-packages/airflow/example_dags/example_local_kubernetes_executor.py", line 38, in <module>
    from kubernetes.client import models as k8s
ModuleNotFoundError: No module named 'kubernetes'
[2025-01-15T13:15:26.815+0800] {logging_mixin.py:190} INFO - [2025-01-15T13:15:26.815+0800] {example_local_kubernetes_executor.py:41} WARNING - Install Kubernetes dependencies with: pip install apache-airflow[cncf.kubernetes]
[2025-01-15T13:15:26.815+0800] {processor.py:927} WARNING - No viable dags retrieved from /opt/anaconda3/envs/PyTorch/lib/python3.11/site-packages/airflow/example_dags/example_local_kubernetes_executor.py
[2025-01-15T13:15:26.845+0800] {processor.py:208} INFO - Processing /opt/anaconda3/envs/PyTorch/lib/python3.11/site-packages/airflow/example_dags/example_local_kubernetes_executor.py took 0.050 seconds
[2025-01-15T13:18:30.215+0800] {processor.py:186} INFO - Started process (PID=62460) to work on /opt/anaconda3/envs/PyTorch/lib/python3.11/site-packages/airflow/example_dags/example_local_kubernetes_executor.py
[2025-01-15T13:18:30.215+0800] {processor.py:914} INFO - Processing file /opt/anaconda3/envs/PyTorch/lib/python3.11/site-packages/airflow/example_dags/example_local_kubernetes_executor.py for tasks to queue
[2025-01-15T13:18:30.216+0800] {logging_mixin.py:190} INFO - [2025-01-15T13:18:30.216+0800] {dagbag.py:588} INFO - Filling up the DagBag from /opt/anaconda3/envs/PyTorch/lib/python3.11/site-packages/airflow/example_dags/example_local_kubernetes_executor.py
[2025-01-15T13:18:30.232+0800] {logging_mixin.py:190} INFO - [2025-01-15T13:18:30.232+0800] {example_local_kubernetes_executor.py:40} WARNING - Could not import DAGs in example_local_kubernetes_executor.py
Traceback (most recent call last):
  File "/opt/anaconda3/envs/PyTorch/lib/python3.11/site-packages/airflow/example_dags/example_local_kubernetes_executor.py", line 38, in <module>
    from kubernetes.client import models as k8s
ModuleNotFoundError: No module named 'kubernetes'
[2025-01-15T13:18:30.232+0800] {logging_mixin.py:190} INFO - [2025-01-15T13:18:30.232+0800] {example_local_kubernetes_executor.py:41} WARNING - Install Kubernetes dependencies with: pip install apache-airflow[cncf.kubernetes]
[2025-01-15T13:18:30.233+0800] {processor.py:927} WARNING - No viable dags retrieved from /opt/anaconda3/envs/PyTorch/lib/python3.11/site-packages/airflow/example_dags/example_local_kubernetes_executor.py
[2025-01-15T13:18:30.266+0800] {processor.py:208} INFO - Processing /opt/anaconda3/envs/PyTorch/lib/python3.11/site-packages/airflow/example_dags/example_local_kubernetes_executor.py took 0.053 seconds
[2025-01-15T13:21:45.171+0800] {processor.py:186} INFO - Started process (PID=64260) to work on /opt/anaconda3/envs/PyTorch/lib/python3.11/site-packages/airflow/example_dags/example_local_kubernetes_executor.py
[2025-01-15T13:21:45.172+0800] {processor.py:914} INFO - Processing file /opt/anaconda3/envs/PyTorch/lib/python3.11/site-packages/airflow/example_dags/example_local_kubernetes_executor.py for tasks to queue
[2025-01-15T13:21:45.173+0800] {logging_mixin.py:190} INFO - [2025-01-15T13:21:45.173+0800] {dagbag.py:588} INFO - Filling up the DagBag from /opt/anaconda3/envs/PyTorch/lib/python3.11/site-packages/airflow/example_dags/example_local_kubernetes_executor.py
[2025-01-15T13:21:45.191+0800] {logging_mixin.py:190} INFO - [2025-01-15T13:21:45.190+0800] {example_local_kubernetes_executor.py:40} WARNING - Could not import DAGs in example_local_kubernetes_executor.py
Traceback (most recent call last):
  File "/opt/anaconda3/envs/PyTorch/lib/python3.11/site-packages/airflow/example_dags/example_local_kubernetes_executor.py", line 38, in <module>
    from kubernetes.client import models as k8s
ModuleNotFoundError: No module named 'kubernetes'
[2025-01-15T13:21:45.191+0800] {logging_mixin.py:190} INFO - [2025-01-15T13:21:45.191+0800] {example_local_kubernetes_executor.py:41} WARNING - Install Kubernetes dependencies with: pip install apache-airflow[cncf.kubernetes]
[2025-01-15T13:21:45.191+0800] {processor.py:927} WARNING - No viable dags retrieved from /opt/anaconda3/envs/PyTorch/lib/python3.11/site-packages/airflow/example_dags/example_local_kubernetes_executor.py
[2025-01-15T13:21:45.223+0800] {processor.py:208} INFO - Processing /opt/anaconda3/envs/PyTorch/lib/python3.11/site-packages/airflow/example_dags/example_local_kubernetes_executor.py took 0.054 seconds
[2025-01-15T13:24:51.091+0800] {processor.py:186} INFO - Started process (PID=65923) to work on /opt/anaconda3/envs/PyTorch/lib/python3.11/site-packages/airflow/example_dags/example_local_kubernetes_executor.py
[2025-01-15T13:24:51.092+0800] {processor.py:914} INFO - Processing file /opt/anaconda3/envs/PyTorch/lib/python3.11/site-packages/airflow/example_dags/example_local_kubernetes_executor.py for tasks to queue
[2025-01-15T13:24:51.093+0800] {logging_mixin.py:190} INFO - [2025-01-15T13:24:51.093+0800] {dagbag.py:588} INFO - Filling up the DagBag from /opt/anaconda3/envs/PyTorch/lib/python3.11/site-packages/airflow/example_dags/example_local_kubernetes_executor.py
[2025-01-15T13:24:51.110+0800] {logging_mixin.py:190} INFO - [2025-01-15T13:24:51.109+0800] {example_local_kubernetes_executor.py:40} WARNING - Could not import DAGs in example_local_kubernetes_executor.py
Traceback (most recent call last):
  File "/opt/anaconda3/envs/PyTorch/lib/python3.11/site-packages/airflow/example_dags/example_local_kubernetes_executor.py", line 38, in <module>
    from kubernetes.client import models as k8s
ModuleNotFoundError: No module named 'kubernetes'
[2025-01-15T13:24:51.110+0800] {logging_mixin.py:190} INFO - [2025-01-15T13:24:51.110+0800] {example_local_kubernetes_executor.py:41} WARNING - Install Kubernetes dependencies with: pip install apache-airflow[cncf.kubernetes]
[2025-01-15T13:24:51.110+0800] {processor.py:927} WARNING - No viable dags retrieved from /opt/anaconda3/envs/PyTorch/lib/python3.11/site-packages/airflow/example_dags/example_local_kubernetes_executor.py
[2025-01-15T13:24:51.140+0800] {processor.py:208} INFO - Processing /opt/anaconda3/envs/PyTorch/lib/python3.11/site-packages/airflow/example_dags/example_local_kubernetes_executor.py took 0.051 seconds
[2025-01-15T13:27:54.008+0800] {processor.py:186} INFO - Started process (PID=67525) to work on /opt/anaconda3/envs/PyTorch/lib/python3.11/site-packages/airflow/example_dags/example_local_kubernetes_executor.py
[2025-01-15T13:27:54.010+0800] {processor.py:914} INFO - Processing file /opt/anaconda3/envs/PyTorch/lib/python3.11/site-packages/airflow/example_dags/example_local_kubernetes_executor.py for tasks to queue
[2025-01-15T13:27:54.010+0800] {logging_mixin.py:190} INFO - [2025-01-15T13:27:54.010+0800] {dagbag.py:588} INFO - Filling up the DagBag from /opt/anaconda3/envs/PyTorch/lib/python3.11/site-packages/airflow/example_dags/example_local_kubernetes_executor.py
[2025-01-15T13:27:54.026+0800] {logging_mixin.py:190} INFO - [2025-01-15T13:27:54.025+0800] {example_local_kubernetes_executor.py:40} WARNING - Could not import DAGs in example_local_kubernetes_executor.py
Traceback (most recent call last):
  File "/opt/anaconda3/envs/PyTorch/lib/python3.11/site-packages/airflow/example_dags/example_local_kubernetes_executor.py", line 38, in <module>
    from kubernetes.client import models as k8s
ModuleNotFoundError: No module named 'kubernetes'
[2025-01-15T13:27:54.026+0800] {logging_mixin.py:190} INFO - [2025-01-15T13:27:54.026+0800] {example_local_kubernetes_executor.py:41} WARNING - Install Kubernetes dependencies with: pip install apache-airflow[cncf.kubernetes]
[2025-01-15T13:27:54.026+0800] {processor.py:927} WARNING - No viable dags retrieved from /opt/anaconda3/envs/PyTorch/lib/python3.11/site-packages/airflow/example_dags/example_local_kubernetes_executor.py
[2025-01-15T13:27:54.058+0800] {processor.py:208} INFO - Processing /opt/anaconda3/envs/PyTorch/lib/python3.11/site-packages/airflow/example_dags/example_local_kubernetes_executor.py took 0.051 seconds
[2025-01-15T13:31:03.299+0800] {processor.py:186} INFO - Started process (PID=69247) to work on /opt/anaconda3/envs/PyTorch/lib/python3.11/site-packages/airflow/example_dags/example_local_kubernetes_executor.py
[2025-01-15T13:31:03.300+0800] {processor.py:914} INFO - Processing file /opt/anaconda3/envs/PyTorch/lib/python3.11/site-packages/airflow/example_dags/example_local_kubernetes_executor.py for tasks to queue
[2025-01-15T13:31:03.301+0800] {logging_mixin.py:190} INFO - [2025-01-15T13:31:03.301+0800] {dagbag.py:588} INFO - Filling up the DagBag from /opt/anaconda3/envs/PyTorch/lib/python3.11/site-packages/airflow/example_dags/example_local_kubernetes_executor.py
[2025-01-15T13:31:03.319+0800] {logging_mixin.py:190} INFO - [2025-01-15T13:31:03.319+0800] {example_local_kubernetes_executor.py:40} WARNING - Could not import DAGs in example_local_kubernetes_executor.py
Traceback (most recent call last):
  File "/opt/anaconda3/envs/PyTorch/lib/python3.11/site-packages/airflow/example_dags/example_local_kubernetes_executor.py", line 38, in <module>
    from kubernetes.client import models as k8s
ModuleNotFoundError: No module named 'kubernetes'
[2025-01-15T13:31:03.319+0800] {logging_mixin.py:190} INFO - [2025-01-15T13:31:03.319+0800] {example_local_kubernetes_executor.py:41} WARNING - Install Kubernetes dependencies with: pip install apache-airflow[cncf.kubernetes]
[2025-01-15T13:31:03.319+0800] {processor.py:927} WARNING - No viable dags retrieved from /opt/anaconda3/envs/PyTorch/lib/python3.11/site-packages/airflow/example_dags/example_local_kubernetes_executor.py
[2025-01-15T13:31:03.352+0800] {processor.py:208} INFO - Processing /opt/anaconda3/envs/PyTorch/lib/python3.11/site-packages/airflow/example_dags/example_local_kubernetes_executor.py took 0.055 seconds
[2025-01-15T13:34:13.429+0800] {processor.py:186} INFO - Started process (PID=70943) to work on /opt/anaconda3/envs/PyTorch/lib/python3.11/site-packages/airflow/example_dags/example_local_kubernetes_executor.py
[2025-01-15T13:34:13.431+0800] {processor.py:914} INFO - Processing file /opt/anaconda3/envs/PyTorch/lib/python3.11/site-packages/airflow/example_dags/example_local_kubernetes_executor.py for tasks to queue
[2025-01-15T13:34:13.431+0800] {logging_mixin.py:190} INFO - [2025-01-15T13:34:13.431+0800] {dagbag.py:588} INFO - Filling up the DagBag from /opt/anaconda3/envs/PyTorch/lib/python3.11/site-packages/airflow/example_dags/example_local_kubernetes_executor.py
[2025-01-15T13:34:13.447+0800] {logging_mixin.py:190} INFO - [2025-01-15T13:34:13.447+0800] {example_local_kubernetes_executor.py:40} WARNING - Could not import DAGs in example_local_kubernetes_executor.py
Traceback (most recent call last):
  File "/opt/anaconda3/envs/PyTorch/lib/python3.11/site-packages/airflow/example_dags/example_local_kubernetes_executor.py", line 38, in <module>
    from kubernetes.client import models as k8s
ModuleNotFoundError: No module named 'kubernetes'
[2025-01-15T13:34:13.448+0800] {logging_mixin.py:190} INFO - [2025-01-15T13:34:13.447+0800] {example_local_kubernetes_executor.py:41} WARNING - Install Kubernetes dependencies with: pip install apache-airflow[cncf.kubernetes]
[2025-01-15T13:34:13.448+0800] {processor.py:927} WARNING - No viable dags retrieved from /opt/anaconda3/envs/PyTorch/lib/python3.11/site-packages/airflow/example_dags/example_local_kubernetes_executor.py
[2025-01-15T13:34:13.478+0800] {processor.py:208} INFO - Processing /opt/anaconda3/envs/PyTorch/lib/python3.11/site-packages/airflow/example_dags/example_local_kubernetes_executor.py took 0.051 seconds
[2025-01-15T13:37:22.732+0800] {processor.py:186} INFO - Started process (PID=72690) to work on /opt/anaconda3/envs/PyTorch/lib/python3.11/site-packages/airflow/example_dags/example_local_kubernetes_executor.py
[2025-01-15T13:37:22.734+0800] {processor.py:914} INFO - Processing file /opt/anaconda3/envs/PyTorch/lib/python3.11/site-packages/airflow/example_dags/example_local_kubernetes_executor.py for tasks to queue
[2025-01-15T13:37:22.735+0800] {logging_mixin.py:190} INFO - [2025-01-15T13:37:22.734+0800] {dagbag.py:588} INFO - Filling up the DagBag from /opt/anaconda3/envs/PyTorch/lib/python3.11/site-packages/airflow/example_dags/example_local_kubernetes_executor.py
[2025-01-15T13:37:22.751+0800] {logging_mixin.py:190} INFO - [2025-01-15T13:37:22.750+0800] {example_local_kubernetes_executor.py:40} WARNING - Could not import DAGs in example_local_kubernetes_executor.py
Traceback (most recent call last):
  File "/opt/anaconda3/envs/PyTorch/lib/python3.11/site-packages/airflow/example_dags/example_local_kubernetes_executor.py", line 38, in <module>
    from kubernetes.client import models as k8s
ModuleNotFoundError: No module named 'kubernetes'
[2025-01-15T13:37:22.751+0800] {logging_mixin.py:190} INFO - [2025-01-15T13:37:22.751+0800] {example_local_kubernetes_executor.py:41} WARNING - Install Kubernetes dependencies with: pip install apache-airflow[cncf.kubernetes]
[2025-01-15T13:37:22.751+0800] {processor.py:927} WARNING - No viable dags retrieved from /opt/anaconda3/envs/PyTorch/lib/python3.11/site-packages/airflow/example_dags/example_local_kubernetes_executor.py
[2025-01-15T13:37:22.782+0800] {processor.py:208} INFO - Processing /opt/anaconda3/envs/PyTorch/lib/python3.11/site-packages/airflow/example_dags/example_local_kubernetes_executor.py took 0.051 seconds
[2025-01-15T13:40:29.792+0800] {processor.py:186} INFO - Started process (PID=74453) to work on /opt/anaconda3/envs/PyTorch/lib/python3.11/site-packages/airflow/example_dags/example_local_kubernetes_executor.py
[2025-01-15T13:40:29.794+0800] {processor.py:914} INFO - Processing file /opt/anaconda3/envs/PyTorch/lib/python3.11/site-packages/airflow/example_dags/example_local_kubernetes_executor.py for tasks to queue
[2025-01-15T13:40:29.795+0800] {logging_mixin.py:190} INFO - [2025-01-15T13:40:29.794+0800] {dagbag.py:588} INFO - Filling up the DagBag from /opt/anaconda3/envs/PyTorch/lib/python3.11/site-packages/airflow/example_dags/example_local_kubernetes_executor.py
[2025-01-15T13:40:29.810+0800] {logging_mixin.py:190} INFO - [2025-01-15T13:40:29.810+0800] {example_local_kubernetes_executor.py:40} WARNING - Could not import DAGs in example_local_kubernetes_executor.py
Traceback (most recent call last):
  File "/opt/anaconda3/envs/PyTorch/lib/python3.11/site-packages/airflow/example_dags/example_local_kubernetes_executor.py", line 38, in <module>
    from kubernetes.client import models as k8s
ModuleNotFoundError: No module named 'kubernetes'
[2025-01-15T13:40:29.811+0800] {logging_mixin.py:190} INFO - [2025-01-15T13:40:29.810+0800] {example_local_kubernetes_executor.py:41} WARNING - Install Kubernetes dependencies with: pip install apache-airflow[cncf.kubernetes]
[2025-01-15T13:40:29.811+0800] {processor.py:927} WARNING - No viable dags retrieved from /opt/anaconda3/envs/PyTorch/lib/python3.11/site-packages/airflow/example_dags/example_local_kubernetes_executor.py
[2025-01-15T13:40:29.840+0800] {processor.py:208} INFO - Processing /opt/anaconda3/envs/PyTorch/lib/python3.11/site-packages/airflow/example_dags/example_local_kubernetes_executor.py took 0.050 seconds
[2025-01-15T13:43:31.310+0800] {processor.py:186} INFO - Started process (PID=76079) to work on /opt/anaconda3/envs/PyTorch/lib/python3.11/site-packages/airflow/example_dags/example_local_kubernetes_executor.py
[2025-01-15T13:43:31.311+0800] {processor.py:914} INFO - Processing file /opt/anaconda3/envs/PyTorch/lib/python3.11/site-packages/airflow/example_dags/example_local_kubernetes_executor.py for tasks to queue
[2025-01-15T13:43:31.312+0800] {logging_mixin.py:190} INFO - [2025-01-15T13:43:31.312+0800] {dagbag.py:588} INFO - Filling up the DagBag from /opt/anaconda3/envs/PyTorch/lib/python3.11/site-packages/airflow/example_dags/example_local_kubernetes_executor.py
[2025-01-15T13:43:31.338+0800] {logging_mixin.py:190} INFO - [2025-01-15T13:43:31.338+0800] {example_local_kubernetes_executor.py:40} WARNING - Could not import DAGs in example_local_kubernetes_executor.py
Traceback (most recent call last):
  File "/opt/anaconda3/envs/PyTorch/lib/python3.11/site-packages/airflow/example_dags/example_local_kubernetes_executor.py", line 38, in <module>
    from kubernetes.client import models as k8s
ModuleNotFoundError: No module named 'kubernetes'
[2025-01-15T13:43:31.341+0800] {logging_mixin.py:190} INFO - [2025-01-15T13:43:31.341+0800] {example_local_kubernetes_executor.py:41} WARNING - Install Kubernetes dependencies with: pip install apache-airflow[cncf.kubernetes]
[2025-01-15T13:43:31.342+0800] {processor.py:927} WARNING - No viable dags retrieved from /opt/anaconda3/envs/PyTorch/lib/python3.11/site-packages/airflow/example_dags/example_local_kubernetes_executor.py
[2025-01-15T13:43:31.377+0800] {processor.py:208} INFO - Processing /opt/anaconda3/envs/PyTorch/lib/python3.11/site-packages/airflow/example_dags/example_local_kubernetes_executor.py took 0.070 seconds
[2025-01-15T13:46:35.787+0800] {processor.py:186} INFO - Started process (PID=77878) to work on /opt/anaconda3/envs/PyTorch/lib/python3.11/site-packages/airflow/example_dags/example_local_kubernetes_executor.py
[2025-01-15T13:46:35.789+0800] {processor.py:914} INFO - Processing file /opt/anaconda3/envs/PyTorch/lib/python3.11/site-packages/airflow/example_dags/example_local_kubernetes_executor.py for tasks to queue
[2025-01-15T13:46:35.789+0800] {logging_mixin.py:190} INFO - [2025-01-15T13:46:35.789+0800] {dagbag.py:588} INFO - Filling up the DagBag from /opt/anaconda3/envs/PyTorch/lib/python3.11/site-packages/airflow/example_dags/example_local_kubernetes_executor.py
[2025-01-15T13:46:35.806+0800] {logging_mixin.py:190} INFO - [2025-01-15T13:46:35.806+0800] {example_local_kubernetes_executor.py:40} WARNING - Could not import DAGs in example_local_kubernetes_executor.py
Traceback (most recent call last):
  File "/opt/anaconda3/envs/PyTorch/lib/python3.11/site-packages/airflow/example_dags/example_local_kubernetes_executor.py", line 38, in <module>
    from kubernetes.client import models as k8s
ModuleNotFoundError: No module named 'kubernetes'
[2025-01-15T13:46:35.806+0800] {logging_mixin.py:190} INFO - [2025-01-15T13:46:35.806+0800] {example_local_kubernetes_executor.py:41} WARNING - Install Kubernetes dependencies with: pip install apache-airflow[cncf.kubernetes]
[2025-01-15T13:46:35.806+0800] {processor.py:927} WARNING - No viable dags retrieved from /opt/anaconda3/envs/PyTorch/lib/python3.11/site-packages/airflow/example_dags/example_local_kubernetes_executor.py
[2025-01-15T13:46:35.838+0800] {processor.py:208} INFO - Processing /opt/anaconda3/envs/PyTorch/lib/python3.11/site-packages/airflow/example_dags/example_local_kubernetes_executor.py took 0.053 seconds
[2025-01-15T13:49:42.424+0800] {processor.py:186} INFO - Started process (PID=79658) to work on /opt/anaconda3/envs/PyTorch/lib/python3.11/site-packages/airflow/example_dags/example_local_kubernetes_executor.py
[2025-01-15T13:49:42.425+0800] {processor.py:914} INFO - Processing file /opt/anaconda3/envs/PyTorch/lib/python3.11/site-packages/airflow/example_dags/example_local_kubernetes_executor.py for tasks to queue
[2025-01-15T13:49:42.426+0800] {logging_mixin.py:190} INFO - [2025-01-15T13:49:42.426+0800] {dagbag.py:588} INFO - Filling up the DagBag from /opt/anaconda3/envs/PyTorch/lib/python3.11/site-packages/airflow/example_dags/example_local_kubernetes_executor.py
[2025-01-15T13:49:42.443+0800] {logging_mixin.py:190} INFO - [2025-01-15T13:49:42.442+0800] {example_local_kubernetes_executor.py:40} WARNING - Could not import DAGs in example_local_kubernetes_executor.py
Traceback (most recent call last):
  File "/opt/anaconda3/envs/PyTorch/lib/python3.11/site-packages/airflow/example_dags/example_local_kubernetes_executor.py", line 38, in <module>
    from kubernetes.client import models as k8s
ModuleNotFoundError: No module named 'kubernetes'
[2025-01-15T13:49:42.443+0800] {logging_mixin.py:190} INFO - [2025-01-15T13:49:42.443+0800] {example_local_kubernetes_executor.py:41} WARNING - Install Kubernetes dependencies with: pip install apache-airflow[cncf.kubernetes]
[2025-01-15T13:49:42.443+0800] {processor.py:927} WARNING - No viable dags retrieved from /opt/anaconda3/envs/PyTorch/lib/python3.11/site-packages/airflow/example_dags/example_local_kubernetes_executor.py
[2025-01-15T13:49:42.475+0800] {processor.py:208} INFO - Processing /opt/anaconda3/envs/PyTorch/lib/python3.11/site-packages/airflow/example_dags/example_local_kubernetes_executor.py took 0.052 seconds
[2025-01-15T13:52:49.853+0800] {processor.py:186} INFO - Started process (PID=81409) to work on /opt/anaconda3/envs/PyTorch/lib/python3.11/site-packages/airflow/example_dags/example_local_kubernetes_executor.py
[2025-01-15T13:52:49.854+0800] {processor.py:914} INFO - Processing file /opt/anaconda3/envs/PyTorch/lib/python3.11/site-packages/airflow/example_dags/example_local_kubernetes_executor.py for tasks to queue
[2025-01-15T13:52:49.854+0800] {logging_mixin.py:190} INFO - [2025-01-15T13:52:49.854+0800] {dagbag.py:588} INFO - Filling up the DagBag from /opt/anaconda3/envs/PyTorch/lib/python3.11/site-packages/airflow/example_dags/example_local_kubernetes_executor.py
[2025-01-15T13:52:49.871+0800] {logging_mixin.py:190} INFO - [2025-01-15T13:52:49.870+0800] {example_local_kubernetes_executor.py:40} WARNING - Could not import DAGs in example_local_kubernetes_executor.py
Traceback (most recent call last):
  File "/opt/anaconda3/envs/PyTorch/lib/python3.11/site-packages/airflow/example_dags/example_local_kubernetes_executor.py", line 38, in <module>
    from kubernetes.client import models as k8s
ModuleNotFoundError: No module named 'kubernetes'
[2025-01-15T13:52:49.871+0800] {logging_mixin.py:190} INFO - [2025-01-15T13:52:49.871+0800] {example_local_kubernetes_executor.py:41} WARNING - Install Kubernetes dependencies with: pip install apache-airflow[cncf.kubernetes]
[2025-01-15T13:52:49.871+0800] {processor.py:927} WARNING - No viable dags retrieved from /opt/anaconda3/envs/PyTorch/lib/python3.11/site-packages/airflow/example_dags/example_local_kubernetes_executor.py
[2025-01-15T13:52:49.902+0800] {processor.py:208} INFO - Processing /opt/anaconda3/envs/PyTorch/lib/python3.11/site-packages/airflow/example_dags/example_local_kubernetes_executor.py took 0.051 seconds
[2025-01-15T13:57:02.325+0800] {processor.py:186} INFO - Started process (PID=83770) to work on /opt/anaconda3/envs/PyTorch/lib/python3.11/site-packages/airflow/example_dags/example_local_kubernetes_executor.py
[2025-01-15T13:57:02.326+0800] {processor.py:914} INFO - Processing file /opt/anaconda3/envs/PyTorch/lib/python3.11/site-packages/airflow/example_dags/example_local_kubernetes_executor.py for tasks to queue
[2025-01-15T13:57:02.326+0800] {logging_mixin.py:190} INFO - [2025-01-15T13:57:02.326+0800] {dagbag.py:588} INFO - Filling up the DagBag from /opt/anaconda3/envs/PyTorch/lib/python3.11/site-packages/airflow/example_dags/example_local_kubernetes_executor.py
[2025-01-15T13:57:02.342+0800] {logging_mixin.py:190} INFO - [2025-01-15T13:57:02.342+0800] {example_local_kubernetes_executor.py:40} WARNING - Could not import DAGs in example_local_kubernetes_executor.py
Traceback (most recent call last):
  File "/opt/anaconda3/envs/PyTorch/lib/python3.11/site-packages/airflow/example_dags/example_local_kubernetes_executor.py", line 38, in <module>
    from kubernetes.client import models as k8s
ModuleNotFoundError: No module named 'kubernetes'
[2025-01-15T13:57:02.342+0800] {logging_mixin.py:190} INFO - [2025-01-15T13:57:02.342+0800] {example_local_kubernetes_executor.py:41} WARNING - Install Kubernetes dependencies with: pip install apache-airflow[cncf.kubernetes]
[2025-01-15T13:57:02.342+0800] {processor.py:927} WARNING - No viable dags retrieved from /opt/anaconda3/envs/PyTorch/lib/python3.11/site-packages/airflow/example_dags/example_local_kubernetes_executor.py
[2025-01-15T13:57:02.375+0800] {processor.py:208} INFO - Processing /opt/anaconda3/envs/PyTorch/lib/python3.11/site-packages/airflow/example_dags/example_local_kubernetes_executor.py took 0.052 seconds
[2025-01-15T14:01:02.020+0800] {processor.py:186} INFO - Started process (PID=86125) to work on /opt/anaconda3/envs/PyTorch/lib/python3.11/site-packages/airflow/example_dags/example_local_kubernetes_executor.py
[2025-01-15T14:01:02.022+0800] {processor.py:914} INFO - Processing file /opt/anaconda3/envs/PyTorch/lib/python3.11/site-packages/airflow/example_dags/example_local_kubernetes_executor.py for tasks to queue
[2025-01-15T14:01:02.022+0800] {logging_mixin.py:190} INFO - [2025-01-15T14:01:02.022+0800] {dagbag.py:588} INFO - Filling up the DagBag from /opt/anaconda3/envs/PyTorch/lib/python3.11/site-packages/airflow/example_dags/example_local_kubernetes_executor.py
[2025-01-15T14:01:02.039+0800] {logging_mixin.py:190} INFO - [2025-01-15T14:01:02.038+0800] {example_local_kubernetes_executor.py:40} WARNING - Could not import DAGs in example_local_kubernetes_executor.py
Traceback (most recent call last):
  File "/opt/anaconda3/envs/PyTorch/lib/python3.11/site-packages/airflow/example_dags/example_local_kubernetes_executor.py", line 38, in <module>
    from kubernetes.client import models as k8s
ModuleNotFoundError: No module named 'kubernetes'
[2025-01-15T14:01:02.039+0800] {logging_mixin.py:190} INFO - [2025-01-15T14:01:02.039+0800] {example_local_kubernetes_executor.py:41} WARNING - Install Kubernetes dependencies with: pip install apache-airflow[cncf.kubernetes]
[2025-01-15T14:01:02.039+0800] {processor.py:927} WARNING - No viable dags retrieved from /opt/anaconda3/envs/PyTorch/lib/python3.11/site-packages/airflow/example_dags/example_local_kubernetes_executor.py
[2025-01-15T14:01:02.069+0800] {processor.py:208} INFO - Processing /opt/anaconda3/envs/PyTorch/lib/python3.11/site-packages/airflow/example_dags/example_local_kubernetes_executor.py took 0.051 seconds
[2025-01-15T14:04:37.487+0800] {processor.py:186} INFO - Started process (PID=88144) to work on /opt/anaconda3/envs/PyTorch/lib/python3.11/site-packages/airflow/example_dags/example_local_kubernetes_executor.py
[2025-01-15T14:04:37.488+0800] {processor.py:914} INFO - Processing file /opt/anaconda3/envs/PyTorch/lib/python3.11/site-packages/airflow/example_dags/example_local_kubernetes_executor.py for tasks to queue
[2025-01-15T14:04:37.488+0800] {logging_mixin.py:190} INFO - [2025-01-15T14:04:37.488+0800] {dagbag.py:588} INFO - Filling up the DagBag from /opt/anaconda3/envs/PyTorch/lib/python3.11/site-packages/airflow/example_dags/example_local_kubernetes_executor.py
[2025-01-15T14:04:37.504+0800] {logging_mixin.py:190} INFO - [2025-01-15T14:04:37.504+0800] {example_local_kubernetes_executor.py:40} WARNING - Could not import DAGs in example_local_kubernetes_executor.py
Traceback (most recent call last):
  File "/opt/anaconda3/envs/PyTorch/lib/python3.11/site-packages/airflow/example_dags/example_local_kubernetes_executor.py", line 38, in <module>
    from kubernetes.client import models as k8s
ModuleNotFoundError: No module named 'kubernetes'
[2025-01-15T14:04:37.505+0800] {logging_mixin.py:190} INFO - [2025-01-15T14:04:37.504+0800] {example_local_kubernetes_executor.py:41} WARNING - Install Kubernetes dependencies with: pip install apache-airflow[cncf.kubernetes]
[2025-01-15T14:04:37.505+0800] {processor.py:927} WARNING - No viable dags retrieved from /opt/anaconda3/envs/PyTorch/lib/python3.11/site-packages/airflow/example_dags/example_local_kubernetes_executor.py
[2025-01-15T14:04:37.536+0800] {processor.py:208} INFO - Processing /opt/anaconda3/envs/PyTorch/lib/python3.11/site-packages/airflow/example_dags/example_local_kubernetes_executor.py took 0.051 seconds
[2025-01-15T14:08:41.761+0800] {processor.py:186} INFO - Started process (PID=90491) to work on /opt/anaconda3/envs/PyTorch/lib/python3.11/site-packages/airflow/example_dags/example_local_kubernetes_executor.py
[2025-01-15T14:08:41.762+0800] {processor.py:914} INFO - Processing file /opt/anaconda3/envs/PyTorch/lib/python3.11/site-packages/airflow/example_dags/example_local_kubernetes_executor.py for tasks to queue
[2025-01-15T14:08:41.763+0800] {logging_mixin.py:190} INFO - [2025-01-15T14:08:41.763+0800] {dagbag.py:588} INFO - Filling up the DagBag from /opt/anaconda3/envs/PyTorch/lib/python3.11/site-packages/airflow/example_dags/example_local_kubernetes_executor.py
[2025-01-15T14:08:41.779+0800] {logging_mixin.py:190} INFO - [2025-01-15T14:08:41.779+0800] {example_local_kubernetes_executor.py:40} WARNING - Could not import DAGs in example_local_kubernetes_executor.py
Traceback (most recent call last):
  File "/opt/anaconda3/envs/PyTorch/lib/python3.11/site-packages/airflow/example_dags/example_local_kubernetes_executor.py", line 38, in <module>
    from kubernetes.client import models as k8s
ModuleNotFoundError: No module named 'kubernetes'
[2025-01-15T14:08:41.779+0800] {logging_mixin.py:190} INFO - [2025-01-15T14:08:41.779+0800] {example_local_kubernetes_executor.py:41} WARNING - Install Kubernetes dependencies with: pip install apache-airflow[cncf.kubernetes]
[2025-01-15T14:08:41.779+0800] {processor.py:927} WARNING - No viable dags retrieved from /opt/anaconda3/envs/PyTorch/lib/python3.11/site-packages/airflow/example_dags/example_local_kubernetes_executor.py
[2025-01-15T14:08:41.810+0800] {processor.py:208} INFO - Processing /opt/anaconda3/envs/PyTorch/lib/python3.11/site-packages/airflow/example_dags/example_local_kubernetes_executor.py took 0.050 seconds
[2025-01-15T14:12:37.235+0800] {processor.py:186} INFO - Started process (PID=92640) to work on /opt/anaconda3/envs/PyTorch/lib/python3.11/site-packages/airflow/example_dags/example_local_kubernetes_executor.py
[2025-01-15T14:12:37.237+0800] {processor.py:914} INFO - Processing file /opt/anaconda3/envs/PyTorch/lib/python3.11/site-packages/airflow/example_dags/example_local_kubernetes_executor.py for tasks to queue
[2025-01-15T14:12:37.238+0800] {logging_mixin.py:190} INFO - [2025-01-15T14:12:37.238+0800] {dagbag.py:588} INFO - Filling up the DagBag from /opt/anaconda3/envs/PyTorch/lib/python3.11/site-packages/airflow/example_dags/example_local_kubernetes_executor.py
[2025-01-15T14:12:37.257+0800] {logging_mixin.py:190} INFO - [2025-01-15T14:12:37.257+0800] {example_local_kubernetes_executor.py:40} WARNING - Could not import DAGs in example_local_kubernetes_executor.py
Traceback (most recent call last):
  File "/opt/anaconda3/envs/PyTorch/lib/python3.11/site-packages/airflow/example_dags/example_local_kubernetes_executor.py", line 38, in <module>
    from kubernetes.client import models as k8s
ModuleNotFoundError: No module named 'kubernetes'
[2025-01-15T14:12:37.258+0800] {logging_mixin.py:190} INFO - [2025-01-15T14:12:37.258+0800] {example_local_kubernetes_executor.py:41} WARNING - Install Kubernetes dependencies with: pip install apache-airflow[cncf.kubernetes]
[2025-01-15T14:12:37.258+0800] {processor.py:927} WARNING - No viable dags retrieved from /opt/anaconda3/envs/PyTorch/lib/python3.11/site-packages/airflow/example_dags/example_local_kubernetes_executor.py
[2025-01-15T14:12:37.293+0800] {processor.py:208} INFO - Processing /opt/anaconda3/envs/PyTorch/lib/python3.11/site-packages/airflow/example_dags/example_local_kubernetes_executor.py took 0.061 seconds
[2025-01-15T14:16:20.090+0800] {processor.py:186} INFO - Started process (PID=94792) to work on /opt/anaconda3/envs/PyTorch/lib/python3.11/site-packages/airflow/example_dags/example_local_kubernetes_executor.py
[2025-01-15T14:16:20.091+0800] {processor.py:914} INFO - Processing file /opt/anaconda3/envs/PyTorch/lib/python3.11/site-packages/airflow/example_dags/example_local_kubernetes_executor.py for tasks to queue
[2025-01-15T14:16:20.091+0800] {logging_mixin.py:190} INFO - [2025-01-15T14:16:20.091+0800] {dagbag.py:588} INFO - Filling up the DagBag from /opt/anaconda3/envs/PyTorch/lib/python3.11/site-packages/airflow/example_dags/example_local_kubernetes_executor.py
[2025-01-15T14:16:20.108+0800] {logging_mixin.py:190} INFO - [2025-01-15T14:16:20.107+0800] {example_local_kubernetes_executor.py:40} WARNING - Could not import DAGs in example_local_kubernetes_executor.py
Traceback (most recent call last):
  File "/opt/anaconda3/envs/PyTorch/lib/python3.11/site-packages/airflow/example_dags/example_local_kubernetes_executor.py", line 38, in <module>
    from kubernetes.client import models as k8s
ModuleNotFoundError: No module named 'kubernetes'
[2025-01-15T14:16:20.108+0800] {logging_mixin.py:190} INFO - [2025-01-15T14:16:20.108+0800] {example_local_kubernetes_executor.py:41} WARNING - Install Kubernetes dependencies with: pip install apache-airflow[cncf.kubernetes]
[2025-01-15T14:16:20.108+0800] {processor.py:927} WARNING - No viable dags retrieved from /opt/anaconda3/envs/PyTorch/lib/python3.11/site-packages/airflow/example_dags/example_local_kubernetes_executor.py
[2025-01-15T14:16:20.142+0800] {processor.py:208} INFO - Processing /opt/anaconda3/envs/PyTorch/lib/python3.11/site-packages/airflow/example_dags/example_local_kubernetes_executor.py took 0.054 seconds
[2025-01-15T14:20:09.230+0800] {processor.py:186} INFO - Started process (PID=96877) to work on /opt/anaconda3/envs/PyTorch/lib/python3.11/site-packages/airflow/example_dags/example_local_kubernetes_executor.py
[2025-01-15T14:20:09.231+0800] {processor.py:914} INFO - Processing file /opt/anaconda3/envs/PyTorch/lib/python3.11/site-packages/airflow/example_dags/example_local_kubernetes_executor.py for tasks to queue
[2025-01-15T14:20:09.232+0800] {logging_mixin.py:190} INFO - [2025-01-15T14:20:09.231+0800] {dagbag.py:588} INFO - Filling up the DagBag from /opt/anaconda3/envs/PyTorch/lib/python3.11/site-packages/airflow/example_dags/example_local_kubernetes_executor.py
[2025-01-15T14:20:09.246+0800] {logging_mixin.py:190} INFO - [2025-01-15T14:20:09.246+0800] {example_local_kubernetes_executor.py:40} WARNING - Could not import DAGs in example_local_kubernetes_executor.py
Traceback (most recent call last):
  File "/opt/anaconda3/envs/PyTorch/lib/python3.11/site-packages/airflow/example_dags/example_local_kubernetes_executor.py", line 38, in <module>
    from kubernetes.client import models as k8s
ModuleNotFoundError: No module named 'kubernetes'
[2025-01-15T14:20:09.247+0800] {logging_mixin.py:190} INFO - [2025-01-15T14:20:09.246+0800] {example_local_kubernetes_executor.py:41} WARNING - Install Kubernetes dependencies with: pip install apache-airflow[cncf.kubernetes]
[2025-01-15T14:20:09.247+0800] {processor.py:927} WARNING - No viable dags retrieved from /opt/anaconda3/envs/PyTorch/lib/python3.11/site-packages/airflow/example_dags/example_local_kubernetes_executor.py
[2025-01-15T14:20:09.277+0800] {processor.py:208} INFO - Processing /opt/anaconda3/envs/PyTorch/lib/python3.11/site-packages/airflow/example_dags/example_local_kubernetes_executor.py took 0.050 seconds
[2025-01-15T14:23:54.957+0800] {processor.py:186} INFO - Started process (PID=98947) to work on /opt/anaconda3/envs/PyTorch/lib/python3.11/site-packages/airflow/example_dags/example_local_kubernetes_executor.py
[2025-01-15T14:23:54.958+0800] {processor.py:914} INFO - Processing file /opt/anaconda3/envs/PyTorch/lib/python3.11/site-packages/airflow/example_dags/example_local_kubernetes_executor.py for tasks to queue
[2025-01-15T14:23:54.959+0800] {logging_mixin.py:190} INFO - [2025-01-15T14:23:54.959+0800] {dagbag.py:588} INFO - Filling up the DagBag from /opt/anaconda3/envs/PyTorch/lib/python3.11/site-packages/airflow/example_dags/example_local_kubernetes_executor.py
[2025-01-15T14:23:54.974+0800] {logging_mixin.py:190} INFO - [2025-01-15T14:23:54.974+0800] {example_local_kubernetes_executor.py:40} WARNING - Could not import DAGs in example_local_kubernetes_executor.py
Traceback (most recent call last):
  File "/opt/anaconda3/envs/PyTorch/lib/python3.11/site-packages/airflow/example_dags/example_local_kubernetes_executor.py", line 38, in <module>
    from kubernetes.client import models as k8s
ModuleNotFoundError: No module named 'kubernetes'
[2025-01-15T14:23:54.975+0800] {logging_mixin.py:190} INFO - [2025-01-15T14:23:54.975+0800] {example_local_kubernetes_executor.py:41} WARNING - Install Kubernetes dependencies with: pip install apache-airflow[cncf.kubernetes]
[2025-01-15T14:23:54.975+0800] {processor.py:927} WARNING - No viable dags retrieved from /opt/anaconda3/envs/PyTorch/lib/python3.11/site-packages/airflow/example_dags/example_local_kubernetes_executor.py
[2025-01-15T14:23:55.005+0800] {processor.py:208} INFO - Processing /opt/anaconda3/envs/PyTorch/lib/python3.11/site-packages/airflow/example_dags/example_local_kubernetes_executor.py took 0.050 seconds
[2025-01-15T14:27:42.936+0800] {processor.py:186} INFO - Started process (PID=1418) to work on /opt/anaconda3/envs/PyTorch/lib/python3.11/site-packages/airflow/example_dags/example_local_kubernetes_executor.py
[2025-01-15T14:27:42.938+0800] {processor.py:914} INFO - Processing file /opt/anaconda3/envs/PyTorch/lib/python3.11/site-packages/airflow/example_dags/example_local_kubernetes_executor.py for tasks to queue
[2025-01-15T14:27:42.938+0800] {logging_mixin.py:190} INFO - [2025-01-15T14:27:42.938+0800] {dagbag.py:588} INFO - Filling up the DagBag from /opt/anaconda3/envs/PyTorch/lib/python3.11/site-packages/airflow/example_dags/example_local_kubernetes_executor.py
[2025-01-15T14:27:42.955+0800] {logging_mixin.py:190} INFO - [2025-01-15T14:27:42.954+0800] {example_local_kubernetes_executor.py:40} WARNING - Could not import DAGs in example_local_kubernetes_executor.py
Traceback (most recent call last):
  File "/opt/anaconda3/envs/PyTorch/lib/python3.11/site-packages/airflow/example_dags/example_local_kubernetes_executor.py", line 38, in <module>
    from kubernetes.client import models as k8s
ModuleNotFoundError: No module named 'kubernetes'
[2025-01-15T14:27:42.955+0800] {logging_mixin.py:190} INFO - [2025-01-15T14:27:42.955+0800] {example_local_kubernetes_executor.py:41} WARNING - Install Kubernetes dependencies with: pip install apache-airflow[cncf.kubernetes]
[2025-01-15T14:27:42.955+0800] {processor.py:927} WARNING - No viable dags retrieved from /opt/anaconda3/envs/PyTorch/lib/python3.11/site-packages/airflow/example_dags/example_local_kubernetes_executor.py
[2025-01-15T14:27:42.986+0800] {processor.py:208} INFO - Processing /opt/anaconda3/envs/PyTorch/lib/python3.11/site-packages/airflow/example_dags/example_local_kubernetes_executor.py took 0.051 seconds
