[2025-01-15T11:50:52.555+0800] {processor.py:186} INFO - Started process (PID=15537) to work on /opt/anaconda3/envs/PyTorch/lib/python3.11/site-packages/airflow/example_dags/example_branch_operator_decorator.py
[2025-01-15T11:50:52.555+0800] {processor.py:914} INFO - Processing file /opt/anaconda3/envs/PyTorch/lib/python3.11/site-packages/airflow/example_dags/example_branch_operator_decorator.py for tasks to queue
[2025-01-15T11:50:52.556+0800] {logging_mixin.py:190} INFO - [2025-01-15T11:50:52.556+0800] {dagbag.py:588} INFO - Filling up the DagBag from /opt/anaconda3/envs/PyTorch/lib/python3.11/site-packages/airflow/example_dags/example_branch_operator_decorator.py
[2025-01-15T11:50:52.578+0800] {processor.py:925} INFO - DAG(s) 'example_branch_python_operator_decorator' retrieved from /opt/anaconda3/envs/PyTorch/lib/python3.11/site-packages/airflow/example_dags/example_branch_operator_decorator.py
[2025-01-15T11:50:52.690+0800] {logging_mixin.py:190} INFO - [2025-01-15T11:50:52.689+0800] {override.py:1912} INFO - Created Permission View: can read on DAG:example_branch_python_operator_decorator
[2025-01-15T11:50:52.693+0800] {logging_mixin.py:190} INFO - [2025-01-15T11:50:52.693+0800] {override.py:1912} INFO - Created Permission View: can edit on DAG:example_branch_python_operator_decorator
[2025-01-15T11:50:52.695+0800] {logging_mixin.py:190} INFO - [2025-01-15T11:50:52.695+0800] {override.py:1912} INFO - Created Permission View: can delete on DAG:example_branch_python_operator_decorator
[2025-01-15T11:50:52.697+0800] {logging_mixin.py:190} INFO - [2025-01-15T11:50:52.697+0800] {override.py:1912} INFO - Created Permission View: can delete on DAG Run:example_branch_python_operator_decorator
[2025-01-15T11:50:52.699+0800] {logging_mixin.py:190} INFO - [2025-01-15T11:50:52.699+0800] {override.py:1912} INFO - Created Permission View: can read on DAG Run:example_branch_python_operator_decorator
[2025-01-15T11:50:52.701+0800] {logging_mixin.py:190} INFO - [2025-01-15T11:50:52.701+0800] {override.py:1912} INFO - Created Permission View: menu access on DAG Run:example_branch_python_operator_decorator
[2025-01-15T11:50:52.702+0800] {logging_mixin.py:190} INFO - [2025-01-15T11:50:52.702+0800] {override.py:1912} INFO - Created Permission View: can create on DAG Run:example_branch_python_operator_decorator
[2025-01-15T11:50:52.702+0800] {logging_mixin.py:190} INFO - [2025-01-15T11:50:52.702+0800] {dag.py:3239} INFO - Sync 1 DAGs
[2025-01-15T11:50:52.707+0800] {logging_mixin.py:190} INFO - [2025-01-15T11:50:52.707+0800] {dag.py:3262} INFO - Creating ORM DAG for example_branch_python_operator_decorator
[2025-01-15T11:50:52.710+0800] {logging_mixin.py:190} INFO - [2025-01-15T11:50:52.710+0800] {dag.py:4180} INFO - Setting next_dagrun for example_branch_python_operator_decorator to 2025-01-14 00:00:00+00:00, run_after=2025-01-15 00:00:00+00:00
[2025-01-15T11:50:52.716+0800] {processor.py:208} INFO - Processing /opt/anaconda3/envs/PyTorch/lib/python3.11/site-packages/airflow/example_dags/example_branch_operator_decorator.py took 0.164 seconds
[2025-01-15T11:57:22.608+0800] {processor.py:186} INFO - Started process (PID=18807) to work on /opt/anaconda3/envs/PyTorch/lib/python3.11/site-packages/airflow/example_dags/example_branch_operator_decorator.py
[2025-01-15T11:57:22.609+0800] {processor.py:914} INFO - Processing file /opt/anaconda3/envs/PyTorch/lib/python3.11/site-packages/airflow/example_dags/example_branch_operator_decorator.py for tasks to queue
[2025-01-15T11:57:22.610+0800] {logging_mixin.py:190} INFO - [2025-01-15T11:57:22.610+0800] {dagbag.py:588} INFO - Filling up the DagBag from /opt/anaconda3/envs/PyTorch/lib/python3.11/site-packages/airflow/example_dags/example_branch_operator_decorator.py
[2025-01-15T11:57:22.631+0800] {processor.py:925} INFO - DAG(s) 'example_branch_python_operator_decorator' retrieved from /opt/anaconda3/envs/PyTorch/lib/python3.11/site-packages/airflow/example_dags/example_branch_operator_decorator.py
[2025-01-15T11:57:22.756+0800] {logging_mixin.py:190} INFO - [2025-01-15T11:57:22.756+0800] {dag.py:3239} INFO - Sync 1 DAGs
[2025-01-15T11:57:22.762+0800] {logging_mixin.py:190} INFO - [2025-01-15T11:57:22.762+0800] {dag.py:4180} INFO - Setting next_dagrun for example_branch_python_operator_decorator to 2025-01-14 00:00:00+00:00, run_after=2025-01-15 00:00:00+00:00
[2025-01-15T11:57:22.769+0800] {processor.py:208} INFO - Processing /opt/anaconda3/envs/PyTorch/lib/python3.11/site-packages/airflow/example_dags/example_branch_operator_decorator.py took 0.163 seconds
[2025-01-15T11:59:18.699+0800] {processor.py:186} INFO - Started process (PID=19849) to work on /opt/anaconda3/envs/PyTorch/lib/python3.11/site-packages/airflow/example_dags/example_branch_operator_decorator.py
[2025-01-15T11:59:18.700+0800] {processor.py:914} INFO - Processing file /opt/anaconda3/envs/PyTorch/lib/python3.11/site-packages/airflow/example_dags/example_branch_operator_decorator.py for tasks to queue
[2025-01-15T11:59:18.701+0800] {logging_mixin.py:190} INFO - [2025-01-15T11:59:18.701+0800] {dagbag.py:588} INFO - Filling up the DagBag from /opt/anaconda3/envs/PyTorch/lib/python3.11/site-packages/airflow/example_dags/example_branch_operator_decorator.py
[2025-01-15T11:59:18.722+0800] {processor.py:925} INFO - DAG(s) 'example_branch_python_operator_decorator' retrieved from /opt/anaconda3/envs/PyTorch/lib/python3.11/site-packages/airflow/example_dags/example_branch_operator_decorator.py
[2025-01-15T11:59:18.835+0800] {logging_mixin.py:190} INFO - [2025-01-15T11:59:18.835+0800] {dag.py:3239} INFO - Sync 1 DAGs
[2025-01-15T11:59:18.841+0800] {logging_mixin.py:190} INFO - [2025-01-15T11:59:18.841+0800] {dag.py:4180} INFO - Setting next_dagrun for example_branch_python_operator_decorator to 2025-01-14 00:00:00+00:00, run_after=2025-01-15 00:00:00+00:00
[2025-01-15T11:59:18.848+0800] {processor.py:208} INFO - Processing /opt/anaconda3/envs/PyTorch/lib/python3.11/site-packages/airflow/example_dags/example_branch_operator_decorator.py took 0.151 seconds
[2025-01-15T12:02:13.497+0800] {processor.py:186} INFO - Started process (PID=21396) to work on /opt/anaconda3/envs/PyTorch/lib/python3.11/site-packages/airflow/example_dags/example_branch_operator_decorator.py
[2025-01-15T12:02:13.498+0800] {processor.py:914} INFO - Processing file /opt/anaconda3/envs/PyTorch/lib/python3.11/site-packages/airflow/example_dags/example_branch_operator_decorator.py for tasks to queue
[2025-01-15T12:02:13.499+0800] {logging_mixin.py:190} INFO - [2025-01-15T12:02:13.499+0800] {dagbag.py:588} INFO - Filling up the DagBag from /opt/anaconda3/envs/PyTorch/lib/python3.11/site-packages/airflow/example_dags/example_branch_operator_decorator.py
[2025-01-15T12:02:13.520+0800] {processor.py:925} INFO - DAG(s) 'example_branch_python_operator_decorator' retrieved from /opt/anaconda3/envs/PyTorch/lib/python3.11/site-packages/airflow/example_dags/example_branch_operator_decorator.py
[2025-01-15T12:02:13.629+0800] {logging_mixin.py:190} INFO - [2025-01-15T12:02:13.629+0800] {dag.py:3239} INFO - Sync 1 DAGs
[2025-01-15T12:02:13.635+0800] {logging_mixin.py:190} INFO - [2025-01-15T12:02:13.635+0800] {dag.py:4180} INFO - Setting next_dagrun for example_branch_python_operator_decorator to 2025-01-14 00:00:00+00:00, run_after=2025-01-15 00:00:00+00:00
[2025-01-15T12:02:13.642+0800] {processor.py:208} INFO - Processing /opt/anaconda3/envs/PyTorch/lib/python3.11/site-packages/airflow/example_dags/example_branch_operator_decorator.py took 0.147 seconds
[2025-01-15T12:05:05.131+0800] {processor.py:186} INFO - Started process (PID=22903) to work on /opt/anaconda3/envs/PyTorch/lib/python3.11/site-packages/airflow/example_dags/example_branch_operator_decorator.py
[2025-01-15T12:05:05.133+0800] {processor.py:914} INFO - Processing file /opt/anaconda3/envs/PyTorch/lib/python3.11/site-packages/airflow/example_dags/example_branch_operator_decorator.py for tasks to queue
[2025-01-15T12:05:05.133+0800] {logging_mixin.py:190} INFO - [2025-01-15T12:05:05.133+0800] {dagbag.py:588} INFO - Filling up the DagBag from /opt/anaconda3/envs/PyTorch/lib/python3.11/site-packages/airflow/example_dags/example_branch_operator_decorator.py
[2025-01-15T12:05:05.154+0800] {processor.py:925} INFO - DAG(s) 'example_branch_python_operator_decorator' retrieved from /opt/anaconda3/envs/PyTorch/lib/python3.11/site-packages/airflow/example_dags/example_branch_operator_decorator.py
[2025-01-15T12:05:05.260+0800] {logging_mixin.py:190} INFO - [2025-01-15T12:05:05.260+0800] {dag.py:3239} INFO - Sync 1 DAGs
[2025-01-15T12:05:05.267+0800] {logging_mixin.py:190} INFO - [2025-01-15T12:05:05.267+0800] {dag.py:4180} INFO - Setting next_dagrun for example_branch_python_operator_decorator to 2025-01-14 00:00:00+00:00, run_after=2025-01-15 00:00:00+00:00
[2025-01-15T12:05:05.273+0800] {processor.py:208} INFO - Processing /opt/anaconda3/envs/PyTorch/lib/python3.11/site-packages/airflow/example_dags/example_branch_operator_decorator.py took 0.143 seconds
[2025-01-15T12:08:00.577+0800] {processor.py:186} INFO - Started process (PID=24524) to work on /opt/anaconda3/envs/PyTorch/lib/python3.11/site-packages/airflow/example_dags/example_branch_operator_decorator.py
[2025-01-15T12:08:00.578+0800] {processor.py:914} INFO - Processing file /opt/anaconda3/envs/PyTorch/lib/python3.11/site-packages/airflow/example_dags/example_branch_operator_decorator.py for tasks to queue
[2025-01-15T12:08:00.579+0800] {logging_mixin.py:190} INFO - [2025-01-15T12:08:00.579+0800] {dagbag.py:588} INFO - Filling up the DagBag from /opt/anaconda3/envs/PyTorch/lib/python3.11/site-packages/airflow/example_dags/example_branch_operator_decorator.py
[2025-01-15T12:08:00.600+0800] {processor.py:925} INFO - DAG(s) 'example_branch_python_operator_decorator' retrieved from /opt/anaconda3/envs/PyTorch/lib/python3.11/site-packages/airflow/example_dags/example_branch_operator_decorator.py
[2025-01-15T12:08:00.725+0800] {logging_mixin.py:190} INFO - [2025-01-15T12:08:00.725+0800] {dag.py:3239} INFO - Sync 1 DAGs
[2025-01-15T12:08:00.731+0800] {logging_mixin.py:190} INFO - [2025-01-15T12:08:00.731+0800] {dag.py:4180} INFO - Setting next_dagrun for example_branch_python_operator_decorator to 2025-01-14 00:00:00+00:00, run_after=2025-01-15 00:00:00+00:00
[2025-01-15T12:08:00.737+0800] {processor.py:208} INFO - Processing /opt/anaconda3/envs/PyTorch/lib/python3.11/site-packages/airflow/example_dags/example_branch_operator_decorator.py took 0.163 seconds
[2025-01-15T12:10:56.454+0800] {processor.py:186} INFO - Started process (PID=26101) to work on /opt/anaconda3/envs/PyTorch/lib/python3.11/site-packages/airflow/example_dags/example_branch_operator_decorator.py
[2025-01-15T12:10:56.455+0800] {processor.py:914} INFO - Processing file /opt/anaconda3/envs/PyTorch/lib/python3.11/site-packages/airflow/example_dags/example_branch_operator_decorator.py for tasks to queue
[2025-01-15T12:10:56.456+0800] {logging_mixin.py:190} INFO - [2025-01-15T12:10:56.456+0800] {dagbag.py:588} INFO - Filling up the DagBag from /opt/anaconda3/envs/PyTorch/lib/python3.11/site-packages/airflow/example_dags/example_branch_operator_decorator.py
[2025-01-15T12:10:56.479+0800] {processor.py:925} INFO - DAG(s) 'example_branch_python_operator_decorator' retrieved from /opt/anaconda3/envs/PyTorch/lib/python3.11/site-packages/airflow/example_dags/example_branch_operator_decorator.py
[2025-01-15T12:10:56.600+0800] {logging_mixin.py:190} INFO - [2025-01-15T12:10:56.600+0800] {dag.py:3239} INFO - Sync 1 DAGs
[2025-01-15T12:10:56.607+0800] {logging_mixin.py:190} INFO - [2025-01-15T12:10:56.607+0800] {dag.py:4180} INFO - Setting next_dagrun for example_branch_python_operator_decorator to 2025-01-14 00:00:00+00:00, run_after=2025-01-15 00:00:00+00:00
[2025-01-15T12:10:56.614+0800] {processor.py:208} INFO - Processing /opt/anaconda3/envs/PyTorch/lib/python3.11/site-packages/airflow/example_dags/example_branch_operator_decorator.py took 0.162 seconds
[2025-01-15T12:13:53.221+0800] {processor.py:186} INFO - Started process (PID=27673) to work on /opt/anaconda3/envs/PyTorch/lib/python3.11/site-packages/airflow/example_dags/example_branch_operator_decorator.py
[2025-01-15T12:13:53.222+0800] {processor.py:914} INFO - Processing file /opt/anaconda3/envs/PyTorch/lib/python3.11/site-packages/airflow/example_dags/example_branch_operator_decorator.py for tasks to queue
[2025-01-15T12:13:53.223+0800] {logging_mixin.py:190} INFO - [2025-01-15T12:13:53.222+0800] {dagbag.py:588} INFO - Filling up the DagBag from /opt/anaconda3/envs/PyTorch/lib/python3.11/site-packages/airflow/example_dags/example_branch_operator_decorator.py
[2025-01-15T12:13:53.243+0800] {processor.py:925} INFO - DAG(s) 'example_branch_python_operator_decorator' retrieved from /opt/anaconda3/envs/PyTorch/lib/python3.11/site-packages/airflow/example_dags/example_branch_operator_decorator.py
[2025-01-15T12:13:53.362+0800] {logging_mixin.py:190} INFO - [2025-01-15T12:13:53.362+0800] {dag.py:3239} INFO - Sync 1 DAGs
[2025-01-15T12:13:53.368+0800] {logging_mixin.py:190} INFO - [2025-01-15T12:13:53.368+0800] {dag.py:4180} INFO - Setting next_dagrun for example_branch_python_operator_decorator to 2025-01-14 00:00:00+00:00, run_after=2025-01-15 00:00:00+00:00
[2025-01-15T12:13:53.374+0800] {processor.py:208} INFO - Processing /opt/anaconda3/envs/PyTorch/lib/python3.11/site-packages/airflow/example_dags/example_branch_operator_decorator.py took 0.155 seconds
[2025-01-15T12:16:51.083+0800] {processor.py:186} INFO - Started process (PID=29260) to work on /opt/anaconda3/envs/PyTorch/lib/python3.11/site-packages/airflow/example_dags/example_branch_operator_decorator.py
[2025-01-15T12:16:51.084+0800] {processor.py:914} INFO - Processing file /opt/anaconda3/envs/PyTorch/lib/python3.11/site-packages/airflow/example_dags/example_branch_operator_decorator.py for tasks to queue
[2025-01-15T12:16:51.084+0800] {logging_mixin.py:190} INFO - [2025-01-15T12:16:51.084+0800] {dagbag.py:588} INFO - Filling up the DagBag from /opt/anaconda3/envs/PyTorch/lib/python3.11/site-packages/airflow/example_dags/example_branch_operator_decorator.py
[2025-01-15T12:16:51.107+0800] {processor.py:925} INFO - DAG(s) 'example_branch_python_operator_decorator' retrieved from /opt/anaconda3/envs/PyTorch/lib/python3.11/site-packages/airflow/example_dags/example_branch_operator_decorator.py
[2025-01-15T12:16:51.233+0800] {logging_mixin.py:190} INFO - [2025-01-15T12:16:51.233+0800] {dag.py:3239} INFO - Sync 1 DAGs
[2025-01-15T12:16:51.239+0800] {logging_mixin.py:190} INFO - [2025-01-15T12:16:51.239+0800] {dag.py:4180} INFO - Setting next_dagrun for example_branch_python_operator_decorator to 2025-01-14 00:00:00+00:00, run_after=2025-01-15 00:00:00+00:00
[2025-01-15T12:16:51.246+0800] {processor.py:208} INFO - Processing /opt/anaconda3/envs/PyTorch/lib/python3.11/site-packages/airflow/example_dags/example_branch_operator_decorator.py took 0.164 seconds
[2025-01-15T12:19:46.903+0800] {processor.py:186} INFO - Started process (PID=30808) to work on /opt/anaconda3/envs/PyTorch/lib/python3.11/site-packages/airflow/example_dags/example_branch_operator_decorator.py
[2025-01-15T12:19:46.904+0800] {processor.py:914} INFO - Processing file /opt/anaconda3/envs/PyTorch/lib/python3.11/site-packages/airflow/example_dags/example_branch_operator_decorator.py for tasks to queue
[2025-01-15T12:19:46.905+0800] {logging_mixin.py:190} INFO - [2025-01-15T12:19:46.905+0800] {dagbag.py:588} INFO - Filling up the DagBag from /opt/anaconda3/envs/PyTorch/lib/python3.11/site-packages/airflow/example_dags/example_branch_operator_decorator.py
[2025-01-15T12:19:46.926+0800] {processor.py:925} INFO - DAG(s) 'example_branch_python_operator_decorator' retrieved from /opt/anaconda3/envs/PyTorch/lib/python3.11/site-packages/airflow/example_dags/example_branch_operator_decorator.py
[2025-01-15T12:19:47.034+0800] {logging_mixin.py:190} INFO - [2025-01-15T12:19:47.033+0800] {dag.py:3239} INFO - Sync 1 DAGs
[2025-01-15T12:19:47.040+0800] {logging_mixin.py:190} INFO - [2025-01-15T12:19:47.040+0800] {dag.py:4180} INFO - Setting next_dagrun for example_branch_python_operator_decorator to 2025-01-14 00:00:00+00:00, run_after=2025-01-15 00:00:00+00:00
[2025-01-15T12:19:47.046+0800] {processor.py:208} INFO - Processing /opt/anaconda3/envs/PyTorch/lib/python3.11/site-packages/airflow/example_dags/example_branch_operator_decorator.py took 0.145 seconds
[2025-01-15T12:22:52.086+0800] {processor.py:186} INFO - Started process (PID=32440) to work on /opt/anaconda3/envs/PyTorch/lib/python3.11/site-packages/airflow/example_dags/example_branch_operator_decorator.py
[2025-01-15T12:22:52.087+0800] {processor.py:914} INFO - Processing file /opt/anaconda3/envs/PyTorch/lib/python3.11/site-packages/airflow/example_dags/example_branch_operator_decorator.py for tasks to queue
[2025-01-15T12:22:52.087+0800] {logging_mixin.py:190} INFO - [2025-01-15T12:22:52.087+0800] {dagbag.py:588} INFO - Filling up the DagBag from /opt/anaconda3/envs/PyTorch/lib/python3.11/site-packages/airflow/example_dags/example_branch_operator_decorator.py
[2025-01-15T12:22:52.108+0800] {processor.py:925} INFO - DAG(s) 'example_branch_python_operator_decorator' retrieved from /opt/anaconda3/envs/PyTorch/lib/python3.11/site-packages/airflow/example_dags/example_branch_operator_decorator.py
[2025-01-15T12:22:52.215+0800] {logging_mixin.py:190} INFO - [2025-01-15T12:22:52.215+0800] {dag.py:3239} INFO - Sync 1 DAGs
[2025-01-15T12:22:52.221+0800] {logging_mixin.py:190} INFO - [2025-01-15T12:22:52.221+0800] {dag.py:4180} INFO - Setting next_dagrun for example_branch_python_operator_decorator to 2025-01-14 00:00:00+00:00, run_after=2025-01-15 00:00:00+00:00
[2025-01-15T12:22:52.228+0800] {processor.py:208} INFO - Processing /opt/anaconda3/envs/PyTorch/lib/python3.11/site-packages/airflow/example_dags/example_branch_operator_decorator.py took 0.143 seconds
[2025-01-15T12:25:50.294+0800] {processor.py:186} INFO - Started process (PID=34015) to work on /opt/anaconda3/envs/PyTorch/lib/python3.11/site-packages/airflow/example_dags/example_branch_operator_decorator.py
[2025-01-15T12:25:50.296+0800] {processor.py:914} INFO - Processing file /opt/anaconda3/envs/PyTorch/lib/python3.11/site-packages/airflow/example_dags/example_branch_operator_decorator.py for tasks to queue
[2025-01-15T12:25:50.296+0800] {logging_mixin.py:190} INFO - [2025-01-15T12:25:50.296+0800] {dagbag.py:588} INFO - Filling up the DagBag from /opt/anaconda3/envs/PyTorch/lib/python3.11/site-packages/airflow/example_dags/example_branch_operator_decorator.py
[2025-01-15T12:25:50.320+0800] {processor.py:925} INFO - DAG(s) 'example_branch_python_operator_decorator' retrieved from /opt/anaconda3/envs/PyTorch/lib/python3.11/site-packages/airflow/example_dags/example_branch_operator_decorator.py
[2025-01-15T12:25:50.429+0800] {logging_mixin.py:190} INFO - [2025-01-15T12:25:50.429+0800] {dag.py:3239} INFO - Sync 1 DAGs
[2025-01-15T12:25:50.436+0800] {logging_mixin.py:190} INFO - [2025-01-15T12:25:50.436+0800] {dag.py:4180} INFO - Setting next_dagrun for example_branch_python_operator_decorator to 2025-01-14 00:00:00+00:00, run_after=2025-01-15 00:00:00+00:00
[2025-01-15T12:25:50.442+0800] {processor.py:208} INFO - Processing /opt/anaconda3/envs/PyTorch/lib/python3.11/site-packages/airflow/example_dags/example_branch_operator_decorator.py took 0.150 seconds
[2025-01-15T12:28:48.196+0800] {processor.py:186} INFO - Started process (PID=35587) to work on /opt/anaconda3/envs/PyTorch/lib/python3.11/site-packages/airflow/example_dags/example_branch_operator_decorator.py
[2025-01-15T12:28:48.197+0800] {processor.py:914} INFO - Processing file /opt/anaconda3/envs/PyTorch/lib/python3.11/site-packages/airflow/example_dags/example_branch_operator_decorator.py for tasks to queue
[2025-01-15T12:28:48.198+0800] {logging_mixin.py:190} INFO - [2025-01-15T12:28:48.198+0800] {dagbag.py:588} INFO - Filling up the DagBag from /opt/anaconda3/envs/PyTorch/lib/python3.11/site-packages/airflow/example_dags/example_branch_operator_decorator.py
[2025-01-15T12:28:48.219+0800] {processor.py:925} INFO - DAG(s) 'example_branch_python_operator_decorator' retrieved from /opt/anaconda3/envs/PyTorch/lib/python3.11/site-packages/airflow/example_dags/example_branch_operator_decorator.py
[2025-01-15T12:28:48.328+0800] {logging_mixin.py:190} INFO - [2025-01-15T12:28:48.328+0800] {dag.py:3239} INFO - Sync 1 DAGs
[2025-01-15T12:28:48.334+0800] {logging_mixin.py:190} INFO - [2025-01-15T12:28:48.334+0800] {dag.py:4180} INFO - Setting next_dagrun for example_branch_python_operator_decorator to 2025-01-14 00:00:00+00:00, run_after=2025-01-15 00:00:00+00:00
[2025-01-15T12:28:48.341+0800] {processor.py:208} INFO - Processing /opt/anaconda3/envs/PyTorch/lib/python3.11/site-packages/airflow/example_dags/example_branch_operator_decorator.py took 0.147 seconds
[2025-01-15T12:31:43.583+0800] {processor.py:186} INFO - Started process (PID=37110) to work on /opt/anaconda3/envs/PyTorch/lib/python3.11/site-packages/airflow/example_dags/example_branch_operator_decorator.py
[2025-01-15T12:31:43.585+0800] {processor.py:914} INFO - Processing file /opt/anaconda3/envs/PyTorch/lib/python3.11/site-packages/airflow/example_dags/example_branch_operator_decorator.py for tasks to queue
[2025-01-15T12:31:43.585+0800] {logging_mixin.py:190} INFO - [2025-01-15T12:31:43.585+0800] {dagbag.py:588} INFO - Filling up the DagBag from /opt/anaconda3/envs/PyTorch/lib/python3.11/site-packages/airflow/example_dags/example_branch_operator_decorator.py
[2025-01-15T12:31:43.606+0800] {processor.py:925} INFO - DAG(s) 'example_branch_python_operator_decorator' retrieved from /opt/anaconda3/envs/PyTorch/lib/python3.11/site-packages/airflow/example_dags/example_branch_operator_decorator.py
[2025-01-15T12:31:43.715+0800] {logging_mixin.py:190} INFO - [2025-01-15T12:31:43.715+0800] {dag.py:3239} INFO - Sync 1 DAGs
[2025-01-15T12:31:43.721+0800] {logging_mixin.py:190} INFO - [2025-01-15T12:31:43.721+0800] {dag.py:4180} INFO - Setting next_dagrun for example_branch_python_operator_decorator to 2025-01-14 00:00:00+00:00, run_after=2025-01-15 00:00:00+00:00
[2025-01-15T12:31:43.728+0800] {processor.py:208} INFO - Processing /opt/anaconda3/envs/PyTorch/lib/python3.11/site-packages/airflow/example_dags/example_branch_operator_decorator.py took 0.146 seconds
[2025-01-15T12:34:39.024+0800] {processor.py:186} INFO - Started process (PID=38670) to work on /opt/anaconda3/envs/PyTorch/lib/python3.11/site-packages/airflow/example_dags/example_branch_operator_decorator.py
[2025-01-15T12:34:39.026+0800] {processor.py:914} INFO - Processing file /opt/anaconda3/envs/PyTorch/lib/python3.11/site-packages/airflow/example_dags/example_branch_operator_decorator.py for tasks to queue
[2025-01-15T12:34:39.026+0800] {logging_mixin.py:190} INFO - [2025-01-15T12:34:39.026+0800] {dagbag.py:588} INFO - Filling up the DagBag from /opt/anaconda3/envs/PyTorch/lib/python3.11/site-packages/airflow/example_dags/example_branch_operator_decorator.py
[2025-01-15T12:34:39.047+0800] {processor.py:925} INFO - DAG(s) 'example_branch_python_operator_decorator' retrieved from /opt/anaconda3/envs/PyTorch/lib/python3.11/site-packages/airflow/example_dags/example_branch_operator_decorator.py
[2025-01-15T12:34:39.153+0800] {logging_mixin.py:190} INFO - [2025-01-15T12:34:39.153+0800] {dag.py:3239} INFO - Sync 1 DAGs
[2025-01-15T12:34:39.159+0800] {logging_mixin.py:190} INFO - [2025-01-15T12:34:39.159+0800] {dag.py:4180} INFO - Setting next_dagrun for example_branch_python_operator_decorator to 2025-01-14 00:00:00+00:00, run_after=2025-01-15 00:00:00+00:00
[2025-01-15T12:34:39.166+0800] {processor.py:208} INFO - Processing /opt/anaconda3/envs/PyTorch/lib/python3.11/site-packages/airflow/example_dags/example_branch_operator_decorator.py took 0.143 seconds
[2025-01-15T12:37:38.223+0800] {processor.py:186} INFO - Started process (PID=40236) to work on /opt/anaconda3/envs/PyTorch/lib/python3.11/site-packages/airflow/example_dags/example_branch_operator_decorator.py
[2025-01-15T12:37:38.224+0800] {processor.py:914} INFO - Processing file /opt/anaconda3/envs/PyTorch/lib/python3.11/site-packages/airflow/example_dags/example_branch_operator_decorator.py for tasks to queue
[2025-01-15T12:37:38.225+0800] {logging_mixin.py:190} INFO - [2025-01-15T12:37:38.225+0800] {dagbag.py:588} INFO - Filling up the DagBag from /opt/anaconda3/envs/PyTorch/lib/python3.11/site-packages/airflow/example_dags/example_branch_operator_decorator.py
[2025-01-15T12:37:38.246+0800] {processor.py:925} INFO - DAG(s) 'example_branch_python_operator_decorator' retrieved from /opt/anaconda3/envs/PyTorch/lib/python3.11/site-packages/airflow/example_dags/example_branch_operator_decorator.py
[2025-01-15T12:37:38.355+0800] {logging_mixin.py:190} INFO - [2025-01-15T12:37:38.355+0800] {dag.py:3239} INFO - Sync 1 DAGs
[2025-01-15T12:37:38.361+0800] {logging_mixin.py:190} INFO - [2025-01-15T12:37:38.361+0800] {dag.py:4180} INFO - Setting next_dagrun for example_branch_python_operator_decorator to 2025-01-14 00:00:00+00:00, run_after=2025-01-15 00:00:00+00:00
[2025-01-15T12:37:38.368+0800] {processor.py:208} INFO - Processing /opt/anaconda3/envs/PyTorch/lib/python3.11/site-packages/airflow/example_dags/example_branch_operator_decorator.py took 0.146 seconds
[2025-01-15T12:40:32.729+0800] {processor.py:186} INFO - Started process (PID=41793) to work on /opt/anaconda3/envs/PyTorch/lib/python3.11/site-packages/airflow/example_dags/example_branch_operator_decorator.py
[2025-01-15T12:40:32.730+0800] {processor.py:914} INFO - Processing file /opt/anaconda3/envs/PyTorch/lib/python3.11/site-packages/airflow/example_dags/example_branch_operator_decorator.py for tasks to queue
[2025-01-15T12:40:32.731+0800] {logging_mixin.py:190} INFO - [2025-01-15T12:40:32.731+0800] {dagbag.py:588} INFO - Filling up the DagBag from /opt/anaconda3/envs/PyTorch/lib/python3.11/site-packages/airflow/example_dags/example_branch_operator_decorator.py
[2025-01-15T12:40:32.753+0800] {processor.py:925} INFO - DAG(s) 'example_branch_python_operator_decorator' retrieved from /opt/anaconda3/envs/PyTorch/lib/python3.11/site-packages/airflow/example_dags/example_branch_operator_decorator.py
[2025-01-15T12:40:32.881+0800] {logging_mixin.py:190} INFO - [2025-01-15T12:40:32.881+0800] {dag.py:3239} INFO - Sync 1 DAGs
[2025-01-15T12:40:32.888+0800] {logging_mixin.py:190} INFO - [2025-01-15T12:40:32.888+0800] {dag.py:4180} INFO - Setting next_dagrun for example_branch_python_operator_decorator to 2025-01-14 00:00:00+00:00, run_after=2025-01-15 00:00:00+00:00
[2025-01-15T12:40:32.894+0800] {processor.py:208} INFO - Processing /opt/anaconda3/envs/PyTorch/lib/python3.11/site-packages/airflow/example_dags/example_branch_operator_decorator.py took 0.167 seconds
[2025-01-15T12:43:32.672+0800] {processor.py:186} INFO - Started process (PID=43405) to work on /opt/anaconda3/envs/PyTorch/lib/python3.11/site-packages/airflow/example_dags/example_branch_operator_decorator.py
[2025-01-15T12:43:32.673+0800] {processor.py:914} INFO - Processing file /opt/anaconda3/envs/PyTorch/lib/python3.11/site-packages/airflow/example_dags/example_branch_operator_decorator.py for tasks to queue
[2025-01-15T12:43:32.673+0800] {logging_mixin.py:190} INFO - [2025-01-15T12:43:32.673+0800] {dagbag.py:588} INFO - Filling up the DagBag from /opt/anaconda3/envs/PyTorch/lib/python3.11/site-packages/airflow/example_dags/example_branch_operator_decorator.py
[2025-01-15T12:43:32.695+0800] {processor.py:925} INFO - DAG(s) 'example_branch_python_operator_decorator' retrieved from /opt/anaconda3/envs/PyTorch/lib/python3.11/site-packages/airflow/example_dags/example_branch_operator_decorator.py
[2025-01-15T12:43:32.805+0800] {logging_mixin.py:190} INFO - [2025-01-15T12:43:32.805+0800] {dag.py:3239} INFO - Sync 1 DAGs
[2025-01-15T12:43:32.812+0800] {logging_mixin.py:190} INFO - [2025-01-15T12:43:32.812+0800] {dag.py:4180} INFO - Setting next_dagrun for example_branch_python_operator_decorator to 2025-01-14 00:00:00+00:00, run_after=2025-01-15 00:00:00+00:00
[2025-01-15T12:43:32.819+0800] {processor.py:208} INFO - Processing /opt/anaconda3/envs/PyTorch/lib/python3.11/site-packages/airflow/example_dags/example_branch_operator_decorator.py took 0.149 seconds
[2025-01-15T12:46:34.547+0800] {processor.py:186} INFO - Started process (PID=45096) to work on /opt/anaconda3/envs/PyTorch/lib/python3.11/site-packages/airflow/example_dags/example_branch_operator_decorator.py
[2025-01-15T12:46:34.548+0800] {processor.py:914} INFO - Processing file /opt/anaconda3/envs/PyTorch/lib/python3.11/site-packages/airflow/example_dags/example_branch_operator_decorator.py for tasks to queue
[2025-01-15T12:46:34.548+0800] {logging_mixin.py:190} INFO - [2025-01-15T12:46:34.548+0800] {dagbag.py:588} INFO - Filling up the DagBag from /opt/anaconda3/envs/PyTorch/lib/python3.11/site-packages/airflow/example_dags/example_branch_operator_decorator.py
[2025-01-15T12:46:34.571+0800] {processor.py:925} INFO - DAG(s) 'example_branch_python_operator_decorator' retrieved from /opt/anaconda3/envs/PyTorch/lib/python3.11/site-packages/airflow/example_dags/example_branch_operator_decorator.py
[2025-01-15T12:46:34.698+0800] {logging_mixin.py:190} INFO - [2025-01-15T12:46:34.698+0800] {dag.py:3239} INFO - Sync 1 DAGs
[2025-01-15T12:46:34.705+0800] {logging_mixin.py:190} INFO - [2025-01-15T12:46:34.705+0800] {dag.py:4180} INFO - Setting next_dagrun for example_branch_python_operator_decorator to 2025-01-14 00:00:00+00:00, run_after=2025-01-15 00:00:00+00:00
[2025-01-15T12:46:34.711+0800] {processor.py:208} INFO - Processing /opt/anaconda3/envs/PyTorch/lib/python3.11/site-packages/airflow/example_dags/example_branch_operator_decorator.py took 0.166 seconds
[2025-01-15T12:49:30.683+0800] {processor.py:186} INFO - Started process (PID=46659) to work on /opt/anaconda3/envs/PyTorch/lib/python3.11/site-packages/airflow/example_dags/example_branch_operator_decorator.py
[2025-01-15T12:49:30.684+0800] {processor.py:914} INFO - Processing file /opt/anaconda3/envs/PyTorch/lib/python3.11/site-packages/airflow/example_dags/example_branch_operator_decorator.py for tasks to queue
[2025-01-15T12:49:30.684+0800] {logging_mixin.py:190} INFO - [2025-01-15T12:49:30.684+0800] {dagbag.py:588} INFO - Filling up the DagBag from /opt/anaconda3/envs/PyTorch/lib/python3.11/site-packages/airflow/example_dags/example_branch_operator_decorator.py
[2025-01-15T12:49:30.707+0800] {processor.py:925} INFO - DAG(s) 'example_branch_python_operator_decorator' retrieved from /opt/anaconda3/envs/PyTorch/lib/python3.11/site-packages/airflow/example_dags/example_branch_operator_decorator.py
[2025-01-15T12:49:30.908+0800] {logging_mixin.py:190} INFO - [2025-01-15T12:49:30.908+0800] {dag.py:3239} INFO - Sync 1 DAGs
[2025-01-15T12:49:30.915+0800] {logging_mixin.py:190} INFO - [2025-01-15T12:49:30.915+0800] {dag.py:4180} INFO - Setting next_dagrun for example_branch_python_operator_decorator to 2025-01-14 00:00:00+00:00, run_after=2025-01-15 00:00:00+00:00
[2025-01-15T12:49:30.923+0800] {processor.py:208} INFO - Processing /opt/anaconda3/envs/PyTorch/lib/python3.11/site-packages/airflow/example_dags/example_branch_operator_decorator.py took 0.242 seconds
[2025-01-15T12:52:30.917+0800] {processor.py:186} INFO - Started process (PID=48240) to work on /opt/anaconda3/envs/PyTorch/lib/python3.11/site-packages/airflow/example_dags/example_branch_operator_decorator.py
[2025-01-15T12:52:30.918+0800] {processor.py:914} INFO - Processing file /opt/anaconda3/envs/PyTorch/lib/python3.11/site-packages/airflow/example_dags/example_branch_operator_decorator.py for tasks to queue
[2025-01-15T12:52:30.919+0800] {logging_mixin.py:190} INFO - [2025-01-15T12:52:30.919+0800] {dagbag.py:588} INFO - Filling up the DagBag from /opt/anaconda3/envs/PyTorch/lib/python3.11/site-packages/airflow/example_dags/example_branch_operator_decorator.py
[2025-01-15T12:52:30.940+0800] {processor.py:925} INFO - DAG(s) 'example_branch_python_operator_decorator' retrieved from /opt/anaconda3/envs/PyTorch/lib/python3.11/site-packages/airflow/example_dags/example_branch_operator_decorator.py
[2025-01-15T12:52:31.057+0800] {logging_mixin.py:190} INFO - [2025-01-15T12:52:31.056+0800] {dag.py:3239} INFO - Sync 1 DAGs
[2025-01-15T12:52:31.064+0800] {logging_mixin.py:190} INFO - [2025-01-15T12:52:31.064+0800] {dag.py:4180} INFO - Setting next_dagrun for example_branch_python_operator_decorator to 2025-01-14 00:00:00+00:00, run_after=2025-01-15 00:00:00+00:00
[2025-01-15T12:52:31.072+0800] {processor.py:208} INFO - Processing /opt/anaconda3/envs/PyTorch/lib/python3.11/site-packages/airflow/example_dags/example_branch_operator_decorator.py took 0.157 seconds
[2025-01-15T12:55:35.001+0800] {processor.py:186} INFO - Started process (PID=49933) to work on /opt/anaconda3/envs/PyTorch/lib/python3.11/site-packages/airflow/example_dags/example_branch_operator_decorator.py
[2025-01-15T12:55:35.002+0800] {processor.py:914} INFO - Processing file /opt/anaconda3/envs/PyTorch/lib/python3.11/site-packages/airflow/example_dags/example_branch_operator_decorator.py for tasks to queue
[2025-01-15T12:55:35.003+0800] {logging_mixin.py:190} INFO - [2025-01-15T12:55:35.002+0800] {dagbag.py:588} INFO - Filling up the DagBag from /opt/anaconda3/envs/PyTorch/lib/python3.11/site-packages/airflow/example_dags/example_branch_operator_decorator.py
[2025-01-15T12:55:35.024+0800] {processor.py:925} INFO - DAG(s) 'example_branch_python_operator_decorator' retrieved from /opt/anaconda3/envs/PyTorch/lib/python3.11/site-packages/airflow/example_dags/example_branch_operator_decorator.py
[2025-01-15T12:55:35.133+0800] {logging_mixin.py:190} INFO - [2025-01-15T12:55:35.132+0800] {dag.py:3239} INFO - Sync 1 DAGs
[2025-01-15T12:55:35.139+0800] {logging_mixin.py:190} INFO - [2025-01-15T12:55:35.139+0800] {dag.py:4180} INFO - Setting next_dagrun for example_branch_python_operator_decorator to 2025-01-14 00:00:00+00:00, run_after=2025-01-15 00:00:00+00:00
[2025-01-15T12:55:35.146+0800] {processor.py:208} INFO - Processing /opt/anaconda3/envs/PyTorch/lib/python3.11/site-packages/airflow/example_dags/example_branch_operator_decorator.py took 0.147 seconds
[2025-01-15T12:58:36.256+0800] {processor.py:186} INFO - Started process (PID=51535) to work on /opt/anaconda3/envs/PyTorch/lib/python3.11/site-packages/airflow/example_dags/example_branch_operator_decorator.py
[2025-01-15T12:58:36.257+0800] {processor.py:914} INFO - Processing file /opt/anaconda3/envs/PyTorch/lib/python3.11/site-packages/airflow/example_dags/example_branch_operator_decorator.py for tasks to queue
[2025-01-15T12:58:36.258+0800] {logging_mixin.py:190} INFO - [2025-01-15T12:58:36.258+0800] {dagbag.py:588} INFO - Filling up the DagBag from /opt/anaconda3/envs/PyTorch/lib/python3.11/site-packages/airflow/example_dags/example_branch_operator_decorator.py
[2025-01-15T12:58:36.279+0800] {processor.py:925} INFO - DAG(s) 'example_branch_python_operator_decorator' retrieved from /opt/anaconda3/envs/PyTorch/lib/python3.11/site-packages/airflow/example_dags/example_branch_operator_decorator.py
[2025-01-15T12:58:36.403+0800] {logging_mixin.py:190} INFO - [2025-01-15T12:58:36.403+0800] {dag.py:3239} INFO - Sync 1 DAGs
[2025-01-15T12:58:36.410+0800] {logging_mixin.py:190} INFO - [2025-01-15T12:58:36.409+0800] {dag.py:4180} INFO - Setting next_dagrun for example_branch_python_operator_decorator to 2025-01-14 00:00:00+00:00, run_after=2025-01-15 00:00:00+00:00
[2025-01-15T12:58:36.416+0800] {processor.py:208} INFO - Processing /opt/anaconda3/envs/PyTorch/lib/python3.11/site-packages/airflow/example_dags/example_branch_operator_decorator.py took 0.161 seconds
[2025-01-15T13:01:38.705+0800] {processor.py:186} INFO - Started process (PID=53181) to work on /opt/anaconda3/envs/PyTorch/lib/python3.11/site-packages/airflow/example_dags/example_branch_operator_decorator.py
[2025-01-15T13:01:38.707+0800] {processor.py:914} INFO - Processing file /opt/anaconda3/envs/PyTorch/lib/python3.11/site-packages/airflow/example_dags/example_branch_operator_decorator.py for tasks to queue
[2025-01-15T13:01:38.707+0800] {logging_mixin.py:190} INFO - [2025-01-15T13:01:38.707+0800] {dagbag.py:588} INFO - Filling up the DagBag from /opt/anaconda3/envs/PyTorch/lib/python3.11/site-packages/airflow/example_dags/example_branch_operator_decorator.py
[2025-01-15T13:01:38.729+0800] {processor.py:925} INFO - DAG(s) 'example_branch_python_operator_decorator' retrieved from /opt/anaconda3/envs/PyTorch/lib/python3.11/site-packages/airflow/example_dags/example_branch_operator_decorator.py
[2025-01-15T13:01:38.865+0800] {logging_mixin.py:190} INFO - [2025-01-15T13:01:38.864+0800] {dag.py:3239} INFO - Sync 1 DAGs
[2025-01-15T13:01:38.871+0800] {logging_mixin.py:190} INFO - [2025-01-15T13:01:38.871+0800] {dag.py:4180} INFO - Setting next_dagrun for example_branch_python_operator_decorator to 2025-01-14 00:00:00+00:00, run_after=2025-01-15 00:00:00+00:00
[2025-01-15T13:01:38.878+0800] {processor.py:208} INFO - Processing /opt/anaconda3/envs/PyTorch/lib/python3.11/site-packages/airflow/example_dags/example_branch_operator_decorator.py took 0.174 seconds
[2025-01-15T13:04:47.494+0800] {processor.py:186} INFO - Started process (PID=54923) to work on /opt/anaconda3/envs/PyTorch/lib/python3.11/site-packages/airflow/example_dags/example_branch_operator_decorator.py
[2025-01-15T13:04:47.496+0800] {processor.py:914} INFO - Processing file /opt/anaconda3/envs/PyTorch/lib/python3.11/site-packages/airflow/example_dags/example_branch_operator_decorator.py for tasks to queue
[2025-01-15T13:04:47.496+0800] {logging_mixin.py:190} INFO - [2025-01-15T13:04:47.496+0800] {dagbag.py:588} INFO - Filling up the DagBag from /opt/anaconda3/envs/PyTorch/lib/python3.11/site-packages/airflow/example_dags/example_branch_operator_decorator.py
[2025-01-15T13:04:47.518+0800] {processor.py:925} INFO - DAG(s) 'example_branch_python_operator_decorator' retrieved from /opt/anaconda3/envs/PyTorch/lib/python3.11/site-packages/airflow/example_dags/example_branch_operator_decorator.py
[2025-01-15T13:04:47.651+0800] {logging_mixin.py:190} INFO - [2025-01-15T13:04:47.650+0800] {dag.py:3239} INFO - Sync 1 DAGs
[2025-01-15T13:04:47.658+0800] {logging_mixin.py:190} INFO - [2025-01-15T13:04:47.658+0800] {dag.py:4180} INFO - Setting next_dagrun for example_branch_python_operator_decorator to 2025-01-14 00:00:00+00:00, run_after=2025-01-15 00:00:00+00:00
[2025-01-15T13:04:47.664+0800] {processor.py:208} INFO - Processing /opt/anaconda3/envs/PyTorch/lib/python3.11/site-packages/airflow/example_dags/example_branch_operator_decorator.py took 0.172 seconds
[2025-01-15T13:07:53.481+0800] {processor.py:186} INFO - Started process (PID=56648) to work on /opt/anaconda3/envs/PyTorch/lib/python3.11/site-packages/airflow/example_dags/example_branch_operator_decorator.py
[2025-01-15T13:07:53.482+0800] {processor.py:914} INFO - Processing file /opt/anaconda3/envs/PyTorch/lib/python3.11/site-packages/airflow/example_dags/example_branch_operator_decorator.py for tasks to queue
[2025-01-15T13:07:53.482+0800] {logging_mixin.py:190} INFO - [2025-01-15T13:07:53.482+0800] {dagbag.py:588} INFO - Filling up the DagBag from /opt/anaconda3/envs/PyTorch/lib/python3.11/site-packages/airflow/example_dags/example_branch_operator_decorator.py
[2025-01-15T13:07:53.503+0800] {processor.py:925} INFO - DAG(s) 'example_branch_python_operator_decorator' retrieved from /opt/anaconda3/envs/PyTorch/lib/python3.11/site-packages/airflow/example_dags/example_branch_operator_decorator.py
[2025-01-15T13:07:53.617+0800] {logging_mixin.py:190} INFO - [2025-01-15T13:07:53.617+0800] {dag.py:3239} INFO - Sync 1 DAGs
[2025-01-15T13:07:53.624+0800] {logging_mixin.py:190} INFO - [2025-01-15T13:07:53.624+0800] {dag.py:4180} INFO - Setting next_dagrun for example_branch_python_operator_decorator to 2025-01-14 00:00:00+00:00, run_after=2025-01-15 00:00:00+00:00
[2025-01-15T13:07:53.631+0800] {processor.py:208} INFO - Processing /opt/anaconda3/envs/PyTorch/lib/python3.11/site-packages/airflow/example_dags/example_branch_operator_decorator.py took 0.151 seconds
[2025-01-15T13:10:57.536+0800] {processor.py:186} INFO - Started process (PID=58400) to work on /opt/anaconda3/envs/PyTorch/lib/python3.11/site-packages/airflow/example_dags/example_branch_operator_decorator.py
[2025-01-15T13:10:57.537+0800] {processor.py:914} INFO - Processing file /opt/anaconda3/envs/PyTorch/lib/python3.11/site-packages/airflow/example_dags/example_branch_operator_decorator.py for tasks to queue
[2025-01-15T13:10:57.538+0800] {logging_mixin.py:190} INFO - [2025-01-15T13:10:57.538+0800] {dagbag.py:588} INFO - Filling up the DagBag from /opt/anaconda3/envs/PyTorch/lib/python3.11/site-packages/airflow/example_dags/example_branch_operator_decorator.py
[2025-01-15T13:10:57.558+0800] {processor.py:925} INFO - DAG(s) 'example_branch_python_operator_decorator' retrieved from /opt/anaconda3/envs/PyTorch/lib/python3.11/site-packages/airflow/example_dags/example_branch_operator_decorator.py
[2025-01-15T13:10:57.672+0800] {logging_mixin.py:190} INFO - [2025-01-15T13:10:57.672+0800] {dag.py:3239} INFO - Sync 1 DAGs
[2025-01-15T13:10:57.678+0800] {logging_mixin.py:190} INFO - [2025-01-15T13:10:57.678+0800] {dag.py:4180} INFO - Setting next_dagrun for example_branch_python_operator_decorator to 2025-01-14 00:00:00+00:00, run_after=2025-01-15 00:00:00+00:00
[2025-01-15T13:10:57.685+0800] {processor.py:208} INFO - Processing /opt/anaconda3/envs/PyTorch/lib/python3.11/site-packages/airflow/example_dags/example_branch_operator_decorator.py took 0.150 seconds
[2025-01-15T13:13:57.546+0800] {processor.py:186} INFO - Started process (PID=60022) to work on /opt/anaconda3/envs/PyTorch/lib/python3.11/site-packages/airflow/example_dags/example_branch_operator_decorator.py
[2025-01-15T13:13:57.548+0800] {processor.py:914} INFO - Processing file /opt/anaconda3/envs/PyTorch/lib/python3.11/site-packages/airflow/example_dags/example_branch_operator_decorator.py for tasks to queue
[2025-01-15T13:13:57.548+0800] {logging_mixin.py:190} INFO - [2025-01-15T13:13:57.548+0800] {dagbag.py:588} INFO - Filling up the DagBag from /opt/anaconda3/envs/PyTorch/lib/python3.11/site-packages/airflow/example_dags/example_branch_operator_decorator.py
[2025-01-15T13:13:57.571+0800] {processor.py:925} INFO - DAG(s) 'example_branch_python_operator_decorator' retrieved from /opt/anaconda3/envs/PyTorch/lib/python3.11/site-packages/airflow/example_dags/example_branch_operator_decorator.py
[2025-01-15T13:13:57.702+0800] {logging_mixin.py:190} INFO - [2025-01-15T13:13:57.702+0800] {dag.py:3239} INFO - Sync 1 DAGs
[2025-01-15T13:13:57.708+0800] {logging_mixin.py:190} INFO - [2025-01-15T13:13:57.708+0800] {dag.py:4180} INFO - Setting next_dagrun for example_branch_python_operator_decorator to 2025-01-14 00:00:00+00:00, run_after=2025-01-15 00:00:00+00:00
[2025-01-15T13:13:57.715+0800] {processor.py:208} INFO - Processing /opt/anaconda3/envs/PyTorch/lib/python3.11/site-packages/airflow/example_dags/example_branch_operator_decorator.py took 0.171 seconds
[2025-01-15T13:16:58.866+0800] {processor.py:186} INFO - Started process (PID=61626) to work on /opt/anaconda3/envs/PyTorch/lib/python3.11/site-packages/airflow/example_dags/example_branch_operator_decorator.py
[2025-01-15T13:16:58.867+0800] {processor.py:914} INFO - Processing file /opt/anaconda3/envs/PyTorch/lib/python3.11/site-packages/airflow/example_dags/example_branch_operator_decorator.py for tasks to queue
[2025-01-15T13:16:58.868+0800] {logging_mixin.py:190} INFO - [2025-01-15T13:16:58.868+0800] {dagbag.py:588} INFO - Filling up the DagBag from /opt/anaconda3/envs/PyTorch/lib/python3.11/site-packages/airflow/example_dags/example_branch_operator_decorator.py
[2025-01-15T13:16:58.888+0800] {processor.py:925} INFO - DAG(s) 'example_branch_python_operator_decorator' retrieved from /opt/anaconda3/envs/PyTorch/lib/python3.11/site-packages/airflow/example_dags/example_branch_operator_decorator.py
[2025-01-15T13:16:58.996+0800] {logging_mixin.py:190} INFO - [2025-01-15T13:16:58.996+0800] {dag.py:3239} INFO - Sync 1 DAGs
[2025-01-15T13:16:59.002+0800] {logging_mixin.py:190} INFO - [2025-01-15T13:16:59.002+0800] {dag.py:4180} INFO - Setting next_dagrun for example_branch_python_operator_decorator to 2025-01-14 00:00:00+00:00, run_after=2025-01-15 00:00:00+00:00
[2025-01-15T13:16:59.009+0800] {processor.py:208} INFO - Processing /opt/anaconda3/envs/PyTorch/lib/python3.11/site-packages/airflow/example_dags/example_branch_operator_decorator.py took 0.146 seconds
[2025-01-15T13:20:12.801+0800] {processor.py:186} INFO - Started process (PID=63406) to work on /opt/anaconda3/envs/PyTorch/lib/python3.11/site-packages/airflow/example_dags/example_branch_operator_decorator.py
[2025-01-15T13:20:12.802+0800] {processor.py:914} INFO - Processing file /opt/anaconda3/envs/PyTorch/lib/python3.11/site-packages/airflow/example_dags/example_branch_operator_decorator.py for tasks to queue
[2025-01-15T13:20:12.803+0800] {logging_mixin.py:190} INFO - [2025-01-15T13:20:12.803+0800] {dagbag.py:588} INFO - Filling up the DagBag from /opt/anaconda3/envs/PyTorch/lib/python3.11/site-packages/airflow/example_dags/example_branch_operator_decorator.py
[2025-01-15T13:20:12.824+0800] {processor.py:925} INFO - DAG(s) 'example_branch_python_operator_decorator' retrieved from /opt/anaconda3/envs/PyTorch/lib/python3.11/site-packages/airflow/example_dags/example_branch_operator_decorator.py
[2025-01-15T13:20:12.958+0800] {logging_mixin.py:190} INFO - [2025-01-15T13:20:12.957+0800] {dag.py:3239} INFO - Sync 1 DAGs
[2025-01-15T13:20:12.964+0800] {logging_mixin.py:190} INFO - [2025-01-15T13:20:12.964+0800] {dag.py:4180} INFO - Setting next_dagrun for example_branch_python_operator_decorator to 2025-01-14 00:00:00+00:00, run_after=2025-01-15 00:00:00+00:00
[2025-01-15T13:20:12.971+0800] {processor.py:208} INFO - Processing /opt/anaconda3/envs/PyTorch/lib/python3.11/site-packages/airflow/example_dags/example_branch_operator_decorator.py took 0.172 seconds
[2025-01-15T13:23:18.665+0800] {processor.py:186} INFO - Started process (PID=65109) to work on /opt/anaconda3/envs/PyTorch/lib/python3.11/site-packages/airflow/example_dags/example_branch_operator_decorator.py
[2025-01-15T13:23:18.666+0800] {processor.py:914} INFO - Processing file /opt/anaconda3/envs/PyTorch/lib/python3.11/site-packages/airflow/example_dags/example_branch_operator_decorator.py for tasks to queue
[2025-01-15T13:23:18.667+0800] {logging_mixin.py:190} INFO - [2025-01-15T13:23:18.667+0800] {dagbag.py:588} INFO - Filling up the DagBag from /opt/anaconda3/envs/PyTorch/lib/python3.11/site-packages/airflow/example_dags/example_branch_operator_decorator.py
[2025-01-15T13:23:18.690+0800] {processor.py:925} INFO - DAG(s) 'example_branch_python_operator_decorator' retrieved from /opt/anaconda3/envs/PyTorch/lib/python3.11/site-packages/airflow/example_dags/example_branch_operator_decorator.py
[2025-01-15T13:23:18.801+0800] {logging_mixin.py:190} INFO - [2025-01-15T13:23:18.801+0800] {dag.py:3239} INFO - Sync 1 DAGs
[2025-01-15T13:23:18.808+0800] {logging_mixin.py:190} INFO - [2025-01-15T13:23:18.808+0800] {dag.py:4180} INFO - Setting next_dagrun for example_branch_python_operator_decorator to 2025-01-14 00:00:00+00:00, run_after=2025-01-15 00:00:00+00:00
[2025-01-15T13:23:18.815+0800] {processor.py:208} INFO - Processing /opt/anaconda3/envs/PyTorch/lib/python3.11/site-packages/airflow/example_dags/example_branch_operator_decorator.py took 0.152 seconds
[2025-01-15T13:26:26.967+0800] {processor.py:186} INFO - Started process (PID=66766) to work on /opt/anaconda3/envs/PyTorch/lib/python3.11/site-packages/airflow/example_dags/example_branch_operator_decorator.py
[2025-01-15T13:26:26.968+0800] {processor.py:914} INFO - Processing file /opt/anaconda3/envs/PyTorch/lib/python3.11/site-packages/airflow/example_dags/example_branch_operator_decorator.py for tasks to queue
[2025-01-15T13:26:26.968+0800] {logging_mixin.py:190} INFO - [2025-01-15T13:26:26.968+0800] {dagbag.py:588} INFO - Filling up the DagBag from /opt/anaconda3/envs/PyTorch/lib/python3.11/site-packages/airflow/example_dags/example_branch_operator_decorator.py
[2025-01-15T13:26:26.989+0800] {processor.py:925} INFO - DAG(s) 'example_branch_python_operator_decorator' retrieved from /opt/anaconda3/envs/PyTorch/lib/python3.11/site-packages/airflow/example_dags/example_branch_operator_decorator.py
[2025-01-15T13:26:27.096+0800] {logging_mixin.py:190} INFO - [2025-01-15T13:26:27.096+0800] {dag.py:3239} INFO - Sync 1 DAGs
[2025-01-15T13:26:27.103+0800] {logging_mixin.py:190} INFO - [2025-01-15T13:26:27.103+0800] {dag.py:4180} INFO - Setting next_dagrun for example_branch_python_operator_decorator to 2025-01-14 00:00:00+00:00, run_after=2025-01-15 00:00:00+00:00
[2025-01-15T13:26:27.109+0800] {processor.py:208} INFO - Processing /opt/anaconda3/envs/PyTorch/lib/python3.11/site-packages/airflow/example_dags/example_branch_operator_decorator.py took 0.144 seconds
[2025-01-15T13:29:30.610+0800] {processor.py:186} INFO - Started process (PID=68384) to work on /opt/anaconda3/envs/PyTorch/lib/python3.11/site-packages/airflow/example_dags/example_branch_operator_decorator.py
[2025-01-15T13:29:30.612+0800] {processor.py:914} INFO - Processing file /opt/anaconda3/envs/PyTorch/lib/python3.11/site-packages/airflow/example_dags/example_branch_operator_decorator.py for tasks to queue
[2025-01-15T13:29:30.612+0800] {logging_mixin.py:190} INFO - [2025-01-15T13:29:30.612+0800] {dagbag.py:588} INFO - Filling up the DagBag from /opt/anaconda3/envs/PyTorch/lib/python3.11/site-packages/airflow/example_dags/example_branch_operator_decorator.py
[2025-01-15T13:29:30.634+0800] {processor.py:925} INFO - DAG(s) 'example_branch_python_operator_decorator' retrieved from /opt/anaconda3/envs/PyTorch/lib/python3.11/site-packages/airflow/example_dags/example_branch_operator_decorator.py
[2025-01-15T13:29:30.743+0800] {logging_mixin.py:190} INFO - [2025-01-15T13:29:30.743+0800] {dag.py:3239} INFO - Sync 1 DAGs
[2025-01-15T13:29:30.749+0800] {logging_mixin.py:190} INFO - [2025-01-15T13:29:30.749+0800] {dag.py:4180} INFO - Setting next_dagrun for example_branch_python_operator_decorator to 2025-01-14 00:00:00+00:00, run_after=2025-01-15 00:00:00+00:00
[2025-01-15T13:29:30.756+0800] {processor.py:208} INFO - Processing /opt/anaconda3/envs/PyTorch/lib/python3.11/site-packages/airflow/example_dags/example_branch_operator_decorator.py took 0.148 seconds
[2025-01-15T13:32:40.488+0800] {processor.py:186} INFO - Started process (PID=70123) to work on /opt/anaconda3/envs/PyTorch/lib/python3.11/site-packages/airflow/example_dags/example_branch_operator_decorator.py
[2025-01-15T13:32:40.489+0800] {processor.py:914} INFO - Processing file /opt/anaconda3/envs/PyTorch/lib/python3.11/site-packages/airflow/example_dags/example_branch_operator_decorator.py for tasks to queue
[2025-01-15T13:32:40.490+0800] {logging_mixin.py:190} INFO - [2025-01-15T13:32:40.490+0800] {dagbag.py:588} INFO - Filling up the DagBag from /opt/anaconda3/envs/PyTorch/lib/python3.11/site-packages/airflow/example_dags/example_branch_operator_decorator.py
[2025-01-15T13:32:40.511+0800] {processor.py:925} INFO - DAG(s) 'example_branch_python_operator_decorator' retrieved from /opt/anaconda3/envs/PyTorch/lib/python3.11/site-packages/airflow/example_dags/example_branch_operator_decorator.py
[2025-01-15T13:32:40.624+0800] {logging_mixin.py:190} INFO - [2025-01-15T13:32:40.624+0800] {dag.py:3239} INFO - Sync 1 DAGs
[2025-01-15T13:32:40.631+0800] {logging_mixin.py:190} INFO - [2025-01-15T13:32:40.631+0800] {dag.py:4180} INFO - Setting next_dagrun for example_branch_python_operator_decorator to 2025-01-14 00:00:00+00:00, run_after=2025-01-15 00:00:00+00:00
[2025-01-15T13:32:40.637+0800] {processor.py:208} INFO - Processing /opt/anaconda3/envs/PyTorch/lib/python3.11/site-packages/airflow/example_dags/example_branch_operator_decorator.py took 0.151 seconds
[2025-01-15T13:35:50.573+0800] {processor.py:186} INFO - Started process (PID=71853) to work on /opt/anaconda3/envs/PyTorch/lib/python3.11/site-packages/airflow/example_dags/example_branch_operator_decorator.py
[2025-01-15T13:35:50.575+0800] {processor.py:914} INFO - Processing file /opt/anaconda3/envs/PyTorch/lib/python3.11/site-packages/airflow/example_dags/example_branch_operator_decorator.py for tasks to queue
[2025-01-15T13:35:50.575+0800] {logging_mixin.py:190} INFO - [2025-01-15T13:35:50.575+0800] {dagbag.py:588} INFO - Filling up the DagBag from /opt/anaconda3/envs/PyTorch/lib/python3.11/site-packages/airflow/example_dags/example_branch_operator_decorator.py
[2025-01-15T13:35:50.597+0800] {processor.py:925} INFO - DAG(s) 'example_branch_python_operator_decorator' retrieved from /opt/anaconda3/envs/PyTorch/lib/python3.11/site-packages/airflow/example_dags/example_branch_operator_decorator.py
[2025-01-15T13:35:50.713+0800] {logging_mixin.py:190} INFO - [2025-01-15T13:35:50.713+0800] {dag.py:3239} INFO - Sync 1 DAGs
[2025-01-15T13:35:50.720+0800] {logging_mixin.py:190} INFO - [2025-01-15T13:35:50.719+0800] {dag.py:4180} INFO - Setting next_dagrun for example_branch_python_operator_decorator to 2025-01-14 00:00:00+00:00, run_after=2025-01-15 00:00:00+00:00
[2025-01-15T13:35:50.727+0800] {processor.py:208} INFO - Processing /opt/anaconda3/envs/PyTorch/lib/python3.11/site-packages/airflow/example_dags/example_branch_operator_decorator.py took 0.155 seconds
[2025-01-15T13:38:58.842+0800] {processor.py:186} INFO - Started process (PID=73612) to work on /opt/anaconda3/envs/PyTorch/lib/python3.11/site-packages/airflow/example_dags/example_branch_operator_decorator.py
[2025-01-15T13:38:58.843+0800] {processor.py:914} INFO - Processing file /opt/anaconda3/envs/PyTorch/lib/python3.11/site-packages/airflow/example_dags/example_branch_operator_decorator.py for tasks to queue
[2025-01-15T13:38:58.843+0800] {logging_mixin.py:190} INFO - [2025-01-15T13:38:58.843+0800] {dagbag.py:588} INFO - Filling up the DagBag from /opt/anaconda3/envs/PyTorch/lib/python3.11/site-packages/airflow/example_dags/example_branch_operator_decorator.py
[2025-01-15T13:38:58.864+0800] {processor.py:925} INFO - DAG(s) 'example_branch_python_operator_decorator' retrieved from /opt/anaconda3/envs/PyTorch/lib/python3.11/site-packages/airflow/example_dags/example_branch_operator_decorator.py
[2025-01-15T13:38:58.991+0800] {logging_mixin.py:190} INFO - [2025-01-15T13:38:58.991+0800] {dag.py:3239} INFO - Sync 1 DAGs
[2025-01-15T13:38:58.998+0800] {logging_mixin.py:190} INFO - [2025-01-15T13:38:58.997+0800] {dag.py:4180} INFO - Setting next_dagrun for example_branch_python_operator_decorator to 2025-01-14 00:00:00+00:00, run_after=2025-01-15 00:00:00+00:00
[2025-01-15T13:38:59.004+0800] {processor.py:208} INFO - Processing /opt/anaconda3/envs/PyTorch/lib/python3.11/site-packages/airflow/example_dags/example_branch_operator_decorator.py took 0.164 seconds
[2025-01-15T13:42:04.006+0800] {processor.py:186} INFO - Started process (PID=75277) to work on /opt/anaconda3/envs/PyTorch/lib/python3.11/site-packages/airflow/example_dags/example_branch_operator_decorator.py
[2025-01-15T13:42:04.010+0800] {processor.py:914} INFO - Processing file /opt/anaconda3/envs/PyTorch/lib/python3.11/site-packages/airflow/example_dags/example_branch_operator_decorator.py for tasks to queue
[2025-01-15T13:42:04.011+0800] {logging_mixin.py:190} INFO - [2025-01-15T13:42:04.010+0800] {dagbag.py:588} INFO - Filling up the DagBag from /opt/anaconda3/envs/PyTorch/lib/python3.11/site-packages/airflow/example_dags/example_branch_operator_decorator.py
[2025-01-15T13:42:04.036+0800] {processor.py:925} INFO - DAG(s) 'example_branch_python_operator_decorator' retrieved from /opt/anaconda3/envs/PyTorch/lib/python3.11/site-packages/airflow/example_dags/example_branch_operator_decorator.py
[2025-01-15T13:42:04.179+0800] {logging_mixin.py:190} INFO - [2025-01-15T13:42:04.179+0800] {dag.py:3239} INFO - Sync 1 DAGs
[2025-01-15T13:42:04.186+0800] {logging_mixin.py:190} INFO - [2025-01-15T13:42:04.186+0800] {dag.py:4180} INFO - Setting next_dagrun for example_branch_python_operator_decorator to 2025-01-14 00:00:00+00:00, run_after=2025-01-15 00:00:00+00:00
[2025-01-15T13:42:04.194+0800] {processor.py:208} INFO - Processing /opt/anaconda3/envs/PyTorch/lib/python3.11/site-packages/airflow/example_dags/example_branch_operator_decorator.py took 0.190 seconds
[2025-01-15T13:45:06.066+0800] {processor.py:186} INFO - Started process (PID=77012) to work on /opt/anaconda3/envs/PyTorch/lib/python3.11/site-packages/airflow/example_dags/example_branch_operator_decorator.py
[2025-01-15T13:45:06.068+0800] {processor.py:914} INFO - Processing file /opt/anaconda3/envs/PyTorch/lib/python3.11/site-packages/airflow/example_dags/example_branch_operator_decorator.py for tasks to queue
[2025-01-15T13:45:06.068+0800] {logging_mixin.py:190} INFO - [2025-01-15T13:45:06.068+0800] {dagbag.py:588} INFO - Filling up the DagBag from /opt/anaconda3/envs/PyTorch/lib/python3.11/site-packages/airflow/example_dags/example_branch_operator_decorator.py
[2025-01-15T13:45:06.089+0800] {processor.py:925} INFO - DAG(s) 'example_branch_python_operator_decorator' retrieved from /opt/anaconda3/envs/PyTorch/lib/python3.11/site-packages/airflow/example_dags/example_branch_operator_decorator.py
[2025-01-15T13:45:06.199+0800] {logging_mixin.py:190} INFO - [2025-01-15T13:45:06.199+0800] {dag.py:3239} INFO - Sync 1 DAGs
[2025-01-15T13:45:06.206+0800] {logging_mixin.py:190} INFO - [2025-01-15T13:45:06.206+0800] {dag.py:4180} INFO - Setting next_dagrun for example_branch_python_operator_decorator to 2025-01-14 00:00:00+00:00, run_after=2025-01-15 00:00:00+00:00
[2025-01-15T13:45:06.213+0800] {processor.py:208} INFO - Processing /opt/anaconda3/envs/PyTorch/lib/python3.11/site-packages/airflow/example_dags/example_branch_operator_decorator.py took 0.148 seconds
[2025-01-15T13:48:10.782+0800] {processor.py:186} INFO - Started process (PID=78771) to work on /opt/anaconda3/envs/PyTorch/lib/python3.11/site-packages/airflow/example_dags/example_branch_operator_decorator.py
[2025-01-15T13:48:10.783+0800] {processor.py:914} INFO - Processing file /opt/anaconda3/envs/PyTorch/lib/python3.11/site-packages/airflow/example_dags/example_branch_operator_decorator.py for tasks to queue
[2025-01-15T13:48:10.784+0800] {logging_mixin.py:190} INFO - [2025-01-15T13:48:10.784+0800] {dagbag.py:588} INFO - Filling up the DagBag from /opt/anaconda3/envs/PyTorch/lib/python3.11/site-packages/airflow/example_dags/example_branch_operator_decorator.py
[2025-01-15T13:48:10.807+0800] {processor.py:925} INFO - DAG(s) 'example_branch_python_operator_decorator' retrieved from /opt/anaconda3/envs/PyTorch/lib/python3.11/site-packages/airflow/example_dags/example_branch_operator_decorator.py
[2025-01-15T13:48:10.937+0800] {logging_mixin.py:190} INFO - [2025-01-15T13:48:10.937+0800] {dag.py:3239} INFO - Sync 1 DAGs
[2025-01-15T13:48:10.944+0800] {logging_mixin.py:190} INFO - [2025-01-15T13:48:10.944+0800] {dag.py:4180} INFO - Setting next_dagrun for example_branch_python_operator_decorator to 2025-01-14 00:00:00+00:00, run_after=2025-01-15 00:00:00+00:00
[2025-01-15T13:48:10.951+0800] {processor.py:208} INFO - Processing /opt/anaconda3/envs/PyTorch/lib/python3.11/site-packages/airflow/example_dags/example_branch_operator_decorator.py took 0.171 seconds
[2025-01-15T13:51:20.276+0800] {processor.py:186} INFO - Started process (PID=80591) to work on /opt/anaconda3/envs/PyTorch/lib/python3.11/site-packages/airflow/example_dags/example_branch_operator_decorator.py
[2025-01-15T13:51:20.277+0800] {processor.py:914} INFO - Processing file /opt/anaconda3/envs/PyTorch/lib/python3.11/site-packages/airflow/example_dags/example_branch_operator_decorator.py for tasks to queue
[2025-01-15T13:51:20.277+0800] {logging_mixin.py:190} INFO - [2025-01-15T13:51:20.277+0800] {dagbag.py:588} INFO - Filling up the DagBag from /opt/anaconda3/envs/PyTorch/lib/python3.11/site-packages/airflow/example_dags/example_branch_operator_decorator.py
[2025-01-15T13:51:20.299+0800] {processor.py:925} INFO - DAG(s) 'example_branch_python_operator_decorator' retrieved from /opt/anaconda3/envs/PyTorch/lib/python3.11/site-packages/airflow/example_dags/example_branch_operator_decorator.py
[2025-01-15T13:51:20.430+0800] {logging_mixin.py:190} INFO - [2025-01-15T13:51:20.430+0800] {dag.py:3239} INFO - Sync 1 DAGs
[2025-01-15T13:51:20.437+0800] {logging_mixin.py:190} INFO - [2025-01-15T13:51:20.437+0800] {dag.py:4180} INFO - Setting next_dagrun for example_branch_python_operator_decorator to 2025-01-14 00:00:00+00:00, run_after=2025-01-15 00:00:00+00:00
[2025-01-15T13:51:20.443+0800] {processor.py:208} INFO - Processing /opt/anaconda3/envs/PyTorch/lib/python3.11/site-packages/airflow/example_dags/example_branch_operator_decorator.py took 0.169 seconds
[2025-01-15T13:55:02.940+0800] {processor.py:186} INFO - Started process (PID=82616) to work on /opt/anaconda3/envs/PyTorch/lib/python3.11/site-packages/airflow/example_dags/example_branch_operator_decorator.py
[2025-01-15T13:55:02.942+0800] {processor.py:914} INFO - Processing file /opt/anaconda3/envs/PyTorch/lib/python3.11/site-packages/airflow/example_dags/example_branch_operator_decorator.py for tasks to queue
[2025-01-15T13:55:02.942+0800] {logging_mixin.py:190} INFO - [2025-01-15T13:55:02.942+0800] {dagbag.py:588} INFO - Filling up the DagBag from /opt/anaconda3/envs/PyTorch/lib/python3.11/site-packages/airflow/example_dags/example_branch_operator_decorator.py
[2025-01-15T13:55:02.965+0800] {processor.py:925} INFO - DAG(s) 'example_branch_python_operator_decorator' retrieved from /opt/anaconda3/envs/PyTorch/lib/python3.11/site-packages/airflow/example_dags/example_branch_operator_decorator.py
[2025-01-15T13:55:03.078+0800] {logging_mixin.py:190} INFO - [2025-01-15T13:55:03.078+0800] {dag.py:3239} INFO - Sync 1 DAGs
[2025-01-15T13:55:03.084+0800] {logging_mixin.py:190} INFO - [2025-01-15T13:55:03.084+0800] {dag.py:4180} INFO - Setting next_dagrun for example_branch_python_operator_decorator to 2025-01-14 00:00:00+00:00, run_after=2025-01-15 00:00:00+00:00
[2025-01-15T13:55:03.091+0800] {processor.py:208} INFO - Processing /opt/anaconda3/envs/PyTorch/lib/python3.11/site-packages/airflow/example_dags/example_branch_operator_decorator.py took 0.153 seconds
[2025-01-15T13:58:58.510+0800] {processor.py:186} INFO - Started process (PID=84944) to work on /opt/anaconda3/envs/PyTorch/lib/python3.11/site-packages/airflow/example_dags/example_branch_operator_decorator.py
[2025-01-15T13:58:58.510+0800] {processor.py:914} INFO - Processing file /opt/anaconda3/envs/PyTorch/lib/python3.11/site-packages/airflow/example_dags/example_branch_operator_decorator.py for tasks to queue
[2025-01-15T13:58:58.511+0800] {logging_mixin.py:190} INFO - [2025-01-15T13:58:58.511+0800] {dagbag.py:588} INFO - Filling up the DagBag from /opt/anaconda3/envs/PyTorch/lib/python3.11/site-packages/airflow/example_dags/example_branch_operator_decorator.py
[2025-01-15T13:58:58.531+0800] {processor.py:925} INFO - DAG(s) 'example_branch_python_operator_decorator' retrieved from /opt/anaconda3/envs/PyTorch/lib/python3.11/site-packages/airflow/example_dags/example_branch_operator_decorator.py
[2025-01-15T13:58:58.645+0800] {logging_mixin.py:190} INFO - [2025-01-15T13:58:58.645+0800] {dag.py:3239} INFO - Sync 1 DAGs
[2025-01-15T13:58:58.652+0800] {logging_mixin.py:190} INFO - [2025-01-15T13:58:58.651+0800] {dag.py:4180} INFO - Setting next_dagrun for example_branch_python_operator_decorator to 2025-01-14 00:00:00+00:00, run_after=2025-01-15 00:00:00+00:00
[2025-01-15T13:58:58.658+0800] {processor.py:208} INFO - Processing /opt/anaconda3/envs/PyTorch/lib/python3.11/site-packages/airflow/example_dags/example_branch_operator_decorator.py took 0.150 seconds
[2025-01-15T14:02:57.990+0800] {processor.py:186} INFO - Started process (PID=87207) to work on /opt/anaconda3/envs/PyTorch/lib/python3.11/site-packages/airflow/example_dags/example_branch_operator_decorator.py
[2025-01-15T14:02:57.992+0800] {processor.py:914} INFO - Processing file /opt/anaconda3/envs/PyTorch/lib/python3.11/site-packages/airflow/example_dags/example_branch_operator_decorator.py for tasks to queue
[2025-01-15T14:02:57.992+0800] {logging_mixin.py:190} INFO - [2025-01-15T14:02:57.992+0800] {dagbag.py:588} INFO - Filling up the DagBag from /opt/anaconda3/envs/PyTorch/lib/python3.11/site-packages/airflow/example_dags/example_branch_operator_decorator.py
[2025-01-15T14:02:58.013+0800] {processor.py:925} INFO - DAG(s) 'example_branch_python_operator_decorator' retrieved from /opt/anaconda3/envs/PyTorch/lib/python3.11/site-packages/airflow/example_dags/example_branch_operator_decorator.py
[2025-01-15T14:02:58.122+0800] {logging_mixin.py:190} INFO - [2025-01-15T14:02:58.121+0800] {dag.py:3239} INFO - Sync 1 DAGs
[2025-01-15T14:02:58.128+0800] {logging_mixin.py:190} INFO - [2025-01-15T14:02:58.128+0800] {dag.py:4180} INFO - Setting next_dagrun for example_branch_python_operator_decorator to 2025-01-14 00:00:00+00:00, run_after=2025-01-15 00:00:00+00:00
[2025-01-15T14:02:58.135+0800] {processor.py:208} INFO - Processing /opt/anaconda3/envs/PyTorch/lib/python3.11/site-packages/airflow/example_dags/example_branch_operator_decorator.py took 0.146 seconds
[2025-01-15T14:06:51.612+0800] {processor.py:186} INFO - Started process (PID=89435) to work on /opt/anaconda3/envs/PyTorch/lib/python3.11/site-packages/airflow/example_dags/example_branch_operator_decorator.py
[2025-01-15T14:06:51.612+0800] {processor.py:914} INFO - Processing file /opt/anaconda3/envs/PyTorch/lib/python3.11/site-packages/airflow/example_dags/example_branch_operator_decorator.py for tasks to queue
[2025-01-15T14:06:51.613+0800] {logging_mixin.py:190} INFO - [2025-01-15T14:06:51.613+0800] {dagbag.py:588} INFO - Filling up the DagBag from /opt/anaconda3/envs/PyTorch/lib/python3.11/site-packages/airflow/example_dags/example_branch_operator_decorator.py
[2025-01-15T14:06:51.636+0800] {processor.py:925} INFO - DAG(s) 'example_branch_python_operator_decorator' retrieved from /opt/anaconda3/envs/PyTorch/lib/python3.11/site-packages/airflow/example_dags/example_branch_operator_decorator.py
[2025-01-15T14:06:51.760+0800] {logging_mixin.py:190} INFO - [2025-01-15T14:06:51.760+0800] {dag.py:3239} INFO - Sync 1 DAGs
[2025-01-15T14:06:51.768+0800] {logging_mixin.py:190} INFO - [2025-01-15T14:06:51.768+0800] {dag.py:4180} INFO - Setting next_dagrun for example_branch_python_operator_decorator to 2025-01-14 00:00:00+00:00, run_after=2025-01-15 00:00:00+00:00
[2025-01-15T14:06:51.775+0800] {processor.py:208} INFO - Processing /opt/anaconda3/envs/PyTorch/lib/python3.11/site-packages/airflow/example_dags/example_branch_operator_decorator.py took 0.166 seconds
[2025-01-15T14:10:56.153+0800] {processor.py:186} INFO - Started process (PID=91755) to work on /opt/anaconda3/envs/PyTorch/lib/python3.11/site-packages/airflow/example_dags/example_branch_operator_decorator.py
[2025-01-15T14:10:56.154+0800] {processor.py:914} INFO - Processing file /opt/anaconda3/envs/PyTorch/lib/python3.11/site-packages/airflow/example_dags/example_branch_operator_decorator.py for tasks to queue
[2025-01-15T14:10:56.155+0800] {logging_mixin.py:190} INFO - [2025-01-15T14:10:56.155+0800] {dagbag.py:588} INFO - Filling up the DagBag from /opt/anaconda3/envs/PyTorch/lib/python3.11/site-packages/airflow/example_dags/example_branch_operator_decorator.py
[2025-01-15T14:10:56.178+0800] {processor.py:925} INFO - DAG(s) 'example_branch_python_operator_decorator' retrieved from /opt/anaconda3/envs/PyTorch/lib/python3.11/site-packages/airflow/example_dags/example_branch_operator_decorator.py
[2025-01-15T14:10:56.299+0800] {logging_mixin.py:190} INFO - [2025-01-15T14:10:56.299+0800] {dag.py:3239} INFO - Sync 1 DAGs
[2025-01-15T14:10:56.306+0800] {logging_mixin.py:190} INFO - [2025-01-15T14:10:56.306+0800] {dag.py:4180} INFO - Setting next_dagrun for example_branch_python_operator_decorator to 2025-01-14 00:00:00+00:00, run_after=2025-01-15 00:00:00+00:00
[2025-01-15T14:10:56.313+0800] {processor.py:208} INFO - Processing /opt/anaconda3/envs/PyTorch/lib/python3.11/site-packages/airflow/example_dags/example_branch_operator_decorator.py took 0.163 seconds
[2025-01-15T14:14:30.348+0800] {processor.py:186} INFO - Started process (PID=93747) to work on /opt/anaconda3/envs/PyTorch/lib/python3.11/site-packages/airflow/example_dags/example_branch_operator_decorator.py
[2025-01-15T14:14:30.349+0800] {processor.py:914} INFO - Processing file /opt/anaconda3/envs/PyTorch/lib/python3.11/site-packages/airflow/example_dags/example_branch_operator_decorator.py for tasks to queue
[2025-01-15T14:14:30.349+0800] {logging_mixin.py:190} INFO - [2025-01-15T14:14:30.349+0800] {dagbag.py:588} INFO - Filling up the DagBag from /opt/anaconda3/envs/PyTorch/lib/python3.11/site-packages/airflow/example_dags/example_branch_operator_decorator.py
[2025-01-15T14:14:30.374+0800] {processor.py:925} INFO - DAG(s) 'example_branch_python_operator_decorator' retrieved from /opt/anaconda3/envs/PyTorch/lib/python3.11/site-packages/airflow/example_dags/example_branch_operator_decorator.py
[2025-01-15T14:14:30.508+0800] {logging_mixin.py:190} INFO - [2025-01-15T14:14:30.508+0800] {dag.py:3239} INFO - Sync 1 DAGs
[2025-01-15T14:14:30.518+0800] {logging_mixin.py:190} INFO - [2025-01-15T14:14:30.518+0800] {dag.py:4180} INFO - Setting next_dagrun for example_branch_python_operator_decorator to 2025-01-14 00:00:00+00:00, run_after=2025-01-15 00:00:00+00:00
[2025-01-15T14:14:30.531+0800] {processor.py:208} INFO - Processing /opt/anaconda3/envs/PyTorch/lib/python3.11/site-packages/airflow/example_dags/example_branch_operator_decorator.py took 0.186 seconds
[2025-01-15T14:18:26.156+0800] {processor.py:186} INFO - Started process (PID=95969) to work on /opt/anaconda3/envs/PyTorch/lib/python3.11/site-packages/airflow/example_dags/example_branch_operator_decorator.py
[2025-01-15T14:18:26.157+0800] {processor.py:914} INFO - Processing file /opt/anaconda3/envs/PyTorch/lib/python3.11/site-packages/airflow/example_dags/example_branch_operator_decorator.py for tasks to queue
[2025-01-15T14:18:26.158+0800] {logging_mixin.py:190} INFO - [2025-01-15T14:18:26.157+0800] {dagbag.py:588} INFO - Filling up the DagBag from /opt/anaconda3/envs/PyTorch/lib/python3.11/site-packages/airflow/example_dags/example_branch_operator_decorator.py
[2025-01-15T14:18:26.180+0800] {processor.py:925} INFO - DAG(s) 'example_branch_python_operator_decorator' retrieved from /opt/anaconda3/envs/PyTorch/lib/python3.11/site-packages/airflow/example_dags/example_branch_operator_decorator.py
[2025-01-15T14:18:26.306+0800] {logging_mixin.py:190} INFO - [2025-01-15T14:18:26.306+0800] {dag.py:3239} INFO - Sync 1 DAGs
[2025-01-15T14:18:26.313+0800] {logging_mixin.py:190} INFO - [2025-01-15T14:18:26.313+0800] {dag.py:4180} INFO - Setting next_dagrun for example_branch_python_operator_decorator to 2025-01-14 00:00:00+00:00, run_after=2025-01-15 00:00:00+00:00
[2025-01-15T14:18:26.321+0800] {processor.py:208} INFO - Processing /opt/anaconda3/envs/PyTorch/lib/python3.11/site-packages/airflow/example_dags/example_branch_operator_decorator.py took 0.170 seconds
[2025-01-15T14:22:20.561+0800] {processor.py:186} INFO - Started process (PID=98088) to work on /opt/anaconda3/envs/PyTorch/lib/python3.11/site-packages/airflow/example_dags/example_branch_operator_decorator.py
[2025-01-15T14:22:20.562+0800] {processor.py:914} INFO - Processing file /opt/anaconda3/envs/PyTorch/lib/python3.11/site-packages/airflow/example_dags/example_branch_operator_decorator.py for tasks to queue
[2025-01-15T14:22:20.562+0800] {logging_mixin.py:190} INFO - [2025-01-15T14:22:20.562+0800] {dagbag.py:588} INFO - Filling up the DagBag from /opt/anaconda3/envs/PyTorch/lib/python3.11/site-packages/airflow/example_dags/example_branch_operator_decorator.py
[2025-01-15T14:22:20.586+0800] {processor.py:925} INFO - DAG(s) 'example_branch_python_operator_decorator' retrieved from /opt/anaconda3/envs/PyTorch/lib/python3.11/site-packages/airflow/example_dags/example_branch_operator_decorator.py
[2025-01-15T14:22:20.706+0800] {logging_mixin.py:190} INFO - [2025-01-15T14:22:20.706+0800] {dag.py:3239} INFO - Sync 1 DAGs
[2025-01-15T14:22:20.713+0800] {logging_mixin.py:190} INFO - [2025-01-15T14:22:20.713+0800] {dag.py:4180} INFO - Setting next_dagrun for example_branch_python_operator_decorator to 2025-01-14 00:00:00+00:00, run_after=2025-01-15 00:00:00+00:00
[2025-01-15T14:22:20.721+0800] {processor.py:208} INFO - Processing /opt/anaconda3/envs/PyTorch/lib/python3.11/site-packages/airflow/example_dags/example_branch_operator_decorator.py took 0.163 seconds
[2025-01-15T14:26:05.031+0800] {processor.py:186} INFO - Started process (PID=287) to work on /opt/anaconda3/envs/PyTorch/lib/python3.11/site-packages/airflow/example_dags/example_branch_operator_decorator.py
[2025-01-15T14:26:05.033+0800] {processor.py:914} INFO - Processing file /opt/anaconda3/envs/PyTorch/lib/python3.11/site-packages/airflow/example_dags/example_branch_operator_decorator.py for tasks to queue
[2025-01-15T14:26:05.033+0800] {logging_mixin.py:190} INFO - [2025-01-15T14:26:05.033+0800] {dagbag.py:588} INFO - Filling up the DagBag from /opt/anaconda3/envs/PyTorch/lib/python3.11/site-packages/airflow/example_dags/example_branch_operator_decorator.py
[2025-01-15T14:26:05.053+0800] {processor.py:925} INFO - DAG(s) 'example_branch_python_operator_decorator' retrieved from /opt/anaconda3/envs/PyTorch/lib/python3.11/site-packages/airflow/example_dags/example_branch_operator_decorator.py
[2025-01-15T14:26:05.158+0800] {logging_mixin.py:190} INFO - [2025-01-15T14:26:05.158+0800] {dag.py:3239} INFO - Sync 1 DAGs
[2025-01-15T14:26:05.164+0800] {logging_mixin.py:190} INFO - [2025-01-15T14:26:05.164+0800] {dag.py:4180} INFO - Setting next_dagrun for example_branch_python_operator_decorator to 2025-01-14 00:00:00+00:00, run_after=2025-01-15 00:00:00+00:00
[2025-01-15T14:26:05.171+0800] {processor.py:208} INFO - Processing /opt/anaconda3/envs/PyTorch/lib/python3.11/site-packages/airflow/example_dags/example_branch_operator_decorator.py took 0.141 seconds
[2025-01-15T14:29:37.729+0800] {processor.py:186} INFO - Started process (PID=3012) to work on /opt/anaconda3/envs/PyTorch/lib/python3.11/site-packages/airflow/example_dags/example_branch_operator_decorator.py
[2025-01-15T14:29:37.730+0800] {processor.py:914} INFO - Processing file /opt/anaconda3/envs/PyTorch/lib/python3.11/site-packages/airflow/example_dags/example_branch_operator_decorator.py for tasks to queue
[2025-01-15T14:29:37.731+0800] {logging_mixin.py:190} INFO - [2025-01-15T14:29:37.731+0800] {dagbag.py:588} INFO - Filling up the DagBag from /opt/anaconda3/envs/PyTorch/lib/python3.11/site-packages/airflow/example_dags/example_branch_operator_decorator.py
[2025-01-15T14:29:37.753+0800] {processor.py:925} INFO - DAG(s) 'example_branch_python_operator_decorator' retrieved from /opt/anaconda3/envs/PyTorch/lib/python3.11/site-packages/airflow/example_dags/example_branch_operator_decorator.py
[2025-01-15T14:29:37.865+0800] {logging_mixin.py:190} INFO - [2025-01-15T14:29:37.865+0800] {dag.py:3239} INFO - Sync 1 DAGs
[2025-01-15T14:29:37.871+0800] {logging_mixin.py:190} INFO - [2025-01-15T14:29:37.871+0800] {dag.py:4180} INFO - Setting next_dagrun for example_branch_python_operator_decorator to 2025-01-14 00:00:00+00:00, run_after=2025-01-15 00:00:00+00:00
[2025-01-15T14:29:37.879+0800] {processor.py:208} INFO - Processing /opt/anaconda3/envs/PyTorch/lib/python3.11/site-packages/airflow/example_dags/example_branch_operator_decorator.py took 0.152 seconds
