[2025-01-15T11:50:05.150+0800] {processor.py:186} INFO - Started process (PID=15112) to work on /opt/anaconda3/envs/PyTorch/lib/python3.11/site-packages/airflow/example_dags/example_python_operator.py
[2025-01-15T11:50:05.151+0800] {processor.py:914} INFO - Processing file /opt/anaconda3/envs/PyTorch/lib/python3.11/site-packages/airflow/example_dags/example_python_operator.py for tasks to queue
[2025-01-15T11:50:05.151+0800] {logging_mixin.py:190} INFO - [2025-01-15T11:50:05.151+0800] {dagbag.py:588} INFO - Filling up the DagBag from /opt/anaconda3/envs/PyTorch/lib/python3.11/site-packages/airflow/example_dags/example_python_operator.py
[2025-01-15T11:50:05.166+0800] {processor.py:925} INFO - DAG(s) 'example_python_operator' retrieved from /opt/anaconda3/envs/PyTorch/lib/python3.11/site-packages/airflow/example_dags/example_python_operator.py
[2025-01-15T11:50:05.272+0800] {logging_mixin.py:190} INFO - [2025-01-15T11:50:05.272+0800] {override.py:1912} INFO - Created Permission View: can read on DAG:example_python_operator
[2025-01-15T11:50:05.275+0800] {logging_mixin.py:190} INFO - [2025-01-15T11:50:05.275+0800] {override.py:1912} INFO - Created Permission View: can edit on DAG:example_python_operator
[2025-01-15T11:50:05.277+0800] {logging_mixin.py:190} INFO - [2025-01-15T11:50:05.277+0800] {override.py:1912} INFO - Created Permission View: can delete on DAG:example_python_operator
[2025-01-15T11:50:05.279+0800] {logging_mixin.py:190} INFO - [2025-01-15T11:50:05.279+0800] {override.py:1912} INFO - Created Permission View: can read on DAG Run:example_python_operator
[2025-01-15T11:50:05.281+0800] {logging_mixin.py:190} INFO - [2025-01-15T11:50:05.281+0800] {override.py:1912} INFO - Created Permission View: can create on DAG Run:example_python_operator
[2025-01-15T11:50:05.283+0800] {logging_mixin.py:190} INFO - [2025-01-15T11:50:05.283+0800] {override.py:1912} INFO - Created Permission View: can delete on DAG Run:example_python_operator
[2025-01-15T11:50:05.285+0800] {logging_mixin.py:190} INFO - [2025-01-15T11:50:05.285+0800] {override.py:1912} INFO - Created Permission View: menu access on DAG Run:example_python_operator
[2025-01-15T11:50:05.285+0800] {logging_mixin.py:190} INFO - [2025-01-15T11:50:05.285+0800] {dag.py:3239} INFO - Sync 1 DAGs
[2025-01-15T11:50:05.289+0800] {logging_mixin.py:190} INFO - [2025-01-15T11:50:05.289+0800] {dag.py:3262} INFO - Creating ORM DAG for example_python_operator
[2025-01-15T11:50:05.289+0800] {logging_mixin.py:190} INFO - [2025-01-15T11:50:05.289+0800] {dag.py:4180} INFO - Setting next_dagrun for example_python_operator to None, run_after=None
[2025-01-15T11:50:05.295+0800] {processor.py:208} INFO - Processing /opt/anaconda3/envs/PyTorch/lib/python3.11/site-packages/airflow/example_dags/example_python_operator.py took 0.146 seconds
[2025-01-15T11:56:37.390+0800] {processor.py:186} INFO - Started process (PID=18401) to work on /opt/anaconda3/envs/PyTorch/lib/python3.11/site-packages/airflow/example_dags/example_python_operator.py
[2025-01-15T11:56:37.392+0800] {processor.py:914} INFO - Processing file /opt/anaconda3/envs/PyTorch/lib/python3.11/site-packages/airflow/example_dags/example_python_operator.py for tasks to queue
[2025-01-15T11:56:37.393+0800] {logging_mixin.py:190} INFO - [2025-01-15T11:56:37.393+0800] {dagbag.py:588} INFO - Filling up the DagBag from /opt/anaconda3/envs/PyTorch/lib/python3.11/site-packages/airflow/example_dags/example_python_operator.py
[2025-01-15T11:56:37.406+0800] {processor.py:925} INFO - DAG(s) 'example_python_operator' retrieved from /opt/anaconda3/envs/PyTorch/lib/python3.11/site-packages/airflow/example_dags/example_python_operator.py
[2025-01-15T11:56:37.536+0800] {logging_mixin.py:190} INFO - [2025-01-15T11:56:37.536+0800] {dag.py:3239} INFO - Sync 1 DAGs
[2025-01-15T11:56:37.540+0800] {logging_mixin.py:190} INFO - [2025-01-15T11:56:37.540+0800] {dag.py:4180} INFO - Setting next_dagrun for example_python_operator to None, run_after=None
[2025-01-15T11:56:37.547+0800] {processor.py:208} INFO - Processing /opt/anaconda3/envs/PyTorch/lib/python3.11/site-packages/airflow/example_dags/example_python_operator.py took 0.159 seconds
[2025-01-15T11:58:33.057+0800] {processor.py:186} INFO - Started process (PID=19443) to work on /opt/anaconda3/envs/PyTorch/lib/python3.11/site-packages/airflow/example_dags/example_python_operator.py
[2025-01-15T11:58:33.059+0800] {processor.py:914} INFO - Processing file /opt/anaconda3/envs/PyTorch/lib/python3.11/site-packages/airflow/example_dags/example_python_operator.py for tasks to queue
[2025-01-15T11:58:33.060+0800] {logging_mixin.py:190} INFO - [2025-01-15T11:58:33.059+0800] {dagbag.py:588} INFO - Filling up the DagBag from /opt/anaconda3/envs/PyTorch/lib/python3.11/site-packages/airflow/example_dags/example_python_operator.py
[2025-01-15T11:58:33.074+0800] {processor.py:925} INFO - DAG(s) 'example_python_operator' retrieved from /opt/anaconda3/envs/PyTorch/lib/python3.11/site-packages/airflow/example_dags/example_python_operator.py
[2025-01-15T11:58:33.200+0800] {logging_mixin.py:190} INFO - [2025-01-15T11:58:33.200+0800] {dag.py:3239} INFO - Sync 1 DAGs
[2025-01-15T11:58:33.203+0800] {logging_mixin.py:190} INFO - [2025-01-15T11:58:33.203+0800] {dag.py:4180} INFO - Setting next_dagrun for example_python_operator to None, run_after=None
[2025-01-15T11:58:33.210+0800] {processor.py:208} INFO - Processing /opt/anaconda3/envs/PyTorch/lib/python3.11/site-packages/airflow/example_dags/example_python_operator.py took 0.155 seconds
[2025-01-15T12:00:30.188+0800] {processor.py:186} INFO - Started process (PID=20493) to work on /opt/anaconda3/envs/PyTorch/lib/python3.11/site-packages/airflow/example_dags/example_python_operator.py
[2025-01-15T12:00:30.189+0800] {processor.py:914} INFO - Processing file /opt/anaconda3/envs/PyTorch/lib/python3.11/site-packages/airflow/example_dags/example_python_operator.py for tasks to queue
[2025-01-15T12:00:30.190+0800] {logging_mixin.py:190} INFO - [2025-01-15T12:00:30.190+0800] {dagbag.py:588} INFO - Filling up the DagBag from /opt/anaconda3/envs/PyTorch/lib/python3.11/site-packages/airflow/example_dags/example_python_operator.py
[2025-01-15T12:00:30.203+0800] {processor.py:925} INFO - DAG(s) 'example_python_operator' retrieved from /opt/anaconda3/envs/PyTorch/lib/python3.11/site-packages/airflow/example_dags/example_python_operator.py
[2025-01-15T12:00:30.329+0800] {logging_mixin.py:190} INFO - [2025-01-15T12:00:30.328+0800] {dag.py:3239} INFO - Sync 1 DAGs
[2025-01-15T12:00:30.332+0800] {logging_mixin.py:190} INFO - [2025-01-15T12:00:30.332+0800] {dag.py:4180} INFO - Setting next_dagrun for example_python_operator to None, run_after=None
[2025-01-15T12:00:30.339+0800] {processor.py:208} INFO - Processing /opt/anaconda3/envs/PyTorch/lib/python3.11/site-packages/airflow/example_dags/example_python_operator.py took 0.153 seconds
[2025-01-15T12:03:24.975+0800] {processor.py:186} INFO - Started process (PID=22027) to work on /opt/anaconda3/envs/PyTorch/lib/python3.11/site-packages/airflow/example_dags/example_python_operator.py
[2025-01-15T12:03:24.977+0800] {processor.py:914} INFO - Processing file /opt/anaconda3/envs/PyTorch/lib/python3.11/site-packages/airflow/example_dags/example_python_operator.py for tasks to queue
[2025-01-15T12:03:24.977+0800] {logging_mixin.py:190} INFO - [2025-01-15T12:03:24.977+0800] {dagbag.py:588} INFO - Filling up the DagBag from /opt/anaconda3/envs/PyTorch/lib/python3.11/site-packages/airflow/example_dags/example_python_operator.py
[2025-01-15T12:03:24.991+0800] {processor.py:925} INFO - DAG(s) 'example_python_operator' retrieved from /opt/anaconda3/envs/PyTorch/lib/python3.11/site-packages/airflow/example_dags/example_python_operator.py
[2025-01-15T12:03:25.118+0800] {logging_mixin.py:190} INFO - [2025-01-15T12:03:25.117+0800] {dag.py:3239} INFO - Sync 1 DAGs
[2025-01-15T12:03:25.121+0800] {logging_mixin.py:190} INFO - [2025-01-15T12:03:25.121+0800] {dag.py:4180} INFO - Setting next_dagrun for example_python_operator to None, run_after=None
[2025-01-15T12:03:25.128+0800] {processor.py:208} INFO - Processing /opt/anaconda3/envs/PyTorch/lib/python3.11/site-packages/airflow/example_dags/example_python_operator.py took 0.155 seconds
[2025-01-15T12:06:17.565+0800] {processor.py:186} INFO - Started process (PID=23565) to work on /opt/anaconda3/envs/PyTorch/lib/python3.11/site-packages/airflow/example_dags/example_python_operator.py
[2025-01-15T12:06:17.566+0800] {processor.py:914} INFO - Processing file /opt/anaconda3/envs/PyTorch/lib/python3.11/site-packages/airflow/example_dags/example_python_operator.py for tasks to queue
[2025-01-15T12:06:17.567+0800] {logging_mixin.py:190} INFO - [2025-01-15T12:06:17.566+0800] {dagbag.py:588} INFO - Filling up the DagBag from /opt/anaconda3/envs/PyTorch/lib/python3.11/site-packages/airflow/example_dags/example_python_operator.py
[2025-01-15T12:06:17.580+0800] {processor.py:925} INFO - DAG(s) 'example_python_operator' retrieved from /opt/anaconda3/envs/PyTorch/lib/python3.11/site-packages/airflow/example_dags/example_python_operator.py
[2025-01-15T12:06:17.703+0800] {logging_mixin.py:190} INFO - [2025-01-15T12:06:17.702+0800] {dag.py:3239} INFO - Sync 1 DAGs
[2025-01-15T12:06:17.706+0800] {logging_mixin.py:190} INFO - [2025-01-15T12:06:17.706+0800] {dag.py:4180} INFO - Setting next_dagrun for example_python_operator to None, run_after=None
[2025-01-15T12:06:17.713+0800] {processor.py:208} INFO - Processing /opt/anaconda3/envs/PyTorch/lib/python3.11/site-packages/airflow/example_dags/example_python_operator.py took 0.149 seconds
[2025-01-15T12:09:14.267+0800] {processor.py:186} INFO - Started process (PID=25170) to work on /opt/anaconda3/envs/PyTorch/lib/python3.11/site-packages/airflow/example_dags/example_python_operator.py
[2025-01-15T12:09:14.268+0800] {processor.py:914} INFO - Processing file /opt/anaconda3/envs/PyTorch/lib/python3.11/site-packages/airflow/example_dags/example_python_operator.py for tasks to queue
[2025-01-15T12:09:14.269+0800] {logging_mixin.py:190} INFO - [2025-01-15T12:09:14.268+0800] {dagbag.py:588} INFO - Filling up the DagBag from /opt/anaconda3/envs/PyTorch/lib/python3.11/site-packages/airflow/example_dags/example_python_operator.py
[2025-01-15T12:09:14.281+0800] {processor.py:925} INFO - DAG(s) 'example_python_operator' retrieved from /opt/anaconda3/envs/PyTorch/lib/python3.11/site-packages/airflow/example_dags/example_python_operator.py
[2025-01-15T12:09:14.405+0800] {logging_mixin.py:190} INFO - [2025-01-15T12:09:14.404+0800] {dag.py:3239} INFO - Sync 1 DAGs
[2025-01-15T12:09:14.408+0800] {logging_mixin.py:190} INFO - [2025-01-15T12:09:14.408+0800] {dag.py:4180} INFO - Setting next_dagrun for example_python_operator to None, run_after=None
[2025-01-15T12:09:14.415+0800] {processor.py:208} INFO - Processing /opt/anaconda3/envs/PyTorch/lib/python3.11/site-packages/airflow/example_dags/example_python_operator.py took 0.149 seconds
[2025-01-15T12:12:10.700+0800] {processor.py:186} INFO - Started process (PID=26774) to work on /opt/anaconda3/envs/PyTorch/lib/python3.11/site-packages/airflow/example_dags/example_python_operator.py
[2025-01-15T12:12:10.701+0800] {processor.py:914} INFO - Processing file /opt/anaconda3/envs/PyTorch/lib/python3.11/site-packages/airflow/example_dags/example_python_operator.py for tasks to queue
[2025-01-15T12:12:10.702+0800] {logging_mixin.py:190} INFO - [2025-01-15T12:12:10.702+0800] {dagbag.py:588} INFO - Filling up the DagBag from /opt/anaconda3/envs/PyTorch/lib/python3.11/site-packages/airflow/example_dags/example_python_operator.py
[2025-01-15T12:12:10.715+0800] {processor.py:925} INFO - DAG(s) 'example_python_operator' retrieved from /opt/anaconda3/envs/PyTorch/lib/python3.11/site-packages/airflow/example_dags/example_python_operator.py
[2025-01-15T12:12:10.837+0800] {logging_mixin.py:190} INFO - [2025-01-15T12:12:10.837+0800] {dag.py:3239} INFO - Sync 1 DAGs
[2025-01-15T12:12:10.841+0800] {logging_mixin.py:190} INFO - [2025-01-15T12:12:10.841+0800] {dag.py:4180} INFO - Setting next_dagrun for example_python_operator to None, run_after=None
[2025-01-15T12:12:10.849+0800] {processor.py:208} INFO - Processing /opt/anaconda3/envs/PyTorch/lib/python3.11/site-packages/airflow/example_dags/example_python_operator.py took 0.151 seconds
[2025-01-15T12:15:07.899+0800] {processor.py:186} INFO - Started process (PID=28325) to work on /opt/anaconda3/envs/PyTorch/lib/python3.11/site-packages/airflow/example_dags/example_python_operator.py
[2025-01-15T12:15:07.902+0800] {processor.py:914} INFO - Processing file /opt/anaconda3/envs/PyTorch/lib/python3.11/site-packages/airflow/example_dags/example_python_operator.py for tasks to queue
[2025-01-15T12:15:07.902+0800] {logging_mixin.py:190} INFO - [2025-01-15T12:15:07.902+0800] {dagbag.py:588} INFO - Filling up the DagBag from /opt/anaconda3/envs/PyTorch/lib/python3.11/site-packages/airflow/example_dags/example_python_operator.py
[2025-01-15T12:15:07.916+0800] {processor.py:925} INFO - DAG(s) 'example_python_operator' retrieved from /opt/anaconda3/envs/PyTorch/lib/python3.11/site-packages/airflow/example_dags/example_python_operator.py
[2025-01-15T12:15:08.039+0800] {logging_mixin.py:190} INFO - [2025-01-15T12:15:08.039+0800] {dag.py:3239} INFO - Sync 1 DAGs
[2025-01-15T12:15:08.043+0800] {logging_mixin.py:190} INFO - [2025-01-15T12:15:08.043+0800] {dag.py:4180} INFO - Setting next_dagrun for example_python_operator to None, run_after=None
[2025-01-15T12:15:08.050+0800] {processor.py:208} INFO - Processing /opt/anaconda3/envs/PyTorch/lib/python3.11/site-packages/airflow/example_dags/example_python_operator.py took 0.152 seconds
[2025-01-15T12:18:03.476+0800] {processor.py:186} INFO - Started process (PID=29908) to work on /opt/anaconda3/envs/PyTorch/lib/python3.11/site-packages/airflow/example_dags/example_python_operator.py
[2025-01-15T12:18:03.476+0800] {processor.py:914} INFO - Processing file /opt/anaconda3/envs/PyTorch/lib/python3.11/site-packages/airflow/example_dags/example_python_operator.py for tasks to queue
[2025-01-15T12:18:03.477+0800] {logging_mixin.py:190} INFO - [2025-01-15T12:18:03.477+0800] {dagbag.py:588} INFO - Filling up the DagBag from /opt/anaconda3/envs/PyTorch/lib/python3.11/site-packages/airflow/example_dags/example_python_operator.py
[2025-01-15T12:18:03.491+0800] {processor.py:925} INFO - DAG(s) 'example_python_operator' retrieved from /opt/anaconda3/envs/PyTorch/lib/python3.11/site-packages/airflow/example_dags/example_python_operator.py
[2025-01-15T12:18:03.615+0800] {logging_mixin.py:190} INFO - [2025-01-15T12:18:03.615+0800] {dag.py:3239} INFO - Sync 1 DAGs
[2025-01-15T12:18:03.619+0800] {logging_mixin.py:190} INFO - [2025-01-15T12:18:03.619+0800] {dag.py:4180} INFO - Setting next_dagrun for example_python_operator to None, run_after=None
[2025-01-15T12:18:03.627+0800] {processor.py:208} INFO - Processing /opt/anaconda3/envs/PyTorch/lib/python3.11/site-packages/airflow/example_dags/example_python_operator.py took 0.153 seconds
[2025-01-15T12:21:02.845+0800] {processor.py:186} INFO - Started process (PID=31478) to work on /opt/anaconda3/envs/PyTorch/lib/python3.11/site-packages/airflow/example_dags/example_python_operator.py
[2025-01-15T12:21:02.847+0800] {processor.py:914} INFO - Processing file /opt/anaconda3/envs/PyTorch/lib/python3.11/site-packages/airflow/example_dags/example_python_operator.py for tasks to queue
[2025-01-15T12:21:02.847+0800] {logging_mixin.py:190} INFO - [2025-01-15T12:21:02.847+0800] {dagbag.py:588} INFO - Filling up the DagBag from /opt/anaconda3/envs/PyTorch/lib/python3.11/site-packages/airflow/example_dags/example_python_operator.py
[2025-01-15T12:21:02.861+0800] {processor.py:925} INFO - DAG(s) 'example_python_operator' retrieved from /opt/anaconda3/envs/PyTorch/lib/python3.11/site-packages/airflow/example_dags/example_python_operator.py
[2025-01-15T12:21:02.995+0800] {logging_mixin.py:190} INFO - [2025-01-15T12:21:02.994+0800] {dag.py:3239} INFO - Sync 1 DAGs
[2025-01-15T12:21:02.998+0800] {logging_mixin.py:190} INFO - [2025-01-15T12:21:02.998+0800] {dag.py:4180} INFO - Setting next_dagrun for example_python_operator to None, run_after=None
[2025-01-15T12:21:03.005+0800] {processor.py:208} INFO - Processing /opt/anaconda3/envs/PyTorch/lib/python3.11/site-packages/airflow/example_dags/example_python_operator.py took 0.161 seconds
[2025-01-15T12:24:07.488+0800] {processor.py:186} INFO - Started process (PID=33098) to work on /opt/anaconda3/envs/PyTorch/lib/python3.11/site-packages/airflow/example_dags/example_python_operator.py
[2025-01-15T12:24:07.489+0800] {processor.py:914} INFO - Processing file /opt/anaconda3/envs/PyTorch/lib/python3.11/site-packages/airflow/example_dags/example_python_operator.py for tasks to queue
[2025-01-15T12:24:07.490+0800] {logging_mixin.py:190} INFO - [2025-01-15T12:24:07.490+0800] {dagbag.py:588} INFO - Filling up the DagBag from /opt/anaconda3/envs/PyTorch/lib/python3.11/site-packages/airflow/example_dags/example_python_operator.py
[2025-01-15T12:24:07.504+0800] {processor.py:925} INFO - DAG(s) 'example_python_operator' retrieved from /opt/anaconda3/envs/PyTorch/lib/python3.11/site-packages/airflow/example_dags/example_python_operator.py
[2025-01-15T12:24:07.632+0800] {logging_mixin.py:190} INFO - [2025-01-15T12:24:07.632+0800] {dag.py:3239} INFO - Sync 1 DAGs
[2025-01-15T12:24:07.636+0800] {logging_mixin.py:190} INFO - [2025-01-15T12:24:07.636+0800] {dag.py:4180} INFO - Setting next_dagrun for example_python_operator to None, run_after=None
[2025-01-15T12:24:07.643+0800] {processor.py:208} INFO - Processing /opt/anaconda3/envs/PyTorch/lib/python3.11/site-packages/airflow/example_dags/example_python_operator.py took 0.157 seconds
[2025-01-15T12:27:03.121+0800] {processor.py:186} INFO - Started process (PID=34659) to work on /opt/anaconda3/envs/PyTorch/lib/python3.11/site-packages/airflow/example_dags/example_python_operator.py
[2025-01-15T12:27:03.122+0800] {processor.py:914} INFO - Processing file /opt/anaconda3/envs/PyTorch/lib/python3.11/site-packages/airflow/example_dags/example_python_operator.py for tasks to queue
[2025-01-15T12:27:03.123+0800] {logging_mixin.py:190} INFO - [2025-01-15T12:27:03.123+0800] {dagbag.py:588} INFO - Filling up the DagBag from /opt/anaconda3/envs/PyTorch/lib/python3.11/site-packages/airflow/example_dags/example_python_operator.py
[2025-01-15T12:27:03.137+0800] {processor.py:925} INFO - DAG(s) 'example_python_operator' retrieved from /opt/anaconda3/envs/PyTorch/lib/python3.11/site-packages/airflow/example_dags/example_python_operator.py
[2025-01-15T12:27:03.259+0800] {logging_mixin.py:190} INFO - [2025-01-15T12:27:03.258+0800] {dag.py:3239} INFO - Sync 1 DAGs
[2025-01-15T12:27:03.262+0800] {logging_mixin.py:190} INFO - [2025-01-15T12:27:03.262+0800] {dag.py:4180} INFO - Setting next_dagrun for example_python_operator to None, run_after=None
[2025-01-15T12:27:03.269+0800] {processor.py:208} INFO - Processing /opt/anaconda3/envs/PyTorch/lib/python3.11/site-packages/airflow/example_dags/example_python_operator.py took 0.149 seconds
[2025-01-15T12:29:59.320+0800] {processor.py:186} INFO - Started process (PID=36210) to work on /opt/anaconda3/envs/PyTorch/lib/python3.11/site-packages/airflow/example_dags/example_python_operator.py
[2025-01-15T12:29:59.321+0800] {processor.py:914} INFO - Processing file /opt/anaconda3/envs/PyTorch/lib/python3.11/site-packages/airflow/example_dags/example_python_operator.py for tasks to queue
[2025-01-15T12:29:59.322+0800] {logging_mixin.py:190} INFO - [2025-01-15T12:29:59.322+0800] {dagbag.py:588} INFO - Filling up the DagBag from /opt/anaconda3/envs/PyTorch/lib/python3.11/site-packages/airflow/example_dags/example_python_operator.py
[2025-01-15T12:29:59.335+0800] {processor.py:925} INFO - DAG(s) 'example_python_operator' retrieved from /opt/anaconda3/envs/PyTorch/lib/python3.11/site-packages/airflow/example_dags/example_python_operator.py
[2025-01-15T12:29:59.459+0800] {logging_mixin.py:190} INFO - [2025-01-15T12:29:59.459+0800] {dag.py:3239} INFO - Sync 1 DAGs
[2025-01-15T12:29:59.462+0800] {logging_mixin.py:190} INFO - [2025-01-15T12:29:59.462+0800] {dag.py:4180} INFO - Setting next_dagrun for example_python_operator to None, run_after=None
[2025-01-15T12:29:59.469+0800] {processor.py:208} INFO - Processing /opt/anaconda3/envs/PyTorch/lib/python3.11/site-packages/airflow/example_dags/example_python_operator.py took 0.150 seconds
[2025-01-15T12:32:55.927+0800] {processor.py:186} INFO - Started process (PID=37746) to work on /opt/anaconda3/envs/PyTorch/lib/python3.11/site-packages/airflow/example_dags/example_python_operator.py
[2025-01-15T12:32:55.929+0800] {processor.py:914} INFO - Processing file /opt/anaconda3/envs/PyTorch/lib/python3.11/site-packages/airflow/example_dags/example_python_operator.py for tasks to queue
[2025-01-15T12:32:55.929+0800] {logging_mixin.py:190} INFO - [2025-01-15T12:32:55.929+0800] {dagbag.py:588} INFO - Filling up the DagBag from /opt/anaconda3/envs/PyTorch/lib/python3.11/site-packages/airflow/example_dags/example_python_operator.py
[2025-01-15T12:32:55.942+0800] {processor.py:925} INFO - DAG(s) 'example_python_operator' retrieved from /opt/anaconda3/envs/PyTorch/lib/python3.11/site-packages/airflow/example_dags/example_python_operator.py
[2025-01-15T12:32:56.065+0800] {logging_mixin.py:190} INFO - [2025-01-15T12:32:56.064+0800] {dag.py:3239} INFO - Sync 1 DAGs
[2025-01-15T12:32:56.068+0800] {logging_mixin.py:190} INFO - [2025-01-15T12:32:56.068+0800] {dag.py:4180} INFO - Setting next_dagrun for example_python_operator to None, run_after=None
[2025-01-15T12:32:56.075+0800] {processor.py:208} INFO - Processing /opt/anaconda3/envs/PyTorch/lib/python3.11/site-packages/airflow/example_dags/example_python_operator.py took 0.149 seconds
[2025-01-15T12:35:53.914+0800] {processor.py:186} INFO - Started process (PID=39318) to work on /opt/anaconda3/envs/PyTorch/lib/python3.11/site-packages/airflow/example_dags/example_python_operator.py
[2025-01-15T12:35:53.915+0800] {processor.py:914} INFO - Processing file /opt/anaconda3/envs/PyTorch/lib/python3.11/site-packages/airflow/example_dags/example_python_operator.py for tasks to queue
[2025-01-15T12:35:53.916+0800] {logging_mixin.py:190} INFO - [2025-01-15T12:35:53.916+0800] {dagbag.py:588} INFO - Filling up the DagBag from /opt/anaconda3/envs/PyTorch/lib/python3.11/site-packages/airflow/example_dags/example_python_operator.py
[2025-01-15T12:35:53.930+0800] {processor.py:925} INFO - DAG(s) 'example_python_operator' retrieved from /opt/anaconda3/envs/PyTorch/lib/python3.11/site-packages/airflow/example_dags/example_python_operator.py
[2025-01-15T12:35:54.052+0800] {logging_mixin.py:190} INFO - [2025-01-15T12:35:54.051+0800] {dag.py:3239} INFO - Sync 1 DAGs
[2025-01-15T12:35:54.055+0800] {logging_mixin.py:190} INFO - [2025-01-15T12:35:54.055+0800] {dag.py:4180} INFO - Setting next_dagrun for example_python_operator to None, run_after=None
[2025-01-15T12:35:54.062+0800] {processor.py:208} INFO - Processing /opt/anaconda3/envs/PyTorch/lib/python3.11/site-packages/airflow/example_dags/example_python_operator.py took 0.149 seconds
[2025-01-15T12:38:49.801+0800] {processor.py:186} INFO - Started process (PID=40866) to work on /opt/anaconda3/envs/PyTorch/lib/python3.11/site-packages/airflow/example_dags/example_python_operator.py
[2025-01-15T12:38:49.802+0800] {processor.py:914} INFO - Processing file /opt/anaconda3/envs/PyTorch/lib/python3.11/site-packages/airflow/example_dags/example_python_operator.py for tasks to queue
[2025-01-15T12:38:49.803+0800] {logging_mixin.py:190} INFO - [2025-01-15T12:38:49.803+0800] {dagbag.py:588} INFO - Filling up the DagBag from /opt/anaconda3/envs/PyTorch/lib/python3.11/site-packages/airflow/example_dags/example_python_operator.py
[2025-01-15T12:38:49.816+0800] {processor.py:925} INFO - DAG(s) 'example_python_operator' retrieved from /opt/anaconda3/envs/PyTorch/lib/python3.11/site-packages/airflow/example_dags/example_python_operator.py
[2025-01-15T12:38:49.920+0800] {logging_mixin.py:190} INFO - [2025-01-15T12:38:49.920+0800] {dag.py:3239} INFO - Sync 1 DAGs
[2025-01-15T12:38:49.923+0800] {logging_mixin.py:190} INFO - [2025-01-15T12:38:49.923+0800] {dag.py:4180} INFO - Setting next_dagrun for example_python_operator to None, run_after=None
[2025-01-15T12:38:49.930+0800] {processor.py:208} INFO - Processing /opt/anaconda3/envs/PyTorch/lib/python3.11/site-packages/airflow/example_dags/example_python_operator.py took 0.131 seconds
[2025-01-15T12:41:48.350+0800] {processor.py:186} INFO - Started process (PID=42489) to work on /opt/anaconda3/envs/PyTorch/lib/python3.11/site-packages/airflow/example_dags/example_python_operator.py
[2025-01-15T12:41:48.351+0800] {processor.py:914} INFO - Processing file /opt/anaconda3/envs/PyTorch/lib/python3.11/site-packages/airflow/example_dags/example_python_operator.py for tasks to queue
[2025-01-15T12:41:48.352+0800] {logging_mixin.py:190} INFO - [2025-01-15T12:41:48.351+0800] {dagbag.py:588} INFO - Filling up the DagBag from /opt/anaconda3/envs/PyTorch/lib/python3.11/site-packages/airflow/example_dags/example_python_operator.py
[2025-01-15T12:41:48.365+0800] {processor.py:925} INFO - DAG(s) 'example_python_operator' retrieved from /opt/anaconda3/envs/PyTorch/lib/python3.11/site-packages/airflow/example_dags/example_python_operator.py
[2025-01-15T12:41:48.487+0800] {logging_mixin.py:190} INFO - [2025-01-15T12:41:48.486+0800] {dag.py:3239} INFO - Sync 1 DAGs
[2025-01-15T12:41:48.490+0800] {logging_mixin.py:190} INFO - [2025-01-15T12:41:48.490+0800] {dag.py:4180} INFO - Setting next_dagrun for example_python_operator to None, run_after=None
[2025-01-15T12:41:48.498+0800] {processor.py:208} INFO - Processing /opt/anaconda3/envs/PyTorch/lib/python3.11/site-packages/airflow/example_dags/example_python_operator.py took 0.150 seconds
[2025-01-15T12:44:45.419+0800] {processor.py:186} INFO - Started process (PID=44064) to work on /opt/anaconda3/envs/PyTorch/lib/python3.11/site-packages/airflow/example_dags/example_python_operator.py
[2025-01-15T12:44:45.420+0800] {processor.py:914} INFO - Processing file /opt/anaconda3/envs/PyTorch/lib/python3.11/site-packages/airflow/example_dags/example_python_operator.py for tasks to queue
[2025-01-15T12:44:45.421+0800] {logging_mixin.py:190} INFO - [2025-01-15T12:44:45.421+0800] {dagbag.py:588} INFO - Filling up the DagBag from /opt/anaconda3/envs/PyTorch/lib/python3.11/site-packages/airflow/example_dags/example_python_operator.py
[2025-01-15T12:44:45.435+0800] {processor.py:925} INFO - DAG(s) 'example_python_operator' retrieved from /opt/anaconda3/envs/PyTorch/lib/python3.11/site-packages/airflow/example_dags/example_python_operator.py
[2025-01-15T12:44:45.568+0800] {logging_mixin.py:190} INFO - [2025-01-15T12:44:45.568+0800] {dag.py:3239} INFO - Sync 1 DAGs
[2025-01-15T12:44:45.572+0800] {logging_mixin.py:190} INFO - [2025-01-15T12:44:45.572+0800] {dag.py:4180} INFO - Setting next_dagrun for example_python_operator to None, run_after=None
[2025-01-15T12:44:45.579+0800] {processor.py:208} INFO - Processing /opt/anaconda3/envs/PyTorch/lib/python3.11/site-packages/airflow/example_dags/example_python_operator.py took 0.162 seconds
[2025-01-15T12:46:18.221+0800] {processor.py:186} INFO - Started process (PID=44928) to work on /opt/anaconda3/envs/PyTorch/lib/python3.11/site-packages/airflow/example_dags/example_python_operator.py
[2025-01-15T12:46:18.222+0800] {processor.py:914} INFO - Processing file /opt/anaconda3/envs/PyTorch/lib/python3.11/site-packages/airflow/example_dags/example_python_operator.py for tasks to queue
[2025-01-15T12:46:18.223+0800] {logging_mixin.py:190} INFO - [2025-01-15T12:46:18.222+0800] {dagbag.py:588} INFO - Filling up the DagBag from /opt/anaconda3/envs/PyTorch/lib/python3.11/site-packages/airflow/example_dags/example_python_operator.py
[2025-01-15T12:46:18.237+0800] {processor.py:925} INFO - DAG(s) 'example_python_operator' retrieved from /opt/anaconda3/envs/PyTorch/lib/python3.11/site-packages/airflow/example_dags/example_python_operator.py
[2025-01-15T12:46:18.377+0800] {logging_mixin.py:190} INFO - [2025-01-15T12:46:18.377+0800] {dag.py:3239} INFO - Sync 1 DAGs
[2025-01-15T12:46:18.383+0800] {logging_mixin.py:190} INFO - [2025-01-15T12:46:18.383+0800] {dag.py:4180} INFO - Setting next_dagrun for example_python_operator to None, run_after=None
[2025-01-15T12:46:18.392+0800] {processor.py:208} INFO - Processing /opt/anaconda3/envs/PyTorch/lib/python3.11/site-packages/airflow/example_dags/example_python_operator.py took 0.173 seconds
[2025-01-15T12:49:14.142+0800] {processor.py:186} INFO - Started process (PID=46504) to work on /opt/anaconda3/envs/PyTorch/lib/python3.11/site-packages/airflow/example_dags/example_python_operator.py
[2025-01-15T12:49:14.143+0800] {processor.py:914} INFO - Processing file /opt/anaconda3/envs/PyTorch/lib/python3.11/site-packages/airflow/example_dags/example_python_operator.py for tasks to queue
[2025-01-15T12:49:14.143+0800] {logging_mixin.py:190} INFO - [2025-01-15T12:49:14.143+0800] {dagbag.py:588} INFO - Filling up the DagBag from /opt/anaconda3/envs/PyTorch/lib/python3.11/site-packages/airflow/example_dags/example_python_operator.py
[2025-01-15T12:49:14.158+0800] {processor.py:925} INFO - DAG(s) 'example_python_operator' retrieved from /opt/anaconda3/envs/PyTorch/lib/python3.11/site-packages/airflow/example_dags/example_python_operator.py
[2025-01-15T12:49:14.288+0800] {logging_mixin.py:190} INFO - [2025-01-15T12:49:14.288+0800] {dag.py:3239} INFO - Sync 1 DAGs
[2025-01-15T12:49:14.292+0800] {logging_mixin.py:190} INFO - [2025-01-15T12:49:14.292+0800] {dag.py:4180} INFO - Setting next_dagrun for example_python_operator to None, run_after=None
[2025-01-15T12:49:14.298+0800] {processor.py:208} INFO - Processing /opt/anaconda3/envs/PyTorch/lib/python3.11/site-packages/airflow/example_dags/example_python_operator.py took 0.158 seconds
[2025-01-15T12:50:48.141+0800] {processor.py:186} INFO - Started process (PID=47335) to work on /opt/anaconda3/envs/PyTorch/lib/python3.11/site-packages/airflow/example_dags/example_python_operator.py
[2025-01-15T12:50:48.142+0800] {processor.py:914} INFO - Processing file /opt/anaconda3/envs/PyTorch/lib/python3.11/site-packages/airflow/example_dags/example_python_operator.py for tasks to queue
[2025-01-15T12:50:48.143+0800] {logging_mixin.py:190} INFO - [2025-01-15T12:50:48.143+0800] {dagbag.py:588} INFO - Filling up the DagBag from /opt/anaconda3/envs/PyTorch/lib/python3.11/site-packages/airflow/example_dags/example_python_operator.py
[2025-01-15T12:50:48.156+0800] {processor.py:925} INFO - DAG(s) 'example_python_operator' retrieved from /opt/anaconda3/envs/PyTorch/lib/python3.11/site-packages/airflow/example_dags/example_python_operator.py
[2025-01-15T12:50:48.281+0800] {logging_mixin.py:190} INFO - [2025-01-15T12:50:48.280+0800] {dag.py:3239} INFO - Sync 1 DAGs
[2025-01-15T12:50:48.284+0800] {logging_mixin.py:190} INFO - [2025-01-15T12:50:48.284+0800] {dag.py:4180} INFO - Setting next_dagrun for example_python_operator to None, run_after=None
[2025-01-15T12:50:48.291+0800] {processor.py:208} INFO - Processing /opt/anaconda3/envs/PyTorch/lib/python3.11/site-packages/airflow/example_dags/example_python_operator.py took 0.151 seconds
[2025-01-15T12:53:45.465+0800] {processor.py:186} INFO - Started process (PID=48909) to work on /opt/anaconda3/envs/PyTorch/lib/python3.11/site-packages/airflow/example_dags/example_python_operator.py
[2025-01-15T12:53:45.466+0800] {processor.py:914} INFO - Processing file /opt/anaconda3/envs/PyTorch/lib/python3.11/site-packages/airflow/example_dags/example_python_operator.py for tasks to queue
[2025-01-15T12:53:45.467+0800] {logging_mixin.py:190} INFO - [2025-01-15T12:53:45.467+0800] {dagbag.py:588} INFO - Filling up the DagBag from /opt/anaconda3/envs/PyTorch/lib/python3.11/site-packages/airflow/example_dags/example_python_operator.py
[2025-01-15T12:53:45.480+0800] {processor.py:925} INFO - DAG(s) 'example_python_operator' retrieved from /opt/anaconda3/envs/PyTorch/lib/python3.11/site-packages/airflow/example_dags/example_python_operator.py
[2025-01-15T12:53:45.621+0800] {logging_mixin.py:190} INFO - [2025-01-15T12:53:45.621+0800] {dag.py:3239} INFO - Sync 1 DAGs
[2025-01-15T12:53:45.625+0800] {logging_mixin.py:190} INFO - [2025-01-15T12:53:45.625+0800] {dag.py:4180} INFO - Setting next_dagrun for example_python_operator to None, run_after=None
[2025-01-15T12:53:45.633+0800] {processor.py:208} INFO - Processing /opt/anaconda3/envs/PyTorch/lib/python3.11/site-packages/airflow/example_dags/example_python_operator.py took 0.170 seconds
[2025-01-15T12:55:18.029+0800] {processor.py:186} INFO - Started process (PID=49777) to work on /opt/anaconda3/envs/PyTorch/lib/python3.11/site-packages/airflow/example_dags/example_python_operator.py
[2025-01-15T12:55:18.030+0800] {processor.py:914} INFO - Processing file /opt/anaconda3/envs/PyTorch/lib/python3.11/site-packages/airflow/example_dags/example_python_operator.py for tasks to queue
[2025-01-15T12:55:18.031+0800] {logging_mixin.py:190} INFO - [2025-01-15T12:55:18.031+0800] {dagbag.py:588} INFO - Filling up the DagBag from /opt/anaconda3/envs/PyTorch/lib/python3.11/site-packages/airflow/example_dags/example_python_operator.py
[2025-01-15T12:55:18.044+0800] {processor.py:925} INFO - DAG(s) 'example_python_operator' retrieved from /opt/anaconda3/envs/PyTorch/lib/python3.11/site-packages/airflow/example_dags/example_python_operator.py
[2025-01-15T12:55:18.167+0800] {logging_mixin.py:190} INFO - [2025-01-15T12:55:18.166+0800] {dag.py:3239} INFO - Sync 1 DAGs
[2025-01-15T12:55:18.170+0800] {logging_mixin.py:190} INFO - [2025-01-15T12:55:18.170+0800] {dag.py:4180} INFO - Setting next_dagrun for example_python_operator to None, run_after=None
[2025-01-15T12:55:18.177+0800] {processor.py:208} INFO - Processing /opt/anaconda3/envs/PyTorch/lib/python3.11/site-packages/airflow/example_dags/example_python_operator.py took 0.150 seconds
[2025-01-15T12:56:50.372+0800] {processor.py:186} INFO - Started process (PID=50596) to work on /opt/anaconda3/envs/PyTorch/lib/python3.11/site-packages/airflow/example_dags/example_python_operator.py
[2025-01-15T12:56:50.373+0800] {processor.py:914} INFO - Processing file /opt/anaconda3/envs/PyTorch/lib/python3.11/site-packages/airflow/example_dags/example_python_operator.py for tasks to queue
[2025-01-15T12:56:50.374+0800] {logging_mixin.py:190} INFO - [2025-01-15T12:56:50.374+0800] {dagbag.py:588} INFO - Filling up the DagBag from /opt/anaconda3/envs/PyTorch/lib/python3.11/site-packages/airflow/example_dags/example_python_operator.py
[2025-01-15T12:56:50.388+0800] {processor.py:925} INFO - DAG(s) 'example_python_operator' retrieved from /opt/anaconda3/envs/PyTorch/lib/python3.11/site-packages/airflow/example_dags/example_python_operator.py
[2025-01-15T12:56:50.521+0800] {logging_mixin.py:190} INFO - [2025-01-15T12:56:50.521+0800] {dag.py:3239} INFO - Sync 1 DAGs
[2025-01-15T12:56:50.525+0800] {logging_mixin.py:190} INFO - [2025-01-15T12:56:50.525+0800] {dag.py:4180} INFO - Setting next_dagrun for example_python_operator to None, run_after=None
[2025-01-15T12:56:50.533+0800] {processor.py:208} INFO - Processing /opt/anaconda3/envs/PyTorch/lib/python3.11/site-packages/airflow/example_dags/example_python_operator.py took 0.163 seconds
[2025-01-15T12:59:52.417+0800] {processor.py:186} INFO - Started process (PID=52237) to work on /opt/anaconda3/envs/PyTorch/lib/python3.11/site-packages/airflow/example_dags/example_python_operator.py
[2025-01-15T12:59:52.419+0800] {processor.py:914} INFO - Processing file /opt/anaconda3/envs/PyTorch/lib/python3.11/site-packages/airflow/example_dags/example_python_operator.py for tasks to queue
[2025-01-15T12:59:52.420+0800] {logging_mixin.py:190} INFO - [2025-01-15T12:59:52.419+0800] {dagbag.py:588} INFO - Filling up the DagBag from /opt/anaconda3/envs/PyTorch/lib/python3.11/site-packages/airflow/example_dags/example_python_operator.py
[2025-01-15T12:59:52.434+0800] {processor.py:925} INFO - DAG(s) 'example_python_operator' retrieved from /opt/anaconda3/envs/PyTorch/lib/python3.11/site-packages/airflow/example_dags/example_python_operator.py
[2025-01-15T12:59:52.581+0800] {logging_mixin.py:190} INFO - [2025-01-15T12:59:52.581+0800] {dag.py:3239} INFO - Sync 1 DAGs
[2025-01-15T12:59:52.585+0800] {logging_mixin.py:190} INFO - [2025-01-15T12:59:52.585+0800] {dag.py:4180} INFO - Setting next_dagrun for example_python_operator to None, run_after=None
[2025-01-15T12:59:52.592+0800] {processor.py:208} INFO - Processing /opt/anaconda3/envs/PyTorch/lib/python3.11/site-packages/airflow/example_dags/example_python_operator.py took 0.177 seconds
[2025-01-15T13:02:54.772+0800] {processor.py:186} INFO - Started process (PID=53851) to work on /opt/anaconda3/envs/PyTorch/lib/python3.11/site-packages/airflow/example_dags/example_python_operator.py
[2025-01-15T13:02:54.773+0800] {processor.py:914} INFO - Processing file /opt/anaconda3/envs/PyTorch/lib/python3.11/site-packages/airflow/example_dags/example_python_operator.py for tasks to queue
[2025-01-15T13:02:54.773+0800] {logging_mixin.py:190} INFO - [2025-01-15T13:02:54.773+0800] {dagbag.py:588} INFO - Filling up the DagBag from /opt/anaconda3/envs/PyTorch/lib/python3.11/site-packages/airflow/example_dags/example_python_operator.py
[2025-01-15T13:02:54.786+0800] {processor.py:925} INFO - DAG(s) 'example_python_operator' retrieved from /opt/anaconda3/envs/PyTorch/lib/python3.11/site-packages/airflow/example_dags/example_python_operator.py
[2025-01-15T13:02:54.918+0800] {logging_mixin.py:190} INFO - [2025-01-15T13:02:54.917+0800] {dag.py:3239} INFO - Sync 1 DAGs
[2025-01-15T13:02:54.921+0800] {logging_mixin.py:190} INFO - [2025-01-15T13:02:54.921+0800] {dag.py:4180} INFO - Setting next_dagrun for example_python_operator to None, run_after=None
[2025-01-15T13:02:54.929+0800] {processor.py:208} INFO - Processing /opt/anaconda3/envs/PyTorch/lib/python3.11/site-packages/airflow/example_dags/example_python_operator.py took 0.159 seconds
[2025-01-15T13:04:30.026+0800] {processor.py:186} INFO - Started process (PID=54767) to work on /opt/anaconda3/envs/PyTorch/lib/python3.11/site-packages/airflow/example_dags/example_python_operator.py
[2025-01-15T13:04:30.027+0800] {processor.py:914} INFO - Processing file /opt/anaconda3/envs/PyTorch/lib/python3.11/site-packages/airflow/example_dags/example_python_operator.py for tasks to queue
[2025-01-15T13:04:30.027+0800] {logging_mixin.py:190} INFO - [2025-01-15T13:04:30.027+0800] {dagbag.py:588} INFO - Filling up the DagBag from /opt/anaconda3/envs/PyTorch/lib/python3.11/site-packages/airflow/example_dags/example_python_operator.py
[2025-01-15T13:04:30.041+0800] {processor.py:925} INFO - DAG(s) 'example_python_operator' retrieved from /opt/anaconda3/envs/PyTorch/lib/python3.11/site-packages/airflow/example_dags/example_python_operator.py
[2025-01-15T13:04:30.170+0800] {logging_mixin.py:190} INFO - [2025-01-15T13:04:30.170+0800] {dag.py:3239} INFO - Sync 1 DAGs
[2025-01-15T13:04:30.174+0800] {logging_mixin.py:190} INFO - [2025-01-15T13:04:30.174+0800] {dag.py:4180} INFO - Setting next_dagrun for example_python_operator to None, run_after=None
[2025-01-15T13:04:30.181+0800] {processor.py:208} INFO - Processing /opt/anaconda3/envs/PyTorch/lib/python3.11/site-packages/airflow/example_dags/example_python_operator.py took 0.158 seconds
[2025-01-15T13:06:01.550+0800] {processor.py:186} INFO - Started process (PID=55606) to work on /opt/anaconda3/envs/PyTorch/lib/python3.11/site-packages/airflow/example_dags/example_python_operator.py
[2025-01-15T13:06:01.551+0800] {processor.py:914} INFO - Processing file /opt/anaconda3/envs/PyTorch/lib/python3.11/site-packages/airflow/example_dags/example_python_operator.py for tasks to queue
[2025-01-15T13:06:01.551+0800] {logging_mixin.py:190} INFO - [2025-01-15T13:06:01.551+0800] {dagbag.py:588} INFO - Filling up the DagBag from /opt/anaconda3/envs/PyTorch/lib/python3.11/site-packages/airflow/example_dags/example_python_operator.py
[2025-01-15T13:06:01.566+0800] {processor.py:925} INFO - DAG(s) 'example_python_operator' retrieved from /opt/anaconda3/envs/PyTorch/lib/python3.11/site-packages/airflow/example_dags/example_python_operator.py
[2025-01-15T13:06:01.696+0800] {logging_mixin.py:190} INFO - [2025-01-15T13:06:01.695+0800] {dag.py:3239} INFO - Sync 1 DAGs
[2025-01-15T13:06:01.699+0800] {logging_mixin.py:190} INFO - [2025-01-15T13:06:01.699+0800] {dag.py:4180} INFO - Setting next_dagrun for example_python_operator to None, run_after=None
[2025-01-15T13:06:01.707+0800] {processor.py:208} INFO - Processing /opt/anaconda3/envs/PyTorch/lib/python3.11/site-packages/airflow/example_dags/example_python_operator.py took 0.159 seconds
[2025-01-15T13:07:37.672+0800] {processor.py:186} INFO - Started process (PID=56488) to work on /opt/anaconda3/envs/PyTorch/lib/python3.11/site-packages/airflow/example_dags/example_python_operator.py
[2025-01-15T13:07:37.674+0800] {processor.py:914} INFO - Processing file /opt/anaconda3/envs/PyTorch/lib/python3.11/site-packages/airflow/example_dags/example_python_operator.py for tasks to queue
[2025-01-15T13:07:37.674+0800] {logging_mixin.py:190} INFO - [2025-01-15T13:07:37.674+0800] {dagbag.py:588} INFO - Filling up the DagBag from /opt/anaconda3/envs/PyTorch/lib/python3.11/site-packages/airflow/example_dags/example_python_operator.py
[2025-01-15T13:07:37.688+0800] {processor.py:925} INFO - DAG(s) 'example_python_operator' retrieved from /opt/anaconda3/envs/PyTorch/lib/python3.11/site-packages/airflow/example_dags/example_python_operator.py
[2025-01-15T13:07:37.817+0800] {logging_mixin.py:190} INFO - [2025-01-15T13:07:37.817+0800] {dag.py:3239} INFO - Sync 1 DAGs
[2025-01-15T13:07:37.821+0800] {logging_mixin.py:190} INFO - [2025-01-15T13:07:37.820+0800] {dag.py:4180} INFO - Setting next_dagrun for example_python_operator to None, run_after=None
[2025-01-15T13:07:37.828+0800] {processor.py:208} INFO - Processing /opt/anaconda3/envs/PyTorch/lib/python3.11/site-packages/airflow/example_dags/example_python_operator.py took 0.157 seconds
[2025-01-15T13:10:41.455+0800] {processor.py:186} INFO - Started process (PID=58262) to work on /opt/anaconda3/envs/PyTorch/lib/python3.11/site-packages/airflow/example_dags/example_python_operator.py
[2025-01-15T13:10:41.457+0800] {processor.py:914} INFO - Processing file /opt/anaconda3/envs/PyTorch/lib/python3.11/site-packages/airflow/example_dags/example_python_operator.py for tasks to queue
[2025-01-15T13:10:41.457+0800] {logging_mixin.py:190} INFO - [2025-01-15T13:10:41.457+0800] {dagbag.py:588} INFO - Filling up the DagBag from /opt/anaconda3/envs/PyTorch/lib/python3.11/site-packages/airflow/example_dags/example_python_operator.py
[2025-01-15T13:10:41.472+0800] {processor.py:925} INFO - DAG(s) 'example_python_operator' retrieved from /opt/anaconda3/envs/PyTorch/lib/python3.11/site-packages/airflow/example_dags/example_python_operator.py
[2025-01-15T13:10:41.603+0800] {logging_mixin.py:190} INFO - [2025-01-15T13:10:41.602+0800] {dag.py:3239} INFO - Sync 1 DAGs
[2025-01-15T13:10:41.606+0800] {logging_mixin.py:190} INFO - [2025-01-15T13:10:41.606+0800] {dag.py:4180} INFO - Setting next_dagrun for example_python_operator to None, run_after=None
[2025-01-15T13:10:41.614+0800] {processor.py:208} INFO - Processing /opt/anaconda3/envs/PyTorch/lib/python3.11/site-packages/airflow/example_dags/example_python_operator.py took 0.160 seconds
[2025-01-15T13:13:41.291+0800] {processor.py:186} INFO - Started process (PID=59859) to work on /opt/anaconda3/envs/PyTorch/lib/python3.11/site-packages/airflow/example_dags/example_python_operator.py
[2025-01-15T13:13:41.291+0800] {processor.py:914} INFO - Processing file /opt/anaconda3/envs/PyTorch/lib/python3.11/site-packages/airflow/example_dags/example_python_operator.py for tasks to queue
[2025-01-15T13:13:41.292+0800] {logging_mixin.py:190} INFO - [2025-01-15T13:13:41.292+0800] {dagbag.py:588} INFO - Filling up the DagBag from /opt/anaconda3/envs/PyTorch/lib/python3.11/site-packages/airflow/example_dags/example_python_operator.py
[2025-01-15T13:13:41.305+0800] {processor.py:925} INFO - DAG(s) 'example_python_operator' retrieved from /opt/anaconda3/envs/PyTorch/lib/python3.11/site-packages/airflow/example_dags/example_python_operator.py
[2025-01-15T13:13:41.427+0800] {logging_mixin.py:190} INFO - [2025-01-15T13:13:41.427+0800] {dag.py:3239} INFO - Sync 1 DAGs
[2025-01-15T13:13:41.430+0800] {logging_mixin.py:190} INFO - [2025-01-15T13:13:41.430+0800] {dag.py:4180} INFO - Setting next_dagrun for example_python_operator to None, run_after=None
[2025-01-15T13:13:41.440+0800] {processor.py:208} INFO - Processing /opt/anaconda3/envs/PyTorch/lib/python3.11/site-packages/airflow/example_dags/example_python_operator.py took 0.151 seconds
[2025-01-15T13:16:42.476+0800] {processor.py:186} INFO - Started process (PID=61486) to work on /opt/anaconda3/envs/PyTorch/lib/python3.11/site-packages/airflow/example_dags/example_python_operator.py
[2025-01-15T13:16:42.477+0800] {processor.py:914} INFO - Processing file /opt/anaconda3/envs/PyTorch/lib/python3.11/site-packages/airflow/example_dags/example_python_operator.py for tasks to queue
[2025-01-15T13:16:42.478+0800] {logging_mixin.py:190} INFO - [2025-01-15T13:16:42.478+0800] {dagbag.py:588} INFO - Filling up the DagBag from /opt/anaconda3/envs/PyTorch/lib/python3.11/site-packages/airflow/example_dags/example_python_operator.py
[2025-01-15T13:16:42.491+0800] {processor.py:925} INFO - DAG(s) 'example_python_operator' retrieved from /opt/anaconda3/envs/PyTorch/lib/python3.11/site-packages/airflow/example_dags/example_python_operator.py
[2025-01-15T13:16:42.618+0800] {logging_mixin.py:190} INFO - [2025-01-15T13:16:42.618+0800] {dag.py:3239} INFO - Sync 1 DAGs
[2025-01-15T13:16:42.622+0800] {logging_mixin.py:190} INFO - [2025-01-15T13:16:42.622+0800] {dag.py:4180} INFO - Setting next_dagrun for example_python_operator to None, run_after=None
[2025-01-15T13:16:42.633+0800] {processor.py:208} INFO - Processing /opt/anaconda3/envs/PyTorch/lib/python3.11/site-packages/airflow/example_dags/example_python_operator.py took 0.160 seconds
[2025-01-15T13:19:55.507+0800] {processor.py:186} INFO - Started process (PID=63261) to work on /opt/anaconda3/envs/PyTorch/lib/python3.11/site-packages/airflow/example_dags/example_python_operator.py
[2025-01-15T13:19:55.508+0800] {processor.py:914} INFO - Processing file /opt/anaconda3/envs/PyTorch/lib/python3.11/site-packages/airflow/example_dags/example_python_operator.py for tasks to queue
[2025-01-15T13:19:55.509+0800] {logging_mixin.py:190} INFO - [2025-01-15T13:19:55.509+0800] {dagbag.py:588} INFO - Filling up the DagBag from /opt/anaconda3/envs/PyTorch/lib/python3.11/site-packages/airflow/example_dags/example_python_operator.py
[2025-01-15T13:19:55.522+0800] {processor.py:925} INFO - DAG(s) 'example_python_operator' retrieved from /opt/anaconda3/envs/PyTorch/lib/python3.11/site-packages/airflow/example_dags/example_python_operator.py
[2025-01-15T13:19:55.665+0800] {logging_mixin.py:190} INFO - [2025-01-15T13:19:55.665+0800] {dag.py:3239} INFO - Sync 1 DAGs
[2025-01-15T13:19:55.669+0800] {logging_mixin.py:190} INFO - [2025-01-15T13:19:55.669+0800] {dag.py:4180} INFO - Setting next_dagrun for example_python_operator to None, run_after=None
[2025-01-15T13:19:55.677+0800] {processor.py:208} INFO - Processing /opt/anaconda3/envs/PyTorch/lib/python3.11/site-packages/airflow/example_dags/example_python_operator.py took 0.172 seconds
[2025-01-15T13:21:30.377+0800] {processor.py:186} INFO - Started process (PID=64138) to work on /opt/anaconda3/envs/PyTorch/lib/python3.11/site-packages/airflow/example_dags/example_python_operator.py
[2025-01-15T13:21:30.378+0800] {processor.py:914} INFO - Processing file /opt/anaconda3/envs/PyTorch/lib/python3.11/site-packages/airflow/example_dags/example_python_operator.py for tasks to queue
[2025-01-15T13:21:30.378+0800] {logging_mixin.py:190} INFO - [2025-01-15T13:21:30.378+0800] {dagbag.py:588} INFO - Filling up the DagBag from /opt/anaconda3/envs/PyTorch/lib/python3.11/site-packages/airflow/example_dags/example_python_operator.py
[2025-01-15T13:21:30.392+0800] {processor.py:925} INFO - DAG(s) 'example_python_operator' retrieved from /opt/anaconda3/envs/PyTorch/lib/python3.11/site-packages/airflow/example_dags/example_python_operator.py
[2025-01-15T13:21:30.523+0800] {logging_mixin.py:190} INFO - [2025-01-15T13:21:30.523+0800] {dag.py:3239} INFO - Sync 1 DAGs
[2025-01-15T13:21:30.527+0800] {logging_mixin.py:190} INFO - [2025-01-15T13:21:30.527+0800] {dag.py:4180} INFO - Setting next_dagrun for example_python_operator to None, run_after=None
[2025-01-15T13:21:30.534+0800] {processor.py:208} INFO - Processing /opt/anaconda3/envs/PyTorch/lib/python3.11/site-packages/airflow/example_dags/example_python_operator.py took 0.160 seconds
[2025-01-15T13:24:36.138+0800] {processor.py:186} INFO - Started process (PID=65789) to work on /opt/anaconda3/envs/PyTorch/lib/python3.11/site-packages/airflow/example_dags/example_python_operator.py
[2025-01-15T13:24:36.138+0800] {processor.py:914} INFO - Processing file /opt/anaconda3/envs/PyTorch/lib/python3.11/site-packages/airflow/example_dags/example_python_operator.py for tasks to queue
[2025-01-15T13:24:36.139+0800] {logging_mixin.py:190} INFO - [2025-01-15T13:24:36.139+0800] {dagbag.py:588} INFO - Filling up the DagBag from /opt/anaconda3/envs/PyTorch/lib/python3.11/site-packages/airflow/example_dags/example_python_operator.py
[2025-01-15T13:24:36.153+0800] {processor.py:925} INFO - DAG(s) 'example_python_operator' retrieved from /opt/anaconda3/envs/PyTorch/lib/python3.11/site-packages/airflow/example_dags/example_python_operator.py
[2025-01-15T13:24:36.292+0800] {logging_mixin.py:190} INFO - [2025-01-15T13:24:36.292+0800] {dag.py:3239} INFO - Sync 1 DAGs
[2025-01-15T13:24:36.296+0800] {logging_mixin.py:190} INFO - [2025-01-15T13:24:36.295+0800] {dag.py:4180} INFO - Setting next_dagrun for example_python_operator to None, run_after=None
[2025-01-15T13:24:36.303+0800] {processor.py:208} INFO - Processing /opt/anaconda3/envs/PyTorch/lib/python3.11/site-packages/airflow/example_dags/example_python_operator.py took 0.167 seconds
[2025-01-15T13:26:10.062+0800] {processor.py:186} INFO - Started process (PID=66602) to work on /opt/anaconda3/envs/PyTorch/lib/python3.11/site-packages/airflow/example_dags/example_python_operator.py
[2025-01-15T13:26:10.064+0800] {processor.py:914} INFO - Processing file /opt/anaconda3/envs/PyTorch/lib/python3.11/site-packages/airflow/example_dags/example_python_operator.py for tasks to queue
[2025-01-15T13:26:10.064+0800] {logging_mixin.py:190} INFO - [2025-01-15T13:26:10.064+0800] {dagbag.py:588} INFO - Filling up the DagBag from /opt/anaconda3/envs/PyTorch/lib/python3.11/site-packages/airflow/example_dags/example_python_operator.py
[2025-01-15T13:26:10.077+0800] {processor.py:925} INFO - DAG(s) 'example_python_operator' retrieved from /opt/anaconda3/envs/PyTorch/lib/python3.11/site-packages/airflow/example_dags/example_python_operator.py
[2025-01-15T13:26:10.198+0800] {logging_mixin.py:190} INFO - [2025-01-15T13:26:10.198+0800] {dag.py:3239} INFO - Sync 1 DAGs
[2025-01-15T13:26:10.201+0800] {logging_mixin.py:190} INFO - [2025-01-15T13:26:10.201+0800] {dag.py:4180} INFO - Setting next_dagrun for example_python_operator to None, run_after=None
[2025-01-15T13:26:10.208+0800] {processor.py:208} INFO - Processing /opt/anaconda3/envs/PyTorch/lib/python3.11/site-packages/airflow/example_dags/example_python_operator.py took 0.147 seconds
[2025-01-15T13:29:13.356+0800] {processor.py:186} INFO - Started process (PID=68224) to work on /opt/anaconda3/envs/PyTorch/lib/python3.11/site-packages/airflow/example_dags/example_python_operator.py
[2025-01-15T13:29:13.358+0800] {processor.py:914} INFO - Processing file /opt/anaconda3/envs/PyTorch/lib/python3.11/site-packages/airflow/example_dags/example_python_operator.py for tasks to queue
[2025-01-15T13:29:13.358+0800] {logging_mixin.py:190} INFO - [2025-01-15T13:29:13.358+0800] {dagbag.py:588} INFO - Filling up the DagBag from /opt/anaconda3/envs/PyTorch/lib/python3.11/site-packages/airflow/example_dags/example_python_operator.py
[2025-01-15T13:29:13.371+0800] {processor.py:925} INFO - DAG(s) 'example_python_operator' retrieved from /opt/anaconda3/envs/PyTorch/lib/python3.11/site-packages/airflow/example_dags/example_python_operator.py
[2025-01-15T13:29:13.493+0800] {logging_mixin.py:190} INFO - [2025-01-15T13:29:13.493+0800] {dag.py:3239} INFO - Sync 1 DAGs
[2025-01-15T13:29:13.497+0800] {logging_mixin.py:190} INFO - [2025-01-15T13:29:13.497+0800] {dag.py:4180} INFO - Setting next_dagrun for example_python_operator to None, run_after=None
[2025-01-15T13:29:13.504+0800] {processor.py:208} INFO - Processing /opt/anaconda3/envs/PyTorch/lib/python3.11/site-packages/airflow/example_dags/example_python_operator.py took 0.149 seconds
[2025-01-15T13:30:48.359+0800] {processor.py:186} INFO - Started process (PID=69107) to work on /opt/anaconda3/envs/PyTorch/lib/python3.11/site-packages/airflow/example_dags/example_python_operator.py
[2025-01-15T13:30:48.361+0800] {processor.py:914} INFO - Processing file /opt/anaconda3/envs/PyTorch/lib/python3.11/site-packages/airflow/example_dags/example_python_operator.py for tasks to queue
[2025-01-15T13:30:48.361+0800] {logging_mixin.py:190} INFO - [2025-01-15T13:30:48.361+0800] {dagbag.py:588} INFO - Filling up the DagBag from /opt/anaconda3/envs/PyTorch/lib/python3.11/site-packages/airflow/example_dags/example_python_operator.py
[2025-01-15T13:30:48.374+0800] {processor.py:925} INFO - DAG(s) 'example_python_operator' retrieved from /opt/anaconda3/envs/PyTorch/lib/python3.11/site-packages/airflow/example_dags/example_python_operator.py
[2025-01-15T13:30:48.497+0800] {logging_mixin.py:190} INFO - [2025-01-15T13:30:48.497+0800] {dag.py:3239} INFO - Sync 1 DAGs
[2025-01-15T13:30:48.501+0800] {logging_mixin.py:190} INFO - [2025-01-15T13:30:48.501+0800] {dag.py:4180} INFO - Setting next_dagrun for example_python_operator to None, run_after=None
[2025-01-15T13:30:48.508+0800] {processor.py:208} INFO - Processing /opt/anaconda3/envs/PyTorch/lib/python3.11/site-packages/airflow/example_dags/example_python_operator.py took 0.151 seconds
[2025-01-15T13:32:23.434+0800] {processor.py:186} INFO - Started process (PID=69976) to work on /opt/anaconda3/envs/PyTorch/lib/python3.11/site-packages/airflow/example_dags/example_python_operator.py
[2025-01-15T13:32:23.436+0800] {processor.py:914} INFO - Processing file /opt/anaconda3/envs/PyTorch/lib/python3.11/site-packages/airflow/example_dags/example_python_operator.py for tasks to queue
[2025-01-15T13:32:23.436+0800] {logging_mixin.py:190} INFO - [2025-01-15T13:32:23.436+0800] {dagbag.py:588} INFO - Filling up the DagBag from /opt/anaconda3/envs/PyTorch/lib/python3.11/site-packages/airflow/example_dags/example_python_operator.py
[2025-01-15T13:32:23.449+0800] {processor.py:925} INFO - DAG(s) 'example_python_operator' retrieved from /opt/anaconda3/envs/PyTorch/lib/python3.11/site-packages/airflow/example_dags/example_python_operator.py
[2025-01-15T13:32:23.573+0800] {logging_mixin.py:190} INFO - [2025-01-15T13:32:23.573+0800] {dag.py:3239} INFO - Sync 1 DAGs
[2025-01-15T13:32:23.576+0800] {logging_mixin.py:190} INFO - [2025-01-15T13:32:23.576+0800] {dag.py:4180} INFO - Setting next_dagrun for example_python_operator to None, run_after=None
[2025-01-15T13:32:23.583+0800] {processor.py:208} INFO - Processing /opt/anaconda3/envs/PyTorch/lib/python3.11/site-packages/airflow/example_dags/example_python_operator.py took 0.151 seconds
[2025-01-15T13:33:58.518+0800] {processor.py:186} INFO - Started process (PID=70816) to work on /opt/anaconda3/envs/PyTorch/lib/python3.11/site-packages/airflow/example_dags/example_python_operator.py
[2025-01-15T13:33:58.518+0800] {processor.py:914} INFO - Processing file /opt/anaconda3/envs/PyTorch/lib/python3.11/site-packages/airflow/example_dags/example_python_operator.py for tasks to queue
[2025-01-15T13:33:58.519+0800] {logging_mixin.py:190} INFO - [2025-01-15T13:33:58.519+0800] {dagbag.py:588} INFO - Filling up the DagBag from /opt/anaconda3/envs/PyTorch/lib/python3.11/site-packages/airflow/example_dags/example_python_operator.py
[2025-01-15T13:33:58.533+0800] {processor.py:925} INFO - DAG(s) 'example_python_operator' retrieved from /opt/anaconda3/envs/PyTorch/lib/python3.11/site-packages/airflow/example_dags/example_python_operator.py
[2025-01-15T13:33:58.677+0800] {logging_mixin.py:190} INFO - [2025-01-15T13:33:58.677+0800] {dag.py:3239} INFO - Sync 1 DAGs
[2025-01-15T13:33:58.681+0800] {logging_mixin.py:190} INFO - [2025-01-15T13:33:58.681+0800] {dag.py:4180} INFO - Setting next_dagrun for example_python_operator to None, run_after=None
[2025-01-15T13:33:58.689+0800] {processor.py:208} INFO - Processing /opt/anaconda3/envs/PyTorch/lib/python3.11/site-packages/airflow/example_dags/example_python_operator.py took 0.174 seconds
[2025-01-15T13:35:33.327+0800] {processor.py:186} INFO - Started process (PID=71677) to work on /opt/anaconda3/envs/PyTorch/lib/python3.11/site-packages/airflow/example_dags/example_python_operator.py
[2025-01-15T13:35:33.328+0800] {processor.py:914} INFO - Processing file /opt/anaconda3/envs/PyTorch/lib/python3.11/site-packages/airflow/example_dags/example_python_operator.py for tasks to queue
[2025-01-15T13:35:33.329+0800] {logging_mixin.py:190} INFO - [2025-01-15T13:35:33.329+0800] {dagbag.py:588} INFO - Filling up the DagBag from /opt/anaconda3/envs/PyTorch/lib/python3.11/site-packages/airflow/example_dags/example_python_operator.py
[2025-01-15T13:35:33.342+0800] {processor.py:925} INFO - DAG(s) 'example_python_operator' retrieved from /opt/anaconda3/envs/PyTorch/lib/python3.11/site-packages/airflow/example_dags/example_python_operator.py
[2025-01-15T13:35:33.479+0800] {logging_mixin.py:190} INFO - [2025-01-15T13:35:33.478+0800] {dag.py:3239} INFO - Sync 1 DAGs
[2025-01-15T13:35:33.483+0800] {logging_mixin.py:190} INFO - [2025-01-15T13:35:33.482+0800] {dag.py:4180} INFO - Setting next_dagrun for example_python_operator to None, run_after=None
[2025-01-15T13:35:33.490+0800] {processor.py:208} INFO - Processing /opt/anaconda3/envs/PyTorch/lib/python3.11/site-packages/airflow/example_dags/example_python_operator.py took 0.165 seconds
[2025-01-15T13:37:08.177+0800] {processor.py:186} INFO - Started process (PID=72555) to work on /opt/anaconda3/envs/PyTorch/lib/python3.11/site-packages/airflow/example_dags/example_python_operator.py
[2025-01-15T13:37:08.178+0800] {processor.py:914} INFO - Processing file /opt/anaconda3/envs/PyTorch/lib/python3.11/site-packages/airflow/example_dags/example_python_operator.py for tasks to queue
[2025-01-15T13:37:08.179+0800] {logging_mixin.py:190} INFO - [2025-01-15T13:37:08.179+0800] {dagbag.py:588} INFO - Filling up the DagBag from /opt/anaconda3/envs/PyTorch/lib/python3.11/site-packages/airflow/example_dags/example_python_operator.py
[2025-01-15T13:37:08.193+0800] {processor.py:925} INFO - DAG(s) 'example_python_operator' retrieved from /opt/anaconda3/envs/PyTorch/lib/python3.11/site-packages/airflow/example_dags/example_python_operator.py
[2025-01-15T13:37:08.315+0800] {logging_mixin.py:190} INFO - [2025-01-15T13:37:08.315+0800] {dag.py:3239} INFO - Sync 1 DAGs
[2025-01-15T13:37:08.319+0800] {logging_mixin.py:190} INFO - [2025-01-15T13:37:08.319+0800] {dag.py:4180} INFO - Setting next_dagrun for example_python_operator to None, run_after=None
[2025-01-15T13:37:08.326+0800] {processor.py:208} INFO - Processing /opt/anaconda3/envs/PyTorch/lib/python3.11/site-packages/airflow/example_dags/example_python_operator.py took 0.150 seconds
[2025-01-15T13:40:15.810+0800] {processor.py:186} INFO - Started process (PID=74317) to work on /opt/anaconda3/envs/PyTorch/lib/python3.11/site-packages/airflow/example_dags/example_python_operator.py
[2025-01-15T13:40:15.812+0800] {processor.py:914} INFO - Processing file /opt/anaconda3/envs/PyTorch/lib/python3.11/site-packages/airflow/example_dags/example_python_operator.py for tasks to queue
[2025-01-15T13:40:15.812+0800] {logging_mixin.py:190} INFO - [2025-01-15T13:40:15.812+0800] {dagbag.py:588} INFO - Filling up the DagBag from /opt/anaconda3/envs/PyTorch/lib/python3.11/site-packages/airflow/example_dags/example_python_operator.py
[2025-01-15T13:40:15.826+0800] {processor.py:925} INFO - DAG(s) 'example_python_operator' retrieved from /opt/anaconda3/envs/PyTorch/lib/python3.11/site-packages/airflow/example_dags/example_python_operator.py
[2025-01-15T13:40:15.953+0800] {logging_mixin.py:190} INFO - [2025-01-15T13:40:15.952+0800] {dag.py:3239} INFO - Sync 1 DAGs
[2025-01-15T13:40:15.956+0800] {logging_mixin.py:190} INFO - [2025-01-15T13:40:15.956+0800] {dag.py:4180} INFO - Setting next_dagrun for example_python_operator to None, run_after=None
[2025-01-15T13:40:15.963+0800] {processor.py:208} INFO - Processing /opt/anaconda3/envs/PyTorch/lib/python3.11/site-packages/airflow/example_dags/example_python_operator.py took 0.155 seconds
[2025-01-15T13:43:16.710+0800] {processor.py:186} INFO - Started process (PID=75938) to work on /opt/anaconda3/envs/PyTorch/lib/python3.11/site-packages/airflow/example_dags/example_python_operator.py
[2025-01-15T13:43:16.710+0800] {processor.py:914} INFO - Processing file /opt/anaconda3/envs/PyTorch/lib/python3.11/site-packages/airflow/example_dags/example_python_operator.py for tasks to queue
[2025-01-15T13:43:16.711+0800] {logging_mixin.py:190} INFO - [2025-01-15T13:43:16.711+0800] {dagbag.py:588} INFO - Filling up the DagBag from /opt/anaconda3/envs/PyTorch/lib/python3.11/site-packages/airflow/example_dags/example_python_operator.py
[2025-01-15T13:43:16.726+0800] {processor.py:925} INFO - DAG(s) 'example_python_operator' retrieved from /opt/anaconda3/envs/PyTorch/lib/python3.11/site-packages/airflow/example_dags/example_python_operator.py
[2025-01-15T13:43:16.864+0800] {logging_mixin.py:190} INFO - [2025-01-15T13:43:16.864+0800] {dag.py:3239} INFO - Sync 1 DAGs
[2025-01-15T13:43:16.868+0800] {logging_mixin.py:190} INFO - [2025-01-15T13:43:16.868+0800] {dag.py:4180} INFO - Setting next_dagrun for example_python_operator to None, run_after=None
[2025-01-15T13:43:16.875+0800] {processor.py:208} INFO - Processing /opt/anaconda3/envs/PyTorch/lib/python3.11/site-packages/airflow/example_dags/example_python_operator.py took 0.168 seconds
[2025-01-15T13:46:20.821+0800] {processor.py:186} INFO - Started process (PID=77710) to work on /opt/anaconda3/envs/PyTorch/lib/python3.11/site-packages/airflow/example_dags/example_python_operator.py
[2025-01-15T13:46:20.822+0800] {processor.py:914} INFO - Processing file /opt/anaconda3/envs/PyTorch/lib/python3.11/site-packages/airflow/example_dags/example_python_operator.py for tasks to queue
[2025-01-15T13:46:20.822+0800] {logging_mixin.py:190} INFO - [2025-01-15T13:46:20.822+0800] {dagbag.py:588} INFO - Filling up the DagBag from /opt/anaconda3/envs/PyTorch/lib/python3.11/site-packages/airflow/example_dags/example_python_operator.py
[2025-01-15T13:46:20.836+0800] {processor.py:925} INFO - DAG(s) 'example_python_operator' retrieved from /opt/anaconda3/envs/PyTorch/lib/python3.11/site-packages/airflow/example_dags/example_python_operator.py
[2025-01-15T13:46:20.970+0800] {logging_mixin.py:190} INFO - [2025-01-15T13:46:20.970+0800] {dag.py:3239} INFO - Sync 1 DAGs
[2025-01-15T13:46:20.974+0800] {logging_mixin.py:190} INFO - [2025-01-15T13:46:20.974+0800] {dag.py:4180} INFO - Setting next_dagrun for example_python_operator to None, run_after=None
[2025-01-15T13:46:20.981+0800] {processor.py:208} INFO - Processing /opt/anaconda3/envs/PyTorch/lib/python3.11/site-packages/airflow/example_dags/example_python_operator.py took 0.161 seconds
[2025-01-15T13:47:54.405+0800] {processor.py:186} INFO - Started process (PID=78619) to work on /opt/anaconda3/envs/PyTorch/lib/python3.11/site-packages/airflow/example_dags/example_python_operator.py
[2025-01-15T13:47:54.406+0800] {processor.py:914} INFO - Processing file /opt/anaconda3/envs/PyTorch/lib/python3.11/site-packages/airflow/example_dags/example_python_operator.py for tasks to queue
[2025-01-15T13:47:54.407+0800] {logging_mixin.py:190} INFO - [2025-01-15T13:47:54.406+0800] {dagbag.py:588} INFO - Filling up the DagBag from /opt/anaconda3/envs/PyTorch/lib/python3.11/site-packages/airflow/example_dags/example_python_operator.py
[2025-01-15T13:47:54.419+0800] {processor.py:925} INFO - DAG(s) 'example_python_operator' retrieved from /opt/anaconda3/envs/PyTorch/lib/python3.11/site-packages/airflow/example_dags/example_python_operator.py
[2025-01-15T13:47:54.542+0800] {logging_mixin.py:190} INFO - [2025-01-15T13:47:54.542+0800] {dag.py:3239} INFO - Sync 1 DAGs
[2025-01-15T13:47:54.545+0800] {logging_mixin.py:190} INFO - [2025-01-15T13:47:54.545+0800] {dag.py:4180} INFO - Setting next_dagrun for example_python_operator to None, run_after=None
[2025-01-15T13:47:54.553+0800] {processor.py:208} INFO - Processing /opt/anaconda3/envs/PyTorch/lib/python3.11/site-packages/airflow/example_dags/example_python_operator.py took 0.150 seconds
[2025-01-15T13:51:03.767+0800] {processor.py:186} INFO - Started process (PID=80453) to work on /opt/anaconda3/envs/PyTorch/lib/python3.11/site-packages/airflow/example_dags/example_python_operator.py
[2025-01-15T13:51:03.768+0800] {processor.py:914} INFO - Processing file /opt/anaconda3/envs/PyTorch/lib/python3.11/site-packages/airflow/example_dags/example_python_operator.py for tasks to queue
[2025-01-15T13:51:03.769+0800] {logging_mixin.py:190} INFO - [2025-01-15T13:51:03.769+0800] {dagbag.py:588} INFO - Filling up the DagBag from /opt/anaconda3/envs/PyTorch/lib/python3.11/site-packages/airflow/example_dags/example_python_operator.py
[2025-01-15T13:51:03.785+0800] {processor.py:925} INFO - DAG(s) 'example_python_operator' retrieved from /opt/anaconda3/envs/PyTorch/lib/python3.11/site-packages/airflow/example_dags/example_python_operator.py
[2025-01-15T13:51:03.911+0800] {logging_mixin.py:190} INFO - [2025-01-15T13:51:03.911+0800] {dag.py:3239} INFO - Sync 1 DAGs
[2025-01-15T13:51:03.914+0800] {logging_mixin.py:190} INFO - [2025-01-15T13:51:03.914+0800] {dag.py:4180} INFO - Setting next_dagrun for example_python_operator to None, run_after=None
[2025-01-15T13:51:03.921+0800] {processor.py:208} INFO - Processing /opt/anaconda3/envs/PyTorch/lib/python3.11/site-packages/airflow/example_dags/example_python_operator.py took 0.157 seconds
[2025-01-15T13:54:35.606+0800] {processor.py:186} INFO - Started process (PID=82380) to work on /opt/anaconda3/envs/PyTorch/lib/python3.11/site-packages/airflow/example_dags/example_python_operator.py
[2025-01-15T13:54:35.608+0800] {processor.py:914} INFO - Processing file /opt/anaconda3/envs/PyTorch/lib/python3.11/site-packages/airflow/example_dags/example_python_operator.py for tasks to queue
[2025-01-15T13:54:35.608+0800] {logging_mixin.py:190} INFO - [2025-01-15T13:54:35.608+0800] {dagbag.py:588} INFO - Filling up the DagBag from /opt/anaconda3/envs/PyTorch/lib/python3.11/site-packages/airflow/example_dags/example_python_operator.py
[2025-01-15T13:54:35.623+0800] {processor.py:925} INFO - DAG(s) 'example_python_operator' retrieved from /opt/anaconda3/envs/PyTorch/lib/python3.11/site-packages/airflow/example_dags/example_python_operator.py
[2025-01-15T13:54:35.752+0800] {logging_mixin.py:190} INFO - [2025-01-15T13:54:35.752+0800] {dag.py:3239} INFO - Sync 1 DAGs
[2025-01-15T13:54:35.756+0800] {logging_mixin.py:190} INFO - [2025-01-15T13:54:35.755+0800] {dag.py:4180} INFO - Setting next_dagrun for example_python_operator to None, run_after=None
[2025-01-15T13:54:35.763+0800] {processor.py:208} INFO - Processing /opt/anaconda3/envs/PyTorch/lib/python3.11/site-packages/airflow/example_dags/example_python_operator.py took 0.159 seconds
[2025-01-15T13:56:47.482+0800] {processor.py:186} INFO - Started process (PID=83639) to work on /opt/anaconda3/envs/PyTorch/lib/python3.11/site-packages/airflow/example_dags/example_python_operator.py
[2025-01-15T13:56:47.484+0800] {processor.py:914} INFO - Processing file /opt/anaconda3/envs/PyTorch/lib/python3.11/site-packages/airflow/example_dags/example_python_operator.py for tasks to queue
[2025-01-15T13:56:47.484+0800] {logging_mixin.py:190} INFO - [2025-01-15T13:56:47.484+0800] {dagbag.py:588} INFO - Filling up the DagBag from /opt/anaconda3/envs/PyTorch/lib/python3.11/site-packages/airflow/example_dags/example_python_operator.py
[2025-01-15T13:56:47.498+0800] {processor.py:925} INFO - DAG(s) 'example_python_operator' retrieved from /opt/anaconda3/envs/PyTorch/lib/python3.11/site-packages/airflow/example_dags/example_python_operator.py
[2025-01-15T13:56:47.630+0800] {logging_mixin.py:190} INFO - [2025-01-15T13:56:47.630+0800] {dag.py:3239} INFO - Sync 1 DAGs
[2025-01-15T13:56:47.633+0800] {logging_mixin.py:190} INFO - [2025-01-15T13:56:47.633+0800] {dag.py:4180} INFO - Setting next_dagrun for example_python_operator to None, run_after=None
[2025-01-15T13:56:47.641+0800] {processor.py:208} INFO - Processing /opt/anaconda3/envs/PyTorch/lib/python3.11/site-packages/airflow/example_dags/example_python_operator.py took 0.161 seconds
[2025-01-15T13:58:42.318+0800] {processor.py:186} INFO - Started process (PID=84802) to work on /opt/anaconda3/envs/PyTorch/lib/python3.11/site-packages/airflow/example_dags/example_python_operator.py
[2025-01-15T13:58:42.319+0800] {processor.py:914} INFO - Processing file /opt/anaconda3/envs/PyTorch/lib/python3.11/site-packages/airflow/example_dags/example_python_operator.py for tasks to queue
[2025-01-15T13:58:42.320+0800] {logging_mixin.py:190} INFO - [2025-01-15T13:58:42.320+0800] {dagbag.py:588} INFO - Filling up the DagBag from /opt/anaconda3/envs/PyTorch/lib/python3.11/site-packages/airflow/example_dags/example_python_operator.py
[2025-01-15T13:58:42.334+0800] {processor.py:925} INFO - DAG(s) 'example_python_operator' retrieved from /opt/anaconda3/envs/PyTorch/lib/python3.11/site-packages/airflow/example_dags/example_python_operator.py
[2025-01-15T13:58:42.464+0800] {logging_mixin.py:190} INFO - [2025-01-15T13:58:42.464+0800] {dag.py:3239} INFO - Sync 1 DAGs
[2025-01-15T13:58:42.468+0800] {logging_mixin.py:190} INFO - [2025-01-15T13:58:42.468+0800] {dag.py:4180} INFO - Setting next_dagrun for example_python_operator to None, run_after=None
[2025-01-15T13:58:42.475+0800] {processor.py:208} INFO - Processing /opt/anaconda3/envs/PyTorch/lib/python3.11/site-packages/airflow/example_dags/example_python_operator.py took 0.158 seconds
[2025-01-15T14:00:48.005+0800] {processor.py:186} INFO - Started process (PID=86005) to work on /opt/anaconda3/envs/PyTorch/lib/python3.11/site-packages/airflow/example_dags/example_python_operator.py
[2025-01-15T14:00:48.006+0800] {processor.py:914} INFO - Processing file /opt/anaconda3/envs/PyTorch/lib/python3.11/site-packages/airflow/example_dags/example_python_operator.py for tasks to queue
[2025-01-15T14:00:48.007+0800] {logging_mixin.py:190} INFO - [2025-01-15T14:00:48.006+0800] {dagbag.py:588} INFO - Filling up the DagBag from /opt/anaconda3/envs/PyTorch/lib/python3.11/site-packages/airflow/example_dags/example_python_operator.py
[2025-01-15T14:00:48.021+0800] {processor.py:925} INFO - DAG(s) 'example_python_operator' retrieved from /opt/anaconda3/envs/PyTorch/lib/python3.11/site-packages/airflow/example_dags/example_python_operator.py
[2025-01-15T14:00:48.146+0800] {logging_mixin.py:190} INFO - [2025-01-15T14:00:48.146+0800] {dag.py:3239} INFO - Sync 1 DAGs
[2025-01-15T14:00:48.149+0800] {logging_mixin.py:190} INFO - [2025-01-15T14:00:48.149+0800] {dag.py:4180} INFO - Setting next_dagrun for example_python_operator to None, run_after=None
[2025-01-15T14:00:48.156+0800] {processor.py:208} INFO - Processing /opt/anaconda3/envs/PyTorch/lib/python3.11/site-packages/airflow/example_dags/example_python_operator.py took 0.153 seconds
[2025-01-15T14:02:41.919+0800] {processor.py:186} INFO - Started process (PID=87059) to work on /opt/anaconda3/envs/PyTorch/lib/python3.11/site-packages/airflow/example_dags/example_python_operator.py
[2025-01-15T14:02:41.920+0800] {processor.py:914} INFO - Processing file /opt/anaconda3/envs/PyTorch/lib/python3.11/site-packages/airflow/example_dags/example_python_operator.py for tasks to queue
[2025-01-15T14:02:41.920+0800] {logging_mixin.py:190} INFO - [2025-01-15T14:02:41.920+0800] {dagbag.py:588} INFO - Filling up the DagBag from /opt/anaconda3/envs/PyTorch/lib/python3.11/site-packages/airflow/example_dags/example_python_operator.py
[2025-01-15T14:02:41.934+0800] {processor.py:925} INFO - DAG(s) 'example_python_operator' retrieved from /opt/anaconda3/envs/PyTorch/lib/python3.11/site-packages/airflow/example_dags/example_python_operator.py
[2025-01-15T14:02:42.062+0800] {logging_mixin.py:190} INFO - [2025-01-15T14:02:42.061+0800] {dag.py:3239} INFO - Sync 1 DAGs
[2025-01-15T14:02:42.065+0800] {logging_mixin.py:190} INFO - [2025-01-15T14:02:42.065+0800] {dag.py:4180} INFO - Setting next_dagrun for example_python_operator to None, run_after=None
[2025-01-15T14:02:42.072+0800] {processor.py:208} INFO - Processing /opt/anaconda3/envs/PyTorch/lib/python3.11/site-packages/airflow/example_dags/example_python_operator.py took 0.155 seconds
[2025-01-15T14:06:31.167+0800] {processor.py:186} INFO - Started process (PID=89252) to work on /opt/anaconda3/envs/PyTorch/lib/python3.11/site-packages/airflow/example_dags/example_python_operator.py
[2025-01-15T14:06:31.168+0800] {processor.py:914} INFO - Processing file /opt/anaconda3/envs/PyTorch/lib/python3.11/site-packages/airflow/example_dags/example_python_operator.py for tasks to queue
[2025-01-15T14:06:31.169+0800] {logging_mixin.py:190} INFO - [2025-01-15T14:06:31.169+0800] {dagbag.py:588} INFO - Filling up the DagBag from /opt/anaconda3/envs/PyTorch/lib/python3.11/site-packages/airflow/example_dags/example_python_operator.py
[2025-01-15T14:06:31.182+0800] {processor.py:925} INFO - DAG(s) 'example_python_operator' retrieved from /opt/anaconda3/envs/PyTorch/lib/python3.11/site-packages/airflow/example_dags/example_python_operator.py
[2025-01-15T14:06:31.316+0800] {logging_mixin.py:190} INFO - [2025-01-15T14:06:31.316+0800] {dag.py:3239} INFO - Sync 1 DAGs
[2025-01-15T14:06:31.319+0800] {logging_mixin.py:190} INFO - [2025-01-15T14:06:31.319+0800] {dag.py:4180} INFO - Setting next_dagrun for example_python_operator to None, run_after=None
[2025-01-15T14:06:31.327+0800] {processor.py:208} INFO - Processing /opt/anaconda3/envs/PyTorch/lib/python3.11/site-packages/airflow/example_dags/example_python_operator.py took 0.162 seconds
[2025-01-15T14:08:31.489+0800] {processor.py:186} INFO - Started process (PID=90398) to work on /opt/anaconda3/envs/PyTorch/lib/python3.11/site-packages/airflow/example_dags/example_python_operator.py
[2025-01-15T14:08:31.490+0800] {processor.py:914} INFO - Processing file /opt/anaconda3/envs/PyTorch/lib/python3.11/site-packages/airflow/example_dags/example_python_operator.py for tasks to queue
[2025-01-15T14:08:31.490+0800] {logging_mixin.py:190} INFO - [2025-01-15T14:08:31.490+0800] {dagbag.py:588} INFO - Filling up the DagBag from /opt/anaconda3/envs/PyTorch/lib/python3.11/site-packages/airflow/example_dags/example_python_operator.py
[2025-01-15T14:08:31.504+0800] {processor.py:925} INFO - DAG(s) 'example_python_operator' retrieved from /opt/anaconda3/envs/PyTorch/lib/python3.11/site-packages/airflow/example_dags/example_python_operator.py
[2025-01-15T14:08:31.639+0800] {logging_mixin.py:190} INFO - [2025-01-15T14:08:31.639+0800] {dag.py:3239} INFO - Sync 1 DAGs
[2025-01-15T14:08:31.643+0800] {logging_mixin.py:190} INFO - [2025-01-15T14:08:31.643+0800] {dag.py:4180} INFO - Setting next_dagrun for example_python_operator to None, run_after=None
[2025-01-15T14:08:31.651+0800] {processor.py:208} INFO - Processing /opt/anaconda3/envs/PyTorch/lib/python3.11/site-packages/airflow/example_dags/example_python_operator.py took 0.164 seconds
[2025-01-15T14:10:40.973+0800] {processor.py:186} INFO - Started process (PID=91620) to work on /opt/anaconda3/envs/PyTorch/lib/python3.11/site-packages/airflow/example_dags/example_python_operator.py
[2025-01-15T14:10:40.975+0800] {processor.py:914} INFO - Processing file /opt/anaconda3/envs/PyTorch/lib/python3.11/site-packages/airflow/example_dags/example_python_operator.py for tasks to queue
[2025-01-15T14:10:40.976+0800] {logging_mixin.py:190} INFO - [2025-01-15T14:10:40.976+0800] {dagbag.py:588} INFO - Filling up the DagBag from /opt/anaconda3/envs/PyTorch/lib/python3.11/site-packages/airflow/example_dags/example_python_operator.py
[2025-01-15T14:10:40.992+0800] {processor.py:925} INFO - DAG(s) 'example_python_operator' retrieved from /opt/anaconda3/envs/PyTorch/lib/python3.11/site-packages/airflow/example_dags/example_python_operator.py
[2025-01-15T14:10:41.135+0800] {logging_mixin.py:190} INFO - [2025-01-15T14:10:41.135+0800] {dag.py:3239} INFO - Sync 1 DAGs
[2025-01-15T14:10:41.138+0800] {logging_mixin.py:190} INFO - [2025-01-15T14:10:41.138+0800] {dag.py:4180} INFO - Setting next_dagrun for example_python_operator to None, run_after=None
[2025-01-15T14:10:41.147+0800] {processor.py:208} INFO - Processing /opt/anaconda3/envs/PyTorch/lib/python3.11/site-packages/airflow/example_dags/example_python_operator.py took 0.176 seconds
[2025-01-15T14:14:15.277+0800] {processor.py:186} INFO - Started process (PID=93594) to work on /opt/anaconda3/envs/PyTorch/lib/python3.11/site-packages/airflow/example_dags/example_python_operator.py
[2025-01-15T14:14:15.278+0800] {processor.py:914} INFO - Processing file /opt/anaconda3/envs/PyTorch/lib/python3.11/site-packages/airflow/example_dags/example_python_operator.py for tasks to queue
[2025-01-15T14:14:15.279+0800] {logging_mixin.py:190} INFO - [2025-01-15T14:14:15.279+0800] {dagbag.py:588} INFO - Filling up the DagBag from /opt/anaconda3/envs/PyTorch/lib/python3.11/site-packages/airflow/example_dags/example_python_operator.py
[2025-01-15T14:14:15.293+0800] {processor.py:925} INFO - DAG(s) 'example_python_operator' retrieved from /opt/anaconda3/envs/PyTorch/lib/python3.11/site-packages/airflow/example_dags/example_python_operator.py
[2025-01-15T14:14:15.430+0800] {logging_mixin.py:190} INFO - [2025-01-15T14:14:15.430+0800] {dag.py:3239} INFO - Sync 1 DAGs
[2025-01-15T14:14:15.434+0800] {logging_mixin.py:190} INFO - [2025-01-15T14:14:15.434+0800] {dag.py:4180} INFO - Setting next_dagrun for example_python_operator to None, run_after=None
[2025-01-15T14:14:15.442+0800] {processor.py:208} INFO - Processing /opt/anaconda3/envs/PyTorch/lib/python3.11/site-packages/airflow/example_dags/example_python_operator.py took 0.167 seconds
[2025-01-15T14:18:09.167+0800] {processor.py:186} INFO - Started process (PID=95792) to work on /opt/anaconda3/envs/PyTorch/lib/python3.11/site-packages/airflow/example_dags/example_python_operator.py
[2025-01-15T14:18:09.168+0800] {processor.py:914} INFO - Processing file /opt/anaconda3/envs/PyTorch/lib/python3.11/site-packages/airflow/example_dags/example_python_operator.py for tasks to queue
[2025-01-15T14:18:09.169+0800] {logging_mixin.py:190} INFO - [2025-01-15T14:18:09.169+0800] {dagbag.py:588} INFO - Filling up the DagBag from /opt/anaconda3/envs/PyTorch/lib/python3.11/site-packages/airflow/example_dags/example_python_operator.py
[2025-01-15T14:18:09.183+0800] {processor.py:925} INFO - DAG(s) 'example_python_operator' retrieved from /opt/anaconda3/envs/PyTorch/lib/python3.11/site-packages/airflow/example_dags/example_python_operator.py
[2025-01-15T14:18:09.315+0800] {logging_mixin.py:190} INFO - [2025-01-15T14:18:09.315+0800] {dag.py:3239} INFO - Sync 1 DAGs
[2025-01-15T14:18:09.319+0800] {logging_mixin.py:190} INFO - [2025-01-15T14:18:09.319+0800] {dag.py:4180} INFO - Setting next_dagrun for example_python_operator to None, run_after=None
[2025-01-15T14:18:09.327+0800] {processor.py:208} INFO - Processing /opt/anaconda3/envs/PyTorch/lib/python3.11/site-packages/airflow/example_dags/example_python_operator.py took 0.161 seconds
[2025-01-15T14:19:57.022+0800] {processor.py:186} INFO - Started process (PID=96765) to work on /opt/anaconda3/envs/PyTorch/lib/python3.11/site-packages/airflow/example_dags/example_python_operator.py
[2025-01-15T14:19:57.024+0800] {processor.py:914} INFO - Processing file /opt/anaconda3/envs/PyTorch/lib/python3.11/site-packages/airflow/example_dags/example_python_operator.py for tasks to queue
[2025-01-15T14:19:57.024+0800] {logging_mixin.py:190} INFO - [2025-01-15T14:19:57.024+0800] {dagbag.py:588} INFO - Filling up the DagBag from /opt/anaconda3/envs/PyTorch/lib/python3.11/site-packages/airflow/example_dags/example_python_operator.py
[2025-01-15T14:19:57.039+0800] {processor.py:925} INFO - DAG(s) 'example_python_operator' retrieved from /opt/anaconda3/envs/PyTorch/lib/python3.11/site-packages/airflow/example_dags/example_python_operator.py
[2025-01-15T14:19:57.190+0800] {logging_mixin.py:190} INFO - [2025-01-15T14:19:57.190+0800] {dag.py:3239} INFO - Sync 1 DAGs
[2025-01-15T14:19:57.194+0800] {logging_mixin.py:190} INFO - [2025-01-15T14:19:57.194+0800] {dag.py:4180} INFO - Setting next_dagrun for example_python_operator to None, run_after=None
[2025-01-15T14:19:57.202+0800] {processor.py:208} INFO - Processing /opt/anaconda3/envs/PyTorch/lib/python3.11/site-packages/airflow/example_dags/example_python_operator.py took 0.182 seconds
[2025-01-15T14:21:58.389+0800] {processor.py:186} INFO - Started process (PID=97896) to work on /opt/anaconda3/envs/PyTorch/lib/python3.11/site-packages/airflow/example_dags/example_python_operator.py
[2025-01-15T14:21:58.390+0800] {processor.py:914} INFO - Processing file /opt/anaconda3/envs/PyTorch/lib/python3.11/site-packages/airflow/example_dags/example_python_operator.py for tasks to queue
[2025-01-15T14:21:58.391+0800] {logging_mixin.py:190} INFO - [2025-01-15T14:21:58.390+0800] {dagbag.py:588} INFO - Filling up the DagBag from /opt/anaconda3/envs/PyTorch/lib/python3.11/site-packages/airflow/example_dags/example_python_operator.py
[2025-01-15T14:21:58.404+0800] {processor.py:925} INFO - DAG(s) 'example_python_operator' retrieved from /opt/anaconda3/envs/PyTorch/lib/python3.11/site-packages/airflow/example_dags/example_python_operator.py
[2025-01-15T14:21:58.525+0800] {logging_mixin.py:190} INFO - [2025-01-15T14:21:58.525+0800] {dag.py:3239} INFO - Sync 1 DAGs
[2025-01-15T14:21:58.529+0800] {logging_mixin.py:190} INFO - [2025-01-15T14:21:58.529+0800] {dag.py:4180} INFO - Setting next_dagrun for example_python_operator to None, run_after=None
[2025-01-15T14:21:58.535+0800] {processor.py:208} INFO - Processing /opt/anaconda3/envs/PyTorch/lib/python3.11/site-packages/airflow/example_dags/example_python_operator.py took 0.149 seconds
[2025-01-15T14:23:48.807+0800] {processor.py:186} INFO - Started process (PID=98889) to work on /opt/anaconda3/envs/PyTorch/lib/python3.11/site-packages/airflow/example_dags/example_python_operator.py
[2025-01-15T14:23:48.809+0800] {processor.py:914} INFO - Processing file /opt/anaconda3/envs/PyTorch/lib/python3.11/site-packages/airflow/example_dags/example_python_operator.py for tasks to queue
[2025-01-15T14:23:48.810+0800] {logging_mixin.py:190} INFO - [2025-01-15T14:23:48.809+0800] {dagbag.py:588} INFO - Filling up the DagBag from /opt/anaconda3/envs/PyTorch/lib/python3.11/site-packages/airflow/example_dags/example_python_operator.py
[2025-01-15T14:23:48.826+0800] {processor.py:925} INFO - DAG(s) 'example_python_operator' retrieved from /opt/anaconda3/envs/PyTorch/lib/python3.11/site-packages/airflow/example_dags/example_python_operator.py
[2025-01-15T14:23:48.967+0800] {logging_mixin.py:190} INFO - [2025-01-15T14:23:48.967+0800] {dag.py:3239} INFO - Sync 1 DAGs
[2025-01-15T14:23:48.971+0800] {logging_mixin.py:190} INFO - [2025-01-15T14:23:48.971+0800] {dag.py:4180} INFO - Setting next_dagrun for example_python_operator to None, run_after=None
[2025-01-15T14:23:48.979+0800] {processor.py:208} INFO - Processing /opt/anaconda3/envs/PyTorch/lib/python3.11/site-packages/airflow/example_dags/example_python_operator.py took 0.172 seconds
[2025-01-15T14:27:34.921+0800] {processor.py:186} INFO - Started process (PID=1332) to work on /opt/anaconda3/envs/PyTorch/lib/python3.11/site-packages/airflow/example_dags/example_python_operator.py
[2025-01-15T14:27:34.922+0800] {processor.py:914} INFO - Processing file /opt/anaconda3/envs/PyTorch/lib/python3.11/site-packages/airflow/example_dags/example_python_operator.py for tasks to queue
[2025-01-15T14:27:34.923+0800] {logging_mixin.py:190} INFO - [2025-01-15T14:27:34.923+0800] {dagbag.py:588} INFO - Filling up the DagBag from /opt/anaconda3/envs/PyTorch/lib/python3.11/site-packages/airflow/example_dags/example_python_operator.py
[2025-01-15T14:27:34.936+0800] {processor.py:925} INFO - DAG(s) 'example_python_operator' retrieved from /opt/anaconda3/envs/PyTorch/lib/python3.11/site-packages/airflow/example_dags/example_python_operator.py
[2025-01-15T14:27:35.063+0800] {logging_mixin.py:190} INFO - [2025-01-15T14:27:35.063+0800] {dag.py:3239} INFO - Sync 1 DAGs
[2025-01-15T14:27:35.066+0800] {logging_mixin.py:190} INFO - [2025-01-15T14:27:35.066+0800] {dag.py:4180} INFO - Setting next_dagrun for example_python_operator to None, run_after=None
[2025-01-15T14:27:35.073+0800] {processor.py:208} INFO - Processing /opt/anaconda3/envs/PyTorch/lib/python3.11/site-packages/airflow/example_dags/example_python_operator.py took 0.155 seconds
