[2025-01-15T11:59:28.869+0800] {processor.py:186} INFO - Started process (PID=19946) to work on /opt/anaconda3/envs/PyTorch/lib/python3.11/site-packages/airflow/example_dags/example_bash_operator.py
[2025-01-15T11:59:28.869+0800] {processor.py:914} INFO - Processing file /opt/anaconda3/envs/PyTorch/lib/python3.11/site-packages/airflow/example_dags/example_bash_operator.py for tasks to queue
[2025-01-15T11:59:28.870+0800] {logging_mixin.py:190} INFO - [2025-01-15T11:59:28.870+0800] {dagbag.py:588} INFO - Filling up the DagBag from /opt/anaconda3/envs/PyTorch/lib/python3.11/site-packages/airflow/example_dags/example_bash_operator.py
[2025-01-15T11:59:28.877+0800] {processor.py:925} INFO - DAG(s) 'example_bash_operator' retrieved from /opt/anaconda3/envs/PyTorch/lib/python3.11/site-packages/airflow/example_dags/example_bash_operator.py
[2025-01-15T11:59:28.991+0800] {logging_mixin.py:190} INFO - [2025-01-15T11:59:28.991+0800] {override.py:1912} INFO - Created Permission View: can edit on DAG:example_bash_operator
[2025-01-15T11:59:28.994+0800] {logging_mixin.py:190} INFO - [2025-01-15T11:59:28.994+0800] {override.py:1912} INFO - Created Permission View: can read on DAG:example_bash_operator
[2025-01-15T11:59:28.996+0800] {logging_mixin.py:190} INFO - [2025-01-15T11:59:28.996+0800] {override.py:1912} INFO - Created Permission View: can delete on DAG:example_bash_operator
[2025-01-15T11:59:28.998+0800] {logging_mixin.py:190} INFO - [2025-01-15T11:59:28.998+0800] {override.py:1912} INFO - Created Permission View: menu access on DAG Run:example_bash_operator
[2025-01-15T11:59:29.000+0800] {logging_mixin.py:190} INFO - [2025-01-15T11:59:29.000+0800] {override.py:1912} INFO - Created Permission View: can read on DAG Run:example_bash_operator
[2025-01-15T11:59:29.003+0800] {logging_mixin.py:190} INFO - [2025-01-15T11:59:29.003+0800] {override.py:1912} INFO - Created Permission View: can create on DAG Run:example_bash_operator
[2025-01-15T11:59:29.004+0800] {logging_mixin.py:190} INFO - [2025-01-15T11:59:29.004+0800] {override.py:1912} INFO - Created Permission View: can delete on DAG Run:example_bash_operator
[2025-01-15T11:59:29.005+0800] {logging_mixin.py:190} INFO - [2025-01-15T11:59:29.005+0800] {dag.py:3239} INFO - Sync 1 DAGs
[2025-01-15T11:59:29.009+0800] {logging_mixin.py:190} INFO - [2025-01-15T11:59:29.008+0800] {dag.py:3262} INFO - Creating ORM DAG for example_bash_operator
[2025-01-15T11:59:29.012+0800] {logging_mixin.py:190} INFO - [2025-01-15T11:59:29.012+0800] {dag.py:4180} INFO - Setting next_dagrun for example_bash_operator to 2025-01-14 00:00:00+00:00, run_after=2025-01-15 00:00:00+00:00
[2025-01-15T11:59:29.017+0800] {processor.py:208} INFO - Processing /opt/anaconda3/envs/PyTorch/lib/python3.11/site-packages/airflow/example_dags/example_bash_operator.py took 0.150 seconds
[2025-01-15T12:02:22.999+0800] {processor.py:186} INFO - Started process (PID=21489) to work on /opt/anaconda3/envs/PyTorch/lib/python3.11/site-packages/airflow/example_dags/example_bash_operator.py
[2025-01-15T12:02:23.000+0800] {processor.py:914} INFO - Processing file /opt/anaconda3/envs/PyTorch/lib/python3.11/site-packages/airflow/example_dags/example_bash_operator.py for tasks to queue
[2025-01-15T12:02:23.001+0800] {logging_mixin.py:190} INFO - [2025-01-15T12:02:23.001+0800] {dagbag.py:588} INFO - Filling up the DagBag from /opt/anaconda3/envs/PyTorch/lib/python3.11/site-packages/airflow/example_dags/example_bash_operator.py
[2025-01-15T12:02:23.006+0800] {processor.py:925} INFO - DAG(s) 'example_bash_operator' retrieved from /opt/anaconda3/envs/PyTorch/lib/python3.11/site-packages/airflow/example_dags/example_bash_operator.py
[2025-01-15T12:02:23.046+0800] {logging_mixin.py:190} INFO - [2025-01-15T12:02:23.045+0800] {dag.py:3239} INFO - Sync 1 DAGs
[2025-01-15T12:02:23.089+0800] {logging_mixin.py:190} INFO - [2025-01-15T12:02:23.089+0800] {dag.py:4180} INFO - Setting next_dagrun for example_bash_operator to 2025-01-14 00:00:00+00:00, run_after=2025-01-15 00:00:00+00:00
[2025-01-15T12:02:23.096+0800] {processor.py:208} INFO - Processing /opt/anaconda3/envs/PyTorch/lib/python3.11/site-packages/airflow/example_dags/example_bash_operator.py took 0.099 seconds
[2025-01-15T12:05:15.761+0800] {processor.py:186} INFO - Started process (PID=23005) to work on /opt/anaconda3/envs/PyTorch/lib/python3.11/site-packages/airflow/example_dags/example_bash_operator.py
[2025-01-15T12:05:15.763+0800] {processor.py:914} INFO - Processing file /opt/anaconda3/envs/PyTorch/lib/python3.11/site-packages/airflow/example_dags/example_bash_operator.py for tasks to queue
[2025-01-15T12:05:15.763+0800] {logging_mixin.py:190} INFO - [2025-01-15T12:05:15.763+0800] {dagbag.py:588} INFO - Filling up the DagBag from /opt/anaconda3/envs/PyTorch/lib/python3.11/site-packages/airflow/example_dags/example_bash_operator.py
[2025-01-15T12:05:15.769+0800] {processor.py:925} INFO - DAG(s) 'example_bash_operator' retrieved from /opt/anaconda3/envs/PyTorch/lib/python3.11/site-packages/airflow/example_dags/example_bash_operator.py
[2025-01-15T12:05:15.807+0800] {logging_mixin.py:190} INFO - [2025-01-15T12:05:15.807+0800] {dag.py:3239} INFO - Sync 1 DAGs
[2025-01-15T12:05:15.851+0800] {logging_mixin.py:190} INFO - [2025-01-15T12:05:15.851+0800] {dag.py:4180} INFO - Setting next_dagrun for example_bash_operator to 2025-01-14 00:00:00+00:00, run_after=2025-01-15 00:00:00+00:00
[2025-01-15T12:05:15.858+0800] {processor.py:208} INFO - Processing /opt/anaconda3/envs/PyTorch/lib/python3.11/site-packages/airflow/example_dags/example_bash_operator.py took 0.098 seconds
[2025-01-15T12:08:10.428+0800] {processor.py:186} INFO - Started process (PID=24608) to work on /opt/anaconda3/envs/PyTorch/lib/python3.11/site-packages/airflow/example_dags/example_bash_operator.py
[2025-01-15T12:08:10.430+0800] {processor.py:914} INFO - Processing file /opt/anaconda3/envs/PyTorch/lib/python3.11/site-packages/airflow/example_dags/example_bash_operator.py for tasks to queue
[2025-01-15T12:08:10.430+0800] {logging_mixin.py:190} INFO - [2025-01-15T12:08:10.430+0800] {dagbag.py:588} INFO - Filling up the DagBag from /opt/anaconda3/envs/PyTorch/lib/python3.11/site-packages/airflow/example_dags/example_bash_operator.py
[2025-01-15T12:08:10.436+0800] {processor.py:925} INFO - DAG(s) 'example_bash_operator' retrieved from /opt/anaconda3/envs/PyTorch/lib/python3.11/site-packages/airflow/example_dags/example_bash_operator.py
[2025-01-15T12:08:10.476+0800] {logging_mixin.py:190} INFO - [2025-01-15T12:08:10.476+0800] {dag.py:3239} INFO - Sync 1 DAGs
[2025-01-15T12:08:10.523+0800] {logging_mixin.py:190} INFO - [2025-01-15T12:08:10.523+0800] {dag.py:4180} INFO - Setting next_dagrun for example_bash_operator to 2025-01-14 00:00:00+00:00, run_after=2025-01-15 00:00:00+00:00
[2025-01-15T12:08:10.530+0800] {processor.py:208} INFO - Processing /opt/anaconda3/envs/PyTorch/lib/python3.11/site-packages/airflow/example_dags/example_bash_operator.py took 0.103 seconds
[2025-01-15T12:11:07.183+0800] {processor.py:186} INFO - Started process (PID=26189) to work on /opt/anaconda3/envs/PyTorch/lib/python3.11/site-packages/airflow/example_dags/example_bash_operator.py
[2025-01-15T12:11:07.183+0800] {processor.py:914} INFO - Processing file /opt/anaconda3/envs/PyTorch/lib/python3.11/site-packages/airflow/example_dags/example_bash_operator.py for tasks to queue
[2025-01-15T12:11:07.184+0800] {logging_mixin.py:190} INFO - [2025-01-15T12:11:07.184+0800] {dagbag.py:588} INFO - Filling up the DagBag from /opt/anaconda3/envs/PyTorch/lib/python3.11/site-packages/airflow/example_dags/example_bash_operator.py
[2025-01-15T12:11:07.189+0800] {processor.py:925} INFO - DAG(s) 'example_bash_operator' retrieved from /opt/anaconda3/envs/PyTorch/lib/python3.11/site-packages/airflow/example_dags/example_bash_operator.py
[2025-01-15T12:11:07.228+0800] {logging_mixin.py:190} INFO - [2025-01-15T12:11:07.227+0800] {dag.py:3239} INFO - Sync 1 DAGs
[2025-01-15T12:11:07.271+0800] {logging_mixin.py:190} INFO - [2025-01-15T12:11:07.271+0800] {dag.py:4180} INFO - Setting next_dagrun for example_bash_operator to 2025-01-14 00:00:00+00:00, run_after=2025-01-15 00:00:00+00:00
[2025-01-15T12:11:07.278+0800] {processor.py:208} INFO - Processing /opt/anaconda3/envs/PyTorch/lib/python3.11/site-packages/airflow/example_dags/example_bash_operator.py took 0.097 seconds
[2025-01-15T12:14:03.143+0800] {processor.py:186} INFO - Started process (PID=27762) to work on /opt/anaconda3/envs/PyTorch/lib/python3.11/site-packages/airflow/example_dags/example_bash_operator.py
[2025-01-15T12:14:03.144+0800] {processor.py:914} INFO - Processing file /opt/anaconda3/envs/PyTorch/lib/python3.11/site-packages/airflow/example_dags/example_bash_operator.py for tasks to queue
[2025-01-15T12:14:03.145+0800] {logging_mixin.py:190} INFO - [2025-01-15T12:14:03.145+0800] {dagbag.py:588} INFO - Filling up the DagBag from /opt/anaconda3/envs/PyTorch/lib/python3.11/site-packages/airflow/example_dags/example_bash_operator.py
[2025-01-15T12:14:03.150+0800] {processor.py:925} INFO - DAG(s) 'example_bash_operator' retrieved from /opt/anaconda3/envs/PyTorch/lib/python3.11/site-packages/airflow/example_dags/example_bash_operator.py
[2025-01-15T12:14:03.189+0800] {logging_mixin.py:190} INFO - [2025-01-15T12:14:03.189+0800] {dag.py:3239} INFO - Sync 1 DAGs
[2025-01-15T12:14:03.234+0800] {logging_mixin.py:190} INFO - [2025-01-15T12:14:03.234+0800] {dag.py:4180} INFO - Setting next_dagrun for example_bash_operator to 2025-01-14 00:00:00+00:00, run_after=2025-01-15 00:00:00+00:00
[2025-01-15T12:14:03.240+0800] {processor.py:208} INFO - Processing /opt/anaconda3/envs/PyTorch/lib/python3.11/site-packages/airflow/example_dags/example_bash_operator.py took 0.099 seconds
[2025-01-15T12:17:00.853+0800] {processor.py:186} INFO - Started process (PID=29344) to work on /opt/anaconda3/envs/PyTorch/lib/python3.11/site-packages/airflow/example_dags/example_bash_operator.py
[2025-01-15T12:17:00.855+0800] {processor.py:914} INFO - Processing file /opt/anaconda3/envs/PyTorch/lib/python3.11/site-packages/airflow/example_dags/example_bash_operator.py for tasks to queue
[2025-01-15T12:17:00.855+0800] {logging_mixin.py:190} INFO - [2025-01-15T12:17:00.855+0800] {dagbag.py:588} INFO - Filling up the DagBag from /opt/anaconda3/envs/PyTorch/lib/python3.11/site-packages/airflow/example_dags/example_bash_operator.py
[2025-01-15T12:17:00.861+0800] {processor.py:925} INFO - DAG(s) 'example_bash_operator' retrieved from /opt/anaconda3/envs/PyTorch/lib/python3.11/site-packages/airflow/example_dags/example_bash_operator.py
[2025-01-15T12:17:00.899+0800] {logging_mixin.py:190} INFO - [2025-01-15T12:17:00.898+0800] {dag.py:3239} INFO - Sync 1 DAGs
[2025-01-15T12:17:00.942+0800] {logging_mixin.py:190} INFO - [2025-01-15T12:17:00.942+0800] {dag.py:4180} INFO - Setting next_dagrun for example_bash_operator to 2025-01-14 00:00:00+00:00, run_after=2025-01-15 00:00:00+00:00
[2025-01-15T12:17:00.948+0800] {processor.py:208} INFO - Processing /opt/anaconda3/envs/PyTorch/lib/python3.11/site-packages/airflow/example_dags/example_bash_operator.py took 0.097 seconds
[2025-01-15T12:19:57.535+0800] {processor.py:186} INFO - Started process (PID=30904) to work on /opt/anaconda3/envs/PyTorch/lib/python3.11/site-packages/airflow/example_dags/example_bash_operator.py
[2025-01-15T12:19:57.535+0800] {processor.py:914} INFO - Processing file /opt/anaconda3/envs/PyTorch/lib/python3.11/site-packages/airflow/example_dags/example_bash_operator.py for tasks to queue
[2025-01-15T12:19:57.536+0800] {logging_mixin.py:190} INFO - [2025-01-15T12:19:57.536+0800] {dagbag.py:588} INFO - Filling up the DagBag from /opt/anaconda3/envs/PyTorch/lib/python3.11/site-packages/airflow/example_dags/example_bash_operator.py
[2025-01-15T12:19:57.543+0800] {processor.py:925} INFO - DAG(s) 'example_bash_operator' retrieved from /opt/anaconda3/envs/PyTorch/lib/python3.11/site-packages/airflow/example_dags/example_bash_operator.py
[2025-01-15T12:19:57.583+0800] {logging_mixin.py:190} INFO - [2025-01-15T12:19:57.583+0800] {dag.py:3239} INFO - Sync 1 DAGs
[2025-01-15T12:19:57.630+0800] {logging_mixin.py:190} INFO - [2025-01-15T12:19:57.629+0800] {dag.py:4180} INFO - Setting next_dagrun for example_bash_operator to 2025-01-14 00:00:00+00:00, run_after=2025-01-15 00:00:00+00:00
[2025-01-15T12:19:57.637+0800] {processor.py:208} INFO - Processing /opt/anaconda3/envs/PyTorch/lib/python3.11/site-packages/airflow/example_dags/example_bash_operator.py took 0.103 seconds
[2025-01-15T12:23:02.464+0800] {processor.py:186} INFO - Started process (PID=32530) to work on /opt/anaconda3/envs/PyTorch/lib/python3.11/site-packages/airflow/example_dags/example_bash_operator.py
[2025-01-15T12:23:02.466+0800] {processor.py:914} INFO - Processing file /opt/anaconda3/envs/PyTorch/lib/python3.11/site-packages/airflow/example_dags/example_bash_operator.py for tasks to queue
[2025-01-15T12:23:02.466+0800] {logging_mixin.py:190} INFO - [2025-01-15T12:23:02.466+0800] {dagbag.py:588} INFO - Filling up the DagBag from /opt/anaconda3/envs/PyTorch/lib/python3.11/site-packages/airflow/example_dags/example_bash_operator.py
[2025-01-15T12:23:02.471+0800] {processor.py:925} INFO - DAG(s) 'example_bash_operator' retrieved from /opt/anaconda3/envs/PyTorch/lib/python3.11/site-packages/airflow/example_dags/example_bash_operator.py
[2025-01-15T12:23:02.511+0800] {logging_mixin.py:190} INFO - [2025-01-15T12:23:02.511+0800] {dag.py:3239} INFO - Sync 1 DAGs
[2025-01-15T12:23:02.556+0800] {logging_mixin.py:190} INFO - [2025-01-15T12:23:02.556+0800] {dag.py:4180} INFO - Setting next_dagrun for example_bash_operator to 2025-01-14 00:00:00+00:00, run_after=2025-01-15 00:00:00+00:00
[2025-01-15T12:23:02.564+0800] {processor.py:208} INFO - Processing /opt/anaconda3/envs/PyTorch/lib/python3.11/site-packages/airflow/example_dags/example_bash_operator.py took 0.101 seconds
[2025-01-15T12:26:01.120+0800] {processor.py:186} INFO - Started process (PID=34107) to work on /opt/anaconda3/envs/PyTorch/lib/python3.11/site-packages/airflow/example_dags/example_bash_operator.py
[2025-01-15T12:26:01.121+0800] {processor.py:914} INFO - Processing file /opt/anaconda3/envs/PyTorch/lib/python3.11/site-packages/airflow/example_dags/example_bash_operator.py for tasks to queue
[2025-01-15T12:26:01.122+0800] {logging_mixin.py:190} INFO - [2025-01-15T12:26:01.122+0800] {dagbag.py:588} INFO - Filling up the DagBag from /opt/anaconda3/envs/PyTorch/lib/python3.11/site-packages/airflow/example_dags/example_bash_operator.py
[2025-01-15T12:26:01.128+0800] {processor.py:925} INFO - DAG(s) 'example_bash_operator' retrieved from /opt/anaconda3/envs/PyTorch/lib/python3.11/site-packages/airflow/example_dags/example_bash_operator.py
[2025-01-15T12:26:01.170+0800] {logging_mixin.py:190} INFO - [2025-01-15T12:26:01.170+0800] {dag.py:3239} INFO - Sync 1 DAGs
[2025-01-15T12:26:01.218+0800] {logging_mixin.py:190} INFO - [2025-01-15T12:26:01.218+0800] {dag.py:4180} INFO - Setting next_dagrun for example_bash_operator to 2025-01-14 00:00:00+00:00, run_after=2025-01-15 00:00:00+00:00
[2025-01-15T12:26:01.231+0800] {processor.py:208} INFO - Processing /opt/anaconda3/envs/PyTorch/lib/python3.11/site-packages/airflow/example_dags/example_bash_operator.py took 0.112 seconds
[2025-01-15T12:28:58.088+0800] {processor.py:186} INFO - Started process (PID=35671) to work on /opt/anaconda3/envs/PyTorch/lib/python3.11/site-packages/airflow/example_dags/example_bash_operator.py
[2025-01-15T12:28:58.090+0800] {processor.py:914} INFO - Processing file /opt/anaconda3/envs/PyTorch/lib/python3.11/site-packages/airflow/example_dags/example_bash_operator.py for tasks to queue
[2025-01-15T12:28:58.091+0800] {logging_mixin.py:190} INFO - [2025-01-15T12:28:58.090+0800] {dagbag.py:588} INFO - Filling up the DagBag from /opt/anaconda3/envs/PyTorch/lib/python3.11/site-packages/airflow/example_dags/example_bash_operator.py
[2025-01-15T12:28:58.096+0800] {processor.py:925} INFO - DAG(s) 'example_bash_operator' retrieved from /opt/anaconda3/envs/PyTorch/lib/python3.11/site-packages/airflow/example_dags/example_bash_operator.py
[2025-01-15T12:28:58.135+0800] {logging_mixin.py:190} INFO - [2025-01-15T12:28:58.135+0800] {dag.py:3239} INFO - Sync 1 DAGs
[2025-01-15T12:28:58.179+0800] {logging_mixin.py:190} INFO - [2025-01-15T12:28:58.179+0800] {dag.py:4180} INFO - Setting next_dagrun for example_bash_operator to 2025-01-14 00:00:00+00:00, run_after=2025-01-15 00:00:00+00:00
[2025-01-15T12:28:58.185+0800] {processor.py:208} INFO - Processing /opt/anaconda3/envs/PyTorch/lib/python3.11/site-packages/airflow/example_dags/example_bash_operator.py took 0.099 seconds
[2025-01-15T12:31:54.268+0800] {processor.py:186} INFO - Started process (PID=37203) to work on /opt/anaconda3/envs/PyTorch/lib/python3.11/site-packages/airflow/example_dags/example_bash_operator.py
[2025-01-15T12:31:54.270+0800] {processor.py:914} INFO - Processing file /opt/anaconda3/envs/PyTorch/lib/python3.11/site-packages/airflow/example_dags/example_bash_operator.py for tasks to queue
[2025-01-15T12:31:54.270+0800] {logging_mixin.py:190} INFO - [2025-01-15T12:31:54.270+0800] {dagbag.py:588} INFO - Filling up the DagBag from /opt/anaconda3/envs/PyTorch/lib/python3.11/site-packages/airflow/example_dags/example_bash_operator.py
[2025-01-15T12:31:54.275+0800] {processor.py:925} INFO - DAG(s) 'example_bash_operator' retrieved from /opt/anaconda3/envs/PyTorch/lib/python3.11/site-packages/airflow/example_dags/example_bash_operator.py
[2025-01-15T12:31:54.313+0800] {logging_mixin.py:190} INFO - [2025-01-15T12:31:54.312+0800] {dag.py:3239} INFO - Sync 1 DAGs
[2025-01-15T12:31:54.356+0800] {logging_mixin.py:190} INFO - [2025-01-15T12:31:54.356+0800] {dag.py:4180} INFO - Setting next_dagrun for example_bash_operator to 2025-01-14 00:00:00+00:00, run_after=2025-01-15 00:00:00+00:00
[2025-01-15T12:31:54.363+0800] {processor.py:208} INFO - Processing /opt/anaconda3/envs/PyTorch/lib/python3.11/site-packages/airflow/example_dags/example_bash_operator.py took 0.097 seconds
[2025-01-15T12:34:49.654+0800] {processor.py:186} INFO - Started process (PID=38769) to work on /opt/anaconda3/envs/PyTorch/lib/python3.11/site-packages/airflow/example_dags/example_bash_operator.py
[2025-01-15T12:34:49.655+0800] {processor.py:914} INFO - Processing file /opt/anaconda3/envs/PyTorch/lib/python3.11/site-packages/airflow/example_dags/example_bash_operator.py for tasks to queue
[2025-01-15T12:34:49.656+0800] {logging_mixin.py:190} INFO - [2025-01-15T12:34:49.656+0800] {dagbag.py:588} INFO - Filling up the DagBag from /opt/anaconda3/envs/PyTorch/lib/python3.11/site-packages/airflow/example_dags/example_bash_operator.py
[2025-01-15T12:34:49.662+0800] {processor.py:925} INFO - DAG(s) 'example_bash_operator' retrieved from /opt/anaconda3/envs/PyTorch/lib/python3.11/site-packages/airflow/example_dags/example_bash_operator.py
[2025-01-15T12:34:49.700+0800] {logging_mixin.py:190} INFO - [2025-01-15T12:34:49.700+0800] {dag.py:3239} INFO - Sync 1 DAGs
[2025-01-15T12:34:49.744+0800] {logging_mixin.py:190} INFO - [2025-01-15T12:34:49.744+0800] {dag.py:4180} INFO - Setting next_dagrun for example_bash_operator to 2025-01-14 00:00:00+00:00, run_after=2025-01-15 00:00:00+00:00
[2025-01-15T12:34:49.750+0800] {processor.py:208} INFO - Processing /opt/anaconda3/envs/PyTorch/lib/python3.11/site-packages/airflow/example_dags/example_bash_operator.py took 0.097 seconds
[2025-01-15T12:37:47.900+0800] {processor.py:186} INFO - Started process (PID=40314) to work on /opt/anaconda3/envs/PyTorch/lib/python3.11/site-packages/airflow/example_dags/example_bash_operator.py
[2025-01-15T12:37:47.901+0800] {processor.py:914} INFO - Processing file /opt/anaconda3/envs/PyTorch/lib/python3.11/site-packages/airflow/example_dags/example_bash_operator.py for tasks to queue
[2025-01-15T12:37:47.902+0800] {logging_mixin.py:190} INFO - [2025-01-15T12:37:47.902+0800] {dagbag.py:588} INFO - Filling up the DagBag from /opt/anaconda3/envs/PyTorch/lib/python3.11/site-packages/airflow/example_dags/example_bash_operator.py
[2025-01-15T12:37:47.907+0800] {processor.py:925} INFO - DAG(s) 'example_bash_operator' retrieved from /opt/anaconda3/envs/PyTorch/lib/python3.11/site-packages/airflow/example_dags/example_bash_operator.py
[2025-01-15T12:37:47.945+0800] {logging_mixin.py:190} INFO - [2025-01-15T12:37:47.945+0800] {dag.py:3239} INFO - Sync 1 DAGs
[2025-01-15T12:37:47.989+0800] {logging_mixin.py:190} INFO - [2025-01-15T12:37:47.989+0800] {dag.py:4180} INFO - Setting next_dagrun for example_bash_operator to 2025-01-14 00:00:00+00:00, run_after=2025-01-15 00:00:00+00:00
[2025-01-15T12:37:47.996+0800] {processor.py:208} INFO - Processing /opt/anaconda3/envs/PyTorch/lib/python3.11/site-packages/airflow/example_dags/example_bash_operator.py took 0.097 seconds
[2025-01-15T12:40:43.780+0800] {processor.py:186} INFO - Started process (PID=41892) to work on /opt/anaconda3/envs/PyTorch/lib/python3.11/site-packages/airflow/example_dags/example_bash_operator.py
[2025-01-15T12:40:43.781+0800] {processor.py:914} INFO - Processing file /opt/anaconda3/envs/PyTorch/lib/python3.11/site-packages/airflow/example_dags/example_bash_operator.py for tasks to queue
[2025-01-15T12:40:43.782+0800] {logging_mixin.py:190} INFO - [2025-01-15T12:40:43.781+0800] {dagbag.py:588} INFO - Filling up the DagBag from /opt/anaconda3/envs/PyTorch/lib/python3.11/site-packages/airflow/example_dags/example_bash_operator.py
[2025-01-15T12:40:43.787+0800] {processor.py:925} INFO - DAG(s) 'example_bash_operator' retrieved from /opt/anaconda3/envs/PyTorch/lib/python3.11/site-packages/airflow/example_dags/example_bash_operator.py
[2025-01-15T12:40:43.826+0800] {logging_mixin.py:190} INFO - [2025-01-15T12:40:43.826+0800] {dag.py:3239} INFO - Sync 1 DAGs
[2025-01-15T12:40:43.871+0800] {logging_mixin.py:190} INFO - [2025-01-15T12:40:43.871+0800] {dag.py:4180} INFO - Setting next_dagrun for example_bash_operator to 2025-01-14 00:00:00+00:00, run_after=2025-01-15 00:00:00+00:00
[2025-01-15T12:40:43.879+0800] {processor.py:208} INFO - Processing /opt/anaconda3/envs/PyTorch/lib/python3.11/site-packages/airflow/example_dags/example_bash_operator.py took 0.100 seconds
[2025-01-15T12:43:42.884+0800] {processor.py:186} INFO - Started process (PID=43492) to work on /opt/anaconda3/envs/PyTorch/lib/python3.11/site-packages/airflow/example_dags/example_bash_operator.py
[2025-01-15T12:43:42.885+0800] {processor.py:914} INFO - Processing file /opt/anaconda3/envs/PyTorch/lib/python3.11/site-packages/airflow/example_dags/example_bash_operator.py for tasks to queue
[2025-01-15T12:43:42.886+0800] {logging_mixin.py:190} INFO - [2025-01-15T12:43:42.886+0800] {dagbag.py:588} INFO - Filling up the DagBag from /opt/anaconda3/envs/PyTorch/lib/python3.11/site-packages/airflow/example_dags/example_bash_operator.py
[2025-01-15T12:43:42.892+0800] {processor.py:925} INFO - DAG(s) 'example_bash_operator' retrieved from /opt/anaconda3/envs/PyTorch/lib/python3.11/site-packages/airflow/example_dags/example_bash_operator.py
[2025-01-15T12:43:42.931+0800] {logging_mixin.py:190} INFO - [2025-01-15T12:43:42.931+0800] {dag.py:3239} INFO - Sync 1 DAGs
[2025-01-15T12:43:42.977+0800] {logging_mixin.py:190} INFO - [2025-01-15T12:43:42.977+0800] {dag.py:4180} INFO - Setting next_dagrun for example_bash_operator to 2025-01-14 00:00:00+00:00, run_after=2025-01-15 00:00:00+00:00
[2025-01-15T12:43:42.984+0800] {processor.py:208} INFO - Processing /opt/anaconda3/envs/PyTorch/lib/python3.11/site-packages/airflow/example_dags/example_bash_operator.py took 0.102 seconds
[2025-01-15T12:46:44.801+0800] {processor.py:186} INFO - Started process (PID=45176) to work on /opt/anaconda3/envs/PyTorch/lib/python3.11/site-packages/airflow/example_dags/example_bash_operator.py
[2025-01-15T12:46:44.803+0800] {processor.py:914} INFO - Processing file /opt/anaconda3/envs/PyTorch/lib/python3.11/site-packages/airflow/example_dags/example_bash_operator.py for tasks to queue
[2025-01-15T12:46:44.804+0800] {logging_mixin.py:190} INFO - [2025-01-15T12:46:44.804+0800] {dagbag.py:588} INFO - Filling up the DagBag from /opt/anaconda3/envs/PyTorch/lib/python3.11/site-packages/airflow/example_dags/example_bash_operator.py
[2025-01-15T12:46:44.809+0800] {processor.py:925} INFO - DAG(s) 'example_bash_operator' retrieved from /opt/anaconda3/envs/PyTorch/lib/python3.11/site-packages/airflow/example_dags/example_bash_operator.py
[2025-01-15T12:46:44.847+0800] {logging_mixin.py:190} INFO - [2025-01-15T12:46:44.847+0800] {dag.py:3239} INFO - Sync 1 DAGs
[2025-01-15T12:46:44.890+0800] {logging_mixin.py:190} INFO - [2025-01-15T12:46:44.890+0800] {dag.py:4180} INFO - Setting next_dagrun for example_bash_operator to 2025-01-14 00:00:00+00:00, run_after=2025-01-15 00:00:00+00:00
[2025-01-15T12:46:44.897+0800] {processor.py:208} INFO - Processing /opt/anaconda3/envs/PyTorch/lib/python3.11/site-packages/airflow/example_dags/example_bash_operator.py took 0.097 seconds
[2025-01-15T12:49:41.722+0800] {processor.py:186} INFO - Started process (PID=46767) to work on /opt/anaconda3/envs/PyTorch/lib/python3.11/site-packages/airflow/example_dags/example_bash_operator.py
[2025-01-15T12:49:41.724+0800] {processor.py:914} INFO - Processing file /opt/anaconda3/envs/PyTorch/lib/python3.11/site-packages/airflow/example_dags/example_bash_operator.py for tasks to queue
[2025-01-15T12:49:41.724+0800] {logging_mixin.py:190} INFO - [2025-01-15T12:49:41.724+0800] {dagbag.py:588} INFO - Filling up the DagBag from /opt/anaconda3/envs/PyTorch/lib/python3.11/site-packages/airflow/example_dags/example_bash_operator.py
[2025-01-15T12:49:41.730+0800] {processor.py:925} INFO - DAG(s) 'example_bash_operator' retrieved from /opt/anaconda3/envs/PyTorch/lib/python3.11/site-packages/airflow/example_dags/example_bash_operator.py
[2025-01-15T12:49:41.770+0800] {logging_mixin.py:190} INFO - [2025-01-15T12:49:41.770+0800] {dag.py:3239} INFO - Sync 1 DAGs
[2025-01-15T12:49:41.817+0800] {logging_mixin.py:190} INFO - [2025-01-15T12:49:41.817+0800] {dag.py:4180} INFO - Setting next_dagrun for example_bash_operator to 2025-01-14 00:00:00+00:00, run_after=2025-01-15 00:00:00+00:00
[2025-01-15T12:49:41.824+0800] {processor.py:208} INFO - Processing /opt/anaconda3/envs/PyTorch/lib/python3.11/site-packages/airflow/example_dags/example_bash_operator.py took 0.103 seconds
[2025-01-15T12:52:41.830+0800] {processor.py:186} INFO - Started process (PID=48338) to work on /opt/anaconda3/envs/PyTorch/lib/python3.11/site-packages/airflow/example_dags/example_bash_operator.py
[2025-01-15T12:52:41.832+0800] {processor.py:914} INFO - Processing file /opt/anaconda3/envs/PyTorch/lib/python3.11/site-packages/airflow/example_dags/example_bash_operator.py for tasks to queue
[2025-01-15T12:52:41.832+0800] {logging_mixin.py:190} INFO - [2025-01-15T12:52:41.832+0800] {dagbag.py:588} INFO - Filling up the DagBag from /opt/anaconda3/envs/PyTorch/lib/python3.11/site-packages/airflow/example_dags/example_bash_operator.py
[2025-01-15T12:52:41.838+0800] {processor.py:925} INFO - DAG(s) 'example_bash_operator' retrieved from /opt/anaconda3/envs/PyTorch/lib/python3.11/site-packages/airflow/example_dags/example_bash_operator.py
[2025-01-15T12:52:41.877+0800] {logging_mixin.py:190} INFO - [2025-01-15T12:52:41.877+0800] {dag.py:3239} INFO - Sync 1 DAGs
[2025-01-15T12:52:41.922+0800] {logging_mixin.py:190} INFO - [2025-01-15T12:52:41.922+0800] {dag.py:4180} INFO - Setting next_dagrun for example_bash_operator to 2025-01-14 00:00:00+00:00, run_after=2025-01-15 00:00:00+00:00
[2025-01-15T12:52:41.929+0800] {processor.py:208} INFO - Processing /opt/anaconda3/envs/PyTorch/lib/python3.11/site-packages/airflow/example_dags/example_bash_operator.py took 0.101 seconds
[2025-01-15T12:55:45.339+0800] {processor.py:186} INFO - Started process (PID=50015) to work on /opt/anaconda3/envs/PyTorch/lib/python3.11/site-packages/airflow/example_dags/example_bash_operator.py
[2025-01-15T12:55:45.341+0800] {processor.py:914} INFO - Processing file /opt/anaconda3/envs/PyTorch/lib/python3.11/site-packages/airflow/example_dags/example_bash_operator.py for tasks to queue
[2025-01-15T12:55:45.341+0800] {logging_mixin.py:190} INFO - [2025-01-15T12:55:45.341+0800] {dagbag.py:588} INFO - Filling up the DagBag from /opt/anaconda3/envs/PyTorch/lib/python3.11/site-packages/airflow/example_dags/example_bash_operator.py
[2025-01-15T12:55:45.347+0800] {processor.py:925} INFO - DAG(s) 'example_bash_operator' retrieved from /opt/anaconda3/envs/PyTorch/lib/python3.11/site-packages/airflow/example_dags/example_bash_operator.py
[2025-01-15T12:55:45.385+0800] {logging_mixin.py:190} INFO - [2025-01-15T12:55:45.385+0800] {dag.py:3239} INFO - Sync 1 DAGs
[2025-01-15T12:55:45.431+0800] {logging_mixin.py:190} INFO - [2025-01-15T12:55:45.430+0800] {dag.py:4180} INFO - Setting next_dagrun for example_bash_operator to 2025-01-14 00:00:00+00:00, run_after=2025-01-15 00:00:00+00:00
[2025-01-15T12:55:45.437+0800] {processor.py:208} INFO - Processing /opt/anaconda3/envs/PyTorch/lib/python3.11/site-packages/airflow/example_dags/example_bash_operator.py took 0.099 seconds
[2025-01-15T12:58:46.813+0800] {processor.py:186} INFO - Started process (PID=51633) to work on /opt/anaconda3/envs/PyTorch/lib/python3.11/site-packages/airflow/example_dags/example_bash_operator.py
[2025-01-15T12:58:46.814+0800] {processor.py:914} INFO - Processing file /opt/anaconda3/envs/PyTorch/lib/python3.11/site-packages/airflow/example_dags/example_bash_operator.py for tasks to queue
[2025-01-15T12:58:46.815+0800] {logging_mixin.py:190} INFO - [2025-01-15T12:58:46.815+0800] {dagbag.py:588} INFO - Filling up the DagBag from /opt/anaconda3/envs/PyTorch/lib/python3.11/site-packages/airflow/example_dags/example_bash_operator.py
[2025-01-15T12:58:46.821+0800] {processor.py:925} INFO - DAG(s) 'example_bash_operator' retrieved from /opt/anaconda3/envs/PyTorch/lib/python3.11/site-packages/airflow/example_dags/example_bash_operator.py
[2025-01-15T12:58:46.859+0800] {logging_mixin.py:190} INFO - [2025-01-15T12:58:46.859+0800] {dag.py:3239} INFO - Sync 1 DAGs
[2025-01-15T12:58:46.904+0800] {logging_mixin.py:190} INFO - [2025-01-15T12:58:46.904+0800] {dag.py:4180} INFO - Setting next_dagrun for example_bash_operator to 2025-01-14 00:00:00+00:00, run_after=2025-01-15 00:00:00+00:00
[2025-01-15T12:58:46.910+0800] {processor.py:208} INFO - Processing /opt/anaconda3/envs/PyTorch/lib/python3.11/site-packages/airflow/example_dags/example_bash_operator.py took 0.099 seconds
[2025-01-15T13:01:48.968+0800] {processor.py:186} INFO - Started process (PID=53270) to work on /opt/anaconda3/envs/PyTorch/lib/python3.11/site-packages/airflow/example_dags/example_bash_operator.py
[2025-01-15T13:01:48.969+0800] {processor.py:914} INFO - Processing file /opt/anaconda3/envs/PyTorch/lib/python3.11/site-packages/airflow/example_dags/example_bash_operator.py for tasks to queue
[2025-01-15T13:01:48.970+0800] {logging_mixin.py:190} INFO - [2025-01-15T13:01:48.969+0800] {dagbag.py:588} INFO - Filling up the DagBag from /opt/anaconda3/envs/PyTorch/lib/python3.11/site-packages/airflow/example_dags/example_bash_operator.py
[2025-01-15T13:01:48.976+0800] {processor.py:925} INFO - DAG(s) 'example_bash_operator' retrieved from /opt/anaconda3/envs/PyTorch/lib/python3.11/site-packages/airflow/example_dags/example_bash_operator.py
[2025-01-15T13:01:49.016+0800] {logging_mixin.py:190} INFO - [2025-01-15T13:01:49.016+0800] {dag.py:3239} INFO - Sync 1 DAGs
[2025-01-15T13:01:49.067+0800] {logging_mixin.py:190} INFO - [2025-01-15T13:01:49.067+0800] {dag.py:4180} INFO - Setting next_dagrun for example_bash_operator to 2025-01-14 00:00:00+00:00, run_after=2025-01-15 00:00:00+00:00
[2025-01-15T13:01:49.075+0800] {processor.py:208} INFO - Processing /opt/anaconda3/envs/PyTorch/lib/python3.11/site-packages/airflow/example_dags/example_bash_operator.py took 0.109 seconds
[2025-01-15T13:04:57.922+0800] {processor.py:186} INFO - Started process (PID=55021) to work on /opt/anaconda3/envs/PyTorch/lib/python3.11/site-packages/airflow/example_dags/example_bash_operator.py
[2025-01-15T13:04:57.923+0800] {processor.py:914} INFO - Processing file /opt/anaconda3/envs/PyTorch/lib/python3.11/site-packages/airflow/example_dags/example_bash_operator.py for tasks to queue
[2025-01-15T13:04:57.924+0800] {logging_mixin.py:190} INFO - [2025-01-15T13:04:57.924+0800] {dagbag.py:588} INFO - Filling up the DagBag from /opt/anaconda3/envs/PyTorch/lib/python3.11/site-packages/airflow/example_dags/example_bash_operator.py
[2025-01-15T13:04:57.930+0800] {processor.py:925} INFO - DAG(s) 'example_bash_operator' retrieved from /opt/anaconda3/envs/PyTorch/lib/python3.11/site-packages/airflow/example_dags/example_bash_operator.py
[2025-01-15T13:04:57.969+0800] {logging_mixin.py:190} INFO - [2025-01-15T13:04:57.968+0800] {dag.py:3239} INFO - Sync 1 DAGs
[2025-01-15T13:04:58.016+0800] {logging_mixin.py:190} INFO - [2025-01-15T13:04:58.016+0800] {dag.py:4180} INFO - Setting next_dagrun for example_bash_operator to 2025-01-14 00:00:00+00:00, run_after=2025-01-15 00:00:00+00:00
[2025-01-15T13:04:58.023+0800] {processor.py:208} INFO - Processing /opt/anaconda3/envs/PyTorch/lib/python3.11/site-packages/airflow/example_dags/example_bash_operator.py took 0.104 seconds
[2025-01-15T13:08:04.313+0800] {processor.py:186} INFO - Started process (PID=56731) to work on /opt/anaconda3/envs/PyTorch/lib/python3.11/site-packages/airflow/example_dags/example_bash_operator.py
[2025-01-15T13:08:04.314+0800] {processor.py:914} INFO - Processing file /opt/anaconda3/envs/PyTorch/lib/python3.11/site-packages/airflow/example_dags/example_bash_operator.py for tasks to queue
[2025-01-15T13:08:04.314+0800] {logging_mixin.py:190} INFO - [2025-01-15T13:08:04.314+0800] {dagbag.py:588} INFO - Filling up the DagBag from /opt/anaconda3/envs/PyTorch/lib/python3.11/site-packages/airflow/example_dags/example_bash_operator.py
[2025-01-15T13:08:04.320+0800] {processor.py:925} INFO - DAG(s) 'example_bash_operator' retrieved from /opt/anaconda3/envs/PyTorch/lib/python3.11/site-packages/airflow/example_dags/example_bash_operator.py
[2025-01-15T13:08:04.358+0800] {logging_mixin.py:190} INFO - [2025-01-15T13:08:04.358+0800] {dag.py:3239} INFO - Sync 1 DAGs
[2025-01-15T13:08:04.402+0800] {logging_mixin.py:190} INFO - [2025-01-15T13:08:04.402+0800] {dag.py:4180} INFO - Setting next_dagrun for example_bash_operator to 2025-01-14 00:00:00+00:00, run_after=2025-01-15 00:00:00+00:00
[2025-01-15T13:08:04.409+0800] {processor.py:208} INFO - Processing /opt/anaconda3/envs/PyTorch/lib/python3.11/site-packages/airflow/example_dags/example_bash_operator.py took 0.097 seconds
[2025-01-15T13:11:07.585+0800] {processor.py:186} INFO - Started process (PID=58491) to work on /opt/anaconda3/envs/PyTorch/lib/python3.11/site-packages/airflow/example_dags/example_bash_operator.py
[2025-01-15T13:11:07.586+0800] {processor.py:914} INFO - Processing file /opt/anaconda3/envs/PyTorch/lib/python3.11/site-packages/airflow/example_dags/example_bash_operator.py for tasks to queue
[2025-01-15T13:11:07.587+0800] {logging_mixin.py:190} INFO - [2025-01-15T13:11:07.587+0800] {dagbag.py:588} INFO - Filling up the DagBag from /opt/anaconda3/envs/PyTorch/lib/python3.11/site-packages/airflow/example_dags/example_bash_operator.py
[2025-01-15T13:11:07.593+0800] {processor.py:925} INFO - DAG(s) 'example_bash_operator' retrieved from /opt/anaconda3/envs/PyTorch/lib/python3.11/site-packages/airflow/example_dags/example_bash_operator.py
[2025-01-15T13:11:07.634+0800] {logging_mixin.py:190} INFO - [2025-01-15T13:11:07.634+0800] {dag.py:3239} INFO - Sync 1 DAGs
[2025-01-15T13:11:07.680+0800] {logging_mixin.py:190} INFO - [2025-01-15T13:11:07.680+0800] {dag.py:4180} INFO - Setting next_dagrun for example_bash_operator to 2025-01-14 00:00:00+00:00, run_after=2025-01-15 00:00:00+00:00
[2025-01-15T13:11:07.688+0800] {processor.py:208} INFO - Processing /opt/anaconda3/envs/PyTorch/lib/python3.11/site-packages/airflow/example_dags/example_bash_operator.py took 0.105 seconds
[2025-01-15T13:14:07.769+0800] {processor.py:186} INFO - Started process (PID=60113) to work on /opt/anaconda3/envs/PyTorch/lib/python3.11/site-packages/airflow/example_dags/example_bash_operator.py
[2025-01-15T13:14:07.770+0800] {processor.py:914} INFO - Processing file /opt/anaconda3/envs/PyTorch/lib/python3.11/site-packages/airflow/example_dags/example_bash_operator.py for tasks to queue
[2025-01-15T13:14:07.771+0800] {logging_mixin.py:190} INFO - [2025-01-15T13:14:07.771+0800] {dagbag.py:588} INFO - Filling up the DagBag from /opt/anaconda3/envs/PyTorch/lib/python3.11/site-packages/airflow/example_dags/example_bash_operator.py
[2025-01-15T13:14:07.776+0800] {processor.py:925} INFO - DAG(s) 'example_bash_operator' retrieved from /opt/anaconda3/envs/PyTorch/lib/python3.11/site-packages/airflow/example_dags/example_bash_operator.py
[2025-01-15T13:14:07.814+0800] {logging_mixin.py:190} INFO - [2025-01-15T13:14:07.814+0800] {dag.py:3239} INFO - Sync 1 DAGs
[2025-01-15T13:14:07.859+0800] {logging_mixin.py:190} INFO - [2025-01-15T13:14:07.859+0800] {dag.py:4180} INFO - Setting next_dagrun for example_bash_operator to 2025-01-14 00:00:00+00:00, run_after=2025-01-15 00:00:00+00:00
[2025-01-15T13:14:07.865+0800] {processor.py:208} INFO - Processing /opt/anaconda3/envs/PyTorch/lib/python3.11/site-packages/airflow/example_dags/example_bash_operator.py took 0.098 seconds
[2025-01-15T13:17:08.821+0800] {processor.py:186} INFO - Started process (PID=61711) to work on /opt/anaconda3/envs/PyTorch/lib/python3.11/site-packages/airflow/example_dags/example_bash_operator.py
[2025-01-15T13:17:08.822+0800] {processor.py:914} INFO - Processing file /opt/anaconda3/envs/PyTorch/lib/python3.11/site-packages/airflow/example_dags/example_bash_operator.py for tasks to queue
[2025-01-15T13:17:08.823+0800] {logging_mixin.py:190} INFO - [2025-01-15T13:17:08.823+0800] {dagbag.py:588} INFO - Filling up the DagBag from /opt/anaconda3/envs/PyTorch/lib/python3.11/site-packages/airflow/example_dags/example_bash_operator.py
[2025-01-15T13:17:08.828+0800] {processor.py:925} INFO - DAG(s) 'example_bash_operator' retrieved from /opt/anaconda3/envs/PyTorch/lib/python3.11/site-packages/airflow/example_dags/example_bash_operator.py
[2025-01-15T13:17:08.867+0800] {logging_mixin.py:190} INFO - [2025-01-15T13:17:08.866+0800] {dag.py:3239} INFO - Sync 1 DAGs
[2025-01-15T13:17:08.912+0800] {logging_mixin.py:190} INFO - [2025-01-15T13:17:08.912+0800] {dag.py:4180} INFO - Setting next_dagrun for example_bash_operator to 2025-01-14 00:00:00+00:00, run_after=2025-01-15 00:00:00+00:00
[2025-01-15T13:17:08.919+0800] {processor.py:208} INFO - Processing /opt/anaconda3/envs/PyTorch/lib/python3.11/site-packages/airflow/example_dags/example_bash_operator.py took 0.100 seconds
[2025-01-15T13:20:22.903+0800] {processor.py:186} INFO - Started process (PID=63510) to work on /opt/anaconda3/envs/PyTorch/lib/python3.11/site-packages/airflow/example_dags/example_bash_operator.py
[2025-01-15T13:20:22.903+0800] {processor.py:914} INFO - Processing file /opt/anaconda3/envs/PyTorch/lib/python3.11/site-packages/airflow/example_dags/example_bash_operator.py for tasks to queue
[2025-01-15T13:20:22.904+0800] {logging_mixin.py:190} INFO - [2025-01-15T13:20:22.904+0800] {dagbag.py:588} INFO - Filling up the DagBag from /opt/anaconda3/envs/PyTorch/lib/python3.11/site-packages/airflow/example_dags/example_bash_operator.py
[2025-01-15T13:20:22.910+0800] {processor.py:925} INFO - DAG(s) 'example_bash_operator' retrieved from /opt/anaconda3/envs/PyTorch/lib/python3.11/site-packages/airflow/example_dags/example_bash_operator.py
[2025-01-15T13:20:22.949+0800] {logging_mixin.py:190} INFO - [2025-01-15T13:20:22.949+0800] {dag.py:3239} INFO - Sync 1 DAGs
[2025-01-15T13:20:22.998+0800] {logging_mixin.py:190} INFO - [2025-01-15T13:20:22.998+0800] {dag.py:4180} INFO - Setting next_dagrun for example_bash_operator to 2025-01-14 00:00:00+00:00, run_after=2025-01-15 00:00:00+00:00
[2025-01-15T13:20:23.005+0800] {processor.py:208} INFO - Processing /opt/anaconda3/envs/PyTorch/lib/python3.11/site-packages/airflow/example_dags/example_bash_operator.py took 0.104 seconds
[2025-01-15T13:23:28.892+0800] {processor.py:186} INFO - Started process (PID=65207) to work on /opt/anaconda3/envs/PyTorch/lib/python3.11/site-packages/airflow/example_dags/example_bash_operator.py
[2025-01-15T13:23:28.892+0800] {processor.py:914} INFO - Processing file /opt/anaconda3/envs/PyTorch/lib/python3.11/site-packages/airflow/example_dags/example_bash_operator.py for tasks to queue
[2025-01-15T13:23:28.893+0800] {logging_mixin.py:190} INFO - [2025-01-15T13:23:28.893+0800] {dagbag.py:588} INFO - Filling up the DagBag from /opt/anaconda3/envs/PyTorch/lib/python3.11/site-packages/airflow/example_dags/example_bash_operator.py
[2025-01-15T13:23:28.899+0800] {processor.py:925} INFO - DAG(s) 'example_bash_operator' retrieved from /opt/anaconda3/envs/PyTorch/lib/python3.11/site-packages/airflow/example_dags/example_bash_operator.py
[2025-01-15T13:23:28.936+0800] {logging_mixin.py:190} INFO - [2025-01-15T13:23:28.936+0800] {dag.py:3239} INFO - Sync 1 DAGs
[2025-01-15T13:23:28.981+0800] {logging_mixin.py:190} INFO - [2025-01-15T13:23:28.981+0800] {dag.py:4180} INFO - Setting next_dagrun for example_bash_operator to 2025-01-14 00:00:00+00:00, run_after=2025-01-15 00:00:00+00:00
[2025-01-15T13:23:28.988+0800] {processor.py:208} INFO - Processing /opt/anaconda3/envs/PyTorch/lib/python3.11/site-packages/airflow/example_dags/example_bash_operator.py took 0.098 seconds
[2025-01-15T13:26:36.497+0800] {processor.py:186} INFO - Started process (PID=66846) to work on /opt/anaconda3/envs/PyTorch/lib/python3.11/site-packages/airflow/example_dags/example_bash_operator.py
[2025-01-15T13:26:36.498+0800] {processor.py:914} INFO - Processing file /opt/anaconda3/envs/PyTorch/lib/python3.11/site-packages/airflow/example_dags/example_bash_operator.py for tasks to queue
[2025-01-15T13:26:36.499+0800] {logging_mixin.py:190} INFO - [2025-01-15T13:26:36.499+0800] {dagbag.py:588} INFO - Filling up the DagBag from /opt/anaconda3/envs/PyTorch/lib/python3.11/site-packages/airflow/example_dags/example_bash_operator.py
[2025-01-15T13:26:36.505+0800] {processor.py:925} INFO - DAG(s) 'example_bash_operator' retrieved from /opt/anaconda3/envs/PyTorch/lib/python3.11/site-packages/airflow/example_dags/example_bash_operator.py
[2025-01-15T13:26:36.543+0800] {logging_mixin.py:190} INFO - [2025-01-15T13:26:36.543+0800] {dag.py:3239} INFO - Sync 1 DAGs
[2025-01-15T13:26:36.588+0800] {logging_mixin.py:190} INFO - [2025-01-15T13:26:36.588+0800] {dag.py:4180} INFO - Setting next_dagrun for example_bash_operator to 2025-01-14 00:00:00+00:00, run_after=2025-01-15 00:00:00+00:00
[2025-01-15T13:26:36.595+0800] {processor.py:208} INFO - Processing /opt/anaconda3/envs/PyTorch/lib/python3.11/site-packages/airflow/example_dags/example_bash_operator.py took 0.100 seconds
[2025-01-15T13:29:40.734+0800] {processor.py:186} INFO - Started process (PID=68471) to work on /opt/anaconda3/envs/PyTorch/lib/python3.11/site-packages/airflow/example_dags/example_bash_operator.py
[2025-01-15T13:29:40.736+0800] {processor.py:914} INFO - Processing file /opt/anaconda3/envs/PyTorch/lib/python3.11/site-packages/airflow/example_dags/example_bash_operator.py for tasks to queue
[2025-01-15T13:29:40.736+0800] {logging_mixin.py:190} INFO - [2025-01-15T13:29:40.736+0800] {dagbag.py:588} INFO - Filling up the DagBag from /opt/anaconda3/envs/PyTorch/lib/python3.11/site-packages/airflow/example_dags/example_bash_operator.py
[2025-01-15T13:29:40.743+0800] {processor.py:925} INFO - DAG(s) 'example_bash_operator' retrieved from /opt/anaconda3/envs/PyTorch/lib/python3.11/site-packages/airflow/example_dags/example_bash_operator.py
[2025-01-15T13:29:40.782+0800] {logging_mixin.py:190} INFO - [2025-01-15T13:29:40.782+0800] {dag.py:3239} INFO - Sync 1 DAGs
[2025-01-15T13:29:40.827+0800] {logging_mixin.py:190} INFO - [2025-01-15T13:29:40.827+0800] {dag.py:4180} INFO - Setting next_dagrun for example_bash_operator to 2025-01-14 00:00:00+00:00, run_after=2025-01-15 00:00:00+00:00
[2025-01-15T13:29:40.834+0800] {processor.py:208} INFO - Processing /opt/anaconda3/envs/PyTorch/lib/python3.11/site-packages/airflow/example_dags/example_bash_operator.py took 0.102 seconds
[2025-01-15T13:32:50.490+0800] {processor.py:186} INFO - Started process (PID=70205) to work on /opt/anaconda3/envs/PyTorch/lib/python3.11/site-packages/airflow/example_dags/example_bash_operator.py
[2025-01-15T13:32:50.491+0800] {processor.py:914} INFO - Processing file /opt/anaconda3/envs/PyTorch/lib/python3.11/site-packages/airflow/example_dags/example_bash_operator.py for tasks to queue
[2025-01-15T13:32:50.492+0800] {logging_mixin.py:190} INFO - [2025-01-15T13:32:50.492+0800] {dagbag.py:588} INFO - Filling up the DagBag from /opt/anaconda3/envs/PyTorch/lib/python3.11/site-packages/airflow/example_dags/example_bash_operator.py
[2025-01-15T13:32:50.497+0800] {processor.py:925} INFO - DAG(s) 'example_bash_operator' retrieved from /opt/anaconda3/envs/PyTorch/lib/python3.11/site-packages/airflow/example_dags/example_bash_operator.py
[2025-01-15T13:32:50.535+0800] {logging_mixin.py:190} INFO - [2025-01-15T13:32:50.535+0800] {dag.py:3239} INFO - Sync 1 DAGs
[2025-01-15T13:32:50.579+0800] {logging_mixin.py:190} INFO - [2025-01-15T13:32:50.579+0800] {dag.py:4180} INFO - Setting next_dagrun for example_bash_operator to 2025-01-14 00:00:00+00:00, run_after=2025-01-15 00:00:00+00:00
[2025-01-15T13:32:50.585+0800] {processor.py:208} INFO - Processing /opt/anaconda3/envs/PyTorch/lib/python3.11/site-packages/airflow/example_dags/example_bash_operator.py took 0.097 seconds
[2025-01-15T13:36:00.580+0800] {processor.py:186} INFO - Started process (PID=71933) to work on /opt/anaconda3/envs/PyTorch/lib/python3.11/site-packages/airflow/example_dags/example_bash_operator.py
[2025-01-15T13:36:00.582+0800] {processor.py:914} INFO - Processing file /opt/anaconda3/envs/PyTorch/lib/python3.11/site-packages/airflow/example_dags/example_bash_operator.py for tasks to queue
[2025-01-15T13:36:00.582+0800] {logging_mixin.py:190} INFO - [2025-01-15T13:36:00.582+0800] {dagbag.py:588} INFO - Filling up the DagBag from /opt/anaconda3/envs/PyTorch/lib/python3.11/site-packages/airflow/example_dags/example_bash_operator.py
[2025-01-15T13:36:00.588+0800] {processor.py:925} INFO - DAG(s) 'example_bash_operator' retrieved from /opt/anaconda3/envs/PyTorch/lib/python3.11/site-packages/airflow/example_dags/example_bash_operator.py
[2025-01-15T13:36:00.629+0800] {logging_mixin.py:190} INFO - [2025-01-15T13:36:00.629+0800] {dag.py:3239} INFO - Sync 1 DAGs
[2025-01-15T13:36:00.677+0800] {logging_mixin.py:190} INFO - [2025-01-15T13:36:00.677+0800] {dag.py:4180} INFO - Setting next_dagrun for example_bash_operator to 2025-01-14 00:00:00+00:00, run_after=2025-01-15 00:00:00+00:00
[2025-01-15T13:36:00.683+0800] {processor.py:208} INFO - Processing /opt/anaconda3/envs/PyTorch/lib/python3.11/site-packages/airflow/example_dags/example_bash_operator.py took 0.105 seconds
[2025-01-15T13:39:09.291+0800] {processor.py:186} INFO - Started process (PID=73715) to work on /opt/anaconda3/envs/PyTorch/lib/python3.11/site-packages/airflow/example_dags/example_bash_operator.py
[2025-01-15T13:39:09.292+0800] {processor.py:914} INFO - Processing file /opt/anaconda3/envs/PyTorch/lib/python3.11/site-packages/airflow/example_dags/example_bash_operator.py for tasks to queue
[2025-01-15T13:39:09.292+0800] {logging_mixin.py:190} INFO - [2025-01-15T13:39:09.292+0800] {dagbag.py:588} INFO - Filling up the DagBag from /opt/anaconda3/envs/PyTorch/lib/python3.11/site-packages/airflow/example_dags/example_bash_operator.py
[2025-01-15T13:39:09.299+0800] {processor.py:925} INFO - DAG(s) 'example_bash_operator' retrieved from /opt/anaconda3/envs/PyTorch/lib/python3.11/site-packages/airflow/example_dags/example_bash_operator.py
[2025-01-15T13:39:09.339+0800] {logging_mixin.py:190} INFO - [2025-01-15T13:39:09.339+0800] {dag.py:3239} INFO - Sync 1 DAGs
[2025-01-15T13:39:09.389+0800] {logging_mixin.py:190} INFO - [2025-01-15T13:39:09.389+0800] {dag.py:4180} INFO - Setting next_dagrun for example_bash_operator to 2025-01-14 00:00:00+00:00, run_after=2025-01-15 00:00:00+00:00
[2025-01-15T13:39:09.396+0800] {processor.py:208} INFO - Processing /opt/anaconda3/envs/PyTorch/lib/python3.11/site-packages/airflow/example_dags/example_bash_operator.py took 0.107 seconds
[2025-01-15T13:42:14.122+0800] {processor.py:186} INFO - Started process (PID=75363) to work on /opt/anaconda3/envs/PyTorch/lib/python3.11/site-packages/airflow/example_dags/example_bash_operator.py
[2025-01-15T13:42:14.123+0800] {processor.py:914} INFO - Processing file /opt/anaconda3/envs/PyTorch/lib/python3.11/site-packages/airflow/example_dags/example_bash_operator.py for tasks to queue
[2025-01-15T13:42:14.123+0800] {logging_mixin.py:190} INFO - [2025-01-15T13:42:14.123+0800] {dagbag.py:588} INFO - Filling up the DagBag from /opt/anaconda3/envs/PyTorch/lib/python3.11/site-packages/airflow/example_dags/example_bash_operator.py
[2025-01-15T13:42:14.129+0800] {processor.py:925} INFO - DAG(s) 'example_bash_operator' retrieved from /opt/anaconda3/envs/PyTorch/lib/python3.11/site-packages/airflow/example_dags/example_bash_operator.py
[2025-01-15T13:42:14.168+0800] {logging_mixin.py:190} INFO - [2025-01-15T13:42:14.168+0800] {dag.py:3239} INFO - Sync 1 DAGs
[2025-01-15T13:42:14.215+0800] {logging_mixin.py:190} INFO - [2025-01-15T13:42:14.215+0800] {dag.py:4180} INFO - Setting next_dagrun for example_bash_operator to 2025-01-14 00:00:00+00:00, run_after=2025-01-15 00:00:00+00:00
[2025-01-15T13:42:14.221+0800] {processor.py:208} INFO - Processing /opt/anaconda3/envs/PyTorch/lib/python3.11/site-packages/airflow/example_dags/example_bash_operator.py took 0.101 seconds
[2025-01-15T13:45:16.740+0800] {processor.py:186} INFO - Started process (PID=77110) to work on /opt/anaconda3/envs/PyTorch/lib/python3.11/site-packages/airflow/example_dags/example_bash_operator.py
[2025-01-15T13:45:16.741+0800] {processor.py:914} INFO - Processing file /opt/anaconda3/envs/PyTorch/lib/python3.11/site-packages/airflow/example_dags/example_bash_operator.py for tasks to queue
[2025-01-15T13:45:16.741+0800] {logging_mixin.py:190} INFO - [2025-01-15T13:45:16.741+0800] {dagbag.py:588} INFO - Filling up the DagBag from /opt/anaconda3/envs/PyTorch/lib/python3.11/site-packages/airflow/example_dags/example_bash_operator.py
[2025-01-15T13:45:16.747+0800] {processor.py:925} INFO - DAG(s) 'example_bash_operator' retrieved from /opt/anaconda3/envs/PyTorch/lib/python3.11/site-packages/airflow/example_dags/example_bash_operator.py
[2025-01-15T13:45:16.788+0800] {logging_mixin.py:190} INFO - [2025-01-15T13:45:16.787+0800] {dag.py:3239} INFO - Sync 1 DAGs
[2025-01-15T13:45:16.837+0800] {logging_mixin.py:190} INFO - [2025-01-15T13:45:16.837+0800] {dag.py:4180} INFO - Setting next_dagrun for example_bash_operator to 2025-01-14 00:00:00+00:00, run_after=2025-01-15 00:00:00+00:00
[2025-01-15T13:45:16.845+0800] {processor.py:208} INFO - Processing /opt/anaconda3/envs/PyTorch/lib/python3.11/site-packages/airflow/example_dags/example_bash_operator.py took 0.106 seconds
[2025-01-15T13:48:21.077+0800] {processor.py:186} INFO - Started process (PID=78887) to work on /opt/anaconda3/envs/PyTorch/lib/python3.11/site-packages/airflow/example_dags/example_bash_operator.py
[2025-01-15T13:48:21.079+0800] {processor.py:914} INFO - Processing file /opt/anaconda3/envs/PyTorch/lib/python3.11/site-packages/airflow/example_dags/example_bash_operator.py for tasks to queue
[2025-01-15T13:48:21.079+0800] {logging_mixin.py:190} INFO - [2025-01-15T13:48:21.079+0800] {dagbag.py:588} INFO - Filling up the DagBag from /opt/anaconda3/envs/PyTorch/lib/python3.11/site-packages/airflow/example_dags/example_bash_operator.py
[2025-01-15T13:48:21.085+0800] {processor.py:925} INFO - DAG(s) 'example_bash_operator' retrieved from /opt/anaconda3/envs/PyTorch/lib/python3.11/site-packages/airflow/example_dags/example_bash_operator.py
[2025-01-15T13:48:21.123+0800] {logging_mixin.py:190} INFO - [2025-01-15T13:48:21.123+0800] {dag.py:3239} INFO - Sync 1 DAGs
[2025-01-15T13:48:21.171+0800] {logging_mixin.py:190} INFO - [2025-01-15T13:48:21.170+0800] {dag.py:4180} INFO - Setting next_dagrun for example_bash_operator to 2025-01-14 00:00:00+00:00, run_after=2025-01-15 00:00:00+00:00
[2025-01-15T13:48:21.177+0800] {processor.py:208} INFO - Processing /opt/anaconda3/envs/PyTorch/lib/python3.11/site-packages/airflow/example_dags/example_bash_operator.py took 0.102 seconds
[2025-01-15T13:51:30.755+0800] {processor.py:186} INFO - Started process (PID=80690) to work on /opt/anaconda3/envs/PyTorch/lib/python3.11/site-packages/airflow/example_dags/example_bash_operator.py
[2025-01-15T13:51:30.756+0800] {processor.py:914} INFO - Processing file /opt/anaconda3/envs/PyTorch/lib/python3.11/site-packages/airflow/example_dags/example_bash_operator.py for tasks to queue
[2025-01-15T13:51:30.756+0800] {logging_mixin.py:190} INFO - [2025-01-15T13:51:30.756+0800] {dagbag.py:588} INFO - Filling up the DagBag from /opt/anaconda3/envs/PyTorch/lib/python3.11/site-packages/airflow/example_dags/example_bash_operator.py
[2025-01-15T13:51:30.762+0800] {processor.py:925} INFO - DAG(s) 'example_bash_operator' retrieved from /opt/anaconda3/envs/PyTorch/lib/python3.11/site-packages/airflow/example_dags/example_bash_operator.py
[2025-01-15T13:51:30.800+0800] {logging_mixin.py:190} INFO - [2025-01-15T13:51:30.800+0800] {dag.py:3239} INFO - Sync 1 DAGs
[2025-01-15T13:51:30.847+0800] {logging_mixin.py:190} INFO - [2025-01-15T13:51:30.847+0800] {dag.py:4180} INFO - Setting next_dagrun for example_bash_operator to 2025-01-14 00:00:00+00:00, run_after=2025-01-15 00:00:00+00:00
[2025-01-15T13:51:30.853+0800] {processor.py:208} INFO - Processing /opt/anaconda3/envs/PyTorch/lib/python3.11/site-packages/airflow/example_dags/example_bash_operator.py took 0.101 seconds
[2025-01-15T13:55:19.358+0800] {processor.py:186} INFO - Started process (PID=82767) to work on /opt/anaconda3/envs/PyTorch/lib/python3.11/site-packages/airflow/example_dags/example_bash_operator.py
[2025-01-15T13:55:19.359+0800] {processor.py:914} INFO - Processing file /opt/anaconda3/envs/PyTorch/lib/python3.11/site-packages/airflow/example_dags/example_bash_operator.py for tasks to queue
[2025-01-15T13:55:19.360+0800] {logging_mixin.py:190} INFO - [2025-01-15T13:55:19.360+0800] {dagbag.py:588} INFO - Filling up the DagBag from /opt/anaconda3/envs/PyTorch/lib/python3.11/site-packages/airflow/example_dags/example_bash_operator.py
[2025-01-15T13:55:19.366+0800] {processor.py:925} INFO - DAG(s) 'example_bash_operator' retrieved from /opt/anaconda3/envs/PyTorch/lib/python3.11/site-packages/airflow/example_dags/example_bash_operator.py
[2025-01-15T13:55:19.407+0800] {logging_mixin.py:190} INFO - [2025-01-15T13:55:19.407+0800] {dag.py:3239} INFO - Sync 1 DAGs
[2025-01-15T13:55:19.455+0800] {logging_mixin.py:190} INFO - [2025-01-15T13:55:19.455+0800] {dag.py:4180} INFO - Setting next_dagrun for example_bash_operator to 2025-01-14 00:00:00+00:00, run_after=2025-01-15 00:00:00+00:00
[2025-01-15T13:55:19.463+0800] {processor.py:208} INFO - Processing /opt/anaconda3/envs/PyTorch/lib/python3.11/site-packages/airflow/example_dags/example_bash_operator.py took 0.106 seconds
[2025-01-15T13:59:14.617+0800] {processor.py:186} INFO - Started process (PID=85101) to work on /opt/anaconda3/envs/PyTorch/lib/python3.11/site-packages/airflow/example_dags/example_bash_operator.py
[2025-01-15T13:59:14.619+0800] {processor.py:914} INFO - Processing file /opt/anaconda3/envs/PyTorch/lib/python3.11/site-packages/airflow/example_dags/example_bash_operator.py for tasks to queue
[2025-01-15T13:59:14.620+0800] {logging_mixin.py:190} INFO - [2025-01-15T13:59:14.620+0800] {dagbag.py:588} INFO - Filling up the DagBag from /opt/anaconda3/envs/PyTorch/lib/python3.11/site-packages/airflow/example_dags/example_bash_operator.py
[2025-01-15T13:59:14.626+0800] {processor.py:925} INFO - DAG(s) 'example_bash_operator' retrieved from /opt/anaconda3/envs/PyTorch/lib/python3.11/site-packages/airflow/example_dags/example_bash_operator.py
[2025-01-15T13:59:14.666+0800] {logging_mixin.py:190} INFO - [2025-01-15T13:59:14.666+0800] {dag.py:3239} INFO - Sync 1 DAGs
[2025-01-15T13:59:14.718+0800] {logging_mixin.py:190} INFO - [2025-01-15T13:59:14.717+0800] {dag.py:4180} INFO - Setting next_dagrun for example_bash_operator to 2025-01-14 00:00:00+00:00, run_after=2025-01-15 00:00:00+00:00
[2025-01-15T13:59:14.726+0800] {processor.py:208} INFO - Processing /opt/anaconda3/envs/PyTorch/lib/python3.11/site-packages/airflow/example_dags/example_bash_operator.py took 0.111 seconds
[2025-01-15T14:03:08.745+0800] {processor.py:186} INFO - Started process (PID=87296) to work on /opt/anaconda3/envs/PyTorch/lib/python3.11/site-packages/airflow/example_dags/example_bash_operator.py
[2025-01-15T14:03:08.746+0800] {processor.py:914} INFO - Processing file /opt/anaconda3/envs/PyTorch/lib/python3.11/site-packages/airflow/example_dags/example_bash_operator.py for tasks to queue
[2025-01-15T14:03:08.747+0800] {logging_mixin.py:190} INFO - [2025-01-15T14:03:08.747+0800] {dagbag.py:588} INFO - Filling up the DagBag from /opt/anaconda3/envs/PyTorch/lib/python3.11/site-packages/airflow/example_dags/example_bash_operator.py
[2025-01-15T14:03:08.752+0800] {processor.py:925} INFO - DAG(s) 'example_bash_operator' retrieved from /opt/anaconda3/envs/PyTorch/lib/python3.11/site-packages/airflow/example_dags/example_bash_operator.py
[2025-01-15T14:03:08.791+0800] {logging_mixin.py:190} INFO - [2025-01-15T14:03:08.791+0800] {dag.py:3239} INFO - Sync 1 DAGs
[2025-01-15T14:03:08.835+0800] {logging_mixin.py:190} INFO - [2025-01-15T14:03:08.835+0800] {dag.py:4180} INFO - Setting next_dagrun for example_bash_operator to 2025-01-14 00:00:00+00:00, run_after=2025-01-15 00:00:00+00:00
[2025-01-15T14:03:08.842+0800] {processor.py:208} INFO - Processing /opt/anaconda3/envs/PyTorch/lib/python3.11/site-packages/airflow/example_dags/example_bash_operator.py took 0.099 seconds
[2025-01-15T14:07:02.837+0800] {processor.py:186} INFO - Started process (PID=89536) to work on /opt/anaconda3/envs/PyTorch/lib/python3.11/site-packages/airflow/example_dags/example_bash_operator.py
[2025-01-15T14:07:02.838+0800] {processor.py:914} INFO - Processing file /opt/anaconda3/envs/PyTorch/lib/python3.11/site-packages/airflow/example_dags/example_bash_operator.py for tasks to queue
[2025-01-15T14:07:02.839+0800] {logging_mixin.py:190} INFO - [2025-01-15T14:07:02.839+0800] {dagbag.py:588} INFO - Filling up the DagBag from /opt/anaconda3/envs/PyTorch/lib/python3.11/site-packages/airflow/example_dags/example_bash_operator.py
[2025-01-15T14:07:02.845+0800] {processor.py:925} INFO - DAG(s) 'example_bash_operator' retrieved from /opt/anaconda3/envs/PyTorch/lib/python3.11/site-packages/airflow/example_dags/example_bash_operator.py
[2025-01-15T14:07:02.887+0800] {logging_mixin.py:190} INFO - [2025-01-15T14:07:02.887+0800] {dag.py:3239} INFO - Sync 1 DAGs
[2025-01-15T14:07:02.939+0800] {logging_mixin.py:190} INFO - [2025-01-15T14:07:02.938+0800] {dag.py:4180} INFO - Setting next_dagrun for example_bash_operator to 2025-01-14 00:00:00+00:00, run_after=2025-01-15 00:00:00+00:00
[2025-01-15T14:07:02.946+0800] {processor.py:208} INFO - Processing /opt/anaconda3/envs/PyTorch/lib/python3.11/site-packages/airflow/example_dags/example_bash_operator.py took 0.111 seconds
[2025-01-15T14:11:06.575+0800] {processor.py:186} INFO - Started process (PID=91846) to work on /opt/anaconda3/envs/PyTorch/lib/python3.11/site-packages/airflow/example_dags/example_bash_operator.py
[2025-01-15T14:11:06.576+0800] {processor.py:914} INFO - Processing file /opt/anaconda3/envs/PyTorch/lib/python3.11/site-packages/airflow/example_dags/example_bash_operator.py for tasks to queue
[2025-01-15T14:11:06.576+0800] {logging_mixin.py:190} INFO - [2025-01-15T14:11:06.576+0800] {dagbag.py:588} INFO - Filling up the DagBag from /opt/anaconda3/envs/PyTorch/lib/python3.11/site-packages/airflow/example_dags/example_bash_operator.py
[2025-01-15T14:11:06.584+0800] {processor.py:925} INFO - DAG(s) 'example_bash_operator' retrieved from /opt/anaconda3/envs/PyTorch/lib/python3.11/site-packages/airflow/example_dags/example_bash_operator.py
[2025-01-15T14:11:06.627+0800] {logging_mixin.py:190} INFO - [2025-01-15T14:11:06.627+0800] {dag.py:3239} INFO - Sync 1 DAGs
[2025-01-15T14:11:06.681+0800] {logging_mixin.py:190} INFO - [2025-01-15T14:11:06.680+0800] {dag.py:4180} INFO - Setting next_dagrun for example_bash_operator to 2025-01-14 00:00:00+00:00, run_after=2025-01-15 00:00:00+00:00
[2025-01-15T14:11:06.688+0800] {processor.py:208} INFO - Processing /opt/anaconda3/envs/PyTorch/lib/python3.11/site-packages/airflow/example_dags/example_bash_operator.py took 0.116 seconds
[2025-01-15T14:14:40.534+0800] {processor.py:186} INFO - Started process (PID=93844) to work on /opt/anaconda3/envs/PyTorch/lib/python3.11/site-packages/airflow/example_dags/example_bash_operator.py
[2025-01-15T14:14:40.535+0800] {processor.py:914} INFO - Processing file /opt/anaconda3/envs/PyTorch/lib/python3.11/site-packages/airflow/example_dags/example_bash_operator.py for tasks to queue
[2025-01-15T14:14:40.535+0800] {logging_mixin.py:190} INFO - [2025-01-15T14:14:40.535+0800] {dagbag.py:588} INFO - Filling up the DagBag from /opt/anaconda3/envs/PyTorch/lib/python3.11/site-packages/airflow/example_dags/example_bash_operator.py
[2025-01-15T14:14:40.541+0800] {processor.py:925} INFO - DAG(s) 'example_bash_operator' retrieved from /opt/anaconda3/envs/PyTorch/lib/python3.11/site-packages/airflow/example_dags/example_bash_operator.py
[2025-01-15T14:14:40.585+0800] {logging_mixin.py:190} INFO - [2025-01-15T14:14:40.585+0800] {dag.py:3239} INFO - Sync 1 DAGs
[2025-01-15T14:14:40.633+0800] {logging_mixin.py:190} INFO - [2025-01-15T14:14:40.633+0800] {dag.py:4180} INFO - Setting next_dagrun for example_bash_operator to 2025-01-14 00:00:00+00:00, run_after=2025-01-15 00:00:00+00:00
[2025-01-15T14:14:40.639+0800] {processor.py:208} INFO - Processing /opt/anaconda3/envs/PyTorch/lib/python3.11/site-packages/airflow/example_dags/example_bash_operator.py took 0.107 seconds
[2025-01-15T14:18:37.195+0800] {processor.py:186} INFO - Started process (PID=96061) to work on /opt/anaconda3/envs/PyTorch/lib/python3.11/site-packages/airflow/example_dags/example_bash_operator.py
[2025-01-15T14:18:37.197+0800] {processor.py:914} INFO - Processing file /opt/anaconda3/envs/PyTorch/lib/python3.11/site-packages/airflow/example_dags/example_bash_operator.py for tasks to queue
[2025-01-15T14:18:37.198+0800] {logging_mixin.py:190} INFO - [2025-01-15T14:18:37.198+0800] {dagbag.py:588} INFO - Filling up the DagBag from /opt/anaconda3/envs/PyTorch/lib/python3.11/site-packages/airflow/example_dags/example_bash_operator.py
[2025-01-15T14:18:37.204+0800] {processor.py:925} INFO - DAG(s) 'example_bash_operator' retrieved from /opt/anaconda3/envs/PyTorch/lib/python3.11/site-packages/airflow/example_dags/example_bash_operator.py
[2025-01-15T14:18:37.245+0800] {logging_mixin.py:190} INFO - [2025-01-15T14:18:37.244+0800] {dag.py:3239} INFO - Sync 1 DAGs
[2025-01-15T14:18:37.297+0800] {logging_mixin.py:190} INFO - [2025-01-15T14:18:37.296+0800] {dag.py:4180} INFO - Setting next_dagrun for example_bash_operator to 2025-01-14 00:00:00+00:00, run_after=2025-01-15 00:00:00+00:00
[2025-01-15T14:18:37.304+0800] {processor.py:208} INFO - Processing /opt/anaconda3/envs/PyTorch/lib/python3.11/site-packages/airflow/example_dags/example_bash_operator.py took 0.111 seconds
[2025-01-15T14:22:31.567+0800] {processor.py:186} INFO - Started process (PID=98193) to work on /opt/anaconda3/envs/PyTorch/lib/python3.11/site-packages/airflow/example_dags/example_bash_operator.py
[2025-01-15T14:22:31.568+0800] {processor.py:914} INFO - Processing file /opt/anaconda3/envs/PyTorch/lib/python3.11/site-packages/airflow/example_dags/example_bash_operator.py for tasks to queue
[2025-01-15T14:22:31.568+0800] {logging_mixin.py:190} INFO - [2025-01-15T14:22:31.568+0800] {dagbag.py:588} INFO - Filling up the DagBag from /opt/anaconda3/envs/PyTorch/lib/python3.11/site-packages/airflow/example_dags/example_bash_operator.py
[2025-01-15T14:22:31.575+0800] {processor.py:925} INFO - DAG(s) 'example_bash_operator' retrieved from /opt/anaconda3/envs/PyTorch/lib/python3.11/site-packages/airflow/example_dags/example_bash_operator.py
[2025-01-15T14:22:31.618+0800] {logging_mixin.py:190} INFO - [2025-01-15T14:22:31.618+0800] {dag.py:3239} INFO - Sync 1 DAGs
[2025-01-15T14:22:31.671+0800] {logging_mixin.py:190} INFO - [2025-01-15T14:22:31.670+0800] {dag.py:4180} INFO - Setting next_dagrun for example_bash_operator to 2025-01-14 00:00:00+00:00, run_after=2025-01-15 00:00:00+00:00
[2025-01-15T14:22:31.679+0800] {processor.py:208} INFO - Processing /opt/anaconda3/envs/PyTorch/lib/python3.11/site-packages/airflow/example_dags/example_bash_operator.py took 0.114 seconds
[2025-01-15T14:26:15.309+0800] {processor.py:186} INFO - Started process (PID=416) to work on /opt/anaconda3/envs/PyTorch/lib/python3.11/site-packages/airflow/example_dags/example_bash_operator.py
[2025-01-15T14:26:15.311+0800] {processor.py:914} INFO - Processing file /opt/anaconda3/envs/PyTorch/lib/python3.11/site-packages/airflow/example_dags/example_bash_operator.py for tasks to queue
[2025-01-15T14:26:15.311+0800] {logging_mixin.py:190} INFO - [2025-01-15T14:26:15.311+0800] {dagbag.py:588} INFO - Filling up the DagBag from /opt/anaconda3/envs/PyTorch/lib/python3.11/site-packages/airflow/example_dags/example_bash_operator.py
[2025-01-15T14:26:15.317+0800] {processor.py:925} INFO - DAG(s) 'example_bash_operator' retrieved from /opt/anaconda3/envs/PyTorch/lib/python3.11/site-packages/airflow/example_dags/example_bash_operator.py
[2025-01-15T14:26:15.357+0800] {logging_mixin.py:190} INFO - [2025-01-15T14:26:15.357+0800] {dag.py:3239} INFO - Sync 1 DAGs
[2025-01-15T14:26:15.407+0800] {logging_mixin.py:190} INFO - [2025-01-15T14:26:15.407+0800] {dag.py:4180} INFO - Setting next_dagrun for example_bash_operator to 2025-01-14 00:00:00+00:00, run_after=2025-01-15 00:00:00+00:00
[2025-01-15T14:26:15.414+0800] {processor.py:208} INFO - Processing /opt/anaconda3/envs/PyTorch/lib/python3.11/site-packages/airflow/example_dags/example_bash_operator.py took 0.107 seconds
[2025-01-15T14:29:47.895+0800] {processor.py:186} INFO - Started process (PID=3098) to work on /opt/anaconda3/envs/PyTorch/lib/python3.11/site-packages/airflow/example_dags/example_bash_operator.py
[2025-01-15T14:29:47.896+0800] {processor.py:914} INFO - Processing file /opt/anaconda3/envs/PyTorch/lib/python3.11/site-packages/airflow/example_dags/example_bash_operator.py for tasks to queue
[2025-01-15T14:29:47.897+0800] {logging_mixin.py:190} INFO - [2025-01-15T14:29:47.897+0800] {dagbag.py:588} INFO - Filling up the DagBag from /opt/anaconda3/envs/PyTorch/lib/python3.11/site-packages/airflow/example_dags/example_bash_operator.py
[2025-01-15T14:29:47.903+0800] {processor.py:925} INFO - DAG(s) 'example_bash_operator' retrieved from /opt/anaconda3/envs/PyTorch/lib/python3.11/site-packages/airflow/example_dags/example_bash_operator.py
[2025-01-15T14:29:47.943+0800] {logging_mixin.py:190} INFO - [2025-01-15T14:29:47.943+0800] {dag.py:3239} INFO - Sync 1 DAGs
[2025-01-15T14:29:47.988+0800] {logging_mixin.py:190} INFO - [2025-01-15T14:29:47.988+0800] {dag.py:4180} INFO - Setting next_dagrun for example_bash_operator to 2025-01-14 00:00:00+00:00, run_after=2025-01-15 00:00:00+00:00
[2025-01-15T14:29:47.995+0800] {processor.py:208} INFO - Processing /opt/anaconda3/envs/PyTorch/lib/python3.11/site-packages/airflow/example_dags/example_bash_operator.py took 0.102 seconds
