[2025-01-15T11:50:21.400+0800] {processor.py:186} INFO - Started process (PID=15262) to work on /opt/anaconda3/envs/PyTorch/lib/python3.11/site-packages/airflow/example_dags/example_latest_only_with_trigger.py
[2025-01-15T11:50:21.400+0800] {processor.py:914} INFO - Processing file /opt/anaconda3/envs/PyTorch/lib/python3.11/site-packages/airflow/example_dags/example_latest_only_with_trigger.py for tasks to queue
[2025-01-15T11:50:21.401+0800] {logging_mixin.py:190} INFO - [2025-01-15T11:50:21.401+0800] {dagbag.py:588} INFO - Filling up the DagBag from /opt/anaconda3/envs/PyTorch/lib/python3.11/site-packages/airflow/example_dags/example_latest_only_with_trigger.py
[2025-01-15T11:50:21.406+0800] {processor.py:925} INFO - DAG(s) 'latest_only_with_trigger' retrieved from /opt/anaconda3/envs/PyTorch/lib/python3.11/site-packages/airflow/example_dags/example_latest_only_with_trigger.py
[2025-01-15T11:50:21.513+0800] {logging_mixin.py:190} INFO - [2025-01-15T11:50:21.513+0800] {override.py:1912} INFO - Created Permission View: can edit on DAG:latest_only_with_trigger
[2025-01-15T11:50:21.516+0800] {logging_mixin.py:190} INFO - [2025-01-15T11:50:21.516+0800] {override.py:1912} INFO - Created Permission View: can read on DAG:latest_only_with_trigger
[2025-01-15T11:50:21.518+0800] {logging_mixin.py:190} INFO - [2025-01-15T11:50:21.518+0800] {override.py:1912} INFO - Created Permission View: can delete on DAG:latest_only_with_trigger
[2025-01-15T11:50:21.521+0800] {logging_mixin.py:190} INFO - [2025-01-15T11:50:21.520+0800] {override.py:1912} INFO - Created Permission View: can create on DAG Run:latest_only_with_trigger
[2025-01-15T11:50:21.522+0800] {logging_mixin.py:190} INFO - [2025-01-15T11:50:21.522+0800] {override.py:1912} INFO - Created Permission View: menu access on DAG Run:latest_only_with_trigger
[2025-01-15T11:50:21.524+0800] {logging_mixin.py:190} INFO - [2025-01-15T11:50:21.524+0800] {override.py:1912} INFO - Created Permission View: can read on DAG Run:latest_only_with_trigger
[2025-01-15T11:50:21.526+0800] {logging_mixin.py:190} INFO - [2025-01-15T11:50:21.526+0800] {override.py:1912} INFO - Created Permission View: can delete on DAG Run:latest_only_with_trigger
[2025-01-15T11:50:21.526+0800] {logging_mixin.py:190} INFO - [2025-01-15T11:50:21.526+0800] {dag.py:3239} INFO - Sync 1 DAGs
[2025-01-15T11:50:21.530+0800] {logging_mixin.py:190} INFO - [2025-01-15T11:50:21.529+0800] {dag.py:3262} INFO - Creating ORM DAG for latest_only_with_trigger
[2025-01-15T11:50:21.533+0800] {logging_mixin.py:190} INFO - [2025-01-15T11:50:21.533+0800] {dag.py:4180} INFO - Setting next_dagrun for latest_only_with_trigger to 2025-01-14 20:00:00+00:00, run_after=2025-01-15 00:00:00+00:00
[2025-01-15T11:50:21.538+0800] {processor.py:208} INFO - Processing /opt/anaconda3/envs/PyTorch/lib/python3.11/site-packages/airflow/example_dags/example_latest_only_with_trigger.py took 0.140 seconds
[2025-01-15T11:56:53.688+0800] {processor.py:186} INFO - Started process (PID=18542) to work on /opt/anaconda3/envs/PyTorch/lib/python3.11/site-packages/airflow/example_dags/example_latest_only_with_trigger.py
[2025-01-15T11:56:53.689+0800] {processor.py:914} INFO - Processing file /opt/anaconda3/envs/PyTorch/lib/python3.11/site-packages/airflow/example_dags/example_latest_only_with_trigger.py for tasks to queue
[2025-01-15T11:56:53.690+0800] {logging_mixin.py:190} INFO - [2025-01-15T11:56:53.690+0800] {dagbag.py:588} INFO - Filling up the DagBag from /opt/anaconda3/envs/PyTorch/lib/python3.11/site-packages/airflow/example_dags/example_latest_only_with_trigger.py
[2025-01-15T11:56:53.694+0800] {processor.py:925} INFO - DAG(s) 'latest_only_with_trigger' retrieved from /opt/anaconda3/envs/PyTorch/lib/python3.11/site-packages/airflow/example_dags/example_latest_only_with_trigger.py
[2025-01-15T11:56:53.730+0800] {logging_mixin.py:190} INFO - [2025-01-15T11:56:53.730+0800] {dag.py:3239} INFO - Sync 1 DAGs
[2025-01-15T11:56:53.737+0800] {logging_mixin.py:190} INFO - [2025-01-15T11:56:53.736+0800] {dag.py:4180} INFO - Setting next_dagrun for latest_only_with_trigger to 2025-01-14 20:00:00+00:00, run_after=2025-01-15 00:00:00+00:00
[2025-01-15T11:56:53.782+0800] {processor.py:208} INFO - Processing /opt/anaconda3/envs/PyTorch/lib/python3.11/site-packages/airflow/example_dags/example_latest_only_with_trigger.py took 0.096 seconds
[2025-01-15T11:58:49.304+0800] {processor.py:186} INFO - Started process (PID=19579) to work on /opt/anaconda3/envs/PyTorch/lib/python3.11/site-packages/airflow/example_dags/example_latest_only_with_trigger.py
[2025-01-15T11:58:49.306+0800] {processor.py:914} INFO - Processing file /opt/anaconda3/envs/PyTorch/lib/python3.11/site-packages/airflow/example_dags/example_latest_only_with_trigger.py for tasks to queue
[2025-01-15T11:58:49.307+0800] {logging_mixin.py:190} INFO - [2025-01-15T11:58:49.306+0800] {dagbag.py:588} INFO - Filling up the DagBag from /opt/anaconda3/envs/PyTorch/lib/python3.11/site-packages/airflow/example_dags/example_latest_only_with_trigger.py
[2025-01-15T11:58:49.310+0800] {processor.py:925} INFO - DAG(s) 'latest_only_with_trigger' retrieved from /opt/anaconda3/envs/PyTorch/lib/python3.11/site-packages/airflow/example_dags/example_latest_only_with_trigger.py
[2025-01-15T11:58:49.347+0800] {logging_mixin.py:190} INFO - [2025-01-15T11:58:49.347+0800] {dag.py:3239} INFO - Sync 1 DAGs
[2025-01-15T11:58:49.354+0800] {logging_mixin.py:190} INFO - [2025-01-15T11:58:49.354+0800] {dag.py:4180} INFO - Setting next_dagrun for latest_only_with_trigger to 2025-01-14 20:00:00+00:00, run_after=2025-01-15 00:00:00+00:00
[2025-01-15T11:58:49.403+0800] {processor.py:208} INFO - Processing /opt/anaconda3/envs/PyTorch/lib/python3.11/site-packages/airflow/example_dags/example_latest_only_with_trigger.py took 0.100 seconds
[2025-01-15T12:00:47.056+0800] {processor.py:186} INFO - Started process (PID=20634) to work on /opt/anaconda3/envs/PyTorch/lib/python3.11/site-packages/airflow/example_dags/example_latest_only_with_trigger.py
[2025-01-15T12:00:47.057+0800] {processor.py:914} INFO - Processing file /opt/anaconda3/envs/PyTorch/lib/python3.11/site-packages/airflow/example_dags/example_latest_only_with_trigger.py for tasks to queue
[2025-01-15T12:00:47.058+0800] {logging_mixin.py:190} INFO - [2025-01-15T12:00:47.058+0800] {dagbag.py:588} INFO - Filling up the DagBag from /opt/anaconda3/envs/PyTorch/lib/python3.11/site-packages/airflow/example_dags/example_latest_only_with_trigger.py
[2025-01-15T12:00:47.062+0800] {processor.py:925} INFO - DAG(s) 'latest_only_with_trigger' retrieved from /opt/anaconda3/envs/PyTorch/lib/python3.11/site-packages/airflow/example_dags/example_latest_only_with_trigger.py
[2025-01-15T12:00:47.099+0800] {logging_mixin.py:190} INFO - [2025-01-15T12:00:47.099+0800] {dag.py:3239} INFO - Sync 1 DAGs
[2025-01-15T12:00:47.106+0800] {logging_mixin.py:190} INFO - [2025-01-15T12:00:47.106+0800] {dag.py:4180} INFO - Setting next_dagrun for latest_only_with_trigger to 2025-01-15 00:00:00+00:00, run_after=2025-01-15 04:00:00+00:00
[2025-01-15T12:00:47.151+0800] {processor.py:208} INFO - Processing /opt/anaconda3/envs/PyTorch/lib/python3.11/site-packages/airflow/example_dags/example_latest_only_with_trigger.py took 0.097 seconds
[2025-01-15T12:03:40.826+0800] {processor.py:186} INFO - Started process (PID=22164) to work on /opt/anaconda3/envs/PyTorch/lib/python3.11/site-packages/airflow/example_dags/example_latest_only_with_trigger.py
[2025-01-15T12:03:40.827+0800] {processor.py:914} INFO - Processing file /opt/anaconda3/envs/PyTorch/lib/python3.11/site-packages/airflow/example_dags/example_latest_only_with_trigger.py for tasks to queue
[2025-01-15T12:03:40.828+0800] {logging_mixin.py:190} INFO - [2025-01-15T12:03:40.828+0800] {dagbag.py:588} INFO - Filling up the DagBag from /opt/anaconda3/envs/PyTorch/lib/python3.11/site-packages/airflow/example_dags/example_latest_only_with_trigger.py
[2025-01-15T12:03:40.832+0800] {processor.py:925} INFO - DAG(s) 'latest_only_with_trigger' retrieved from /opt/anaconda3/envs/PyTorch/lib/python3.11/site-packages/airflow/example_dags/example_latest_only_with_trigger.py
[2025-01-15T12:03:40.868+0800] {logging_mixin.py:190} INFO - [2025-01-15T12:03:40.868+0800] {dag.py:3239} INFO - Sync 1 DAGs
[2025-01-15T12:03:40.875+0800] {logging_mixin.py:190} INFO - [2025-01-15T12:03:40.875+0800] {dag.py:4180} INFO - Setting next_dagrun for latest_only_with_trigger to 2025-01-15 00:00:00+00:00, run_after=2025-01-15 04:00:00+00:00
[2025-01-15T12:03:40.918+0800] {processor.py:208} INFO - Processing /opt/anaconda3/envs/PyTorch/lib/python3.11/site-packages/airflow/example_dags/example_latest_only_with_trigger.py took 0.093 seconds
[2025-01-15T12:06:33.727+0800] {processor.py:186} INFO - Started process (PID=23727) to work on /opt/anaconda3/envs/PyTorch/lib/python3.11/site-packages/airflow/example_dags/example_latest_only_with_trigger.py
[2025-01-15T12:06:33.728+0800] {processor.py:914} INFO - Processing file /opt/anaconda3/envs/PyTorch/lib/python3.11/site-packages/airflow/example_dags/example_latest_only_with_trigger.py for tasks to queue
[2025-01-15T12:06:33.729+0800] {logging_mixin.py:190} INFO - [2025-01-15T12:06:33.729+0800] {dagbag.py:588} INFO - Filling up the DagBag from /opt/anaconda3/envs/PyTorch/lib/python3.11/site-packages/airflow/example_dags/example_latest_only_with_trigger.py
[2025-01-15T12:06:33.733+0800] {processor.py:925} INFO - DAG(s) 'latest_only_with_trigger' retrieved from /opt/anaconda3/envs/PyTorch/lib/python3.11/site-packages/airflow/example_dags/example_latest_only_with_trigger.py
[2025-01-15T12:06:33.770+0800] {logging_mixin.py:190} INFO - [2025-01-15T12:06:33.770+0800] {dag.py:3239} INFO - Sync 1 DAGs
[2025-01-15T12:06:33.779+0800] {logging_mixin.py:190} INFO - [2025-01-15T12:06:33.778+0800] {dag.py:4180} INFO - Setting next_dagrun for latest_only_with_trigger to 2025-01-15 00:00:00+00:00, run_after=2025-01-15 04:00:00+00:00
[2025-01-15T12:06:33.824+0800] {processor.py:208} INFO - Processing /opt/anaconda3/envs/PyTorch/lib/python3.11/site-packages/airflow/example_dags/example_latest_only_with_trigger.py took 0.098 seconds
[2025-01-15T12:09:29.967+0800] {processor.py:186} INFO - Started process (PID=25321) to work on /opt/anaconda3/envs/PyTorch/lib/python3.11/site-packages/airflow/example_dags/example_latest_only_with_trigger.py
[2025-01-15T12:09:29.968+0800] {processor.py:914} INFO - Processing file /opt/anaconda3/envs/PyTorch/lib/python3.11/site-packages/airflow/example_dags/example_latest_only_with_trigger.py for tasks to queue
[2025-01-15T12:09:29.968+0800] {logging_mixin.py:190} INFO - [2025-01-15T12:09:29.968+0800] {dagbag.py:588} INFO - Filling up the DagBag from /opt/anaconda3/envs/PyTorch/lib/python3.11/site-packages/airflow/example_dags/example_latest_only_with_trigger.py
[2025-01-15T12:09:29.972+0800] {processor.py:925} INFO - DAG(s) 'latest_only_with_trigger' retrieved from /opt/anaconda3/envs/PyTorch/lib/python3.11/site-packages/airflow/example_dags/example_latest_only_with_trigger.py
[2025-01-15T12:09:30.010+0800] {logging_mixin.py:190} INFO - [2025-01-15T12:09:30.010+0800] {dag.py:3239} INFO - Sync 1 DAGs
[2025-01-15T12:09:30.017+0800] {logging_mixin.py:190} INFO - [2025-01-15T12:09:30.017+0800] {dag.py:4180} INFO - Setting next_dagrun for latest_only_with_trigger to 2025-01-15 00:00:00+00:00, run_after=2025-01-15 04:00:00+00:00
[2025-01-15T12:09:30.062+0800] {processor.py:208} INFO - Processing /opt/anaconda3/envs/PyTorch/lib/python3.11/site-packages/airflow/example_dags/example_latest_only_with_trigger.py took 0.096 seconds
[2025-01-15T12:12:27.456+0800] {processor.py:186} INFO - Started process (PID=26932) to work on /opt/anaconda3/envs/PyTorch/lib/python3.11/site-packages/airflow/example_dags/example_latest_only_with_trigger.py
[2025-01-15T12:12:27.457+0800] {processor.py:914} INFO - Processing file /opt/anaconda3/envs/PyTorch/lib/python3.11/site-packages/airflow/example_dags/example_latest_only_with_trigger.py for tasks to queue
[2025-01-15T12:12:27.457+0800] {logging_mixin.py:190} INFO - [2025-01-15T12:12:27.457+0800] {dagbag.py:588} INFO - Filling up the DagBag from /opt/anaconda3/envs/PyTorch/lib/python3.11/site-packages/airflow/example_dags/example_latest_only_with_trigger.py
[2025-01-15T12:12:27.461+0800] {processor.py:925} INFO - DAG(s) 'latest_only_with_trigger' retrieved from /opt/anaconda3/envs/PyTorch/lib/python3.11/site-packages/airflow/example_dags/example_latest_only_with_trigger.py
[2025-01-15T12:12:27.503+0800] {logging_mixin.py:190} INFO - [2025-01-15T12:12:27.502+0800] {dag.py:3239} INFO - Sync 1 DAGs
[2025-01-15T12:12:27.510+0800] {logging_mixin.py:190} INFO - [2025-01-15T12:12:27.510+0800] {dag.py:4180} INFO - Setting next_dagrun for latest_only_with_trigger to 2025-01-15 00:00:00+00:00, run_after=2025-01-15 04:00:00+00:00
[2025-01-15T12:12:27.556+0800] {processor.py:208} INFO - Processing /opt/anaconda3/envs/PyTorch/lib/python3.11/site-packages/airflow/example_dags/example_latest_only_with_trigger.py took 0.102 seconds
[2025-01-15T12:15:24.131+0800] {processor.py:186} INFO - Started process (PID=28477) to work on /opt/anaconda3/envs/PyTorch/lib/python3.11/site-packages/airflow/example_dags/example_latest_only_with_trigger.py
[2025-01-15T12:15:24.133+0800] {processor.py:914} INFO - Processing file /opt/anaconda3/envs/PyTorch/lib/python3.11/site-packages/airflow/example_dags/example_latest_only_with_trigger.py for tasks to queue
[2025-01-15T12:15:24.133+0800] {logging_mixin.py:190} INFO - [2025-01-15T12:15:24.133+0800] {dagbag.py:588} INFO - Filling up the DagBag from /opt/anaconda3/envs/PyTorch/lib/python3.11/site-packages/airflow/example_dags/example_latest_only_with_trigger.py
[2025-01-15T12:15:24.137+0800] {processor.py:925} INFO - DAG(s) 'latest_only_with_trigger' retrieved from /opt/anaconda3/envs/PyTorch/lib/python3.11/site-packages/airflow/example_dags/example_latest_only_with_trigger.py
[2025-01-15T12:15:24.174+0800] {logging_mixin.py:190} INFO - [2025-01-15T12:15:24.174+0800] {dag.py:3239} INFO - Sync 1 DAGs
[2025-01-15T12:15:24.181+0800] {logging_mixin.py:190} INFO - [2025-01-15T12:15:24.181+0800] {dag.py:4180} INFO - Setting next_dagrun for latest_only_with_trigger to 2025-01-15 00:00:00+00:00, run_after=2025-01-15 04:00:00+00:00
[2025-01-15T12:15:24.225+0800] {processor.py:208} INFO - Processing /opt/anaconda3/envs/PyTorch/lib/python3.11/site-packages/airflow/example_dags/example_latest_only_with_trigger.py took 0.096 seconds
[2025-01-15T12:18:20.679+0800] {processor.py:186} INFO - Started process (PID=30046) to work on /opt/anaconda3/envs/PyTorch/lib/python3.11/site-packages/airflow/example_dags/example_latest_only_with_trigger.py
[2025-01-15T12:18:20.680+0800] {processor.py:914} INFO - Processing file /opt/anaconda3/envs/PyTorch/lib/python3.11/site-packages/airflow/example_dags/example_latest_only_with_trigger.py for tasks to queue
[2025-01-15T12:18:20.680+0800] {logging_mixin.py:190} INFO - [2025-01-15T12:18:20.680+0800] {dagbag.py:588} INFO - Filling up the DagBag from /opt/anaconda3/envs/PyTorch/lib/python3.11/site-packages/airflow/example_dags/example_latest_only_with_trigger.py
[2025-01-15T12:18:20.684+0800] {processor.py:925} INFO - DAG(s) 'latest_only_with_trigger' retrieved from /opt/anaconda3/envs/PyTorch/lib/python3.11/site-packages/airflow/example_dags/example_latest_only_with_trigger.py
[2025-01-15T12:18:20.722+0800] {logging_mixin.py:190} INFO - [2025-01-15T12:18:20.721+0800] {dag.py:3239} INFO - Sync 1 DAGs
[2025-01-15T12:18:20.729+0800] {logging_mixin.py:190} INFO - [2025-01-15T12:18:20.729+0800] {dag.py:4180} INFO - Setting next_dagrun for latest_only_with_trigger to 2025-01-15 00:00:00+00:00, run_after=2025-01-15 04:00:00+00:00
[2025-01-15T12:18:20.776+0800] {processor.py:208} INFO - Processing /opt/anaconda3/envs/PyTorch/lib/python3.11/site-packages/airflow/example_dags/example_latest_only_with_trigger.py took 0.098 seconds
[2025-01-15T12:21:19.216+0800] {processor.py:186} INFO - Started process (PID=31616) to work on /opt/anaconda3/envs/PyTorch/lib/python3.11/site-packages/airflow/example_dags/example_latest_only_with_trigger.py
[2025-01-15T12:21:19.217+0800] {processor.py:914} INFO - Processing file /opt/anaconda3/envs/PyTorch/lib/python3.11/site-packages/airflow/example_dags/example_latest_only_with_trigger.py for tasks to queue
[2025-01-15T12:21:19.218+0800] {logging_mixin.py:190} INFO - [2025-01-15T12:21:19.218+0800] {dagbag.py:588} INFO - Filling up the DagBag from /opt/anaconda3/envs/PyTorch/lib/python3.11/site-packages/airflow/example_dags/example_latest_only_with_trigger.py
[2025-01-15T12:21:19.222+0800] {processor.py:925} INFO - DAG(s) 'latest_only_with_trigger' retrieved from /opt/anaconda3/envs/PyTorch/lib/python3.11/site-packages/airflow/example_dags/example_latest_only_with_trigger.py
[2025-01-15T12:21:19.259+0800] {logging_mixin.py:190} INFO - [2025-01-15T12:21:19.258+0800] {dag.py:3239} INFO - Sync 1 DAGs
[2025-01-15T12:21:19.265+0800] {logging_mixin.py:190} INFO - [2025-01-15T12:21:19.265+0800] {dag.py:4180} INFO - Setting next_dagrun for latest_only_with_trigger to 2025-01-15 00:00:00+00:00, run_after=2025-01-15 04:00:00+00:00
[2025-01-15T12:21:19.312+0800] {processor.py:208} INFO - Processing /opt/anaconda3/envs/PyTorch/lib/python3.11/site-packages/airflow/example_dags/example_latest_only_with_trigger.py took 0.099 seconds
[2025-01-15T12:24:23.669+0800] {processor.py:186} INFO - Started process (PID=33251) to work on /opt/anaconda3/envs/PyTorch/lib/python3.11/site-packages/airflow/example_dags/example_latest_only_with_trigger.py
[2025-01-15T12:24:23.670+0800] {processor.py:914} INFO - Processing file /opt/anaconda3/envs/PyTorch/lib/python3.11/site-packages/airflow/example_dags/example_latest_only_with_trigger.py for tasks to queue
[2025-01-15T12:24:23.671+0800] {logging_mixin.py:190} INFO - [2025-01-15T12:24:23.671+0800] {dagbag.py:588} INFO - Filling up the DagBag from /opt/anaconda3/envs/PyTorch/lib/python3.11/site-packages/airflow/example_dags/example_latest_only_with_trigger.py
[2025-01-15T12:24:23.674+0800] {processor.py:925} INFO - DAG(s) 'latest_only_with_trigger' retrieved from /opt/anaconda3/envs/PyTorch/lib/python3.11/site-packages/airflow/example_dags/example_latest_only_with_trigger.py
[2025-01-15T12:24:23.711+0800] {logging_mixin.py:190} INFO - [2025-01-15T12:24:23.711+0800] {dag.py:3239} INFO - Sync 1 DAGs
[2025-01-15T12:24:23.718+0800] {logging_mixin.py:190} INFO - [2025-01-15T12:24:23.718+0800] {dag.py:4180} INFO - Setting next_dagrun for latest_only_with_trigger to 2025-01-15 00:00:00+00:00, run_after=2025-01-15 04:00:00+00:00
[2025-01-15T12:24:23.762+0800] {processor.py:208} INFO - Processing /opt/anaconda3/envs/PyTorch/lib/python3.11/site-packages/airflow/example_dags/example_latest_only_with_trigger.py took 0.095 seconds
[2025-01-15T12:27:18.937+0800] {processor.py:186} INFO - Started process (PID=34800) to work on /opt/anaconda3/envs/PyTorch/lib/python3.11/site-packages/airflow/example_dags/example_latest_only_with_trigger.py
[2025-01-15T12:27:18.939+0800] {processor.py:914} INFO - Processing file /opt/anaconda3/envs/PyTorch/lib/python3.11/site-packages/airflow/example_dags/example_latest_only_with_trigger.py for tasks to queue
[2025-01-15T12:27:18.939+0800] {logging_mixin.py:190} INFO - [2025-01-15T12:27:18.939+0800] {dagbag.py:588} INFO - Filling up the DagBag from /opt/anaconda3/envs/PyTorch/lib/python3.11/site-packages/airflow/example_dags/example_latest_only_with_trigger.py
[2025-01-15T12:27:18.944+0800] {processor.py:925} INFO - DAG(s) 'latest_only_with_trigger' retrieved from /opt/anaconda3/envs/PyTorch/lib/python3.11/site-packages/airflow/example_dags/example_latest_only_with_trigger.py
[2025-01-15T12:27:18.980+0800] {logging_mixin.py:190} INFO - [2025-01-15T12:27:18.980+0800] {dag.py:3239} INFO - Sync 1 DAGs
[2025-01-15T12:27:18.987+0800] {logging_mixin.py:190} INFO - [2025-01-15T12:27:18.987+0800] {dag.py:4180} INFO - Setting next_dagrun for latest_only_with_trigger to 2025-01-15 00:00:00+00:00, run_after=2025-01-15 04:00:00+00:00
[2025-01-15T12:27:19.034+0800] {processor.py:208} INFO - Processing /opt/anaconda3/envs/PyTorch/lib/python3.11/site-packages/airflow/example_dags/example_latest_only_with_trigger.py took 0.098 seconds
[2025-01-15T12:30:15.986+0800] {processor.py:186} INFO - Started process (PID=36349) to work on /opt/anaconda3/envs/PyTorch/lib/python3.11/site-packages/airflow/example_dags/example_latest_only_with_trigger.py
[2025-01-15T12:30:15.988+0800] {processor.py:914} INFO - Processing file /opt/anaconda3/envs/PyTorch/lib/python3.11/site-packages/airflow/example_dags/example_latest_only_with_trigger.py for tasks to queue
[2025-01-15T12:30:15.988+0800] {logging_mixin.py:190} INFO - [2025-01-15T12:30:15.988+0800] {dagbag.py:588} INFO - Filling up the DagBag from /opt/anaconda3/envs/PyTorch/lib/python3.11/site-packages/airflow/example_dags/example_latest_only_with_trigger.py
[2025-01-15T12:30:15.992+0800] {processor.py:925} INFO - DAG(s) 'latest_only_with_trigger' retrieved from /opt/anaconda3/envs/PyTorch/lib/python3.11/site-packages/airflow/example_dags/example_latest_only_with_trigger.py
[2025-01-15T12:30:16.029+0800] {logging_mixin.py:190} INFO - [2025-01-15T12:30:16.029+0800] {dag.py:3239} INFO - Sync 1 DAGs
[2025-01-15T12:30:16.036+0800] {logging_mixin.py:190} INFO - [2025-01-15T12:30:16.036+0800] {dag.py:4180} INFO - Setting next_dagrun for latest_only_with_trigger to 2025-01-15 00:00:00+00:00, run_after=2025-01-15 04:00:00+00:00
[2025-01-15T12:30:16.080+0800] {processor.py:208} INFO - Processing /opt/anaconda3/envs/PyTorch/lib/python3.11/site-packages/airflow/example_dags/example_latest_only_with_trigger.py took 0.096 seconds
[2025-01-15T12:33:11.572+0800] {processor.py:186} INFO - Started process (PID=37871) to work on /opt/anaconda3/envs/PyTorch/lib/python3.11/site-packages/airflow/example_dags/example_latest_only_with_trigger.py
[2025-01-15T12:33:11.574+0800] {processor.py:914} INFO - Processing file /opt/anaconda3/envs/PyTorch/lib/python3.11/site-packages/airflow/example_dags/example_latest_only_with_trigger.py for tasks to queue
[2025-01-15T12:33:11.574+0800] {logging_mixin.py:190} INFO - [2025-01-15T12:33:11.574+0800] {dagbag.py:588} INFO - Filling up the DagBag from /opt/anaconda3/envs/PyTorch/lib/python3.11/site-packages/airflow/example_dags/example_latest_only_with_trigger.py
[2025-01-15T12:33:11.578+0800] {processor.py:925} INFO - DAG(s) 'latest_only_with_trigger' retrieved from /opt/anaconda3/envs/PyTorch/lib/python3.11/site-packages/airflow/example_dags/example_latest_only_with_trigger.py
[2025-01-15T12:33:11.614+0800] {logging_mixin.py:190} INFO - [2025-01-15T12:33:11.614+0800] {dag.py:3239} INFO - Sync 1 DAGs
[2025-01-15T12:33:11.621+0800] {logging_mixin.py:190} INFO - [2025-01-15T12:33:11.621+0800] {dag.py:4180} INFO - Setting next_dagrun for latest_only_with_trigger to 2025-01-15 00:00:00+00:00, run_after=2025-01-15 04:00:00+00:00
[2025-01-15T12:33:11.664+0800] {processor.py:208} INFO - Processing /opt/anaconda3/envs/PyTorch/lib/python3.11/site-packages/airflow/example_dags/example_latest_only_with_trigger.py took 0.094 seconds
[2025-01-15T12:36:09.779+0800] {processor.py:186} INFO - Started process (PID=39455) to work on /opt/anaconda3/envs/PyTorch/lib/python3.11/site-packages/airflow/example_dags/example_latest_only_with_trigger.py
[2025-01-15T12:36:09.780+0800] {processor.py:914} INFO - Processing file /opt/anaconda3/envs/PyTorch/lib/python3.11/site-packages/airflow/example_dags/example_latest_only_with_trigger.py for tasks to queue
[2025-01-15T12:36:09.781+0800] {logging_mixin.py:190} INFO - [2025-01-15T12:36:09.780+0800] {dagbag.py:588} INFO - Filling up the DagBag from /opt/anaconda3/envs/PyTorch/lib/python3.11/site-packages/airflow/example_dags/example_latest_only_with_trigger.py
[2025-01-15T12:36:09.784+0800] {processor.py:925} INFO - DAG(s) 'latest_only_with_trigger' retrieved from /opt/anaconda3/envs/PyTorch/lib/python3.11/site-packages/airflow/example_dags/example_latest_only_with_trigger.py
[2025-01-15T12:36:09.821+0800] {logging_mixin.py:190} INFO - [2025-01-15T12:36:09.821+0800] {dag.py:3239} INFO - Sync 1 DAGs
[2025-01-15T12:36:09.828+0800] {logging_mixin.py:190} INFO - [2025-01-15T12:36:09.828+0800] {dag.py:4180} INFO - Setting next_dagrun for latest_only_with_trigger to 2025-01-15 00:00:00+00:00, run_after=2025-01-15 04:00:00+00:00
[2025-01-15T12:36:09.873+0800] {processor.py:208} INFO - Processing /opt/anaconda3/envs/PyTorch/lib/python3.11/site-packages/airflow/example_dags/example_latest_only_with_trigger.py took 0.096 seconds
[2025-01-15T12:39:06.325+0800] {processor.py:186} INFO - Started process (PID=41008) to work on /opt/anaconda3/envs/PyTorch/lib/python3.11/site-packages/airflow/example_dags/example_latest_only_with_trigger.py
[2025-01-15T12:39:06.327+0800] {processor.py:914} INFO - Processing file /opt/anaconda3/envs/PyTorch/lib/python3.11/site-packages/airflow/example_dags/example_latest_only_with_trigger.py for tasks to queue
[2025-01-15T12:39:06.327+0800] {logging_mixin.py:190} INFO - [2025-01-15T12:39:06.327+0800] {dagbag.py:588} INFO - Filling up the DagBag from /opt/anaconda3/envs/PyTorch/lib/python3.11/site-packages/airflow/example_dags/example_latest_only_with_trigger.py
[2025-01-15T12:39:06.331+0800] {processor.py:925} INFO - DAG(s) 'latest_only_with_trigger' retrieved from /opt/anaconda3/envs/PyTorch/lib/python3.11/site-packages/airflow/example_dags/example_latest_only_with_trigger.py
[2025-01-15T12:39:06.371+0800] {logging_mixin.py:190} INFO - [2025-01-15T12:39:06.371+0800] {dag.py:3239} INFO - Sync 1 DAGs
[2025-01-15T12:39:06.377+0800] {logging_mixin.py:190} INFO - [2025-01-15T12:39:06.377+0800] {dag.py:4180} INFO - Setting next_dagrun for latest_only_with_trigger to 2025-01-15 00:00:00+00:00, run_after=2025-01-15 04:00:00+00:00
[2025-01-15T12:39:06.422+0800] {processor.py:208} INFO - Processing /opt/anaconda3/envs/PyTorch/lib/python3.11/site-packages/airflow/example_dags/example_latest_only_with_trigger.py took 0.099 seconds
[2025-01-15T12:42:04.781+0800] {processor.py:186} INFO - Started process (PID=42631) to work on /opt/anaconda3/envs/PyTorch/lib/python3.11/site-packages/airflow/example_dags/example_latest_only_with_trigger.py
[2025-01-15T12:42:04.783+0800] {processor.py:914} INFO - Processing file /opt/anaconda3/envs/PyTorch/lib/python3.11/site-packages/airflow/example_dags/example_latest_only_with_trigger.py for tasks to queue
[2025-01-15T12:42:04.783+0800] {logging_mixin.py:190} INFO - [2025-01-15T12:42:04.783+0800] {dagbag.py:588} INFO - Filling up the DagBag from /opt/anaconda3/envs/PyTorch/lib/python3.11/site-packages/airflow/example_dags/example_latest_only_with_trigger.py
[2025-01-15T12:42:04.787+0800] {processor.py:925} INFO - DAG(s) 'latest_only_with_trigger' retrieved from /opt/anaconda3/envs/PyTorch/lib/python3.11/site-packages/airflow/example_dags/example_latest_only_with_trigger.py
[2025-01-15T12:42:04.823+0800] {logging_mixin.py:190} INFO - [2025-01-15T12:42:04.823+0800] {dag.py:3239} INFO - Sync 1 DAGs
[2025-01-15T12:42:04.830+0800] {logging_mixin.py:190} INFO - [2025-01-15T12:42:04.830+0800] {dag.py:4180} INFO - Setting next_dagrun for latest_only_with_trigger to 2025-01-15 00:00:00+00:00, run_after=2025-01-15 04:00:00+00:00
[2025-01-15T12:42:04.874+0800] {processor.py:208} INFO - Processing /opt/anaconda3/envs/PyTorch/lib/python3.11/site-packages/airflow/example_dags/example_latest_only_with_trigger.py took 0.094 seconds
[2025-01-15T12:45:02.068+0800] {processor.py:186} INFO - Started process (PID=44208) to work on /opt/anaconda3/envs/PyTorch/lib/python3.11/site-packages/airflow/example_dags/example_latest_only_with_trigger.py
[2025-01-15T12:45:02.069+0800] {processor.py:914} INFO - Processing file /opt/anaconda3/envs/PyTorch/lib/python3.11/site-packages/airflow/example_dags/example_latest_only_with_trigger.py for tasks to queue
[2025-01-15T12:45:02.070+0800] {logging_mixin.py:190} INFO - [2025-01-15T12:45:02.070+0800] {dagbag.py:588} INFO - Filling up the DagBag from /opt/anaconda3/envs/PyTorch/lib/python3.11/site-packages/airflow/example_dags/example_latest_only_with_trigger.py
[2025-01-15T12:45:02.074+0800] {processor.py:925} INFO - DAG(s) 'latest_only_with_trigger' retrieved from /opt/anaconda3/envs/PyTorch/lib/python3.11/site-packages/airflow/example_dags/example_latest_only_with_trigger.py
[2025-01-15T12:45:02.111+0800] {logging_mixin.py:190} INFO - [2025-01-15T12:45:02.110+0800] {dag.py:3239} INFO - Sync 1 DAGs
[2025-01-15T12:45:02.117+0800] {logging_mixin.py:190} INFO - [2025-01-15T12:45:02.117+0800] {dag.py:4180} INFO - Setting next_dagrun for latest_only_with_trigger to 2025-01-15 00:00:00+00:00, run_after=2025-01-15 04:00:00+00:00
[2025-01-15T12:45:02.166+0800] {processor.py:208} INFO - Processing /opt/anaconda3/envs/PyTorch/lib/python3.11/site-packages/airflow/example_dags/example_latest_only_with_trigger.py took 0.100 seconds
[2025-01-15T12:48:02.075+0800] {processor.py:186} INFO - Started process (PID=45849) to work on /opt/anaconda3/envs/PyTorch/lib/python3.11/site-packages/airflow/example_dags/example_latest_only_with_trigger.py
[2025-01-15T12:48:02.075+0800] {processor.py:914} INFO - Processing file /opt/anaconda3/envs/PyTorch/lib/python3.11/site-packages/airflow/example_dags/example_latest_only_with_trigger.py for tasks to queue
[2025-01-15T12:48:02.076+0800] {logging_mixin.py:190} INFO - [2025-01-15T12:48:02.076+0800] {dagbag.py:588} INFO - Filling up the DagBag from /opt/anaconda3/envs/PyTorch/lib/python3.11/site-packages/airflow/example_dags/example_latest_only_with_trigger.py
[2025-01-15T12:48:02.080+0800] {processor.py:925} INFO - DAG(s) 'latest_only_with_trigger' retrieved from /opt/anaconda3/envs/PyTorch/lib/python3.11/site-packages/airflow/example_dags/example_latest_only_with_trigger.py
[2025-01-15T12:48:02.117+0800] {logging_mixin.py:190} INFO - [2025-01-15T12:48:02.117+0800] {dag.py:3239} INFO - Sync 1 DAGs
[2025-01-15T12:48:02.124+0800] {logging_mixin.py:190} INFO - [2025-01-15T12:48:02.124+0800] {dag.py:4180} INFO - Setting next_dagrun for latest_only_with_trigger to 2025-01-15 00:00:00+00:00, run_after=2025-01-15 04:00:00+00:00
[2025-01-15T12:48:02.167+0800] {processor.py:208} INFO - Processing /opt/anaconda3/envs/PyTorch/lib/python3.11/site-packages/airflow/example_dags/example_latest_only_with_trigger.py took 0.094 seconds
[2025-01-15T12:51:04.653+0800] {processor.py:186} INFO - Started process (PID=47488) to work on /opt/anaconda3/envs/PyTorch/lib/python3.11/site-packages/airflow/example_dags/example_latest_only_with_trigger.py
[2025-01-15T12:51:04.654+0800] {processor.py:914} INFO - Processing file /opt/anaconda3/envs/PyTorch/lib/python3.11/site-packages/airflow/example_dags/example_latest_only_with_trigger.py for tasks to queue
[2025-01-15T12:51:04.655+0800] {logging_mixin.py:190} INFO - [2025-01-15T12:51:04.655+0800] {dagbag.py:588} INFO - Filling up the DagBag from /opt/anaconda3/envs/PyTorch/lib/python3.11/site-packages/airflow/example_dags/example_latest_only_with_trigger.py
[2025-01-15T12:51:04.659+0800] {processor.py:925} INFO - DAG(s) 'latest_only_with_trigger' retrieved from /opt/anaconda3/envs/PyTorch/lib/python3.11/site-packages/airflow/example_dags/example_latest_only_with_trigger.py
[2025-01-15T12:51:04.694+0800] {logging_mixin.py:190} INFO - [2025-01-15T12:51:04.694+0800] {dag.py:3239} INFO - Sync 1 DAGs
[2025-01-15T12:51:04.702+0800] {logging_mixin.py:190} INFO - [2025-01-15T12:51:04.702+0800] {dag.py:4180} INFO - Setting next_dagrun for latest_only_with_trigger to 2025-01-15 00:00:00+00:00, run_after=2025-01-15 04:00:00+00:00
[2025-01-15T12:51:04.747+0800] {processor.py:208} INFO - Processing /opt/anaconda3/envs/PyTorch/lib/python3.11/site-packages/airflow/example_dags/example_latest_only_with_trigger.py took 0.096 seconds
[2025-01-15T12:54:02.106+0800] {processor.py:186} INFO - Started process (PID=49061) to work on /opt/anaconda3/envs/PyTorch/lib/python3.11/site-packages/airflow/example_dags/example_latest_only_with_trigger.py
[2025-01-15T12:54:02.106+0800] {processor.py:914} INFO - Processing file /opt/anaconda3/envs/PyTorch/lib/python3.11/site-packages/airflow/example_dags/example_latest_only_with_trigger.py for tasks to queue
[2025-01-15T12:54:02.107+0800] {logging_mixin.py:190} INFO - [2025-01-15T12:54:02.107+0800] {dagbag.py:588} INFO - Filling up the DagBag from /opt/anaconda3/envs/PyTorch/lib/python3.11/site-packages/airflow/example_dags/example_latest_only_with_trigger.py
[2025-01-15T12:54:02.111+0800] {processor.py:925} INFO - DAG(s) 'latest_only_with_trigger' retrieved from /opt/anaconda3/envs/PyTorch/lib/python3.11/site-packages/airflow/example_dags/example_latest_only_with_trigger.py
[2025-01-15T12:54:02.147+0800] {logging_mixin.py:190} INFO - [2025-01-15T12:54:02.147+0800] {dag.py:3239} INFO - Sync 1 DAGs
[2025-01-15T12:54:02.154+0800] {logging_mixin.py:190} INFO - [2025-01-15T12:54:02.154+0800] {dag.py:4180} INFO - Setting next_dagrun for latest_only_with_trigger to 2025-01-15 00:00:00+00:00, run_after=2025-01-15 04:00:00+00:00
[2025-01-15T12:54:02.197+0800] {processor.py:208} INFO - Processing /opt/anaconda3/envs/PyTorch/lib/python3.11/site-packages/airflow/example_dags/example_latest_only_with_trigger.py took 0.094 seconds
[2025-01-15T12:57:06.791+0800] {processor.py:186} INFO - Started process (PID=50733) to work on /opt/anaconda3/envs/PyTorch/lib/python3.11/site-packages/airflow/example_dags/example_latest_only_with_trigger.py
[2025-01-15T12:57:06.793+0800] {processor.py:914} INFO - Processing file /opt/anaconda3/envs/PyTorch/lib/python3.11/site-packages/airflow/example_dags/example_latest_only_with_trigger.py for tasks to queue
[2025-01-15T12:57:06.793+0800] {logging_mixin.py:190} INFO - [2025-01-15T12:57:06.793+0800] {dagbag.py:588} INFO - Filling up the DagBag from /opt/anaconda3/envs/PyTorch/lib/python3.11/site-packages/airflow/example_dags/example_latest_only_with_trigger.py
[2025-01-15T12:57:06.797+0800] {processor.py:925} INFO - DAG(s) 'latest_only_with_trigger' retrieved from /opt/anaconda3/envs/PyTorch/lib/python3.11/site-packages/airflow/example_dags/example_latest_only_with_trigger.py
[2025-01-15T12:57:06.833+0800] {logging_mixin.py:190} INFO - [2025-01-15T12:57:06.833+0800] {dag.py:3239} INFO - Sync 1 DAGs
[2025-01-15T12:57:06.840+0800] {logging_mixin.py:190} INFO - [2025-01-15T12:57:06.840+0800] {dag.py:4180} INFO - Setting next_dagrun for latest_only_with_trigger to 2025-01-15 00:00:00+00:00, run_after=2025-01-15 04:00:00+00:00
[2025-01-15T12:57:06.883+0800] {processor.py:208} INFO - Processing /opt/anaconda3/envs/PyTorch/lib/python3.11/site-packages/airflow/example_dags/example_latest_only_with_trigger.py took 0.094 seconds
[2025-01-15T13:00:08.809+0800] {processor.py:186} INFO - Started process (PID=52387) to work on /opt/anaconda3/envs/PyTorch/lib/python3.11/site-packages/airflow/example_dags/example_latest_only_with_trigger.py
[2025-01-15T13:00:08.810+0800] {processor.py:914} INFO - Processing file /opt/anaconda3/envs/PyTorch/lib/python3.11/site-packages/airflow/example_dags/example_latest_only_with_trigger.py for tasks to queue
[2025-01-15T13:00:08.810+0800] {logging_mixin.py:190} INFO - [2025-01-15T13:00:08.810+0800] {dagbag.py:588} INFO - Filling up the DagBag from /opt/anaconda3/envs/PyTorch/lib/python3.11/site-packages/airflow/example_dags/example_latest_only_with_trigger.py
[2025-01-15T13:00:08.814+0800] {processor.py:925} INFO - DAG(s) 'latest_only_with_trigger' retrieved from /opt/anaconda3/envs/PyTorch/lib/python3.11/site-packages/airflow/example_dags/example_latest_only_with_trigger.py
[2025-01-15T13:00:08.853+0800] {logging_mixin.py:190} INFO - [2025-01-15T13:00:08.853+0800] {dag.py:3239} INFO - Sync 1 DAGs
[2025-01-15T13:00:08.861+0800] {logging_mixin.py:190} INFO - [2025-01-15T13:00:08.861+0800] {dag.py:4180} INFO - Setting next_dagrun for latest_only_with_trigger to 2025-01-15 00:00:00+00:00, run_after=2025-01-15 04:00:00+00:00
[2025-01-15T13:00:08.913+0800] {processor.py:208} INFO - Processing /opt/anaconda3/envs/PyTorch/lib/python3.11/site-packages/airflow/example_dags/example_latest_only_with_trigger.py took 0.106 seconds
[2025-01-15T13:03:11.947+0800] {processor.py:186} INFO - Started process (PID=54000) to work on /opt/anaconda3/envs/PyTorch/lib/python3.11/site-packages/airflow/example_dags/example_latest_only_with_trigger.py
[2025-01-15T13:03:11.949+0800] {processor.py:914} INFO - Processing file /opt/anaconda3/envs/PyTorch/lib/python3.11/site-packages/airflow/example_dags/example_latest_only_with_trigger.py for tasks to queue
[2025-01-15T13:03:11.949+0800] {logging_mixin.py:190} INFO - [2025-01-15T13:03:11.949+0800] {dagbag.py:588} INFO - Filling up the DagBag from /opt/anaconda3/envs/PyTorch/lib/python3.11/site-packages/airflow/example_dags/example_latest_only_with_trigger.py
[2025-01-15T13:03:11.953+0800] {processor.py:925} INFO - DAG(s) 'latest_only_with_trigger' retrieved from /opt/anaconda3/envs/PyTorch/lib/python3.11/site-packages/airflow/example_dags/example_latest_only_with_trigger.py
[2025-01-15T13:03:11.991+0800] {logging_mixin.py:190} INFO - [2025-01-15T13:03:11.991+0800] {dag.py:3239} INFO - Sync 1 DAGs
[2025-01-15T13:03:11.998+0800] {logging_mixin.py:190} INFO - [2025-01-15T13:03:11.998+0800] {dag.py:4180} INFO - Setting next_dagrun for latest_only_with_trigger to 2025-01-15 00:00:00+00:00, run_after=2025-01-15 04:00:00+00:00
[2025-01-15T13:03:12.047+0800] {processor.py:208} INFO - Processing /opt/anaconda3/envs/PyTorch/lib/python3.11/site-packages/airflow/example_dags/example_latest_only_with_trigger.py took 0.101 seconds
[2025-01-15T13:06:18.727+0800] {processor.py:186} INFO - Started process (PID=55746) to work on /opt/anaconda3/envs/PyTorch/lib/python3.11/site-packages/airflow/example_dags/example_latest_only_with_trigger.py
[2025-01-15T13:06:18.728+0800] {processor.py:914} INFO - Processing file /opt/anaconda3/envs/PyTorch/lib/python3.11/site-packages/airflow/example_dags/example_latest_only_with_trigger.py for tasks to queue
[2025-01-15T13:06:18.729+0800] {logging_mixin.py:190} INFO - [2025-01-15T13:06:18.729+0800] {dagbag.py:588} INFO - Filling up the DagBag from /opt/anaconda3/envs/PyTorch/lib/python3.11/site-packages/airflow/example_dags/example_latest_only_with_trigger.py
[2025-01-15T13:06:18.733+0800] {processor.py:925} INFO - DAG(s) 'latest_only_with_trigger' retrieved from /opt/anaconda3/envs/PyTorch/lib/python3.11/site-packages/airflow/example_dags/example_latest_only_with_trigger.py
[2025-01-15T13:06:18.770+0800] {logging_mixin.py:190} INFO - [2025-01-15T13:06:18.770+0800] {dag.py:3239} INFO - Sync 1 DAGs
[2025-01-15T13:06:18.778+0800] {logging_mixin.py:190} INFO - [2025-01-15T13:06:18.778+0800] {dag.py:4180} INFO - Setting next_dagrun for latest_only_with_trigger to 2025-01-15 00:00:00+00:00, run_after=2025-01-15 04:00:00+00:00
[2025-01-15T13:06:18.825+0800] {processor.py:208} INFO - Processing /opt/anaconda3/envs/PyTorch/lib/python3.11/site-packages/airflow/example_dags/example_latest_only_with_trigger.py took 0.100 seconds
[2025-01-15T13:09:25.555+0800] {processor.py:186} INFO - Started process (PID=57535) to work on /opt/anaconda3/envs/PyTorch/lib/python3.11/site-packages/airflow/example_dags/example_latest_only_with_trigger.py
[2025-01-15T13:09:25.555+0800] {processor.py:914} INFO - Processing file /opt/anaconda3/envs/PyTorch/lib/python3.11/site-packages/airflow/example_dags/example_latest_only_with_trigger.py for tasks to queue
[2025-01-15T13:09:25.556+0800] {logging_mixin.py:190} INFO - [2025-01-15T13:09:25.556+0800] {dagbag.py:588} INFO - Filling up the DagBag from /opt/anaconda3/envs/PyTorch/lib/python3.11/site-packages/airflow/example_dags/example_latest_only_with_trigger.py
[2025-01-15T13:09:25.560+0800] {processor.py:925} INFO - DAG(s) 'latest_only_with_trigger' retrieved from /opt/anaconda3/envs/PyTorch/lib/python3.11/site-packages/airflow/example_dags/example_latest_only_with_trigger.py
[2025-01-15T13:09:25.601+0800] {logging_mixin.py:190} INFO - [2025-01-15T13:09:25.601+0800] {dag.py:3239} INFO - Sync 1 DAGs
[2025-01-15T13:09:25.610+0800] {logging_mixin.py:190} INFO - [2025-01-15T13:09:25.610+0800] {dag.py:4180} INFO - Setting next_dagrun for latest_only_with_trigger to 2025-01-15 00:00:00+00:00, run_after=2025-01-15 04:00:00+00:00
[2025-01-15T13:09:25.659+0800] {processor.py:208} INFO - Processing /opt/anaconda3/envs/PyTorch/lib/python3.11/site-packages/airflow/example_dags/example_latest_only_with_trigger.py took 0.106 seconds
[2025-01-15T13:12:27.499+0800] {processor.py:186} INFO - Started process (PID=59214) to work on /opt/anaconda3/envs/PyTorch/lib/python3.11/site-packages/airflow/example_dags/example_latest_only_with_trigger.py
[2025-01-15T13:12:27.500+0800] {processor.py:914} INFO - Processing file /opt/anaconda3/envs/PyTorch/lib/python3.11/site-packages/airflow/example_dags/example_latest_only_with_trigger.py for tasks to queue
[2025-01-15T13:12:27.501+0800] {logging_mixin.py:190} INFO - [2025-01-15T13:12:27.501+0800] {dagbag.py:588} INFO - Filling up the DagBag from /opt/anaconda3/envs/PyTorch/lib/python3.11/site-packages/airflow/example_dags/example_latest_only_with_trigger.py
[2025-01-15T13:12:27.505+0800] {processor.py:925} INFO - DAG(s) 'latest_only_with_trigger' retrieved from /opt/anaconda3/envs/PyTorch/lib/python3.11/site-packages/airflow/example_dags/example_latest_only_with_trigger.py
[2025-01-15T13:12:27.542+0800] {logging_mixin.py:190} INFO - [2025-01-15T13:12:27.542+0800] {dag.py:3239} INFO - Sync 1 DAGs
[2025-01-15T13:12:27.549+0800] {logging_mixin.py:190} INFO - [2025-01-15T13:12:27.549+0800] {dag.py:4180} INFO - Setting next_dagrun for latest_only_with_trigger to 2025-01-15 00:00:00+00:00, run_after=2025-01-15 04:00:00+00:00
[2025-01-15T13:12:27.600+0800] {processor.py:208} INFO - Processing /opt/anaconda3/envs/PyTorch/lib/python3.11/site-packages/airflow/example_dags/example_latest_only_with_trigger.py took 0.103 seconds
[2025-01-15T13:15:28.986+0800] {processor.py:186} INFO - Started process (PID=60835) to work on /opt/anaconda3/envs/PyTorch/lib/python3.11/site-packages/airflow/example_dags/example_latest_only_with_trigger.py
[2025-01-15T13:15:28.988+0800] {processor.py:914} INFO - Processing file /opt/anaconda3/envs/PyTorch/lib/python3.11/site-packages/airflow/example_dags/example_latest_only_with_trigger.py for tasks to queue
[2025-01-15T13:15:28.988+0800] {logging_mixin.py:190} INFO - [2025-01-15T13:15:28.988+0800] {dagbag.py:588} INFO - Filling up the DagBag from /opt/anaconda3/envs/PyTorch/lib/python3.11/site-packages/airflow/example_dags/example_latest_only_with_trigger.py
[2025-01-15T13:15:28.992+0800] {processor.py:925} INFO - DAG(s) 'latest_only_with_trigger' retrieved from /opt/anaconda3/envs/PyTorch/lib/python3.11/site-packages/airflow/example_dags/example_latest_only_with_trigger.py
[2025-01-15T13:15:29.029+0800] {logging_mixin.py:190} INFO - [2025-01-15T13:15:29.029+0800] {dag.py:3239} INFO - Sync 1 DAGs
[2025-01-15T13:15:29.036+0800] {logging_mixin.py:190} INFO - [2025-01-15T13:15:29.036+0800] {dag.py:4180} INFO - Setting next_dagrun for latest_only_with_trigger to 2025-01-15 00:00:00+00:00, run_after=2025-01-15 04:00:00+00:00
[2025-01-15T13:15:29.080+0800] {processor.py:208} INFO - Processing /opt/anaconda3/envs/PyTorch/lib/python3.11/site-packages/airflow/example_dags/example_latest_only_with_trigger.py took 0.095 seconds
[2025-01-15T13:18:32.632+0800] {processor.py:186} INFO - Started process (PID=62475) to work on /opt/anaconda3/envs/PyTorch/lib/python3.11/site-packages/airflow/example_dags/example_latest_only_with_trigger.py
[2025-01-15T13:18:32.633+0800] {processor.py:914} INFO - Processing file /opt/anaconda3/envs/PyTorch/lib/python3.11/site-packages/airflow/example_dags/example_latest_only_with_trigger.py for tasks to queue
[2025-01-15T13:18:32.634+0800] {logging_mixin.py:190} INFO - [2025-01-15T13:18:32.634+0800] {dagbag.py:588} INFO - Filling up the DagBag from /opt/anaconda3/envs/PyTorch/lib/python3.11/site-packages/airflow/example_dags/example_latest_only_with_trigger.py
[2025-01-15T13:18:32.638+0800] {processor.py:925} INFO - DAG(s) 'latest_only_with_trigger' retrieved from /opt/anaconda3/envs/PyTorch/lib/python3.11/site-packages/airflow/example_dags/example_latest_only_with_trigger.py
[2025-01-15T13:18:32.681+0800] {logging_mixin.py:190} INFO - [2025-01-15T13:18:32.681+0800] {dag.py:3239} INFO - Sync 1 DAGs
[2025-01-15T13:18:32.689+0800] {logging_mixin.py:190} INFO - [2025-01-15T13:18:32.689+0800] {dag.py:4180} INFO - Setting next_dagrun for latest_only_with_trigger to 2025-01-15 00:00:00+00:00, run_after=2025-01-15 04:00:00+00:00
[2025-01-15T13:18:32.742+0800] {processor.py:208} INFO - Processing /opt/anaconda3/envs/PyTorch/lib/python3.11/site-packages/airflow/example_dags/example_latest_only_with_trigger.py took 0.113 seconds
[2025-01-15T13:21:47.407+0800] {processor.py:186} INFO - Started process (PID=64279) to work on /opt/anaconda3/envs/PyTorch/lib/python3.11/site-packages/airflow/example_dags/example_latest_only_with_trigger.py
[2025-01-15T13:21:47.408+0800] {processor.py:914} INFO - Processing file /opt/anaconda3/envs/PyTorch/lib/python3.11/site-packages/airflow/example_dags/example_latest_only_with_trigger.py for tasks to queue
[2025-01-15T13:21:47.408+0800] {logging_mixin.py:190} INFO - [2025-01-15T13:21:47.408+0800] {dagbag.py:588} INFO - Filling up the DagBag from /opt/anaconda3/envs/PyTorch/lib/python3.11/site-packages/airflow/example_dags/example_latest_only_with_trigger.py
[2025-01-15T13:21:47.412+0800] {processor.py:925} INFO - DAG(s) 'latest_only_with_trigger' retrieved from /opt/anaconda3/envs/PyTorch/lib/python3.11/site-packages/airflow/example_dags/example_latest_only_with_trigger.py
[2025-01-15T13:21:47.450+0800] {logging_mixin.py:190} INFO - [2025-01-15T13:21:47.450+0800] {dag.py:3239} INFO - Sync 1 DAGs
[2025-01-15T13:21:47.458+0800] {logging_mixin.py:190} INFO - [2025-01-15T13:21:47.458+0800] {dag.py:4180} INFO - Setting next_dagrun for latest_only_with_trigger to 2025-01-15 00:00:00+00:00, run_after=2025-01-15 04:00:00+00:00
[2025-01-15T13:21:47.505+0800] {processor.py:208} INFO - Processing /opt/anaconda3/envs/PyTorch/lib/python3.11/site-packages/airflow/example_dags/example_latest_only_with_trigger.py took 0.100 seconds
[2025-01-15T13:24:52.568+0800] {processor.py:186} INFO - Started process (PID=65930) to work on /opt/anaconda3/envs/PyTorch/lib/python3.11/site-packages/airflow/example_dags/example_latest_only_with_trigger.py
[2025-01-15T13:24:52.569+0800] {processor.py:914} INFO - Processing file /opt/anaconda3/envs/PyTorch/lib/python3.11/site-packages/airflow/example_dags/example_latest_only_with_trigger.py for tasks to queue
[2025-01-15T13:24:52.570+0800] {logging_mixin.py:190} INFO - [2025-01-15T13:24:52.570+0800] {dagbag.py:588} INFO - Filling up the DagBag from /opt/anaconda3/envs/PyTorch/lib/python3.11/site-packages/airflow/example_dags/example_latest_only_with_trigger.py
[2025-01-15T13:24:52.574+0800] {processor.py:925} INFO - DAG(s) 'latest_only_with_trigger' retrieved from /opt/anaconda3/envs/PyTorch/lib/python3.11/site-packages/airflow/example_dags/example_latest_only_with_trigger.py
[2025-01-15T13:24:52.616+0800] {logging_mixin.py:190} INFO - [2025-01-15T13:24:52.616+0800] {dag.py:3239} INFO - Sync 1 DAGs
[2025-01-15T13:24:52.624+0800] {logging_mixin.py:190} INFO - [2025-01-15T13:24:52.624+0800] {dag.py:4180} INFO - Setting next_dagrun for latest_only_with_trigger to 2025-01-15 00:00:00+00:00, run_after=2025-01-15 04:00:00+00:00
[2025-01-15T13:24:52.672+0800] {processor.py:208} INFO - Processing /opt/anaconda3/envs/PyTorch/lib/python3.11/site-packages/airflow/example_dags/example_latest_only_with_trigger.py took 0.106 seconds
[2025-01-15T13:27:56.176+0800] {processor.py:186} INFO - Started process (PID=67544) to work on /opt/anaconda3/envs/PyTorch/lib/python3.11/site-packages/airflow/example_dags/example_latest_only_with_trigger.py
[2025-01-15T13:27:56.176+0800] {processor.py:914} INFO - Processing file /opt/anaconda3/envs/PyTorch/lib/python3.11/site-packages/airflow/example_dags/example_latest_only_with_trigger.py for tasks to queue
[2025-01-15T13:27:56.177+0800] {logging_mixin.py:190} INFO - [2025-01-15T13:27:56.177+0800] {dagbag.py:588} INFO - Filling up the DagBag from /opt/anaconda3/envs/PyTorch/lib/python3.11/site-packages/airflow/example_dags/example_latest_only_with_trigger.py
[2025-01-15T13:27:56.181+0800] {processor.py:925} INFO - DAG(s) 'latest_only_with_trigger' retrieved from /opt/anaconda3/envs/PyTorch/lib/python3.11/site-packages/airflow/example_dags/example_latest_only_with_trigger.py
[2025-01-15T13:27:56.218+0800] {logging_mixin.py:190} INFO - [2025-01-15T13:27:56.218+0800] {dag.py:3239} INFO - Sync 1 DAGs
[2025-01-15T13:27:56.225+0800] {logging_mixin.py:190} INFO - [2025-01-15T13:27:56.225+0800] {dag.py:4180} INFO - Setting next_dagrun for latest_only_with_trigger to 2025-01-15 00:00:00+00:00, run_after=2025-01-15 04:00:00+00:00
[2025-01-15T13:27:56.271+0800] {processor.py:208} INFO - Processing /opt/anaconda3/envs/PyTorch/lib/python3.11/site-packages/airflow/example_dags/example_latest_only_with_trigger.py took 0.097 seconds
[2025-01-15T13:31:05.476+0800] {processor.py:186} INFO - Started process (PID=69276) to work on /opt/anaconda3/envs/PyTorch/lib/python3.11/site-packages/airflow/example_dags/example_latest_only_with_trigger.py
[2025-01-15T13:31:05.477+0800] {processor.py:914} INFO - Processing file /opt/anaconda3/envs/PyTorch/lib/python3.11/site-packages/airflow/example_dags/example_latest_only_with_trigger.py for tasks to queue
[2025-01-15T13:31:05.477+0800] {logging_mixin.py:190} INFO - [2025-01-15T13:31:05.477+0800] {dagbag.py:588} INFO - Filling up the DagBag from /opt/anaconda3/envs/PyTorch/lib/python3.11/site-packages/airflow/example_dags/example_latest_only_with_trigger.py
[2025-01-15T13:31:05.481+0800] {processor.py:925} INFO - DAG(s) 'latest_only_with_trigger' retrieved from /opt/anaconda3/envs/PyTorch/lib/python3.11/site-packages/airflow/example_dags/example_latest_only_with_trigger.py
[2025-01-15T13:31:05.518+0800] {logging_mixin.py:190} INFO - [2025-01-15T13:31:05.517+0800] {dag.py:3239} INFO - Sync 1 DAGs
[2025-01-15T13:31:05.524+0800] {logging_mixin.py:190} INFO - [2025-01-15T13:31:05.524+0800] {dag.py:4180} INFO - Setting next_dagrun for latest_only_with_trigger to 2025-01-15 00:00:00+00:00, run_after=2025-01-15 04:00:00+00:00
[2025-01-15T13:31:05.567+0800] {processor.py:208} INFO - Processing /opt/anaconda3/envs/PyTorch/lib/python3.11/site-packages/airflow/example_dags/example_latest_only_with_trigger.py took 0.094 seconds
[2025-01-15T13:34:15.600+0800] {processor.py:186} INFO - Started process (PID=70965) to work on /opt/anaconda3/envs/PyTorch/lib/python3.11/site-packages/airflow/example_dags/example_latest_only_with_trigger.py
[2025-01-15T13:34:15.601+0800] {processor.py:914} INFO - Processing file /opt/anaconda3/envs/PyTorch/lib/python3.11/site-packages/airflow/example_dags/example_latest_only_with_trigger.py for tasks to queue
[2025-01-15T13:34:15.602+0800] {logging_mixin.py:190} INFO - [2025-01-15T13:34:15.602+0800] {dagbag.py:588} INFO - Filling up the DagBag from /opt/anaconda3/envs/PyTorch/lib/python3.11/site-packages/airflow/example_dags/example_latest_only_with_trigger.py
[2025-01-15T13:34:15.606+0800] {processor.py:925} INFO - DAG(s) 'latest_only_with_trigger' retrieved from /opt/anaconda3/envs/PyTorch/lib/python3.11/site-packages/airflow/example_dags/example_latest_only_with_trigger.py
[2025-01-15T13:34:15.647+0800] {logging_mixin.py:190} INFO - [2025-01-15T13:34:15.647+0800] {dag.py:3239} INFO - Sync 1 DAGs
[2025-01-15T13:34:15.654+0800] {logging_mixin.py:190} INFO - [2025-01-15T13:34:15.654+0800] {dag.py:4180} INFO - Setting next_dagrun for latest_only_with_trigger to 2025-01-15 00:00:00+00:00, run_after=2025-01-15 04:00:00+00:00
[2025-01-15T13:34:15.700+0800] {processor.py:208} INFO - Processing /opt/anaconda3/envs/PyTorch/lib/python3.11/site-packages/airflow/example_dags/example_latest_only_with_trigger.py took 0.102 seconds
[2025-01-15T13:37:24.915+0800] {processor.py:186} INFO - Started process (PID=72712) to work on /opt/anaconda3/envs/PyTorch/lib/python3.11/site-packages/airflow/example_dags/example_latest_only_with_trigger.py
[2025-01-15T13:37:24.917+0800] {processor.py:914} INFO - Processing file /opt/anaconda3/envs/PyTorch/lib/python3.11/site-packages/airflow/example_dags/example_latest_only_with_trigger.py for tasks to queue
[2025-01-15T13:37:24.918+0800] {logging_mixin.py:190} INFO - [2025-01-15T13:37:24.917+0800] {dagbag.py:588} INFO - Filling up the DagBag from /opt/anaconda3/envs/PyTorch/lib/python3.11/site-packages/airflow/example_dags/example_latest_only_with_trigger.py
[2025-01-15T13:37:24.922+0800] {processor.py:925} INFO - DAG(s) 'latest_only_with_trigger' retrieved from /opt/anaconda3/envs/PyTorch/lib/python3.11/site-packages/airflow/example_dags/example_latest_only_with_trigger.py
[2025-01-15T13:37:24.959+0800] {logging_mixin.py:190} INFO - [2025-01-15T13:37:24.959+0800] {dag.py:3239} INFO - Sync 1 DAGs
[2025-01-15T13:37:24.967+0800] {logging_mixin.py:190} INFO - [2025-01-15T13:37:24.967+0800] {dag.py:4180} INFO - Setting next_dagrun for latest_only_with_trigger to 2025-01-15 00:00:00+00:00, run_after=2025-01-15 04:00:00+00:00
[2025-01-15T13:37:25.016+0800] {processor.py:208} INFO - Processing /opt/anaconda3/envs/PyTorch/lib/python3.11/site-packages/airflow/example_dags/example_latest_only_with_trigger.py took 0.102 seconds
[2025-01-15T13:40:31.694+0800] {processor.py:186} INFO - Started process (PID=74468) to work on /opt/anaconda3/envs/PyTorch/lib/python3.11/site-packages/airflow/example_dags/example_latest_only_with_trigger.py
[2025-01-15T13:40:31.695+0800] {processor.py:914} INFO - Processing file /opt/anaconda3/envs/PyTorch/lib/python3.11/site-packages/airflow/example_dags/example_latest_only_with_trigger.py for tasks to queue
[2025-01-15T13:40:31.696+0800] {logging_mixin.py:190} INFO - [2025-01-15T13:40:31.696+0800] {dagbag.py:588} INFO - Filling up the DagBag from /opt/anaconda3/envs/PyTorch/lib/python3.11/site-packages/airflow/example_dags/example_latest_only_with_trigger.py
[2025-01-15T13:40:31.700+0800] {processor.py:925} INFO - DAG(s) 'latest_only_with_trigger' retrieved from /opt/anaconda3/envs/PyTorch/lib/python3.11/site-packages/airflow/example_dags/example_latest_only_with_trigger.py
[2025-01-15T13:40:31.736+0800] {logging_mixin.py:190} INFO - [2025-01-15T13:40:31.736+0800] {dag.py:3239} INFO - Sync 1 DAGs
[2025-01-15T13:40:31.743+0800] {logging_mixin.py:190} INFO - [2025-01-15T13:40:31.743+0800] {dag.py:4180} INFO - Setting next_dagrun for latest_only_with_trigger to 2025-01-15 00:00:00+00:00, run_after=2025-01-15 04:00:00+00:00
[2025-01-15T13:40:31.787+0800] {processor.py:208} INFO - Processing /opt/anaconda3/envs/PyTorch/lib/python3.11/site-packages/airflow/example_dags/example_latest_only_with_trigger.py took 0.095 seconds
[2025-01-15T13:43:33.634+0800] {processor.py:186} INFO - Started process (PID=76118) to work on /opt/anaconda3/envs/PyTorch/lib/python3.11/site-packages/airflow/example_dags/example_latest_only_with_trigger.py
[2025-01-15T13:43:33.637+0800] {processor.py:914} INFO - Processing file /opt/anaconda3/envs/PyTorch/lib/python3.11/site-packages/airflow/example_dags/example_latest_only_with_trigger.py for tasks to queue
[2025-01-15T13:43:33.638+0800] {logging_mixin.py:190} INFO - [2025-01-15T13:43:33.638+0800] {dagbag.py:588} INFO - Filling up the DagBag from /opt/anaconda3/envs/PyTorch/lib/python3.11/site-packages/airflow/example_dags/example_latest_only_with_trigger.py
[2025-01-15T13:43:33.642+0800] {processor.py:925} INFO - DAG(s) 'latest_only_with_trigger' retrieved from /opt/anaconda3/envs/PyTorch/lib/python3.11/site-packages/airflow/example_dags/example_latest_only_with_trigger.py
[2025-01-15T13:43:33.681+0800] {logging_mixin.py:190} INFO - [2025-01-15T13:43:33.681+0800] {dag.py:3239} INFO - Sync 1 DAGs
[2025-01-15T13:43:33.689+0800] {logging_mixin.py:190} INFO - [2025-01-15T13:43:33.689+0800] {dag.py:4180} INFO - Setting next_dagrun for latest_only_with_trigger to 2025-01-15 00:00:00+00:00, run_after=2025-01-15 04:00:00+00:00
[2025-01-15T13:43:33.740+0800] {processor.py:208} INFO - Processing /opt/anaconda3/envs/PyTorch/lib/python3.11/site-packages/airflow/example_dags/example_latest_only_with_trigger.py took 0.107 seconds
[2025-01-15T13:46:38.071+0800] {processor.py:186} INFO - Started process (PID=77903) to work on /opt/anaconda3/envs/PyTorch/lib/python3.11/site-packages/airflow/example_dags/example_latest_only_with_trigger.py
[2025-01-15T13:46:38.071+0800] {processor.py:914} INFO - Processing file /opt/anaconda3/envs/PyTorch/lib/python3.11/site-packages/airflow/example_dags/example_latest_only_with_trigger.py for tasks to queue
[2025-01-15T13:46:38.072+0800] {logging_mixin.py:190} INFO - [2025-01-15T13:46:38.072+0800] {dagbag.py:588} INFO - Filling up the DagBag from /opt/anaconda3/envs/PyTorch/lib/python3.11/site-packages/airflow/example_dags/example_latest_only_with_trigger.py
[2025-01-15T13:46:38.076+0800] {processor.py:925} INFO - DAG(s) 'latest_only_with_trigger' retrieved from /opt/anaconda3/envs/PyTorch/lib/python3.11/site-packages/airflow/example_dags/example_latest_only_with_trigger.py
[2025-01-15T13:46:38.115+0800] {logging_mixin.py:190} INFO - [2025-01-15T13:46:38.115+0800] {dag.py:3239} INFO - Sync 1 DAGs
[2025-01-15T13:46:38.123+0800] {logging_mixin.py:190} INFO - [2025-01-15T13:46:38.123+0800] {dag.py:4180} INFO - Setting next_dagrun for latest_only_with_trigger to 2025-01-15 00:00:00+00:00, run_after=2025-01-15 04:00:00+00:00
[2025-01-15T13:46:38.173+0800] {processor.py:208} INFO - Processing /opt/anaconda3/envs/PyTorch/lib/python3.11/site-packages/airflow/example_dags/example_latest_only_with_trigger.py took 0.104 seconds
[2025-01-15T13:49:44.696+0800] {processor.py:186} INFO - Started process (PID=79675) to work on /opt/anaconda3/envs/PyTorch/lib/python3.11/site-packages/airflow/example_dags/example_latest_only_with_trigger.py
[2025-01-15T13:49:44.697+0800] {processor.py:914} INFO - Processing file /opt/anaconda3/envs/PyTorch/lib/python3.11/site-packages/airflow/example_dags/example_latest_only_with_trigger.py for tasks to queue
[2025-01-15T13:49:44.697+0800] {logging_mixin.py:190} INFO - [2025-01-15T13:49:44.697+0800] {dagbag.py:588} INFO - Filling up the DagBag from /opt/anaconda3/envs/PyTorch/lib/python3.11/site-packages/airflow/example_dags/example_latest_only_with_trigger.py
[2025-01-15T13:49:44.702+0800] {processor.py:925} INFO - DAG(s) 'latest_only_with_trigger' retrieved from /opt/anaconda3/envs/PyTorch/lib/python3.11/site-packages/airflow/example_dags/example_latest_only_with_trigger.py
[2025-01-15T13:49:44.741+0800] {logging_mixin.py:190} INFO - [2025-01-15T13:49:44.741+0800] {dag.py:3239} INFO - Sync 1 DAGs
[2025-01-15T13:49:44.748+0800] {logging_mixin.py:190} INFO - [2025-01-15T13:49:44.748+0800] {dag.py:4180} INFO - Setting next_dagrun for latest_only_with_trigger to 2025-01-15 00:00:00+00:00, run_after=2025-01-15 04:00:00+00:00
[2025-01-15T13:49:44.794+0800] {processor.py:208} INFO - Processing /opt/anaconda3/envs/PyTorch/lib/python3.11/site-packages/airflow/example_dags/example_latest_only_with_trigger.py took 0.100 seconds
[2025-01-15T13:52:52.101+0800] {processor.py:186} INFO - Started process (PID=81429) to work on /opt/anaconda3/envs/PyTorch/lib/python3.11/site-packages/airflow/example_dags/example_latest_only_with_trigger.py
[2025-01-15T13:52:52.102+0800] {processor.py:914} INFO - Processing file /opt/anaconda3/envs/PyTorch/lib/python3.11/site-packages/airflow/example_dags/example_latest_only_with_trigger.py for tasks to queue
[2025-01-15T13:52:52.103+0800] {logging_mixin.py:190} INFO - [2025-01-15T13:52:52.103+0800] {dagbag.py:588} INFO - Filling up the DagBag from /opt/anaconda3/envs/PyTorch/lib/python3.11/site-packages/airflow/example_dags/example_latest_only_with_trigger.py
[2025-01-15T13:52:52.107+0800] {processor.py:925} INFO - DAG(s) 'latest_only_with_trigger' retrieved from /opt/anaconda3/envs/PyTorch/lib/python3.11/site-packages/airflow/example_dags/example_latest_only_with_trigger.py
[2025-01-15T13:52:52.146+0800] {logging_mixin.py:190} INFO - [2025-01-15T13:52:52.146+0800] {dag.py:3239} INFO - Sync 1 DAGs
[2025-01-15T13:52:52.154+0800] {logging_mixin.py:190} INFO - [2025-01-15T13:52:52.154+0800] {dag.py:4180} INFO - Setting next_dagrun for latest_only_with_trigger to 2025-01-15 00:00:00+00:00, run_after=2025-01-15 04:00:00+00:00
[2025-01-15T13:52:52.207+0800] {processor.py:208} INFO - Processing /opt/anaconda3/envs/PyTorch/lib/python3.11/site-packages/airflow/example_dags/example_latest_only_with_trigger.py took 0.108 seconds
[2025-01-15T13:57:03.833+0800] {processor.py:186} INFO - Started process (PID=83776) to work on /opt/anaconda3/envs/PyTorch/lib/python3.11/site-packages/airflow/example_dags/example_latest_only_with_trigger.py
[2025-01-15T13:57:03.834+0800] {processor.py:914} INFO - Processing file /opt/anaconda3/envs/PyTorch/lib/python3.11/site-packages/airflow/example_dags/example_latest_only_with_trigger.py for tasks to queue
[2025-01-15T13:57:03.835+0800] {logging_mixin.py:190} INFO - [2025-01-15T13:57:03.835+0800] {dagbag.py:588} INFO - Filling up the DagBag from /opt/anaconda3/envs/PyTorch/lib/python3.11/site-packages/airflow/example_dags/example_latest_only_with_trigger.py
[2025-01-15T13:57:03.838+0800] {processor.py:925} INFO - DAG(s) 'latest_only_with_trigger' retrieved from /opt/anaconda3/envs/PyTorch/lib/python3.11/site-packages/airflow/example_dags/example_latest_only_with_trigger.py
[2025-01-15T13:57:03.877+0800] {logging_mixin.py:190} INFO - [2025-01-15T13:57:03.877+0800] {dag.py:3239} INFO - Sync 1 DAGs
[2025-01-15T13:57:03.884+0800] {logging_mixin.py:190} INFO - [2025-01-15T13:57:03.884+0800] {dag.py:4180} INFO - Setting next_dagrun for latest_only_with_trigger to 2025-01-15 00:00:00+00:00, run_after=2025-01-15 04:00:00+00:00
[2025-01-15T13:57:03.929+0800] {processor.py:208} INFO - Processing /opt/anaconda3/envs/PyTorch/lib/python3.11/site-packages/airflow/example_dags/example_latest_only_with_trigger.py took 0.097 seconds
[2025-01-15T14:01:04.220+0800] {processor.py:186} INFO - Started process (PID=86144) to work on /opt/anaconda3/envs/PyTorch/lib/python3.11/site-packages/airflow/example_dags/example_latest_only_with_trigger.py
[2025-01-15T14:01:04.221+0800] {processor.py:914} INFO - Processing file /opt/anaconda3/envs/PyTorch/lib/python3.11/site-packages/airflow/example_dags/example_latest_only_with_trigger.py for tasks to queue
[2025-01-15T14:01:04.222+0800] {logging_mixin.py:190} INFO - [2025-01-15T14:01:04.221+0800] {dagbag.py:588} INFO - Filling up the DagBag from /opt/anaconda3/envs/PyTorch/lib/python3.11/site-packages/airflow/example_dags/example_latest_only_with_trigger.py
[2025-01-15T14:01:04.225+0800] {processor.py:925} INFO - DAG(s) 'latest_only_with_trigger' retrieved from /opt/anaconda3/envs/PyTorch/lib/python3.11/site-packages/airflow/example_dags/example_latest_only_with_trigger.py
[2025-01-15T14:01:04.261+0800] {logging_mixin.py:190} INFO - [2025-01-15T14:01:04.261+0800] {dag.py:3239} INFO - Sync 1 DAGs
[2025-01-15T14:01:04.268+0800] {logging_mixin.py:190} INFO - [2025-01-15T14:01:04.268+0800] {dag.py:4180} INFO - Setting next_dagrun for latest_only_with_trigger to 2025-01-15 00:00:00+00:00, run_after=2025-01-15 04:00:00+00:00
[2025-01-15T14:01:04.312+0800] {processor.py:208} INFO - Processing /opt/anaconda3/envs/PyTorch/lib/python3.11/site-packages/airflow/example_dags/example_latest_only_with_trigger.py took 0.093 seconds
[2025-01-15T14:04:38.947+0800] {processor.py:186} INFO - Started process (PID=88159) to work on /opt/anaconda3/envs/PyTorch/lib/python3.11/site-packages/airflow/example_dags/example_latest_only_with_trigger.py
[2025-01-15T14:04:38.949+0800] {processor.py:914} INFO - Processing file /opt/anaconda3/envs/PyTorch/lib/python3.11/site-packages/airflow/example_dags/example_latest_only_with_trigger.py for tasks to queue
[2025-01-15T14:04:38.950+0800] {logging_mixin.py:190} INFO - [2025-01-15T14:04:38.949+0800] {dagbag.py:588} INFO - Filling up the DagBag from /opt/anaconda3/envs/PyTorch/lib/python3.11/site-packages/airflow/example_dags/example_latest_only_with_trigger.py
[2025-01-15T14:04:38.953+0800] {processor.py:925} INFO - DAG(s) 'latest_only_with_trigger' retrieved from /opt/anaconda3/envs/PyTorch/lib/python3.11/site-packages/airflow/example_dags/example_latest_only_with_trigger.py
[2025-01-15T14:04:38.989+0800] {logging_mixin.py:190} INFO - [2025-01-15T14:04:38.989+0800] {dag.py:3239} INFO - Sync 1 DAGs
[2025-01-15T14:04:38.996+0800] {logging_mixin.py:190} INFO - [2025-01-15T14:04:38.996+0800] {dag.py:4180} INFO - Setting next_dagrun for latest_only_with_trigger to 2025-01-15 00:00:00+00:00, run_after=2025-01-15 04:00:00+00:00
[2025-01-15T14:04:39.043+0800] {processor.py:208} INFO - Processing /opt/anaconda3/envs/PyTorch/lib/python3.11/site-packages/airflow/example_dags/example_latest_only_with_trigger.py took 0.098 seconds
[2025-01-15T14:08:43.966+0800] {processor.py:186} INFO - Started process (PID=90506) to work on /opt/anaconda3/envs/PyTorch/lib/python3.11/site-packages/airflow/example_dags/example_latest_only_with_trigger.py
[2025-01-15T14:08:43.968+0800] {processor.py:914} INFO - Processing file /opt/anaconda3/envs/PyTorch/lib/python3.11/site-packages/airflow/example_dags/example_latest_only_with_trigger.py for tasks to queue
[2025-01-15T14:08:43.969+0800] {logging_mixin.py:190} INFO - [2025-01-15T14:08:43.968+0800] {dagbag.py:588} INFO - Filling up the DagBag from /opt/anaconda3/envs/PyTorch/lib/python3.11/site-packages/airflow/example_dags/example_latest_only_with_trigger.py
[2025-01-15T14:08:43.973+0800] {processor.py:925} INFO - DAG(s) 'latest_only_with_trigger' retrieved from /opt/anaconda3/envs/PyTorch/lib/python3.11/site-packages/airflow/example_dags/example_latest_only_with_trigger.py
[2025-01-15T14:08:44.009+0800] {logging_mixin.py:190} INFO - [2025-01-15T14:08:44.009+0800] {dag.py:3239} INFO - Sync 1 DAGs
[2025-01-15T14:08:44.016+0800] {logging_mixin.py:190} INFO - [2025-01-15T14:08:44.016+0800] {dag.py:4180} INFO - Setting next_dagrun for latest_only_with_trigger to 2025-01-15 00:00:00+00:00, run_after=2025-01-15 04:00:00+00:00
[2025-01-15T14:08:44.061+0800] {processor.py:208} INFO - Processing /opt/anaconda3/envs/PyTorch/lib/python3.11/site-packages/airflow/example_dags/example_latest_only_with_trigger.py took 0.096 seconds
[2025-01-15T14:12:38.673+0800] {processor.py:186} INFO - Started process (PID=92655) to work on /opt/anaconda3/envs/PyTorch/lib/python3.11/site-packages/airflow/example_dags/example_latest_only_with_trigger.py
[2025-01-15T14:12:38.674+0800] {processor.py:914} INFO - Processing file /opt/anaconda3/envs/PyTorch/lib/python3.11/site-packages/airflow/example_dags/example_latest_only_with_trigger.py for tasks to queue
[2025-01-15T14:12:38.675+0800] {logging_mixin.py:190} INFO - [2025-01-15T14:12:38.675+0800] {dagbag.py:588} INFO - Filling up the DagBag from /opt/anaconda3/envs/PyTorch/lib/python3.11/site-packages/airflow/example_dags/example_latest_only_with_trigger.py
[2025-01-15T14:12:38.679+0800] {processor.py:925} INFO - DAG(s) 'latest_only_with_trigger' retrieved from /opt/anaconda3/envs/PyTorch/lib/python3.11/site-packages/airflow/example_dags/example_latest_only_with_trigger.py
[2025-01-15T14:12:38.715+0800] {logging_mixin.py:190} INFO - [2025-01-15T14:12:38.715+0800] {dag.py:3239} INFO - Sync 1 DAGs
[2025-01-15T14:12:38.722+0800] {logging_mixin.py:190} INFO - [2025-01-15T14:12:38.722+0800] {dag.py:4180} INFO - Setting next_dagrun for latest_only_with_trigger to 2025-01-15 00:00:00+00:00, run_after=2025-01-15 04:00:00+00:00
[2025-01-15T14:12:38.770+0800] {processor.py:208} INFO - Processing /opt/anaconda3/envs/PyTorch/lib/python3.11/site-packages/airflow/example_dags/example_latest_only_with_trigger.py took 0.099 seconds
[2025-01-15T14:16:22.324+0800] {processor.py:186} INFO - Started process (PID=94827) to work on /opt/anaconda3/envs/PyTorch/lib/python3.11/site-packages/airflow/example_dags/example_latest_only_with_trigger.py
[2025-01-15T14:16:22.326+0800] {processor.py:914} INFO - Processing file /opt/anaconda3/envs/PyTorch/lib/python3.11/site-packages/airflow/example_dags/example_latest_only_with_trigger.py for tasks to queue
[2025-01-15T14:16:22.326+0800] {logging_mixin.py:190} INFO - [2025-01-15T14:16:22.326+0800] {dagbag.py:588} INFO - Filling up the DagBag from /opt/anaconda3/envs/PyTorch/lib/python3.11/site-packages/airflow/example_dags/example_latest_only_with_trigger.py
[2025-01-15T14:16:22.330+0800] {processor.py:925} INFO - DAG(s) 'latest_only_with_trigger' retrieved from /opt/anaconda3/envs/PyTorch/lib/python3.11/site-packages/airflow/example_dags/example_latest_only_with_trigger.py
[2025-01-15T14:16:22.366+0800] {logging_mixin.py:190} INFO - [2025-01-15T14:16:22.366+0800] {dag.py:3239} INFO - Sync 1 DAGs
[2025-01-15T14:16:22.373+0800] {logging_mixin.py:190} INFO - [2025-01-15T14:16:22.373+0800] {dag.py:4180} INFO - Setting next_dagrun for latest_only_with_trigger to 2025-01-15 00:00:00+00:00, run_after=2025-01-15 04:00:00+00:00
[2025-01-15T14:16:22.419+0800] {processor.py:208} INFO - Processing /opt/anaconda3/envs/PyTorch/lib/python3.11/site-packages/airflow/example_dags/example_latest_only_with_trigger.py took 0.097 seconds
[2025-01-15T14:20:12.382+0800] {processor.py:186} INFO - Started process (PID=96907) to work on /opt/anaconda3/envs/PyTorch/lib/python3.11/site-packages/airflow/example_dags/example_latest_only_with_trigger.py
[2025-01-15T14:20:12.384+0800] {processor.py:914} INFO - Processing file /opt/anaconda3/envs/PyTorch/lib/python3.11/site-packages/airflow/example_dags/example_latest_only_with_trigger.py for tasks to queue
[2025-01-15T14:20:12.385+0800] {logging_mixin.py:190} INFO - [2025-01-15T14:20:12.385+0800] {dagbag.py:588} INFO - Filling up the DagBag from /opt/anaconda3/envs/PyTorch/lib/python3.11/site-packages/airflow/example_dags/example_latest_only_with_trigger.py
[2025-01-15T14:20:12.388+0800] {processor.py:925} INFO - DAG(s) 'latest_only_with_trigger' retrieved from /opt/anaconda3/envs/PyTorch/lib/python3.11/site-packages/airflow/example_dags/example_latest_only_with_trigger.py
[2025-01-15T14:20:12.424+0800] {logging_mixin.py:190} INFO - [2025-01-15T14:20:12.424+0800] {dag.py:3239} INFO - Sync 1 DAGs
[2025-01-15T14:20:12.431+0800] {logging_mixin.py:190} INFO - [2025-01-15T14:20:12.431+0800] {dag.py:4180} INFO - Setting next_dagrun for latest_only_with_trigger to 2025-01-15 00:00:00+00:00, run_after=2025-01-15 04:00:00+00:00
[2025-01-15T14:20:12.482+0800] {processor.py:208} INFO - Processing /opt/anaconda3/envs/PyTorch/lib/python3.11/site-packages/airflow/example_dags/example_latest_only_with_trigger.py took 0.102 seconds
[2025-01-15T14:23:56.607+0800] {processor.py:186} INFO - Started process (PID=98966) to work on /opt/anaconda3/envs/PyTorch/lib/python3.11/site-packages/airflow/example_dags/example_latest_only_with_trigger.py
[2025-01-15T14:23:56.608+0800] {processor.py:914} INFO - Processing file /opt/anaconda3/envs/PyTorch/lib/python3.11/site-packages/airflow/example_dags/example_latest_only_with_trigger.py for tasks to queue
[2025-01-15T14:23:56.609+0800] {logging_mixin.py:190} INFO - [2025-01-15T14:23:56.608+0800] {dagbag.py:588} INFO - Filling up the DagBag from /opt/anaconda3/envs/PyTorch/lib/python3.11/site-packages/airflow/example_dags/example_latest_only_with_trigger.py
[2025-01-15T14:23:56.613+0800] {processor.py:925} INFO - DAG(s) 'latest_only_with_trigger' retrieved from /opt/anaconda3/envs/PyTorch/lib/python3.11/site-packages/airflow/example_dags/example_latest_only_with_trigger.py
[2025-01-15T14:23:56.652+0800] {logging_mixin.py:190} INFO - [2025-01-15T14:23:56.652+0800] {dag.py:3239} INFO - Sync 1 DAGs
[2025-01-15T14:23:56.660+0800] {logging_mixin.py:190} INFO - [2025-01-15T14:23:56.659+0800] {dag.py:4180} INFO - Setting next_dagrun for latest_only_with_trigger to 2025-01-15 00:00:00+00:00, run_after=2025-01-15 04:00:00+00:00
[2025-01-15T14:23:56.705+0800] {processor.py:208} INFO - Processing /opt/anaconda3/envs/PyTorch/lib/python3.11/site-packages/airflow/example_dags/example_latest_only_with_trigger.py took 0.099 seconds
[2025-01-15T14:27:45.109+0800] {processor.py:186} INFO - Started process (PID=1435) to work on /opt/anaconda3/envs/PyTorch/lib/python3.11/site-packages/airflow/example_dags/example_latest_only_with_trigger.py
[2025-01-15T14:27:45.110+0800] {processor.py:914} INFO - Processing file /opt/anaconda3/envs/PyTorch/lib/python3.11/site-packages/airflow/example_dags/example_latest_only_with_trigger.py for tasks to queue
[2025-01-15T14:27:45.111+0800] {logging_mixin.py:190} INFO - [2025-01-15T14:27:45.111+0800] {dagbag.py:588} INFO - Filling up the DagBag from /opt/anaconda3/envs/PyTorch/lib/python3.11/site-packages/airflow/example_dags/example_latest_only_with_trigger.py
[2025-01-15T14:27:45.115+0800] {processor.py:925} INFO - DAG(s) 'latest_only_with_trigger' retrieved from /opt/anaconda3/envs/PyTorch/lib/python3.11/site-packages/airflow/example_dags/example_latest_only_with_trigger.py
[2025-01-15T14:27:45.153+0800] {logging_mixin.py:190} INFO - [2025-01-15T14:27:45.152+0800] {dag.py:3239} INFO - Sync 1 DAGs
[2025-01-15T14:27:45.160+0800] {logging_mixin.py:190} INFO - [2025-01-15T14:27:45.159+0800] {dag.py:4180} INFO - Setting next_dagrun for latest_only_with_trigger to 2025-01-15 00:00:00+00:00, run_after=2025-01-15 04:00:00+00:00
[2025-01-15T14:27:45.205+0800] {processor.py:208} INFO - Processing /opt/anaconda3/envs/PyTorch/lib/python3.11/site-packages/airflow/example_dags/example_latest_only_with_trigger.py took 0.099 seconds
