[2025-01-15T11:50:11.403+0800] {processor.py:186} INFO - Started process (PID=15173) to work on /opt/anaconda3/envs/PyTorch/lib/python3.11/site-packages/airflow/example_dags/example_params_ui_tutorial.py
[2025-01-15T11:50:11.404+0800] {processor.py:914} INFO - Processing file /opt/anaconda3/envs/PyTorch/lib/python3.11/site-packages/airflow/example_dags/example_params_ui_tutorial.py for tasks to queue
[2025-01-15T11:50:11.404+0800] {logging_mixin.py:190} INFO - [2025-01-15T11:50:11.404+0800] {dagbag.py:588} INFO - Filling up the DagBag from /opt/anaconda3/envs/PyTorch/lib/python3.11/site-packages/airflow/example_dags/example_params_ui_tutorial.py
[2025-01-15T11:50:11.422+0800] {processor.py:925} INFO - DAG(s) 'example_params_ui_tutorial' retrieved from /opt/anaconda3/envs/PyTorch/lib/python3.11/site-packages/airflow/example_dags/example_params_ui_tutorial.py
[2025-01-15T11:50:11.535+0800] {logging_mixin.py:190} INFO - [2025-01-15T11:50:11.535+0800] {override.py:1912} INFO - Created Permission View: can delete on DAG:example_params_ui_tutorial
[2025-01-15T11:50:11.538+0800] {logging_mixin.py:190} INFO - [2025-01-15T11:50:11.538+0800] {override.py:1912} INFO - Created Permission View: can read on DAG:example_params_ui_tutorial
[2025-01-15T11:50:11.540+0800] {logging_mixin.py:190} INFO - [2025-01-15T11:50:11.540+0800] {override.py:1912} INFO - Created Permission View: can edit on DAG:example_params_ui_tutorial
[2025-01-15T11:50:11.543+0800] {logging_mixin.py:190} INFO - [2025-01-15T11:50:11.543+0800] {override.py:1912} INFO - Created Permission View: can delete on DAG Run:example_params_ui_tutorial
[2025-01-15T11:50:11.544+0800] {logging_mixin.py:190} INFO - [2025-01-15T11:50:11.544+0800] {override.py:1912} INFO - Created Permission View: menu access on DAG Run:example_params_ui_tutorial
[2025-01-15T11:50:11.547+0800] {logging_mixin.py:190} INFO - [2025-01-15T11:50:11.547+0800] {override.py:1912} INFO - Created Permission View: can create on DAG Run:example_params_ui_tutorial
[2025-01-15T11:50:11.549+0800] {logging_mixin.py:190} INFO - [2025-01-15T11:50:11.549+0800] {override.py:1912} INFO - Created Permission View: can read on DAG Run:example_params_ui_tutorial
[2025-01-15T11:50:11.549+0800] {logging_mixin.py:190} INFO - [2025-01-15T11:50:11.549+0800] {dag.py:3239} INFO - Sync 1 DAGs
[2025-01-15T11:50:11.555+0800] {logging_mixin.py:190} INFO - [2025-01-15T11:50:11.555+0800] {dag.py:3262} INFO - Creating ORM DAG for example_params_ui_tutorial
[2025-01-15T11:50:11.555+0800] {logging_mixin.py:190} INFO - [2025-01-15T11:50:11.555+0800] {dag.py:4180} INFO - Setting next_dagrun for example_params_ui_tutorial to None, run_after=None
[2025-01-15T11:50:11.562+0800] {processor.py:208} INFO - Processing /opt/anaconda3/envs/PyTorch/lib/python3.11/site-packages/airflow/example_dags/example_params_ui_tutorial.py took 0.161 seconds
[2025-01-15T11:56:43.437+0800] {processor.py:186} INFO - Started process (PID=18451) to work on /opt/anaconda3/envs/PyTorch/lib/python3.11/site-packages/airflow/example_dags/example_params_ui_tutorial.py
[2025-01-15T11:56:43.438+0800] {processor.py:914} INFO - Processing file /opt/anaconda3/envs/PyTorch/lib/python3.11/site-packages/airflow/example_dags/example_params_ui_tutorial.py for tasks to queue
[2025-01-15T11:56:43.439+0800] {logging_mixin.py:190} INFO - [2025-01-15T11:56:43.439+0800] {dagbag.py:588} INFO - Filling up the DagBag from /opt/anaconda3/envs/PyTorch/lib/python3.11/site-packages/airflow/example_dags/example_params_ui_tutorial.py
[2025-01-15T11:56:43.455+0800] {processor.py:925} INFO - DAG(s) 'example_params_ui_tutorial' retrieved from /opt/anaconda3/envs/PyTorch/lib/python3.11/site-packages/airflow/example_dags/example_params_ui_tutorial.py
[2025-01-15T11:56:43.541+0800] {logging_mixin.py:190} INFO - [2025-01-15T11:56:43.541+0800] {dag.py:3239} INFO - Sync 1 DAGs
[2025-01-15T11:56:43.545+0800] {logging_mixin.py:190} INFO - [2025-01-15T11:56:43.545+0800] {dag.py:4180} INFO - Setting next_dagrun for example_params_ui_tutorial to None, run_after=None
[2025-01-15T11:56:43.552+0800] {processor.py:208} INFO - Processing /opt/anaconda3/envs/PyTorch/lib/python3.11/site-packages/airflow/example_dags/example_params_ui_tutorial.py took 0.117 seconds
[2025-01-15T11:58:39.309+0800] {processor.py:186} INFO - Started process (PID=19494) to work on /opt/anaconda3/envs/PyTorch/lib/python3.11/site-packages/airflow/example_dags/example_params_ui_tutorial.py
[2025-01-15T11:58:39.310+0800] {processor.py:914} INFO - Processing file /opt/anaconda3/envs/PyTorch/lib/python3.11/site-packages/airflow/example_dags/example_params_ui_tutorial.py for tasks to queue
[2025-01-15T11:58:39.311+0800] {logging_mixin.py:190} INFO - [2025-01-15T11:58:39.311+0800] {dagbag.py:588} INFO - Filling up the DagBag from /opt/anaconda3/envs/PyTorch/lib/python3.11/site-packages/airflow/example_dags/example_params_ui_tutorial.py
[2025-01-15T11:58:39.327+0800] {processor.py:925} INFO - DAG(s) 'example_params_ui_tutorial' retrieved from /opt/anaconda3/envs/PyTorch/lib/python3.11/site-packages/airflow/example_dags/example_params_ui_tutorial.py
[2025-01-15T11:58:39.411+0800] {logging_mixin.py:190} INFO - [2025-01-15T11:58:39.411+0800] {dag.py:3239} INFO - Sync 1 DAGs
[2025-01-15T11:58:39.415+0800] {logging_mixin.py:190} INFO - [2025-01-15T11:58:39.415+0800] {dag.py:4180} INFO - Setting next_dagrun for example_params_ui_tutorial to None, run_after=None
[2025-01-15T11:58:39.421+0800] {processor.py:208} INFO - Processing /opt/anaconda3/envs/PyTorch/lib/python3.11/site-packages/airflow/example_dags/example_params_ui_tutorial.py took 0.114 seconds
[2025-01-15T12:00:36.389+0800] {processor.py:186} INFO - Started process (PID=20548) to work on /opt/anaconda3/envs/PyTorch/lib/python3.11/site-packages/airflow/example_dags/example_params_ui_tutorial.py
[2025-01-15T12:00:36.391+0800] {processor.py:914} INFO - Processing file /opt/anaconda3/envs/PyTorch/lib/python3.11/site-packages/airflow/example_dags/example_params_ui_tutorial.py for tasks to queue
[2025-01-15T12:00:36.392+0800] {logging_mixin.py:190} INFO - [2025-01-15T12:00:36.391+0800] {dagbag.py:588} INFO - Filling up the DagBag from /opt/anaconda3/envs/PyTorch/lib/python3.11/site-packages/airflow/example_dags/example_params_ui_tutorial.py
[2025-01-15T12:00:36.410+0800] {processor.py:925} INFO - DAG(s) 'example_params_ui_tutorial' retrieved from /opt/anaconda3/envs/PyTorch/lib/python3.11/site-packages/airflow/example_dags/example_params_ui_tutorial.py
[2025-01-15T12:00:36.496+0800] {logging_mixin.py:190} INFO - [2025-01-15T12:00:36.496+0800] {dag.py:3239} INFO - Sync 1 DAGs
[2025-01-15T12:00:36.500+0800] {logging_mixin.py:190} INFO - [2025-01-15T12:00:36.500+0800] {dag.py:4180} INFO - Setting next_dagrun for example_params_ui_tutorial to None, run_after=None
[2025-01-15T12:00:36.507+0800] {processor.py:208} INFO - Processing /opt/anaconda3/envs/PyTorch/lib/python3.11/site-packages/airflow/example_dags/example_params_ui_tutorial.py took 0.120 seconds
[2025-01-15T12:03:31.211+0800] {processor.py:186} INFO - Started process (PID=22076) to work on /opt/anaconda3/envs/PyTorch/lib/python3.11/site-packages/airflow/example_dags/example_params_ui_tutorial.py
[2025-01-15T12:03:31.212+0800] {processor.py:914} INFO - Processing file /opt/anaconda3/envs/PyTorch/lib/python3.11/site-packages/airflow/example_dags/example_params_ui_tutorial.py for tasks to queue
[2025-01-15T12:03:31.213+0800] {logging_mixin.py:190} INFO - [2025-01-15T12:03:31.213+0800] {dagbag.py:588} INFO - Filling up the DagBag from /opt/anaconda3/envs/PyTorch/lib/python3.11/site-packages/airflow/example_dags/example_params_ui_tutorial.py
[2025-01-15T12:03:31.229+0800] {processor.py:925} INFO - DAG(s) 'example_params_ui_tutorial' retrieved from /opt/anaconda3/envs/PyTorch/lib/python3.11/site-packages/airflow/example_dags/example_params_ui_tutorial.py
[2025-01-15T12:03:31.309+0800] {logging_mixin.py:190} INFO - [2025-01-15T12:03:31.309+0800] {dag.py:3239} INFO - Sync 1 DAGs
[2025-01-15T12:03:31.312+0800] {logging_mixin.py:190} INFO - [2025-01-15T12:03:31.312+0800] {dag.py:4180} INFO - Setting next_dagrun for example_params_ui_tutorial to None, run_after=None
[2025-01-15T12:03:31.319+0800] {processor.py:208} INFO - Processing /opt/anaconda3/envs/PyTorch/lib/python3.11/site-packages/airflow/example_dags/example_params_ui_tutorial.py took 0.110 seconds
[2025-01-15T12:06:23.564+0800] {processor.py:186} INFO - Started process (PID=23641) to work on /opt/anaconda3/envs/PyTorch/lib/python3.11/site-packages/airflow/example_dags/example_params_ui_tutorial.py
[2025-01-15T12:06:23.565+0800] {processor.py:914} INFO - Processing file /opt/anaconda3/envs/PyTorch/lib/python3.11/site-packages/airflow/example_dags/example_params_ui_tutorial.py for tasks to queue
[2025-01-15T12:06:23.566+0800] {logging_mixin.py:190} INFO - [2025-01-15T12:06:23.565+0800] {dagbag.py:588} INFO - Filling up the DagBag from /opt/anaconda3/envs/PyTorch/lib/python3.11/site-packages/airflow/example_dags/example_params_ui_tutorial.py
[2025-01-15T12:06:23.582+0800] {processor.py:925} INFO - DAG(s) 'example_params_ui_tutorial' retrieved from /opt/anaconda3/envs/PyTorch/lib/python3.11/site-packages/airflow/example_dags/example_params_ui_tutorial.py
[2025-01-15T12:06:23.663+0800] {logging_mixin.py:190} INFO - [2025-01-15T12:06:23.663+0800] {dag.py:3239} INFO - Sync 1 DAGs
[2025-01-15T12:06:23.667+0800] {logging_mixin.py:190} INFO - [2025-01-15T12:06:23.666+0800] {dag.py:4180} INFO - Setting next_dagrun for example_params_ui_tutorial to None, run_after=None
[2025-01-15T12:06:23.673+0800] {processor.py:208} INFO - Processing /opt/anaconda3/envs/PyTorch/lib/python3.11/site-packages/airflow/example_dags/example_params_ui_tutorial.py took 0.111 seconds
[2025-01-15T12:09:20.063+0800] {processor.py:186} INFO - Started process (PID=25219) to work on /opt/anaconda3/envs/PyTorch/lib/python3.11/site-packages/airflow/example_dags/example_params_ui_tutorial.py
[2025-01-15T12:09:20.064+0800] {processor.py:914} INFO - Processing file /opt/anaconda3/envs/PyTorch/lib/python3.11/site-packages/airflow/example_dags/example_params_ui_tutorial.py for tasks to queue
[2025-01-15T12:09:20.065+0800] {logging_mixin.py:190} INFO - [2025-01-15T12:09:20.064+0800] {dagbag.py:588} INFO - Filling up the DagBag from /opt/anaconda3/envs/PyTorch/lib/python3.11/site-packages/airflow/example_dags/example_params_ui_tutorial.py
[2025-01-15T12:09:20.083+0800] {processor.py:925} INFO - DAG(s) 'example_params_ui_tutorial' retrieved from /opt/anaconda3/envs/PyTorch/lib/python3.11/site-packages/airflow/example_dags/example_params_ui_tutorial.py
[2025-01-15T12:09:20.170+0800] {logging_mixin.py:190} INFO - [2025-01-15T12:09:20.170+0800] {dag.py:3239} INFO - Sync 1 DAGs
[2025-01-15T12:09:20.174+0800] {logging_mixin.py:190} INFO - [2025-01-15T12:09:20.174+0800] {dag.py:4180} INFO - Setting next_dagrun for example_params_ui_tutorial to None, run_after=None
[2025-01-15T12:09:20.182+0800] {processor.py:208} INFO - Processing /opt/anaconda3/envs/PyTorch/lib/python3.11/site-packages/airflow/example_dags/example_params_ui_tutorial.py took 0.120 seconds
[2025-01-15T12:12:16.810+0800] {processor.py:186} INFO - Started process (PID=26829) to work on /opt/anaconda3/envs/PyTorch/lib/python3.11/site-packages/airflow/example_dags/example_params_ui_tutorial.py
[2025-01-15T12:12:16.811+0800] {processor.py:914} INFO - Processing file /opt/anaconda3/envs/PyTorch/lib/python3.11/site-packages/airflow/example_dags/example_params_ui_tutorial.py for tasks to queue
[2025-01-15T12:12:16.811+0800] {logging_mixin.py:190} INFO - [2025-01-15T12:12:16.811+0800] {dagbag.py:588} INFO - Filling up the DagBag from /opt/anaconda3/envs/PyTorch/lib/python3.11/site-packages/airflow/example_dags/example_params_ui_tutorial.py
[2025-01-15T12:12:16.829+0800] {processor.py:925} INFO - DAG(s) 'example_params_ui_tutorial' retrieved from /opt/anaconda3/envs/PyTorch/lib/python3.11/site-packages/airflow/example_dags/example_params_ui_tutorial.py
[2025-01-15T12:12:16.910+0800] {logging_mixin.py:190} INFO - [2025-01-15T12:12:16.910+0800] {dag.py:3239} INFO - Sync 1 DAGs
[2025-01-15T12:12:16.914+0800] {logging_mixin.py:190} INFO - [2025-01-15T12:12:16.913+0800] {dag.py:4180} INFO - Setting next_dagrun for example_params_ui_tutorial to None, run_after=None
[2025-01-15T12:12:16.920+0800] {processor.py:208} INFO - Processing /opt/anaconda3/envs/PyTorch/lib/python3.11/site-packages/airflow/example_dags/example_params_ui_tutorial.py took 0.111 seconds
[2025-01-15T12:15:13.919+0800] {processor.py:186} INFO - Started process (PID=28376) to work on /opt/anaconda3/envs/PyTorch/lib/python3.11/site-packages/airflow/example_dags/example_params_ui_tutorial.py
[2025-01-15T12:15:13.920+0800] {processor.py:914} INFO - Processing file /opt/anaconda3/envs/PyTorch/lib/python3.11/site-packages/airflow/example_dags/example_params_ui_tutorial.py for tasks to queue
[2025-01-15T12:15:13.921+0800] {logging_mixin.py:190} INFO - [2025-01-15T12:15:13.921+0800] {dagbag.py:588} INFO - Filling up the DagBag from /opt/anaconda3/envs/PyTorch/lib/python3.11/site-packages/airflow/example_dags/example_params_ui_tutorial.py
[2025-01-15T12:15:13.937+0800] {processor.py:925} INFO - DAG(s) 'example_params_ui_tutorial' retrieved from /opt/anaconda3/envs/PyTorch/lib/python3.11/site-packages/airflow/example_dags/example_params_ui_tutorial.py
[2025-01-15T12:15:14.017+0800] {logging_mixin.py:190} INFO - [2025-01-15T12:15:14.017+0800] {dag.py:3239} INFO - Sync 1 DAGs
[2025-01-15T12:15:14.021+0800] {logging_mixin.py:190} INFO - [2025-01-15T12:15:14.021+0800] {dag.py:4180} INFO - Setting next_dagrun for example_params_ui_tutorial to None, run_after=None
[2025-01-15T12:15:14.027+0800] {processor.py:208} INFO - Processing /opt/anaconda3/envs/PyTorch/lib/python3.11/site-packages/airflow/example_dags/example_params_ui_tutorial.py took 0.110 seconds
[2025-01-15T12:18:10.276+0800] {processor.py:186} INFO - Started process (PID=29959) to work on /opt/anaconda3/envs/PyTorch/lib/python3.11/site-packages/airflow/example_dags/example_params_ui_tutorial.py
[2025-01-15T12:18:10.278+0800] {processor.py:914} INFO - Processing file /opt/anaconda3/envs/PyTorch/lib/python3.11/site-packages/airflow/example_dags/example_params_ui_tutorial.py for tasks to queue
[2025-01-15T12:18:10.278+0800] {logging_mixin.py:190} INFO - [2025-01-15T12:18:10.278+0800] {dagbag.py:588} INFO - Filling up the DagBag from /opt/anaconda3/envs/PyTorch/lib/python3.11/site-packages/airflow/example_dags/example_params_ui_tutorial.py
[2025-01-15T12:18:10.295+0800] {processor.py:925} INFO - DAG(s) 'example_params_ui_tutorial' retrieved from /opt/anaconda3/envs/PyTorch/lib/python3.11/site-packages/airflow/example_dags/example_params_ui_tutorial.py
[2025-01-15T12:18:10.375+0800] {logging_mixin.py:190} INFO - [2025-01-15T12:18:10.374+0800] {dag.py:3239} INFO - Sync 1 DAGs
[2025-01-15T12:18:10.378+0800] {logging_mixin.py:190} INFO - [2025-01-15T12:18:10.378+0800] {dag.py:4180} INFO - Setting next_dagrun for example_params_ui_tutorial to None, run_after=None
[2025-01-15T12:18:10.384+0800] {processor.py:208} INFO - Processing /opt/anaconda3/envs/PyTorch/lib/python3.11/site-packages/airflow/example_dags/example_params_ui_tutorial.py took 0.110 seconds
[2025-01-15T12:21:09.120+0800] {processor.py:186} INFO - Started process (PID=31531) to work on /opt/anaconda3/envs/PyTorch/lib/python3.11/site-packages/airflow/example_dags/example_params_ui_tutorial.py
[2025-01-15T12:21:09.120+0800] {processor.py:914} INFO - Processing file /opt/anaconda3/envs/PyTorch/lib/python3.11/site-packages/airflow/example_dags/example_params_ui_tutorial.py for tasks to queue
[2025-01-15T12:21:09.121+0800] {logging_mixin.py:190} INFO - [2025-01-15T12:21:09.121+0800] {dagbag.py:588} INFO - Filling up the DagBag from /opt/anaconda3/envs/PyTorch/lib/python3.11/site-packages/airflow/example_dags/example_params_ui_tutorial.py
[2025-01-15T12:21:09.138+0800] {processor.py:925} INFO - DAG(s) 'example_params_ui_tutorial' retrieved from /opt/anaconda3/envs/PyTorch/lib/python3.11/site-packages/airflow/example_dags/example_params_ui_tutorial.py
[2025-01-15T12:21:09.219+0800] {logging_mixin.py:190} INFO - [2025-01-15T12:21:09.219+0800] {dag.py:3239} INFO - Sync 1 DAGs
[2025-01-15T12:21:09.223+0800] {logging_mixin.py:190} INFO - [2025-01-15T12:21:09.223+0800] {dag.py:4180} INFO - Setting next_dagrun for example_params_ui_tutorial to None, run_after=None
[2025-01-15T12:21:09.230+0800] {processor.py:208} INFO - Processing /opt/anaconda3/envs/PyTorch/lib/python3.11/site-packages/airflow/example_dags/example_params_ui_tutorial.py took 0.111 seconds
[2025-01-15T12:24:13.072+0800] {processor.py:186} INFO - Started process (PID=33145) to work on /opt/anaconda3/envs/PyTorch/lib/python3.11/site-packages/airflow/example_dags/example_params_ui_tutorial.py
[2025-01-15T12:24:13.074+0800] {processor.py:914} INFO - Processing file /opt/anaconda3/envs/PyTorch/lib/python3.11/site-packages/airflow/example_dags/example_params_ui_tutorial.py for tasks to queue
[2025-01-15T12:24:13.074+0800] {logging_mixin.py:190} INFO - [2025-01-15T12:24:13.074+0800] {dagbag.py:588} INFO - Filling up the DagBag from /opt/anaconda3/envs/PyTorch/lib/python3.11/site-packages/airflow/example_dags/example_params_ui_tutorial.py
[2025-01-15T12:24:13.091+0800] {processor.py:925} INFO - DAG(s) 'example_params_ui_tutorial' retrieved from /opt/anaconda3/envs/PyTorch/lib/python3.11/site-packages/airflow/example_dags/example_params_ui_tutorial.py
[2025-01-15T12:24:13.173+0800] {logging_mixin.py:190} INFO - [2025-01-15T12:24:13.173+0800] {dag.py:3239} INFO - Sync 1 DAGs
[2025-01-15T12:24:13.177+0800] {logging_mixin.py:190} INFO - [2025-01-15T12:24:13.177+0800] {dag.py:4180} INFO - Setting next_dagrun for example_params_ui_tutorial to None, run_after=None
[2025-01-15T12:24:13.184+0800] {processor.py:208} INFO - Processing /opt/anaconda3/envs/PyTorch/lib/python3.11/site-packages/airflow/example_dags/example_params_ui_tutorial.py took 0.113 seconds
[2025-01-15T12:27:08.935+0800] {processor.py:186} INFO - Started process (PID=34708) to work on /opt/anaconda3/envs/PyTorch/lib/python3.11/site-packages/airflow/example_dags/example_params_ui_tutorial.py
[2025-01-15T12:27:08.937+0800] {processor.py:914} INFO - Processing file /opt/anaconda3/envs/PyTorch/lib/python3.11/site-packages/airflow/example_dags/example_params_ui_tutorial.py for tasks to queue
[2025-01-15T12:27:08.937+0800] {logging_mixin.py:190} INFO - [2025-01-15T12:27:08.937+0800] {dagbag.py:588} INFO - Filling up the DagBag from /opt/anaconda3/envs/PyTorch/lib/python3.11/site-packages/airflow/example_dags/example_params_ui_tutorial.py
[2025-01-15T12:27:08.955+0800] {processor.py:925} INFO - DAG(s) 'example_params_ui_tutorial' retrieved from /opt/anaconda3/envs/PyTorch/lib/python3.11/site-packages/airflow/example_dags/example_params_ui_tutorial.py
[2025-01-15T12:27:09.039+0800] {logging_mixin.py:190} INFO - [2025-01-15T12:27:09.039+0800] {dag.py:3239} INFO - Sync 1 DAGs
[2025-01-15T12:27:09.043+0800] {logging_mixin.py:190} INFO - [2025-01-15T12:27:09.043+0800] {dag.py:4180} INFO - Setting next_dagrun for example_params_ui_tutorial to None, run_after=None
[2025-01-15T12:27:09.050+0800] {processor.py:208} INFO - Processing /opt/anaconda3/envs/PyTorch/lib/python3.11/site-packages/airflow/example_dags/example_params_ui_tutorial.py took 0.116 seconds
[2025-01-15T12:30:05.345+0800] {processor.py:186} INFO - Started process (PID=36257) to work on /opt/anaconda3/envs/PyTorch/lib/python3.11/site-packages/airflow/example_dags/example_params_ui_tutorial.py
[2025-01-15T12:30:05.347+0800] {processor.py:914} INFO - Processing file /opt/anaconda3/envs/PyTorch/lib/python3.11/site-packages/airflow/example_dags/example_params_ui_tutorial.py for tasks to queue
[2025-01-15T12:30:05.347+0800] {logging_mixin.py:190} INFO - [2025-01-15T12:30:05.347+0800] {dagbag.py:588} INFO - Filling up the DagBag from /opt/anaconda3/envs/PyTorch/lib/python3.11/site-packages/airflow/example_dags/example_params_ui_tutorial.py
[2025-01-15T12:30:05.364+0800] {processor.py:925} INFO - DAG(s) 'example_params_ui_tutorial' retrieved from /opt/anaconda3/envs/PyTorch/lib/python3.11/site-packages/airflow/example_dags/example_params_ui_tutorial.py
[2025-01-15T12:30:05.443+0800] {logging_mixin.py:190} INFO - [2025-01-15T12:30:05.443+0800] {dag.py:3239} INFO - Sync 1 DAGs
[2025-01-15T12:30:05.447+0800] {logging_mixin.py:190} INFO - [2025-01-15T12:30:05.447+0800] {dag.py:4180} INFO - Setting next_dagrun for example_params_ui_tutorial to None, run_after=None
[2025-01-15T12:30:05.453+0800] {processor.py:208} INFO - Processing /opt/anaconda3/envs/PyTorch/lib/python3.11/site-packages/airflow/example_dags/example_params_ui_tutorial.py took 0.109 seconds
[2025-01-15T12:33:01.245+0800] {processor.py:186} INFO - Started process (PID=37782) to work on /opt/anaconda3/envs/PyTorch/lib/python3.11/site-packages/airflow/example_dags/example_params_ui_tutorial.py
[2025-01-15T12:33:01.246+0800] {processor.py:914} INFO - Processing file /opt/anaconda3/envs/PyTorch/lib/python3.11/site-packages/airflow/example_dags/example_params_ui_tutorial.py for tasks to queue
[2025-01-15T12:33:01.247+0800] {logging_mixin.py:190} INFO - [2025-01-15T12:33:01.247+0800] {dagbag.py:588} INFO - Filling up the DagBag from /opt/anaconda3/envs/PyTorch/lib/python3.11/site-packages/airflow/example_dags/example_params_ui_tutorial.py
[2025-01-15T12:33:01.263+0800] {processor.py:925} INFO - DAG(s) 'example_params_ui_tutorial' retrieved from /opt/anaconda3/envs/PyTorch/lib/python3.11/site-packages/airflow/example_dags/example_params_ui_tutorial.py
[2025-01-15T12:33:01.344+0800] {logging_mixin.py:190} INFO - [2025-01-15T12:33:01.343+0800] {dag.py:3239} INFO - Sync 1 DAGs
[2025-01-15T12:33:01.347+0800] {logging_mixin.py:190} INFO - [2025-01-15T12:33:01.347+0800] {dag.py:4180} INFO - Setting next_dagrun for example_params_ui_tutorial to None, run_after=None
[2025-01-15T12:33:01.354+0800] {processor.py:208} INFO - Processing /opt/anaconda3/envs/PyTorch/lib/python3.11/site-packages/airflow/example_dags/example_params_ui_tutorial.py took 0.111 seconds
[2025-01-15T12:35:59.175+0800] {processor.py:186} INFO - Started process (PID=39365) to work on /opt/anaconda3/envs/PyTorch/lib/python3.11/site-packages/airflow/example_dags/example_params_ui_tutorial.py
[2025-01-15T12:35:59.175+0800] {processor.py:914} INFO - Processing file /opt/anaconda3/envs/PyTorch/lib/python3.11/site-packages/airflow/example_dags/example_params_ui_tutorial.py for tasks to queue
[2025-01-15T12:35:59.176+0800] {logging_mixin.py:190} INFO - [2025-01-15T12:35:59.176+0800] {dagbag.py:588} INFO - Filling up the DagBag from /opt/anaconda3/envs/PyTorch/lib/python3.11/site-packages/airflow/example_dags/example_params_ui_tutorial.py
[2025-01-15T12:35:59.193+0800] {processor.py:925} INFO - DAG(s) 'example_params_ui_tutorial' retrieved from /opt/anaconda3/envs/PyTorch/lib/python3.11/site-packages/airflow/example_dags/example_params_ui_tutorial.py
[2025-01-15T12:35:59.275+0800] {logging_mixin.py:190} INFO - [2025-01-15T12:35:59.275+0800] {dag.py:3239} INFO - Sync 1 DAGs
[2025-01-15T12:35:59.279+0800] {logging_mixin.py:190} INFO - [2025-01-15T12:35:59.279+0800] {dag.py:4180} INFO - Setting next_dagrun for example_params_ui_tutorial to None, run_after=None
[2025-01-15T12:35:59.285+0800] {processor.py:208} INFO - Processing /opt/anaconda3/envs/PyTorch/lib/python3.11/site-packages/airflow/example_dags/example_params_ui_tutorial.py took 0.112 seconds
[2025-01-15T12:38:56.034+0800] {processor.py:186} INFO - Started process (PID=40925) to work on /opt/anaconda3/envs/PyTorch/lib/python3.11/site-packages/airflow/example_dags/example_params_ui_tutorial.py
[2025-01-15T12:38:56.035+0800] {processor.py:914} INFO - Processing file /opt/anaconda3/envs/PyTorch/lib/python3.11/site-packages/airflow/example_dags/example_params_ui_tutorial.py for tasks to queue
[2025-01-15T12:38:56.036+0800] {logging_mixin.py:190} INFO - [2025-01-15T12:38:56.036+0800] {dagbag.py:588} INFO - Filling up the DagBag from /opt/anaconda3/envs/PyTorch/lib/python3.11/site-packages/airflow/example_dags/example_params_ui_tutorial.py
[2025-01-15T12:38:56.053+0800] {processor.py:925} INFO - DAG(s) 'example_params_ui_tutorial' retrieved from /opt/anaconda3/envs/PyTorch/lib/python3.11/site-packages/airflow/example_dags/example_params_ui_tutorial.py
[2025-01-15T12:38:56.133+0800] {logging_mixin.py:190} INFO - [2025-01-15T12:38:56.133+0800] {dag.py:3239} INFO - Sync 1 DAGs
[2025-01-15T12:38:56.137+0800] {logging_mixin.py:190} INFO - [2025-01-15T12:38:56.137+0800] {dag.py:4180} INFO - Setting next_dagrun for example_params_ui_tutorial to None, run_after=None
[2025-01-15T12:38:56.143+0800] {processor.py:208} INFO - Processing /opt/anaconda3/envs/PyTorch/lib/python3.11/site-packages/airflow/example_dags/example_params_ui_tutorial.py took 0.110 seconds
[2025-01-15T12:41:54.639+0800] {processor.py:186} INFO - Started process (PID=42544) to work on /opt/anaconda3/envs/PyTorch/lib/python3.11/site-packages/airflow/example_dags/example_params_ui_tutorial.py
[2025-01-15T12:41:54.640+0800] {processor.py:914} INFO - Processing file /opt/anaconda3/envs/PyTorch/lib/python3.11/site-packages/airflow/example_dags/example_params_ui_tutorial.py for tasks to queue
[2025-01-15T12:41:54.641+0800] {logging_mixin.py:190} INFO - [2025-01-15T12:41:54.641+0800] {dagbag.py:588} INFO - Filling up the DagBag from /opt/anaconda3/envs/PyTorch/lib/python3.11/site-packages/airflow/example_dags/example_params_ui_tutorial.py
[2025-01-15T12:41:54.657+0800] {processor.py:925} INFO - DAG(s) 'example_params_ui_tutorial' retrieved from /opt/anaconda3/envs/PyTorch/lib/python3.11/site-packages/airflow/example_dags/example_params_ui_tutorial.py
[2025-01-15T12:41:54.736+0800] {logging_mixin.py:190} INFO - [2025-01-15T12:41:54.736+0800] {dag.py:3239} INFO - Sync 1 DAGs
[2025-01-15T12:41:54.740+0800] {logging_mixin.py:190} INFO - [2025-01-15T12:41:54.740+0800] {dag.py:4180} INFO - Setting next_dagrun for example_params_ui_tutorial to None, run_after=None
[2025-01-15T12:41:54.746+0800] {processor.py:208} INFO - Processing /opt/anaconda3/envs/PyTorch/lib/python3.11/site-packages/airflow/example_dags/example_params_ui_tutorial.py took 0.109 seconds
[2025-01-15T12:44:51.951+0800] {processor.py:186} INFO - Started process (PID=44120) to work on /opt/anaconda3/envs/PyTorch/lib/python3.11/site-packages/airflow/example_dags/example_params_ui_tutorial.py
[2025-01-15T12:44:51.952+0800] {processor.py:914} INFO - Processing file /opt/anaconda3/envs/PyTorch/lib/python3.11/site-packages/airflow/example_dags/example_params_ui_tutorial.py for tasks to queue
[2025-01-15T12:44:51.952+0800] {logging_mixin.py:190} INFO - [2025-01-15T12:44:51.952+0800] {dagbag.py:588} INFO - Filling up the DagBag from /opt/anaconda3/envs/PyTorch/lib/python3.11/site-packages/airflow/example_dags/example_params_ui_tutorial.py
[2025-01-15T12:44:51.974+0800] {processor.py:925} INFO - DAG(s) 'example_params_ui_tutorial' retrieved from /opt/anaconda3/envs/PyTorch/lib/python3.11/site-packages/airflow/example_dags/example_params_ui_tutorial.py
[2025-01-15T12:44:52.068+0800] {logging_mixin.py:190} INFO - [2025-01-15T12:44:52.068+0800] {dag.py:3239} INFO - Sync 1 DAGs
[2025-01-15T12:44:52.072+0800] {logging_mixin.py:190} INFO - [2025-01-15T12:44:52.072+0800] {dag.py:4180} INFO - Setting next_dagrun for example_params_ui_tutorial to None, run_after=None
[2025-01-15T12:44:52.079+0800] {processor.py:208} INFO - Processing /opt/anaconda3/envs/PyTorch/lib/python3.11/site-packages/airflow/example_dags/example_params_ui_tutorial.py took 0.130 seconds
[2025-01-15T12:47:51.378+0800] {processor.py:186} INFO - Started process (PID=45758) to work on /opt/anaconda3/envs/PyTorch/lib/python3.11/site-packages/airflow/example_dags/example_params_ui_tutorial.py
[2025-01-15T12:47:51.380+0800] {processor.py:914} INFO - Processing file /opt/anaconda3/envs/PyTorch/lib/python3.11/site-packages/airflow/example_dags/example_params_ui_tutorial.py for tasks to queue
[2025-01-15T12:47:51.380+0800] {logging_mixin.py:190} INFO - [2025-01-15T12:47:51.380+0800] {dagbag.py:588} INFO - Filling up the DagBag from /opt/anaconda3/envs/PyTorch/lib/python3.11/site-packages/airflow/example_dags/example_params_ui_tutorial.py
[2025-01-15T12:47:51.396+0800] {processor.py:925} INFO - DAG(s) 'example_params_ui_tutorial' retrieved from /opt/anaconda3/envs/PyTorch/lib/python3.11/site-packages/airflow/example_dags/example_params_ui_tutorial.py
[2025-01-15T12:47:51.476+0800] {logging_mixin.py:190} INFO - [2025-01-15T12:47:51.476+0800] {dag.py:3239} INFO - Sync 1 DAGs
[2025-01-15T12:47:51.480+0800] {logging_mixin.py:190} INFO - [2025-01-15T12:47:51.479+0800] {dag.py:4180} INFO - Setting next_dagrun for example_params_ui_tutorial to None, run_after=None
[2025-01-15T12:47:51.486+0800] {processor.py:208} INFO - Processing /opt/anaconda3/envs/PyTorch/lib/python3.11/site-packages/airflow/example_dags/example_params_ui_tutorial.py took 0.110 seconds
[2025-01-15T12:50:54.384+0800] {processor.py:186} INFO - Started process (PID=47399) to work on /opt/anaconda3/envs/PyTorch/lib/python3.11/site-packages/airflow/example_dags/example_params_ui_tutorial.py
[2025-01-15T12:50:54.386+0800] {processor.py:914} INFO - Processing file /opt/anaconda3/envs/PyTorch/lib/python3.11/site-packages/airflow/example_dags/example_params_ui_tutorial.py for tasks to queue
[2025-01-15T12:50:54.386+0800] {logging_mixin.py:190} INFO - [2025-01-15T12:50:54.386+0800] {dagbag.py:588} INFO - Filling up the DagBag from /opt/anaconda3/envs/PyTorch/lib/python3.11/site-packages/airflow/example_dags/example_params_ui_tutorial.py
[2025-01-15T12:50:54.403+0800] {processor.py:925} INFO - DAG(s) 'example_params_ui_tutorial' retrieved from /opt/anaconda3/envs/PyTorch/lib/python3.11/site-packages/airflow/example_dags/example_params_ui_tutorial.py
[2025-01-15T12:50:54.483+0800] {logging_mixin.py:190} INFO - [2025-01-15T12:50:54.483+0800] {dag.py:3239} INFO - Sync 1 DAGs
[2025-01-15T12:50:54.487+0800] {logging_mixin.py:190} INFO - [2025-01-15T12:50:54.487+0800] {dag.py:4180} INFO - Setting next_dagrun for example_params_ui_tutorial to None, run_after=None
[2025-01-15T12:50:54.493+0800] {processor.py:208} INFO - Processing /opt/anaconda3/envs/PyTorch/lib/python3.11/site-packages/airflow/example_dags/example_params_ui_tutorial.py took 0.110 seconds
[2025-01-15T12:53:51.687+0800] {processor.py:186} INFO - Started process (PID=48970) to work on /opt/anaconda3/envs/PyTorch/lib/python3.11/site-packages/airflow/example_dags/example_params_ui_tutorial.py
[2025-01-15T12:53:51.688+0800] {processor.py:914} INFO - Processing file /opt/anaconda3/envs/PyTorch/lib/python3.11/site-packages/airflow/example_dags/example_params_ui_tutorial.py for tasks to queue
[2025-01-15T12:53:51.689+0800] {logging_mixin.py:190} INFO - [2025-01-15T12:53:51.689+0800] {dagbag.py:588} INFO - Filling up the DagBag from /opt/anaconda3/envs/PyTorch/lib/python3.11/site-packages/airflow/example_dags/example_params_ui_tutorial.py
[2025-01-15T12:53:51.706+0800] {processor.py:925} INFO - DAG(s) 'example_params_ui_tutorial' retrieved from /opt/anaconda3/envs/PyTorch/lib/python3.11/site-packages/airflow/example_dags/example_params_ui_tutorial.py
[2025-01-15T12:53:51.791+0800] {logging_mixin.py:190} INFO - [2025-01-15T12:53:51.791+0800] {dag.py:3239} INFO - Sync 1 DAGs
[2025-01-15T12:53:51.795+0800] {logging_mixin.py:190} INFO - [2025-01-15T12:53:51.795+0800] {dag.py:4180} INFO - Setting next_dagrun for example_params_ui_tutorial to None, run_after=None
[2025-01-15T12:53:51.802+0800] {processor.py:208} INFO - Processing /opt/anaconda3/envs/PyTorch/lib/python3.11/site-packages/airflow/example_dags/example_params_ui_tutorial.py took 0.117 seconds
[2025-01-15T12:56:56.614+0800] {processor.py:186} INFO - Started process (PID=50651) to work on /opt/anaconda3/envs/PyTorch/lib/python3.11/site-packages/airflow/example_dags/example_params_ui_tutorial.py
[2025-01-15T12:56:56.615+0800] {processor.py:914} INFO - Processing file /opt/anaconda3/envs/PyTorch/lib/python3.11/site-packages/airflow/example_dags/example_params_ui_tutorial.py for tasks to queue
[2025-01-15T12:56:56.616+0800] {logging_mixin.py:190} INFO - [2025-01-15T12:56:56.616+0800] {dagbag.py:588} INFO - Filling up the DagBag from /opt/anaconda3/envs/PyTorch/lib/python3.11/site-packages/airflow/example_dags/example_params_ui_tutorial.py
[2025-01-15T12:56:56.633+0800] {processor.py:925} INFO - DAG(s) 'example_params_ui_tutorial' retrieved from /opt/anaconda3/envs/PyTorch/lib/python3.11/site-packages/airflow/example_dags/example_params_ui_tutorial.py
[2025-01-15T12:56:56.712+0800] {logging_mixin.py:190} INFO - [2025-01-15T12:56:56.712+0800] {dag.py:3239} INFO - Sync 1 DAGs
[2025-01-15T12:56:56.716+0800] {logging_mixin.py:190} INFO - [2025-01-15T12:56:56.716+0800] {dag.py:4180} INFO - Setting next_dagrun for example_params_ui_tutorial to None, run_after=None
[2025-01-15T12:56:56.723+0800] {processor.py:208} INFO - Processing /opt/anaconda3/envs/PyTorch/lib/python3.11/site-packages/airflow/example_dags/example_params_ui_tutorial.py took 0.111 seconds
[2025-01-15T12:59:58.608+0800] {processor.py:186} INFO - Started process (PID=52291) to work on /opt/anaconda3/envs/PyTorch/lib/python3.11/site-packages/airflow/example_dags/example_params_ui_tutorial.py
[2025-01-15T12:59:58.609+0800] {processor.py:914} INFO - Processing file /opt/anaconda3/envs/PyTorch/lib/python3.11/site-packages/airflow/example_dags/example_params_ui_tutorial.py for tasks to queue
[2025-01-15T12:59:58.610+0800] {logging_mixin.py:190} INFO - [2025-01-15T12:59:58.609+0800] {dagbag.py:588} INFO - Filling up the DagBag from /opt/anaconda3/envs/PyTorch/lib/python3.11/site-packages/airflow/example_dags/example_params_ui_tutorial.py
[2025-01-15T12:59:58.627+0800] {processor.py:925} INFO - DAG(s) 'example_params_ui_tutorial' retrieved from /opt/anaconda3/envs/PyTorch/lib/python3.11/site-packages/airflow/example_dags/example_params_ui_tutorial.py
[2025-01-15T12:59:58.711+0800] {logging_mixin.py:190} INFO - [2025-01-15T12:59:58.711+0800] {dag.py:3239} INFO - Sync 1 DAGs
[2025-01-15T12:59:58.715+0800] {logging_mixin.py:190} INFO - [2025-01-15T12:59:58.715+0800] {dag.py:4180} INFO - Setting next_dagrun for example_params_ui_tutorial to None, run_after=None
[2025-01-15T12:59:58.722+0800] {processor.py:208} INFO - Processing /opt/anaconda3/envs/PyTorch/lib/python3.11/site-packages/airflow/example_dags/example_params_ui_tutorial.py took 0.115 seconds
[2025-01-15T13:03:01.125+0800] {processor.py:186} INFO - Started process (PID=53914) to work on /opt/anaconda3/envs/PyTorch/lib/python3.11/site-packages/airflow/example_dags/example_params_ui_tutorial.py
[2025-01-15T13:03:01.127+0800] {processor.py:914} INFO - Processing file /opt/anaconda3/envs/PyTorch/lib/python3.11/site-packages/airflow/example_dags/example_params_ui_tutorial.py for tasks to queue
[2025-01-15T13:03:01.128+0800] {logging_mixin.py:190} INFO - [2025-01-15T13:03:01.127+0800] {dagbag.py:588} INFO - Filling up the DagBag from /opt/anaconda3/envs/PyTorch/lib/python3.11/site-packages/airflow/example_dags/example_params_ui_tutorial.py
[2025-01-15T13:03:01.148+0800] {processor.py:925} INFO - DAG(s) 'example_params_ui_tutorial' retrieved from /opt/anaconda3/envs/PyTorch/lib/python3.11/site-packages/airflow/example_dags/example_params_ui_tutorial.py
[2025-01-15T13:03:01.304+0800] {logging_mixin.py:190} INFO - [2025-01-15T13:03:01.304+0800] {dag.py:3239} INFO - Sync 1 DAGs
[2025-01-15T13:03:01.308+0800] {logging_mixin.py:190} INFO - [2025-01-15T13:03:01.308+0800] {dag.py:4180} INFO - Setting next_dagrun for example_params_ui_tutorial to None, run_after=None
[2025-01-15T13:03:01.317+0800] {processor.py:208} INFO - Processing /opt/anaconda3/envs/PyTorch/lib/python3.11/site-packages/airflow/example_dags/example_params_ui_tutorial.py took 0.196 seconds
[2025-01-15T13:06:08.490+0800] {processor.py:186} INFO - Started process (PID=55659) to work on /opt/anaconda3/envs/PyTorch/lib/python3.11/site-packages/airflow/example_dags/example_params_ui_tutorial.py
[2025-01-15T13:06:08.492+0800] {processor.py:914} INFO - Processing file /opt/anaconda3/envs/PyTorch/lib/python3.11/site-packages/airflow/example_dags/example_params_ui_tutorial.py for tasks to queue
[2025-01-15T13:06:08.493+0800] {logging_mixin.py:190} INFO - [2025-01-15T13:06:08.492+0800] {dagbag.py:588} INFO - Filling up the DagBag from /opt/anaconda3/envs/PyTorch/lib/python3.11/site-packages/airflow/example_dags/example_params_ui_tutorial.py
[2025-01-15T13:06:08.510+0800] {processor.py:925} INFO - DAG(s) 'example_params_ui_tutorial' retrieved from /opt/anaconda3/envs/PyTorch/lib/python3.11/site-packages/airflow/example_dags/example_params_ui_tutorial.py
[2025-01-15T13:06:08.602+0800] {logging_mixin.py:190} INFO - [2025-01-15T13:06:08.602+0800] {dag.py:3239} INFO - Sync 1 DAGs
[2025-01-15T13:06:08.606+0800] {logging_mixin.py:190} INFO - [2025-01-15T13:06:08.605+0800] {dag.py:4180} INFO - Setting next_dagrun for example_params_ui_tutorial to None, run_after=None
[2025-01-15T13:06:08.612+0800] {processor.py:208} INFO - Processing /opt/anaconda3/envs/PyTorch/lib/python3.11/site-packages/airflow/example_dags/example_params_ui_tutorial.py took 0.124 seconds
[2025-01-15T13:09:15.564+0800] {processor.py:186} INFO - Started process (PID=57395) to work on /opt/anaconda3/envs/PyTorch/lib/python3.11/site-packages/airflow/example_dags/example_params_ui_tutorial.py
[2025-01-15T13:09:15.566+0800] {processor.py:914} INFO - Processing file /opt/anaconda3/envs/PyTorch/lib/python3.11/site-packages/airflow/example_dags/example_params_ui_tutorial.py for tasks to queue
[2025-01-15T13:09:15.567+0800] {logging_mixin.py:190} INFO - [2025-01-15T13:09:15.567+0800] {dagbag.py:588} INFO - Filling up the DagBag from /opt/anaconda3/envs/PyTorch/lib/python3.11/site-packages/airflow/example_dags/example_params_ui_tutorial.py
[2025-01-15T13:09:15.585+0800] {processor.py:925} INFO - DAG(s) 'example_params_ui_tutorial' retrieved from /opt/anaconda3/envs/PyTorch/lib/python3.11/site-packages/airflow/example_dags/example_params_ui_tutorial.py
[2025-01-15T13:09:15.673+0800] {logging_mixin.py:190} INFO - [2025-01-15T13:09:15.672+0800] {dag.py:3239} INFO - Sync 1 DAGs
[2025-01-15T13:09:15.676+0800] {logging_mixin.py:190} INFO - [2025-01-15T13:09:15.676+0800] {dag.py:4180} INFO - Setting next_dagrun for example_params_ui_tutorial to None, run_after=None
[2025-01-15T13:09:15.684+0800] {processor.py:208} INFO - Processing /opt/anaconda3/envs/PyTorch/lib/python3.11/site-packages/airflow/example_dags/example_params_ui_tutorial.py took 0.121 seconds
[2025-01-15T13:12:17.839+0800] {processor.py:186} INFO - Started process (PID=59102) to work on /opt/anaconda3/envs/PyTorch/lib/python3.11/site-packages/airflow/example_dags/example_params_ui_tutorial.py
[2025-01-15T13:12:17.840+0800] {processor.py:914} INFO - Processing file /opt/anaconda3/envs/PyTorch/lib/python3.11/site-packages/airflow/example_dags/example_params_ui_tutorial.py for tasks to queue
[2025-01-15T13:12:17.841+0800] {logging_mixin.py:190} INFO - [2025-01-15T13:12:17.840+0800] {dagbag.py:588} INFO - Filling up the DagBag from /opt/anaconda3/envs/PyTorch/lib/python3.11/site-packages/airflow/example_dags/example_params_ui_tutorial.py
[2025-01-15T13:12:17.857+0800] {processor.py:925} INFO - DAG(s) 'example_params_ui_tutorial' retrieved from /opt/anaconda3/envs/PyTorch/lib/python3.11/site-packages/airflow/example_dags/example_params_ui_tutorial.py
[2025-01-15T13:12:17.937+0800] {logging_mixin.py:190} INFO - [2025-01-15T13:12:17.937+0800] {dag.py:3239} INFO - Sync 1 DAGs
[2025-01-15T13:12:17.941+0800] {logging_mixin.py:190} INFO - [2025-01-15T13:12:17.941+0800] {dag.py:4180} INFO - Setting next_dagrun for example_params_ui_tutorial to None, run_after=None
[2025-01-15T13:12:17.948+0800] {processor.py:208} INFO - Processing /opt/anaconda3/envs/PyTorch/lib/python3.11/site-packages/airflow/example_dags/example_params_ui_tutorial.py took 0.111 seconds
[2025-01-15T13:15:18.582+0800] {processor.py:186} INFO - Started process (PID=60730) to work on /opt/anaconda3/envs/PyTorch/lib/python3.11/site-packages/airflow/example_dags/example_params_ui_tutorial.py
[2025-01-15T13:15:18.582+0800] {processor.py:914} INFO - Processing file /opt/anaconda3/envs/PyTorch/lib/python3.11/site-packages/airflow/example_dags/example_params_ui_tutorial.py for tasks to queue
[2025-01-15T13:15:18.583+0800] {logging_mixin.py:190} INFO - [2025-01-15T13:15:18.583+0800] {dagbag.py:588} INFO - Filling up the DagBag from /opt/anaconda3/envs/PyTorch/lib/python3.11/site-packages/airflow/example_dags/example_params_ui_tutorial.py
[2025-01-15T13:15:18.601+0800] {processor.py:925} INFO - DAG(s) 'example_params_ui_tutorial' retrieved from /opt/anaconda3/envs/PyTorch/lib/python3.11/site-packages/airflow/example_dags/example_params_ui_tutorial.py
[2025-01-15T13:15:18.685+0800] {logging_mixin.py:190} INFO - [2025-01-15T13:15:18.685+0800] {dag.py:3239} INFO - Sync 1 DAGs
[2025-01-15T13:15:18.689+0800] {logging_mixin.py:190} INFO - [2025-01-15T13:15:18.689+0800] {dag.py:4180} INFO - Setting next_dagrun for example_params_ui_tutorial to None, run_after=None
[2025-01-15T13:15:18.697+0800] {processor.py:208} INFO - Processing /opt/anaconda3/envs/PyTorch/lib/python3.11/site-packages/airflow/example_dags/example_params_ui_tutorial.py took 0.117 seconds
[2025-01-15T13:18:21.370+0800] {processor.py:186} INFO - Started process (PID=62363) to work on /opt/anaconda3/envs/PyTorch/lib/python3.11/site-packages/airflow/example_dags/example_params_ui_tutorial.py
[2025-01-15T13:18:21.371+0800] {processor.py:914} INFO - Processing file /opt/anaconda3/envs/PyTorch/lib/python3.11/site-packages/airflow/example_dags/example_params_ui_tutorial.py for tasks to queue
[2025-01-15T13:18:21.371+0800] {logging_mixin.py:190} INFO - [2025-01-15T13:18:21.371+0800] {dagbag.py:588} INFO - Filling up the DagBag from /opt/anaconda3/envs/PyTorch/lib/python3.11/site-packages/airflow/example_dags/example_params_ui_tutorial.py
[2025-01-15T13:18:21.388+0800] {processor.py:925} INFO - DAG(s) 'example_params_ui_tutorial' retrieved from /opt/anaconda3/envs/PyTorch/lib/python3.11/site-packages/airflow/example_dags/example_params_ui_tutorial.py
[2025-01-15T13:18:21.473+0800] {logging_mixin.py:190} INFO - [2025-01-15T13:18:21.473+0800] {dag.py:3239} INFO - Sync 1 DAGs
[2025-01-15T13:18:21.477+0800] {logging_mixin.py:190} INFO - [2025-01-15T13:18:21.477+0800] {dag.py:4180} INFO - Setting next_dagrun for example_params_ui_tutorial to None, run_after=None
[2025-01-15T13:18:21.485+0800] {processor.py:208} INFO - Processing /opt/anaconda3/envs/PyTorch/lib/python3.11/site-packages/airflow/example_dags/example_params_ui_tutorial.py took 0.116 seconds
[2025-01-15T13:21:36.683+0800] {processor.py:186} INFO - Started process (PID=64191) to work on /opt/anaconda3/envs/PyTorch/lib/python3.11/site-packages/airflow/example_dags/example_params_ui_tutorial.py
[2025-01-15T13:21:36.684+0800] {processor.py:914} INFO - Processing file /opt/anaconda3/envs/PyTorch/lib/python3.11/site-packages/airflow/example_dags/example_params_ui_tutorial.py for tasks to queue
[2025-01-15T13:21:36.685+0800] {logging_mixin.py:190} INFO - [2025-01-15T13:21:36.685+0800] {dagbag.py:588} INFO - Filling up the DagBag from /opt/anaconda3/envs/PyTorch/lib/python3.11/site-packages/airflow/example_dags/example_params_ui_tutorial.py
[2025-01-15T13:21:36.703+0800] {processor.py:925} INFO - DAG(s) 'example_params_ui_tutorial' retrieved from /opt/anaconda3/envs/PyTorch/lib/python3.11/site-packages/airflow/example_dags/example_params_ui_tutorial.py
[2025-01-15T13:21:36.786+0800] {logging_mixin.py:190} INFO - [2025-01-15T13:21:36.786+0800] {dag.py:3239} INFO - Sync 1 DAGs
[2025-01-15T13:21:36.790+0800] {logging_mixin.py:190} INFO - [2025-01-15T13:21:36.790+0800] {dag.py:4180} INFO - Setting next_dagrun for example_params_ui_tutorial to None, run_after=None
[2025-01-15T13:21:36.797+0800] {processor.py:208} INFO - Processing /opt/anaconda3/envs/PyTorch/lib/python3.11/site-packages/airflow/example_dags/example_params_ui_tutorial.py took 0.116 seconds
[2025-01-15T13:24:42.543+0800] {processor.py:186} INFO - Started process (PID=65848) to work on /opt/anaconda3/envs/PyTorch/lib/python3.11/site-packages/airflow/example_dags/example_params_ui_tutorial.py
[2025-01-15T13:24:42.545+0800] {processor.py:914} INFO - Processing file /opt/anaconda3/envs/PyTorch/lib/python3.11/site-packages/airflow/example_dags/example_params_ui_tutorial.py for tasks to queue
[2025-01-15T13:24:42.545+0800] {logging_mixin.py:190} INFO - [2025-01-15T13:24:42.545+0800] {dagbag.py:588} INFO - Filling up the DagBag from /opt/anaconda3/envs/PyTorch/lib/python3.11/site-packages/airflow/example_dags/example_params_ui_tutorial.py
[2025-01-15T13:24:42.562+0800] {processor.py:925} INFO - DAG(s) 'example_params_ui_tutorial' retrieved from /opt/anaconda3/envs/PyTorch/lib/python3.11/site-packages/airflow/example_dags/example_params_ui_tutorial.py
[2025-01-15T13:24:42.648+0800] {logging_mixin.py:190} INFO - [2025-01-15T13:24:42.648+0800] {dag.py:3239} INFO - Sync 1 DAGs
[2025-01-15T13:24:42.652+0800] {logging_mixin.py:190} INFO - [2025-01-15T13:24:42.652+0800] {dag.py:4180} INFO - Setting next_dagrun for example_params_ui_tutorial to None, run_after=None
[2025-01-15T13:24:42.659+0800] {processor.py:208} INFO - Processing /opt/anaconda3/envs/PyTorch/lib/python3.11/site-packages/airflow/example_dags/example_params_ui_tutorial.py took 0.117 seconds
[2025-01-15T13:27:45.994+0800] {processor.py:186} INFO - Started process (PID=67449) to work on /opt/anaconda3/envs/PyTorch/lib/python3.11/site-packages/airflow/example_dags/example_params_ui_tutorial.py
[2025-01-15T13:27:45.995+0800] {processor.py:914} INFO - Processing file /opt/anaconda3/envs/PyTorch/lib/python3.11/site-packages/airflow/example_dags/example_params_ui_tutorial.py for tasks to queue
[2025-01-15T13:27:45.996+0800] {logging_mixin.py:190} INFO - [2025-01-15T13:27:45.996+0800] {dagbag.py:588} INFO - Filling up the DagBag from /opt/anaconda3/envs/PyTorch/lib/python3.11/site-packages/airflow/example_dags/example_params_ui_tutorial.py
[2025-01-15T13:27:46.012+0800] {processor.py:925} INFO - DAG(s) 'example_params_ui_tutorial' retrieved from /opt/anaconda3/envs/PyTorch/lib/python3.11/site-packages/airflow/example_dags/example_params_ui_tutorial.py
[2025-01-15T13:27:46.091+0800] {logging_mixin.py:190} INFO - [2025-01-15T13:27:46.091+0800] {dag.py:3239} INFO - Sync 1 DAGs
[2025-01-15T13:27:46.095+0800] {logging_mixin.py:190} INFO - [2025-01-15T13:27:46.095+0800] {dag.py:4180} INFO - Setting next_dagrun for example_params_ui_tutorial to None, run_after=None
[2025-01-15T13:27:46.102+0800] {processor.py:208} INFO - Processing /opt/anaconda3/envs/PyTorch/lib/python3.11/site-packages/airflow/example_dags/example_params_ui_tutorial.py took 0.110 seconds
[2025-01-15T13:30:54.657+0800] {processor.py:186} INFO - Started process (PID=69158) to work on /opt/anaconda3/envs/PyTorch/lib/python3.11/site-packages/airflow/example_dags/example_params_ui_tutorial.py
[2025-01-15T13:30:54.658+0800] {processor.py:914} INFO - Processing file /opt/anaconda3/envs/PyTorch/lib/python3.11/site-packages/airflow/example_dags/example_params_ui_tutorial.py for tasks to queue
[2025-01-15T13:30:54.659+0800] {logging_mixin.py:190} INFO - [2025-01-15T13:30:54.659+0800] {dagbag.py:588} INFO - Filling up the DagBag from /opt/anaconda3/envs/PyTorch/lib/python3.11/site-packages/airflow/example_dags/example_params_ui_tutorial.py
[2025-01-15T13:30:54.676+0800] {processor.py:925} INFO - DAG(s) 'example_params_ui_tutorial' retrieved from /opt/anaconda3/envs/PyTorch/lib/python3.11/site-packages/airflow/example_dags/example_params_ui_tutorial.py
[2025-01-15T13:30:54.756+0800] {logging_mixin.py:190} INFO - [2025-01-15T13:30:54.756+0800] {dag.py:3239} INFO - Sync 1 DAGs
[2025-01-15T13:30:54.760+0800] {logging_mixin.py:190} INFO - [2025-01-15T13:30:54.760+0800] {dag.py:4180} INFO - Setting next_dagrun for example_params_ui_tutorial to None, run_after=None
[2025-01-15T13:30:54.766+0800] {processor.py:208} INFO - Processing /opt/anaconda3/envs/PyTorch/lib/python3.11/site-packages/airflow/example_dags/example_params_ui_tutorial.py took 0.111 seconds
[2025-01-15T13:34:04.816+0800] {processor.py:186} INFO - Started process (PID=70866) to work on /opt/anaconda3/envs/PyTorch/lib/python3.11/site-packages/airflow/example_dags/example_params_ui_tutorial.py
[2025-01-15T13:34:04.817+0800] {processor.py:914} INFO - Processing file /opt/anaconda3/envs/PyTorch/lib/python3.11/site-packages/airflow/example_dags/example_params_ui_tutorial.py for tasks to queue
[2025-01-15T13:34:04.818+0800] {logging_mixin.py:190} INFO - [2025-01-15T13:34:04.818+0800] {dagbag.py:588} INFO - Filling up the DagBag from /opt/anaconda3/envs/PyTorch/lib/python3.11/site-packages/airflow/example_dags/example_params_ui_tutorial.py
[2025-01-15T13:34:04.836+0800] {processor.py:925} INFO - DAG(s) 'example_params_ui_tutorial' retrieved from /opt/anaconda3/envs/PyTorch/lib/python3.11/site-packages/airflow/example_dags/example_params_ui_tutorial.py
[2025-01-15T13:34:04.926+0800] {logging_mixin.py:190} INFO - [2025-01-15T13:34:04.926+0800] {dag.py:3239} INFO - Sync 1 DAGs
[2025-01-15T13:34:04.930+0800] {logging_mixin.py:190} INFO - [2025-01-15T13:34:04.930+0800] {dag.py:4180} INFO - Setting next_dagrun for example_params_ui_tutorial to None, run_after=None
[2025-01-15T13:34:04.937+0800] {processor.py:208} INFO - Processing /opt/anaconda3/envs/PyTorch/lib/python3.11/site-packages/airflow/example_dags/example_params_ui_tutorial.py took 0.123 seconds
[2025-01-15T13:37:14.474+0800] {processor.py:186} INFO - Started process (PID=72610) to work on /opt/anaconda3/envs/PyTorch/lib/python3.11/site-packages/airflow/example_dags/example_params_ui_tutorial.py
[2025-01-15T13:37:14.476+0800] {processor.py:914} INFO - Processing file /opt/anaconda3/envs/PyTorch/lib/python3.11/site-packages/airflow/example_dags/example_params_ui_tutorial.py for tasks to queue
[2025-01-15T13:37:14.476+0800] {logging_mixin.py:190} INFO - [2025-01-15T13:37:14.476+0800] {dagbag.py:588} INFO - Filling up the DagBag from /opt/anaconda3/envs/PyTorch/lib/python3.11/site-packages/airflow/example_dags/example_params_ui_tutorial.py
[2025-01-15T13:37:14.493+0800] {processor.py:925} INFO - DAG(s) 'example_params_ui_tutorial' retrieved from /opt/anaconda3/envs/PyTorch/lib/python3.11/site-packages/airflow/example_dags/example_params_ui_tutorial.py
[2025-01-15T13:37:14.574+0800] {logging_mixin.py:190} INFO - [2025-01-15T13:37:14.574+0800] {dag.py:3239} INFO - Sync 1 DAGs
[2025-01-15T13:37:14.578+0800] {logging_mixin.py:190} INFO - [2025-01-15T13:37:14.578+0800] {dag.py:4180} INFO - Setting next_dagrun for example_params_ui_tutorial to None, run_after=None
[2025-01-15T13:37:14.585+0800] {processor.py:208} INFO - Processing /opt/anaconda3/envs/PyTorch/lib/python3.11/site-packages/airflow/example_dags/example_params_ui_tutorial.py took 0.113 seconds
[2025-01-15T13:40:22.110+0800] {processor.py:186} INFO - Started process (PID=74385) to work on /opt/anaconda3/envs/PyTorch/lib/python3.11/site-packages/airflow/example_dags/example_params_ui_tutorial.py
[2025-01-15T13:40:22.111+0800] {processor.py:914} INFO - Processing file /opt/anaconda3/envs/PyTorch/lib/python3.11/site-packages/airflow/example_dags/example_params_ui_tutorial.py for tasks to queue
[2025-01-15T13:40:22.111+0800] {logging_mixin.py:190} INFO - [2025-01-15T13:40:22.111+0800] {dagbag.py:588} INFO - Filling up the DagBag from /opt/anaconda3/envs/PyTorch/lib/python3.11/site-packages/airflow/example_dags/example_params_ui_tutorial.py
[2025-01-15T13:40:22.130+0800] {processor.py:925} INFO - DAG(s) 'example_params_ui_tutorial' retrieved from /opt/anaconda3/envs/PyTorch/lib/python3.11/site-packages/airflow/example_dags/example_params_ui_tutorial.py
[2025-01-15T13:40:22.214+0800] {logging_mixin.py:190} INFO - [2025-01-15T13:40:22.214+0800] {dag.py:3239} INFO - Sync 1 DAGs
[2025-01-15T13:40:22.218+0800] {logging_mixin.py:190} INFO - [2025-01-15T13:40:22.218+0800] {dag.py:4180} INFO - Setting next_dagrun for example_params_ui_tutorial to None, run_after=None
[2025-01-15T13:40:22.225+0800] {processor.py:208} INFO - Processing /opt/anaconda3/envs/PyTorch/lib/python3.11/site-packages/airflow/example_dags/example_params_ui_tutorial.py took 0.117 seconds
[2025-01-15T13:43:22.735+0800] {processor.py:186} INFO - Started process (PID=76007) to work on /opt/anaconda3/envs/PyTorch/lib/python3.11/site-packages/airflow/example_dags/example_params_ui_tutorial.py
[2025-01-15T13:43:22.736+0800] {processor.py:914} INFO - Processing file /opt/anaconda3/envs/PyTorch/lib/python3.11/site-packages/airflow/example_dags/example_params_ui_tutorial.py for tasks to queue
[2025-01-15T13:43:22.737+0800] {logging_mixin.py:190} INFO - [2025-01-15T13:43:22.737+0800] {dagbag.py:588} INFO - Filling up the DagBag from /opt/anaconda3/envs/PyTorch/lib/python3.11/site-packages/airflow/example_dags/example_params_ui_tutorial.py
[2025-01-15T13:43:22.755+0800] {processor.py:925} INFO - DAG(s) 'example_params_ui_tutorial' retrieved from /opt/anaconda3/envs/PyTorch/lib/python3.11/site-packages/airflow/example_dags/example_params_ui_tutorial.py
[2025-01-15T13:43:22.842+0800] {logging_mixin.py:190} INFO - [2025-01-15T13:43:22.842+0800] {dag.py:3239} INFO - Sync 1 DAGs
[2025-01-15T13:43:22.846+0800] {logging_mixin.py:190} INFO - [2025-01-15T13:43:22.846+0800] {dag.py:4180} INFO - Setting next_dagrun for example_params_ui_tutorial to None, run_after=None
[2025-01-15T13:43:22.854+0800] {processor.py:208} INFO - Processing /opt/anaconda3/envs/PyTorch/lib/python3.11/site-packages/airflow/example_dags/example_params_ui_tutorial.py took 0.121 seconds
[2025-01-15T13:46:28.135+0800] {processor.py:186} INFO - Started process (PID=77789) to work on /opt/anaconda3/envs/PyTorch/lib/python3.11/site-packages/airflow/example_dags/example_params_ui_tutorial.py
[2025-01-15T13:46:28.136+0800] {processor.py:914} INFO - Processing file /opt/anaconda3/envs/PyTorch/lib/python3.11/site-packages/airflow/example_dags/example_params_ui_tutorial.py for tasks to queue
[2025-01-15T13:46:28.137+0800] {logging_mixin.py:190} INFO - [2025-01-15T13:46:28.136+0800] {dagbag.py:588} INFO - Filling up the DagBag from /opt/anaconda3/envs/PyTorch/lib/python3.11/site-packages/airflow/example_dags/example_params_ui_tutorial.py
[2025-01-15T13:46:28.155+0800] {processor.py:925} INFO - DAG(s) 'example_params_ui_tutorial' retrieved from /opt/anaconda3/envs/PyTorch/lib/python3.11/site-packages/airflow/example_dags/example_params_ui_tutorial.py
[2025-01-15T13:46:28.242+0800] {logging_mixin.py:190} INFO - [2025-01-15T13:46:28.242+0800] {dag.py:3239} INFO - Sync 1 DAGs
[2025-01-15T13:46:28.246+0800] {logging_mixin.py:190} INFO - [2025-01-15T13:46:28.246+0800] {dag.py:4180} INFO - Setting next_dagrun for example_params_ui_tutorial to None, run_after=None
[2025-01-15T13:46:28.253+0800] {processor.py:208} INFO - Processing /opt/anaconda3/envs/PyTorch/lib/python3.11/site-packages/airflow/example_dags/example_params_ui_tutorial.py took 0.120 seconds
[2025-01-15T13:49:33.572+0800] {processor.py:186} INFO - Started process (PID=79577) to work on /opt/anaconda3/envs/PyTorch/lib/python3.11/site-packages/airflow/example_dags/example_params_ui_tutorial.py
[2025-01-15T13:49:33.572+0800] {processor.py:914} INFO - Processing file /opt/anaconda3/envs/PyTorch/lib/python3.11/site-packages/airflow/example_dags/example_params_ui_tutorial.py for tasks to queue
[2025-01-15T13:49:33.573+0800] {logging_mixin.py:190} INFO - [2025-01-15T13:49:33.573+0800] {dagbag.py:588} INFO - Filling up the DagBag from /opt/anaconda3/envs/PyTorch/lib/python3.11/site-packages/airflow/example_dags/example_params_ui_tutorial.py
[2025-01-15T13:49:33.592+0800] {processor.py:925} INFO - DAG(s) 'example_params_ui_tutorial' retrieved from /opt/anaconda3/envs/PyTorch/lib/python3.11/site-packages/airflow/example_dags/example_params_ui_tutorial.py
[2025-01-15T13:49:33.678+0800] {logging_mixin.py:190} INFO - [2025-01-15T13:49:33.677+0800] {dag.py:3239} INFO - Sync 1 DAGs
[2025-01-15T13:49:33.681+0800] {logging_mixin.py:190} INFO - [2025-01-15T13:49:33.681+0800] {dag.py:4180} INFO - Setting next_dagrun for example_params_ui_tutorial to None, run_after=None
[2025-01-15T13:49:33.688+0800] {processor.py:208} INFO - Processing /opt/anaconda3/envs/PyTorch/lib/python3.11/site-packages/airflow/example_dags/example_params_ui_tutorial.py took 0.119 seconds
[2025-01-15T13:52:41.357+0800] {processor.py:186} INFO - Started process (PID=81345) to work on /opt/anaconda3/envs/PyTorch/lib/python3.11/site-packages/airflow/example_dags/example_params_ui_tutorial.py
[2025-01-15T13:52:41.359+0800] {processor.py:914} INFO - Processing file /opt/anaconda3/envs/PyTorch/lib/python3.11/site-packages/airflow/example_dags/example_params_ui_tutorial.py for tasks to queue
[2025-01-15T13:52:41.359+0800] {logging_mixin.py:190} INFO - [2025-01-15T13:52:41.359+0800] {dagbag.py:588} INFO - Filling up the DagBag from /opt/anaconda3/envs/PyTorch/lib/python3.11/site-packages/airflow/example_dags/example_params_ui_tutorial.py
[2025-01-15T13:52:41.378+0800] {processor.py:925} INFO - DAG(s) 'example_params_ui_tutorial' retrieved from /opt/anaconda3/envs/PyTorch/lib/python3.11/site-packages/airflow/example_dags/example_params_ui_tutorial.py
[2025-01-15T13:52:41.464+0800] {logging_mixin.py:190} INFO - [2025-01-15T13:52:41.464+0800] {dag.py:3239} INFO - Sync 1 DAGs
[2025-01-15T13:52:41.468+0800] {logging_mixin.py:190} INFO - [2025-01-15T13:52:41.468+0800] {dag.py:4180} INFO - Setting next_dagrun for example_params_ui_tutorial to None, run_after=None
[2025-01-15T13:52:41.475+0800] {processor.py:208} INFO - Processing /opt/anaconda3/envs/PyTorch/lib/python3.11/site-packages/airflow/example_dags/example_params_ui_tutorial.py took 0.120 seconds
[2025-01-15T13:54:41.598+0800] {processor.py:186} INFO - Started process (PID=82427) to work on /opt/anaconda3/envs/PyTorch/lib/python3.11/site-packages/airflow/example_dags/example_params_ui_tutorial.py
[2025-01-15T13:54:41.599+0800] {processor.py:914} INFO - Processing file /opt/anaconda3/envs/PyTorch/lib/python3.11/site-packages/airflow/example_dags/example_params_ui_tutorial.py for tasks to queue
[2025-01-15T13:54:41.600+0800] {logging_mixin.py:190} INFO - [2025-01-15T13:54:41.600+0800] {dagbag.py:588} INFO - Filling up the DagBag from /opt/anaconda3/envs/PyTorch/lib/python3.11/site-packages/airflow/example_dags/example_params_ui_tutorial.py
[2025-01-15T13:54:41.618+0800] {processor.py:925} INFO - DAG(s) 'example_params_ui_tutorial' retrieved from /opt/anaconda3/envs/PyTorch/lib/python3.11/site-packages/airflow/example_dags/example_params_ui_tutorial.py
[2025-01-15T13:54:41.701+0800] {logging_mixin.py:190} INFO - [2025-01-15T13:54:41.701+0800] {dag.py:3239} INFO - Sync 1 DAGs
[2025-01-15T13:54:41.705+0800] {logging_mixin.py:190} INFO - [2025-01-15T13:54:41.705+0800] {dag.py:4180} INFO - Setting next_dagrun for example_params_ui_tutorial to None, run_after=None
[2025-01-15T13:54:41.712+0800] {processor.py:208} INFO - Processing /opt/anaconda3/envs/PyTorch/lib/python3.11/site-packages/airflow/example_dags/example_params_ui_tutorial.py took 0.115 seconds
[2025-01-15T13:56:53.784+0800] {processor.py:186} INFO - Started process (PID=83695) to work on /opt/anaconda3/envs/PyTorch/lib/python3.11/site-packages/airflow/example_dags/example_params_ui_tutorial.py
[2025-01-15T13:56:53.785+0800] {processor.py:914} INFO - Processing file /opt/anaconda3/envs/PyTorch/lib/python3.11/site-packages/airflow/example_dags/example_params_ui_tutorial.py for tasks to queue
[2025-01-15T13:56:53.786+0800] {logging_mixin.py:190} INFO - [2025-01-15T13:56:53.786+0800] {dagbag.py:588} INFO - Filling up the DagBag from /opt/anaconda3/envs/PyTorch/lib/python3.11/site-packages/airflow/example_dags/example_params_ui_tutorial.py
[2025-01-15T13:56:53.804+0800] {processor.py:925} INFO - DAG(s) 'example_params_ui_tutorial' retrieved from /opt/anaconda3/envs/PyTorch/lib/python3.11/site-packages/airflow/example_dags/example_params_ui_tutorial.py
[2025-01-15T13:56:53.894+0800] {logging_mixin.py:190} INFO - [2025-01-15T13:56:53.894+0800] {dag.py:3239} INFO - Sync 1 DAGs
[2025-01-15T13:56:53.898+0800] {logging_mixin.py:190} INFO - [2025-01-15T13:56:53.898+0800] {dag.py:4180} INFO - Setting next_dagrun for example_params_ui_tutorial to None, run_after=None
[2025-01-15T13:56:53.906+0800] {processor.py:208} INFO - Processing /opt/anaconda3/envs/PyTorch/lib/python3.11/site-packages/airflow/example_dags/example_params_ui_tutorial.py took 0.125 seconds
[2025-01-15T14:00:54.084+0800] {processor.py:186} INFO - Started process (PID=86061) to work on /opt/anaconda3/envs/PyTorch/lib/python3.11/site-packages/airflow/example_dags/example_params_ui_tutorial.py
[2025-01-15T14:00:54.085+0800] {processor.py:914} INFO - Processing file /opt/anaconda3/envs/PyTorch/lib/python3.11/site-packages/airflow/example_dags/example_params_ui_tutorial.py for tasks to queue
[2025-01-15T14:00:54.085+0800] {logging_mixin.py:190} INFO - [2025-01-15T14:00:54.085+0800] {dagbag.py:588} INFO - Filling up the DagBag from /opt/anaconda3/envs/PyTorch/lib/python3.11/site-packages/airflow/example_dags/example_params_ui_tutorial.py
[2025-01-15T14:00:54.101+0800] {processor.py:925} INFO - DAG(s) 'example_params_ui_tutorial' retrieved from /opt/anaconda3/envs/PyTorch/lib/python3.11/site-packages/airflow/example_dags/example_params_ui_tutorial.py
[2025-01-15T14:00:54.181+0800] {logging_mixin.py:190} INFO - [2025-01-15T14:00:54.181+0800] {dag.py:3239} INFO - Sync 1 DAGs
[2025-01-15T14:00:54.185+0800] {logging_mixin.py:190} INFO - [2025-01-15T14:00:54.185+0800] {dag.py:4180} INFO - Setting next_dagrun for example_params_ui_tutorial to None, run_after=None
[2025-01-15T14:00:54.191+0800] {processor.py:208} INFO - Processing /opt/anaconda3/envs/PyTorch/lib/python3.11/site-packages/airflow/example_dags/example_params_ui_tutorial.py took 0.110 seconds
[2025-01-15T14:02:47.251+0800] {processor.py:186} INFO - Started process (PID=87112) to work on /opt/anaconda3/envs/PyTorch/lib/python3.11/site-packages/airflow/example_dags/example_params_ui_tutorial.py
[2025-01-15T14:02:47.252+0800] {processor.py:914} INFO - Processing file /opt/anaconda3/envs/PyTorch/lib/python3.11/site-packages/airflow/example_dags/example_params_ui_tutorial.py for tasks to queue
[2025-01-15T14:02:47.253+0800] {logging_mixin.py:190} INFO - [2025-01-15T14:02:47.253+0800] {dagbag.py:588} INFO - Filling up the DagBag from /opt/anaconda3/envs/PyTorch/lib/python3.11/site-packages/airflow/example_dags/example_params_ui_tutorial.py
[2025-01-15T14:02:47.269+0800] {processor.py:925} INFO - DAG(s) 'example_params_ui_tutorial' retrieved from /opt/anaconda3/envs/PyTorch/lib/python3.11/site-packages/airflow/example_dags/example_params_ui_tutorial.py
[2025-01-15T14:02:47.352+0800] {logging_mixin.py:190} INFO - [2025-01-15T14:02:47.352+0800] {dag.py:3239} INFO - Sync 1 DAGs
[2025-01-15T14:02:47.356+0800] {logging_mixin.py:190} INFO - [2025-01-15T14:02:47.356+0800] {dag.py:4180} INFO - Setting next_dagrun for example_params_ui_tutorial to None, run_after=None
[2025-01-15T14:02:47.363+0800] {processor.py:208} INFO - Processing /opt/anaconda3/envs/PyTorch/lib/python3.11/site-packages/airflow/example_dags/example_params_ui_tutorial.py took 0.114 seconds
[2025-01-15T14:06:37.551+0800] {processor.py:186} INFO - Started process (PID=89303) to work on /opt/anaconda3/envs/PyTorch/lib/python3.11/site-packages/airflow/example_dags/example_params_ui_tutorial.py
[2025-01-15T14:06:37.552+0800] {processor.py:914} INFO - Processing file /opt/anaconda3/envs/PyTorch/lib/python3.11/site-packages/airflow/example_dags/example_params_ui_tutorial.py for tasks to queue
[2025-01-15T14:06:37.553+0800] {logging_mixin.py:190} INFO - [2025-01-15T14:06:37.553+0800] {dagbag.py:588} INFO - Filling up the DagBag from /opt/anaconda3/envs/PyTorch/lib/python3.11/site-packages/airflow/example_dags/example_params_ui_tutorial.py
[2025-01-15T14:06:37.573+0800] {processor.py:925} INFO - DAG(s) 'example_params_ui_tutorial' retrieved from /opt/anaconda3/envs/PyTorch/lib/python3.11/site-packages/airflow/example_dags/example_params_ui_tutorial.py
[2025-01-15T14:06:37.668+0800] {logging_mixin.py:190} INFO - [2025-01-15T14:06:37.667+0800] {dag.py:3239} INFO - Sync 1 DAGs
[2025-01-15T14:06:37.672+0800] {logging_mixin.py:190} INFO - [2025-01-15T14:06:37.672+0800] {dag.py:4180} INFO - Setting next_dagrun for example_params_ui_tutorial to None, run_after=None
[2025-01-15T14:06:37.679+0800] {processor.py:208} INFO - Processing /opt/anaconda3/envs/PyTorch/lib/python3.11/site-packages/airflow/example_dags/example_params_ui_tutorial.py took 0.130 seconds
[2025-01-15T14:10:44.818+0800] {processor.py:186} INFO - Started process (PID=91655) to work on /opt/anaconda3/envs/PyTorch/lib/python3.11/site-packages/airflow/example_dags/example_params_ui_tutorial.py
[2025-01-15T14:10:44.820+0800] {processor.py:914} INFO - Processing file /opt/anaconda3/envs/PyTorch/lib/python3.11/site-packages/airflow/example_dags/example_params_ui_tutorial.py for tasks to queue
[2025-01-15T14:10:44.820+0800] {logging_mixin.py:190} INFO - [2025-01-15T14:10:44.820+0800] {dagbag.py:588} INFO - Filling up the DagBag from /opt/anaconda3/envs/PyTorch/lib/python3.11/site-packages/airflow/example_dags/example_params_ui_tutorial.py
[2025-01-15T14:10:44.839+0800] {processor.py:925} INFO - DAG(s) 'example_params_ui_tutorial' retrieved from /opt/anaconda3/envs/PyTorch/lib/python3.11/site-packages/airflow/example_dags/example_params_ui_tutorial.py
[2025-01-15T14:10:44.932+0800] {logging_mixin.py:190} INFO - [2025-01-15T14:10:44.932+0800] {dag.py:3239} INFO - Sync 1 DAGs
[2025-01-15T14:10:44.936+0800] {logging_mixin.py:190} INFO - [2025-01-15T14:10:44.936+0800] {dag.py:4180} INFO - Setting next_dagrun for example_params_ui_tutorial to None, run_after=None
[2025-01-15T14:10:44.943+0800] {processor.py:208} INFO - Processing /opt/anaconda3/envs/PyTorch/lib/python3.11/site-packages/airflow/example_dags/example_params_ui_tutorial.py took 0.126 seconds
[2025-01-15T14:14:20.227+0800] {processor.py:186} INFO - Started process (PID=93632) to work on /opt/anaconda3/envs/PyTorch/lib/python3.11/site-packages/airflow/example_dags/example_params_ui_tutorial.py
[2025-01-15T14:14:20.228+0800] {processor.py:914} INFO - Processing file /opt/anaconda3/envs/PyTorch/lib/python3.11/site-packages/airflow/example_dags/example_params_ui_tutorial.py for tasks to queue
[2025-01-15T14:14:20.229+0800] {logging_mixin.py:190} INFO - [2025-01-15T14:14:20.229+0800] {dagbag.py:588} INFO - Filling up the DagBag from /opt/anaconda3/envs/PyTorch/lib/python3.11/site-packages/airflow/example_dags/example_params_ui_tutorial.py
[2025-01-15T14:14:20.247+0800] {processor.py:925} INFO - DAG(s) 'example_params_ui_tutorial' retrieved from /opt/anaconda3/envs/PyTorch/lib/python3.11/site-packages/airflow/example_dags/example_params_ui_tutorial.py
[2025-01-15T14:14:20.343+0800] {logging_mixin.py:190} INFO - [2025-01-15T14:14:20.343+0800] {dag.py:3239} INFO - Sync 1 DAGs
[2025-01-15T14:14:20.347+0800] {logging_mixin.py:190} INFO - [2025-01-15T14:14:20.346+0800] {dag.py:4180} INFO - Setting next_dagrun for example_params_ui_tutorial to None, run_after=None
[2025-01-15T14:14:20.354+0800] {processor.py:208} INFO - Processing /opt/anaconda3/envs/PyTorch/lib/python3.11/site-packages/airflow/example_dags/example_params_ui_tutorial.py took 0.128 seconds
[2025-01-15T14:18:15.702+0800] {processor.py:186} INFO - Started process (PID=95854) to work on /opt/anaconda3/envs/PyTorch/lib/python3.11/site-packages/airflow/example_dags/example_params_ui_tutorial.py
[2025-01-15T14:18:15.702+0800] {processor.py:914} INFO - Processing file /opt/anaconda3/envs/PyTorch/lib/python3.11/site-packages/airflow/example_dags/example_params_ui_tutorial.py for tasks to queue
[2025-01-15T14:18:15.703+0800] {logging_mixin.py:190} INFO - [2025-01-15T14:18:15.703+0800] {dagbag.py:588} INFO - Filling up the DagBag from /opt/anaconda3/envs/PyTorch/lib/python3.11/site-packages/airflow/example_dags/example_params_ui_tutorial.py
[2025-01-15T14:18:15.722+0800] {processor.py:925} INFO - DAG(s) 'example_params_ui_tutorial' retrieved from /opt/anaconda3/envs/PyTorch/lib/python3.11/site-packages/airflow/example_dags/example_params_ui_tutorial.py
[2025-01-15T14:18:15.812+0800] {logging_mixin.py:190} INFO - [2025-01-15T14:18:15.812+0800] {dag.py:3239} INFO - Sync 1 DAGs
[2025-01-15T14:18:15.817+0800] {logging_mixin.py:190} INFO - [2025-01-15T14:18:15.816+0800] {dag.py:4180} INFO - Setting next_dagrun for example_params_ui_tutorial to None, run_after=None
[2025-01-15T14:18:15.824+0800] {processor.py:208} INFO - Processing /opt/anaconda3/envs/PyTorch/lib/python3.11/site-packages/airflow/example_dags/example_params_ui_tutorial.py took 0.124 seconds
[2025-01-15T14:22:04.755+0800] {processor.py:186} INFO - Started process (PID=97947) to work on /opt/anaconda3/envs/PyTorch/lib/python3.11/site-packages/airflow/example_dags/example_params_ui_tutorial.py
[2025-01-15T14:22:04.756+0800] {processor.py:914} INFO - Processing file /opt/anaconda3/envs/PyTorch/lib/python3.11/site-packages/airflow/example_dags/example_params_ui_tutorial.py for tasks to queue
[2025-01-15T14:22:04.756+0800] {logging_mixin.py:190} INFO - [2025-01-15T14:22:04.756+0800] {dagbag.py:588} INFO - Filling up the DagBag from /opt/anaconda3/envs/PyTorch/lib/python3.11/site-packages/airflow/example_dags/example_params_ui_tutorial.py
[2025-01-15T14:22:04.774+0800] {processor.py:925} INFO - DAG(s) 'example_params_ui_tutorial' retrieved from /opt/anaconda3/envs/PyTorch/lib/python3.11/site-packages/airflow/example_dags/example_params_ui_tutorial.py
[2025-01-15T14:22:04.857+0800] {logging_mixin.py:190} INFO - [2025-01-15T14:22:04.857+0800] {dag.py:3239} INFO - Sync 1 DAGs
[2025-01-15T14:22:04.861+0800] {logging_mixin.py:190} INFO - [2025-01-15T14:22:04.861+0800] {dag.py:4180} INFO - Setting next_dagrun for example_params_ui_tutorial to None, run_after=None
[2025-01-15T14:22:04.868+0800] {processor.py:208} INFO - Processing /opt/anaconda3/envs/PyTorch/lib/python3.11/site-packages/airflow/example_dags/example_params_ui_tutorial.py took 0.115 seconds
[2025-01-15T14:25:47.969+0800] {processor.py:186} INFO - Started process (PID=125) to work on /opt/anaconda3/envs/PyTorch/lib/python3.11/site-packages/airflow/example_dags/example_params_ui_tutorial.py
[2025-01-15T14:25:47.970+0800] {processor.py:914} INFO - Processing file /opt/anaconda3/envs/PyTorch/lib/python3.11/site-packages/airflow/example_dags/example_params_ui_tutorial.py for tasks to queue
[2025-01-15T14:25:47.970+0800] {logging_mixin.py:190} INFO - [2025-01-15T14:25:47.970+0800] {dagbag.py:588} INFO - Filling up the DagBag from /opt/anaconda3/envs/PyTorch/lib/python3.11/site-packages/airflow/example_dags/example_params_ui_tutorial.py
[2025-01-15T14:25:47.987+0800] {processor.py:925} INFO - DAG(s) 'example_params_ui_tutorial' retrieved from /opt/anaconda3/envs/PyTorch/lib/python3.11/site-packages/airflow/example_dags/example_params_ui_tutorial.py
[2025-01-15T14:25:48.068+0800] {logging_mixin.py:190} INFO - [2025-01-15T14:25:48.068+0800] {dag.py:3239} INFO - Sync 1 DAGs
[2025-01-15T14:25:48.072+0800] {logging_mixin.py:190} INFO - [2025-01-15T14:25:48.072+0800] {dag.py:4180} INFO - Setting next_dagrun for example_params_ui_tutorial to None, run_after=None
[2025-01-15T14:25:48.079+0800] {processor.py:208} INFO - Processing /opt/anaconda3/envs/PyTorch/lib/python3.11/site-packages/airflow/example_dags/example_params_ui_tutorial.py took 0.112 seconds
[2025-01-15T14:27:41.346+0800] {processor.py:186} INFO - Started process (PID=1402) to work on /opt/anaconda3/envs/PyTorch/lib/python3.11/site-packages/airflow/example_dags/example_params_ui_tutorial.py
[2025-01-15T14:27:41.348+0800] {processor.py:914} INFO - Processing file /opt/anaconda3/envs/PyTorch/lib/python3.11/site-packages/airflow/example_dags/example_params_ui_tutorial.py for tasks to queue
[2025-01-15T14:27:41.348+0800] {logging_mixin.py:190} INFO - [2025-01-15T14:27:41.348+0800] {dagbag.py:588} INFO - Filling up the DagBag from /opt/anaconda3/envs/PyTorch/lib/python3.11/site-packages/airflow/example_dags/example_params_ui_tutorial.py
[2025-01-15T14:27:41.366+0800] {processor.py:925} INFO - DAG(s) 'example_params_ui_tutorial' retrieved from /opt/anaconda3/envs/PyTorch/lib/python3.11/site-packages/airflow/example_dags/example_params_ui_tutorial.py
[2025-01-15T14:27:41.452+0800] {logging_mixin.py:190} INFO - [2025-01-15T14:27:41.452+0800] {dag.py:3239} INFO - Sync 1 DAGs
[2025-01-15T14:27:41.456+0800] {logging_mixin.py:190} INFO - [2025-01-15T14:27:41.456+0800] {dag.py:4180} INFO - Setting next_dagrun for example_params_ui_tutorial to None, run_after=None
[2025-01-15T14:27:41.463+0800] {processor.py:208} INFO - Processing /opt/anaconda3/envs/PyTorch/lib/python3.11/site-packages/airflow/example_dags/example_params_ui_tutorial.py took 0.119 seconds
