[2025-01-15T11:50:36.357+0800] {processor.py:186} INFO - Started process (PID=15394) to work on /opt/anaconda3/envs/PyTorch/lib/python3.11/site-packages/airflow/example_dags/example_display_name.py
[2025-01-15T11:50:36.358+0800] {processor.py:914} INFO - Processing file /opt/anaconda3/envs/PyTorch/lib/python3.11/site-packages/airflow/example_dags/example_display_name.py for tasks to queue
[2025-01-15T11:50:36.358+0800] {logging_mixin.py:190} INFO - [2025-01-15T11:50:36.358+0800] {dagbag.py:588} INFO - Filling up the DagBag from /opt/anaconda3/envs/PyTorch/lib/python3.11/site-packages/airflow/example_dags/example_display_name.py
[2025-01-15T11:50:36.374+0800] {processor.py:925} INFO - DAG(s) 'example_display_name' retrieved from /opt/anaconda3/envs/PyTorch/lib/python3.11/site-packages/airflow/example_dags/example_display_name.py
[2025-01-15T11:50:36.478+0800] {logging_mixin.py:190} INFO - [2025-01-15T11:50:36.477+0800] {override.py:1912} INFO - Created Permission View: can read on DAG:example_display_name
[2025-01-15T11:50:36.481+0800] {logging_mixin.py:190} INFO - [2025-01-15T11:50:36.481+0800] {override.py:1912} INFO - Created Permission View: can edit on DAG:example_display_name
[2025-01-15T11:50:36.483+0800] {logging_mixin.py:190} INFO - [2025-01-15T11:50:36.483+0800] {override.py:1912} INFO - Created Permission View: can delete on DAG:example_display_name
[2025-01-15T11:50:36.486+0800] {logging_mixin.py:190} INFO - [2025-01-15T11:50:36.486+0800] {override.py:1912} INFO - Created Permission View: menu access on DAG Run:example_display_name
[2025-01-15T11:50:36.488+0800] {logging_mixin.py:190} INFO - [2025-01-15T11:50:36.488+0800] {override.py:1912} INFO - Created Permission View: can read on DAG Run:example_display_name
[2025-01-15T11:50:36.490+0800] {logging_mixin.py:190} INFO - [2025-01-15T11:50:36.490+0800] {override.py:1912} INFO - Created Permission View: can delete on DAG Run:example_display_name
[2025-01-15T11:50:36.492+0800] {logging_mixin.py:190} INFO - [2025-01-15T11:50:36.492+0800] {override.py:1912} INFO - Created Permission View: can create on DAG Run:example_display_name
[2025-01-15T11:50:36.492+0800] {logging_mixin.py:190} INFO - [2025-01-15T11:50:36.492+0800] {dag.py:3239} INFO - Sync 1 DAGs
[2025-01-15T11:50:36.497+0800] {logging_mixin.py:190} INFO - [2025-01-15T11:50:36.497+0800] {dag.py:3262} INFO - Creating ORM DAG for example_display_name
[2025-01-15T11:50:36.497+0800] {logging_mixin.py:190} INFO - [2025-01-15T11:50:36.497+0800] {dag.py:4180} INFO - Setting next_dagrun for example_display_name to None, run_after=None
[2025-01-15T11:50:36.504+0800] {processor.py:208} INFO - Processing /opt/anaconda3/envs/PyTorch/lib/python3.11/site-packages/airflow/example_dags/example_display_name.py took 0.149 seconds
[2025-01-15T11:57:08.636+0800] {processor.py:186} INFO - Started process (PID=18668) to work on /opt/anaconda3/envs/PyTorch/lib/python3.11/site-packages/airflow/example_dags/example_display_name.py
[2025-01-15T11:57:08.638+0800] {processor.py:914} INFO - Processing file /opt/anaconda3/envs/PyTorch/lib/python3.11/site-packages/airflow/example_dags/example_display_name.py for tasks to queue
[2025-01-15T11:57:08.638+0800] {logging_mixin.py:190} INFO - [2025-01-15T11:57:08.638+0800] {dagbag.py:588} INFO - Filling up the DagBag from /opt/anaconda3/envs/PyTorch/lib/python3.11/site-packages/airflow/example_dags/example_display_name.py
[2025-01-15T11:57:08.655+0800] {processor.py:925} INFO - DAG(s) 'example_display_name' retrieved from /opt/anaconda3/envs/PyTorch/lib/python3.11/site-packages/airflow/example_dags/example_display_name.py
[2025-01-15T11:57:08.730+0800] {logging_mixin.py:190} INFO - [2025-01-15T11:57:08.730+0800] {dag.py:3239} INFO - Sync 1 DAGs
[2025-01-15T11:57:08.734+0800] {logging_mixin.py:190} INFO - [2025-01-15T11:57:08.734+0800] {dag.py:4180} INFO - Setting next_dagrun for example_display_name to None, run_after=None
[2025-01-15T11:57:08.741+0800] {processor.py:208} INFO - Processing /opt/anaconda3/envs/PyTorch/lib/python3.11/site-packages/airflow/example_dags/example_display_name.py took 0.106 seconds
[2025-01-15T11:59:03.737+0800] {processor.py:186} INFO - Started process (PID=19711) to work on /opt/anaconda3/envs/PyTorch/lib/python3.11/site-packages/airflow/example_dags/example_display_name.py
[2025-01-15T11:59:03.739+0800] {processor.py:914} INFO - Processing file /opt/anaconda3/envs/PyTorch/lib/python3.11/site-packages/airflow/example_dags/example_display_name.py for tasks to queue
[2025-01-15T11:59:03.739+0800] {logging_mixin.py:190} INFO - [2025-01-15T11:59:03.739+0800] {dagbag.py:588} INFO - Filling up the DagBag from /opt/anaconda3/envs/PyTorch/lib/python3.11/site-packages/airflow/example_dags/example_display_name.py
[2025-01-15T11:59:03.756+0800] {processor.py:925} INFO - DAG(s) 'example_display_name' retrieved from /opt/anaconda3/envs/PyTorch/lib/python3.11/site-packages/airflow/example_dags/example_display_name.py
[2025-01-15T11:59:03.837+0800] {logging_mixin.py:190} INFO - [2025-01-15T11:59:03.837+0800] {dag.py:3239} INFO - Sync 1 DAGs
[2025-01-15T11:59:03.844+0800] {logging_mixin.py:190} INFO - [2025-01-15T11:59:03.844+0800] {dag.py:4180} INFO - Setting next_dagrun for example_display_name to None, run_after=None
[2025-01-15T11:59:03.853+0800] {processor.py:208} INFO - Processing /opt/anaconda3/envs/PyTorch/lib/python3.11/site-packages/airflow/example_dags/example_display_name.py took 0.118 seconds
[2025-01-15T12:01:58.825+0800] {processor.py:186} INFO - Started process (PID=21271) to work on /opt/anaconda3/envs/PyTorch/lib/python3.11/site-packages/airflow/example_dags/example_display_name.py
[2025-01-15T12:01:58.826+0800] {processor.py:914} INFO - Processing file /opt/anaconda3/envs/PyTorch/lib/python3.11/site-packages/airflow/example_dags/example_display_name.py for tasks to queue
[2025-01-15T12:01:58.827+0800] {logging_mixin.py:190} INFO - [2025-01-15T12:01:58.827+0800] {dagbag.py:588} INFO - Filling up the DagBag from /opt/anaconda3/envs/PyTorch/lib/python3.11/site-packages/airflow/example_dags/example_display_name.py
[2025-01-15T12:01:58.842+0800] {processor.py:925} INFO - DAG(s) 'example_display_name' retrieved from /opt/anaconda3/envs/PyTorch/lib/python3.11/site-packages/airflow/example_dags/example_display_name.py
[2025-01-15T12:01:58.914+0800] {logging_mixin.py:190} INFO - [2025-01-15T12:01:58.914+0800] {dag.py:3239} INFO - Sync 1 DAGs
[2025-01-15T12:01:58.917+0800] {logging_mixin.py:190} INFO - [2025-01-15T12:01:58.917+0800] {dag.py:4180} INFO - Setting next_dagrun for example_display_name to None, run_after=None
[2025-01-15T12:01:58.924+0800] {processor.py:208} INFO - Processing /opt/anaconda3/envs/PyTorch/lib/python3.11/site-packages/airflow/example_dags/example_display_name.py took 0.101 seconds
[2025-01-15T12:04:52.127+0800] {processor.py:186} INFO - Started process (PID=22785) to work on /opt/anaconda3/envs/PyTorch/lib/python3.11/site-packages/airflow/example_dags/example_display_name.py
[2025-01-15T12:04:52.128+0800] {processor.py:914} INFO - Processing file /opt/anaconda3/envs/PyTorch/lib/python3.11/site-packages/airflow/example_dags/example_display_name.py for tasks to queue
[2025-01-15T12:04:52.128+0800] {logging_mixin.py:190} INFO - [2025-01-15T12:04:52.128+0800] {dagbag.py:588} INFO - Filling up the DagBag from /opt/anaconda3/envs/PyTorch/lib/python3.11/site-packages/airflow/example_dags/example_display_name.py
[2025-01-15T12:04:52.145+0800] {processor.py:925} INFO - DAG(s) 'example_display_name' retrieved from /opt/anaconda3/envs/PyTorch/lib/python3.11/site-packages/airflow/example_dags/example_display_name.py
[2025-01-15T12:04:52.218+0800] {logging_mixin.py:190} INFO - [2025-01-15T12:04:52.218+0800] {dag.py:3239} INFO - Sync 1 DAGs
[2025-01-15T12:04:52.222+0800] {logging_mixin.py:190} INFO - [2025-01-15T12:04:52.222+0800] {dag.py:4180} INFO - Setting next_dagrun for example_display_name to None, run_after=None
[2025-01-15T12:04:52.229+0800] {processor.py:208} INFO - Processing /opt/anaconda3/envs/PyTorch/lib/python3.11/site-packages/airflow/example_dags/example_display_name.py took 0.103 seconds
[2025-01-15T12:07:45.886+0800] {processor.py:186} INFO - Started process (PID=24372) to work on /opt/anaconda3/envs/PyTorch/lib/python3.11/site-packages/airflow/example_dags/example_display_name.py
[2025-01-15T12:07:45.887+0800] {processor.py:914} INFO - Processing file /opt/anaconda3/envs/PyTorch/lib/python3.11/site-packages/airflow/example_dags/example_display_name.py for tasks to queue
[2025-01-15T12:07:45.888+0800] {logging_mixin.py:190} INFO - [2025-01-15T12:07:45.888+0800] {dagbag.py:588} INFO - Filling up the DagBag from /opt/anaconda3/envs/PyTorch/lib/python3.11/site-packages/airflow/example_dags/example_display_name.py
[2025-01-15T12:07:45.904+0800] {processor.py:925} INFO - DAG(s) 'example_display_name' retrieved from /opt/anaconda3/envs/PyTorch/lib/python3.11/site-packages/airflow/example_dags/example_display_name.py
[2025-01-15T12:07:45.977+0800] {logging_mixin.py:190} INFO - [2025-01-15T12:07:45.977+0800] {dag.py:3239} INFO - Sync 1 DAGs
[2025-01-15T12:07:45.981+0800] {logging_mixin.py:190} INFO - [2025-01-15T12:07:45.981+0800] {dag.py:4180} INFO - Setting next_dagrun for example_display_name to None, run_after=None
[2025-01-15T12:07:45.987+0800] {processor.py:208} INFO - Processing /opt/anaconda3/envs/PyTorch/lib/python3.11/site-packages/airflow/example_dags/example_display_name.py took 0.103 seconds
[2025-01-15T12:10:42.179+0800] {processor.py:186} INFO - Started process (PID=25979) to work on /opt/anaconda3/envs/PyTorch/lib/python3.11/site-packages/airflow/example_dags/example_display_name.py
[2025-01-15T12:10:42.180+0800] {processor.py:914} INFO - Processing file /opt/anaconda3/envs/PyTorch/lib/python3.11/site-packages/airflow/example_dags/example_display_name.py for tasks to queue
[2025-01-15T12:10:42.181+0800] {logging_mixin.py:190} INFO - [2025-01-15T12:10:42.181+0800] {dagbag.py:588} INFO - Filling up the DagBag from /opt/anaconda3/envs/PyTorch/lib/python3.11/site-packages/airflow/example_dags/example_display_name.py
[2025-01-15T12:10:42.197+0800] {processor.py:925} INFO - DAG(s) 'example_display_name' retrieved from /opt/anaconda3/envs/PyTorch/lib/python3.11/site-packages/airflow/example_dags/example_display_name.py
[2025-01-15T12:10:42.269+0800] {logging_mixin.py:190} INFO - [2025-01-15T12:10:42.269+0800] {dag.py:3239} INFO - Sync 1 DAGs
[2025-01-15T12:10:42.273+0800] {logging_mixin.py:190} INFO - [2025-01-15T12:10:42.273+0800] {dag.py:4180} INFO - Setting next_dagrun for example_display_name to None, run_after=None
[2025-01-15T12:10:42.279+0800] {processor.py:208} INFO - Processing /opt/anaconda3/envs/PyTorch/lib/python3.11/site-packages/airflow/example_dags/example_display_name.py took 0.102 seconds
[2025-01-15T12:13:38.689+0800] {processor.py:186} INFO - Started process (PID=27550) to work on /opt/anaconda3/envs/PyTorch/lib/python3.11/site-packages/airflow/example_dags/example_display_name.py
[2025-01-15T12:13:38.690+0800] {processor.py:914} INFO - Processing file /opt/anaconda3/envs/PyTorch/lib/python3.11/site-packages/airflow/example_dags/example_display_name.py for tasks to queue
[2025-01-15T12:13:38.691+0800] {logging_mixin.py:190} INFO - [2025-01-15T12:13:38.690+0800] {dagbag.py:588} INFO - Filling up the DagBag from /opt/anaconda3/envs/PyTorch/lib/python3.11/site-packages/airflow/example_dags/example_display_name.py
[2025-01-15T12:13:38.707+0800] {processor.py:925} INFO - DAG(s) 'example_display_name' retrieved from /opt/anaconda3/envs/PyTorch/lib/python3.11/site-packages/airflow/example_dags/example_display_name.py
[2025-01-15T12:13:38.779+0800] {logging_mixin.py:190} INFO - [2025-01-15T12:13:38.779+0800] {dag.py:3239} INFO - Sync 1 DAGs
[2025-01-15T12:13:38.783+0800] {logging_mixin.py:190} INFO - [2025-01-15T12:13:38.783+0800] {dag.py:4180} INFO - Setting next_dagrun for example_display_name to None, run_after=None
[2025-01-15T12:13:38.789+0800] {processor.py:208} INFO - Processing /opt/anaconda3/envs/PyTorch/lib/python3.11/site-packages/airflow/example_dags/example_display_name.py took 0.102 seconds
[2025-01-15T12:16:36.824+0800] {processor.py:186} INFO - Started process (PID=29138) to work on /opt/anaconda3/envs/PyTorch/lib/python3.11/site-packages/airflow/example_dags/example_display_name.py
[2025-01-15T12:16:36.825+0800] {processor.py:914} INFO - Processing file /opt/anaconda3/envs/PyTorch/lib/python3.11/site-packages/airflow/example_dags/example_display_name.py for tasks to queue
[2025-01-15T12:16:36.825+0800] {logging_mixin.py:190} INFO - [2025-01-15T12:16:36.825+0800] {dagbag.py:588} INFO - Filling up the DagBag from /opt/anaconda3/envs/PyTorch/lib/python3.11/site-packages/airflow/example_dags/example_display_name.py
[2025-01-15T12:16:36.843+0800] {processor.py:925} INFO - DAG(s) 'example_display_name' retrieved from /opt/anaconda3/envs/PyTorch/lib/python3.11/site-packages/airflow/example_dags/example_display_name.py
[2025-01-15T12:16:36.920+0800] {logging_mixin.py:190} INFO - [2025-01-15T12:16:36.920+0800] {dag.py:3239} INFO - Sync 1 DAGs
[2025-01-15T12:16:36.924+0800] {logging_mixin.py:190} INFO - [2025-01-15T12:16:36.924+0800] {dag.py:4180} INFO - Setting next_dagrun for example_display_name to None, run_after=None
[2025-01-15T12:16:36.930+0800] {processor.py:208} INFO - Processing /opt/anaconda3/envs/PyTorch/lib/python3.11/site-packages/airflow/example_dags/example_display_name.py took 0.108 seconds
[2025-01-15T12:19:33.566+0800] {processor.py:186} INFO - Started process (PID=30696) to work on /opt/anaconda3/envs/PyTorch/lib/python3.11/site-packages/airflow/example_dags/example_display_name.py
[2025-01-15T12:19:33.567+0800] {processor.py:914} INFO - Processing file /opt/anaconda3/envs/PyTorch/lib/python3.11/site-packages/airflow/example_dags/example_display_name.py for tasks to queue
[2025-01-15T12:19:33.568+0800] {logging_mixin.py:190} INFO - [2025-01-15T12:19:33.568+0800] {dagbag.py:588} INFO - Filling up the DagBag from /opt/anaconda3/envs/PyTorch/lib/python3.11/site-packages/airflow/example_dags/example_display_name.py
[2025-01-15T12:19:33.584+0800] {processor.py:925} INFO - DAG(s) 'example_display_name' retrieved from /opt/anaconda3/envs/PyTorch/lib/python3.11/site-packages/airflow/example_dags/example_display_name.py
[2025-01-15T12:19:33.657+0800] {logging_mixin.py:190} INFO - [2025-01-15T12:19:33.657+0800] {dag.py:3239} INFO - Sync 1 DAGs
[2025-01-15T12:19:33.661+0800] {logging_mixin.py:190} INFO - [2025-01-15T12:19:33.661+0800] {dag.py:4180} INFO - Setting next_dagrun for example_display_name to None, run_after=None
[2025-01-15T12:19:33.672+0800] {processor.py:208} INFO - Processing /opt/anaconda3/envs/PyTorch/lib/python3.11/site-packages/airflow/example_dags/example_display_name.py took 0.108 seconds
[2025-01-15T12:22:37.075+0800] {processor.py:186} INFO - Started process (PID=32311) to work on /opt/anaconda3/envs/PyTorch/lib/python3.11/site-packages/airflow/example_dags/example_display_name.py
[2025-01-15T12:22:37.076+0800] {processor.py:914} INFO - Processing file /opt/anaconda3/envs/PyTorch/lib/python3.11/site-packages/airflow/example_dags/example_display_name.py for tasks to queue
[2025-01-15T12:22:37.076+0800] {logging_mixin.py:190} INFO - [2025-01-15T12:22:37.076+0800] {dagbag.py:588} INFO - Filling up the DagBag from /opt/anaconda3/envs/PyTorch/lib/python3.11/site-packages/airflow/example_dags/example_display_name.py
[2025-01-15T12:22:37.093+0800] {processor.py:925} INFO - DAG(s) 'example_display_name' retrieved from /opt/anaconda3/envs/PyTorch/lib/python3.11/site-packages/airflow/example_dags/example_display_name.py
[2025-01-15T12:22:37.166+0800] {logging_mixin.py:190} INFO - [2025-01-15T12:22:37.165+0800] {dag.py:3239} INFO - Sync 1 DAGs
[2025-01-15T12:22:37.169+0800] {logging_mixin.py:190} INFO - [2025-01-15T12:22:37.169+0800] {dag.py:4180} INFO - Setting next_dagrun for example_display_name to None, run_after=None
[2025-01-15T12:22:37.176+0800] {processor.py:208} INFO - Processing /opt/anaconda3/envs/PyTorch/lib/python3.11/site-packages/airflow/example_dags/example_display_name.py took 0.103 seconds
[2025-01-15T12:25:36.775+0800] {processor.py:186} INFO - Started process (PID=33887) to work on /opt/anaconda3/envs/PyTorch/lib/python3.11/site-packages/airflow/example_dags/example_display_name.py
[2025-01-15T12:25:36.776+0800] {processor.py:914} INFO - Processing file /opt/anaconda3/envs/PyTorch/lib/python3.11/site-packages/airflow/example_dags/example_display_name.py for tasks to queue
[2025-01-15T12:25:36.777+0800] {logging_mixin.py:190} INFO - [2025-01-15T12:25:36.777+0800] {dagbag.py:588} INFO - Filling up the DagBag from /opt/anaconda3/envs/PyTorch/lib/python3.11/site-packages/airflow/example_dags/example_display_name.py
[2025-01-15T12:25:36.794+0800] {processor.py:925} INFO - DAG(s) 'example_display_name' retrieved from /opt/anaconda3/envs/PyTorch/lib/python3.11/site-packages/airflow/example_dags/example_display_name.py
[2025-01-15T12:25:36.866+0800] {logging_mixin.py:190} INFO - [2025-01-15T12:25:36.866+0800] {dag.py:3239} INFO - Sync 1 DAGs
[2025-01-15T12:25:36.870+0800] {logging_mixin.py:190} INFO - [2025-01-15T12:25:36.870+0800] {dag.py:4180} INFO - Setting next_dagrun for example_display_name to None, run_after=None
[2025-01-15T12:25:36.876+0800] {processor.py:208} INFO - Processing /opt/anaconda3/envs/PyTorch/lib/python3.11/site-packages/airflow/example_dags/example_display_name.py took 0.103 seconds
[2025-01-15T12:28:33.545+0800] {processor.py:186} INFO - Started process (PID=35456) to work on /opt/anaconda3/envs/PyTorch/lib/python3.11/site-packages/airflow/example_dags/example_display_name.py
[2025-01-15T12:28:33.546+0800] {processor.py:914} INFO - Processing file /opt/anaconda3/envs/PyTorch/lib/python3.11/site-packages/airflow/example_dags/example_display_name.py for tasks to queue
[2025-01-15T12:28:33.546+0800] {logging_mixin.py:190} INFO - [2025-01-15T12:28:33.546+0800] {dagbag.py:588} INFO - Filling up the DagBag from /opt/anaconda3/envs/PyTorch/lib/python3.11/site-packages/airflow/example_dags/example_display_name.py
[2025-01-15T12:28:33.563+0800] {processor.py:925} INFO - DAG(s) 'example_display_name' retrieved from /opt/anaconda3/envs/PyTorch/lib/python3.11/site-packages/airflow/example_dags/example_display_name.py
[2025-01-15T12:28:33.639+0800] {logging_mixin.py:190} INFO - [2025-01-15T12:28:33.639+0800] {dag.py:3239} INFO - Sync 1 DAGs
[2025-01-15T12:28:33.643+0800] {logging_mixin.py:190} INFO - [2025-01-15T12:28:33.643+0800] {dag.py:4180} INFO - Setting next_dagrun for example_display_name to None, run_after=None
[2025-01-15T12:28:33.649+0800] {processor.py:208} INFO - Processing /opt/anaconda3/envs/PyTorch/lib/python3.11/site-packages/airflow/example_dags/example_display_name.py took 0.106 seconds
[2025-01-15T12:31:30.179+0800] {processor.py:186} INFO - Started process (PID=36992) to work on /opt/anaconda3/envs/PyTorch/lib/python3.11/site-packages/airflow/example_dags/example_display_name.py
[2025-01-15T12:31:30.181+0800] {processor.py:914} INFO - Processing file /opt/anaconda3/envs/PyTorch/lib/python3.11/site-packages/airflow/example_dags/example_display_name.py for tasks to queue
[2025-01-15T12:31:30.181+0800] {logging_mixin.py:190} INFO - [2025-01-15T12:31:30.181+0800] {dagbag.py:588} INFO - Filling up the DagBag from /opt/anaconda3/envs/PyTorch/lib/python3.11/site-packages/airflow/example_dags/example_display_name.py
[2025-01-15T12:31:30.197+0800] {processor.py:925} INFO - DAG(s) 'example_display_name' retrieved from /opt/anaconda3/envs/PyTorch/lib/python3.11/site-packages/airflow/example_dags/example_display_name.py
[2025-01-15T12:31:30.270+0800] {logging_mixin.py:190} INFO - [2025-01-15T12:31:30.270+0800] {dag.py:3239} INFO - Sync 1 DAGs
[2025-01-15T12:31:30.274+0800] {logging_mixin.py:190} INFO - [2025-01-15T12:31:30.274+0800] {dag.py:4180} INFO - Setting next_dagrun for example_display_name to None, run_after=None
[2025-01-15T12:31:30.281+0800] {processor.py:208} INFO - Processing /opt/anaconda3/envs/PyTorch/lib/python3.11/site-packages/airflow/example_dags/example_display_name.py took 0.103 seconds
[2025-01-15T12:34:24.645+0800] {processor.py:186} INFO - Started process (PID=38553) to work on /opt/anaconda3/envs/PyTorch/lib/python3.11/site-packages/airflow/example_dags/example_display_name.py
[2025-01-15T12:34:24.646+0800] {processor.py:914} INFO - Processing file /opt/anaconda3/envs/PyTorch/lib/python3.11/site-packages/airflow/example_dags/example_display_name.py for tasks to queue
[2025-01-15T12:34:24.647+0800] {logging_mixin.py:190} INFO - [2025-01-15T12:34:24.647+0800] {dagbag.py:588} INFO - Filling up the DagBag from /opt/anaconda3/envs/PyTorch/lib/python3.11/site-packages/airflow/example_dags/example_display_name.py
[2025-01-15T12:34:24.666+0800] {processor.py:925} INFO - DAG(s) 'example_display_name' retrieved from /opt/anaconda3/envs/PyTorch/lib/python3.11/site-packages/airflow/example_dags/example_display_name.py
[2025-01-15T12:34:24.755+0800] {logging_mixin.py:190} INFO - [2025-01-15T12:34:24.755+0800] {dag.py:3239} INFO - Sync 1 DAGs
[2025-01-15T12:34:24.760+0800] {logging_mixin.py:190} INFO - [2025-01-15T12:34:24.759+0800] {dag.py:4180} INFO - Setting next_dagrun for example_display_name to None, run_after=None
[2025-01-15T12:34:24.767+0800] {processor.py:208} INFO - Processing /opt/anaconda3/envs/PyTorch/lib/python3.11/site-packages/airflow/example_dags/example_display_name.py took 0.124 seconds
[2025-01-15T12:37:23.547+0800] {processor.py:186} INFO - Started process (PID=40115) to work on /opt/anaconda3/envs/PyTorch/lib/python3.11/site-packages/airflow/example_dags/example_display_name.py
[2025-01-15T12:37:23.548+0800] {processor.py:914} INFO - Processing file /opt/anaconda3/envs/PyTorch/lib/python3.11/site-packages/airflow/example_dags/example_display_name.py for tasks to queue
[2025-01-15T12:37:23.548+0800] {logging_mixin.py:190} INFO - [2025-01-15T12:37:23.548+0800] {dagbag.py:588} INFO - Filling up the DagBag from /opt/anaconda3/envs/PyTorch/lib/python3.11/site-packages/airflow/example_dags/example_display_name.py
[2025-01-15T12:37:23.566+0800] {processor.py:925} INFO - DAG(s) 'example_display_name' retrieved from /opt/anaconda3/envs/PyTorch/lib/python3.11/site-packages/airflow/example_dags/example_display_name.py
[2025-01-15T12:37:23.641+0800] {logging_mixin.py:190} INFO - [2025-01-15T12:37:23.641+0800] {dag.py:3239} INFO - Sync 1 DAGs
[2025-01-15T12:37:23.645+0800] {logging_mixin.py:190} INFO - [2025-01-15T12:37:23.645+0800] {dag.py:4180} INFO - Setting next_dagrun for example_display_name to None, run_after=None
[2025-01-15T12:37:23.653+0800] {processor.py:208} INFO - Processing /opt/anaconda3/envs/PyTorch/lib/python3.11/site-packages/airflow/example_dags/example_display_name.py took 0.107 seconds
[2025-01-15T12:40:18.244+0800] {processor.py:186} INFO - Started process (PID=41645) to work on /opt/anaconda3/envs/PyTorch/lib/python3.11/site-packages/airflow/example_dags/example_display_name.py
[2025-01-15T12:40:18.245+0800] {processor.py:914} INFO - Processing file /opt/anaconda3/envs/PyTorch/lib/python3.11/site-packages/airflow/example_dags/example_display_name.py for tasks to queue
[2025-01-15T12:40:18.246+0800] {logging_mixin.py:190} INFO - [2025-01-15T12:40:18.246+0800] {dagbag.py:588} INFO - Filling up the DagBag from /opt/anaconda3/envs/PyTorch/lib/python3.11/site-packages/airflow/example_dags/example_display_name.py
[2025-01-15T12:40:18.262+0800] {processor.py:925} INFO - DAG(s) 'example_display_name' retrieved from /opt/anaconda3/envs/PyTorch/lib/python3.11/site-packages/airflow/example_dags/example_display_name.py
[2025-01-15T12:40:18.334+0800] {logging_mixin.py:190} INFO - [2025-01-15T12:40:18.334+0800] {dag.py:3239} INFO - Sync 1 DAGs
[2025-01-15T12:40:18.338+0800] {logging_mixin.py:190} INFO - [2025-01-15T12:40:18.338+0800] {dag.py:4180} INFO - Setting next_dagrun for example_display_name to None, run_after=None
[2025-01-15T12:40:18.345+0800] {processor.py:208} INFO - Processing /opt/anaconda3/envs/PyTorch/lib/python3.11/site-packages/airflow/example_dags/example_display_name.py took 0.102 seconds
[2025-01-15T12:43:18.376+0800] {processor.py:186} INFO - Started process (PID=43269) to work on /opt/anaconda3/envs/PyTorch/lib/python3.11/site-packages/airflow/example_dags/example_display_name.py
[2025-01-15T12:43:18.378+0800] {processor.py:914} INFO - Processing file /opt/anaconda3/envs/PyTorch/lib/python3.11/site-packages/airflow/example_dags/example_display_name.py for tasks to queue
[2025-01-15T12:43:18.378+0800] {logging_mixin.py:190} INFO - [2025-01-15T12:43:18.378+0800] {dagbag.py:588} INFO - Filling up the DagBag from /opt/anaconda3/envs/PyTorch/lib/python3.11/site-packages/airflow/example_dags/example_display_name.py
[2025-01-15T12:43:18.395+0800] {processor.py:925} INFO - DAG(s) 'example_display_name' retrieved from /opt/anaconda3/envs/PyTorch/lib/python3.11/site-packages/airflow/example_dags/example_display_name.py
[2025-01-15T12:43:18.467+0800] {logging_mixin.py:190} INFO - [2025-01-15T12:43:18.467+0800] {dag.py:3239} INFO - Sync 1 DAGs
[2025-01-15T12:43:18.471+0800] {logging_mixin.py:190} INFO - [2025-01-15T12:43:18.470+0800] {dag.py:4180} INFO - Setting next_dagrun for example_display_name to None, run_after=None
[2025-01-15T12:43:18.477+0800] {processor.py:208} INFO - Processing /opt/anaconda3/envs/PyTorch/lib/python3.11/site-packages/airflow/example_dags/example_display_name.py took 0.102 seconds
[2025-01-15T12:46:19.795+0800] {processor.py:186} INFO - Started process (PID=44934) to work on /opt/anaconda3/envs/PyTorch/lib/python3.11/site-packages/airflow/example_dags/example_display_name.py
[2025-01-15T12:46:19.796+0800] {processor.py:914} INFO - Processing file /opt/anaconda3/envs/PyTorch/lib/python3.11/site-packages/airflow/example_dags/example_display_name.py for tasks to queue
[2025-01-15T12:46:19.797+0800] {logging_mixin.py:190} INFO - [2025-01-15T12:46:19.797+0800] {dagbag.py:588} INFO - Filling up the DagBag from /opt/anaconda3/envs/PyTorch/lib/python3.11/site-packages/airflow/example_dags/example_display_name.py
[2025-01-15T12:46:19.813+0800] {processor.py:925} INFO - DAG(s) 'example_display_name' retrieved from /opt/anaconda3/envs/PyTorch/lib/python3.11/site-packages/airflow/example_dags/example_display_name.py
[2025-01-15T12:46:19.892+0800] {logging_mixin.py:190} INFO - [2025-01-15T12:46:19.892+0800] {dag.py:3239} INFO - Sync 1 DAGs
[2025-01-15T12:46:19.896+0800] {logging_mixin.py:190} INFO - [2025-01-15T12:46:19.896+0800] {dag.py:4180} INFO - Setting next_dagrun for example_display_name to None, run_after=None
[2025-01-15T12:46:19.903+0800] {processor.py:208} INFO - Processing /opt/anaconda3/envs/PyTorch/lib/python3.11/site-packages/airflow/example_dags/example_display_name.py took 0.110 seconds
[2025-01-15T12:49:16.449+0800] {processor.py:186} INFO - Started process (PID=46524) to work on /opt/anaconda3/envs/PyTorch/lib/python3.11/site-packages/airflow/example_dags/example_display_name.py
[2025-01-15T12:49:16.450+0800] {processor.py:914} INFO - Processing file /opt/anaconda3/envs/PyTorch/lib/python3.11/site-packages/airflow/example_dags/example_display_name.py for tasks to queue
[2025-01-15T12:49:16.450+0800] {logging_mixin.py:190} INFO - [2025-01-15T12:49:16.450+0800] {dagbag.py:588} INFO - Filling up the DagBag from /opt/anaconda3/envs/PyTorch/lib/python3.11/site-packages/airflow/example_dags/example_display_name.py
[2025-01-15T12:49:16.466+0800] {processor.py:925} INFO - DAG(s) 'example_display_name' retrieved from /opt/anaconda3/envs/PyTorch/lib/python3.11/site-packages/airflow/example_dags/example_display_name.py
[2025-01-15T12:49:16.544+0800] {logging_mixin.py:190} INFO - [2025-01-15T12:49:16.544+0800] {dag.py:3239} INFO - Sync 1 DAGs
[2025-01-15T12:49:16.548+0800] {logging_mixin.py:190} INFO - [2025-01-15T12:49:16.547+0800] {dag.py:4180} INFO - Setting next_dagrun for example_display_name to None, run_after=None
[2025-01-15T12:49:16.554+0800] {processor.py:208} INFO - Processing /opt/anaconda3/envs/PyTorch/lib/python3.11/site-packages/airflow/example_dags/example_display_name.py took 0.107 seconds
[2025-01-15T12:52:17.275+0800] {processor.py:186} INFO - Started process (PID=48106) to work on /opt/anaconda3/envs/PyTorch/lib/python3.11/site-packages/airflow/example_dags/example_display_name.py
[2025-01-15T12:52:17.277+0800] {processor.py:914} INFO - Processing file /opt/anaconda3/envs/PyTorch/lib/python3.11/site-packages/airflow/example_dags/example_display_name.py for tasks to queue
[2025-01-15T12:52:17.278+0800] {logging_mixin.py:190} INFO - [2025-01-15T12:52:17.277+0800] {dagbag.py:588} INFO - Filling up the DagBag from /opt/anaconda3/envs/PyTorch/lib/python3.11/site-packages/airflow/example_dags/example_display_name.py
[2025-01-15T12:52:17.296+0800] {processor.py:925} INFO - DAG(s) 'example_display_name' retrieved from /opt/anaconda3/envs/PyTorch/lib/python3.11/site-packages/airflow/example_dags/example_display_name.py
[2025-01-15T12:52:17.378+0800] {logging_mixin.py:190} INFO - [2025-01-15T12:52:17.378+0800] {dag.py:3239} INFO - Sync 1 DAGs
[2025-01-15T12:52:17.382+0800] {logging_mixin.py:190} INFO - [2025-01-15T12:52:17.382+0800] {dag.py:4180} INFO - Setting next_dagrun for example_display_name to None, run_after=None
[2025-01-15T12:52:17.389+0800] {processor.py:208} INFO - Processing /opt/anaconda3/envs/PyTorch/lib/python3.11/site-packages/airflow/example_dags/example_display_name.py took 0.115 seconds
[2025-01-15T12:55:20.355+0800] {processor.py:186} INFO - Started process (PID=49798) to work on /opt/anaconda3/envs/PyTorch/lib/python3.11/site-packages/airflow/example_dags/example_display_name.py
[2025-01-15T12:55:20.356+0800] {processor.py:914} INFO - Processing file /opt/anaconda3/envs/PyTorch/lib/python3.11/site-packages/airflow/example_dags/example_display_name.py for tasks to queue
[2025-01-15T12:55:20.357+0800] {logging_mixin.py:190} INFO - [2025-01-15T12:55:20.356+0800] {dagbag.py:588} INFO - Filling up the DagBag from /opt/anaconda3/envs/PyTorch/lib/python3.11/site-packages/airflow/example_dags/example_display_name.py
[2025-01-15T12:55:20.372+0800] {processor.py:925} INFO - DAG(s) 'example_display_name' retrieved from /opt/anaconda3/envs/PyTorch/lib/python3.11/site-packages/airflow/example_dags/example_display_name.py
[2025-01-15T12:55:20.444+0800] {logging_mixin.py:190} INFO - [2025-01-15T12:55:20.444+0800] {dag.py:3239} INFO - Sync 1 DAGs
[2025-01-15T12:55:20.448+0800] {logging_mixin.py:190} INFO - [2025-01-15T12:55:20.448+0800] {dag.py:4180} INFO - Setting next_dagrun for example_display_name to None, run_after=None
[2025-01-15T12:55:20.454+0800] {processor.py:208} INFO - Processing /opt/anaconda3/envs/PyTorch/lib/python3.11/site-packages/airflow/example_dags/example_display_name.py took 0.102 seconds
[2025-01-15T12:58:21.494+0800] {processor.py:186} INFO - Started process (PID=51413) to work on /opt/anaconda3/envs/PyTorch/lib/python3.11/site-packages/airflow/example_dags/example_display_name.py
[2025-01-15T12:58:21.495+0800] {processor.py:914} INFO - Processing file /opt/anaconda3/envs/PyTorch/lib/python3.11/site-packages/airflow/example_dags/example_display_name.py for tasks to queue
[2025-01-15T12:58:21.495+0800] {logging_mixin.py:190} INFO - [2025-01-15T12:58:21.495+0800] {dagbag.py:588} INFO - Filling up the DagBag from /opt/anaconda3/envs/PyTorch/lib/python3.11/site-packages/airflow/example_dags/example_display_name.py
[2025-01-15T12:58:21.515+0800] {processor.py:925} INFO - DAG(s) 'example_display_name' retrieved from /opt/anaconda3/envs/PyTorch/lib/python3.11/site-packages/airflow/example_dags/example_display_name.py
[2025-01-15T12:58:21.599+0800] {logging_mixin.py:190} INFO - [2025-01-15T12:58:21.599+0800] {dag.py:3239} INFO - Sync 1 DAGs
[2025-01-15T12:58:21.604+0800] {logging_mixin.py:190} INFO - [2025-01-15T12:58:21.603+0800] {dag.py:4180} INFO - Setting next_dagrun for example_display_name to None, run_after=None
[2025-01-15T12:58:21.612+0800] {processor.py:208} INFO - Processing /opt/anaconda3/envs/PyTorch/lib/python3.11/site-packages/airflow/example_dags/example_display_name.py took 0.120 seconds
[2025-01-15T13:01:23.618+0800] {processor.py:186} INFO - Started process (PID=53048) to work on /opt/anaconda3/envs/PyTorch/lib/python3.11/site-packages/airflow/example_dags/example_display_name.py
[2025-01-15T13:01:23.619+0800] {processor.py:914} INFO - Processing file /opt/anaconda3/envs/PyTorch/lib/python3.11/site-packages/airflow/example_dags/example_display_name.py for tasks to queue
[2025-01-15T13:01:23.620+0800] {logging_mixin.py:190} INFO - [2025-01-15T13:01:23.620+0800] {dagbag.py:588} INFO - Filling up the DagBag from /opt/anaconda3/envs/PyTorch/lib/python3.11/site-packages/airflow/example_dags/example_display_name.py
[2025-01-15T13:01:23.637+0800] {processor.py:925} INFO - DAG(s) 'example_display_name' retrieved from /opt/anaconda3/envs/PyTorch/lib/python3.11/site-packages/airflow/example_dags/example_display_name.py
[2025-01-15T13:01:23.716+0800] {logging_mixin.py:190} INFO - [2025-01-15T13:01:23.716+0800] {dag.py:3239} INFO - Sync 1 DAGs
[2025-01-15T13:01:23.721+0800] {logging_mixin.py:190} INFO - [2025-01-15T13:01:23.720+0800] {dag.py:4180} INFO - Setting next_dagrun for example_display_name to None, run_after=None
[2025-01-15T13:01:23.728+0800] {processor.py:208} INFO - Processing /opt/anaconda3/envs/PyTorch/lib/python3.11/site-packages/airflow/example_dags/example_display_name.py took 0.113 seconds
[2025-01-15T13:04:32.355+0800] {processor.py:186} INFO - Started process (PID=54792) to work on /opt/anaconda3/envs/PyTorch/lib/python3.11/site-packages/airflow/example_dags/example_display_name.py
[2025-01-15T13:04:32.356+0800] {processor.py:914} INFO - Processing file /opt/anaconda3/envs/PyTorch/lib/python3.11/site-packages/airflow/example_dags/example_display_name.py for tasks to queue
[2025-01-15T13:04:32.357+0800] {logging_mixin.py:190} INFO - [2025-01-15T13:04:32.357+0800] {dagbag.py:588} INFO - Filling up the DagBag from /opt/anaconda3/envs/PyTorch/lib/python3.11/site-packages/airflow/example_dags/example_display_name.py
[2025-01-15T13:04:32.374+0800] {processor.py:925} INFO - DAG(s) 'example_display_name' retrieved from /opt/anaconda3/envs/PyTorch/lib/python3.11/site-packages/airflow/example_dags/example_display_name.py
[2025-01-15T13:04:32.451+0800] {logging_mixin.py:190} INFO - [2025-01-15T13:04:32.451+0800] {dag.py:3239} INFO - Sync 1 DAGs
[2025-01-15T13:04:32.455+0800] {logging_mixin.py:190} INFO - [2025-01-15T13:04:32.455+0800] {dag.py:4180} INFO - Setting next_dagrun for example_display_name to None, run_after=None
[2025-01-15T13:04:32.463+0800] {processor.py:208} INFO - Processing /opt/anaconda3/envs/PyTorch/lib/python3.11/site-packages/airflow/example_dags/example_display_name.py took 0.110 seconds
[2025-01-15T13:07:39.962+0800] {processor.py:186} INFO - Started process (PID=56504) to work on /opt/anaconda3/envs/PyTorch/lib/python3.11/site-packages/airflow/example_dags/example_display_name.py
[2025-01-15T13:07:39.964+0800] {processor.py:914} INFO - Processing file /opt/anaconda3/envs/PyTorch/lib/python3.11/site-packages/airflow/example_dags/example_display_name.py for tasks to queue
[2025-01-15T13:07:39.965+0800] {logging_mixin.py:190} INFO - [2025-01-15T13:07:39.964+0800] {dagbag.py:588} INFO - Filling up the DagBag from /opt/anaconda3/envs/PyTorch/lib/python3.11/site-packages/airflow/example_dags/example_display_name.py
[2025-01-15T13:07:39.982+0800] {processor.py:925} INFO - DAG(s) 'example_display_name' retrieved from /opt/anaconda3/envs/PyTorch/lib/python3.11/site-packages/airflow/example_dags/example_display_name.py
[2025-01-15T13:07:40.056+0800] {logging_mixin.py:190} INFO - [2025-01-15T13:07:40.055+0800] {dag.py:3239} INFO - Sync 1 DAGs
[2025-01-15T13:07:40.059+0800] {logging_mixin.py:190} INFO - [2025-01-15T13:07:40.059+0800] {dag.py:4180} INFO - Setting next_dagrun for example_display_name to None, run_after=None
[2025-01-15T13:07:40.066+0800] {processor.py:208} INFO - Processing /opt/anaconda3/envs/PyTorch/lib/python3.11/site-packages/airflow/example_dags/example_display_name.py took 0.105 seconds
[2025-01-15T13:10:42.780+0800] {processor.py:186} INFO - Started process (PID=58267) to work on /opt/anaconda3/envs/PyTorch/lib/python3.11/site-packages/airflow/example_dags/example_display_name.py
[2025-01-15T13:10:42.782+0800] {processor.py:914} INFO - Processing file /opt/anaconda3/envs/PyTorch/lib/python3.11/site-packages/airflow/example_dags/example_display_name.py for tasks to queue
[2025-01-15T13:10:42.782+0800] {logging_mixin.py:190} INFO - [2025-01-15T13:10:42.782+0800] {dagbag.py:588} INFO - Filling up the DagBag from /opt/anaconda3/envs/PyTorch/lib/python3.11/site-packages/airflow/example_dags/example_display_name.py
[2025-01-15T13:10:42.800+0800] {processor.py:925} INFO - DAG(s) 'example_display_name' retrieved from /opt/anaconda3/envs/PyTorch/lib/python3.11/site-packages/airflow/example_dags/example_display_name.py
[2025-01-15T13:10:42.875+0800] {logging_mixin.py:190} INFO - [2025-01-15T13:10:42.875+0800] {dag.py:3239} INFO - Sync 1 DAGs
[2025-01-15T13:10:42.879+0800] {logging_mixin.py:190} INFO - [2025-01-15T13:10:42.879+0800] {dag.py:4180} INFO - Setting next_dagrun for example_display_name to None, run_after=None
[2025-01-15T13:10:42.886+0800] {processor.py:208} INFO - Processing /opt/anaconda3/envs/PyTorch/lib/python3.11/site-packages/airflow/example_dags/example_display_name.py took 0.107 seconds
[2025-01-15T13:13:43.613+0800] {processor.py:186} INFO - Started process (PID=59885) to work on /opt/anaconda3/envs/PyTorch/lib/python3.11/site-packages/airflow/example_dags/example_display_name.py
[2025-01-15T13:13:43.613+0800] {processor.py:914} INFO - Processing file /opt/anaconda3/envs/PyTorch/lib/python3.11/site-packages/airflow/example_dags/example_display_name.py for tasks to queue
[2025-01-15T13:13:43.614+0800] {logging_mixin.py:190} INFO - [2025-01-15T13:13:43.614+0800] {dagbag.py:588} INFO - Filling up the DagBag from /opt/anaconda3/envs/PyTorch/lib/python3.11/site-packages/airflow/example_dags/example_display_name.py
[2025-01-15T13:13:43.632+0800] {processor.py:925} INFO - DAG(s) 'example_display_name' retrieved from /opt/anaconda3/envs/PyTorch/lib/python3.11/site-packages/airflow/example_dags/example_display_name.py
[2025-01-15T13:13:43.706+0800] {logging_mixin.py:190} INFO - [2025-01-15T13:13:43.706+0800] {dag.py:3239} INFO - Sync 1 DAGs
[2025-01-15T13:13:43.710+0800] {logging_mixin.py:190} INFO - [2025-01-15T13:13:43.710+0800] {dag.py:4180} INFO - Setting next_dagrun for example_display_name to None, run_after=None
[2025-01-15T13:13:43.717+0800] {processor.py:208} INFO - Processing /opt/anaconda3/envs/PyTorch/lib/python3.11/site-packages/airflow/example_dags/example_display_name.py took 0.106 seconds
[2025-01-15T13:16:44.786+0800] {processor.py:186} INFO - Started process (PID=61508) to work on /opt/anaconda3/envs/PyTorch/lib/python3.11/site-packages/airflow/example_dags/example_display_name.py
[2025-01-15T13:16:44.788+0800] {processor.py:914} INFO - Processing file /opt/anaconda3/envs/PyTorch/lib/python3.11/site-packages/airflow/example_dags/example_display_name.py for tasks to queue
[2025-01-15T13:16:44.788+0800] {logging_mixin.py:190} INFO - [2025-01-15T13:16:44.788+0800] {dagbag.py:588} INFO - Filling up the DagBag from /opt/anaconda3/envs/PyTorch/lib/python3.11/site-packages/airflow/example_dags/example_display_name.py
[2025-01-15T13:16:44.804+0800] {processor.py:925} INFO - DAG(s) 'example_display_name' retrieved from /opt/anaconda3/envs/PyTorch/lib/python3.11/site-packages/airflow/example_dags/example_display_name.py
[2025-01-15T13:16:44.881+0800] {logging_mixin.py:190} INFO - [2025-01-15T13:16:44.881+0800] {dag.py:3239} INFO - Sync 1 DAGs
[2025-01-15T13:16:44.885+0800] {logging_mixin.py:190} INFO - [2025-01-15T13:16:44.885+0800] {dag.py:4180} INFO - Setting next_dagrun for example_display_name to None, run_after=None
[2025-01-15T13:16:44.893+0800] {processor.py:208} INFO - Processing /opt/anaconda3/envs/PyTorch/lib/python3.11/site-packages/airflow/example_dags/example_display_name.py took 0.108 seconds
[2025-01-15T13:19:57.907+0800] {processor.py:186} INFO - Started process (PID=63280) to work on /opt/anaconda3/envs/PyTorch/lib/python3.11/site-packages/airflow/example_dags/example_display_name.py
[2025-01-15T13:19:57.908+0800] {processor.py:914} INFO - Processing file /opt/anaconda3/envs/PyTorch/lib/python3.11/site-packages/airflow/example_dags/example_display_name.py for tasks to queue
[2025-01-15T13:19:57.909+0800] {logging_mixin.py:190} INFO - [2025-01-15T13:19:57.909+0800] {dagbag.py:588} INFO - Filling up the DagBag from /opt/anaconda3/envs/PyTorch/lib/python3.11/site-packages/airflow/example_dags/example_display_name.py
[2025-01-15T13:19:57.927+0800] {processor.py:925} INFO - DAG(s) 'example_display_name' retrieved from /opt/anaconda3/envs/PyTorch/lib/python3.11/site-packages/airflow/example_dags/example_display_name.py
[2025-01-15T13:19:58.000+0800] {logging_mixin.py:190} INFO - [2025-01-15T13:19:58.000+0800] {dag.py:3239} INFO - Sync 1 DAGs
[2025-01-15T13:19:58.004+0800] {logging_mixin.py:190} INFO - [2025-01-15T13:19:58.004+0800] {dag.py:4180} INFO - Setting next_dagrun for example_display_name to None, run_after=None
[2025-01-15T13:19:58.010+0800] {processor.py:208} INFO - Processing /opt/anaconda3/envs/PyTorch/lib/python3.11/site-packages/airflow/example_dags/example_display_name.py took 0.105 seconds
[2025-01-15T13:23:03.737+0800] {processor.py:186} INFO - Started process (PID=64978) to work on /opt/anaconda3/envs/PyTorch/lib/python3.11/site-packages/airflow/example_dags/example_display_name.py
[2025-01-15T13:23:03.739+0800] {processor.py:914} INFO - Processing file /opt/anaconda3/envs/PyTorch/lib/python3.11/site-packages/airflow/example_dags/example_display_name.py for tasks to queue
[2025-01-15T13:23:03.739+0800] {logging_mixin.py:190} INFO - [2025-01-15T13:23:03.739+0800] {dagbag.py:588} INFO - Filling up the DagBag from /opt/anaconda3/envs/PyTorch/lib/python3.11/site-packages/airflow/example_dags/example_display_name.py
[2025-01-15T13:23:03.755+0800] {processor.py:925} INFO - DAG(s) 'example_display_name' retrieved from /opt/anaconda3/envs/PyTorch/lib/python3.11/site-packages/airflow/example_dags/example_display_name.py
[2025-01-15T13:23:03.827+0800] {logging_mixin.py:190} INFO - [2025-01-15T13:23:03.827+0800] {dag.py:3239} INFO - Sync 1 DAGs
[2025-01-15T13:23:03.831+0800] {logging_mixin.py:190} INFO - [2025-01-15T13:23:03.831+0800] {dag.py:4180} INFO - Setting next_dagrun for example_display_name to None, run_after=None
[2025-01-15T13:23:03.842+0800] {processor.py:208} INFO - Processing /opt/anaconda3/envs/PyTorch/lib/python3.11/site-packages/airflow/example_dags/example_display_name.py took 0.106 seconds
[2025-01-15T13:26:12.105+0800] {processor.py:186} INFO - Started process (PID=66618) to work on /opt/anaconda3/envs/PyTorch/lib/python3.11/site-packages/airflow/example_dags/example_display_name.py
[2025-01-15T13:26:12.106+0800] {processor.py:914} INFO - Processing file /opt/anaconda3/envs/PyTorch/lib/python3.11/site-packages/airflow/example_dags/example_display_name.py for tasks to queue
[2025-01-15T13:26:12.106+0800] {logging_mixin.py:190} INFO - [2025-01-15T13:26:12.106+0800] {dagbag.py:588} INFO - Filling up the DagBag from /opt/anaconda3/envs/PyTorch/lib/python3.11/site-packages/airflow/example_dags/example_display_name.py
[2025-01-15T13:26:12.122+0800] {processor.py:925} INFO - DAG(s) 'example_display_name' retrieved from /opt/anaconda3/envs/PyTorch/lib/python3.11/site-packages/airflow/example_dags/example_display_name.py
[2025-01-15T13:26:12.195+0800] {logging_mixin.py:190} INFO - [2025-01-15T13:26:12.195+0800] {dag.py:3239} INFO - Sync 1 DAGs
[2025-01-15T13:26:12.199+0800] {logging_mixin.py:190} INFO - [2025-01-15T13:26:12.199+0800] {dag.py:4180} INFO - Setting next_dagrun for example_display_name to None, run_after=None
[2025-01-15T13:26:12.205+0800] {processor.py:208} INFO - Processing /opt/anaconda3/envs/PyTorch/lib/python3.11/site-packages/airflow/example_dags/example_display_name.py took 0.102 seconds
[2025-01-15T13:29:15.629+0800] {processor.py:186} INFO - Started process (PID=68241) to work on /opt/anaconda3/envs/PyTorch/lib/python3.11/site-packages/airflow/example_dags/example_display_name.py
[2025-01-15T13:29:15.630+0800] {processor.py:914} INFO - Processing file /opt/anaconda3/envs/PyTorch/lib/python3.11/site-packages/airflow/example_dags/example_display_name.py for tasks to queue
[2025-01-15T13:29:15.630+0800] {logging_mixin.py:190} INFO - [2025-01-15T13:29:15.630+0800] {dagbag.py:588} INFO - Filling up the DagBag from /opt/anaconda3/envs/PyTorch/lib/python3.11/site-packages/airflow/example_dags/example_display_name.py
[2025-01-15T13:29:15.648+0800] {processor.py:925} INFO - DAG(s) 'example_display_name' retrieved from /opt/anaconda3/envs/PyTorch/lib/python3.11/site-packages/airflow/example_dags/example_display_name.py
[2025-01-15T13:29:15.723+0800] {logging_mixin.py:190} INFO - [2025-01-15T13:29:15.722+0800] {dag.py:3239} INFO - Sync 1 DAGs
[2025-01-15T13:29:15.726+0800] {logging_mixin.py:190} INFO - [2025-01-15T13:29:15.726+0800] {dag.py:4180} INFO - Setting next_dagrun for example_display_name to None, run_after=None
[2025-01-15T13:29:15.733+0800] {processor.py:208} INFO - Processing /opt/anaconda3/envs/PyTorch/lib/python3.11/site-packages/airflow/example_dags/example_display_name.py took 0.106 seconds
[2025-01-15T13:32:25.738+0800] {processor.py:186} INFO - Started process (PID=70002) to work on /opt/anaconda3/envs/PyTorch/lib/python3.11/site-packages/airflow/example_dags/example_display_name.py
[2025-01-15T13:32:25.740+0800] {processor.py:914} INFO - Processing file /opt/anaconda3/envs/PyTorch/lib/python3.11/site-packages/airflow/example_dags/example_display_name.py for tasks to queue
[2025-01-15T13:32:25.740+0800] {logging_mixin.py:190} INFO - [2025-01-15T13:32:25.740+0800] {dagbag.py:588} INFO - Filling up the DagBag from /opt/anaconda3/envs/PyTorch/lib/python3.11/site-packages/airflow/example_dags/example_display_name.py
[2025-01-15T13:32:25.757+0800] {processor.py:925} INFO - DAG(s) 'example_display_name' retrieved from /opt/anaconda3/envs/PyTorch/lib/python3.11/site-packages/airflow/example_dags/example_display_name.py
[2025-01-15T13:32:25.831+0800] {logging_mixin.py:190} INFO - [2025-01-15T13:32:25.830+0800] {dag.py:3239} INFO - Sync 1 DAGs
[2025-01-15T13:32:25.834+0800] {logging_mixin.py:190} INFO - [2025-01-15T13:32:25.834+0800] {dag.py:4180} INFO - Setting next_dagrun for example_display_name to None, run_after=None
[2025-01-15T13:32:25.841+0800] {processor.py:208} INFO - Processing /opt/anaconda3/envs/PyTorch/lib/python3.11/site-packages/airflow/example_dags/example_display_name.py took 0.104 seconds
[2025-01-15T13:35:35.666+0800] {processor.py:186} INFO - Started process (PID=71697) to work on /opt/anaconda3/envs/PyTorch/lib/python3.11/site-packages/airflow/example_dags/example_display_name.py
[2025-01-15T13:35:35.668+0800] {processor.py:914} INFO - Processing file /opt/anaconda3/envs/PyTorch/lib/python3.11/site-packages/airflow/example_dags/example_display_name.py for tasks to queue
[2025-01-15T13:35:35.668+0800] {logging_mixin.py:190} INFO - [2025-01-15T13:35:35.668+0800] {dagbag.py:588} INFO - Filling up the DagBag from /opt/anaconda3/envs/PyTorch/lib/python3.11/site-packages/airflow/example_dags/example_display_name.py
[2025-01-15T13:35:35.685+0800] {processor.py:925} INFO - DAG(s) 'example_display_name' retrieved from /opt/anaconda3/envs/PyTorch/lib/python3.11/site-packages/airflow/example_dags/example_display_name.py
[2025-01-15T13:35:35.757+0800] {logging_mixin.py:190} INFO - [2025-01-15T13:35:35.757+0800] {dag.py:3239} INFO - Sync 1 DAGs
[2025-01-15T13:35:35.761+0800] {logging_mixin.py:190} INFO - [2025-01-15T13:35:35.761+0800] {dag.py:4180} INFO - Setting next_dagrun for example_display_name to None, run_after=None
[2025-01-15T13:35:35.768+0800] {processor.py:208} INFO - Processing /opt/anaconda3/envs/PyTorch/lib/python3.11/site-packages/airflow/example_dags/example_display_name.py took 0.103 seconds
[2025-01-15T13:38:43.899+0800] {processor.py:186} INFO - Started process (PID=73474) to work on /opt/anaconda3/envs/PyTorch/lib/python3.11/site-packages/airflow/example_dags/example_display_name.py
[2025-01-15T13:38:43.899+0800] {processor.py:914} INFO - Processing file /opt/anaconda3/envs/PyTorch/lib/python3.11/site-packages/airflow/example_dags/example_display_name.py for tasks to queue
[2025-01-15T13:38:43.900+0800] {logging_mixin.py:190} INFO - [2025-01-15T13:38:43.900+0800] {dagbag.py:588} INFO - Filling up the DagBag from /opt/anaconda3/envs/PyTorch/lib/python3.11/site-packages/airflow/example_dags/example_display_name.py
[2025-01-15T13:38:43.918+0800] {processor.py:925} INFO - DAG(s) 'example_display_name' retrieved from /opt/anaconda3/envs/PyTorch/lib/python3.11/site-packages/airflow/example_dags/example_display_name.py
[2025-01-15T13:38:44.001+0800] {logging_mixin.py:190} INFO - [2025-01-15T13:38:44.001+0800] {dag.py:3239} INFO - Sync 1 DAGs
[2025-01-15T13:38:44.005+0800] {logging_mixin.py:190} INFO - [2025-01-15T13:38:44.005+0800] {dag.py:4180} INFO - Setting next_dagrun for example_display_name to None, run_after=None
[2025-01-15T13:38:44.016+0800] {processor.py:208} INFO - Processing /opt/anaconda3/envs/PyTorch/lib/python3.11/site-packages/airflow/example_dags/example_display_name.py took 0.120 seconds
[2025-01-15T13:41:49.029+0800] {processor.py:186} INFO - Started process (PID=75131) to work on /opt/anaconda3/envs/PyTorch/lib/python3.11/site-packages/airflow/example_dags/example_display_name.py
[2025-01-15T13:41:49.031+0800] {processor.py:914} INFO - Processing file /opt/anaconda3/envs/PyTorch/lib/python3.11/site-packages/airflow/example_dags/example_display_name.py for tasks to queue
[2025-01-15T13:41:49.031+0800] {logging_mixin.py:190} INFO - [2025-01-15T13:41:49.031+0800] {dagbag.py:588} INFO - Filling up the DagBag from /opt/anaconda3/envs/PyTorch/lib/python3.11/site-packages/airflow/example_dags/example_display_name.py
[2025-01-15T13:41:49.048+0800] {processor.py:925} INFO - DAG(s) 'example_display_name' retrieved from /opt/anaconda3/envs/PyTorch/lib/python3.11/site-packages/airflow/example_dags/example_display_name.py
[2025-01-15T13:41:49.120+0800] {logging_mixin.py:190} INFO - [2025-01-15T13:41:49.120+0800] {dag.py:3239} INFO - Sync 1 DAGs
[2025-01-15T13:41:49.124+0800] {logging_mixin.py:190} INFO - [2025-01-15T13:41:49.124+0800] {dag.py:4180} INFO - Setting next_dagrun for example_display_name to None, run_after=None
[2025-01-15T13:41:49.130+0800] {processor.py:208} INFO - Processing /opt/anaconda3/envs/PyTorch/lib/python3.11/site-packages/airflow/example_dags/example_display_name.py took 0.103 seconds
[2025-01-15T13:44:52.091+0800] {processor.py:186} INFO - Started process (PID=76894) to work on /opt/anaconda3/envs/PyTorch/lib/python3.11/site-packages/airflow/example_dags/example_display_name.py
[2025-01-15T13:44:52.092+0800] {processor.py:914} INFO - Processing file /opt/anaconda3/envs/PyTorch/lib/python3.11/site-packages/airflow/example_dags/example_display_name.py for tasks to queue
[2025-01-15T13:44:52.092+0800] {logging_mixin.py:190} INFO - [2025-01-15T13:44:52.092+0800] {dagbag.py:588} INFO - Filling up the DagBag from /opt/anaconda3/envs/PyTorch/lib/python3.11/site-packages/airflow/example_dags/example_display_name.py
[2025-01-15T13:44:52.110+0800] {processor.py:925} INFO - DAG(s) 'example_display_name' retrieved from /opt/anaconda3/envs/PyTorch/lib/python3.11/site-packages/airflow/example_dags/example_display_name.py
[2025-01-15T13:44:52.189+0800] {logging_mixin.py:190} INFO - [2025-01-15T13:44:52.189+0800] {dag.py:3239} INFO - Sync 1 DAGs
[2025-01-15T13:44:52.193+0800] {logging_mixin.py:190} INFO - [2025-01-15T13:44:52.193+0800] {dag.py:4180} INFO - Setting next_dagrun for example_display_name to None, run_after=None
[2025-01-15T13:44:52.199+0800] {processor.py:208} INFO - Processing /opt/anaconda3/envs/PyTorch/lib/python3.11/site-packages/airflow/example_dags/example_display_name.py took 0.110 seconds
[2025-01-15T13:47:55.681+0800] {processor.py:186} INFO - Started process (PID=78635) to work on /opt/anaconda3/envs/PyTorch/lib/python3.11/site-packages/airflow/example_dags/example_display_name.py
[2025-01-15T13:47:55.682+0800] {processor.py:914} INFO - Processing file /opt/anaconda3/envs/PyTorch/lib/python3.11/site-packages/airflow/example_dags/example_display_name.py for tasks to queue
[2025-01-15T13:47:55.683+0800] {logging_mixin.py:190} INFO - [2025-01-15T13:47:55.682+0800] {dagbag.py:588} INFO - Filling up the DagBag from /opt/anaconda3/envs/PyTorch/lib/python3.11/site-packages/airflow/example_dags/example_display_name.py
[2025-01-15T13:47:55.698+0800] {processor.py:925} INFO - DAG(s) 'example_display_name' retrieved from /opt/anaconda3/envs/PyTorch/lib/python3.11/site-packages/airflow/example_dags/example_display_name.py
[2025-01-15T13:47:55.771+0800] {logging_mixin.py:190} INFO - [2025-01-15T13:47:55.771+0800] {dag.py:3239} INFO - Sync 1 DAGs
[2025-01-15T13:47:55.775+0800] {logging_mixin.py:190} INFO - [2025-01-15T13:47:55.775+0800] {dag.py:4180} INFO - Setting next_dagrun for example_display_name to None, run_after=None
[2025-01-15T13:47:55.782+0800] {processor.py:208} INFO - Processing /opt/anaconda3/envs/PyTorch/lib/python3.11/site-packages/airflow/example_dags/example_display_name.py took 0.103 seconds
[2025-01-15T13:51:06.048+0800] {processor.py:186} INFO - Started process (PID=80472) to work on /opt/anaconda3/envs/PyTorch/lib/python3.11/site-packages/airflow/example_dags/example_display_name.py
[2025-01-15T13:51:06.049+0800] {processor.py:914} INFO - Processing file /opt/anaconda3/envs/PyTorch/lib/python3.11/site-packages/airflow/example_dags/example_display_name.py for tasks to queue
[2025-01-15T13:51:06.050+0800] {logging_mixin.py:190} INFO - [2025-01-15T13:51:06.050+0800] {dagbag.py:588} INFO - Filling up the DagBag from /opt/anaconda3/envs/PyTorch/lib/python3.11/site-packages/airflow/example_dags/example_display_name.py
[2025-01-15T13:51:06.067+0800] {processor.py:925} INFO - DAG(s) 'example_display_name' retrieved from /opt/anaconda3/envs/PyTorch/lib/python3.11/site-packages/airflow/example_dags/example_display_name.py
[2025-01-15T13:51:06.139+0800] {logging_mixin.py:190} INFO - [2025-01-15T13:51:06.139+0800] {dag.py:3239} INFO - Sync 1 DAGs
[2025-01-15T13:51:06.142+0800] {logging_mixin.py:190} INFO - [2025-01-15T13:51:06.142+0800] {dag.py:4180} INFO - Setting next_dagrun for example_display_name to None, run_after=None
[2025-01-15T13:51:06.149+0800] {processor.py:208} INFO - Processing /opt/anaconda3/envs/PyTorch/lib/python3.11/site-packages/airflow/example_dags/example_display_name.py took 0.103 seconds
[2025-01-15T13:54:47.954+0800] {processor.py:186} INFO - Started process (PID=82484) to work on /opt/anaconda3/envs/PyTorch/lib/python3.11/site-packages/airflow/example_dags/example_display_name.py
[2025-01-15T13:54:47.955+0800] {processor.py:914} INFO - Processing file /opt/anaconda3/envs/PyTorch/lib/python3.11/site-packages/airflow/example_dags/example_display_name.py for tasks to queue
[2025-01-15T13:54:47.956+0800] {logging_mixin.py:190} INFO - [2025-01-15T13:54:47.956+0800] {dagbag.py:588} INFO - Filling up the DagBag from /opt/anaconda3/envs/PyTorch/lib/python3.11/site-packages/airflow/example_dags/example_display_name.py
[2025-01-15T13:54:47.973+0800] {processor.py:925} INFO - DAG(s) 'example_display_name' retrieved from /opt/anaconda3/envs/PyTorch/lib/python3.11/site-packages/airflow/example_dags/example_display_name.py
[2025-01-15T13:54:48.048+0800] {logging_mixin.py:190} INFO - [2025-01-15T13:54:48.048+0800] {dag.py:3239} INFO - Sync 1 DAGs
[2025-01-15T13:54:48.052+0800] {logging_mixin.py:190} INFO - [2025-01-15T13:54:48.052+0800] {dag.py:4180} INFO - Setting next_dagrun for example_display_name to None, run_after=None
[2025-01-15T13:54:48.059+0800] {processor.py:208} INFO - Processing /opt/anaconda3/envs/PyTorch/lib/python3.11/site-packages/airflow/example_dags/example_display_name.py took 0.108 seconds
[2025-01-15T13:57:18.721+0800] {processor.py:186} INFO - Started process (PID=83911) to work on /opt/anaconda3/envs/PyTorch/lib/python3.11/site-packages/airflow/example_dags/example_display_name.py
[2025-01-15T13:57:18.722+0800] {processor.py:914} INFO - Processing file /opt/anaconda3/envs/PyTorch/lib/python3.11/site-packages/airflow/example_dags/example_display_name.py for tasks to queue
[2025-01-15T13:57:18.723+0800] {logging_mixin.py:190} INFO - [2025-01-15T13:57:18.723+0800] {dagbag.py:588} INFO - Filling up the DagBag from /opt/anaconda3/envs/PyTorch/lib/python3.11/site-packages/airflow/example_dags/example_display_name.py
[2025-01-15T13:57:18.739+0800] {processor.py:925} INFO - DAG(s) 'example_display_name' retrieved from /opt/anaconda3/envs/PyTorch/lib/python3.11/site-packages/airflow/example_dags/example_display_name.py
[2025-01-15T13:57:18.812+0800] {logging_mixin.py:190} INFO - [2025-01-15T13:57:18.812+0800] {dag.py:3239} INFO - Sync 1 DAGs
[2025-01-15T13:57:18.816+0800] {logging_mixin.py:190} INFO - [2025-01-15T13:57:18.816+0800] {dag.py:4180} INFO - Setting next_dagrun for example_display_name to None, run_after=None
[2025-01-15T13:57:18.823+0800] {processor.py:208} INFO - Processing /opt/anaconda3/envs/PyTorch/lib/python3.11/site-packages/airflow/example_dags/example_display_name.py took 0.103 seconds
[2025-01-15T14:01:19.501+0800] {processor.py:186} INFO - Started process (PID=86268) to work on /opt/anaconda3/envs/PyTorch/lib/python3.11/site-packages/airflow/example_dags/example_display_name.py
[2025-01-15T14:01:19.502+0800] {processor.py:914} INFO - Processing file /opt/anaconda3/envs/PyTorch/lib/python3.11/site-packages/airflow/example_dags/example_display_name.py for tasks to queue
[2025-01-15T14:01:19.503+0800] {logging_mixin.py:190} INFO - [2025-01-15T14:01:19.503+0800] {dagbag.py:588} INFO - Filling up the DagBag from /opt/anaconda3/envs/PyTorch/lib/python3.11/site-packages/airflow/example_dags/example_display_name.py
[2025-01-15T14:01:19.519+0800] {processor.py:925} INFO - DAG(s) 'example_display_name' retrieved from /opt/anaconda3/envs/PyTorch/lib/python3.11/site-packages/airflow/example_dags/example_display_name.py
[2025-01-15T14:01:19.600+0800] {logging_mixin.py:190} INFO - [2025-01-15T14:01:19.600+0800] {dag.py:3239} INFO - Sync 1 DAGs
[2025-01-15T14:01:19.604+0800] {logging_mixin.py:190} INFO - [2025-01-15T14:01:19.604+0800] {dag.py:4180} INFO - Setting next_dagrun for example_display_name to None, run_after=None
[2025-01-15T14:01:19.611+0800] {processor.py:208} INFO - Processing /opt/anaconda3/envs/PyTorch/lib/python3.11/site-packages/airflow/example_dags/example_display_name.py took 0.112 seconds
[2025-01-15T14:04:54.306+0800] {processor.py:186} INFO - Started process (PID=88289) to work on /opt/anaconda3/envs/PyTorch/lib/python3.11/site-packages/airflow/example_dags/example_display_name.py
[2025-01-15T14:04:54.307+0800] {processor.py:914} INFO - Processing file /opt/anaconda3/envs/PyTorch/lib/python3.11/site-packages/airflow/example_dags/example_display_name.py for tasks to queue
[2025-01-15T14:04:54.308+0800] {logging_mixin.py:190} INFO - [2025-01-15T14:04:54.307+0800] {dagbag.py:588} INFO - Filling up the DagBag from /opt/anaconda3/envs/PyTorch/lib/python3.11/site-packages/airflow/example_dags/example_display_name.py
[2025-01-15T14:04:54.323+0800] {processor.py:925} INFO - DAG(s) 'example_display_name' retrieved from /opt/anaconda3/envs/PyTorch/lib/python3.11/site-packages/airflow/example_dags/example_display_name.py
[2025-01-15T14:04:54.395+0800] {logging_mixin.py:190} INFO - [2025-01-15T14:04:54.395+0800] {dag.py:3239} INFO - Sync 1 DAGs
[2025-01-15T14:04:54.399+0800] {logging_mixin.py:190} INFO - [2025-01-15T14:04:54.399+0800] {dag.py:4180} INFO - Setting next_dagrun for example_display_name to None, run_after=None
[2025-01-15T14:04:54.405+0800] {processor.py:208} INFO - Processing /opt/anaconda3/envs/PyTorch/lib/python3.11/site-packages/airflow/example_dags/example_display_name.py took 0.101 seconds
[2025-01-15T14:08:58.004+0800] {processor.py:186} INFO - Started process (PID=90626) to work on /opt/anaconda3/envs/PyTorch/lib/python3.11/site-packages/airflow/example_dags/example_display_name.py
[2025-01-15T14:08:58.006+0800] {processor.py:914} INFO - Processing file /opt/anaconda3/envs/PyTorch/lib/python3.11/site-packages/airflow/example_dags/example_display_name.py for tasks to queue
[2025-01-15T14:08:58.007+0800] {logging_mixin.py:190} INFO - [2025-01-15T14:08:58.006+0800] {dagbag.py:588} INFO - Filling up the DagBag from /opt/anaconda3/envs/PyTorch/lib/python3.11/site-packages/airflow/example_dags/example_display_name.py
[2025-01-15T14:08:58.025+0800] {processor.py:925} INFO - DAG(s) 'example_display_name' retrieved from /opt/anaconda3/envs/PyTorch/lib/python3.11/site-packages/airflow/example_dags/example_display_name.py
[2025-01-15T14:08:58.104+0800] {logging_mixin.py:190} INFO - [2025-01-15T14:08:58.104+0800] {dag.py:3239} INFO - Sync 1 DAGs
[2025-01-15T14:08:58.109+0800] {logging_mixin.py:190} INFO - [2025-01-15T14:08:58.109+0800] {dag.py:4180} INFO - Setting next_dagrun for example_display_name to None, run_after=None
[2025-01-15T14:08:58.122+0800] {processor.py:208} INFO - Processing /opt/anaconda3/envs/PyTorch/lib/python3.11/site-packages/airflow/example_dags/example_display_name.py took 0.119 seconds
[2025-01-15T14:12:53.458+0800] {processor.py:186} INFO - Started process (PID=92789) to work on /opt/anaconda3/envs/PyTorch/lib/python3.11/site-packages/airflow/example_dags/example_display_name.py
[2025-01-15T14:12:53.460+0800] {processor.py:914} INFO - Processing file /opt/anaconda3/envs/PyTorch/lib/python3.11/site-packages/airflow/example_dags/example_display_name.py for tasks to queue
[2025-01-15T14:12:53.461+0800] {logging_mixin.py:190} INFO - [2025-01-15T14:12:53.460+0800] {dagbag.py:588} INFO - Filling up the DagBag from /opt/anaconda3/envs/PyTorch/lib/python3.11/site-packages/airflow/example_dags/example_display_name.py
[2025-01-15T14:12:53.477+0800] {processor.py:925} INFO - DAG(s) 'example_display_name' retrieved from /opt/anaconda3/envs/PyTorch/lib/python3.11/site-packages/airflow/example_dags/example_display_name.py
[2025-01-15T14:12:53.550+0800] {logging_mixin.py:190} INFO - [2025-01-15T14:12:53.549+0800] {dag.py:3239} INFO - Sync 1 DAGs
[2025-01-15T14:12:53.553+0800] {logging_mixin.py:190} INFO - [2025-01-15T14:12:53.553+0800] {dag.py:4180} INFO - Setting next_dagrun for example_display_name to None, run_after=None
[2025-01-15T14:12:53.566+0800] {processor.py:208} INFO - Processing /opt/anaconda3/envs/PyTorch/lib/python3.11/site-packages/airflow/example_dags/example_display_name.py took 0.109 seconds
[2025-01-15T14:16:36.653+0800] {processor.py:186} INFO - Started process (PID=94960) to work on /opt/anaconda3/envs/PyTorch/lib/python3.11/site-packages/airflow/example_dags/example_display_name.py
[2025-01-15T14:16:36.655+0800] {processor.py:914} INFO - Processing file /opt/anaconda3/envs/PyTorch/lib/python3.11/site-packages/airflow/example_dags/example_display_name.py for tasks to queue
[2025-01-15T14:16:36.656+0800] {logging_mixin.py:190} INFO - [2025-01-15T14:16:36.656+0800] {dagbag.py:588} INFO - Filling up the DagBag from /opt/anaconda3/envs/PyTorch/lib/python3.11/site-packages/airflow/example_dags/example_display_name.py
[2025-01-15T14:16:36.677+0800] {processor.py:925} INFO - DAG(s) 'example_display_name' retrieved from /opt/anaconda3/envs/PyTorch/lib/python3.11/site-packages/airflow/example_dags/example_display_name.py
[2025-01-15T14:16:36.759+0800] {logging_mixin.py:190} INFO - [2025-01-15T14:16:36.759+0800] {dag.py:3239} INFO - Sync 1 DAGs
[2025-01-15T14:16:36.763+0800] {logging_mixin.py:190} INFO - [2025-01-15T14:16:36.763+0800] {dag.py:4180} INFO - Setting next_dagrun for example_display_name to None, run_after=None
[2025-01-15T14:16:36.771+0800] {processor.py:208} INFO - Processing /opt/anaconda3/envs/PyTorch/lib/python3.11/site-packages/airflow/example_dags/example_display_name.py took 0.119 seconds
[2025-01-15T14:20:29.527+0800] {processor.py:186} INFO - Started process (PID=97076) to work on /opt/anaconda3/envs/PyTorch/lib/python3.11/site-packages/airflow/example_dags/example_display_name.py
[2025-01-15T14:20:29.529+0800] {processor.py:914} INFO - Processing file /opt/anaconda3/envs/PyTorch/lib/python3.11/site-packages/airflow/example_dags/example_display_name.py for tasks to queue
[2025-01-15T14:20:29.530+0800] {logging_mixin.py:190} INFO - [2025-01-15T14:20:29.529+0800] {dagbag.py:588} INFO - Filling up the DagBag from /opt/anaconda3/envs/PyTorch/lib/python3.11/site-packages/airflow/example_dags/example_display_name.py
[2025-01-15T14:20:29.547+0800] {processor.py:925} INFO - DAG(s) 'example_display_name' retrieved from /opt/anaconda3/envs/PyTorch/lib/python3.11/site-packages/airflow/example_dags/example_display_name.py
[2025-01-15T14:20:29.632+0800] {logging_mixin.py:190} INFO - [2025-01-15T14:20:29.632+0800] {dag.py:3239} INFO - Sync 1 DAGs
[2025-01-15T14:20:29.637+0800] {logging_mixin.py:190} INFO - [2025-01-15T14:20:29.637+0800] {dag.py:4180} INFO - Setting next_dagrun for example_display_name to None, run_after=None
[2025-01-15T14:20:29.644+0800] {processor.py:208} INFO - Processing /opt/anaconda3/envs/PyTorch/lib/python3.11/site-packages/airflow/example_dags/example_display_name.py took 0.120 seconds
[2025-01-15T14:24:11.058+0800] {processor.py:186} INFO - Started process (PID=99094) to work on /opt/anaconda3/envs/PyTorch/lib/python3.11/site-packages/airflow/example_dags/example_display_name.py
[2025-01-15T14:24:11.059+0800] {processor.py:914} INFO - Processing file /opt/anaconda3/envs/PyTorch/lib/python3.11/site-packages/airflow/example_dags/example_display_name.py for tasks to queue
[2025-01-15T14:24:11.060+0800] {logging_mixin.py:190} INFO - [2025-01-15T14:24:11.060+0800] {dagbag.py:588} INFO - Filling up the DagBag from /opt/anaconda3/envs/PyTorch/lib/python3.11/site-packages/airflow/example_dags/example_display_name.py
[2025-01-15T14:24:11.076+0800] {processor.py:925} INFO - DAG(s) 'example_display_name' retrieved from /opt/anaconda3/envs/PyTorch/lib/python3.11/site-packages/airflow/example_dags/example_display_name.py
[2025-01-15T14:24:11.147+0800] {logging_mixin.py:190} INFO - [2025-01-15T14:24:11.147+0800] {dag.py:3239} INFO - Sync 1 DAGs
[2025-01-15T14:24:11.151+0800] {logging_mixin.py:190} INFO - [2025-01-15T14:24:11.151+0800] {dag.py:4180} INFO - Setting next_dagrun for example_display_name to None, run_after=None
[2025-01-15T14:24:11.158+0800] {processor.py:208} INFO - Processing /opt/anaconda3/envs/PyTorch/lib/python3.11/site-packages/airflow/example_dags/example_display_name.py took 0.102 seconds
[2025-01-15T14:27:59.140+0800] {processor.py:186} INFO - Started process (PID=1596) to work on /opt/anaconda3/envs/PyTorch/lib/python3.11/site-packages/airflow/example_dags/example_display_name.py
[2025-01-15T14:27:59.141+0800] {processor.py:914} INFO - Processing file /opt/anaconda3/envs/PyTorch/lib/python3.11/site-packages/airflow/example_dags/example_display_name.py for tasks to queue
[2025-01-15T14:27:59.142+0800] {logging_mixin.py:190} INFO - [2025-01-15T14:27:59.142+0800] {dagbag.py:588} INFO - Filling up the DagBag from /opt/anaconda3/envs/PyTorch/lib/python3.11/site-packages/airflow/example_dags/example_display_name.py
[2025-01-15T14:27:59.158+0800] {processor.py:925} INFO - DAG(s) 'example_display_name' retrieved from /opt/anaconda3/envs/PyTorch/lib/python3.11/site-packages/airflow/example_dags/example_display_name.py
[2025-01-15T14:27:59.232+0800] {logging_mixin.py:190} INFO - [2025-01-15T14:27:59.231+0800] {dag.py:3239} INFO - Sync 1 DAGs
[2025-01-15T14:27:59.235+0800] {logging_mixin.py:190} INFO - [2025-01-15T14:27:59.235+0800] {dag.py:4180} INFO - Setting next_dagrun for example_display_name to None, run_after=None
[2025-01-15T14:27:59.242+0800] {processor.py:208} INFO - Processing /opt/anaconda3/envs/PyTorch/lib/python3.11/site-packages/airflow/example_dags/example_display_name.py took 0.104 seconds
