[2025-01-15T11:50:23.650+0800] {processor.py:186} INFO - Started process (PID=15291) to work on /opt/anaconda3/envs/PyTorch/lib/python3.11/site-packages/airflow/example_dags/example_latest_only.py
[2025-01-15T11:50:23.651+0800] {processor.py:914} INFO - Processing file /opt/anaconda3/envs/PyTorch/lib/python3.11/site-packages/airflow/example_dags/example_latest_only.py for tasks to queue
[2025-01-15T11:50:23.651+0800] {logging_mixin.py:190} INFO - [2025-01-15T11:50:23.651+0800] {dagbag.py:588} INFO - Filling up the DagBag from /opt/anaconda3/envs/PyTorch/lib/python3.11/site-packages/airflow/example_dags/example_latest_only.py
[2025-01-15T11:50:23.656+0800] {processor.py:925} INFO - DAG(s) 'latest_only' retrieved from /opt/anaconda3/envs/PyTorch/lib/python3.11/site-packages/airflow/example_dags/example_latest_only.py
[2025-01-15T11:50:23.761+0800] {logging_mixin.py:190} INFO - [2025-01-15T11:50:23.761+0800] {override.py:1912} INFO - Created Permission View: can edit on DAG:latest_only
[2025-01-15T11:50:23.764+0800] {logging_mixin.py:190} INFO - [2025-01-15T11:50:23.764+0800] {override.py:1912} INFO - Created Permission View: can read on DAG:latest_only
[2025-01-15T11:50:23.766+0800] {logging_mixin.py:190} INFO - [2025-01-15T11:50:23.766+0800] {override.py:1912} INFO - Created Permission View: can delete on DAG:latest_only
[2025-01-15T11:50:23.768+0800] {logging_mixin.py:190} INFO - [2025-01-15T11:50:23.768+0800] {override.py:1912} INFO - Created Permission View: can create on DAG Run:latest_only
[2025-01-15T11:50:23.770+0800] {logging_mixin.py:190} INFO - [2025-01-15T11:50:23.770+0800] {override.py:1912} INFO - Created Permission View: can read on DAG Run:latest_only
[2025-01-15T11:50:23.772+0800] {logging_mixin.py:190} INFO - [2025-01-15T11:50:23.772+0800] {override.py:1912} INFO - Created Permission View: menu access on DAG Run:latest_only
[2025-01-15T11:50:23.773+0800] {logging_mixin.py:190} INFO - [2025-01-15T11:50:23.773+0800] {override.py:1912} INFO - Created Permission View: can delete on DAG Run:latest_only
[2025-01-15T11:50:23.773+0800] {logging_mixin.py:190} INFO - [2025-01-15T11:50:23.773+0800] {dag.py:3239} INFO - Sync 1 DAGs
[2025-01-15T11:50:23.777+0800] {logging_mixin.py:190} INFO - [2025-01-15T11:50:23.777+0800] {dag.py:3262} INFO - Creating ORM DAG for latest_only
[2025-01-15T11:50:23.780+0800] {logging_mixin.py:190} INFO - [2025-01-15T11:50:23.780+0800] {dag.py:4180} INFO - Setting next_dagrun for latest_only to 2025-01-14 20:00:00+00:00, run_after=2025-01-15 00:00:00+00:00
[2025-01-15T11:50:23.785+0800] {processor.py:208} INFO - Processing /opt/anaconda3/envs/PyTorch/lib/python3.11/site-packages/airflow/example_dags/example_latest_only.py took 0.137 seconds
[2025-01-15T11:56:55.920+0800] {processor.py:186} INFO - Started process (PID=18557) to work on /opt/anaconda3/envs/PyTorch/lib/python3.11/site-packages/airflow/example_dags/example_latest_only.py
[2025-01-15T11:56:55.922+0800] {processor.py:914} INFO - Processing file /opt/anaconda3/envs/PyTorch/lib/python3.11/site-packages/airflow/example_dags/example_latest_only.py for tasks to queue
[2025-01-15T11:56:55.922+0800] {logging_mixin.py:190} INFO - [2025-01-15T11:56:55.922+0800] {dagbag.py:588} INFO - Filling up the DagBag from /opt/anaconda3/envs/PyTorch/lib/python3.11/site-packages/airflow/example_dags/example_latest_only.py
[2025-01-15T11:56:55.926+0800] {processor.py:925} INFO - DAG(s) 'latest_only' retrieved from /opt/anaconda3/envs/PyTorch/lib/python3.11/site-packages/airflow/example_dags/example_latest_only.py
[2025-01-15T11:56:55.962+0800] {logging_mixin.py:190} INFO - [2025-01-15T11:56:55.962+0800] {dag.py:3239} INFO - Sync 1 DAGs
[2025-01-15T11:56:55.969+0800] {logging_mixin.py:190} INFO - [2025-01-15T11:56:55.969+0800] {dag.py:4180} INFO - Setting next_dagrun for latest_only to 2025-01-14 20:00:00+00:00, run_after=2025-01-15 00:00:00+00:00
[2025-01-15T11:56:56.014+0800] {processor.py:208} INFO - Processing /opt/anaconda3/envs/PyTorch/lib/python3.11/site-packages/airflow/example_dags/example_latest_only.py took 0.096 seconds
[2025-01-15T11:58:51.508+0800] {processor.py:186} INFO - Started process (PID=19601) to work on /opt/anaconda3/envs/PyTorch/lib/python3.11/site-packages/airflow/example_dags/example_latest_only.py
[2025-01-15T11:58:51.509+0800] {processor.py:914} INFO - Processing file /opt/anaconda3/envs/PyTorch/lib/python3.11/site-packages/airflow/example_dags/example_latest_only.py for tasks to queue
[2025-01-15T11:58:51.509+0800] {logging_mixin.py:190} INFO - [2025-01-15T11:58:51.509+0800] {dagbag.py:588} INFO - Filling up the DagBag from /opt/anaconda3/envs/PyTorch/lib/python3.11/site-packages/airflow/example_dags/example_latest_only.py
[2025-01-15T11:58:51.513+0800] {processor.py:925} INFO - DAG(s) 'latest_only' retrieved from /opt/anaconda3/envs/PyTorch/lib/python3.11/site-packages/airflow/example_dags/example_latest_only.py
[2025-01-15T11:58:51.551+0800] {logging_mixin.py:190} INFO - [2025-01-15T11:58:51.551+0800] {dag.py:3239} INFO - Sync 1 DAGs
[2025-01-15T11:58:51.558+0800] {logging_mixin.py:190} INFO - [2025-01-15T11:58:51.558+0800] {dag.py:4180} INFO - Setting next_dagrun for latest_only to 2025-01-14 20:00:00+00:00, run_after=2025-01-15 00:00:00+00:00
[2025-01-15T11:58:51.602+0800] {processor.py:208} INFO - Processing /opt/anaconda3/envs/PyTorch/lib/python3.11/site-packages/airflow/example_dags/example_latest_only.py took 0.096 seconds
[2025-01-15T12:00:48.898+0800] {processor.py:186} INFO - Started process (PID=20651) to work on /opt/anaconda3/envs/PyTorch/lib/python3.11/site-packages/airflow/example_dags/example_latest_only.py
[2025-01-15T12:00:48.900+0800] {processor.py:914} INFO - Processing file /opt/anaconda3/envs/PyTorch/lib/python3.11/site-packages/airflow/example_dags/example_latest_only.py for tasks to queue
[2025-01-15T12:00:48.900+0800] {logging_mixin.py:190} INFO - [2025-01-15T12:00:48.900+0800] {dagbag.py:588} INFO - Filling up the DagBag from /opt/anaconda3/envs/PyTorch/lib/python3.11/site-packages/airflow/example_dags/example_latest_only.py
[2025-01-15T12:00:48.904+0800] {processor.py:925} INFO - DAG(s) 'latest_only' retrieved from /opt/anaconda3/envs/PyTorch/lib/python3.11/site-packages/airflow/example_dags/example_latest_only.py
[2025-01-15T12:00:48.939+0800] {logging_mixin.py:190} INFO - [2025-01-15T12:00:48.939+0800] {dag.py:3239} INFO - Sync 1 DAGs
[2025-01-15T12:00:48.946+0800] {logging_mixin.py:190} INFO - [2025-01-15T12:00:48.946+0800] {dag.py:4180} INFO - Setting next_dagrun for latest_only to 2025-01-15 00:00:00+00:00, run_after=2025-01-15 04:00:00+00:00
[2025-01-15T12:00:48.991+0800] {processor.py:208} INFO - Processing /opt/anaconda3/envs/PyTorch/lib/python3.11/site-packages/airflow/example_dags/example_latest_only.py took 0.095 seconds
[2025-01-15T12:03:43.018+0800] {processor.py:186} INFO - Started process (PID=22179) to work on /opt/anaconda3/envs/PyTorch/lib/python3.11/site-packages/airflow/example_dags/example_latest_only.py
[2025-01-15T12:03:43.020+0800] {processor.py:914} INFO - Processing file /opt/anaconda3/envs/PyTorch/lib/python3.11/site-packages/airflow/example_dags/example_latest_only.py for tasks to queue
[2025-01-15T12:03:43.020+0800] {logging_mixin.py:190} INFO - [2025-01-15T12:03:43.020+0800] {dagbag.py:588} INFO - Filling up the DagBag from /opt/anaconda3/envs/PyTorch/lib/python3.11/site-packages/airflow/example_dags/example_latest_only.py
[2025-01-15T12:03:43.024+0800] {processor.py:925} INFO - DAG(s) 'latest_only' retrieved from /opt/anaconda3/envs/PyTorch/lib/python3.11/site-packages/airflow/example_dags/example_latest_only.py
[2025-01-15T12:03:43.061+0800] {logging_mixin.py:190} INFO - [2025-01-15T12:03:43.060+0800] {dag.py:3239} INFO - Sync 1 DAGs
[2025-01-15T12:03:43.067+0800] {logging_mixin.py:190} INFO - [2025-01-15T12:03:43.067+0800] {dag.py:4180} INFO - Setting next_dagrun for latest_only to 2025-01-15 00:00:00+00:00, run_after=2025-01-15 04:00:00+00:00
[2025-01-15T12:03:43.112+0800] {processor.py:208} INFO - Processing /opt/anaconda3/envs/PyTorch/lib/python3.11/site-packages/airflow/example_dags/example_latest_only.py took 0.095 seconds
[2025-01-15T12:06:35.931+0800] {processor.py:186} INFO - Started process (PID=23744) to work on /opt/anaconda3/envs/PyTorch/lib/python3.11/site-packages/airflow/example_dags/example_latest_only.py
[2025-01-15T12:06:35.932+0800] {processor.py:914} INFO - Processing file /opt/anaconda3/envs/PyTorch/lib/python3.11/site-packages/airflow/example_dags/example_latest_only.py for tasks to queue
[2025-01-15T12:06:35.933+0800] {logging_mixin.py:190} INFO - [2025-01-15T12:06:35.933+0800] {dagbag.py:588} INFO - Filling up the DagBag from /opt/anaconda3/envs/PyTorch/lib/python3.11/site-packages/airflow/example_dags/example_latest_only.py
[2025-01-15T12:06:35.936+0800] {processor.py:925} INFO - DAG(s) 'latest_only' retrieved from /opt/anaconda3/envs/PyTorch/lib/python3.11/site-packages/airflow/example_dags/example_latest_only.py
[2025-01-15T12:06:35.973+0800] {logging_mixin.py:190} INFO - [2025-01-15T12:06:35.973+0800] {dag.py:3239} INFO - Sync 1 DAGs
[2025-01-15T12:06:35.980+0800] {logging_mixin.py:190} INFO - [2025-01-15T12:06:35.980+0800] {dag.py:4180} INFO - Setting next_dagrun for latest_only to 2025-01-15 00:00:00+00:00, run_after=2025-01-15 04:00:00+00:00
[2025-01-15T12:06:36.025+0800] {processor.py:208} INFO - Processing /opt/anaconda3/envs/PyTorch/lib/python3.11/site-packages/airflow/example_dags/example_latest_only.py took 0.096 seconds
[2025-01-15T12:09:31.867+0800] {processor.py:186} INFO - Started process (PID=25327) to work on /opt/anaconda3/envs/PyTorch/lib/python3.11/site-packages/airflow/example_dags/example_latest_only.py
[2025-01-15T12:09:31.868+0800] {processor.py:914} INFO - Processing file /opt/anaconda3/envs/PyTorch/lib/python3.11/site-packages/airflow/example_dags/example_latest_only.py for tasks to queue
[2025-01-15T12:09:31.869+0800] {logging_mixin.py:190} INFO - [2025-01-15T12:09:31.869+0800] {dagbag.py:588} INFO - Filling up the DagBag from /opt/anaconda3/envs/PyTorch/lib/python3.11/site-packages/airflow/example_dags/example_latest_only.py
[2025-01-15T12:09:31.873+0800] {processor.py:925} INFO - DAG(s) 'latest_only' retrieved from /opt/anaconda3/envs/PyTorch/lib/python3.11/site-packages/airflow/example_dags/example_latest_only.py
[2025-01-15T12:09:31.910+0800] {logging_mixin.py:190} INFO - [2025-01-15T12:09:31.910+0800] {dag.py:3239} INFO - Sync 1 DAGs
[2025-01-15T12:09:31.917+0800] {logging_mixin.py:190} INFO - [2025-01-15T12:09:31.917+0800] {dag.py:4180} INFO - Setting next_dagrun for latest_only to 2025-01-15 00:00:00+00:00, run_after=2025-01-15 04:00:00+00:00
[2025-01-15T12:09:31.966+0800] {processor.py:208} INFO - Processing /opt/anaconda3/envs/PyTorch/lib/python3.11/site-packages/airflow/example_dags/example_latest_only.py took 0.100 seconds
[2025-01-15T12:12:29.240+0800] {processor.py:186} INFO - Started process (PID=26946) to work on /opt/anaconda3/envs/PyTorch/lib/python3.11/site-packages/airflow/example_dags/example_latest_only.py
[2025-01-15T12:12:29.241+0800] {processor.py:914} INFO - Processing file /opt/anaconda3/envs/PyTorch/lib/python3.11/site-packages/airflow/example_dags/example_latest_only.py for tasks to queue
[2025-01-15T12:12:29.242+0800] {logging_mixin.py:190} INFO - [2025-01-15T12:12:29.242+0800] {dagbag.py:588} INFO - Filling up the DagBag from /opt/anaconda3/envs/PyTorch/lib/python3.11/site-packages/airflow/example_dags/example_latest_only.py
[2025-01-15T12:12:29.245+0800] {processor.py:925} INFO - DAG(s) 'latest_only' retrieved from /opt/anaconda3/envs/PyTorch/lib/python3.11/site-packages/airflow/example_dags/example_latest_only.py
[2025-01-15T12:12:29.280+0800] {logging_mixin.py:190} INFO - [2025-01-15T12:12:29.280+0800] {dag.py:3239} INFO - Sync 1 DAGs
[2025-01-15T12:12:29.287+0800] {logging_mixin.py:190} INFO - [2025-01-15T12:12:29.287+0800] {dag.py:4180} INFO - Setting next_dagrun for latest_only to 2025-01-15 00:00:00+00:00, run_after=2025-01-15 04:00:00+00:00
[2025-01-15T12:12:29.331+0800] {processor.py:208} INFO - Processing /opt/anaconda3/envs/PyTorch/lib/python3.11/site-packages/airflow/example_dags/example_latest_only.py took 0.092 seconds
[2025-01-15T12:15:26.322+0800] {processor.py:186} INFO - Started process (PID=28495) to work on /opt/anaconda3/envs/PyTorch/lib/python3.11/site-packages/airflow/example_dags/example_latest_only.py
[2025-01-15T12:15:26.323+0800] {processor.py:914} INFO - Processing file /opt/anaconda3/envs/PyTorch/lib/python3.11/site-packages/airflow/example_dags/example_latest_only.py for tasks to queue
[2025-01-15T12:15:26.323+0800] {logging_mixin.py:190} INFO - [2025-01-15T12:15:26.323+0800] {dagbag.py:588} INFO - Filling up the DagBag from /opt/anaconda3/envs/PyTorch/lib/python3.11/site-packages/airflow/example_dags/example_latest_only.py
[2025-01-15T12:15:26.327+0800] {processor.py:925} INFO - DAG(s) 'latest_only' retrieved from /opt/anaconda3/envs/PyTorch/lib/python3.11/site-packages/airflow/example_dags/example_latest_only.py
[2025-01-15T12:15:26.364+0800] {logging_mixin.py:190} INFO - [2025-01-15T12:15:26.364+0800] {dag.py:3239} INFO - Sync 1 DAGs
[2025-01-15T12:15:26.371+0800] {logging_mixin.py:190} INFO - [2025-01-15T12:15:26.371+0800] {dag.py:4180} INFO - Setting next_dagrun for latest_only to 2025-01-15 00:00:00+00:00, run_after=2025-01-15 04:00:00+00:00
[2025-01-15T12:15:26.416+0800] {processor.py:208} INFO - Processing /opt/anaconda3/envs/PyTorch/lib/python3.11/site-packages/airflow/example_dags/example_latest_only.py took 0.096 seconds
[2025-01-15T12:18:22.938+0800] {processor.py:186} INFO - Started process (PID=30088) to work on /opt/anaconda3/envs/PyTorch/lib/python3.11/site-packages/airflow/example_dags/example_latest_only.py
[2025-01-15T12:18:22.939+0800] {processor.py:914} INFO - Processing file /opt/anaconda3/envs/PyTorch/lib/python3.11/site-packages/airflow/example_dags/example_latest_only.py for tasks to queue
[2025-01-15T12:18:22.940+0800] {logging_mixin.py:190} INFO - [2025-01-15T12:18:22.940+0800] {dagbag.py:588} INFO - Filling up the DagBag from /opt/anaconda3/envs/PyTorch/lib/python3.11/site-packages/airflow/example_dags/example_latest_only.py
[2025-01-15T12:18:22.943+0800] {processor.py:925} INFO - DAG(s) 'latest_only' retrieved from /opt/anaconda3/envs/PyTorch/lib/python3.11/site-packages/airflow/example_dags/example_latest_only.py
[2025-01-15T12:18:22.980+0800] {logging_mixin.py:190} INFO - [2025-01-15T12:18:22.980+0800] {dag.py:3239} INFO - Sync 1 DAGs
[2025-01-15T12:18:22.988+0800] {logging_mixin.py:190} INFO - [2025-01-15T12:18:22.988+0800] {dag.py:4180} INFO - Setting next_dagrun for latest_only to 2025-01-15 00:00:00+00:00, run_after=2025-01-15 04:00:00+00:00
[2025-01-15T12:18:23.035+0800] {processor.py:208} INFO - Processing /opt/anaconda3/envs/PyTorch/lib/python3.11/site-packages/airflow/example_dags/example_latest_only.py took 0.099 seconds
[2025-01-15T12:21:21.031+0800] {processor.py:186} INFO - Started process (PID=31649) to work on /opt/anaconda3/envs/PyTorch/lib/python3.11/site-packages/airflow/example_dags/example_latest_only.py
[2025-01-15T12:21:21.032+0800] {processor.py:914} INFO - Processing file /opt/anaconda3/envs/PyTorch/lib/python3.11/site-packages/airflow/example_dags/example_latest_only.py for tasks to queue
[2025-01-15T12:21:21.033+0800] {logging_mixin.py:190} INFO - [2025-01-15T12:21:21.033+0800] {dagbag.py:588} INFO - Filling up the DagBag from /opt/anaconda3/envs/PyTorch/lib/python3.11/site-packages/airflow/example_dags/example_latest_only.py
[2025-01-15T12:21:21.037+0800] {processor.py:925} INFO - DAG(s) 'latest_only' retrieved from /opt/anaconda3/envs/PyTorch/lib/python3.11/site-packages/airflow/example_dags/example_latest_only.py
[2025-01-15T12:21:21.072+0800] {logging_mixin.py:190} INFO - [2025-01-15T12:21:21.072+0800] {dag.py:3239} INFO - Sync 1 DAGs
[2025-01-15T12:21:21.079+0800] {logging_mixin.py:190} INFO - [2025-01-15T12:21:21.079+0800] {dag.py:4180} INFO - Setting next_dagrun for latest_only to 2025-01-15 00:00:00+00:00, run_after=2025-01-15 04:00:00+00:00
[2025-01-15T12:21:21.126+0800] {processor.py:208} INFO - Processing /opt/anaconda3/envs/PyTorch/lib/python3.11/site-packages/airflow/example_dags/example_latest_only.py took 0.097 seconds
[2025-01-15T12:24:25.869+0800] {processor.py:186} INFO - Started process (PID=33268) to work on /opt/anaconda3/envs/PyTorch/lib/python3.11/site-packages/airflow/example_dags/example_latest_only.py
[2025-01-15T12:24:25.871+0800] {processor.py:914} INFO - Processing file /opt/anaconda3/envs/PyTorch/lib/python3.11/site-packages/airflow/example_dags/example_latest_only.py for tasks to queue
[2025-01-15T12:24:25.871+0800] {logging_mixin.py:190} INFO - [2025-01-15T12:24:25.871+0800] {dagbag.py:588} INFO - Filling up the DagBag from /opt/anaconda3/envs/PyTorch/lib/python3.11/site-packages/airflow/example_dags/example_latest_only.py
[2025-01-15T12:24:25.875+0800] {processor.py:925} INFO - DAG(s) 'latest_only' retrieved from /opt/anaconda3/envs/PyTorch/lib/python3.11/site-packages/airflow/example_dags/example_latest_only.py
[2025-01-15T12:24:25.913+0800] {logging_mixin.py:190} INFO - [2025-01-15T12:24:25.912+0800] {dag.py:3239} INFO - Sync 1 DAGs
[2025-01-15T12:24:25.919+0800] {logging_mixin.py:190} INFO - [2025-01-15T12:24:25.919+0800] {dag.py:4180} INFO - Setting next_dagrun for latest_only to 2025-01-15 00:00:00+00:00, run_after=2025-01-15 04:00:00+00:00
[2025-01-15T12:24:25.963+0800] {processor.py:208} INFO - Processing /opt/anaconda3/envs/PyTorch/lib/python3.11/site-packages/airflow/example_dags/example_latest_only.py took 0.096 seconds
[2025-01-15T12:27:21.175+0800] {processor.py:186} INFO - Started process (PID=34830) to work on /opt/anaconda3/envs/PyTorch/lib/python3.11/site-packages/airflow/example_dags/example_latest_only.py
[2025-01-15T12:27:21.176+0800] {processor.py:914} INFO - Processing file /opt/anaconda3/envs/PyTorch/lib/python3.11/site-packages/airflow/example_dags/example_latest_only.py for tasks to queue
[2025-01-15T12:27:21.177+0800] {logging_mixin.py:190} INFO - [2025-01-15T12:27:21.176+0800] {dagbag.py:588} INFO - Filling up the DagBag from /opt/anaconda3/envs/PyTorch/lib/python3.11/site-packages/airflow/example_dags/example_latest_only.py
[2025-01-15T12:27:21.180+0800] {processor.py:925} INFO - DAG(s) 'latest_only' retrieved from /opt/anaconda3/envs/PyTorch/lib/python3.11/site-packages/airflow/example_dags/example_latest_only.py
[2025-01-15T12:27:21.220+0800] {logging_mixin.py:190} INFO - [2025-01-15T12:27:21.220+0800] {dag.py:3239} INFO - Sync 1 DAGs
[2025-01-15T12:27:21.227+0800] {logging_mixin.py:190} INFO - [2025-01-15T12:27:21.227+0800] {dag.py:4180} INFO - Setting next_dagrun for latest_only to 2025-01-15 00:00:00+00:00, run_after=2025-01-15 04:00:00+00:00
[2025-01-15T12:27:21.274+0800] {processor.py:208} INFO - Processing /opt/anaconda3/envs/PyTorch/lib/python3.11/site-packages/airflow/example_dags/example_latest_only.py took 0.101 seconds
[2025-01-15T12:30:17.826+0800] {processor.py:186} INFO - Started process (PID=36368) to work on /opt/anaconda3/envs/PyTorch/lib/python3.11/site-packages/airflow/example_dags/example_latest_only.py
[2025-01-15T12:30:17.827+0800] {processor.py:914} INFO - Processing file /opt/anaconda3/envs/PyTorch/lib/python3.11/site-packages/airflow/example_dags/example_latest_only.py for tasks to queue
[2025-01-15T12:30:17.828+0800] {logging_mixin.py:190} INFO - [2025-01-15T12:30:17.828+0800] {dagbag.py:588} INFO - Filling up the DagBag from /opt/anaconda3/envs/PyTorch/lib/python3.11/site-packages/airflow/example_dags/example_latest_only.py
[2025-01-15T12:30:17.831+0800] {processor.py:925} INFO - DAG(s) 'latest_only' retrieved from /opt/anaconda3/envs/PyTorch/lib/python3.11/site-packages/airflow/example_dags/example_latest_only.py
[2025-01-15T12:30:17.867+0800] {logging_mixin.py:190} INFO - [2025-01-15T12:30:17.867+0800] {dag.py:3239} INFO - Sync 1 DAGs
[2025-01-15T12:30:17.874+0800] {logging_mixin.py:190} INFO - [2025-01-15T12:30:17.873+0800] {dag.py:4180} INFO - Setting next_dagrun for latest_only to 2025-01-15 00:00:00+00:00, run_after=2025-01-15 04:00:00+00:00
[2025-01-15T12:30:17.918+0800] {processor.py:208} INFO - Processing /opt/anaconda3/envs/PyTorch/lib/python3.11/site-packages/airflow/example_dags/example_latest_only.py took 0.093 seconds
[2025-01-15T12:33:13.761+0800] {processor.py:186} INFO - Started process (PID=37895) to work on /opt/anaconda3/envs/PyTorch/lib/python3.11/site-packages/airflow/example_dags/example_latest_only.py
[2025-01-15T12:33:13.762+0800] {processor.py:914} INFO - Processing file /opt/anaconda3/envs/PyTorch/lib/python3.11/site-packages/airflow/example_dags/example_latest_only.py for tasks to queue
[2025-01-15T12:33:13.763+0800] {logging_mixin.py:190} INFO - [2025-01-15T12:33:13.763+0800] {dagbag.py:588} INFO - Filling up the DagBag from /opt/anaconda3/envs/PyTorch/lib/python3.11/site-packages/airflow/example_dags/example_latest_only.py
[2025-01-15T12:33:13.766+0800] {processor.py:925} INFO - DAG(s) 'latest_only' retrieved from /opt/anaconda3/envs/PyTorch/lib/python3.11/site-packages/airflow/example_dags/example_latest_only.py
[2025-01-15T12:33:13.801+0800] {logging_mixin.py:190} INFO - [2025-01-15T12:33:13.801+0800] {dag.py:3239} INFO - Sync 1 DAGs
[2025-01-15T12:33:13.808+0800] {logging_mixin.py:190} INFO - [2025-01-15T12:33:13.808+0800] {dag.py:4180} INFO - Setting next_dagrun for latest_only to 2025-01-15 00:00:00+00:00, run_after=2025-01-15 04:00:00+00:00
[2025-01-15T12:33:13.852+0800] {processor.py:208} INFO - Processing /opt/anaconda3/envs/PyTorch/lib/python3.11/site-packages/airflow/example_dags/example_latest_only.py took 0.093 seconds
[2025-01-15T12:36:11.982+0800] {processor.py:186} INFO - Started process (PID=39472) to work on /opt/anaconda3/envs/PyTorch/lib/python3.11/site-packages/airflow/example_dags/example_latest_only.py
[2025-01-15T12:36:11.983+0800] {processor.py:914} INFO - Processing file /opt/anaconda3/envs/PyTorch/lib/python3.11/site-packages/airflow/example_dags/example_latest_only.py for tasks to queue
[2025-01-15T12:36:11.984+0800] {logging_mixin.py:190} INFO - [2025-01-15T12:36:11.984+0800] {dagbag.py:588} INFO - Filling up the DagBag from /opt/anaconda3/envs/PyTorch/lib/python3.11/site-packages/airflow/example_dags/example_latest_only.py
[2025-01-15T12:36:11.987+0800] {processor.py:925} INFO - DAG(s) 'latest_only' retrieved from /opt/anaconda3/envs/PyTorch/lib/python3.11/site-packages/airflow/example_dags/example_latest_only.py
[2025-01-15T12:36:12.025+0800] {logging_mixin.py:190} INFO - [2025-01-15T12:36:12.025+0800] {dag.py:3239} INFO - Sync 1 DAGs
[2025-01-15T12:36:12.032+0800] {logging_mixin.py:190} INFO - [2025-01-15T12:36:12.032+0800] {dag.py:4180} INFO - Setting next_dagrun for latest_only to 2025-01-15 00:00:00+00:00, run_after=2025-01-15 04:00:00+00:00
[2025-01-15T12:36:12.075+0800] {processor.py:208} INFO - Processing /opt/anaconda3/envs/PyTorch/lib/python3.11/site-packages/airflow/example_dags/example_latest_only.py took 0.095 seconds
[2025-01-15T12:39:08.309+0800] {processor.py:186} INFO - Started process (PID=41027) to work on /opt/anaconda3/envs/PyTorch/lib/python3.11/site-packages/airflow/example_dags/example_latest_only.py
[2025-01-15T12:39:08.311+0800] {processor.py:914} INFO - Processing file /opt/anaconda3/envs/PyTorch/lib/python3.11/site-packages/airflow/example_dags/example_latest_only.py for tasks to queue
[2025-01-15T12:39:08.311+0800] {logging_mixin.py:190} INFO - [2025-01-15T12:39:08.311+0800] {dagbag.py:588} INFO - Filling up the DagBag from /opt/anaconda3/envs/PyTorch/lib/python3.11/site-packages/airflow/example_dags/example_latest_only.py
[2025-01-15T12:39:08.315+0800] {processor.py:925} INFO - DAG(s) 'latest_only' retrieved from /opt/anaconda3/envs/PyTorch/lib/python3.11/site-packages/airflow/example_dags/example_latest_only.py
[2025-01-15T12:39:08.352+0800] {logging_mixin.py:190} INFO - [2025-01-15T12:39:08.352+0800] {dag.py:3239} INFO - Sync 1 DAGs
[2025-01-15T12:39:08.359+0800] {logging_mixin.py:190} INFO - [2025-01-15T12:39:08.359+0800] {dag.py:4180} INFO - Setting next_dagrun for latest_only to 2025-01-15 00:00:00+00:00, run_after=2025-01-15 04:00:00+00:00
[2025-01-15T12:39:08.404+0800] {processor.py:208} INFO - Processing /opt/anaconda3/envs/PyTorch/lib/python3.11/site-packages/airflow/example_dags/example_latest_only.py took 0.096 seconds
[2025-01-15T12:42:06.639+0800] {processor.py:186} INFO - Started process (PID=42652) to work on /opt/anaconda3/envs/PyTorch/lib/python3.11/site-packages/airflow/example_dags/example_latest_only.py
[2025-01-15T12:42:06.640+0800] {processor.py:914} INFO - Processing file /opt/anaconda3/envs/PyTorch/lib/python3.11/site-packages/airflow/example_dags/example_latest_only.py for tasks to queue
[2025-01-15T12:42:06.641+0800] {logging_mixin.py:190} INFO - [2025-01-15T12:42:06.641+0800] {dagbag.py:588} INFO - Filling up the DagBag from /opt/anaconda3/envs/PyTorch/lib/python3.11/site-packages/airflow/example_dags/example_latest_only.py
[2025-01-15T12:42:06.645+0800] {processor.py:925} INFO - DAG(s) 'latest_only' retrieved from /opt/anaconda3/envs/PyTorch/lib/python3.11/site-packages/airflow/example_dags/example_latest_only.py
[2025-01-15T12:42:06.681+0800] {logging_mixin.py:190} INFO - [2025-01-15T12:42:06.681+0800] {dag.py:3239} INFO - Sync 1 DAGs
[2025-01-15T12:42:06.687+0800] {logging_mixin.py:190} INFO - [2025-01-15T12:42:06.687+0800] {dag.py:4180} INFO - Setting next_dagrun for latest_only to 2025-01-15 00:00:00+00:00, run_after=2025-01-15 04:00:00+00:00
[2025-01-15T12:42:06.733+0800] {processor.py:208} INFO - Processing /opt/anaconda3/envs/PyTorch/lib/python3.11/site-packages/airflow/example_dags/example_latest_only.py took 0.095 seconds
[2025-01-15T12:45:04.297+0800] {processor.py:186} INFO - Started process (PID=44223) to work on /opt/anaconda3/envs/PyTorch/lib/python3.11/site-packages/airflow/example_dags/example_latest_only.py
[2025-01-15T12:45:04.298+0800] {processor.py:914} INFO - Processing file /opt/anaconda3/envs/PyTorch/lib/python3.11/site-packages/airflow/example_dags/example_latest_only.py for tasks to queue
[2025-01-15T12:45:04.298+0800] {logging_mixin.py:190} INFO - [2025-01-15T12:45:04.298+0800] {dagbag.py:588} INFO - Filling up the DagBag from /opt/anaconda3/envs/PyTorch/lib/python3.11/site-packages/airflow/example_dags/example_latest_only.py
[2025-01-15T12:45:04.302+0800] {processor.py:925} INFO - DAG(s) 'latest_only' retrieved from /opt/anaconda3/envs/PyTorch/lib/python3.11/site-packages/airflow/example_dags/example_latest_only.py
[2025-01-15T12:45:04.339+0800] {logging_mixin.py:190} INFO - [2025-01-15T12:45:04.339+0800] {dag.py:3239} INFO - Sync 1 DAGs
[2025-01-15T12:45:04.346+0800] {logging_mixin.py:190} INFO - [2025-01-15T12:45:04.346+0800] {dag.py:4180} INFO - Setting next_dagrun for latest_only to 2025-01-15 00:00:00+00:00, run_after=2025-01-15 04:00:00+00:00
[2025-01-15T12:45:04.391+0800] {processor.py:208} INFO - Processing /opt/anaconda3/envs/PyTorch/lib/python3.11/site-packages/airflow/example_dags/example_latest_only.py took 0.096 seconds
[2025-01-15T12:48:03.902+0800] {processor.py:186} INFO - Started process (PID=45868) to work on /opt/anaconda3/envs/PyTorch/lib/python3.11/site-packages/airflow/example_dags/example_latest_only.py
[2025-01-15T12:48:03.903+0800] {processor.py:914} INFO - Processing file /opt/anaconda3/envs/PyTorch/lib/python3.11/site-packages/airflow/example_dags/example_latest_only.py for tasks to queue
[2025-01-15T12:48:03.904+0800] {logging_mixin.py:190} INFO - [2025-01-15T12:48:03.904+0800] {dagbag.py:588} INFO - Filling up the DagBag from /opt/anaconda3/envs/PyTorch/lib/python3.11/site-packages/airflow/example_dags/example_latest_only.py
[2025-01-15T12:48:03.908+0800] {processor.py:925} INFO - DAG(s) 'latest_only' retrieved from /opt/anaconda3/envs/PyTorch/lib/python3.11/site-packages/airflow/example_dags/example_latest_only.py
[2025-01-15T12:48:03.947+0800] {logging_mixin.py:190} INFO - [2025-01-15T12:48:03.947+0800] {dag.py:3239} INFO - Sync 1 DAGs
[2025-01-15T12:48:03.954+0800] {logging_mixin.py:190} INFO - [2025-01-15T12:48:03.954+0800] {dag.py:4180} INFO - Setting next_dagrun for latest_only to 2025-01-15 00:00:00+00:00, run_after=2025-01-15 04:00:00+00:00
[2025-01-15T12:48:04.006+0800] {processor.py:208} INFO - Processing /opt/anaconda3/envs/PyTorch/lib/python3.11/site-packages/airflow/example_dags/example_latest_only.py took 0.105 seconds
[2025-01-15T12:51:06.872+0800] {processor.py:186} INFO - Started process (PID=47503) to work on /opt/anaconda3/envs/PyTorch/lib/python3.11/site-packages/airflow/example_dags/example_latest_only.py
[2025-01-15T12:51:06.873+0800] {processor.py:914} INFO - Processing file /opt/anaconda3/envs/PyTorch/lib/python3.11/site-packages/airflow/example_dags/example_latest_only.py for tasks to queue
[2025-01-15T12:51:06.874+0800] {logging_mixin.py:190} INFO - [2025-01-15T12:51:06.874+0800] {dagbag.py:588} INFO - Filling up the DagBag from /opt/anaconda3/envs/PyTorch/lib/python3.11/site-packages/airflow/example_dags/example_latest_only.py
[2025-01-15T12:51:06.877+0800] {processor.py:925} INFO - DAG(s) 'latest_only' retrieved from /opt/anaconda3/envs/PyTorch/lib/python3.11/site-packages/airflow/example_dags/example_latest_only.py
[2025-01-15T12:51:06.913+0800] {logging_mixin.py:190} INFO - [2025-01-15T12:51:06.913+0800] {dag.py:3239} INFO - Sync 1 DAGs
[2025-01-15T12:51:06.919+0800] {logging_mixin.py:190} INFO - [2025-01-15T12:51:06.919+0800] {dag.py:4180} INFO - Setting next_dagrun for latest_only to 2025-01-15 00:00:00+00:00, run_after=2025-01-15 04:00:00+00:00
[2025-01-15T12:51:06.965+0800] {processor.py:208} INFO - Processing /opt/anaconda3/envs/PyTorch/lib/python3.11/site-packages/airflow/example_dags/example_latest_only.py took 0.094 seconds
[2025-01-15T12:54:04.082+0800] {processor.py:186} INFO - Started process (PID=49076) to work on /opt/anaconda3/envs/PyTorch/lib/python3.11/site-packages/airflow/example_dags/example_latest_only.py
[2025-01-15T12:54:04.083+0800] {processor.py:914} INFO - Processing file /opt/anaconda3/envs/PyTorch/lib/python3.11/site-packages/airflow/example_dags/example_latest_only.py for tasks to queue
[2025-01-15T12:54:04.084+0800] {logging_mixin.py:190} INFO - [2025-01-15T12:54:04.084+0800] {dagbag.py:588} INFO - Filling up the DagBag from /opt/anaconda3/envs/PyTorch/lib/python3.11/site-packages/airflow/example_dags/example_latest_only.py
[2025-01-15T12:54:04.088+0800] {processor.py:925} INFO - DAG(s) 'latest_only' retrieved from /opt/anaconda3/envs/PyTorch/lib/python3.11/site-packages/airflow/example_dags/example_latest_only.py
[2025-01-15T12:54:04.124+0800] {logging_mixin.py:190} INFO - [2025-01-15T12:54:04.124+0800] {dag.py:3239} INFO - Sync 1 DAGs
[2025-01-15T12:54:04.131+0800] {logging_mixin.py:190} INFO - [2025-01-15T12:54:04.131+0800] {dag.py:4180} INFO - Setting next_dagrun for latest_only to 2025-01-15 00:00:00+00:00, run_after=2025-01-15 04:00:00+00:00
[2025-01-15T12:54:04.174+0800] {processor.py:208} INFO - Processing /opt/anaconda3/envs/PyTorch/lib/python3.11/site-packages/airflow/example_dags/example_latest_only.py took 0.094 seconds
[2025-01-15T12:57:08.984+0800] {processor.py:186} INFO - Started process (PID=50754) to work on /opt/anaconda3/envs/PyTorch/lib/python3.11/site-packages/airflow/example_dags/example_latest_only.py
[2025-01-15T12:57:08.986+0800] {processor.py:914} INFO - Processing file /opt/anaconda3/envs/PyTorch/lib/python3.11/site-packages/airflow/example_dags/example_latest_only.py for tasks to queue
[2025-01-15T12:57:08.986+0800] {logging_mixin.py:190} INFO - [2025-01-15T12:57:08.986+0800] {dagbag.py:588} INFO - Filling up the DagBag from /opt/anaconda3/envs/PyTorch/lib/python3.11/site-packages/airflow/example_dags/example_latest_only.py
[2025-01-15T12:57:08.990+0800] {processor.py:925} INFO - DAG(s) 'latest_only' retrieved from /opt/anaconda3/envs/PyTorch/lib/python3.11/site-packages/airflow/example_dags/example_latest_only.py
[2025-01-15T12:57:09.028+0800] {logging_mixin.py:190} INFO - [2025-01-15T12:57:09.027+0800] {dag.py:3239} INFO - Sync 1 DAGs
[2025-01-15T12:57:09.034+0800] {logging_mixin.py:190} INFO - [2025-01-15T12:57:09.034+0800] {dag.py:4180} INFO - Setting next_dagrun for latest_only to 2025-01-15 00:00:00+00:00, run_after=2025-01-15 04:00:00+00:00
[2025-01-15T12:57:09.079+0800] {processor.py:208} INFO - Processing /opt/anaconda3/envs/PyTorch/lib/python3.11/site-packages/airflow/example_dags/example_latest_only.py took 0.097 seconds
[2025-01-15T13:00:11.114+0800] {processor.py:186} INFO - Started process (PID=52407) to work on /opt/anaconda3/envs/PyTorch/lib/python3.11/site-packages/airflow/example_dags/example_latest_only.py
[2025-01-15T13:00:11.115+0800] {processor.py:914} INFO - Processing file /opt/anaconda3/envs/PyTorch/lib/python3.11/site-packages/airflow/example_dags/example_latest_only.py for tasks to queue
[2025-01-15T13:00:11.116+0800] {logging_mixin.py:190} INFO - [2025-01-15T13:00:11.115+0800] {dagbag.py:588} INFO - Filling up the DagBag from /opt/anaconda3/envs/PyTorch/lib/python3.11/site-packages/airflow/example_dags/example_latest_only.py
[2025-01-15T13:00:11.119+0800] {processor.py:925} INFO - DAG(s) 'latest_only' retrieved from /opt/anaconda3/envs/PyTorch/lib/python3.11/site-packages/airflow/example_dags/example_latest_only.py
[2025-01-15T13:00:11.158+0800] {logging_mixin.py:190} INFO - [2025-01-15T13:00:11.158+0800] {dag.py:3239} INFO - Sync 1 DAGs
[2025-01-15T13:00:11.165+0800] {logging_mixin.py:190} INFO - [2025-01-15T13:00:11.165+0800] {dag.py:4180} INFO - Setting next_dagrun for latest_only to 2025-01-15 00:00:00+00:00, run_after=2025-01-15 04:00:00+00:00
[2025-01-15T13:00:11.212+0800] {processor.py:208} INFO - Processing /opt/anaconda3/envs/PyTorch/lib/python3.11/site-packages/airflow/example_dags/example_latest_only.py took 0.099 seconds
[2025-01-15T13:03:13.933+0800] {processor.py:186} INFO - Started process (PID=54020) to work on /opt/anaconda3/envs/PyTorch/lib/python3.11/site-packages/airflow/example_dags/example_latest_only.py
[2025-01-15T13:03:13.936+0800] {processor.py:914} INFO - Processing file /opt/anaconda3/envs/PyTorch/lib/python3.11/site-packages/airflow/example_dags/example_latest_only.py for tasks to queue
[2025-01-15T13:03:13.937+0800] {logging_mixin.py:190} INFO - [2025-01-15T13:03:13.936+0800] {dagbag.py:588} INFO - Filling up the DagBag from /opt/anaconda3/envs/PyTorch/lib/python3.11/site-packages/airflow/example_dags/example_latest_only.py
[2025-01-15T13:03:13.940+0800] {processor.py:925} INFO - DAG(s) 'latest_only' retrieved from /opt/anaconda3/envs/PyTorch/lib/python3.11/site-packages/airflow/example_dags/example_latest_only.py
[2025-01-15T13:03:13.986+0800] {logging_mixin.py:190} INFO - [2025-01-15T13:03:13.986+0800] {dag.py:3239} INFO - Sync 1 DAGs
[2025-01-15T13:03:13.995+0800] {logging_mixin.py:190} INFO - [2025-01-15T13:03:13.994+0800] {dag.py:4180} INFO - Setting next_dagrun for latest_only to 2025-01-15 00:00:00+00:00, run_after=2025-01-15 04:00:00+00:00
[2025-01-15T13:03:14.047+0800] {processor.py:208} INFO - Processing /opt/anaconda3/envs/PyTorch/lib/python3.11/site-packages/airflow/example_dags/example_latest_only.py took 0.116 seconds
[2025-01-15T13:06:21.002+0800] {processor.py:186} INFO - Started process (PID=55763) to work on /opt/anaconda3/envs/PyTorch/lib/python3.11/site-packages/airflow/example_dags/example_latest_only.py
[2025-01-15T13:06:21.003+0800] {processor.py:914} INFO - Processing file /opt/anaconda3/envs/PyTorch/lib/python3.11/site-packages/airflow/example_dags/example_latest_only.py for tasks to queue
[2025-01-15T13:06:21.004+0800] {logging_mixin.py:190} INFO - [2025-01-15T13:06:21.004+0800] {dagbag.py:588} INFO - Filling up the DagBag from /opt/anaconda3/envs/PyTorch/lib/python3.11/site-packages/airflow/example_dags/example_latest_only.py
[2025-01-15T13:06:21.008+0800] {processor.py:925} INFO - DAG(s) 'latest_only' retrieved from /opt/anaconda3/envs/PyTorch/lib/python3.11/site-packages/airflow/example_dags/example_latest_only.py
[2025-01-15T13:06:21.049+0800] {logging_mixin.py:190} INFO - [2025-01-15T13:06:21.049+0800] {dag.py:3239} INFO - Sync 1 DAGs
[2025-01-15T13:06:21.057+0800] {logging_mixin.py:190} INFO - [2025-01-15T13:06:21.057+0800] {dag.py:4180} INFO - Setting next_dagrun for latest_only to 2025-01-15 00:00:00+00:00, run_after=2025-01-15 04:00:00+00:00
[2025-01-15T13:06:21.102+0800] {processor.py:208} INFO - Processing /opt/anaconda3/envs/PyTorch/lib/python3.11/site-packages/airflow/example_dags/example_latest_only.py took 0.103 seconds
[2025-01-15T13:09:27.845+0800] {processor.py:186} INFO - Started process (PID=57557) to work on /opt/anaconda3/envs/PyTorch/lib/python3.11/site-packages/airflow/example_dags/example_latest_only.py
[2025-01-15T13:09:27.846+0800] {processor.py:914} INFO - Processing file /opt/anaconda3/envs/PyTorch/lib/python3.11/site-packages/airflow/example_dags/example_latest_only.py for tasks to queue
[2025-01-15T13:09:27.847+0800] {logging_mixin.py:190} INFO - [2025-01-15T13:09:27.847+0800] {dagbag.py:588} INFO - Filling up the DagBag from /opt/anaconda3/envs/PyTorch/lib/python3.11/site-packages/airflow/example_dags/example_latest_only.py
[2025-01-15T13:09:27.850+0800] {processor.py:925} INFO - DAG(s) 'latest_only' retrieved from /opt/anaconda3/envs/PyTorch/lib/python3.11/site-packages/airflow/example_dags/example_latest_only.py
[2025-01-15T13:09:27.887+0800] {logging_mixin.py:190} INFO - [2025-01-15T13:09:27.887+0800] {dag.py:3239} INFO - Sync 1 DAGs
[2025-01-15T13:09:27.894+0800] {logging_mixin.py:190} INFO - [2025-01-15T13:09:27.894+0800] {dag.py:4180} INFO - Setting next_dagrun for latest_only to 2025-01-15 00:00:00+00:00, run_after=2025-01-15 04:00:00+00:00
[2025-01-15T13:09:27.938+0800] {processor.py:208} INFO - Processing /opt/anaconda3/envs/PyTorch/lib/python3.11/site-packages/airflow/example_dags/example_latest_only.py took 0.095 seconds
[2025-01-15T13:12:29.721+0800] {processor.py:186} INFO - Started process (PID=59230) to work on /opt/anaconda3/envs/PyTorch/lib/python3.11/site-packages/airflow/example_dags/example_latest_only.py
[2025-01-15T13:12:29.723+0800] {processor.py:914} INFO - Processing file /opt/anaconda3/envs/PyTorch/lib/python3.11/site-packages/airflow/example_dags/example_latest_only.py for tasks to queue
[2025-01-15T13:12:29.723+0800] {logging_mixin.py:190} INFO - [2025-01-15T13:12:29.723+0800] {dagbag.py:588} INFO - Filling up the DagBag from /opt/anaconda3/envs/PyTorch/lib/python3.11/site-packages/airflow/example_dags/example_latest_only.py
[2025-01-15T13:12:29.727+0800] {processor.py:925} INFO - DAG(s) 'latest_only' retrieved from /opt/anaconda3/envs/PyTorch/lib/python3.11/site-packages/airflow/example_dags/example_latest_only.py
[2025-01-15T13:12:29.762+0800] {logging_mixin.py:190} INFO - [2025-01-15T13:12:29.762+0800] {dag.py:3239} INFO - Sync 1 DAGs
[2025-01-15T13:12:29.770+0800] {logging_mixin.py:190} INFO - [2025-01-15T13:12:29.770+0800] {dag.py:4180} INFO - Setting next_dagrun for latest_only to 2025-01-15 00:00:00+00:00, run_after=2025-01-15 04:00:00+00:00
[2025-01-15T13:12:29.815+0800] {processor.py:208} INFO - Processing /opt/anaconda3/envs/PyTorch/lib/python3.11/site-packages/airflow/example_dags/example_latest_only.py took 0.096 seconds
[2025-01-15T13:15:31.188+0800] {processor.py:186} INFO - Started process (PID=60852) to work on /opt/anaconda3/envs/PyTorch/lib/python3.11/site-packages/airflow/example_dags/example_latest_only.py
[2025-01-15T13:15:31.190+0800] {processor.py:914} INFO - Processing file /opt/anaconda3/envs/PyTorch/lib/python3.11/site-packages/airflow/example_dags/example_latest_only.py for tasks to queue
[2025-01-15T13:15:31.190+0800] {logging_mixin.py:190} INFO - [2025-01-15T13:15:31.190+0800] {dagbag.py:588} INFO - Filling up the DagBag from /opt/anaconda3/envs/PyTorch/lib/python3.11/site-packages/airflow/example_dags/example_latest_only.py
[2025-01-15T13:15:31.194+0800] {processor.py:925} INFO - DAG(s) 'latest_only' retrieved from /opt/anaconda3/envs/PyTorch/lib/python3.11/site-packages/airflow/example_dags/example_latest_only.py
[2025-01-15T13:15:31.230+0800] {logging_mixin.py:190} INFO - [2025-01-15T13:15:31.229+0800] {dag.py:3239} INFO - Sync 1 DAGs
[2025-01-15T13:15:31.236+0800] {logging_mixin.py:190} INFO - [2025-01-15T13:15:31.236+0800] {dag.py:4180} INFO - Setting next_dagrun for latest_only to 2025-01-15 00:00:00+00:00, run_after=2025-01-15 04:00:00+00:00
[2025-01-15T13:15:31.282+0800] {processor.py:208} INFO - Processing /opt/anaconda3/envs/PyTorch/lib/python3.11/site-packages/airflow/example_dags/example_latest_only.py took 0.096 seconds
[2025-01-15T13:18:34.982+0800] {processor.py:186} INFO - Started process (PID=62493) to work on /opt/anaconda3/envs/PyTorch/lib/python3.11/site-packages/airflow/example_dags/example_latest_only.py
[2025-01-15T13:18:34.983+0800] {processor.py:914} INFO - Processing file /opt/anaconda3/envs/PyTorch/lib/python3.11/site-packages/airflow/example_dags/example_latest_only.py for tasks to queue
[2025-01-15T13:18:34.983+0800] {logging_mixin.py:190} INFO - [2025-01-15T13:18:34.983+0800] {dagbag.py:588} INFO - Filling up the DagBag from /opt/anaconda3/envs/PyTorch/lib/python3.11/site-packages/airflow/example_dags/example_latest_only.py
[2025-01-15T13:18:34.987+0800] {processor.py:925} INFO - DAG(s) 'latest_only' retrieved from /opt/anaconda3/envs/PyTorch/lib/python3.11/site-packages/airflow/example_dags/example_latest_only.py
[2025-01-15T13:18:35.026+0800] {logging_mixin.py:190} INFO - [2025-01-15T13:18:35.026+0800] {dag.py:3239} INFO - Sync 1 DAGs
[2025-01-15T13:18:35.034+0800] {logging_mixin.py:190} INFO - [2025-01-15T13:18:35.034+0800] {dag.py:4180} INFO - Setting next_dagrun for latest_only to 2025-01-15 00:00:00+00:00, run_after=2025-01-15 04:00:00+00:00
[2025-01-15T13:18:35.081+0800] {processor.py:208} INFO - Processing /opt/anaconda3/envs/PyTorch/lib/python3.11/site-packages/airflow/example_dags/example_latest_only.py took 0.101 seconds
[2025-01-15T13:21:49.182+0800] {processor.py:186} INFO - Started process (PID=64296) to work on /opt/anaconda3/envs/PyTorch/lib/python3.11/site-packages/airflow/example_dags/example_latest_only.py
[2025-01-15T13:21:49.182+0800] {processor.py:914} INFO - Processing file /opt/anaconda3/envs/PyTorch/lib/python3.11/site-packages/airflow/example_dags/example_latest_only.py for tasks to queue
[2025-01-15T13:21:49.183+0800] {logging_mixin.py:190} INFO - [2025-01-15T13:21:49.183+0800] {dagbag.py:588} INFO - Filling up the DagBag from /opt/anaconda3/envs/PyTorch/lib/python3.11/site-packages/airflow/example_dags/example_latest_only.py
[2025-01-15T13:21:49.187+0800] {processor.py:925} INFO - DAG(s) 'latest_only' retrieved from /opt/anaconda3/envs/PyTorch/lib/python3.11/site-packages/airflow/example_dags/example_latest_only.py
[2025-01-15T13:21:49.224+0800] {logging_mixin.py:190} INFO - [2025-01-15T13:21:49.224+0800] {dag.py:3239} INFO - Sync 1 DAGs
[2025-01-15T13:21:49.231+0800] {logging_mixin.py:190} INFO - [2025-01-15T13:21:49.230+0800] {dag.py:4180} INFO - Setting next_dagrun for latest_only to 2025-01-15 00:00:00+00:00, run_after=2025-01-15 04:00:00+00:00
[2025-01-15T13:21:49.280+0800] {processor.py:208} INFO - Processing /opt/anaconda3/envs/PyTorch/lib/python3.11/site-packages/airflow/example_dags/example_latest_only.py took 0.101 seconds
[2025-01-15T13:24:54.868+0800] {processor.py:186} INFO - Started process (PID=65950) to work on /opt/anaconda3/envs/PyTorch/lib/python3.11/site-packages/airflow/example_dags/example_latest_only.py
[2025-01-15T13:24:54.870+0800] {processor.py:914} INFO - Processing file /opt/anaconda3/envs/PyTorch/lib/python3.11/site-packages/airflow/example_dags/example_latest_only.py for tasks to queue
[2025-01-15T13:24:54.871+0800] {logging_mixin.py:190} INFO - [2025-01-15T13:24:54.871+0800] {dagbag.py:588} INFO - Filling up the DagBag from /opt/anaconda3/envs/PyTorch/lib/python3.11/site-packages/airflow/example_dags/example_latest_only.py
[2025-01-15T13:24:54.875+0800] {processor.py:925} INFO - DAG(s) 'latest_only' retrieved from /opt/anaconda3/envs/PyTorch/lib/python3.11/site-packages/airflow/example_dags/example_latest_only.py
[2025-01-15T13:24:54.913+0800] {logging_mixin.py:190} INFO - [2025-01-15T13:24:54.913+0800] {dag.py:3239} INFO - Sync 1 DAGs
[2025-01-15T13:24:54.920+0800] {logging_mixin.py:190} INFO - [2025-01-15T13:24:54.920+0800] {dag.py:4180} INFO - Setting next_dagrun for latest_only to 2025-01-15 00:00:00+00:00, run_after=2025-01-15 04:00:00+00:00
[2025-01-15T13:24:54.965+0800] {processor.py:208} INFO - Processing /opt/anaconda3/envs/PyTorch/lib/python3.11/site-packages/airflow/example_dags/example_latest_only.py took 0.099 seconds
[2025-01-15T13:27:58.454+0800] {processor.py:186} INFO - Started process (PID=67561) to work on /opt/anaconda3/envs/PyTorch/lib/python3.11/site-packages/airflow/example_dags/example_latest_only.py
[2025-01-15T13:27:58.455+0800] {processor.py:914} INFO - Processing file /opt/anaconda3/envs/PyTorch/lib/python3.11/site-packages/airflow/example_dags/example_latest_only.py for tasks to queue
[2025-01-15T13:27:58.455+0800] {logging_mixin.py:190} INFO - [2025-01-15T13:27:58.455+0800] {dagbag.py:588} INFO - Filling up the DagBag from /opt/anaconda3/envs/PyTorch/lib/python3.11/site-packages/airflow/example_dags/example_latest_only.py
[2025-01-15T13:27:58.458+0800] {processor.py:925} INFO - DAG(s) 'latest_only' retrieved from /opt/anaconda3/envs/PyTorch/lib/python3.11/site-packages/airflow/example_dags/example_latest_only.py
[2025-01-15T13:27:58.495+0800] {logging_mixin.py:190} INFO - [2025-01-15T13:27:58.495+0800] {dag.py:3239} INFO - Sync 1 DAGs
[2025-01-15T13:27:58.502+0800] {logging_mixin.py:190} INFO - [2025-01-15T13:27:58.502+0800] {dag.py:4180} INFO - Setting next_dagrun for latest_only to 2025-01-15 00:00:00+00:00, run_after=2025-01-15 04:00:00+00:00
[2025-01-15T13:27:58.549+0800] {processor.py:208} INFO - Processing /opt/anaconda3/envs/PyTorch/lib/python3.11/site-packages/airflow/example_dags/example_latest_only.py took 0.097 seconds
[2025-01-15T13:31:07.182+0800] {processor.py:186} INFO - Started process (PID=69290) to work on /opt/anaconda3/envs/PyTorch/lib/python3.11/site-packages/airflow/example_dags/example_latest_only.py
[2025-01-15T13:31:07.184+0800] {processor.py:914} INFO - Processing file /opt/anaconda3/envs/PyTorch/lib/python3.11/site-packages/airflow/example_dags/example_latest_only.py for tasks to queue
[2025-01-15T13:31:07.185+0800] {logging_mixin.py:190} INFO - [2025-01-15T13:31:07.184+0800] {dagbag.py:588} INFO - Filling up the DagBag from /opt/anaconda3/envs/PyTorch/lib/python3.11/site-packages/airflow/example_dags/example_latest_only.py
[2025-01-15T13:31:07.188+0800] {processor.py:925} INFO - DAG(s) 'latest_only' retrieved from /opt/anaconda3/envs/PyTorch/lib/python3.11/site-packages/airflow/example_dags/example_latest_only.py
[2025-01-15T13:31:07.224+0800] {logging_mixin.py:190} INFO - [2025-01-15T13:31:07.224+0800] {dag.py:3239} INFO - Sync 1 DAGs
[2025-01-15T13:31:07.231+0800] {logging_mixin.py:190} INFO - [2025-01-15T13:31:07.231+0800] {dag.py:4180} INFO - Setting next_dagrun for latest_only to 2025-01-15 00:00:00+00:00, run_after=2025-01-15 04:00:00+00:00
[2025-01-15T13:31:07.278+0800] {processor.py:208} INFO - Processing /opt/anaconda3/envs/PyTorch/lib/python3.11/site-packages/airflow/example_dags/example_latest_only.py took 0.097 seconds
[2025-01-15T13:34:17.398+0800] {processor.py:186} INFO - Started process (PID=70979) to work on /opt/anaconda3/envs/PyTorch/lib/python3.11/site-packages/airflow/example_dags/example_latest_only.py
[2025-01-15T13:34:17.400+0800] {processor.py:914} INFO - Processing file /opt/anaconda3/envs/PyTorch/lib/python3.11/site-packages/airflow/example_dags/example_latest_only.py for tasks to queue
[2025-01-15T13:34:17.400+0800] {logging_mixin.py:190} INFO - [2025-01-15T13:34:17.400+0800] {dagbag.py:588} INFO - Filling up the DagBag from /opt/anaconda3/envs/PyTorch/lib/python3.11/site-packages/airflow/example_dags/example_latest_only.py
[2025-01-15T13:34:17.404+0800] {processor.py:925} INFO - DAG(s) 'latest_only' retrieved from /opt/anaconda3/envs/PyTorch/lib/python3.11/site-packages/airflow/example_dags/example_latest_only.py
[2025-01-15T13:34:17.440+0800] {logging_mixin.py:190} INFO - [2025-01-15T13:34:17.440+0800] {dag.py:3239} INFO - Sync 1 DAGs
[2025-01-15T13:34:17.446+0800] {logging_mixin.py:190} INFO - [2025-01-15T13:34:17.446+0800] {dag.py:4180} INFO - Setting next_dagrun for latest_only to 2025-01-15 00:00:00+00:00, run_after=2025-01-15 04:00:00+00:00
[2025-01-15T13:34:17.492+0800] {processor.py:208} INFO - Processing /opt/anaconda3/envs/PyTorch/lib/python3.11/site-packages/airflow/example_dags/example_latest_only.py took 0.095 seconds
[2025-01-15T13:37:26.703+0800] {processor.py:186} INFO - Started process (PID=72730) to work on /opt/anaconda3/envs/PyTorch/lib/python3.11/site-packages/airflow/example_dags/example_latest_only.py
[2025-01-15T13:37:26.704+0800] {processor.py:914} INFO - Processing file /opt/anaconda3/envs/PyTorch/lib/python3.11/site-packages/airflow/example_dags/example_latest_only.py for tasks to queue
[2025-01-15T13:37:26.705+0800] {logging_mixin.py:190} INFO - [2025-01-15T13:37:26.705+0800] {dagbag.py:588} INFO - Filling up the DagBag from /opt/anaconda3/envs/PyTorch/lib/python3.11/site-packages/airflow/example_dags/example_latest_only.py
[2025-01-15T13:37:26.708+0800] {processor.py:925} INFO - DAG(s) 'latest_only' retrieved from /opt/anaconda3/envs/PyTorch/lib/python3.11/site-packages/airflow/example_dags/example_latest_only.py
[2025-01-15T13:37:26.745+0800] {logging_mixin.py:190} INFO - [2025-01-15T13:37:26.745+0800] {dag.py:3239} INFO - Sync 1 DAGs
[2025-01-15T13:37:26.752+0800] {logging_mixin.py:190} INFO - [2025-01-15T13:37:26.751+0800] {dag.py:4180} INFO - Setting next_dagrun for latest_only to 2025-01-15 00:00:00+00:00, run_after=2025-01-15 04:00:00+00:00
[2025-01-15T13:37:26.797+0800] {processor.py:208} INFO - Processing /opt/anaconda3/envs/PyTorch/lib/python3.11/site-packages/airflow/example_dags/example_latest_only.py took 0.096 seconds
[2025-01-15T13:40:33.906+0800] {processor.py:186} INFO - Started process (PID=74483) to work on /opt/anaconda3/envs/PyTorch/lib/python3.11/site-packages/airflow/example_dags/example_latest_only.py
[2025-01-15T13:40:33.908+0800] {processor.py:914} INFO - Processing file /opt/anaconda3/envs/PyTorch/lib/python3.11/site-packages/airflow/example_dags/example_latest_only.py for tasks to queue
[2025-01-15T13:40:33.908+0800] {logging_mixin.py:190} INFO - [2025-01-15T13:40:33.908+0800] {dagbag.py:588} INFO - Filling up the DagBag from /opt/anaconda3/envs/PyTorch/lib/python3.11/site-packages/airflow/example_dags/example_latest_only.py
[2025-01-15T13:40:33.912+0800] {processor.py:925} INFO - DAG(s) 'latest_only' retrieved from /opt/anaconda3/envs/PyTorch/lib/python3.11/site-packages/airflow/example_dags/example_latest_only.py
[2025-01-15T13:40:33.947+0800] {logging_mixin.py:190} INFO - [2025-01-15T13:40:33.947+0800] {dag.py:3239} INFO - Sync 1 DAGs
[2025-01-15T13:40:33.953+0800] {logging_mixin.py:190} INFO - [2025-01-15T13:40:33.953+0800] {dag.py:4180} INFO - Setting next_dagrun for latest_only to 2025-01-15 00:00:00+00:00, run_after=2025-01-15 04:00:00+00:00
[2025-01-15T13:40:33.997+0800] {processor.py:208} INFO - Processing /opt/anaconda3/envs/PyTorch/lib/python3.11/site-packages/airflow/example_dags/example_latest_only.py took 0.092 seconds
[2025-01-15T13:43:35.130+0800] {processor.py:186} INFO - Started process (PID=76131) to work on /opt/anaconda3/envs/PyTorch/lib/python3.11/site-packages/airflow/example_dags/example_latest_only.py
[2025-01-15T13:43:35.130+0800] {processor.py:914} INFO - Processing file /opt/anaconda3/envs/PyTorch/lib/python3.11/site-packages/airflow/example_dags/example_latest_only.py for tasks to queue
[2025-01-15T13:43:35.131+0800] {logging_mixin.py:190} INFO - [2025-01-15T13:43:35.131+0800] {dagbag.py:588} INFO - Filling up the DagBag from /opt/anaconda3/envs/PyTorch/lib/python3.11/site-packages/airflow/example_dags/example_latest_only.py
[2025-01-15T13:43:35.135+0800] {processor.py:925} INFO - DAG(s) 'latest_only' retrieved from /opt/anaconda3/envs/PyTorch/lib/python3.11/site-packages/airflow/example_dags/example_latest_only.py
[2025-01-15T13:43:35.172+0800] {logging_mixin.py:190} INFO - [2025-01-15T13:43:35.172+0800] {dag.py:3239} INFO - Sync 1 DAGs
[2025-01-15T13:43:35.178+0800] {logging_mixin.py:190} INFO - [2025-01-15T13:43:35.178+0800] {dag.py:4180} INFO - Setting next_dagrun for latest_only to 2025-01-15 00:00:00+00:00, run_after=2025-01-15 04:00:00+00:00
[2025-01-15T13:43:35.224+0800] {processor.py:208} INFO - Processing /opt/anaconda3/envs/PyTorch/lib/python3.11/site-packages/airflow/example_dags/example_latest_only.py took 0.096 seconds
[2025-01-15T13:46:40.358+0800] {processor.py:186} INFO - Started process (PID=77927) to work on /opt/anaconda3/envs/PyTorch/lib/python3.11/site-packages/airflow/example_dags/example_latest_only.py
[2025-01-15T13:46:40.359+0800] {processor.py:914} INFO - Processing file /opt/anaconda3/envs/PyTorch/lib/python3.11/site-packages/airflow/example_dags/example_latest_only.py for tasks to queue
[2025-01-15T13:46:40.360+0800] {logging_mixin.py:190} INFO - [2025-01-15T13:46:40.360+0800] {dagbag.py:588} INFO - Filling up the DagBag from /opt/anaconda3/envs/PyTorch/lib/python3.11/site-packages/airflow/example_dags/example_latest_only.py
[2025-01-15T13:46:40.363+0800] {processor.py:925} INFO - DAG(s) 'latest_only' retrieved from /opt/anaconda3/envs/PyTorch/lib/python3.11/site-packages/airflow/example_dags/example_latest_only.py
[2025-01-15T13:46:40.399+0800] {logging_mixin.py:190} INFO - [2025-01-15T13:46:40.399+0800] {dag.py:3239} INFO - Sync 1 DAGs
[2025-01-15T13:46:40.406+0800] {logging_mixin.py:190} INFO - [2025-01-15T13:46:40.406+0800] {dag.py:4180} INFO - Setting next_dagrun for latest_only to 2025-01-15 00:00:00+00:00, run_after=2025-01-15 04:00:00+00:00
[2025-01-15T13:46:40.451+0800] {processor.py:208} INFO - Processing /opt/anaconda3/envs/PyTorch/lib/python3.11/site-packages/airflow/example_dags/example_latest_only.py took 0.095 seconds
[2025-01-15T13:49:46.277+0800] {processor.py:186} INFO - Started process (PID=79680) to work on /opt/anaconda3/envs/PyTorch/lib/python3.11/site-packages/airflow/example_dags/example_latest_only.py
[2025-01-15T13:49:46.278+0800] {processor.py:914} INFO - Processing file /opt/anaconda3/envs/PyTorch/lib/python3.11/site-packages/airflow/example_dags/example_latest_only.py for tasks to queue
[2025-01-15T13:49:46.278+0800] {logging_mixin.py:190} INFO - [2025-01-15T13:49:46.278+0800] {dagbag.py:588} INFO - Filling up the DagBag from /opt/anaconda3/envs/PyTorch/lib/python3.11/site-packages/airflow/example_dags/example_latest_only.py
[2025-01-15T13:49:46.282+0800] {processor.py:925} INFO - DAG(s) 'latest_only' retrieved from /opt/anaconda3/envs/PyTorch/lib/python3.11/site-packages/airflow/example_dags/example_latest_only.py
[2025-01-15T13:49:46.318+0800] {logging_mixin.py:190} INFO - [2025-01-15T13:49:46.318+0800] {dag.py:3239} INFO - Sync 1 DAGs
[2025-01-15T13:49:46.327+0800] {logging_mixin.py:190} INFO - [2025-01-15T13:49:46.327+0800] {dag.py:4180} INFO - Setting next_dagrun for latest_only to 2025-01-15 00:00:00+00:00, run_after=2025-01-15 04:00:00+00:00
[2025-01-15T13:49:46.375+0800] {processor.py:208} INFO - Processing /opt/anaconda3/envs/PyTorch/lib/python3.11/site-packages/airflow/example_dags/example_latest_only.py took 0.100 seconds
[2025-01-15T13:52:53.873+0800] {processor.py:186} INFO - Started process (PID=81450) to work on /opt/anaconda3/envs/PyTorch/lib/python3.11/site-packages/airflow/example_dags/example_latest_only.py
[2025-01-15T13:52:53.874+0800] {processor.py:914} INFO - Processing file /opt/anaconda3/envs/PyTorch/lib/python3.11/site-packages/airflow/example_dags/example_latest_only.py for tasks to queue
[2025-01-15T13:52:53.875+0800] {logging_mixin.py:190} INFO - [2025-01-15T13:52:53.875+0800] {dagbag.py:588} INFO - Filling up the DagBag from /opt/anaconda3/envs/PyTorch/lib/python3.11/site-packages/airflow/example_dags/example_latest_only.py
[2025-01-15T13:52:53.878+0800] {processor.py:925} INFO - DAG(s) 'latest_only' retrieved from /opt/anaconda3/envs/PyTorch/lib/python3.11/site-packages/airflow/example_dags/example_latest_only.py
[2025-01-15T13:52:53.916+0800] {logging_mixin.py:190} INFO - [2025-01-15T13:52:53.915+0800] {dag.py:3239} INFO - Sync 1 DAGs
[2025-01-15T13:52:53.923+0800] {logging_mixin.py:190} INFO - [2025-01-15T13:52:53.922+0800] {dag.py:4180} INFO - Setting next_dagrun for latest_only to 2025-01-15 00:00:00+00:00, run_after=2025-01-15 04:00:00+00:00
[2025-01-15T13:52:53.969+0800] {processor.py:208} INFO - Processing /opt/anaconda3/envs/PyTorch/lib/python3.11/site-packages/airflow/example_dags/example_latest_only.py took 0.098 seconds
[2025-01-15T13:57:06.072+0800] {processor.py:186} INFO - Started process (PID=83791) to work on /opt/anaconda3/envs/PyTorch/lib/python3.11/site-packages/airflow/example_dags/example_latest_only.py
[2025-01-15T13:57:06.073+0800] {processor.py:914} INFO - Processing file /opt/anaconda3/envs/PyTorch/lib/python3.11/site-packages/airflow/example_dags/example_latest_only.py for tasks to queue
[2025-01-15T13:57:06.074+0800] {logging_mixin.py:190} INFO - [2025-01-15T13:57:06.073+0800] {dagbag.py:588} INFO - Filling up the DagBag from /opt/anaconda3/envs/PyTorch/lib/python3.11/site-packages/airflow/example_dags/example_latest_only.py
[2025-01-15T13:57:06.077+0800] {processor.py:925} INFO - DAG(s) 'latest_only' retrieved from /opt/anaconda3/envs/PyTorch/lib/python3.11/site-packages/airflow/example_dags/example_latest_only.py
[2025-01-15T13:57:06.117+0800] {logging_mixin.py:190} INFO - [2025-01-15T13:57:06.116+0800] {dag.py:3239} INFO - Sync 1 DAGs
[2025-01-15T13:57:06.124+0800] {logging_mixin.py:190} INFO - [2025-01-15T13:57:06.124+0800] {dag.py:4180} INFO - Setting next_dagrun for latest_only to 2025-01-15 00:00:00+00:00, run_after=2025-01-15 04:00:00+00:00
[2025-01-15T13:57:06.171+0800] {processor.py:208} INFO - Processing /opt/anaconda3/envs/PyTorch/lib/python3.11/site-packages/airflow/example_dags/example_latest_only.py took 0.101 seconds
[2025-01-15T14:01:06.424+0800] {processor.py:186} INFO - Started process (PID=86160) to work on /opt/anaconda3/envs/PyTorch/lib/python3.11/site-packages/airflow/example_dags/example_latest_only.py
[2025-01-15T14:01:06.425+0800] {processor.py:914} INFO - Processing file /opt/anaconda3/envs/PyTorch/lib/python3.11/site-packages/airflow/example_dags/example_latest_only.py for tasks to queue
[2025-01-15T14:01:06.426+0800] {logging_mixin.py:190} INFO - [2025-01-15T14:01:06.426+0800] {dagbag.py:588} INFO - Filling up the DagBag from /opt/anaconda3/envs/PyTorch/lib/python3.11/site-packages/airflow/example_dags/example_latest_only.py
[2025-01-15T14:01:06.430+0800] {processor.py:925} INFO - DAG(s) 'latest_only' retrieved from /opt/anaconda3/envs/PyTorch/lib/python3.11/site-packages/airflow/example_dags/example_latest_only.py
[2025-01-15T14:01:06.467+0800] {logging_mixin.py:190} INFO - [2025-01-15T14:01:06.466+0800] {dag.py:3239} INFO - Sync 1 DAGs
[2025-01-15T14:01:06.473+0800] {logging_mixin.py:190} INFO - [2025-01-15T14:01:06.473+0800] {dag.py:4180} INFO - Setting next_dagrun for latest_only to 2025-01-15 00:00:00+00:00, run_after=2025-01-15 04:00:00+00:00
[2025-01-15T14:01:06.517+0800] {processor.py:208} INFO - Processing /opt/anaconda3/envs/PyTorch/lib/python3.11/site-packages/airflow/example_dags/example_latest_only.py took 0.094 seconds
[2025-01-15T14:04:41.254+0800] {processor.py:186} INFO - Started process (PID=88183) to work on /opt/anaconda3/envs/PyTorch/lib/python3.11/site-packages/airflow/example_dags/example_latest_only.py
[2025-01-15T14:04:41.255+0800] {processor.py:914} INFO - Processing file /opt/anaconda3/envs/PyTorch/lib/python3.11/site-packages/airflow/example_dags/example_latest_only.py for tasks to queue
[2025-01-15T14:04:41.256+0800] {logging_mixin.py:190} INFO - [2025-01-15T14:04:41.255+0800] {dagbag.py:588} INFO - Filling up the DagBag from /opt/anaconda3/envs/PyTorch/lib/python3.11/site-packages/airflow/example_dags/example_latest_only.py
[2025-01-15T14:04:41.260+0800] {processor.py:925} INFO - DAG(s) 'latest_only' retrieved from /opt/anaconda3/envs/PyTorch/lib/python3.11/site-packages/airflow/example_dags/example_latest_only.py
[2025-01-15T14:04:41.297+0800] {logging_mixin.py:190} INFO - [2025-01-15T14:04:41.297+0800] {dag.py:3239} INFO - Sync 1 DAGs
[2025-01-15T14:04:41.304+0800] {logging_mixin.py:190} INFO - [2025-01-15T14:04:41.304+0800] {dag.py:4180} INFO - Setting next_dagrun for latest_only to 2025-01-15 00:00:00+00:00, run_after=2025-01-15 04:00:00+00:00
[2025-01-15T14:04:41.351+0800] {processor.py:208} INFO - Processing /opt/anaconda3/envs/PyTorch/lib/python3.11/site-packages/airflow/example_dags/example_latest_only.py took 0.098 seconds
[2025-01-15T14:08:46.360+0800] {processor.py:186} INFO - Started process (PID=90532) to work on /opt/anaconda3/envs/PyTorch/lib/python3.11/site-packages/airflow/example_dags/example_latest_only.py
[2025-01-15T14:08:46.361+0800] {processor.py:914} INFO - Processing file /opt/anaconda3/envs/PyTorch/lib/python3.11/site-packages/airflow/example_dags/example_latest_only.py for tasks to queue
[2025-01-15T14:08:46.362+0800] {logging_mixin.py:190} INFO - [2025-01-15T14:08:46.362+0800] {dagbag.py:588} INFO - Filling up the DagBag from /opt/anaconda3/envs/PyTorch/lib/python3.11/site-packages/airflow/example_dags/example_latest_only.py
[2025-01-15T14:08:46.366+0800] {processor.py:925} INFO - DAG(s) 'latest_only' retrieved from /opt/anaconda3/envs/PyTorch/lib/python3.11/site-packages/airflow/example_dags/example_latest_only.py
[2025-01-15T14:08:46.408+0800] {logging_mixin.py:190} INFO - [2025-01-15T14:08:46.407+0800] {dag.py:3239} INFO - Sync 1 DAGs
[2025-01-15T14:08:46.415+0800] {logging_mixin.py:190} INFO - [2025-01-15T14:08:46.415+0800] {dag.py:4180} INFO - Setting next_dagrun for latest_only to 2025-01-15 00:00:00+00:00, run_after=2025-01-15 04:00:00+00:00
[2025-01-15T14:08:46.463+0800] {processor.py:208} INFO - Processing /opt/anaconda3/envs/PyTorch/lib/python3.11/site-packages/airflow/example_dags/example_latest_only.py took 0.106 seconds
[2025-01-15T14:12:40.918+0800] {processor.py:186} INFO - Started process (PID=92672) to work on /opt/anaconda3/envs/PyTorch/lib/python3.11/site-packages/airflow/example_dags/example_latest_only.py
[2025-01-15T14:12:40.919+0800] {processor.py:914} INFO - Processing file /opt/anaconda3/envs/PyTorch/lib/python3.11/site-packages/airflow/example_dags/example_latest_only.py for tasks to queue
[2025-01-15T14:12:40.920+0800] {logging_mixin.py:190} INFO - [2025-01-15T14:12:40.920+0800] {dagbag.py:588} INFO - Filling up the DagBag from /opt/anaconda3/envs/PyTorch/lib/python3.11/site-packages/airflow/example_dags/example_latest_only.py
[2025-01-15T14:12:40.923+0800] {processor.py:925} INFO - DAG(s) 'latest_only' retrieved from /opt/anaconda3/envs/PyTorch/lib/python3.11/site-packages/airflow/example_dags/example_latest_only.py
[2025-01-15T14:12:40.959+0800] {logging_mixin.py:190} INFO - [2025-01-15T14:12:40.959+0800] {dag.py:3239} INFO - Sync 1 DAGs
[2025-01-15T14:12:40.965+0800] {logging_mixin.py:190} INFO - [2025-01-15T14:12:40.965+0800] {dag.py:4180} INFO - Setting next_dagrun for latest_only to 2025-01-15 00:00:00+00:00, run_after=2025-01-15 04:00:00+00:00
[2025-01-15T14:12:41.009+0800] {processor.py:208} INFO - Processing /opt/anaconda3/envs/PyTorch/lib/python3.11/site-packages/airflow/example_dags/example_latest_only.py took 0.093 seconds
[2025-01-15T14:16:24.054+0800] {processor.py:186} INFO - Started process (PID=94844) to work on /opt/anaconda3/envs/PyTorch/lib/python3.11/site-packages/airflow/example_dags/example_latest_only.py
[2025-01-15T14:16:24.056+0800] {processor.py:914} INFO - Processing file /opt/anaconda3/envs/PyTorch/lib/python3.11/site-packages/airflow/example_dags/example_latest_only.py for tasks to queue
[2025-01-15T14:16:24.057+0800] {logging_mixin.py:190} INFO - [2025-01-15T14:16:24.056+0800] {dagbag.py:588} INFO - Filling up the DagBag from /opt/anaconda3/envs/PyTorch/lib/python3.11/site-packages/airflow/example_dags/example_latest_only.py
[2025-01-15T14:16:24.060+0800] {processor.py:925} INFO - DAG(s) 'latest_only' retrieved from /opt/anaconda3/envs/PyTorch/lib/python3.11/site-packages/airflow/example_dags/example_latest_only.py
[2025-01-15T14:16:24.098+0800] {logging_mixin.py:190} INFO - [2025-01-15T14:16:24.098+0800] {dag.py:3239} INFO - Sync 1 DAGs
[2025-01-15T14:16:24.105+0800] {logging_mixin.py:190} INFO - [2025-01-15T14:16:24.105+0800] {dag.py:4180} INFO - Setting next_dagrun for latest_only to 2025-01-15 00:00:00+00:00, run_after=2025-01-15 04:00:00+00:00
[2025-01-15T14:16:24.149+0800] {processor.py:208} INFO - Processing /opt/anaconda3/envs/PyTorch/lib/python3.11/site-packages/airflow/example_dags/example_latest_only.py took 0.097 seconds
[2025-01-15T14:20:16.202+0800] {processor.py:186} INFO - Started process (PID=96949) to work on /opt/anaconda3/envs/PyTorch/lib/python3.11/site-packages/airflow/example_dags/example_latest_only.py
[2025-01-15T14:20:16.203+0800] {processor.py:914} INFO - Processing file /opt/anaconda3/envs/PyTorch/lib/python3.11/site-packages/airflow/example_dags/example_latest_only.py for tasks to queue
[2025-01-15T14:20:16.203+0800] {logging_mixin.py:190} INFO - [2025-01-15T14:20:16.203+0800] {dagbag.py:588} INFO - Filling up the DagBag from /opt/anaconda3/envs/PyTorch/lib/python3.11/site-packages/airflow/example_dags/example_latest_only.py
[2025-01-15T14:20:16.206+0800] {processor.py:925} INFO - DAG(s) 'latest_only' retrieved from /opt/anaconda3/envs/PyTorch/lib/python3.11/site-packages/airflow/example_dags/example_latest_only.py
[2025-01-15T14:20:16.244+0800] {logging_mixin.py:190} INFO - [2025-01-15T14:20:16.244+0800] {dag.py:3239} INFO - Sync 1 DAGs
[2025-01-15T14:20:16.251+0800] {logging_mixin.py:190} INFO - [2025-01-15T14:20:16.251+0800] {dag.py:4180} INFO - Setting next_dagrun for latest_only to 2025-01-15 00:00:00+00:00, run_after=2025-01-15 04:00:00+00:00
[2025-01-15T14:20:16.297+0800] {processor.py:208} INFO - Processing /opt/anaconda3/envs/PyTorch/lib/python3.11/site-packages/airflow/example_dags/example_latest_only.py took 0.097 seconds
[2025-01-15T14:23:58.819+0800] {processor.py:186} INFO - Started process (PID=98985) to work on /opt/anaconda3/envs/PyTorch/lib/python3.11/site-packages/airflow/example_dags/example_latest_only.py
[2025-01-15T14:23:58.820+0800] {processor.py:914} INFO - Processing file /opt/anaconda3/envs/PyTorch/lib/python3.11/site-packages/airflow/example_dags/example_latest_only.py for tasks to queue
[2025-01-15T14:23:58.821+0800] {logging_mixin.py:190} INFO - [2025-01-15T14:23:58.821+0800] {dagbag.py:588} INFO - Filling up the DagBag from /opt/anaconda3/envs/PyTorch/lib/python3.11/site-packages/airflow/example_dags/example_latest_only.py
[2025-01-15T14:23:58.824+0800] {processor.py:925} INFO - DAG(s) 'latest_only' retrieved from /opt/anaconda3/envs/PyTorch/lib/python3.11/site-packages/airflow/example_dags/example_latest_only.py
[2025-01-15T14:23:58.860+0800] {logging_mixin.py:190} INFO - [2025-01-15T14:23:58.860+0800] {dag.py:3239} INFO - Sync 1 DAGs
[2025-01-15T14:23:58.867+0800] {logging_mixin.py:190} INFO - [2025-01-15T14:23:58.867+0800] {dag.py:4180} INFO - Setting next_dagrun for latest_only to 2025-01-15 00:00:00+00:00, run_after=2025-01-15 04:00:00+00:00
[2025-01-15T14:23:58.910+0800] {processor.py:208} INFO - Processing /opt/anaconda3/envs/PyTorch/lib/python3.11/site-packages/airflow/example_dags/example_latest_only.py took 0.093 seconds
[2025-01-15T14:27:47.334+0800] {processor.py:186} INFO - Started process (PID=1453) to work on /opt/anaconda3/envs/PyTorch/lib/python3.11/site-packages/airflow/example_dags/example_latest_only.py
[2025-01-15T14:27:47.335+0800] {processor.py:914} INFO - Processing file /opt/anaconda3/envs/PyTorch/lib/python3.11/site-packages/airflow/example_dags/example_latest_only.py for tasks to queue
[2025-01-15T14:27:47.335+0800] {logging_mixin.py:190} INFO - [2025-01-15T14:27:47.335+0800] {dagbag.py:588} INFO - Filling up the DagBag from /opt/anaconda3/envs/PyTorch/lib/python3.11/site-packages/airflow/example_dags/example_latest_only.py
[2025-01-15T14:27:47.339+0800] {processor.py:925} INFO - DAG(s) 'latest_only' retrieved from /opt/anaconda3/envs/PyTorch/lib/python3.11/site-packages/airflow/example_dags/example_latest_only.py
[2025-01-15T14:27:47.379+0800] {logging_mixin.py:190} INFO - [2025-01-15T14:27:47.378+0800] {dag.py:3239} INFO - Sync 1 DAGs
[2025-01-15T14:27:47.386+0800] {logging_mixin.py:190} INFO - [2025-01-15T14:27:47.386+0800] {dag.py:4180} INFO - Setting next_dagrun for latest_only to 2025-01-15 00:00:00+00:00, run_after=2025-01-15 04:00:00+00:00
[2025-01-15T14:27:47.431+0800] {processor.py:208} INFO - Processing /opt/anaconda3/envs/PyTorch/lib/python3.11/site-packages/airflow/example_dags/example_latest_only.py took 0.099 seconds
