[2025-01-15T11:59:24.993+0800] {processor.py:186} INFO - Started process (PID=19913) to work on /opt/anaconda3/envs/PyTorch/lib/python3.11/site-packages/airflow/example_dags/example_branch_day_of_week_operator.py
[2025-01-15T11:59:24.994+0800] {processor.py:914} INFO - Processing file /opt/anaconda3/envs/PyTorch/lib/python3.11/site-packages/airflow/example_dags/example_branch_day_of_week_operator.py for tasks to queue
[2025-01-15T11:59:24.995+0800] {logging_mixin.py:190} INFO - [2025-01-15T11:59:24.995+0800] {dagbag.py:588} INFO - Filling up the DagBag from /opt/anaconda3/envs/PyTorch/lib/python3.11/site-packages/airflow/example_dags/example_branch_day_of_week_operator.py
[2025-01-15T11:59:25.001+0800] {processor.py:925} INFO - DAG(s) 'example_weekday_branch_operator' retrieved from /opt/anaconda3/envs/PyTorch/lib/python3.11/site-packages/airflow/example_dags/example_branch_day_of_week_operator.py
[2025-01-15T11:59:25.119+0800] {logging_mixin.py:190} INFO - [2025-01-15T11:59:25.119+0800] {override.py:1912} INFO - Created Permission View: can delete on DAG:example_weekday_branch_operator
[2025-01-15T11:59:25.123+0800] {logging_mixin.py:190} INFO - [2025-01-15T11:59:25.122+0800] {override.py:1912} INFO - Created Permission View: can edit on DAG:example_weekday_branch_operator
[2025-01-15T11:59:25.124+0800] {logging_mixin.py:190} INFO - [2025-01-15T11:59:25.124+0800] {override.py:1912} INFO - Created Permission View: can read on DAG:example_weekday_branch_operator
[2025-01-15T11:59:25.128+0800] {logging_mixin.py:190} INFO - [2025-01-15T11:59:25.127+0800] {override.py:1912} INFO - Created Permission View: can delete on DAG Run:example_weekday_branch_operator
[2025-01-15T11:59:25.130+0800] {logging_mixin.py:190} INFO - [2025-01-15T11:59:25.130+0800] {override.py:1912} INFO - Created Permission View: menu access on DAG Run:example_weekday_branch_operator
[2025-01-15T11:59:25.132+0800] {logging_mixin.py:190} INFO - [2025-01-15T11:59:25.132+0800] {override.py:1912} INFO - Created Permission View: can read on DAG Run:example_weekday_branch_operator
[2025-01-15T11:59:25.135+0800] {logging_mixin.py:190} INFO - [2025-01-15T11:59:25.134+0800] {override.py:1912} INFO - Created Permission View: can create on DAG Run:example_weekday_branch_operator
[2025-01-15T11:59:25.135+0800] {logging_mixin.py:190} INFO - [2025-01-15T11:59:25.135+0800] {dag.py:3239} INFO - Sync 1 DAGs
[2025-01-15T11:59:25.139+0800] {logging_mixin.py:190} INFO - [2025-01-15T11:59:25.139+0800] {dag.py:3262} INFO - Creating ORM DAG for example_weekday_branch_operator
[2025-01-15T11:59:25.143+0800] {logging_mixin.py:190} INFO - [2025-01-15T11:59:25.143+0800] {dag.py:4180} INFO - Setting next_dagrun for example_weekday_branch_operator to 2025-01-14 00:00:00+00:00, run_after=2025-01-15 00:00:00+00:00
[2025-01-15T11:59:25.149+0800] {processor.py:208} INFO - Processing /opt/anaconda3/envs/PyTorch/lib/python3.11/site-packages/airflow/example_dags/example_branch_day_of_week_operator.py took 0.158 seconds
[2025-01-15T12:02:18.569+0800] {processor.py:186} INFO - Started process (PID=21432) to work on /opt/anaconda3/envs/PyTorch/lib/python3.11/site-packages/airflow/example_dags/example_branch_day_of_week_operator.py
[2025-01-15T12:02:18.570+0800] {processor.py:914} INFO - Processing file /opt/anaconda3/envs/PyTorch/lib/python3.11/site-packages/airflow/example_dags/example_branch_day_of_week_operator.py for tasks to queue
[2025-01-15T12:02:18.571+0800] {logging_mixin.py:190} INFO - [2025-01-15T12:02:18.571+0800] {dagbag.py:588} INFO - Filling up the DagBag from /opt/anaconda3/envs/PyTorch/lib/python3.11/site-packages/airflow/example_dags/example_branch_day_of_week_operator.py
[2025-01-15T12:02:18.576+0800] {processor.py:925} INFO - DAG(s) 'example_weekday_branch_operator' retrieved from /opt/anaconda3/envs/PyTorch/lib/python3.11/site-packages/airflow/example_dags/example_branch_day_of_week_operator.py
[2025-01-15T12:02:18.613+0800] {logging_mixin.py:190} INFO - [2025-01-15T12:02:18.613+0800] {dag.py:3239} INFO - Sync 1 DAGs
[2025-01-15T12:02:18.620+0800] {logging_mixin.py:190} INFO - [2025-01-15T12:02:18.620+0800] {dag.py:4180} INFO - Setting next_dagrun for example_weekday_branch_operator to 2025-01-14 00:00:00+00:00, run_after=2025-01-15 00:00:00+00:00
[2025-01-15T12:02:18.666+0800] {processor.py:208} INFO - Processing /opt/anaconda3/envs/PyTorch/lib/python3.11/site-packages/airflow/example_dags/example_branch_day_of_week_operator.py took 0.099 seconds
[2025-01-15T12:05:11.369+0800] {processor.py:186} INFO - Started process (PID=22963) to work on /opt/anaconda3/envs/PyTorch/lib/python3.11/site-packages/airflow/example_dags/example_branch_day_of_week_operator.py
[2025-01-15T12:05:11.370+0800] {processor.py:914} INFO - Processing file /opt/anaconda3/envs/PyTorch/lib/python3.11/site-packages/airflow/example_dags/example_branch_day_of_week_operator.py for tasks to queue
[2025-01-15T12:05:11.370+0800] {logging_mixin.py:190} INFO - [2025-01-15T12:05:11.370+0800] {dagbag.py:588} INFO - Filling up the DagBag from /opt/anaconda3/envs/PyTorch/lib/python3.11/site-packages/airflow/example_dags/example_branch_day_of_week_operator.py
[2025-01-15T12:05:11.375+0800] {processor.py:925} INFO - DAG(s) 'example_weekday_branch_operator' retrieved from /opt/anaconda3/envs/PyTorch/lib/python3.11/site-packages/airflow/example_dags/example_branch_day_of_week_operator.py
[2025-01-15T12:05:11.411+0800] {logging_mixin.py:190} INFO - [2025-01-15T12:05:11.411+0800] {dag.py:3239} INFO - Sync 1 DAGs
[2025-01-15T12:05:11.418+0800] {logging_mixin.py:190} INFO - [2025-01-15T12:05:11.418+0800] {dag.py:4180} INFO - Setting next_dagrun for example_weekday_branch_operator to 2025-01-14 00:00:00+00:00, run_after=2025-01-15 00:00:00+00:00
[2025-01-15T12:05:11.464+0800] {processor.py:208} INFO - Processing /opt/anaconda3/envs/PyTorch/lib/python3.11/site-packages/airflow/example_dags/example_branch_day_of_week_operator.py took 0.096 seconds
[2025-01-15T12:08:06.781+0800] {processor.py:186} INFO - Started process (PID=24584) to work on /opt/anaconda3/envs/PyTorch/lib/python3.11/site-packages/airflow/example_dags/example_branch_day_of_week_operator.py
[2025-01-15T12:08:06.781+0800] {processor.py:914} INFO - Processing file /opt/anaconda3/envs/PyTorch/lib/python3.11/site-packages/airflow/example_dags/example_branch_day_of_week_operator.py for tasks to queue
[2025-01-15T12:08:06.782+0800] {logging_mixin.py:190} INFO - [2025-01-15T12:08:06.782+0800] {dagbag.py:588} INFO - Filling up the DagBag from /opt/anaconda3/envs/PyTorch/lib/python3.11/site-packages/airflow/example_dags/example_branch_day_of_week_operator.py
[2025-01-15T12:08:06.787+0800] {processor.py:925} INFO - DAG(s) 'example_weekday_branch_operator' retrieved from /opt/anaconda3/envs/PyTorch/lib/python3.11/site-packages/airflow/example_dags/example_branch_day_of_week_operator.py
[2025-01-15T12:08:06.825+0800] {logging_mixin.py:190} INFO - [2025-01-15T12:08:06.824+0800] {dag.py:3239} INFO - Sync 1 DAGs
[2025-01-15T12:08:06.832+0800] {logging_mixin.py:190} INFO - [2025-01-15T12:08:06.832+0800] {dag.py:4180} INFO - Setting next_dagrun for example_weekday_branch_operator to 2025-01-14 00:00:00+00:00, run_after=2025-01-15 00:00:00+00:00
[2025-01-15T12:08:06.876+0800] {processor.py:208} INFO - Processing /opt/anaconda3/envs/PyTorch/lib/python3.11/site-packages/airflow/example_dags/example_branch_day_of_week_operator.py took 0.097 seconds
[2025-01-15T12:11:02.766+0800] {processor.py:186} INFO - Started process (PID=26156) to work on /opt/anaconda3/envs/PyTorch/lib/python3.11/site-packages/airflow/example_dags/example_branch_day_of_week_operator.py
[2025-01-15T12:11:02.767+0800] {processor.py:914} INFO - Processing file /opt/anaconda3/envs/PyTorch/lib/python3.11/site-packages/airflow/example_dags/example_branch_day_of_week_operator.py for tasks to queue
[2025-01-15T12:11:02.767+0800] {logging_mixin.py:190} INFO - [2025-01-15T12:11:02.767+0800] {dagbag.py:588} INFO - Filling up the DagBag from /opt/anaconda3/envs/PyTorch/lib/python3.11/site-packages/airflow/example_dags/example_branch_day_of_week_operator.py
[2025-01-15T12:11:02.772+0800] {processor.py:925} INFO - DAG(s) 'example_weekday_branch_operator' retrieved from /opt/anaconda3/envs/PyTorch/lib/python3.11/site-packages/airflow/example_dags/example_branch_day_of_week_operator.py
[2025-01-15T12:11:02.809+0800] {logging_mixin.py:190} INFO - [2025-01-15T12:11:02.809+0800] {dag.py:3239} INFO - Sync 1 DAGs
[2025-01-15T12:11:02.816+0800] {logging_mixin.py:190} INFO - [2025-01-15T12:11:02.816+0800] {dag.py:4180} INFO - Setting next_dagrun for example_weekday_branch_operator to 2025-01-14 00:00:00+00:00, run_after=2025-01-15 00:00:00+00:00
[2025-01-15T12:11:02.859+0800] {processor.py:208} INFO - Processing /opt/anaconda3/envs/PyTorch/lib/python3.11/site-packages/airflow/example_dags/example_branch_day_of_week_operator.py took 0.095 seconds
[2025-01-15T12:13:58.658+0800] {processor.py:186} INFO - Started process (PID=27726) to work on /opt/anaconda3/envs/PyTorch/lib/python3.11/site-packages/airflow/example_dags/example_branch_day_of_week_operator.py
[2025-01-15T12:13:58.658+0800] {processor.py:914} INFO - Processing file /opt/anaconda3/envs/PyTorch/lib/python3.11/site-packages/airflow/example_dags/example_branch_day_of_week_operator.py for tasks to queue
[2025-01-15T12:13:58.659+0800] {logging_mixin.py:190} INFO - [2025-01-15T12:13:58.659+0800] {dagbag.py:588} INFO - Filling up the DagBag from /opt/anaconda3/envs/PyTorch/lib/python3.11/site-packages/airflow/example_dags/example_branch_day_of_week_operator.py
[2025-01-15T12:13:58.665+0800] {processor.py:925} INFO - DAG(s) 'example_weekday_branch_operator' retrieved from /opt/anaconda3/envs/PyTorch/lib/python3.11/site-packages/airflow/example_dags/example_branch_day_of_week_operator.py
[2025-01-15T12:13:58.701+0800] {logging_mixin.py:190} INFO - [2025-01-15T12:13:58.701+0800] {dag.py:3239} INFO - Sync 1 DAGs
[2025-01-15T12:13:58.708+0800] {logging_mixin.py:190} INFO - [2025-01-15T12:13:58.708+0800] {dag.py:4180} INFO - Setting next_dagrun for example_weekday_branch_operator to 2025-01-14 00:00:00+00:00, run_after=2025-01-15 00:00:00+00:00
[2025-01-15T12:13:58.753+0800] {processor.py:208} INFO - Processing /opt/anaconda3/envs/PyTorch/lib/python3.11/site-packages/airflow/example_dags/example_branch_day_of_week_operator.py took 0.097 seconds
[2025-01-15T12:16:57.275+0800] {processor.py:186} INFO - Started process (PID=29313) to work on /opt/anaconda3/envs/PyTorch/lib/python3.11/site-packages/airflow/example_dags/example_branch_day_of_week_operator.py
[2025-01-15T12:16:57.276+0800] {processor.py:914} INFO - Processing file /opt/anaconda3/envs/PyTorch/lib/python3.11/site-packages/airflow/example_dags/example_branch_day_of_week_operator.py for tasks to queue
[2025-01-15T12:16:57.277+0800] {logging_mixin.py:190} INFO - [2025-01-15T12:16:57.277+0800] {dagbag.py:588} INFO - Filling up the DagBag from /opt/anaconda3/envs/PyTorch/lib/python3.11/site-packages/airflow/example_dags/example_branch_day_of_week_operator.py
[2025-01-15T12:16:57.282+0800] {processor.py:925} INFO - DAG(s) 'example_weekday_branch_operator' retrieved from /opt/anaconda3/envs/PyTorch/lib/python3.11/site-packages/airflow/example_dags/example_branch_day_of_week_operator.py
[2025-01-15T12:16:57.319+0800] {logging_mixin.py:190} INFO - [2025-01-15T12:16:57.319+0800] {dag.py:3239} INFO - Sync 1 DAGs
[2025-01-15T12:16:57.326+0800] {logging_mixin.py:190} INFO - [2025-01-15T12:16:57.326+0800] {dag.py:4180} INFO - Setting next_dagrun for example_weekday_branch_operator to 2025-01-14 00:00:00+00:00, run_after=2025-01-15 00:00:00+00:00
[2025-01-15T12:16:57.370+0800] {processor.py:208} INFO - Processing /opt/anaconda3/envs/PyTorch/lib/python3.11/site-packages/airflow/example_dags/example_branch_day_of_week_operator.py took 0.096 seconds
[2025-01-15T12:19:53.224+0800] {processor.py:186} INFO - Started process (PID=30870) to work on /opt/anaconda3/envs/PyTorch/lib/python3.11/site-packages/airflow/example_dags/example_branch_day_of_week_operator.py
[2025-01-15T12:19:53.225+0800] {processor.py:914} INFO - Processing file /opt/anaconda3/envs/PyTorch/lib/python3.11/site-packages/airflow/example_dags/example_branch_day_of_week_operator.py for tasks to queue
[2025-01-15T12:19:53.226+0800] {logging_mixin.py:190} INFO - [2025-01-15T12:19:53.225+0800] {dagbag.py:588} INFO - Filling up the DagBag from /opt/anaconda3/envs/PyTorch/lib/python3.11/site-packages/airflow/example_dags/example_branch_day_of_week_operator.py
[2025-01-15T12:19:53.231+0800] {processor.py:925} INFO - DAG(s) 'example_weekday_branch_operator' retrieved from /opt/anaconda3/envs/PyTorch/lib/python3.11/site-packages/airflow/example_dags/example_branch_day_of_week_operator.py
[2025-01-15T12:19:53.270+0800] {logging_mixin.py:190} INFO - [2025-01-15T12:19:53.270+0800] {dag.py:3239} INFO - Sync 1 DAGs
[2025-01-15T12:19:53.277+0800] {logging_mixin.py:190} INFO - [2025-01-15T12:19:53.277+0800] {dag.py:4180} INFO - Setting next_dagrun for example_weekday_branch_operator to 2025-01-14 00:00:00+00:00, run_after=2025-01-15 00:00:00+00:00
[2025-01-15T12:19:53.328+0800] {processor.py:208} INFO - Processing /opt/anaconda3/envs/PyTorch/lib/python3.11/site-packages/airflow/example_dags/example_branch_day_of_week_operator.py took 0.106 seconds
[2025-01-15T12:22:58.021+0800] {processor.py:186} INFO - Started process (PID=32487) to work on /opt/anaconda3/envs/PyTorch/lib/python3.11/site-packages/airflow/example_dags/example_branch_day_of_week_operator.py
[2025-01-15T12:22:58.022+0800] {processor.py:914} INFO - Processing file /opt/anaconda3/envs/PyTorch/lib/python3.11/site-packages/airflow/example_dags/example_branch_day_of_week_operator.py for tasks to queue
[2025-01-15T12:22:58.023+0800] {logging_mixin.py:190} INFO - [2025-01-15T12:22:58.023+0800] {dagbag.py:588} INFO - Filling up the DagBag from /opt/anaconda3/envs/PyTorch/lib/python3.11/site-packages/airflow/example_dags/example_branch_day_of_week_operator.py
[2025-01-15T12:22:58.028+0800] {processor.py:925} INFO - DAG(s) 'example_weekday_branch_operator' retrieved from /opt/anaconda3/envs/PyTorch/lib/python3.11/site-packages/airflow/example_dags/example_branch_day_of_week_operator.py
[2025-01-15T12:22:58.065+0800] {logging_mixin.py:190} INFO - [2025-01-15T12:22:58.065+0800] {dag.py:3239} INFO - Sync 1 DAGs
[2025-01-15T12:22:58.072+0800] {logging_mixin.py:190} INFO - [2025-01-15T12:22:58.072+0800] {dag.py:4180} INFO - Setting next_dagrun for example_weekday_branch_operator to 2025-01-14 00:00:00+00:00, run_after=2025-01-15 00:00:00+00:00
[2025-01-15T12:22:58.117+0800] {processor.py:208} INFO - Processing /opt/anaconda3/envs/PyTorch/lib/python3.11/site-packages/airflow/example_dags/example_branch_day_of_week_operator.py took 0.098 seconds
[2025-01-15T12:25:56.612+0800] {processor.py:186} INFO - Started process (PID=34068) to work on /opt/anaconda3/envs/PyTorch/lib/python3.11/site-packages/airflow/example_dags/example_branch_day_of_week_operator.py
[2025-01-15T12:25:56.613+0800] {processor.py:914} INFO - Processing file /opt/anaconda3/envs/PyTorch/lib/python3.11/site-packages/airflow/example_dags/example_branch_day_of_week_operator.py for tasks to queue
[2025-01-15T12:25:56.614+0800] {logging_mixin.py:190} INFO - [2025-01-15T12:25:56.614+0800] {dagbag.py:588} INFO - Filling up the DagBag from /opt/anaconda3/envs/PyTorch/lib/python3.11/site-packages/airflow/example_dags/example_branch_day_of_week_operator.py
[2025-01-15T12:25:56.619+0800] {processor.py:925} INFO - DAG(s) 'example_weekday_branch_operator' retrieved from /opt/anaconda3/envs/PyTorch/lib/python3.11/site-packages/airflow/example_dags/example_branch_day_of_week_operator.py
[2025-01-15T12:25:56.659+0800] {logging_mixin.py:190} INFO - [2025-01-15T12:25:56.659+0800] {dag.py:3239} INFO - Sync 1 DAGs
[2025-01-15T12:25:56.666+0800] {logging_mixin.py:190} INFO - [2025-01-15T12:25:56.666+0800] {dag.py:4180} INFO - Setting next_dagrun for example_weekday_branch_operator to 2025-01-14 00:00:00+00:00, run_after=2025-01-15 00:00:00+00:00
[2025-01-15T12:25:56.714+0800] {processor.py:208} INFO - Processing /opt/anaconda3/envs/PyTorch/lib/python3.11/site-packages/airflow/example_dags/example_branch_day_of_week_operator.py took 0.104 seconds
[2025-01-15T12:28:54.417+0800] {processor.py:186} INFO - Started process (PID=35642) to work on /opt/anaconda3/envs/PyTorch/lib/python3.11/site-packages/airflow/example_dags/example_branch_day_of_week_operator.py
[2025-01-15T12:28:54.419+0800] {processor.py:914} INFO - Processing file /opt/anaconda3/envs/PyTorch/lib/python3.11/site-packages/airflow/example_dags/example_branch_day_of_week_operator.py for tasks to queue
[2025-01-15T12:28:54.419+0800] {logging_mixin.py:190} INFO - [2025-01-15T12:28:54.419+0800] {dagbag.py:588} INFO - Filling up the DagBag from /opt/anaconda3/envs/PyTorch/lib/python3.11/site-packages/airflow/example_dags/example_branch_day_of_week_operator.py
[2025-01-15T12:28:54.424+0800] {processor.py:925} INFO - DAG(s) 'example_weekday_branch_operator' retrieved from /opt/anaconda3/envs/PyTorch/lib/python3.11/site-packages/airflow/example_dags/example_branch_day_of_week_operator.py
[2025-01-15T12:28:54.461+0800] {logging_mixin.py:190} INFO - [2025-01-15T12:28:54.461+0800] {dag.py:3239} INFO - Sync 1 DAGs
[2025-01-15T12:28:54.468+0800] {logging_mixin.py:190} INFO - [2025-01-15T12:28:54.468+0800] {dag.py:4180} INFO - Setting next_dagrun for example_weekday_branch_operator to 2025-01-14 00:00:00+00:00, run_after=2025-01-15 00:00:00+00:00
[2025-01-15T12:28:54.518+0800] {processor.py:208} INFO - Processing /opt/anaconda3/envs/PyTorch/lib/python3.11/site-packages/airflow/example_dags/example_branch_day_of_week_operator.py took 0.102 seconds
[2025-01-15T12:31:49.857+0800] {processor.py:186} INFO - Started process (PID=37166) to work on /opt/anaconda3/envs/PyTorch/lib/python3.11/site-packages/airflow/example_dags/example_branch_day_of_week_operator.py
[2025-01-15T12:31:49.859+0800] {processor.py:914} INFO - Processing file /opt/anaconda3/envs/PyTorch/lib/python3.11/site-packages/airflow/example_dags/example_branch_day_of_week_operator.py for tasks to queue
[2025-01-15T12:31:49.859+0800] {logging_mixin.py:190} INFO - [2025-01-15T12:31:49.859+0800] {dagbag.py:588} INFO - Filling up the DagBag from /opt/anaconda3/envs/PyTorch/lib/python3.11/site-packages/airflow/example_dags/example_branch_day_of_week_operator.py
[2025-01-15T12:31:49.864+0800] {processor.py:925} INFO - DAG(s) 'example_weekday_branch_operator' retrieved from /opt/anaconda3/envs/PyTorch/lib/python3.11/site-packages/airflow/example_dags/example_branch_day_of_week_operator.py
[2025-01-15T12:31:49.901+0800] {logging_mixin.py:190} INFO - [2025-01-15T12:31:49.901+0800] {dag.py:3239} INFO - Sync 1 DAGs
[2025-01-15T12:31:49.908+0800] {logging_mixin.py:190} INFO - [2025-01-15T12:31:49.908+0800] {dag.py:4180} INFO - Setting next_dagrun for example_weekday_branch_operator to 2025-01-14 00:00:00+00:00, run_after=2025-01-15 00:00:00+00:00
[2025-01-15T12:31:49.953+0800] {processor.py:208} INFO - Processing /opt/anaconda3/envs/PyTorch/lib/python3.11/site-packages/airflow/example_dags/example_branch_day_of_week_operator.py took 0.097 seconds
[2025-01-15T12:34:45.678+0800] {processor.py:186} INFO - Started process (PID=38734) to work on /opt/anaconda3/envs/PyTorch/lib/python3.11/site-packages/airflow/example_dags/example_branch_day_of_week_operator.py
[2025-01-15T12:34:45.679+0800] {processor.py:914} INFO - Processing file /opt/anaconda3/envs/PyTorch/lib/python3.11/site-packages/airflow/example_dags/example_branch_day_of_week_operator.py for tasks to queue
[2025-01-15T12:34:45.680+0800] {logging_mixin.py:190} INFO - [2025-01-15T12:34:45.680+0800] {dagbag.py:588} INFO - Filling up the DagBag from /opt/anaconda3/envs/PyTorch/lib/python3.11/site-packages/airflow/example_dags/example_branch_day_of_week_operator.py
[2025-01-15T12:34:45.685+0800] {processor.py:925} INFO - DAG(s) 'example_weekday_branch_operator' retrieved from /opt/anaconda3/envs/PyTorch/lib/python3.11/site-packages/airflow/example_dags/example_branch_day_of_week_operator.py
[2025-01-15T12:34:45.721+0800] {logging_mixin.py:190} INFO - [2025-01-15T12:34:45.721+0800] {dag.py:3239} INFO - Sync 1 DAGs
[2025-01-15T12:34:45.728+0800] {logging_mixin.py:190} INFO - [2025-01-15T12:34:45.728+0800] {dag.py:4180} INFO - Setting next_dagrun for example_weekday_branch_operator to 2025-01-14 00:00:00+00:00, run_after=2025-01-15 00:00:00+00:00
[2025-01-15T12:34:45.772+0800] {processor.py:208} INFO - Processing /opt/anaconda3/envs/PyTorch/lib/python3.11/site-packages/airflow/example_dags/example_branch_day_of_week_operator.py took 0.096 seconds
[2025-01-15T12:37:44.557+0800] {processor.py:186} INFO - Started process (PID=40291) to work on /opt/anaconda3/envs/PyTorch/lib/python3.11/site-packages/airflow/example_dags/example_branch_day_of_week_operator.py
[2025-01-15T12:37:44.559+0800] {processor.py:914} INFO - Processing file /opt/anaconda3/envs/PyTorch/lib/python3.11/site-packages/airflow/example_dags/example_branch_day_of_week_operator.py for tasks to queue
[2025-01-15T12:37:44.560+0800] {logging_mixin.py:190} INFO - [2025-01-15T12:37:44.560+0800] {dagbag.py:588} INFO - Filling up the DagBag from /opt/anaconda3/envs/PyTorch/lib/python3.11/site-packages/airflow/example_dags/example_branch_day_of_week_operator.py
[2025-01-15T12:37:44.565+0800] {processor.py:925} INFO - DAG(s) 'example_weekday_branch_operator' retrieved from /opt/anaconda3/envs/PyTorch/lib/python3.11/site-packages/airflow/example_dags/example_branch_day_of_week_operator.py
[2025-01-15T12:37:44.601+0800] {logging_mixin.py:190} INFO - [2025-01-15T12:37:44.601+0800] {dag.py:3239} INFO - Sync 1 DAGs
[2025-01-15T12:37:44.608+0800] {logging_mixin.py:190} INFO - [2025-01-15T12:37:44.608+0800] {dag.py:4180} INFO - Setting next_dagrun for example_weekday_branch_operator to 2025-01-14 00:00:00+00:00, run_after=2025-01-15 00:00:00+00:00
[2025-01-15T12:37:44.653+0800] {processor.py:208} INFO - Processing /opt/anaconda3/envs/PyTorch/lib/python3.11/site-packages/airflow/example_dags/example_branch_day_of_week_operator.py took 0.097 seconds
[2025-01-15T12:40:39.074+0800] {processor.py:186} INFO - Started process (PID=41857) to work on /opt/anaconda3/envs/PyTorch/lib/python3.11/site-packages/airflow/example_dags/example_branch_day_of_week_operator.py
[2025-01-15T12:40:39.075+0800] {processor.py:914} INFO - Processing file /opt/anaconda3/envs/PyTorch/lib/python3.11/site-packages/airflow/example_dags/example_branch_day_of_week_operator.py for tasks to queue
[2025-01-15T12:40:39.076+0800] {logging_mixin.py:190} INFO - [2025-01-15T12:40:39.076+0800] {dagbag.py:588} INFO - Filling up the DagBag from /opt/anaconda3/envs/PyTorch/lib/python3.11/site-packages/airflow/example_dags/example_branch_day_of_week_operator.py
[2025-01-15T12:40:39.081+0800] {processor.py:925} INFO - DAG(s) 'example_weekday_branch_operator' retrieved from /opt/anaconda3/envs/PyTorch/lib/python3.11/site-packages/airflow/example_dags/example_branch_day_of_week_operator.py
[2025-01-15T12:40:39.117+0800] {logging_mixin.py:190} INFO - [2025-01-15T12:40:39.117+0800] {dag.py:3239} INFO - Sync 1 DAGs
[2025-01-15T12:40:39.124+0800] {logging_mixin.py:190} INFO - [2025-01-15T12:40:39.124+0800] {dag.py:4180} INFO - Setting next_dagrun for example_weekday_branch_operator to 2025-01-14 00:00:00+00:00, run_after=2025-01-15 00:00:00+00:00
[2025-01-15T12:40:39.168+0800] {processor.py:208} INFO - Processing /opt/anaconda3/envs/PyTorch/lib/python3.11/site-packages/airflow/example_dags/example_branch_day_of_week_operator.py took 0.096 seconds
[2025-01-15T12:43:38.474+0800] {processor.py:186} INFO - Started process (PID=43459) to work on /opt/anaconda3/envs/PyTorch/lib/python3.11/site-packages/airflow/example_dags/example_branch_day_of_week_operator.py
[2025-01-15T12:43:38.476+0800] {processor.py:914} INFO - Processing file /opt/anaconda3/envs/PyTorch/lib/python3.11/site-packages/airflow/example_dags/example_branch_day_of_week_operator.py for tasks to queue
[2025-01-15T12:43:38.476+0800] {logging_mixin.py:190} INFO - [2025-01-15T12:43:38.476+0800] {dagbag.py:588} INFO - Filling up the DagBag from /opt/anaconda3/envs/PyTorch/lib/python3.11/site-packages/airflow/example_dags/example_branch_day_of_week_operator.py
[2025-01-15T12:43:38.482+0800] {processor.py:925} INFO - DAG(s) 'example_weekday_branch_operator' retrieved from /opt/anaconda3/envs/PyTorch/lib/python3.11/site-packages/airflow/example_dags/example_branch_day_of_week_operator.py
[2025-01-15T12:43:38.521+0800] {logging_mixin.py:190} INFO - [2025-01-15T12:43:38.521+0800] {dag.py:3239} INFO - Sync 1 DAGs
[2025-01-15T12:43:38.529+0800] {logging_mixin.py:190} INFO - [2025-01-15T12:43:38.529+0800] {dag.py:4180} INFO - Setting next_dagrun for example_weekday_branch_operator to 2025-01-14 00:00:00+00:00, run_after=2025-01-15 00:00:00+00:00
[2025-01-15T12:43:38.575+0800] {processor.py:208} INFO - Processing /opt/anaconda3/envs/PyTorch/lib/python3.11/site-packages/airflow/example_dags/example_branch_day_of_week_operator.py took 0.103 seconds
[2025-01-15T12:46:40.813+0800] {processor.py:186} INFO - Started process (PID=45143) to work on /opt/anaconda3/envs/PyTorch/lib/python3.11/site-packages/airflow/example_dags/example_branch_day_of_week_operator.py
[2025-01-15T12:46:40.815+0800] {processor.py:914} INFO - Processing file /opt/anaconda3/envs/PyTorch/lib/python3.11/site-packages/airflow/example_dags/example_branch_day_of_week_operator.py for tasks to queue
[2025-01-15T12:46:40.815+0800] {logging_mixin.py:190} INFO - [2025-01-15T12:46:40.815+0800] {dagbag.py:588} INFO - Filling up the DagBag from /opt/anaconda3/envs/PyTorch/lib/python3.11/site-packages/airflow/example_dags/example_branch_day_of_week_operator.py
[2025-01-15T12:46:40.821+0800] {processor.py:925} INFO - DAG(s) 'example_weekday_branch_operator' retrieved from /opt/anaconda3/envs/PyTorch/lib/python3.11/site-packages/airflow/example_dags/example_branch_day_of_week_operator.py
[2025-01-15T12:46:40.857+0800] {logging_mixin.py:190} INFO - [2025-01-15T12:46:40.857+0800] {dag.py:3239} INFO - Sync 1 DAGs
[2025-01-15T12:46:40.864+0800] {logging_mixin.py:190} INFO - [2025-01-15T12:46:40.864+0800] {dag.py:4180} INFO - Setting next_dagrun for example_weekday_branch_operator to 2025-01-14 00:00:00+00:00, run_after=2025-01-15 00:00:00+00:00
[2025-01-15T12:46:40.908+0800] {processor.py:208} INFO - Processing /opt/anaconda3/envs/PyTorch/lib/python3.11/site-packages/airflow/example_dags/example_branch_day_of_week_operator.py took 0.097 seconds
[2025-01-15T12:49:37.199+0800] {processor.py:186} INFO - Started process (PID=46727) to work on /opt/anaconda3/envs/PyTorch/lib/python3.11/site-packages/airflow/example_dags/example_branch_day_of_week_operator.py
[2025-01-15T12:49:37.199+0800] {processor.py:914} INFO - Processing file /opt/anaconda3/envs/PyTorch/lib/python3.11/site-packages/airflow/example_dags/example_branch_day_of_week_operator.py for tasks to queue
[2025-01-15T12:49:37.200+0800] {logging_mixin.py:190} INFO - [2025-01-15T12:49:37.200+0800] {dagbag.py:588} INFO - Filling up the DagBag from /opt/anaconda3/envs/PyTorch/lib/python3.11/site-packages/airflow/example_dags/example_branch_day_of_week_operator.py
[2025-01-15T12:49:37.205+0800] {processor.py:925} INFO - DAG(s) 'example_weekday_branch_operator' retrieved from /opt/anaconda3/envs/PyTorch/lib/python3.11/site-packages/airflow/example_dags/example_branch_day_of_week_operator.py
[2025-01-15T12:49:37.250+0800] {logging_mixin.py:190} INFO - [2025-01-15T12:49:37.249+0800] {dag.py:3239} INFO - Sync 1 DAGs
[2025-01-15T12:49:37.258+0800] {logging_mixin.py:190} INFO - [2025-01-15T12:49:37.258+0800] {dag.py:4180} INFO - Setting next_dagrun for example_weekday_branch_operator to 2025-01-14 00:00:00+00:00, run_after=2025-01-15 00:00:00+00:00
[2025-01-15T12:49:37.309+0800] {processor.py:208} INFO - Processing /opt/anaconda3/envs/PyTorch/lib/python3.11/site-packages/airflow/example_dags/example_branch_day_of_week_operator.py took 0.112 seconds
[2025-01-15T12:52:37.792+0800] {processor.py:186} INFO - Started process (PID=48308) to work on /opt/anaconda3/envs/PyTorch/lib/python3.11/site-packages/airflow/example_dags/example_branch_day_of_week_operator.py
[2025-01-15T12:52:37.793+0800] {processor.py:914} INFO - Processing file /opt/anaconda3/envs/PyTorch/lib/python3.11/site-packages/airflow/example_dags/example_branch_day_of_week_operator.py for tasks to queue
[2025-01-15T12:52:37.794+0800] {logging_mixin.py:190} INFO - [2025-01-15T12:52:37.794+0800] {dagbag.py:588} INFO - Filling up the DagBag from /opt/anaconda3/envs/PyTorch/lib/python3.11/site-packages/airflow/example_dags/example_branch_day_of_week_operator.py
[2025-01-15T12:52:37.799+0800] {processor.py:925} INFO - DAG(s) 'example_weekday_branch_operator' retrieved from /opt/anaconda3/envs/PyTorch/lib/python3.11/site-packages/airflow/example_dags/example_branch_day_of_week_operator.py
[2025-01-15T12:52:37.835+0800] {logging_mixin.py:190} INFO - [2025-01-15T12:52:37.835+0800] {dag.py:3239} INFO - Sync 1 DAGs
[2025-01-15T12:52:37.842+0800] {logging_mixin.py:190} INFO - [2025-01-15T12:52:37.842+0800] {dag.py:4180} INFO - Setting next_dagrun for example_weekday_branch_operator to 2025-01-14 00:00:00+00:00, run_after=2025-01-15 00:00:00+00:00
[2025-01-15T12:52:37.889+0800] {processor.py:208} INFO - Processing /opt/anaconda3/envs/PyTorch/lib/python3.11/site-packages/airflow/example_dags/example_branch_day_of_week_operator.py took 0.099 seconds
[2025-01-15T12:55:41.061+0800] {processor.py:186} INFO - Started process (PID=49981) to work on /opt/anaconda3/envs/PyTorch/lib/python3.11/site-packages/airflow/example_dags/example_branch_day_of_week_operator.py
[2025-01-15T12:55:41.062+0800] {processor.py:914} INFO - Processing file /opt/anaconda3/envs/PyTorch/lib/python3.11/site-packages/airflow/example_dags/example_branch_day_of_week_operator.py for tasks to queue
[2025-01-15T12:55:41.063+0800] {logging_mixin.py:190} INFO - [2025-01-15T12:55:41.063+0800] {dagbag.py:588} INFO - Filling up the DagBag from /opt/anaconda3/envs/PyTorch/lib/python3.11/site-packages/airflow/example_dags/example_branch_day_of_week_operator.py
[2025-01-15T12:55:41.068+0800] {processor.py:925} INFO - DAG(s) 'example_weekday_branch_operator' retrieved from /opt/anaconda3/envs/PyTorch/lib/python3.11/site-packages/airflow/example_dags/example_branch_day_of_week_operator.py
[2025-01-15T12:55:41.105+0800] {logging_mixin.py:190} INFO - [2025-01-15T12:55:41.105+0800] {dag.py:3239} INFO - Sync 1 DAGs
[2025-01-15T12:55:41.113+0800] {logging_mixin.py:190} INFO - [2025-01-15T12:55:41.113+0800] {dag.py:4180} INFO - Setting next_dagrun for example_weekday_branch_operator to 2025-01-14 00:00:00+00:00, run_after=2025-01-15 00:00:00+00:00
[2025-01-15T12:55:41.160+0800] {processor.py:208} INFO - Processing /opt/anaconda3/envs/PyTorch/lib/python3.11/site-packages/airflow/example_dags/example_branch_day_of_week_operator.py took 0.101 seconds
[2025-01-15T12:58:42.609+0800] {processor.py:186} INFO - Started process (PID=51594) to work on /opt/anaconda3/envs/PyTorch/lib/python3.11/site-packages/airflow/example_dags/example_branch_day_of_week_operator.py
[2025-01-15T12:58:42.610+0800] {processor.py:914} INFO - Processing file /opt/anaconda3/envs/PyTorch/lib/python3.11/site-packages/airflow/example_dags/example_branch_day_of_week_operator.py for tasks to queue
[2025-01-15T12:58:42.611+0800] {logging_mixin.py:190} INFO - [2025-01-15T12:58:42.611+0800] {dagbag.py:588} INFO - Filling up the DagBag from /opt/anaconda3/envs/PyTorch/lib/python3.11/site-packages/airflow/example_dags/example_branch_day_of_week_operator.py
[2025-01-15T12:58:42.617+0800] {processor.py:925} INFO - DAG(s) 'example_weekday_branch_operator' retrieved from /opt/anaconda3/envs/PyTorch/lib/python3.11/site-packages/airflow/example_dags/example_branch_day_of_week_operator.py
[2025-01-15T12:58:42.659+0800] {logging_mixin.py:190} INFO - [2025-01-15T12:58:42.659+0800] {dag.py:3239} INFO - Sync 1 DAGs
[2025-01-15T12:58:42.669+0800] {logging_mixin.py:190} INFO - [2025-01-15T12:58:42.669+0800] {dag.py:4180} INFO - Setting next_dagrun for example_weekday_branch_operator to 2025-01-14 00:00:00+00:00, run_after=2025-01-15 00:00:00+00:00
[2025-01-15T12:58:42.717+0800] {processor.py:208} INFO - Processing /opt/anaconda3/envs/PyTorch/lib/python3.11/site-packages/airflow/example_dags/example_branch_day_of_week_operator.py took 0.110 seconds
[2025-01-15T13:01:44.875+0800] {processor.py:186} INFO - Started process (PID=53239) to work on /opt/anaconda3/envs/PyTorch/lib/python3.11/site-packages/airflow/example_dags/example_branch_day_of_week_operator.py
[2025-01-15T13:01:44.876+0800] {processor.py:914} INFO - Processing file /opt/anaconda3/envs/PyTorch/lib/python3.11/site-packages/airflow/example_dags/example_branch_day_of_week_operator.py for tasks to queue
[2025-01-15T13:01:44.877+0800] {logging_mixin.py:190} INFO - [2025-01-15T13:01:44.877+0800] {dagbag.py:588} INFO - Filling up the DagBag from /opt/anaconda3/envs/PyTorch/lib/python3.11/site-packages/airflow/example_dags/example_branch_day_of_week_operator.py
[2025-01-15T13:01:44.882+0800] {processor.py:925} INFO - DAG(s) 'example_weekday_branch_operator' retrieved from /opt/anaconda3/envs/PyTorch/lib/python3.11/site-packages/airflow/example_dags/example_branch_day_of_week_operator.py
[2025-01-15T13:01:44.921+0800] {logging_mixin.py:190} INFO - [2025-01-15T13:01:44.921+0800] {dag.py:3239} INFO - Sync 1 DAGs
[2025-01-15T13:01:44.928+0800] {logging_mixin.py:190} INFO - [2025-01-15T13:01:44.928+0800] {dag.py:4180} INFO - Setting next_dagrun for example_weekday_branch_operator to 2025-01-14 00:00:00+00:00, run_after=2025-01-15 00:00:00+00:00
[2025-01-15T13:01:44.973+0800] {processor.py:208} INFO - Processing /opt/anaconda3/envs/PyTorch/lib/python3.11/site-packages/airflow/example_dags/example_branch_day_of_week_operator.py took 0.100 seconds
[2025-01-15T13:04:53.938+0800] {processor.py:186} INFO - Started process (PID=54986) to work on /opt/anaconda3/envs/PyTorch/lib/python3.11/site-packages/airflow/example_dags/example_branch_day_of_week_operator.py
[2025-01-15T13:04:53.940+0800] {processor.py:914} INFO - Processing file /opt/anaconda3/envs/PyTorch/lib/python3.11/site-packages/airflow/example_dags/example_branch_day_of_week_operator.py for tasks to queue
[2025-01-15T13:04:53.941+0800] {logging_mixin.py:190} INFO - [2025-01-15T13:04:53.940+0800] {dagbag.py:588} INFO - Filling up the DagBag from /opt/anaconda3/envs/PyTorch/lib/python3.11/site-packages/airflow/example_dags/example_branch_day_of_week_operator.py
[2025-01-15T13:04:53.946+0800] {processor.py:925} INFO - DAG(s) 'example_weekday_branch_operator' retrieved from /opt/anaconda3/envs/PyTorch/lib/python3.11/site-packages/airflow/example_dags/example_branch_day_of_week_operator.py
[2025-01-15T13:04:53.986+0800] {logging_mixin.py:190} INFO - [2025-01-15T13:04:53.986+0800] {dag.py:3239} INFO - Sync 1 DAGs
[2025-01-15T13:04:53.993+0800] {logging_mixin.py:190} INFO - [2025-01-15T13:04:53.993+0800] {dag.py:4180} INFO - Setting next_dagrun for example_weekday_branch_operator to 2025-01-14 00:00:00+00:00, run_after=2025-01-15 00:00:00+00:00
[2025-01-15T13:04:54.046+0800] {processor.py:208} INFO - Processing /opt/anaconda3/envs/PyTorch/lib/python3.11/site-packages/airflow/example_dags/example_branch_day_of_week_operator.py took 0.110 seconds
[2025-01-15T13:08:00.255+0800] {processor.py:186} INFO - Started process (PID=56698) to work on /opt/anaconda3/envs/PyTorch/lib/python3.11/site-packages/airflow/example_dags/example_branch_day_of_week_operator.py
[2025-01-15T13:08:00.256+0800] {processor.py:914} INFO - Processing file /opt/anaconda3/envs/PyTorch/lib/python3.11/site-packages/airflow/example_dags/example_branch_day_of_week_operator.py for tasks to queue
[2025-01-15T13:08:00.256+0800] {logging_mixin.py:190} INFO - [2025-01-15T13:08:00.256+0800] {dagbag.py:588} INFO - Filling up the DagBag from /opt/anaconda3/envs/PyTorch/lib/python3.11/site-packages/airflow/example_dags/example_branch_day_of_week_operator.py
[2025-01-15T13:08:00.262+0800] {processor.py:925} INFO - DAG(s) 'example_weekday_branch_operator' retrieved from /opt/anaconda3/envs/PyTorch/lib/python3.11/site-packages/airflow/example_dags/example_branch_day_of_week_operator.py
[2025-01-15T13:08:00.302+0800] {logging_mixin.py:190} INFO - [2025-01-15T13:08:00.302+0800] {dag.py:3239} INFO - Sync 1 DAGs
[2025-01-15T13:08:00.311+0800] {logging_mixin.py:190} INFO - [2025-01-15T13:08:00.311+0800] {dag.py:4180} INFO - Setting next_dagrun for example_weekday_branch_operator to 2025-01-14 00:00:00+00:00, run_after=2025-01-15 00:00:00+00:00
[2025-01-15T13:08:00.360+0800] {processor.py:208} INFO - Processing /opt/anaconda3/envs/PyTorch/lib/python3.11/site-packages/airflow/example_dags/example_branch_day_of_week_operator.py took 0.107 seconds
[2025-01-15T13:11:03.592+0800] {processor.py:186} INFO - Started process (PID=58453) to work on /opt/anaconda3/envs/PyTorch/lib/python3.11/site-packages/airflow/example_dags/example_branch_day_of_week_operator.py
[2025-01-15T13:11:03.593+0800] {processor.py:914} INFO - Processing file /opt/anaconda3/envs/PyTorch/lib/python3.11/site-packages/airflow/example_dags/example_branch_day_of_week_operator.py for tasks to queue
[2025-01-15T13:11:03.593+0800] {logging_mixin.py:190} INFO - [2025-01-15T13:11:03.593+0800] {dagbag.py:588} INFO - Filling up the DagBag from /opt/anaconda3/envs/PyTorch/lib/python3.11/site-packages/airflow/example_dags/example_branch_day_of_week_operator.py
[2025-01-15T13:11:03.599+0800] {processor.py:925} INFO - DAG(s) 'example_weekday_branch_operator' retrieved from /opt/anaconda3/envs/PyTorch/lib/python3.11/site-packages/airflow/example_dags/example_branch_day_of_week_operator.py
[2025-01-15T13:11:03.637+0800] {logging_mixin.py:190} INFO - [2025-01-15T13:11:03.637+0800] {dag.py:3239} INFO - Sync 1 DAGs
[2025-01-15T13:11:03.645+0800] {logging_mixin.py:190} INFO - [2025-01-15T13:11:03.645+0800] {dag.py:4180} INFO - Setting next_dagrun for example_weekday_branch_operator to 2025-01-14 00:00:00+00:00, run_after=2025-01-15 00:00:00+00:00
[2025-01-15T13:11:03.691+0800] {processor.py:208} INFO - Processing /opt/anaconda3/envs/PyTorch/lib/python3.11/site-packages/airflow/example_dags/example_branch_day_of_week_operator.py took 0.101 seconds
[2025-01-15T13:14:03.350+0800] {processor.py:186} INFO - Started process (PID=60067) to work on /opt/anaconda3/envs/PyTorch/lib/python3.11/site-packages/airflow/example_dags/example_branch_day_of_week_operator.py
[2025-01-15T13:14:03.351+0800] {processor.py:914} INFO - Processing file /opt/anaconda3/envs/PyTorch/lib/python3.11/site-packages/airflow/example_dags/example_branch_day_of_week_operator.py for tasks to queue
[2025-01-15T13:14:03.352+0800] {logging_mixin.py:190} INFO - [2025-01-15T13:14:03.352+0800] {dagbag.py:588} INFO - Filling up the DagBag from /opt/anaconda3/envs/PyTorch/lib/python3.11/site-packages/airflow/example_dags/example_branch_day_of_week_operator.py
[2025-01-15T13:14:03.357+0800] {processor.py:925} INFO - DAG(s) 'example_weekday_branch_operator' retrieved from /opt/anaconda3/envs/PyTorch/lib/python3.11/site-packages/airflow/example_dags/example_branch_day_of_week_operator.py
[2025-01-15T13:14:03.392+0800] {logging_mixin.py:190} INFO - [2025-01-15T13:14:03.392+0800] {dag.py:3239} INFO - Sync 1 DAGs
[2025-01-15T13:14:03.400+0800] {logging_mixin.py:190} INFO - [2025-01-15T13:14:03.400+0800] {dag.py:4180} INFO - Setting next_dagrun for example_weekday_branch_operator to 2025-01-14 00:00:00+00:00, run_after=2025-01-15 00:00:00+00:00
[2025-01-15T13:14:03.444+0800] {processor.py:208} INFO - Processing /opt/anaconda3/envs/PyTorch/lib/python3.11/site-packages/airflow/example_dags/example_branch_day_of_week_operator.py took 0.096 seconds
[2025-01-15T13:17:05.196+0800] {processor.py:186} INFO - Started process (PID=61673) to work on /opt/anaconda3/envs/PyTorch/lib/python3.11/site-packages/airflow/example_dags/example_branch_day_of_week_operator.py
[2025-01-15T13:17:05.197+0800] {processor.py:914} INFO - Processing file /opt/anaconda3/envs/PyTorch/lib/python3.11/site-packages/airflow/example_dags/example_branch_day_of_week_operator.py for tasks to queue
[2025-01-15T13:17:05.198+0800] {logging_mixin.py:190} INFO - [2025-01-15T13:17:05.198+0800] {dagbag.py:588} INFO - Filling up the DagBag from /opt/anaconda3/envs/PyTorch/lib/python3.11/site-packages/airflow/example_dags/example_branch_day_of_week_operator.py
[2025-01-15T13:17:05.202+0800] {processor.py:925} INFO - DAG(s) 'example_weekday_branch_operator' retrieved from /opt/anaconda3/envs/PyTorch/lib/python3.11/site-packages/airflow/example_dags/example_branch_day_of_week_operator.py
[2025-01-15T13:17:05.241+0800] {logging_mixin.py:190} INFO - [2025-01-15T13:17:05.241+0800] {dag.py:3239} INFO - Sync 1 DAGs
[2025-01-15T13:17:05.248+0800] {logging_mixin.py:190} INFO - [2025-01-15T13:17:05.248+0800] {dag.py:4180} INFO - Setting next_dagrun for example_weekday_branch_operator to 2025-01-14 00:00:00+00:00, run_after=2025-01-15 00:00:00+00:00
[2025-01-15T13:17:05.297+0800] {processor.py:208} INFO - Processing /opt/anaconda3/envs/PyTorch/lib/python3.11/site-packages/airflow/example_dags/example_branch_day_of_week_operator.py took 0.104 seconds
[2025-01-15T13:20:19.014+0800] {processor.py:186} INFO - Started process (PID=63457) to work on /opt/anaconda3/envs/PyTorch/lib/python3.11/site-packages/airflow/example_dags/example_branch_day_of_week_operator.py
[2025-01-15T13:20:19.015+0800] {processor.py:914} INFO - Processing file /opt/anaconda3/envs/PyTorch/lib/python3.11/site-packages/airflow/example_dags/example_branch_day_of_week_operator.py for tasks to queue
[2025-01-15T13:20:19.016+0800] {logging_mixin.py:190} INFO - [2025-01-15T13:20:19.016+0800] {dagbag.py:588} INFO - Filling up the DagBag from /opt/anaconda3/envs/PyTorch/lib/python3.11/site-packages/airflow/example_dags/example_branch_day_of_week_operator.py
[2025-01-15T13:20:19.021+0800] {processor.py:925} INFO - DAG(s) 'example_weekday_branch_operator' retrieved from /opt/anaconda3/envs/PyTorch/lib/python3.11/site-packages/airflow/example_dags/example_branch_day_of_week_operator.py
[2025-01-15T13:20:19.058+0800] {logging_mixin.py:190} INFO - [2025-01-15T13:20:19.058+0800] {dag.py:3239} INFO - Sync 1 DAGs
[2025-01-15T13:20:19.065+0800] {logging_mixin.py:190} INFO - [2025-01-15T13:20:19.065+0800] {dag.py:4180} INFO - Setting next_dagrun for example_weekday_branch_operator to 2025-01-14 00:00:00+00:00, run_after=2025-01-15 00:00:00+00:00
[2025-01-15T13:20:19.110+0800] {processor.py:208} INFO - Processing /opt/anaconda3/envs/PyTorch/lib/python3.11/site-packages/airflow/example_dags/example_branch_day_of_week_operator.py took 0.099 seconds
[2025-01-15T13:23:24.887+0800] {processor.py:186} INFO - Started process (PID=65173) to work on /opt/anaconda3/envs/PyTorch/lib/python3.11/site-packages/airflow/example_dags/example_branch_day_of_week_operator.py
[2025-01-15T13:23:24.888+0800] {processor.py:914} INFO - Processing file /opt/anaconda3/envs/PyTorch/lib/python3.11/site-packages/airflow/example_dags/example_branch_day_of_week_operator.py for tasks to queue
[2025-01-15T13:23:24.888+0800] {logging_mixin.py:190} INFO - [2025-01-15T13:23:24.888+0800] {dagbag.py:588} INFO - Filling up the DagBag from /opt/anaconda3/envs/PyTorch/lib/python3.11/site-packages/airflow/example_dags/example_branch_day_of_week_operator.py
[2025-01-15T13:23:24.894+0800] {processor.py:925} INFO - DAG(s) 'example_weekday_branch_operator' retrieved from /opt/anaconda3/envs/PyTorch/lib/python3.11/site-packages/airflow/example_dags/example_branch_day_of_week_operator.py
[2025-01-15T13:23:24.931+0800] {logging_mixin.py:190} INFO - [2025-01-15T13:23:24.931+0800] {dag.py:3239} INFO - Sync 1 DAGs
[2025-01-15T13:23:24.939+0800] {logging_mixin.py:190} INFO - [2025-01-15T13:23:24.939+0800] {dag.py:4180} INFO - Setting next_dagrun for example_weekday_branch_operator to 2025-01-14 00:00:00+00:00, run_after=2025-01-15 00:00:00+00:00
[2025-01-15T13:23:24.986+0800] {processor.py:208} INFO - Processing /opt/anaconda3/envs/PyTorch/lib/python3.11/site-packages/airflow/example_dags/example_branch_day_of_week_operator.py took 0.101 seconds
[2025-01-15T13:26:32.117+0800] {processor.py:186} INFO - Started process (PID=66810) to work on /opt/anaconda3/envs/PyTorch/lib/python3.11/site-packages/airflow/example_dags/example_branch_day_of_week_operator.py
[2025-01-15T13:26:32.119+0800] {processor.py:914} INFO - Processing file /opt/anaconda3/envs/PyTorch/lib/python3.11/site-packages/airflow/example_dags/example_branch_day_of_week_operator.py for tasks to queue
[2025-01-15T13:26:32.120+0800] {logging_mixin.py:190} INFO - [2025-01-15T13:26:32.120+0800] {dagbag.py:588} INFO - Filling up the DagBag from /opt/anaconda3/envs/PyTorch/lib/python3.11/site-packages/airflow/example_dags/example_branch_day_of_week_operator.py
[2025-01-15T13:26:32.125+0800] {processor.py:925} INFO - DAG(s) 'example_weekday_branch_operator' retrieved from /opt/anaconda3/envs/PyTorch/lib/python3.11/site-packages/airflow/example_dags/example_branch_day_of_week_operator.py
[2025-01-15T13:26:32.161+0800] {logging_mixin.py:190} INFO - [2025-01-15T13:26:32.161+0800] {dag.py:3239} INFO - Sync 1 DAGs
[2025-01-15T13:26:32.168+0800] {logging_mixin.py:190} INFO - [2025-01-15T13:26:32.168+0800] {dag.py:4180} INFO - Setting next_dagrun for example_weekday_branch_operator to 2025-01-14 00:00:00+00:00, run_after=2025-01-15 00:00:00+00:00
[2025-01-15T13:26:32.211+0800] {processor.py:208} INFO - Processing /opt/anaconda3/envs/PyTorch/lib/python3.11/site-packages/airflow/example_dags/example_branch_day_of_week_operator.py took 0.095 seconds
[2025-01-15T13:29:36.821+0800] {processor.py:186} INFO - Started process (PID=68438) to work on /opt/anaconda3/envs/PyTorch/lib/python3.11/site-packages/airflow/example_dags/example_branch_day_of_week_operator.py
[2025-01-15T13:29:36.823+0800] {processor.py:914} INFO - Processing file /opt/anaconda3/envs/PyTorch/lib/python3.11/site-packages/airflow/example_dags/example_branch_day_of_week_operator.py for tasks to queue
[2025-01-15T13:29:36.823+0800] {logging_mixin.py:190} INFO - [2025-01-15T13:29:36.823+0800] {dagbag.py:588} INFO - Filling up the DagBag from /opt/anaconda3/envs/PyTorch/lib/python3.11/site-packages/airflow/example_dags/example_branch_day_of_week_operator.py
[2025-01-15T13:29:36.829+0800] {processor.py:925} INFO - DAG(s) 'example_weekday_branch_operator' retrieved from /opt/anaconda3/envs/PyTorch/lib/python3.11/site-packages/airflow/example_dags/example_branch_day_of_week_operator.py
[2025-01-15T13:29:36.866+0800] {logging_mixin.py:190} INFO - [2025-01-15T13:29:36.866+0800] {dag.py:3239} INFO - Sync 1 DAGs
[2025-01-15T13:29:36.874+0800] {logging_mixin.py:190} INFO - [2025-01-15T13:29:36.874+0800] {dag.py:4180} INFO - Setting next_dagrun for example_weekday_branch_operator to 2025-01-14 00:00:00+00:00, run_after=2025-01-15 00:00:00+00:00
[2025-01-15T13:29:36.920+0800] {processor.py:208} INFO - Processing /opt/anaconda3/envs/PyTorch/lib/python3.11/site-packages/airflow/example_dags/example_branch_day_of_week_operator.py took 0.101 seconds
[2025-01-15T13:32:46.699+0800] {processor.py:186} INFO - Started process (PID=70173) to work on /opt/anaconda3/envs/PyTorch/lib/python3.11/site-packages/airflow/example_dags/example_branch_day_of_week_operator.py
[2025-01-15T13:32:46.700+0800] {processor.py:914} INFO - Processing file /opt/anaconda3/envs/PyTorch/lib/python3.11/site-packages/airflow/example_dags/example_branch_day_of_week_operator.py for tasks to queue
[2025-01-15T13:32:46.701+0800] {logging_mixin.py:190} INFO - [2025-01-15T13:32:46.701+0800] {dagbag.py:588} INFO - Filling up the DagBag from /opt/anaconda3/envs/PyTorch/lib/python3.11/site-packages/airflow/example_dags/example_branch_day_of_week_operator.py
[2025-01-15T13:32:46.706+0800] {processor.py:925} INFO - DAG(s) 'example_weekday_branch_operator' retrieved from /opt/anaconda3/envs/PyTorch/lib/python3.11/site-packages/airflow/example_dags/example_branch_day_of_week_operator.py
[2025-01-15T13:32:46.742+0800] {logging_mixin.py:190} INFO - [2025-01-15T13:32:46.742+0800] {dag.py:3239} INFO - Sync 1 DAGs
[2025-01-15T13:32:46.749+0800] {logging_mixin.py:190} INFO - [2025-01-15T13:32:46.749+0800] {dag.py:4180} INFO - Setting next_dagrun for example_weekday_branch_operator to 2025-01-14 00:00:00+00:00, run_after=2025-01-15 00:00:00+00:00
[2025-01-15T13:32:46.793+0800] {processor.py:208} INFO - Processing /opt/anaconda3/envs/PyTorch/lib/python3.11/site-packages/airflow/example_dags/example_branch_day_of_week_operator.py took 0.096 seconds
[2025-01-15T13:35:56.757+0800] {processor.py:186} INFO - Started process (PID=71908) to work on /opt/anaconda3/envs/PyTorch/lib/python3.11/site-packages/airflow/example_dags/example_branch_day_of_week_operator.py
[2025-01-15T13:35:56.759+0800] {processor.py:914} INFO - Processing file /opt/anaconda3/envs/PyTorch/lib/python3.11/site-packages/airflow/example_dags/example_branch_day_of_week_operator.py for tasks to queue
[2025-01-15T13:35:56.759+0800] {logging_mixin.py:190} INFO - [2025-01-15T13:35:56.759+0800] {dagbag.py:588} INFO - Filling up the DagBag from /opt/anaconda3/envs/PyTorch/lib/python3.11/site-packages/airflow/example_dags/example_branch_day_of_week_operator.py
[2025-01-15T13:35:56.765+0800] {processor.py:925} INFO - DAG(s) 'example_weekday_branch_operator' retrieved from /opt/anaconda3/envs/PyTorch/lib/python3.11/site-packages/airflow/example_dags/example_branch_day_of_week_operator.py
[2025-01-15T13:35:56.800+0800] {logging_mixin.py:190} INFO - [2025-01-15T13:35:56.800+0800] {dag.py:3239} INFO - Sync 1 DAGs
[2025-01-15T13:35:56.807+0800] {logging_mixin.py:190} INFO - [2025-01-15T13:35:56.807+0800] {dag.py:4180} INFO - Setting next_dagrun for example_weekday_branch_operator to 2025-01-14 00:00:00+00:00, run_after=2025-01-15 00:00:00+00:00
[2025-01-15T13:35:56.852+0800] {processor.py:208} INFO - Processing /opt/anaconda3/envs/PyTorch/lib/python3.11/site-packages/airflow/example_dags/example_branch_day_of_week_operator.py took 0.097 seconds
[2025-01-15T13:39:05.245+0800] {processor.py:186} INFO - Started process (PID=73677) to work on /opt/anaconda3/envs/PyTorch/lib/python3.11/site-packages/airflow/example_dags/example_branch_day_of_week_operator.py
[2025-01-15T13:39:05.246+0800] {processor.py:914} INFO - Processing file /opt/anaconda3/envs/PyTorch/lib/python3.11/site-packages/airflow/example_dags/example_branch_day_of_week_operator.py for tasks to queue
[2025-01-15T13:39:05.246+0800] {logging_mixin.py:190} INFO - [2025-01-15T13:39:05.246+0800] {dagbag.py:588} INFO - Filling up the DagBag from /opt/anaconda3/envs/PyTorch/lib/python3.11/site-packages/airflow/example_dags/example_branch_day_of_week_operator.py
[2025-01-15T13:39:05.252+0800] {processor.py:925} INFO - DAG(s) 'example_weekday_branch_operator' retrieved from /opt/anaconda3/envs/PyTorch/lib/python3.11/site-packages/airflow/example_dags/example_branch_day_of_week_operator.py
[2025-01-15T13:39:05.289+0800] {logging_mixin.py:190} INFO - [2025-01-15T13:39:05.289+0800] {dag.py:3239} INFO - Sync 1 DAGs
[2025-01-15T13:39:05.296+0800] {logging_mixin.py:190} INFO - [2025-01-15T13:39:05.296+0800] {dag.py:4180} INFO - Setting next_dagrun for example_weekday_branch_operator to 2025-01-14 00:00:00+00:00, run_after=2025-01-15 00:00:00+00:00
[2025-01-15T13:39:05.341+0800] {processor.py:208} INFO - Processing /opt/anaconda3/envs/PyTorch/lib/python3.11/site-packages/airflow/example_dags/example_branch_day_of_week_operator.py took 0.098 seconds
[2025-01-15T13:42:10.104+0800] {processor.py:186} INFO - Started process (PID=75327) to work on /opt/anaconda3/envs/PyTorch/lib/python3.11/site-packages/airflow/example_dags/example_branch_day_of_week_operator.py
[2025-01-15T13:42:10.105+0800] {processor.py:914} INFO - Processing file /opt/anaconda3/envs/PyTorch/lib/python3.11/site-packages/airflow/example_dags/example_branch_day_of_week_operator.py for tasks to queue
[2025-01-15T13:42:10.106+0800] {logging_mixin.py:190} INFO - [2025-01-15T13:42:10.106+0800] {dagbag.py:588} INFO - Filling up the DagBag from /opt/anaconda3/envs/PyTorch/lib/python3.11/site-packages/airflow/example_dags/example_branch_day_of_week_operator.py
[2025-01-15T13:42:10.111+0800] {processor.py:925} INFO - DAG(s) 'example_weekday_branch_operator' retrieved from /opt/anaconda3/envs/PyTorch/lib/python3.11/site-packages/airflow/example_dags/example_branch_day_of_week_operator.py
[2025-01-15T13:42:10.147+0800] {logging_mixin.py:190} INFO - [2025-01-15T13:42:10.147+0800] {dag.py:3239} INFO - Sync 1 DAGs
[2025-01-15T13:42:10.154+0800] {logging_mixin.py:190} INFO - [2025-01-15T13:42:10.154+0800] {dag.py:4180} INFO - Setting next_dagrun for example_weekday_branch_operator to 2025-01-14 00:00:00+00:00, run_after=2025-01-15 00:00:00+00:00
[2025-01-15T13:42:10.198+0800] {processor.py:208} INFO - Processing /opt/anaconda3/envs/PyTorch/lib/python3.11/site-packages/airflow/example_dags/example_branch_day_of_week_operator.py took 0.096 seconds
[2025-01-15T13:45:12.912+0800] {processor.py:186} INFO - Started process (PID=77076) to work on /opt/anaconda3/envs/PyTorch/lib/python3.11/site-packages/airflow/example_dags/example_branch_day_of_week_operator.py
[2025-01-15T13:45:12.913+0800] {processor.py:914} INFO - Processing file /opt/anaconda3/envs/PyTorch/lib/python3.11/site-packages/airflow/example_dags/example_branch_day_of_week_operator.py for tasks to queue
[2025-01-15T13:45:12.914+0800] {logging_mixin.py:190} INFO - [2025-01-15T13:45:12.914+0800] {dagbag.py:588} INFO - Filling up the DagBag from /opt/anaconda3/envs/PyTorch/lib/python3.11/site-packages/airflow/example_dags/example_branch_day_of_week_operator.py
[2025-01-15T13:45:12.919+0800] {processor.py:925} INFO - DAG(s) 'example_weekday_branch_operator' retrieved from /opt/anaconda3/envs/PyTorch/lib/python3.11/site-packages/airflow/example_dags/example_branch_day_of_week_operator.py
[2025-01-15T13:45:12.957+0800] {logging_mixin.py:190} INFO - [2025-01-15T13:45:12.956+0800] {dag.py:3239} INFO - Sync 1 DAGs
[2025-01-15T13:45:12.964+0800] {logging_mixin.py:190} INFO - [2025-01-15T13:45:12.964+0800] {dag.py:4180} INFO - Setting next_dagrun for example_weekday_branch_operator to 2025-01-14 00:00:00+00:00, run_after=2025-01-15 00:00:00+00:00
[2025-01-15T13:45:13.010+0800] {processor.py:208} INFO - Processing /opt/anaconda3/envs/PyTorch/lib/python3.11/site-packages/airflow/example_dags/example_branch_day_of_week_operator.py took 0.100 seconds
[2025-01-15T13:48:17.056+0800] {processor.py:186} INFO - Started process (PID=78845) to work on /opt/anaconda3/envs/PyTorch/lib/python3.11/site-packages/airflow/example_dags/example_branch_day_of_week_operator.py
[2025-01-15T13:48:17.058+0800] {processor.py:914} INFO - Processing file /opt/anaconda3/envs/PyTorch/lib/python3.11/site-packages/airflow/example_dags/example_branch_day_of_week_operator.py for tasks to queue
[2025-01-15T13:48:17.058+0800] {logging_mixin.py:190} INFO - [2025-01-15T13:48:17.058+0800] {dagbag.py:588} INFO - Filling up the DagBag from /opt/anaconda3/envs/PyTorch/lib/python3.11/site-packages/airflow/example_dags/example_branch_day_of_week_operator.py
[2025-01-15T13:48:17.064+0800] {processor.py:925} INFO - DAG(s) 'example_weekday_branch_operator' retrieved from /opt/anaconda3/envs/PyTorch/lib/python3.11/site-packages/airflow/example_dags/example_branch_day_of_week_operator.py
[2025-01-15T13:48:17.101+0800] {logging_mixin.py:190} INFO - [2025-01-15T13:48:17.101+0800] {dag.py:3239} INFO - Sync 1 DAGs
[2025-01-15T13:48:17.108+0800] {logging_mixin.py:190} INFO - [2025-01-15T13:48:17.108+0800] {dag.py:4180} INFO - Setting next_dagrun for example_weekday_branch_operator to 2025-01-14 00:00:00+00:00, run_after=2025-01-15 00:00:00+00:00
[2025-01-15T13:48:17.154+0800] {processor.py:208} INFO - Processing /opt/anaconda3/envs/PyTorch/lib/python3.11/site-packages/airflow/example_dags/example_branch_day_of_week_operator.py took 0.100 seconds
[2025-01-15T13:51:26.204+0800] {processor.py:186} INFO - Started process (PID=80656) to work on /opt/anaconda3/envs/PyTorch/lib/python3.11/site-packages/airflow/example_dags/example_branch_day_of_week_operator.py
[2025-01-15T13:51:26.206+0800] {processor.py:914} INFO - Processing file /opt/anaconda3/envs/PyTorch/lib/python3.11/site-packages/airflow/example_dags/example_branch_day_of_week_operator.py for tasks to queue
[2025-01-15T13:51:26.206+0800] {logging_mixin.py:190} INFO - [2025-01-15T13:51:26.206+0800] {dagbag.py:588} INFO - Filling up the DagBag from /opt/anaconda3/envs/PyTorch/lib/python3.11/site-packages/airflow/example_dags/example_branch_day_of_week_operator.py
[2025-01-15T13:51:26.212+0800] {processor.py:925} INFO - DAG(s) 'example_weekday_branch_operator' retrieved from /opt/anaconda3/envs/PyTorch/lib/python3.11/site-packages/airflow/example_dags/example_branch_day_of_week_operator.py
[2025-01-15T13:51:26.248+0800] {logging_mixin.py:190} INFO - [2025-01-15T13:51:26.248+0800] {dag.py:3239} INFO - Sync 1 DAGs
[2025-01-15T13:51:26.255+0800] {logging_mixin.py:190} INFO - [2025-01-15T13:51:26.255+0800] {dag.py:4180} INFO - Setting next_dagrun for example_weekday_branch_operator to 2025-01-14 00:00:00+00:00, run_after=2025-01-15 00:00:00+00:00
[2025-01-15T13:51:26.301+0800] {processor.py:208} INFO - Processing /opt/anaconda3/envs/PyTorch/lib/python3.11/site-packages/airflow/example_dags/example_branch_day_of_week_operator.py took 0.098 seconds
[2025-01-15T13:55:15.612+0800] {processor.py:186} INFO - Started process (PID=82729) to work on /opt/anaconda3/envs/PyTorch/lib/python3.11/site-packages/airflow/example_dags/example_branch_day_of_week_operator.py
[2025-01-15T13:55:15.612+0800] {processor.py:914} INFO - Processing file /opt/anaconda3/envs/PyTorch/lib/python3.11/site-packages/airflow/example_dags/example_branch_day_of_week_operator.py for tasks to queue
[2025-01-15T13:55:15.613+0800] {logging_mixin.py:190} INFO - [2025-01-15T13:55:15.613+0800] {dagbag.py:588} INFO - Filling up the DagBag from /opt/anaconda3/envs/PyTorch/lib/python3.11/site-packages/airflow/example_dags/example_branch_day_of_week_operator.py
[2025-01-15T13:55:15.618+0800] {processor.py:925} INFO - DAG(s) 'example_weekday_branch_operator' retrieved from /opt/anaconda3/envs/PyTorch/lib/python3.11/site-packages/airflow/example_dags/example_branch_day_of_week_operator.py
[2025-01-15T13:55:15.658+0800] {logging_mixin.py:190} INFO - [2025-01-15T13:55:15.658+0800] {dag.py:3239} INFO - Sync 1 DAGs
[2025-01-15T13:55:15.666+0800] {logging_mixin.py:190} INFO - [2025-01-15T13:55:15.666+0800] {dag.py:4180} INFO - Setting next_dagrun for example_weekday_branch_operator to 2025-01-14 00:00:00+00:00, run_after=2025-01-15 00:00:00+00:00
[2025-01-15T13:55:15.716+0800] {processor.py:208} INFO - Processing /opt/anaconda3/envs/PyTorch/lib/python3.11/site-packages/airflow/example_dags/example_branch_day_of_week_operator.py took 0.107 seconds
[2025-01-15T13:59:10.591+0800] {processor.py:186} INFO - Started process (PID=85066) to work on /opt/anaconda3/envs/PyTorch/lib/python3.11/site-packages/airflow/example_dags/example_branch_day_of_week_operator.py
[2025-01-15T13:59:10.593+0800] {processor.py:914} INFO - Processing file /opt/anaconda3/envs/PyTorch/lib/python3.11/site-packages/airflow/example_dags/example_branch_day_of_week_operator.py for tasks to queue
[2025-01-15T13:59:10.593+0800] {logging_mixin.py:190} INFO - [2025-01-15T13:59:10.593+0800] {dagbag.py:588} INFO - Filling up the DagBag from /opt/anaconda3/envs/PyTorch/lib/python3.11/site-packages/airflow/example_dags/example_branch_day_of_week_operator.py
[2025-01-15T13:59:10.598+0800] {processor.py:925} INFO - DAG(s) 'example_weekday_branch_operator' retrieved from /opt/anaconda3/envs/PyTorch/lib/python3.11/site-packages/airflow/example_dags/example_branch_day_of_week_operator.py
[2025-01-15T13:59:10.636+0800] {logging_mixin.py:190} INFO - [2025-01-15T13:59:10.636+0800] {dag.py:3239} INFO - Sync 1 DAGs
[2025-01-15T13:59:10.643+0800] {logging_mixin.py:190} INFO - [2025-01-15T13:59:10.643+0800] {dag.py:4180} INFO - Setting next_dagrun for example_weekday_branch_operator to 2025-01-14 00:00:00+00:00, run_after=2025-01-15 00:00:00+00:00
[2025-01-15T13:59:10.692+0800] {processor.py:208} INFO - Processing /opt/anaconda3/envs/PyTorch/lib/python3.11/site-packages/airflow/example_dags/example_branch_day_of_week_operator.py took 0.102 seconds
[2025-01-15T14:03:04.274+0800] {processor.py:186} INFO - Started process (PID=87260) to work on /opt/anaconda3/envs/PyTorch/lib/python3.11/site-packages/airflow/example_dags/example_branch_day_of_week_operator.py
[2025-01-15T14:03:04.275+0800] {processor.py:914} INFO - Processing file /opt/anaconda3/envs/PyTorch/lib/python3.11/site-packages/airflow/example_dags/example_branch_day_of_week_operator.py for tasks to queue
[2025-01-15T14:03:04.276+0800] {logging_mixin.py:190} INFO - [2025-01-15T14:03:04.276+0800] {dagbag.py:588} INFO - Filling up the DagBag from /opt/anaconda3/envs/PyTorch/lib/python3.11/site-packages/airflow/example_dags/example_branch_day_of_week_operator.py
[2025-01-15T14:03:04.280+0800] {processor.py:925} INFO - DAG(s) 'example_weekday_branch_operator' retrieved from /opt/anaconda3/envs/PyTorch/lib/python3.11/site-packages/airflow/example_dags/example_branch_day_of_week_operator.py
[2025-01-15T14:03:04.315+0800] {logging_mixin.py:190} INFO - [2025-01-15T14:03:04.315+0800] {dag.py:3239} INFO - Sync 1 DAGs
[2025-01-15T14:03:04.322+0800] {logging_mixin.py:190} INFO - [2025-01-15T14:03:04.322+0800] {dag.py:4180} INFO - Setting next_dagrun for example_weekday_branch_operator to 2025-01-14 00:00:00+00:00, run_after=2025-01-15 00:00:00+00:00
[2025-01-15T14:03:04.365+0800] {processor.py:208} INFO - Processing /opt/anaconda3/envs/PyTorch/lib/python3.11/site-packages/airflow/example_dags/example_branch_day_of_week_operator.py took 0.094 seconds
[2025-01-15T14:06:58.042+0800] {processor.py:186} INFO - Started process (PID=89485) to work on /opt/anaconda3/envs/PyTorch/lib/python3.11/site-packages/airflow/example_dags/example_branch_day_of_week_operator.py
[2025-01-15T14:06:58.043+0800] {processor.py:914} INFO - Processing file /opt/anaconda3/envs/PyTorch/lib/python3.11/site-packages/airflow/example_dags/example_branch_day_of_week_operator.py for tasks to queue
[2025-01-15T14:06:58.043+0800] {logging_mixin.py:190} INFO - [2025-01-15T14:06:58.043+0800] {dagbag.py:588} INFO - Filling up the DagBag from /opt/anaconda3/envs/PyTorch/lib/python3.11/site-packages/airflow/example_dags/example_branch_day_of_week_operator.py
[2025-01-15T14:06:58.048+0800] {processor.py:925} INFO - DAG(s) 'example_weekday_branch_operator' retrieved from /opt/anaconda3/envs/PyTorch/lib/python3.11/site-packages/airflow/example_dags/example_branch_day_of_week_operator.py
[2025-01-15T14:06:58.087+0800] {logging_mixin.py:190} INFO - [2025-01-15T14:06:58.087+0800] {dag.py:3239} INFO - Sync 1 DAGs
[2025-01-15T14:06:58.095+0800] {logging_mixin.py:190} INFO - [2025-01-15T14:06:58.095+0800] {dag.py:4180} INFO - Setting next_dagrun for example_weekday_branch_operator to 2025-01-14 00:00:00+00:00, run_after=2025-01-15 00:00:00+00:00
[2025-01-15T14:06:58.145+0800] {processor.py:208} INFO - Processing /opt/anaconda3/envs/PyTorch/lib/python3.11/site-packages/airflow/example_dags/example_branch_day_of_week_operator.py took 0.105 seconds
[2025-01-15T14:11:02.590+0800] {processor.py:186} INFO - Started process (PID=91812) to work on /opt/anaconda3/envs/PyTorch/lib/python3.11/site-packages/airflow/example_dags/example_branch_day_of_week_operator.py
[2025-01-15T14:11:02.594+0800] {processor.py:914} INFO - Processing file /opt/anaconda3/envs/PyTorch/lib/python3.11/site-packages/airflow/example_dags/example_branch_day_of_week_operator.py for tasks to queue
[2025-01-15T14:11:02.594+0800] {logging_mixin.py:190} INFO - [2025-01-15T14:11:02.594+0800] {dagbag.py:588} INFO - Filling up the DagBag from /opt/anaconda3/envs/PyTorch/lib/python3.11/site-packages/airflow/example_dags/example_branch_day_of_week_operator.py
[2025-01-15T14:11:02.600+0800] {processor.py:925} INFO - DAG(s) 'example_weekday_branch_operator' retrieved from /opt/anaconda3/envs/PyTorch/lib/python3.11/site-packages/airflow/example_dags/example_branch_day_of_week_operator.py
[2025-01-15T14:11:02.641+0800] {logging_mixin.py:190} INFO - [2025-01-15T14:11:02.641+0800] {dag.py:3239} INFO - Sync 1 DAGs
[2025-01-15T14:11:02.650+0800] {logging_mixin.py:190} INFO - [2025-01-15T14:11:02.649+0800] {dag.py:4180} INFO - Setting next_dagrun for example_weekday_branch_operator to 2025-01-14 00:00:00+00:00, run_after=2025-01-15 00:00:00+00:00
[2025-01-15T14:11:02.700+0800] {processor.py:208} INFO - Processing /opt/anaconda3/envs/PyTorch/lib/python3.11/site-packages/airflow/example_dags/example_branch_day_of_week_operator.py took 0.112 seconds
[2025-01-15T14:14:36.494+0800] {processor.py:186} INFO - Started process (PID=93808) to work on /opt/anaconda3/envs/PyTorch/lib/python3.11/site-packages/airflow/example_dags/example_branch_day_of_week_operator.py
[2025-01-15T14:14:36.495+0800] {processor.py:914} INFO - Processing file /opt/anaconda3/envs/PyTorch/lib/python3.11/site-packages/airflow/example_dags/example_branch_day_of_week_operator.py for tasks to queue
[2025-01-15T14:14:36.496+0800] {logging_mixin.py:190} INFO - [2025-01-15T14:14:36.496+0800] {dagbag.py:588} INFO - Filling up the DagBag from /opt/anaconda3/envs/PyTorch/lib/python3.11/site-packages/airflow/example_dags/example_branch_day_of_week_operator.py
[2025-01-15T14:14:36.517+0800] {processor.py:925} INFO - DAG(s) 'example_weekday_branch_operator' retrieved from /opt/anaconda3/envs/PyTorch/lib/python3.11/site-packages/airflow/example_dags/example_branch_day_of_week_operator.py
[2025-01-15T14:14:36.571+0800] {logging_mixin.py:190} INFO - [2025-01-15T14:14:36.571+0800] {dag.py:3239} INFO - Sync 1 DAGs
[2025-01-15T14:14:36.581+0800] {logging_mixin.py:190} INFO - [2025-01-15T14:14:36.581+0800] {dag.py:4180} INFO - Setting next_dagrun for example_weekday_branch_operator to 2025-01-14 00:00:00+00:00, run_after=2025-01-15 00:00:00+00:00
[2025-01-15T14:14:36.641+0800] {processor.py:208} INFO - Processing /opt/anaconda3/envs/PyTorch/lib/python3.11/site-packages/airflow/example_dags/example_branch_day_of_week_operator.py took 0.149 seconds
[2025-01-15T14:18:32.547+0800] {processor.py:186} INFO - Started process (PID=96027) to work on /opt/anaconda3/envs/PyTorch/lib/python3.11/site-packages/airflow/example_dags/example_branch_day_of_week_operator.py
[2025-01-15T14:18:32.548+0800] {processor.py:914} INFO - Processing file /opt/anaconda3/envs/PyTorch/lib/python3.11/site-packages/airflow/example_dags/example_branch_day_of_week_operator.py for tasks to queue
[2025-01-15T14:18:32.549+0800] {logging_mixin.py:190} INFO - [2025-01-15T14:18:32.548+0800] {dagbag.py:588} INFO - Filling up the DagBag from /opt/anaconda3/envs/PyTorch/lib/python3.11/site-packages/airflow/example_dags/example_branch_day_of_week_operator.py
[2025-01-15T14:18:32.554+0800] {processor.py:925} INFO - DAG(s) 'example_weekday_branch_operator' retrieved from /opt/anaconda3/envs/PyTorch/lib/python3.11/site-packages/airflow/example_dags/example_branch_day_of_week_operator.py
[2025-01-15T14:18:32.596+0800] {logging_mixin.py:190} INFO - [2025-01-15T14:18:32.596+0800] {dag.py:3239} INFO - Sync 1 DAGs
[2025-01-15T14:18:32.604+0800] {logging_mixin.py:190} INFO - [2025-01-15T14:18:32.604+0800] {dag.py:4180} INFO - Setting next_dagrun for example_weekday_branch_operator to 2025-01-14 00:00:00+00:00, run_after=2025-01-15 00:00:00+00:00
[2025-01-15T14:18:32.654+0800] {processor.py:208} INFO - Processing /opt/anaconda3/envs/PyTorch/lib/python3.11/site-packages/airflow/example_dags/example_branch_day_of_week_operator.py took 0.109 seconds
[2025-01-15T14:22:26.747+0800] {processor.py:186} INFO - Started process (PID=98149) to work on /opt/anaconda3/envs/PyTorch/lib/python3.11/site-packages/airflow/example_dags/example_branch_day_of_week_operator.py
[2025-01-15T14:22:26.749+0800] {processor.py:914} INFO - Processing file /opt/anaconda3/envs/PyTorch/lib/python3.11/site-packages/airflow/example_dags/example_branch_day_of_week_operator.py for tasks to queue
[2025-01-15T14:22:26.749+0800] {logging_mixin.py:190} INFO - [2025-01-15T14:22:26.749+0800] {dagbag.py:588} INFO - Filling up the DagBag from /opt/anaconda3/envs/PyTorch/lib/python3.11/site-packages/airflow/example_dags/example_branch_day_of_week_operator.py
[2025-01-15T14:22:26.754+0800] {processor.py:925} INFO - DAG(s) 'example_weekday_branch_operator' retrieved from /opt/anaconda3/envs/PyTorch/lib/python3.11/site-packages/airflow/example_dags/example_branch_day_of_week_operator.py
[2025-01-15T14:22:26.793+0800] {logging_mixin.py:190} INFO - [2025-01-15T14:22:26.792+0800] {dag.py:3239} INFO - Sync 1 DAGs
[2025-01-15T14:22:26.800+0800] {logging_mixin.py:190} INFO - [2025-01-15T14:22:26.800+0800] {dag.py:4180} INFO - Setting next_dagrun for example_weekday_branch_operator to 2025-01-14 00:00:00+00:00, run_after=2025-01-15 00:00:00+00:00
[2025-01-15T14:22:26.844+0800] {processor.py:208} INFO - Processing /opt/anaconda3/envs/PyTorch/lib/python3.11/site-packages/airflow/example_dags/example_branch_day_of_week_operator.py took 0.098 seconds
[2025-01-15T14:26:11.328+0800] {processor.py:186} INFO - Started process (PID=338) to work on /opt/anaconda3/envs/PyTorch/lib/python3.11/site-packages/airflow/example_dags/example_branch_day_of_week_operator.py
[2025-01-15T14:26:11.329+0800] {processor.py:914} INFO - Processing file /opt/anaconda3/envs/PyTorch/lib/python3.11/site-packages/airflow/example_dags/example_branch_day_of_week_operator.py for tasks to queue
[2025-01-15T14:26:11.329+0800] {logging_mixin.py:190} INFO - [2025-01-15T14:26:11.329+0800] {dagbag.py:588} INFO - Filling up the DagBag from /opt/anaconda3/envs/PyTorch/lib/python3.11/site-packages/airflow/example_dags/example_branch_day_of_week_operator.py
[2025-01-15T14:26:11.335+0800] {processor.py:925} INFO - DAG(s) 'example_weekday_branch_operator' retrieved from /opt/anaconda3/envs/PyTorch/lib/python3.11/site-packages/airflow/example_dags/example_branch_day_of_week_operator.py
[2025-01-15T14:26:11.378+0800] {logging_mixin.py:190} INFO - [2025-01-15T14:26:11.377+0800] {dag.py:3239} INFO - Sync 1 DAGs
[2025-01-15T14:26:11.388+0800] {logging_mixin.py:190} INFO - [2025-01-15T14:26:11.387+0800] {dag.py:4180} INFO - Setting next_dagrun for example_weekday_branch_operator to 2025-01-14 00:00:00+00:00, run_after=2025-01-15 00:00:00+00:00
[2025-01-15T14:26:11.433+0800] {processor.py:208} INFO - Processing /opt/anaconda3/envs/PyTorch/lib/python3.11/site-packages/airflow/example_dags/example_branch_day_of_week_operator.py took 0.107 seconds
[2025-01-15T14:29:43.910+0800] {processor.py:186} INFO - Started process (PID=3068) to work on /opt/anaconda3/envs/PyTorch/lib/python3.11/site-packages/airflow/example_dags/example_branch_day_of_week_operator.py
[2025-01-15T14:29:43.910+0800] {processor.py:914} INFO - Processing file /opt/anaconda3/envs/PyTorch/lib/python3.11/site-packages/airflow/example_dags/example_branch_day_of_week_operator.py for tasks to queue
[2025-01-15T14:29:43.911+0800] {logging_mixin.py:190} INFO - [2025-01-15T14:29:43.911+0800] {dagbag.py:588} INFO - Filling up the DagBag from /opt/anaconda3/envs/PyTorch/lib/python3.11/site-packages/airflow/example_dags/example_branch_day_of_week_operator.py
[2025-01-15T14:29:43.916+0800] {processor.py:925} INFO - DAG(s) 'example_weekday_branch_operator' retrieved from /opt/anaconda3/envs/PyTorch/lib/python3.11/site-packages/airflow/example_dags/example_branch_day_of_week_operator.py
[2025-01-15T14:29:43.953+0800] {logging_mixin.py:190} INFO - [2025-01-15T14:29:43.953+0800] {dag.py:3239} INFO - Sync 1 DAGs
[2025-01-15T14:29:43.960+0800] {logging_mixin.py:190} INFO - [2025-01-15T14:29:43.960+0800] {dag.py:4180} INFO - Setting next_dagrun for example_weekday_branch_operator to 2025-01-14 00:00:00+00:00, run_after=2025-01-15 00:00:00+00:00
[2025-01-15T14:29:44.004+0800] {processor.py:208} INFO - Processing /opt/anaconda3/envs/PyTorch/lib/python3.11/site-packages/airflow/example_dags/example_branch_day_of_week_operator.py took 0.096 seconds
