[2025-01-15T11:50:50.218+0800] {processor.py:186} INFO - Started process (PID=15517) to work on /opt/anaconda3/envs/PyTorch/lib/python3.11/site-packages/airflow/example_dags/example_branch_python_dop_operator_3.py
[2025-01-15T11:50:50.218+0800] {processor.py:914} INFO - Processing file /opt/anaconda3/envs/PyTorch/lib/python3.11/site-packages/airflow/example_dags/example_branch_python_dop_operator_3.py for tasks to queue
[2025-01-15T11:50:50.219+0800] {logging_mixin.py:190} INFO - [2025-01-15T11:50:50.219+0800] {dagbag.py:588} INFO - Filling up the DagBag from /opt/anaconda3/envs/PyTorch/lib/python3.11/site-packages/airflow/example_dags/example_branch_python_dop_operator_3.py
[2025-01-15T11:50:50.236+0800] {processor.py:925} INFO - DAG(s) 'example_branch_dop_operator_v3' retrieved from /opt/anaconda3/envs/PyTorch/lib/python3.11/site-packages/airflow/example_dags/example_branch_python_dop_operator_3.py
[2025-01-15T11:50:50.342+0800] {logging_mixin.py:190} INFO - [2025-01-15T11:50:50.342+0800] {override.py:1912} INFO - Created Permission View: can delete on DAG:example_branch_dop_operator_v3
[2025-01-15T11:50:50.345+0800] {logging_mixin.py:190} INFO - [2025-01-15T11:50:50.345+0800] {override.py:1912} INFO - Created Permission View: can edit on DAG:example_branch_dop_operator_v3
[2025-01-15T11:50:50.347+0800] {logging_mixin.py:190} INFO - [2025-01-15T11:50:50.347+0800] {override.py:1912} INFO - Created Permission View: can read on DAG:example_branch_dop_operator_v3
[2025-01-15T11:50:50.350+0800] {logging_mixin.py:190} INFO - [2025-01-15T11:50:50.350+0800] {override.py:1912} INFO - Created Permission View: can delete on DAG Run:example_branch_dop_operator_v3
[2025-01-15T11:50:50.351+0800] {logging_mixin.py:190} INFO - [2025-01-15T11:50:50.351+0800] {override.py:1912} INFO - Created Permission View: can create on DAG Run:example_branch_dop_operator_v3
[2025-01-15T11:50:50.353+0800] {logging_mixin.py:190} INFO - [2025-01-15T11:50:50.353+0800] {override.py:1912} INFO - Created Permission View: menu access on DAG Run:example_branch_dop_operator_v3
[2025-01-15T11:50:50.355+0800] {logging_mixin.py:190} INFO - [2025-01-15T11:50:50.355+0800] {override.py:1912} INFO - Created Permission View: can read on DAG Run:example_branch_dop_operator_v3
[2025-01-15T11:50:50.355+0800] {logging_mixin.py:190} INFO - [2025-01-15T11:50:50.355+0800] {dag.py:3239} INFO - Sync 1 DAGs
[2025-01-15T11:50:50.360+0800] {logging_mixin.py:190} INFO - [2025-01-15T11:50:50.360+0800] {dag.py:3262} INFO - Creating ORM DAG for example_branch_dop_operator_v3
[2025-01-15T11:50:50.364+0800] {logging_mixin.py:190} INFO - [2025-01-15T11:50:50.364+0800] {dag.py:4180} INFO - Setting next_dagrun for example_branch_dop_operator_v3 to 2025-01-15 03:49:00+00:00, run_after=2025-01-15 03:50:00+00:00
[2025-01-15T11:50:50.370+0800] {processor.py:208} INFO - Processing /opt/anaconda3/envs/PyTorch/lib/python3.11/site-packages/airflow/example_dags/example_branch_python_dop_operator_3.py took 0.155 seconds
[2025-01-15T11:57:20.352+0800] {processor.py:186} INFO - Started process (PID=18763) to work on /opt/anaconda3/envs/PyTorch/lib/python3.11/site-packages/airflow/example_dags/example_branch_python_dop_operator_3.py
[2025-01-15T11:57:20.353+0800] {processor.py:914} INFO - Processing file /opt/anaconda3/envs/PyTorch/lib/python3.11/site-packages/airflow/example_dags/example_branch_python_dop_operator_3.py for tasks to queue
[2025-01-15T11:57:20.354+0800] {logging_mixin.py:190} INFO - [2025-01-15T11:57:20.354+0800] {dagbag.py:588} INFO - Filling up the DagBag from /opt/anaconda3/envs/PyTorch/lib/python3.11/site-packages/airflow/example_dags/example_branch_python_dop_operator_3.py
[2025-01-15T11:57:20.372+0800] {processor.py:925} INFO - DAG(s) 'example_branch_dop_operator_v3' retrieved from /opt/anaconda3/envs/PyTorch/lib/python3.11/site-packages/airflow/example_dags/example_branch_python_dop_operator_3.py
[2025-01-15T11:57:20.446+0800] {logging_mixin.py:190} INFO - [2025-01-15T11:57:20.446+0800] {dag.py:3239} INFO - Sync 1 DAGs
[2025-01-15T11:57:20.454+0800] {logging_mixin.py:190} INFO - [2025-01-15T11:57:20.454+0800] {dag.py:4180} INFO - Setting next_dagrun for example_branch_dop_operator_v3 to 2025-01-15 03:56:00+00:00, run_after=2025-01-15 03:57:00+00:00
[2025-01-15T11:57:20.461+0800] {processor.py:208} INFO - Processing /opt/anaconda3/envs/PyTorch/lib/python3.11/site-packages/airflow/example_dags/example_branch_python_dop_operator_3.py took 0.111 seconds
[2025-01-15T11:59:16.406+0800] {processor.py:186} INFO - Started process (PID=19822) to work on /opt/anaconda3/envs/PyTorch/lib/python3.11/site-packages/airflow/example_dags/example_branch_python_dop_operator_3.py
[2025-01-15T11:59:16.407+0800] {processor.py:914} INFO - Processing file /opt/anaconda3/envs/PyTorch/lib/python3.11/site-packages/airflow/example_dags/example_branch_python_dop_operator_3.py for tasks to queue
[2025-01-15T11:59:16.408+0800] {logging_mixin.py:190} INFO - [2025-01-15T11:59:16.408+0800] {dagbag.py:588} INFO - Filling up the DagBag from /opt/anaconda3/envs/PyTorch/lib/python3.11/site-packages/airflow/example_dags/example_branch_python_dop_operator_3.py
[2025-01-15T11:59:16.425+0800] {processor.py:925} INFO - DAG(s) 'example_branch_dop_operator_v3' retrieved from /opt/anaconda3/envs/PyTorch/lib/python3.11/site-packages/airflow/example_dags/example_branch_python_dop_operator_3.py
[2025-01-15T11:59:16.506+0800] {logging_mixin.py:190} INFO - [2025-01-15T11:59:16.505+0800] {dag.py:3239} INFO - Sync 1 DAGs
[2025-01-15T11:59:16.514+0800] {logging_mixin.py:190} INFO - [2025-01-15T11:59:16.514+0800] {dag.py:4180} INFO - Setting next_dagrun for example_branch_dop_operator_v3 to 2025-01-15 03:58:00+00:00, run_after=2025-01-15 03:59:00+00:00
[2025-01-15T11:59:16.521+0800] {processor.py:208} INFO - Processing /opt/anaconda3/envs/PyTorch/lib/python3.11/site-packages/airflow/example_dags/example_branch_python_dop_operator_3.py took 0.117 seconds
[2025-01-15T12:02:11.265+0800] {processor.py:186} INFO - Started process (PID=21368) to work on /opt/anaconda3/envs/PyTorch/lib/python3.11/site-packages/airflow/example_dags/example_branch_python_dop_operator_3.py
[2025-01-15T12:02:11.266+0800] {processor.py:914} INFO - Processing file /opt/anaconda3/envs/PyTorch/lib/python3.11/site-packages/airflow/example_dags/example_branch_python_dop_operator_3.py for tasks to queue
[2025-01-15T12:02:11.267+0800] {logging_mixin.py:190} INFO - [2025-01-15T12:02:11.266+0800] {dagbag.py:588} INFO - Filling up the DagBag from /opt/anaconda3/envs/PyTorch/lib/python3.11/site-packages/airflow/example_dags/example_branch_python_dop_operator_3.py
[2025-01-15T12:02:11.283+0800] {processor.py:925} INFO - DAG(s) 'example_branch_dop_operator_v3' retrieved from /opt/anaconda3/envs/PyTorch/lib/python3.11/site-packages/airflow/example_dags/example_branch_python_dop_operator_3.py
[2025-01-15T12:02:11.356+0800] {logging_mixin.py:190} INFO - [2025-01-15T12:02:11.355+0800] {dag.py:3239} INFO - Sync 1 DAGs
[2025-01-15T12:02:11.363+0800] {logging_mixin.py:190} INFO - [2025-01-15T12:02:11.363+0800] {dag.py:4180} INFO - Setting next_dagrun for example_branch_dop_operator_v3 to 2025-01-15 04:01:00+00:00, run_after=2025-01-15 04:02:00+00:00
[2025-01-15T12:02:11.370+0800] {processor.py:208} INFO - Processing /opt/anaconda3/envs/PyTorch/lib/python3.11/site-packages/airflow/example_dags/example_branch_python_dop_operator_3.py took 0.107 seconds
[2025-01-15T12:05:03.334+0800] {processor.py:186} INFO - Started process (PID=22887) to work on /opt/anaconda3/envs/PyTorch/lib/python3.11/site-packages/airflow/example_dags/example_branch_python_dop_operator_3.py
[2025-01-15T12:05:03.335+0800] {processor.py:914} INFO - Processing file /opt/anaconda3/envs/PyTorch/lib/python3.11/site-packages/airflow/example_dags/example_branch_python_dop_operator_3.py for tasks to queue
[2025-01-15T12:05:03.336+0800] {logging_mixin.py:190} INFO - [2025-01-15T12:05:03.335+0800] {dagbag.py:588} INFO - Filling up the DagBag from /opt/anaconda3/envs/PyTorch/lib/python3.11/site-packages/airflow/example_dags/example_branch_python_dop_operator_3.py
[2025-01-15T12:05:03.353+0800] {processor.py:925} INFO - DAG(s) 'example_branch_dop_operator_v3' retrieved from /opt/anaconda3/envs/PyTorch/lib/python3.11/site-packages/airflow/example_dags/example_branch_python_dop_operator_3.py
[2025-01-15T12:05:03.424+0800] {logging_mixin.py:190} INFO - [2025-01-15T12:05:03.424+0800] {dag.py:3239} INFO - Sync 1 DAGs
[2025-01-15T12:05:03.433+0800] {logging_mixin.py:190} INFO - [2025-01-15T12:05:03.433+0800] {dag.py:4180} INFO - Setting next_dagrun for example_branch_dop_operator_v3 to 2025-01-15 04:04:00+00:00, run_after=2025-01-15 04:05:00+00:00
[2025-01-15T12:05:03.439+0800] {processor.py:208} INFO - Processing /opt/anaconda3/envs/PyTorch/lib/python3.11/site-packages/airflow/example_dags/example_branch_python_dop_operator_3.py took 0.107 seconds
[2025-01-15T12:07:58.361+0800] {processor.py:186} INFO - Started process (PID=24490) to work on /opt/anaconda3/envs/PyTorch/lib/python3.11/site-packages/airflow/example_dags/example_branch_python_dop_operator_3.py
[2025-01-15T12:07:58.362+0800] {processor.py:914} INFO - Processing file /opt/anaconda3/envs/PyTorch/lib/python3.11/site-packages/airflow/example_dags/example_branch_python_dop_operator_3.py for tasks to queue
[2025-01-15T12:07:58.363+0800] {logging_mixin.py:190} INFO - [2025-01-15T12:07:58.363+0800] {dagbag.py:588} INFO - Filling up the DagBag from /opt/anaconda3/envs/PyTorch/lib/python3.11/site-packages/airflow/example_dags/example_branch_python_dop_operator_3.py
[2025-01-15T12:07:58.380+0800] {processor.py:925} INFO - DAG(s) 'example_branch_dop_operator_v3' retrieved from /opt/anaconda3/envs/PyTorch/lib/python3.11/site-packages/airflow/example_dags/example_branch_python_dop_operator_3.py
[2025-01-15T12:07:58.451+0800] {logging_mixin.py:190} INFO - [2025-01-15T12:07:58.451+0800] {dag.py:3239} INFO - Sync 1 DAGs
[2025-01-15T12:07:58.460+0800] {logging_mixin.py:190} INFO - [2025-01-15T12:07:58.460+0800] {dag.py:4180} INFO - Setting next_dagrun for example_branch_dop_operator_v3 to 2025-01-15 04:06:00+00:00, run_after=2025-01-15 04:07:00+00:00
[2025-01-15T12:07:58.467+0800] {processor.py:208} INFO - Processing /opt/anaconda3/envs/PyTorch/lib/python3.11/site-packages/airflow/example_dags/example_branch_python_dop_operator_3.py took 0.109 seconds
[2025-01-15T12:10:54.227+0800] {processor.py:186} INFO - Started process (PID=26084) to work on /opt/anaconda3/envs/PyTorch/lib/python3.11/site-packages/airflow/example_dags/example_branch_python_dop_operator_3.py
[2025-01-15T12:10:54.228+0800] {processor.py:914} INFO - Processing file /opt/anaconda3/envs/PyTorch/lib/python3.11/site-packages/airflow/example_dags/example_branch_python_dop_operator_3.py for tasks to queue
[2025-01-15T12:10:54.228+0800] {logging_mixin.py:190} INFO - [2025-01-15T12:10:54.228+0800] {dagbag.py:588} INFO - Filling up the DagBag from /opt/anaconda3/envs/PyTorch/lib/python3.11/site-packages/airflow/example_dags/example_branch_python_dop_operator_3.py
[2025-01-15T12:10:54.246+0800] {processor.py:925} INFO - DAG(s) 'example_branch_dop_operator_v3' retrieved from /opt/anaconda3/envs/PyTorch/lib/python3.11/site-packages/airflow/example_dags/example_branch_python_dop_operator_3.py
[2025-01-15T12:10:54.318+0800] {logging_mixin.py:190} INFO - [2025-01-15T12:10:54.318+0800] {dag.py:3239} INFO - Sync 1 DAGs
[2025-01-15T12:10:54.328+0800] {logging_mixin.py:190} INFO - [2025-01-15T12:10:54.328+0800] {dag.py:4180} INFO - Setting next_dagrun for example_branch_dop_operator_v3 to 2025-01-15 04:09:00+00:00, run_after=2025-01-15 04:10:00+00:00
[2025-01-15T12:10:54.335+0800] {processor.py:208} INFO - Processing /opt/anaconda3/envs/PyTorch/lib/python3.11/site-packages/airflow/example_dags/example_branch_python_dop_operator_3.py took 0.110 seconds
[2025-01-15T12:13:50.967+0800] {processor.py:186} INFO - Started process (PID=27658) to work on /opt/anaconda3/envs/PyTorch/lib/python3.11/site-packages/airflow/example_dags/example_branch_python_dop_operator_3.py
[2025-01-15T12:13:50.968+0800] {processor.py:914} INFO - Processing file /opt/anaconda3/envs/PyTorch/lib/python3.11/site-packages/airflow/example_dags/example_branch_python_dop_operator_3.py for tasks to queue
[2025-01-15T12:13:50.969+0800] {logging_mixin.py:190} INFO - [2025-01-15T12:13:50.968+0800] {dagbag.py:588} INFO - Filling up the DagBag from /opt/anaconda3/envs/PyTorch/lib/python3.11/site-packages/airflow/example_dags/example_branch_python_dop_operator_3.py
[2025-01-15T12:13:50.986+0800] {processor.py:925} INFO - DAG(s) 'example_branch_dop_operator_v3' retrieved from /opt/anaconda3/envs/PyTorch/lib/python3.11/site-packages/airflow/example_dags/example_branch_python_dop_operator_3.py
[2025-01-15T12:13:51.059+0800] {logging_mixin.py:190} INFO - [2025-01-15T12:13:51.058+0800] {dag.py:3239} INFO - Sync 1 DAGs
[2025-01-15T12:13:51.067+0800] {logging_mixin.py:190} INFO - [2025-01-15T12:13:51.067+0800] {dag.py:4180} INFO - Setting next_dagrun for example_branch_dop_operator_v3 to 2025-01-15 04:12:00+00:00, run_after=2025-01-15 04:13:00+00:00
[2025-01-15T12:13:51.073+0800] {processor.py:208} INFO - Processing /opt/anaconda3/envs/PyTorch/lib/python3.11/site-packages/airflow/example_dags/example_branch_python_dop_operator_3.py took 0.108 seconds
[2025-01-15T12:16:48.838+0800] {processor.py:186} INFO - Started process (PID=29235) to work on /opt/anaconda3/envs/PyTorch/lib/python3.11/site-packages/airflow/example_dags/example_branch_python_dop_operator_3.py
[2025-01-15T12:16:48.839+0800] {processor.py:914} INFO - Processing file /opt/anaconda3/envs/PyTorch/lib/python3.11/site-packages/airflow/example_dags/example_branch_python_dop_operator_3.py for tasks to queue
[2025-01-15T12:16:48.839+0800] {logging_mixin.py:190} INFO - [2025-01-15T12:16:48.839+0800] {dagbag.py:588} INFO - Filling up the DagBag from /opt/anaconda3/envs/PyTorch/lib/python3.11/site-packages/airflow/example_dags/example_branch_python_dop_operator_3.py
[2025-01-15T12:16:48.856+0800] {processor.py:925} INFO - DAG(s) 'example_branch_dop_operator_v3' retrieved from /opt/anaconda3/envs/PyTorch/lib/python3.11/site-packages/airflow/example_dags/example_branch_python_dop_operator_3.py
[2025-01-15T12:16:48.927+0800] {logging_mixin.py:190} INFO - [2025-01-15T12:16:48.927+0800] {dag.py:3239} INFO - Sync 1 DAGs
[2025-01-15T12:16:48.936+0800] {logging_mixin.py:190} INFO - [2025-01-15T12:16:48.936+0800] {dag.py:4180} INFO - Setting next_dagrun for example_branch_dop_operator_v3 to 2025-01-15 04:15:00+00:00, run_after=2025-01-15 04:16:00+00:00
[2025-01-15T12:16:48.942+0800] {processor.py:208} INFO - Processing /opt/anaconda3/envs/PyTorch/lib/python3.11/site-packages/airflow/example_dags/example_branch_python_dop_operator_3.py took 0.106 seconds
[2025-01-15T12:19:44.669+0800] {processor.py:186} INFO - Started process (PID=30791) to work on /opt/anaconda3/envs/PyTorch/lib/python3.11/site-packages/airflow/example_dags/example_branch_python_dop_operator_3.py
[2025-01-15T12:19:44.671+0800] {processor.py:914} INFO - Processing file /opt/anaconda3/envs/PyTorch/lib/python3.11/site-packages/airflow/example_dags/example_branch_python_dop_operator_3.py for tasks to queue
[2025-01-15T12:19:44.672+0800] {logging_mixin.py:190} INFO - [2025-01-15T12:19:44.671+0800] {dagbag.py:588} INFO - Filling up the DagBag from /opt/anaconda3/envs/PyTorch/lib/python3.11/site-packages/airflow/example_dags/example_branch_python_dop_operator_3.py
[2025-01-15T12:19:44.689+0800] {processor.py:925} INFO - DAG(s) 'example_branch_dop_operator_v3' retrieved from /opt/anaconda3/envs/PyTorch/lib/python3.11/site-packages/airflow/example_dags/example_branch_python_dop_operator_3.py
[2025-01-15T12:19:44.763+0800] {logging_mixin.py:190} INFO - [2025-01-15T12:19:44.763+0800] {dag.py:3239} INFO - Sync 1 DAGs
[2025-01-15T12:19:44.771+0800] {logging_mixin.py:190} INFO - [2025-01-15T12:19:44.771+0800] {dag.py:4180} INFO - Setting next_dagrun for example_branch_dop_operator_v3 to 2025-01-15 04:18:00+00:00, run_after=2025-01-15 04:19:00+00:00
[2025-01-15T12:19:44.777+0800] {processor.py:208} INFO - Processing /opt/anaconda3/envs/PyTorch/lib/python3.11/site-packages/airflow/example_dags/example_branch_python_dop_operator_3.py took 0.110 seconds
[2025-01-15T12:22:50.543+0800] {processor.py:186} INFO - Started process (PID=32427) to work on /opt/anaconda3/envs/PyTorch/lib/python3.11/site-packages/airflow/example_dags/example_branch_python_dop_operator_3.py
[2025-01-15T12:22:50.545+0800] {processor.py:914} INFO - Processing file /opt/anaconda3/envs/PyTorch/lib/python3.11/site-packages/airflow/example_dags/example_branch_python_dop_operator_3.py for tasks to queue
[2025-01-15T12:22:50.545+0800] {logging_mixin.py:190} INFO - [2025-01-15T12:22:50.545+0800] {dagbag.py:588} INFO - Filling up the DagBag from /opt/anaconda3/envs/PyTorch/lib/python3.11/site-packages/airflow/example_dags/example_branch_python_dop_operator_3.py
[2025-01-15T12:22:50.563+0800] {processor.py:925} INFO - DAG(s) 'example_branch_dop_operator_v3' retrieved from /opt/anaconda3/envs/PyTorch/lib/python3.11/site-packages/airflow/example_dags/example_branch_python_dop_operator_3.py
[2025-01-15T12:22:50.634+0800] {logging_mixin.py:190} INFO - [2025-01-15T12:22:50.634+0800] {dag.py:3239} INFO - Sync 1 DAGs
[2025-01-15T12:22:50.643+0800] {logging_mixin.py:190} INFO - [2025-01-15T12:22:50.643+0800] {dag.py:4180} INFO - Setting next_dagrun for example_branch_dop_operator_v3 to 2025-01-15 04:21:00+00:00, run_after=2025-01-15 04:22:00+00:00
[2025-01-15T12:22:50.649+0800] {processor.py:208} INFO - Processing /opt/anaconda3/envs/PyTorch/lib/python3.11/site-packages/airflow/example_dags/example_branch_python_dop_operator_3.py took 0.107 seconds
[2025-01-15T12:25:48.021+0800] {processor.py:186} INFO - Started process (PID=33991) to work on /opt/anaconda3/envs/PyTorch/lib/python3.11/site-packages/airflow/example_dags/example_branch_python_dop_operator_3.py
[2025-01-15T12:25:48.022+0800] {processor.py:914} INFO - Processing file /opt/anaconda3/envs/PyTorch/lib/python3.11/site-packages/airflow/example_dags/example_branch_python_dop_operator_3.py for tasks to queue
[2025-01-15T12:25:48.023+0800] {logging_mixin.py:190} INFO - [2025-01-15T12:25:48.022+0800] {dagbag.py:588} INFO - Filling up the DagBag from /opt/anaconda3/envs/PyTorch/lib/python3.11/site-packages/airflow/example_dags/example_branch_python_dop_operator_3.py
[2025-01-15T12:25:48.040+0800] {processor.py:925} INFO - DAG(s) 'example_branch_dop_operator_v3' retrieved from /opt/anaconda3/envs/PyTorch/lib/python3.11/site-packages/airflow/example_dags/example_branch_python_dop_operator_3.py
[2025-01-15T12:25:48.113+0800] {logging_mixin.py:190} INFO - [2025-01-15T12:25:48.112+0800] {dag.py:3239} INFO - Sync 1 DAGs
[2025-01-15T12:25:48.122+0800] {logging_mixin.py:190} INFO - [2025-01-15T12:25:48.121+0800] {dag.py:4180} INFO - Setting next_dagrun for example_branch_dop_operator_v3 to 2025-01-15 04:24:00+00:00, run_after=2025-01-15 04:25:00+00:00
[2025-01-15T12:25:48.128+0800] {processor.py:208} INFO - Processing /opt/anaconda3/envs/PyTorch/lib/python3.11/site-packages/airflow/example_dags/example_branch_python_dop_operator_3.py took 0.108 seconds
[2025-01-15T12:28:45.982+0800] {processor.py:186} INFO - Started process (PID=35567) to work on /opt/anaconda3/envs/PyTorch/lib/python3.11/site-packages/airflow/example_dags/example_branch_python_dop_operator_3.py
[2025-01-15T12:28:45.983+0800] {processor.py:914} INFO - Processing file /opt/anaconda3/envs/PyTorch/lib/python3.11/site-packages/airflow/example_dags/example_branch_python_dop_operator_3.py for tasks to queue
[2025-01-15T12:28:45.983+0800] {logging_mixin.py:190} INFO - [2025-01-15T12:28:45.983+0800] {dagbag.py:588} INFO - Filling up the DagBag from /opt/anaconda3/envs/PyTorch/lib/python3.11/site-packages/airflow/example_dags/example_branch_python_dop_operator_3.py
[2025-01-15T12:28:46.001+0800] {processor.py:925} INFO - DAG(s) 'example_branch_dop_operator_v3' retrieved from /opt/anaconda3/envs/PyTorch/lib/python3.11/site-packages/airflow/example_dags/example_branch_python_dop_operator_3.py
[2025-01-15T12:28:46.074+0800] {logging_mixin.py:190} INFO - [2025-01-15T12:28:46.073+0800] {dag.py:3239} INFO - Sync 1 DAGs
[2025-01-15T12:28:46.082+0800] {logging_mixin.py:190} INFO - [2025-01-15T12:28:46.082+0800] {dag.py:4180} INFO - Setting next_dagrun for example_branch_dop_operator_v3 to 2025-01-15 04:27:00+00:00, run_after=2025-01-15 04:28:00+00:00
[2025-01-15T12:28:46.089+0800] {processor.py:208} INFO - Processing /opt/anaconda3/envs/PyTorch/lib/python3.11/site-packages/airflow/example_dags/example_branch_python_dop_operator_3.py took 0.108 seconds
[2025-01-15T12:31:41.374+0800] {processor.py:186} INFO - Started process (PID=37095) to work on /opt/anaconda3/envs/PyTorch/lib/python3.11/site-packages/airflow/example_dags/example_branch_python_dop_operator_3.py
[2025-01-15T12:31:41.375+0800] {processor.py:914} INFO - Processing file /opt/anaconda3/envs/PyTorch/lib/python3.11/site-packages/airflow/example_dags/example_branch_python_dop_operator_3.py for tasks to queue
[2025-01-15T12:31:41.376+0800] {logging_mixin.py:190} INFO - [2025-01-15T12:31:41.376+0800] {dagbag.py:588} INFO - Filling up the DagBag from /opt/anaconda3/envs/PyTorch/lib/python3.11/site-packages/airflow/example_dags/example_branch_python_dop_operator_3.py
[2025-01-15T12:31:41.393+0800] {processor.py:925} INFO - DAG(s) 'example_branch_dop_operator_v3' retrieved from /opt/anaconda3/envs/PyTorch/lib/python3.11/site-packages/airflow/example_dags/example_branch_python_dop_operator_3.py
[2025-01-15T12:31:41.464+0800] {logging_mixin.py:190} INFO - [2025-01-15T12:31:41.464+0800] {dag.py:3239} INFO - Sync 1 DAGs
[2025-01-15T12:31:41.473+0800] {logging_mixin.py:190} INFO - [2025-01-15T12:31:41.473+0800] {dag.py:4180} INFO - Setting next_dagrun for example_branch_dop_operator_v3 to 2025-01-15 04:30:00+00:00, run_after=2025-01-15 04:31:00+00:00
[2025-01-15T12:31:41.479+0800] {processor.py:208} INFO - Processing /opt/anaconda3/envs/PyTorch/lib/python3.11/site-packages/airflow/example_dags/example_branch_python_dop_operator_3.py took 0.106 seconds
[2025-01-15T12:34:36.801+0800] {processor.py:186} INFO - Started process (PID=38655) to work on /opt/anaconda3/envs/PyTorch/lib/python3.11/site-packages/airflow/example_dags/example_branch_python_dop_operator_3.py
[2025-01-15T12:34:36.802+0800] {processor.py:914} INFO - Processing file /opt/anaconda3/envs/PyTorch/lib/python3.11/site-packages/airflow/example_dags/example_branch_python_dop_operator_3.py for tasks to queue
[2025-01-15T12:34:36.803+0800] {logging_mixin.py:190} INFO - [2025-01-15T12:34:36.802+0800] {dagbag.py:588} INFO - Filling up the DagBag from /opt/anaconda3/envs/PyTorch/lib/python3.11/site-packages/airflow/example_dags/example_branch_python_dop_operator_3.py
[2025-01-15T12:34:36.819+0800] {processor.py:925} INFO - DAG(s) 'example_branch_dop_operator_v3' retrieved from /opt/anaconda3/envs/PyTorch/lib/python3.11/site-packages/airflow/example_dags/example_branch_python_dop_operator_3.py
[2025-01-15T12:34:36.894+0800] {logging_mixin.py:190} INFO - [2025-01-15T12:34:36.894+0800] {dag.py:3239} INFO - Sync 1 DAGs
[2025-01-15T12:34:36.902+0800] {logging_mixin.py:190} INFO - [2025-01-15T12:34:36.902+0800] {dag.py:4180} INFO - Setting next_dagrun for example_branch_dop_operator_v3 to 2025-01-15 04:33:00+00:00, run_after=2025-01-15 04:34:00+00:00
[2025-01-15T12:34:36.908+0800] {processor.py:208} INFO - Processing /opt/anaconda3/envs/PyTorch/lib/python3.11/site-packages/airflow/example_dags/example_branch_python_dop_operator_3.py took 0.109 seconds
[2025-01-15T12:37:35.998+0800] {processor.py:186} INFO - Started process (PID=40221) to work on /opt/anaconda3/envs/PyTorch/lib/python3.11/site-packages/airflow/example_dags/example_branch_python_dop_operator_3.py
[2025-01-15T12:37:36.000+0800] {processor.py:914} INFO - Processing file /opt/anaconda3/envs/PyTorch/lib/python3.11/site-packages/airflow/example_dags/example_branch_python_dop_operator_3.py for tasks to queue
[2025-01-15T12:37:36.001+0800] {logging_mixin.py:190} INFO - [2025-01-15T12:37:36.001+0800] {dagbag.py:588} INFO - Filling up the DagBag from /opt/anaconda3/envs/PyTorch/lib/python3.11/site-packages/airflow/example_dags/example_branch_python_dop_operator_3.py
[2025-01-15T12:37:36.019+0800] {processor.py:925} INFO - DAG(s) 'example_branch_dop_operator_v3' retrieved from /opt/anaconda3/envs/PyTorch/lib/python3.11/site-packages/airflow/example_dags/example_branch_python_dop_operator_3.py
[2025-01-15T12:37:36.092+0800] {logging_mixin.py:190} INFO - [2025-01-15T12:37:36.092+0800] {dag.py:3239} INFO - Sync 1 DAGs
[2025-01-15T12:37:36.100+0800] {logging_mixin.py:190} INFO - [2025-01-15T12:37:36.100+0800] {dag.py:4180} INFO - Setting next_dagrun for example_branch_dop_operator_v3 to 2025-01-15 04:36:00+00:00, run_after=2025-01-15 04:37:00+00:00
[2025-01-15T12:37:36.106+0800] {processor.py:208} INFO - Processing /opt/anaconda3/envs/PyTorch/lib/python3.11/site-packages/airflow/example_dags/example_branch_python_dop_operator_3.py took 0.110 seconds
[2025-01-15T12:40:31.060+0800] {processor.py:186} INFO - Started process (PID=41787) to work on /opt/anaconda3/envs/PyTorch/lib/python3.11/site-packages/airflow/example_dags/example_branch_python_dop_operator_3.py
[2025-01-15T12:40:31.061+0800] {processor.py:914} INFO - Processing file /opt/anaconda3/envs/PyTorch/lib/python3.11/site-packages/airflow/example_dags/example_branch_python_dop_operator_3.py for tasks to queue
[2025-01-15T12:40:31.061+0800] {logging_mixin.py:190} INFO - [2025-01-15T12:40:31.061+0800] {dagbag.py:588} INFO - Filling up the DagBag from /opt/anaconda3/envs/PyTorch/lib/python3.11/site-packages/airflow/example_dags/example_branch_python_dop_operator_3.py
[2025-01-15T12:40:31.079+0800] {processor.py:925} INFO - DAG(s) 'example_branch_dop_operator_v3' retrieved from /opt/anaconda3/envs/PyTorch/lib/python3.11/site-packages/airflow/example_dags/example_branch_python_dop_operator_3.py
[2025-01-15T12:40:31.153+0800] {logging_mixin.py:190} INFO - [2025-01-15T12:40:31.153+0800] {dag.py:3239} INFO - Sync 1 DAGs
[2025-01-15T12:40:31.162+0800] {logging_mixin.py:190} INFO - [2025-01-15T12:40:31.162+0800] {dag.py:4180} INFO - Setting next_dagrun for example_branch_dop_operator_v3 to 2025-01-15 04:39:00+00:00, run_after=2025-01-15 04:40:00+00:00
[2025-01-15T12:40:31.168+0800] {processor.py:208} INFO - Processing /opt/anaconda3/envs/PyTorch/lib/python3.11/site-packages/airflow/example_dags/example_branch_python_dop_operator_3.py took 0.110 seconds
[2025-01-15T12:43:31.062+0800] {processor.py:186} INFO - Started process (PID=43388) to work on /opt/anaconda3/envs/PyTorch/lib/python3.11/site-packages/airflow/example_dags/example_branch_python_dop_operator_3.py
[2025-01-15T12:43:31.064+0800] {processor.py:914} INFO - Processing file /opt/anaconda3/envs/PyTorch/lib/python3.11/site-packages/airflow/example_dags/example_branch_python_dop_operator_3.py for tasks to queue
[2025-01-15T12:43:31.064+0800] {logging_mixin.py:190} INFO - [2025-01-15T12:43:31.064+0800] {dagbag.py:588} INFO - Filling up the DagBag from /opt/anaconda3/envs/PyTorch/lib/python3.11/site-packages/airflow/example_dags/example_branch_python_dop_operator_3.py
[2025-01-15T12:43:31.081+0800] {processor.py:925} INFO - DAG(s) 'example_branch_dop_operator_v3' retrieved from /opt/anaconda3/envs/PyTorch/lib/python3.11/site-packages/airflow/example_dags/example_branch_python_dop_operator_3.py
[2025-01-15T12:43:31.154+0800] {logging_mixin.py:190} INFO - [2025-01-15T12:43:31.154+0800] {dag.py:3239} INFO - Sync 1 DAGs
[2025-01-15T12:43:31.163+0800] {logging_mixin.py:190} INFO - [2025-01-15T12:43:31.162+0800] {dag.py:4180} INFO - Setting next_dagrun for example_branch_dop_operator_v3 to 2025-01-15 04:42:00+00:00, run_after=2025-01-15 04:43:00+00:00
[2025-01-15T12:43:31.169+0800] {processor.py:208} INFO - Processing /opt/anaconda3/envs/PyTorch/lib/python3.11/site-packages/airflow/example_dags/example_branch_python_dop_operator_3.py took 0.108 seconds
[2025-01-15T12:46:32.342+0800] {processor.py:186} INFO - Started process (PID=45066) to work on /opt/anaconda3/envs/PyTorch/lib/python3.11/site-packages/airflow/example_dags/example_branch_python_dop_operator_3.py
[2025-01-15T12:46:32.344+0800] {processor.py:914} INFO - Processing file /opt/anaconda3/envs/PyTorch/lib/python3.11/site-packages/airflow/example_dags/example_branch_python_dop_operator_3.py for tasks to queue
[2025-01-15T12:46:32.344+0800] {logging_mixin.py:190} INFO - [2025-01-15T12:46:32.344+0800] {dagbag.py:588} INFO - Filling up the DagBag from /opt/anaconda3/envs/PyTorch/lib/python3.11/site-packages/airflow/example_dags/example_branch_python_dop_operator_3.py
[2025-01-15T12:46:32.362+0800] {processor.py:925} INFO - DAG(s) 'example_branch_dop_operator_v3' retrieved from /opt/anaconda3/envs/PyTorch/lib/python3.11/site-packages/airflow/example_dags/example_branch_python_dop_operator_3.py
[2025-01-15T12:46:32.437+0800] {logging_mixin.py:190} INFO - [2025-01-15T12:46:32.437+0800] {dag.py:3239} INFO - Sync 1 DAGs
[2025-01-15T12:46:32.445+0800] {logging_mixin.py:190} INFO - [2025-01-15T12:46:32.445+0800] {dag.py:4180} INFO - Setting next_dagrun for example_branch_dop_operator_v3 to 2025-01-15 04:45:00+00:00, run_after=2025-01-15 04:46:00+00:00
[2025-01-15T12:46:32.451+0800] {processor.py:208} INFO - Processing /opt/anaconda3/envs/PyTorch/lib/python3.11/site-packages/airflow/example_dags/example_branch_python_dop_operator_3.py took 0.111 seconds
[2025-01-15T12:49:28.822+0800] {processor.py:186} INFO - Started process (PID=46644) to work on /opt/anaconda3/envs/PyTorch/lib/python3.11/site-packages/airflow/example_dags/example_branch_python_dop_operator_3.py
[2025-01-15T12:49:28.824+0800] {processor.py:914} INFO - Processing file /opt/anaconda3/envs/PyTorch/lib/python3.11/site-packages/airflow/example_dags/example_branch_python_dop_operator_3.py for tasks to queue
[2025-01-15T12:49:28.825+0800] {logging_mixin.py:190} INFO - [2025-01-15T12:49:28.824+0800] {dagbag.py:588} INFO - Filling up the DagBag from /opt/anaconda3/envs/PyTorch/lib/python3.11/site-packages/airflow/example_dags/example_branch_python_dop_operator_3.py
[2025-01-15T12:49:28.841+0800] {processor.py:925} INFO - DAG(s) 'example_branch_dop_operator_v3' retrieved from /opt/anaconda3/envs/PyTorch/lib/python3.11/site-packages/airflow/example_dags/example_branch_python_dop_operator_3.py
[2025-01-15T12:49:28.916+0800] {logging_mixin.py:190} INFO - [2025-01-15T12:49:28.916+0800] {dag.py:3239} INFO - Sync 1 DAGs
[2025-01-15T12:49:28.925+0800] {logging_mixin.py:190} INFO - [2025-01-15T12:49:28.925+0800] {dag.py:4180} INFO - Setting next_dagrun for example_branch_dop_operator_v3 to 2025-01-15 04:48:00+00:00, run_after=2025-01-15 04:49:00+00:00
[2025-01-15T12:49:28.932+0800] {processor.py:208} INFO - Processing /opt/anaconda3/envs/PyTorch/lib/python3.11/site-packages/airflow/example_dags/example_branch_python_dop_operator_3.py took 0.111 seconds
[2025-01-15T12:52:29.515+0800] {processor.py:186} INFO - Started process (PID=48227) to work on /opt/anaconda3/envs/PyTorch/lib/python3.11/site-packages/airflow/example_dags/example_branch_python_dop_operator_3.py
[2025-01-15T12:52:29.516+0800] {processor.py:914} INFO - Processing file /opt/anaconda3/envs/PyTorch/lib/python3.11/site-packages/airflow/example_dags/example_branch_python_dop_operator_3.py for tasks to queue
[2025-01-15T12:52:29.517+0800] {logging_mixin.py:190} INFO - [2025-01-15T12:52:29.517+0800] {dagbag.py:588} INFO - Filling up the DagBag from /opt/anaconda3/envs/PyTorch/lib/python3.11/site-packages/airflow/example_dags/example_branch_python_dop_operator_3.py
[2025-01-15T12:52:29.535+0800] {processor.py:925} INFO - DAG(s) 'example_branch_dop_operator_v3' retrieved from /opt/anaconda3/envs/PyTorch/lib/python3.11/site-packages/airflow/example_dags/example_branch_python_dop_operator_3.py
[2025-01-15T12:52:29.610+0800] {logging_mixin.py:190} INFO - [2025-01-15T12:52:29.610+0800] {dag.py:3239} INFO - Sync 1 DAGs
[2025-01-15T12:52:29.620+0800] {logging_mixin.py:190} INFO - [2025-01-15T12:52:29.620+0800] {dag.py:4180} INFO - Setting next_dagrun for example_branch_dop_operator_v3 to 2025-01-15 04:51:00+00:00, run_after=2025-01-15 04:52:00+00:00
[2025-01-15T12:52:29.626+0800] {processor.py:208} INFO - Processing /opt/anaconda3/envs/PyTorch/lib/python3.11/site-packages/airflow/example_dags/example_branch_python_dop_operator_3.py took 0.112 seconds
[2025-01-15T12:55:32.758+0800] {processor.py:186} INFO - Started process (PID=49915) to work on /opt/anaconda3/envs/PyTorch/lib/python3.11/site-packages/airflow/example_dags/example_branch_python_dop_operator_3.py
[2025-01-15T12:55:32.759+0800] {processor.py:914} INFO - Processing file /opt/anaconda3/envs/PyTorch/lib/python3.11/site-packages/airflow/example_dags/example_branch_python_dop_operator_3.py for tasks to queue
[2025-01-15T12:55:32.760+0800] {logging_mixin.py:190} INFO - [2025-01-15T12:55:32.760+0800] {dagbag.py:588} INFO - Filling up the DagBag from /opt/anaconda3/envs/PyTorch/lib/python3.11/site-packages/airflow/example_dags/example_branch_python_dop_operator_3.py
[2025-01-15T12:55:32.778+0800] {processor.py:925} INFO - DAG(s) 'example_branch_dop_operator_v3' retrieved from /opt/anaconda3/envs/PyTorch/lib/python3.11/site-packages/airflow/example_dags/example_branch_python_dop_operator_3.py
[2025-01-15T12:55:32.852+0800] {logging_mixin.py:190} INFO - [2025-01-15T12:55:32.851+0800] {dag.py:3239} INFO - Sync 1 DAGs
[2025-01-15T12:55:32.859+0800] {logging_mixin.py:190} INFO - [2025-01-15T12:55:32.859+0800] {dag.py:4180} INFO - Setting next_dagrun for example_branch_dop_operator_v3 to 2025-01-15 04:54:00+00:00, run_after=2025-01-15 04:55:00+00:00
[2025-01-15T12:55:32.866+0800] {processor.py:208} INFO - Processing /opt/anaconda3/envs/PyTorch/lib/python3.11/site-packages/airflow/example_dags/example_branch_python_dop_operator_3.py took 0.110 seconds
[2025-01-15T12:58:33.865+0800] {processor.py:186} INFO - Started process (PID=51516) to work on /opt/anaconda3/envs/PyTorch/lib/python3.11/site-packages/airflow/example_dags/example_branch_python_dop_operator_3.py
[2025-01-15T12:58:33.866+0800] {processor.py:914} INFO - Processing file /opt/anaconda3/envs/PyTorch/lib/python3.11/site-packages/airflow/example_dags/example_branch_python_dop_operator_3.py for tasks to queue
[2025-01-15T12:58:33.867+0800] {logging_mixin.py:190} INFO - [2025-01-15T12:58:33.867+0800] {dagbag.py:588} INFO - Filling up the DagBag from /opt/anaconda3/envs/PyTorch/lib/python3.11/site-packages/airflow/example_dags/example_branch_python_dop_operator_3.py
[2025-01-15T12:58:33.886+0800] {processor.py:925} INFO - DAG(s) 'example_branch_dop_operator_v3' retrieved from /opt/anaconda3/envs/PyTorch/lib/python3.11/site-packages/airflow/example_dags/example_branch_python_dop_operator_3.py
[2025-01-15T12:58:34.000+0800] {logging_mixin.py:190} INFO - [2025-01-15T12:58:33.999+0800] {dag.py:3239} INFO - Sync 1 DAGs
[2025-01-15T12:58:34.009+0800] {logging_mixin.py:190} INFO - [2025-01-15T12:58:34.009+0800] {dag.py:4180} INFO - Setting next_dagrun for example_branch_dop_operator_v3 to 2025-01-15 04:57:00+00:00, run_after=2025-01-15 04:58:00+00:00
[2025-01-15T12:58:34.021+0800] {processor.py:208} INFO - Processing /opt/anaconda3/envs/PyTorch/lib/python3.11/site-packages/airflow/example_dags/example_branch_python_dop_operator_3.py took 0.158 seconds
[2025-01-15T13:01:36.355+0800] {processor.py:186} INFO - Started process (PID=53164) to work on /opt/anaconda3/envs/PyTorch/lib/python3.11/site-packages/airflow/example_dags/example_branch_python_dop_operator_3.py
[2025-01-15T13:01:36.358+0800] {processor.py:914} INFO - Processing file /opt/anaconda3/envs/PyTorch/lib/python3.11/site-packages/airflow/example_dags/example_branch_python_dop_operator_3.py for tasks to queue
[2025-01-15T13:01:36.359+0800] {logging_mixin.py:190} INFO - [2025-01-15T13:01:36.359+0800] {dagbag.py:588} INFO - Filling up the DagBag from /opt/anaconda3/envs/PyTorch/lib/python3.11/site-packages/airflow/example_dags/example_branch_python_dop_operator_3.py
[2025-01-15T13:01:36.379+0800] {processor.py:925} INFO - DAG(s) 'example_branch_dop_operator_v3' retrieved from /opt/anaconda3/envs/PyTorch/lib/python3.11/site-packages/airflow/example_dags/example_branch_python_dop_operator_3.py
[2025-01-15T13:01:36.451+0800] {logging_mixin.py:190} INFO - [2025-01-15T13:01:36.451+0800] {dag.py:3239} INFO - Sync 1 DAGs
[2025-01-15T13:01:36.460+0800] {logging_mixin.py:190} INFO - [2025-01-15T13:01:36.460+0800] {dag.py:4180} INFO - Setting next_dagrun for example_branch_dop_operator_v3 to 2025-01-15 05:00:00+00:00, run_after=2025-01-15 05:01:00+00:00
[2025-01-15T13:01:36.493+0800] {processor.py:208} INFO - Processing /opt/anaconda3/envs/PyTorch/lib/python3.11/site-packages/airflow/example_dags/example_branch_python_dop_operator_3.py took 0.140 seconds
[2025-01-15T13:04:45.226+0800] {processor.py:186} INFO - Started process (PID=54907) to work on /opt/anaconda3/envs/PyTorch/lib/python3.11/site-packages/airflow/example_dags/example_branch_python_dop_operator_3.py
[2025-01-15T13:04:45.227+0800] {processor.py:914} INFO - Processing file /opt/anaconda3/envs/PyTorch/lib/python3.11/site-packages/airflow/example_dags/example_branch_python_dop_operator_3.py for tasks to queue
[2025-01-15T13:04:45.228+0800] {logging_mixin.py:190} INFO - [2025-01-15T13:04:45.227+0800] {dagbag.py:588} INFO - Filling up the DagBag from /opt/anaconda3/envs/PyTorch/lib/python3.11/site-packages/airflow/example_dags/example_branch_python_dop_operator_3.py
[2025-01-15T13:04:45.248+0800] {processor.py:925} INFO - DAG(s) 'example_branch_dop_operator_v3' retrieved from /opt/anaconda3/envs/PyTorch/lib/python3.11/site-packages/airflow/example_dags/example_branch_python_dop_operator_3.py
[2025-01-15T13:04:45.322+0800] {logging_mixin.py:190} INFO - [2025-01-15T13:04:45.322+0800] {dag.py:3239} INFO - Sync 1 DAGs
[2025-01-15T13:04:45.331+0800] {logging_mixin.py:190} INFO - [2025-01-15T13:04:45.331+0800] {dag.py:4180} INFO - Setting next_dagrun for example_branch_dop_operator_v3 to 2025-01-15 05:03:00+00:00, run_after=2025-01-15 05:04:00+00:00
[2025-01-15T13:04:45.337+0800] {processor.py:208} INFO - Processing /opt/anaconda3/envs/PyTorch/lib/python3.11/site-packages/airflow/example_dags/example_branch_python_dop_operator_3.py took 0.113 seconds
[2025-01-15T13:07:51.968+0800] {processor.py:186} INFO - Started process (PID=56631) to work on /opt/anaconda3/envs/PyTorch/lib/python3.11/site-packages/airflow/example_dags/example_branch_python_dop_operator_3.py
[2025-01-15T13:07:51.969+0800] {processor.py:914} INFO - Processing file /opt/anaconda3/envs/PyTorch/lib/python3.11/site-packages/airflow/example_dags/example_branch_python_dop_operator_3.py for tasks to queue
[2025-01-15T13:07:51.970+0800] {logging_mixin.py:190} INFO - [2025-01-15T13:07:51.970+0800] {dagbag.py:588} INFO - Filling up the DagBag from /opt/anaconda3/envs/PyTorch/lib/python3.11/site-packages/airflow/example_dags/example_branch_python_dop_operator_3.py
[2025-01-15T13:07:51.987+0800] {processor.py:925} INFO - DAG(s) 'example_branch_dop_operator_v3' retrieved from /opt/anaconda3/envs/PyTorch/lib/python3.11/site-packages/airflow/example_dags/example_branch_python_dop_operator_3.py
[2025-01-15T13:07:52.060+0800] {logging_mixin.py:190} INFO - [2025-01-15T13:07:52.060+0800] {dag.py:3239} INFO - Sync 1 DAGs
[2025-01-15T13:07:52.070+0800] {logging_mixin.py:190} INFO - [2025-01-15T13:07:52.070+0800] {dag.py:4180} INFO - Setting next_dagrun for example_branch_dop_operator_v3 to 2025-01-15 05:06:00+00:00, run_after=2025-01-15 05:07:00+00:00
[2025-01-15T13:07:52.076+0800] {processor.py:208} INFO - Processing /opt/anaconda3/envs/PyTorch/lib/python3.11/site-packages/airflow/example_dags/example_branch_python_dop_operator_3.py took 0.110 seconds
[2025-01-15T13:10:55.298+0800] {processor.py:186} INFO - Started process (PID=58379) to work on /opt/anaconda3/envs/PyTorch/lib/python3.11/site-packages/airflow/example_dags/example_branch_python_dop_operator_3.py
[2025-01-15T13:10:55.300+0800] {processor.py:914} INFO - Processing file /opt/anaconda3/envs/PyTorch/lib/python3.11/site-packages/airflow/example_dags/example_branch_python_dop_operator_3.py for tasks to queue
[2025-01-15T13:10:55.300+0800] {logging_mixin.py:190} INFO - [2025-01-15T13:10:55.300+0800] {dagbag.py:588} INFO - Filling up the DagBag from /opt/anaconda3/envs/PyTorch/lib/python3.11/site-packages/airflow/example_dags/example_branch_python_dop_operator_3.py
[2025-01-15T13:10:55.317+0800] {processor.py:925} INFO - DAG(s) 'example_branch_dop_operator_v3' retrieved from /opt/anaconda3/envs/PyTorch/lib/python3.11/site-packages/airflow/example_dags/example_branch_python_dop_operator_3.py
[2025-01-15T13:10:55.391+0800] {logging_mixin.py:190} INFO - [2025-01-15T13:10:55.391+0800] {dag.py:3239} INFO - Sync 1 DAGs
[2025-01-15T13:10:55.400+0800] {logging_mixin.py:190} INFO - [2025-01-15T13:10:55.400+0800] {dag.py:4180} INFO - Setting next_dagrun for example_branch_dop_operator_v3 to 2025-01-15 05:09:00+00:00, run_after=2025-01-15 05:10:00+00:00
[2025-01-15T13:10:55.406+0800] {processor.py:208} INFO - Processing /opt/anaconda3/envs/PyTorch/lib/python3.11/site-packages/airflow/example_dags/example_branch_python_dop_operator_3.py took 0.110 seconds
[2025-01-15T13:13:55.280+0800] {processor.py:186} INFO - Started process (PID=59979) to work on /opt/anaconda3/envs/PyTorch/lib/python3.11/site-packages/airflow/example_dags/example_branch_python_dop_operator_3.py
[2025-01-15T13:13:55.281+0800] {processor.py:914} INFO - Processing file /opt/anaconda3/envs/PyTorch/lib/python3.11/site-packages/airflow/example_dags/example_branch_python_dop_operator_3.py for tasks to queue
[2025-01-15T13:13:55.282+0800] {logging_mixin.py:190} INFO - [2025-01-15T13:13:55.282+0800] {dagbag.py:588} INFO - Filling up the DagBag from /opt/anaconda3/envs/PyTorch/lib/python3.11/site-packages/airflow/example_dags/example_branch_python_dop_operator_3.py
[2025-01-15T13:13:55.299+0800] {processor.py:925} INFO - DAG(s) 'example_branch_dop_operator_v3' retrieved from /opt/anaconda3/envs/PyTorch/lib/python3.11/site-packages/airflow/example_dags/example_branch_python_dop_operator_3.py
[2025-01-15T13:13:55.371+0800] {logging_mixin.py:190} INFO - [2025-01-15T13:13:55.371+0800] {dag.py:3239} INFO - Sync 1 DAGs
[2025-01-15T13:13:55.382+0800] {logging_mixin.py:190} INFO - [2025-01-15T13:13:55.381+0800] {dag.py:4180} INFO - Setting next_dagrun for example_branch_dop_operator_v3 to 2025-01-15 05:12:00+00:00, run_after=2025-01-15 05:13:00+00:00
[2025-01-15T13:13:55.388+0800] {processor.py:208} INFO - Processing /opt/anaconda3/envs/PyTorch/lib/python3.11/site-packages/airflow/example_dags/example_branch_python_dop_operator_3.py took 0.110 seconds
[2025-01-15T13:16:57.094+0800] {processor.py:186} INFO - Started process (PID=61611) to work on /opt/anaconda3/envs/PyTorch/lib/python3.11/site-packages/airflow/example_dags/example_branch_python_dop_operator_3.py
[2025-01-15T13:16:57.095+0800] {processor.py:914} INFO - Processing file /opt/anaconda3/envs/PyTorch/lib/python3.11/site-packages/airflow/example_dags/example_branch_python_dop_operator_3.py for tasks to queue
[2025-01-15T13:16:57.095+0800] {logging_mixin.py:190} INFO - [2025-01-15T13:16:57.095+0800] {dagbag.py:588} INFO - Filling up the DagBag from /opt/anaconda3/envs/PyTorch/lib/python3.11/site-packages/airflow/example_dags/example_branch_python_dop_operator_3.py
[2025-01-15T13:16:57.112+0800] {processor.py:925} INFO - DAG(s) 'example_branch_dop_operator_v3' retrieved from /opt/anaconda3/envs/PyTorch/lib/python3.11/site-packages/airflow/example_dags/example_branch_python_dop_operator_3.py
[2025-01-15T13:16:57.185+0800] {logging_mixin.py:190} INFO - [2025-01-15T13:16:57.185+0800] {dag.py:3239} INFO - Sync 1 DAGs
[2025-01-15T13:16:57.194+0800] {logging_mixin.py:190} INFO - [2025-01-15T13:16:57.194+0800] {dag.py:4180} INFO - Setting next_dagrun for example_branch_dop_operator_v3 to 2025-01-15 05:15:00+00:00, run_after=2025-01-15 05:16:00+00:00
[2025-01-15T13:16:57.201+0800] {processor.py:208} INFO - Processing /opt/anaconda3/envs/PyTorch/lib/python3.11/site-packages/airflow/example_dags/example_branch_python_dop_operator_3.py took 0.109 seconds
[2025-01-15T13:20:10.481+0800] {processor.py:186} INFO - Started process (PID=63388) to work on /opt/anaconda3/envs/PyTorch/lib/python3.11/site-packages/airflow/example_dags/example_branch_python_dop_operator_3.py
[2025-01-15T13:20:10.482+0800] {processor.py:914} INFO - Processing file /opt/anaconda3/envs/PyTorch/lib/python3.11/site-packages/airflow/example_dags/example_branch_python_dop_operator_3.py for tasks to queue
[2025-01-15T13:20:10.482+0800] {logging_mixin.py:190} INFO - [2025-01-15T13:20:10.482+0800] {dagbag.py:588} INFO - Filling up the DagBag from /opt/anaconda3/envs/PyTorch/lib/python3.11/site-packages/airflow/example_dags/example_branch_python_dop_operator_3.py
[2025-01-15T13:20:10.501+0800] {processor.py:925} INFO - DAG(s) 'example_branch_dop_operator_v3' retrieved from /opt/anaconda3/envs/PyTorch/lib/python3.11/site-packages/airflow/example_dags/example_branch_python_dop_operator_3.py
[2025-01-15T13:20:10.579+0800] {logging_mixin.py:190} INFO - [2025-01-15T13:20:10.579+0800] {dag.py:3239} INFO - Sync 1 DAGs
[2025-01-15T13:20:10.590+0800] {logging_mixin.py:190} INFO - [2025-01-15T13:20:10.590+0800] {dag.py:4180} INFO - Setting next_dagrun for example_branch_dop_operator_v3 to 2025-01-15 05:19:00+00:00, run_after=2025-01-15 05:20:00+00:00
[2025-01-15T13:20:10.598+0800] {processor.py:208} INFO - Processing /opt/anaconda3/envs/PyTorch/lib/python3.11/site-packages/airflow/example_dags/example_branch_python_dop_operator_3.py took 0.119 seconds
[2025-01-15T13:23:16.388+0800] {processor.py:186} INFO - Started process (PID=65086) to work on /opt/anaconda3/envs/PyTorch/lib/python3.11/site-packages/airflow/example_dags/example_branch_python_dop_operator_3.py
[2025-01-15T13:23:16.389+0800] {processor.py:914} INFO - Processing file /opt/anaconda3/envs/PyTorch/lib/python3.11/site-packages/airflow/example_dags/example_branch_python_dop_operator_3.py for tasks to queue
[2025-01-15T13:23:16.390+0800] {logging_mixin.py:190} INFO - [2025-01-15T13:23:16.390+0800] {dagbag.py:588} INFO - Filling up the DagBag from /opt/anaconda3/envs/PyTorch/lib/python3.11/site-packages/airflow/example_dags/example_branch_python_dop_operator_3.py
[2025-01-15T13:23:16.408+0800] {processor.py:925} INFO - DAG(s) 'example_branch_dop_operator_v3' retrieved from /opt/anaconda3/envs/PyTorch/lib/python3.11/site-packages/airflow/example_dags/example_branch_python_dop_operator_3.py
[2025-01-15T13:23:16.481+0800] {logging_mixin.py:190} INFO - [2025-01-15T13:23:16.480+0800] {dag.py:3239} INFO - Sync 1 DAGs
[2025-01-15T13:23:16.489+0800] {logging_mixin.py:190} INFO - [2025-01-15T13:23:16.489+0800] {dag.py:4180} INFO - Setting next_dagrun for example_branch_dop_operator_v3 to 2025-01-15 05:22:00+00:00, run_after=2025-01-15 05:23:00+00:00
[2025-01-15T13:23:16.496+0800] {processor.py:208} INFO - Processing /opt/anaconda3/envs/PyTorch/lib/python3.11/site-packages/airflow/example_dags/example_branch_python_dop_operator_3.py took 0.109 seconds
[2025-01-15T13:26:24.753+0800] {processor.py:186} INFO - Started process (PID=66746) to work on /opt/anaconda3/envs/PyTorch/lib/python3.11/site-packages/airflow/example_dags/example_branch_python_dop_operator_3.py
[2025-01-15T13:26:24.755+0800] {processor.py:914} INFO - Processing file /opt/anaconda3/envs/PyTorch/lib/python3.11/site-packages/airflow/example_dags/example_branch_python_dop_operator_3.py for tasks to queue
[2025-01-15T13:26:24.755+0800] {logging_mixin.py:190} INFO - [2025-01-15T13:26:24.755+0800] {dagbag.py:588} INFO - Filling up the DagBag from /opt/anaconda3/envs/PyTorch/lib/python3.11/site-packages/airflow/example_dags/example_branch_python_dop_operator_3.py
[2025-01-15T13:26:24.773+0800] {processor.py:925} INFO - DAG(s) 'example_branch_dop_operator_v3' retrieved from /opt/anaconda3/envs/PyTorch/lib/python3.11/site-packages/airflow/example_dags/example_branch_python_dop_operator_3.py
[2025-01-15T13:26:24.846+0800] {logging_mixin.py:190} INFO - [2025-01-15T13:26:24.846+0800] {dag.py:3239} INFO - Sync 1 DAGs
[2025-01-15T13:26:24.855+0800] {logging_mixin.py:190} INFO - [2025-01-15T13:26:24.855+0800] {dag.py:4180} INFO - Setting next_dagrun for example_branch_dop_operator_v3 to 2025-01-15 05:25:00+00:00, run_after=2025-01-15 05:26:00+00:00
[2025-01-15T13:26:24.862+0800] {processor.py:208} INFO - Processing /opt/anaconda3/envs/PyTorch/lib/python3.11/site-packages/airflow/example_dags/example_branch_python_dop_operator_3.py took 0.110 seconds
[2025-01-15T13:29:28.328+0800] {processor.py:186} INFO - Started process (PID=68365) to work on /opt/anaconda3/envs/PyTorch/lib/python3.11/site-packages/airflow/example_dags/example_branch_python_dop_operator_3.py
[2025-01-15T13:29:28.329+0800] {processor.py:914} INFO - Processing file /opt/anaconda3/envs/PyTorch/lib/python3.11/site-packages/airflow/example_dags/example_branch_python_dop_operator_3.py for tasks to queue
[2025-01-15T13:29:28.330+0800] {logging_mixin.py:190} INFO - [2025-01-15T13:29:28.330+0800] {dagbag.py:588} INFO - Filling up the DagBag from /opt/anaconda3/envs/PyTorch/lib/python3.11/site-packages/airflow/example_dags/example_branch_python_dop_operator_3.py
[2025-01-15T13:29:28.348+0800] {processor.py:925} INFO - DAG(s) 'example_branch_dop_operator_v3' retrieved from /opt/anaconda3/envs/PyTorch/lib/python3.11/site-packages/airflow/example_dags/example_branch_python_dop_operator_3.py
[2025-01-15T13:29:28.426+0800] {logging_mixin.py:190} INFO - [2025-01-15T13:29:28.426+0800] {dag.py:3239} INFO - Sync 1 DAGs
[2025-01-15T13:29:28.436+0800] {logging_mixin.py:190} INFO - [2025-01-15T13:29:28.436+0800] {dag.py:4180} INFO - Setting next_dagrun for example_branch_dop_operator_v3 to 2025-01-15 05:28:00+00:00, run_after=2025-01-15 05:29:00+00:00
[2025-01-15T13:29:28.444+0800] {processor.py:208} INFO - Processing /opt/anaconda3/envs/PyTorch/lib/python3.11/site-packages/airflow/example_dags/example_branch_python_dop_operator_3.py took 0.118 seconds
[2025-01-15T13:32:38.279+0800] {processor.py:186} INFO - Started process (PID=70104) to work on /opt/anaconda3/envs/PyTorch/lib/python3.11/site-packages/airflow/example_dags/example_branch_python_dop_operator_3.py
[2025-01-15T13:32:38.281+0800] {processor.py:914} INFO - Processing file /opt/anaconda3/envs/PyTorch/lib/python3.11/site-packages/airflow/example_dags/example_branch_python_dop_operator_3.py for tasks to queue
[2025-01-15T13:32:38.281+0800] {logging_mixin.py:190} INFO - [2025-01-15T13:32:38.281+0800] {dagbag.py:588} INFO - Filling up the DagBag from /opt/anaconda3/envs/PyTorch/lib/python3.11/site-packages/airflow/example_dags/example_branch_python_dop_operator_3.py
[2025-01-15T13:32:38.299+0800] {processor.py:925} INFO - DAG(s) 'example_branch_dop_operator_v3' retrieved from /opt/anaconda3/envs/PyTorch/lib/python3.11/site-packages/airflow/example_dags/example_branch_python_dop_operator_3.py
[2025-01-15T13:32:38.371+0800] {logging_mixin.py:190} INFO - [2025-01-15T13:32:38.370+0800] {dag.py:3239} INFO - Sync 1 DAGs
[2025-01-15T13:32:38.380+0800] {logging_mixin.py:190} INFO - [2025-01-15T13:32:38.380+0800] {dag.py:4180} INFO - Setting next_dagrun for example_branch_dop_operator_v3 to 2025-01-15 05:31:00+00:00, run_after=2025-01-15 05:32:00+00:00
[2025-01-15T13:32:38.386+0800] {processor.py:208} INFO - Processing /opt/anaconda3/envs/PyTorch/lib/python3.11/site-packages/airflow/example_dags/example_branch_python_dop_operator_3.py took 0.109 seconds
[2025-01-15T13:35:48.230+0800] {processor.py:186} INFO - Started process (PID=71820) to work on /opt/anaconda3/envs/PyTorch/lib/python3.11/site-packages/airflow/example_dags/example_branch_python_dop_operator_3.py
[2025-01-15T13:35:48.231+0800] {processor.py:914} INFO - Processing file /opt/anaconda3/envs/PyTorch/lib/python3.11/site-packages/airflow/example_dags/example_branch_python_dop_operator_3.py for tasks to queue
[2025-01-15T13:35:48.231+0800] {logging_mixin.py:190} INFO - [2025-01-15T13:35:48.231+0800] {dagbag.py:588} INFO - Filling up the DagBag from /opt/anaconda3/envs/PyTorch/lib/python3.11/site-packages/airflow/example_dags/example_branch_python_dop_operator_3.py
[2025-01-15T13:35:48.252+0800] {processor.py:925} INFO - DAG(s) 'example_branch_dop_operator_v3' retrieved from /opt/anaconda3/envs/PyTorch/lib/python3.11/site-packages/airflow/example_dags/example_branch_python_dop_operator_3.py
[2025-01-15T13:35:48.331+0800] {logging_mixin.py:190} INFO - [2025-01-15T13:35:48.331+0800] {dag.py:3239} INFO - Sync 1 DAGs
[2025-01-15T13:35:48.340+0800] {logging_mixin.py:190} INFO - [2025-01-15T13:35:48.340+0800] {dag.py:4180} INFO - Setting next_dagrun for example_branch_dop_operator_v3 to 2025-01-15 05:34:00+00:00, run_after=2025-01-15 05:35:00+00:00
[2025-01-15T13:35:48.347+0800] {processor.py:208} INFO - Processing /opt/anaconda3/envs/PyTorch/lib/python3.11/site-packages/airflow/example_dags/example_branch_python_dop_operator_3.py took 0.119 seconds
[2025-01-15T13:38:56.569+0800] {processor.py:186} INFO - Started process (PID=73595) to work on /opt/anaconda3/envs/PyTorch/lib/python3.11/site-packages/airflow/example_dags/example_branch_python_dop_operator_3.py
[2025-01-15T13:38:56.570+0800] {processor.py:914} INFO - Processing file /opt/anaconda3/envs/PyTorch/lib/python3.11/site-packages/airflow/example_dags/example_branch_python_dop_operator_3.py for tasks to queue
[2025-01-15T13:38:56.570+0800] {logging_mixin.py:190} INFO - [2025-01-15T13:38:56.570+0800] {dagbag.py:588} INFO - Filling up the DagBag from /opt/anaconda3/envs/PyTorch/lib/python3.11/site-packages/airflow/example_dags/example_branch_python_dop_operator_3.py
[2025-01-15T13:38:56.590+0800] {processor.py:925} INFO - DAG(s) 'example_branch_dop_operator_v3' retrieved from /opt/anaconda3/envs/PyTorch/lib/python3.11/site-packages/airflow/example_dags/example_branch_python_dop_operator_3.py
[2025-01-15T13:38:56.668+0800] {logging_mixin.py:190} INFO - [2025-01-15T13:38:56.668+0800] {dag.py:3239} INFO - Sync 1 DAGs
[2025-01-15T13:38:56.677+0800] {logging_mixin.py:190} INFO - [2025-01-15T13:38:56.677+0800] {dag.py:4180} INFO - Setting next_dagrun for example_branch_dop_operator_v3 to 2025-01-15 05:37:00+00:00, run_after=2025-01-15 05:38:00+00:00
[2025-01-15T13:38:56.683+0800] {processor.py:208} INFO - Processing /opt/anaconda3/envs/PyTorch/lib/python3.11/site-packages/airflow/example_dags/example_branch_python_dop_operator_3.py took 0.117 seconds
[2025-01-15T13:42:01.563+0800] {processor.py:186} INFO - Started process (PID=75242) to work on /opt/anaconda3/envs/PyTorch/lib/python3.11/site-packages/airflow/example_dags/example_branch_python_dop_operator_3.py
[2025-01-15T13:42:01.564+0800] {processor.py:914} INFO - Processing file /opt/anaconda3/envs/PyTorch/lib/python3.11/site-packages/airflow/example_dags/example_branch_python_dop_operator_3.py for tasks to queue
[2025-01-15T13:42:01.564+0800] {logging_mixin.py:190} INFO - [2025-01-15T13:42:01.564+0800] {dagbag.py:588} INFO - Filling up the DagBag from /opt/anaconda3/envs/PyTorch/lib/python3.11/site-packages/airflow/example_dags/example_branch_python_dop_operator_3.py
[2025-01-15T13:42:01.584+0800] {processor.py:925} INFO - DAG(s) 'example_branch_dop_operator_v3' retrieved from /opt/anaconda3/envs/PyTorch/lib/python3.11/site-packages/airflow/example_dags/example_branch_python_dop_operator_3.py
[2025-01-15T13:42:01.663+0800] {logging_mixin.py:190} INFO - [2025-01-15T13:42:01.662+0800] {dag.py:3239} INFO - Sync 1 DAGs
[2025-01-15T13:42:01.672+0800] {logging_mixin.py:190} INFO - [2025-01-15T13:42:01.672+0800] {dag.py:4180} INFO - Setting next_dagrun for example_branch_dop_operator_v3 to 2025-01-15 05:41:00+00:00, run_after=2025-01-15 05:42:00+00:00
[2025-01-15T13:42:01.680+0800] {processor.py:208} INFO - Processing /opt/anaconda3/envs/PyTorch/lib/python3.11/site-packages/airflow/example_dags/example_branch_python_dop_operator_3.py took 0.119 seconds
[2025-01-15T13:45:04.417+0800] {processor.py:186} INFO - Started process (PID=77007) to work on /opt/anaconda3/envs/PyTorch/lib/python3.11/site-packages/airflow/example_dags/example_branch_python_dop_operator_3.py
[2025-01-15T13:45:04.418+0800] {processor.py:914} INFO - Processing file /opt/anaconda3/envs/PyTorch/lib/python3.11/site-packages/airflow/example_dags/example_branch_python_dop_operator_3.py for tasks to queue
[2025-01-15T13:45:04.419+0800] {logging_mixin.py:190} INFO - [2025-01-15T13:45:04.419+0800] {dagbag.py:588} INFO - Filling up the DagBag from /opt/anaconda3/envs/PyTorch/lib/python3.11/site-packages/airflow/example_dags/example_branch_python_dop_operator_3.py
[2025-01-15T13:45:04.436+0800] {processor.py:925} INFO - DAG(s) 'example_branch_dop_operator_v3' retrieved from /opt/anaconda3/envs/PyTorch/lib/python3.11/site-packages/airflow/example_dags/example_branch_python_dop_operator_3.py
[2025-01-15T13:45:04.509+0800] {logging_mixin.py:190} INFO - [2025-01-15T13:45:04.509+0800] {dag.py:3239} INFO - Sync 1 DAGs
[2025-01-15T13:45:04.517+0800] {logging_mixin.py:190} INFO - [2025-01-15T13:45:04.517+0800] {dag.py:4180} INFO - Setting next_dagrun for example_branch_dop_operator_v3 to 2025-01-15 05:44:00+00:00, run_after=2025-01-15 05:45:00+00:00
[2025-01-15T13:45:04.524+0800] {processor.py:208} INFO - Processing /opt/anaconda3/envs/PyTorch/lib/python3.11/site-packages/airflow/example_dags/example_branch_python_dop_operator_3.py took 0.109 seconds
[2025-01-15T13:48:08.412+0800] {processor.py:186} INFO - Started process (PID=78740) to work on /opt/anaconda3/envs/PyTorch/lib/python3.11/site-packages/airflow/example_dags/example_branch_python_dop_operator_3.py
[2025-01-15T13:48:08.413+0800] {processor.py:914} INFO - Processing file /opt/anaconda3/envs/PyTorch/lib/python3.11/site-packages/airflow/example_dags/example_branch_python_dop_operator_3.py for tasks to queue
[2025-01-15T13:48:08.414+0800] {logging_mixin.py:190} INFO - [2025-01-15T13:48:08.414+0800] {dagbag.py:588} INFO - Filling up the DagBag from /opt/anaconda3/envs/PyTorch/lib/python3.11/site-packages/airflow/example_dags/example_branch_python_dop_operator_3.py
[2025-01-15T13:48:08.435+0800] {processor.py:925} INFO - DAG(s) 'example_branch_dop_operator_v3' retrieved from /opt/anaconda3/envs/PyTorch/lib/python3.11/site-packages/airflow/example_dags/example_branch_python_dop_operator_3.py
[2025-01-15T13:48:08.521+0800] {logging_mixin.py:190} INFO - [2025-01-15T13:48:08.520+0800] {dag.py:3239} INFO - Sync 1 DAGs
[2025-01-15T13:48:08.530+0800] {logging_mixin.py:190} INFO - [2025-01-15T13:48:08.530+0800] {dag.py:4180} INFO - Setting next_dagrun for example_branch_dop_operator_v3 to 2025-01-15 05:47:00+00:00, run_after=2025-01-15 05:48:00+00:00
[2025-01-15T13:48:08.538+0800] {processor.py:208} INFO - Processing /opt/anaconda3/envs/PyTorch/lib/python3.11/site-packages/airflow/example_dags/example_branch_python_dop_operator_3.py took 0.129 seconds
[2025-01-15T13:51:18.602+0800] {processor.py:186} INFO - Started process (PID=80577) to work on /opt/anaconda3/envs/PyTorch/lib/python3.11/site-packages/airflow/example_dags/example_branch_python_dop_operator_3.py
[2025-01-15T13:51:18.603+0800] {processor.py:914} INFO - Processing file /opt/anaconda3/envs/PyTorch/lib/python3.11/site-packages/airflow/example_dags/example_branch_python_dop_operator_3.py for tasks to queue
[2025-01-15T13:51:18.604+0800] {logging_mixin.py:190} INFO - [2025-01-15T13:51:18.604+0800] {dagbag.py:588} INFO - Filling up the DagBag from /opt/anaconda3/envs/PyTorch/lib/python3.11/site-packages/airflow/example_dags/example_branch_python_dop_operator_3.py
[2025-01-15T13:51:18.623+0800] {processor.py:925} INFO - DAG(s) 'example_branch_dop_operator_v3' retrieved from /opt/anaconda3/envs/PyTorch/lib/python3.11/site-packages/airflow/example_dags/example_branch_python_dop_operator_3.py
[2025-01-15T13:51:18.699+0800] {logging_mixin.py:190} INFO - [2025-01-15T13:51:18.699+0800] {dag.py:3239} INFO - Sync 1 DAGs
[2025-01-15T13:51:18.708+0800] {logging_mixin.py:190} INFO - [2025-01-15T13:51:18.708+0800] {dag.py:4180} INFO - Setting next_dagrun for example_branch_dop_operator_v3 to 2025-01-15 05:50:00+00:00, run_after=2025-01-15 05:51:00+00:00
[2025-01-15T13:51:18.716+0800] {processor.py:208} INFO - Processing /opt/anaconda3/envs/PyTorch/lib/python3.11/site-packages/airflow/example_dags/example_branch_python_dop_operator_3.py took 0.116 seconds
[2025-01-15T13:55:00.642+0800] {processor.py:186} INFO - Started process (PID=82587) to work on /opt/anaconda3/envs/PyTorch/lib/python3.11/site-packages/airflow/example_dags/example_branch_python_dop_operator_3.py
[2025-01-15T13:55:00.643+0800] {processor.py:914} INFO - Processing file /opt/anaconda3/envs/PyTorch/lib/python3.11/site-packages/airflow/example_dags/example_branch_python_dop_operator_3.py for tasks to queue
[2025-01-15T13:55:00.644+0800] {logging_mixin.py:190} INFO - [2025-01-15T13:55:00.644+0800] {dagbag.py:588} INFO - Filling up the DagBag from /opt/anaconda3/envs/PyTorch/lib/python3.11/site-packages/airflow/example_dags/example_branch_python_dop_operator_3.py
[2025-01-15T13:55:00.663+0800] {processor.py:925} INFO - DAG(s) 'example_branch_dop_operator_v3' retrieved from /opt/anaconda3/envs/PyTorch/lib/python3.11/site-packages/airflow/example_dags/example_branch_python_dop_operator_3.py
[2025-01-15T13:55:00.742+0800] {logging_mixin.py:190} INFO - [2025-01-15T13:55:00.742+0800] {dag.py:3239} INFO - Sync 1 DAGs
[2025-01-15T13:55:00.750+0800] {logging_mixin.py:190} INFO - [2025-01-15T13:55:00.750+0800] {dag.py:4180} INFO - Setting next_dagrun for example_branch_dop_operator_v3 to 2025-01-15 05:54:00+00:00, run_after=2025-01-15 05:55:00+00:00
[2025-01-15T13:55:00.757+0800] {processor.py:208} INFO - Processing /opt/anaconda3/envs/PyTorch/lib/python3.11/site-packages/airflow/example_dags/example_branch_python_dop_operator_3.py took 0.117 seconds
[2025-01-15T13:58:55.166+0800] {processor.py:186} INFO - Started process (PID=84910) to work on /opt/anaconda3/envs/PyTorch/lib/python3.11/site-packages/airflow/example_dags/example_branch_python_dop_operator_3.py
[2025-01-15T13:58:55.168+0800] {processor.py:914} INFO - Processing file /opt/anaconda3/envs/PyTorch/lib/python3.11/site-packages/airflow/example_dags/example_branch_python_dop_operator_3.py for tasks to queue
[2025-01-15T13:58:55.168+0800] {logging_mixin.py:190} INFO - [2025-01-15T13:58:55.168+0800] {dagbag.py:588} INFO - Filling up the DagBag from /opt/anaconda3/envs/PyTorch/lib/python3.11/site-packages/airflow/example_dags/example_branch_python_dop_operator_3.py
[2025-01-15T13:58:55.186+0800] {processor.py:925} INFO - DAG(s) 'example_branch_dop_operator_v3' retrieved from /opt/anaconda3/envs/PyTorch/lib/python3.11/site-packages/airflow/example_dags/example_branch_python_dop_operator_3.py
[2025-01-15T13:58:55.262+0800] {logging_mixin.py:190} INFO - [2025-01-15T13:58:55.262+0800] {dag.py:3239} INFO - Sync 1 DAGs
[2025-01-15T13:58:55.271+0800] {logging_mixin.py:190} INFO - [2025-01-15T13:58:55.270+0800] {dag.py:4180} INFO - Setting next_dagrun for example_branch_dop_operator_v3 to 2025-01-15 05:57:00+00:00, run_after=2025-01-15 05:58:00+00:00
[2025-01-15T13:58:55.277+0800] {processor.py:208} INFO - Processing /opt/anaconda3/envs/PyTorch/lib/python3.11/site-packages/airflow/example_dags/example_branch_python_dop_operator_3.py took 0.114 seconds
[2025-01-15T14:02:56.324+0800] {processor.py:186} INFO - Started process (PID=87192) to work on /opt/anaconda3/envs/PyTorch/lib/python3.11/site-packages/airflow/example_dags/example_branch_python_dop_operator_3.py
[2025-01-15T14:02:56.326+0800] {processor.py:914} INFO - Processing file /opt/anaconda3/envs/PyTorch/lib/python3.11/site-packages/airflow/example_dags/example_branch_python_dop_operator_3.py for tasks to queue
[2025-01-15T14:02:56.326+0800] {logging_mixin.py:190} INFO - [2025-01-15T14:02:56.326+0800] {dagbag.py:588} INFO - Filling up the DagBag from /opt/anaconda3/envs/PyTorch/lib/python3.11/site-packages/airflow/example_dags/example_branch_python_dop_operator_3.py
[2025-01-15T14:02:56.347+0800] {processor.py:925} INFO - DAG(s) 'example_branch_dop_operator_v3' retrieved from /opt/anaconda3/envs/PyTorch/lib/python3.11/site-packages/airflow/example_dags/example_branch_python_dop_operator_3.py
[2025-01-15T14:02:56.425+0800] {logging_mixin.py:190} INFO - [2025-01-15T14:02:56.424+0800] {dag.py:3239} INFO - Sync 1 DAGs
[2025-01-15T14:02:56.434+0800] {logging_mixin.py:190} INFO - [2025-01-15T14:02:56.433+0800] {dag.py:4180} INFO - Setting next_dagrun for example_branch_dop_operator_v3 to 2025-01-15 06:01:00+00:00, run_after=2025-01-15 06:02:00+00:00
[2025-01-15T14:02:56.440+0800] {processor.py:208} INFO - Processing /opt/anaconda3/envs/PyTorch/lib/python3.11/site-packages/airflow/example_dags/example_branch_python_dop_operator_3.py took 0.119 seconds
[2025-01-15T14:06:49.173+0800] {processor.py:186} INFO - Started process (PID=89410) to work on /opt/anaconda3/envs/PyTorch/lib/python3.11/site-packages/airflow/example_dags/example_branch_python_dop_operator_3.py
[2025-01-15T14:06:49.174+0800] {processor.py:914} INFO - Processing file /opt/anaconda3/envs/PyTorch/lib/python3.11/site-packages/airflow/example_dags/example_branch_python_dop_operator_3.py for tasks to queue
[2025-01-15T14:06:49.174+0800] {logging_mixin.py:190} INFO - [2025-01-15T14:06:49.174+0800] {dagbag.py:588} INFO - Filling up the DagBag from /opt/anaconda3/envs/PyTorch/lib/python3.11/site-packages/airflow/example_dags/example_branch_python_dop_operator_3.py
[2025-01-15T14:06:49.193+0800] {processor.py:925} INFO - DAG(s) 'example_branch_dop_operator_v3' retrieved from /opt/anaconda3/envs/PyTorch/lib/python3.11/site-packages/airflow/example_dags/example_branch_python_dop_operator_3.py
[2025-01-15T14:06:49.275+0800] {logging_mixin.py:190} INFO - [2025-01-15T14:06:49.275+0800] {dag.py:3239} INFO - Sync 1 DAGs
[2025-01-15T14:06:49.284+0800] {logging_mixin.py:190} INFO - [2025-01-15T14:06:49.284+0800] {dag.py:4180} INFO - Setting next_dagrun for example_branch_dop_operator_v3 to 2025-01-15 06:05:00+00:00, run_after=2025-01-15 06:06:00+00:00
[2025-01-15T14:06:49.293+0800] {processor.py:208} INFO - Processing /opt/anaconda3/envs/PyTorch/lib/python3.11/site-packages/airflow/example_dags/example_branch_python_dop_operator_3.py took 0.121 seconds
[2025-01-15T14:10:53.797+0800] {processor.py:186} INFO - Started process (PID=91727) to work on /opt/anaconda3/envs/PyTorch/lib/python3.11/site-packages/airflow/example_dags/example_branch_python_dop_operator_3.py
[2025-01-15T14:10:53.799+0800] {processor.py:914} INFO - Processing file /opt/anaconda3/envs/PyTorch/lib/python3.11/site-packages/airflow/example_dags/example_branch_python_dop_operator_3.py for tasks to queue
[2025-01-15T14:10:53.799+0800] {logging_mixin.py:190} INFO - [2025-01-15T14:10:53.799+0800] {dagbag.py:588} INFO - Filling up the DagBag from /opt/anaconda3/envs/PyTorch/lib/python3.11/site-packages/airflow/example_dags/example_branch_python_dop_operator_3.py
[2025-01-15T14:10:53.818+0800] {processor.py:925} INFO - DAG(s) 'example_branch_dop_operator_v3' retrieved from /opt/anaconda3/envs/PyTorch/lib/python3.11/site-packages/airflow/example_dags/example_branch_python_dop_operator_3.py
[2025-01-15T14:10:53.901+0800] {logging_mixin.py:190} INFO - [2025-01-15T14:10:53.901+0800] {dag.py:3239} INFO - Sync 1 DAGs
[2025-01-15T14:10:53.911+0800] {logging_mixin.py:190} INFO - [2025-01-15T14:10:53.911+0800] {dag.py:4180} INFO - Setting next_dagrun for example_branch_dop_operator_v3 to 2025-01-15 06:09:00+00:00, run_after=2025-01-15 06:10:00+00:00
[2025-01-15T14:10:53.920+0800] {processor.py:208} INFO - Processing /opt/anaconda3/envs/PyTorch/lib/python3.11/site-packages/airflow/example_dags/example_branch_python_dop_operator_3.py took 0.125 seconds
[2025-01-15T14:14:27.974+0800] {processor.py:186} INFO - Started process (PID=93725) to work on /opt/anaconda3/envs/PyTorch/lib/python3.11/site-packages/airflow/example_dags/example_branch_python_dop_operator_3.py
[2025-01-15T14:14:27.976+0800] {processor.py:914} INFO - Processing file /opt/anaconda3/envs/PyTorch/lib/python3.11/site-packages/airflow/example_dags/example_branch_python_dop_operator_3.py for tasks to queue
[2025-01-15T14:14:27.977+0800] {logging_mixin.py:190} INFO - [2025-01-15T14:14:27.977+0800] {dagbag.py:588} INFO - Filling up the DagBag from /opt/anaconda3/envs/PyTorch/lib/python3.11/site-packages/airflow/example_dags/example_branch_python_dop_operator_3.py
[2025-01-15T14:14:27.996+0800] {processor.py:925} INFO - DAG(s) 'example_branch_dop_operator_v3' retrieved from /opt/anaconda3/envs/PyTorch/lib/python3.11/site-packages/airflow/example_dags/example_branch_python_dop_operator_3.py
[2025-01-15T14:14:28.085+0800] {logging_mixin.py:190} INFO - [2025-01-15T14:14:28.085+0800] {dag.py:3239} INFO - Sync 1 DAGs
[2025-01-15T14:14:28.094+0800] {logging_mixin.py:190} INFO - [2025-01-15T14:14:28.094+0800] {dag.py:4180} INFO - Setting next_dagrun for example_branch_dop_operator_v3 to 2025-01-15 06:13:00+00:00, run_after=2025-01-15 06:14:00+00:00
[2025-01-15T14:14:28.102+0800] {processor.py:208} INFO - Processing /opt/anaconda3/envs/PyTorch/lib/python3.11/site-packages/airflow/example_dags/example_branch_python_dop_operator_3.py took 0.130 seconds
[2025-01-15T14:18:23.809+0800] {processor.py:186} INFO - Started process (PID=95937) to work on /opt/anaconda3/envs/PyTorch/lib/python3.11/site-packages/airflow/example_dags/example_branch_python_dop_operator_3.py
[2025-01-15T14:18:23.811+0800] {processor.py:914} INFO - Processing file /opt/anaconda3/envs/PyTorch/lib/python3.11/site-packages/airflow/example_dags/example_branch_python_dop_operator_3.py for tasks to queue
[2025-01-15T14:18:23.812+0800] {logging_mixin.py:190} INFO - [2025-01-15T14:18:23.812+0800] {dagbag.py:588} INFO - Filling up the DagBag from /opt/anaconda3/envs/PyTorch/lib/python3.11/site-packages/airflow/example_dags/example_branch_python_dop_operator_3.py
[2025-01-15T14:18:23.830+0800] {processor.py:925} INFO - DAG(s) 'example_branch_dop_operator_v3' retrieved from /opt/anaconda3/envs/PyTorch/lib/python3.11/site-packages/airflow/example_dags/example_branch_python_dop_operator_3.py
[2025-01-15T14:18:23.905+0800] {logging_mixin.py:190} INFO - [2025-01-15T14:18:23.905+0800] {dag.py:3239} INFO - Sync 1 DAGs
[2025-01-15T14:18:23.913+0800] {logging_mixin.py:190} INFO - [2025-01-15T14:18:23.913+0800] {dag.py:4180} INFO - Setting next_dagrun for example_branch_dop_operator_v3 to 2025-01-15 06:17:00+00:00, run_after=2025-01-15 06:18:00+00:00
[2025-01-15T14:18:23.920+0800] {processor.py:208} INFO - Processing /opt/anaconda3/envs/PyTorch/lib/python3.11/site-packages/airflow/example_dags/example_branch_python_dop_operator_3.py took 0.113 seconds
[2025-01-15T14:22:18.263+0800] {processor.py:186} INFO - Started process (PID=98071) to work on /opt/anaconda3/envs/PyTorch/lib/python3.11/site-packages/airflow/example_dags/example_branch_python_dop_operator_3.py
[2025-01-15T14:22:18.264+0800] {processor.py:914} INFO - Processing file /opt/anaconda3/envs/PyTorch/lib/python3.11/site-packages/airflow/example_dags/example_branch_python_dop_operator_3.py for tasks to queue
[2025-01-15T14:22:18.265+0800] {logging_mixin.py:190} INFO - [2025-01-15T14:22:18.265+0800] {dagbag.py:588} INFO - Filling up the DagBag from /opt/anaconda3/envs/PyTorch/lib/python3.11/site-packages/airflow/example_dags/example_branch_python_dop_operator_3.py
[2025-01-15T14:22:18.281+0800] {processor.py:925} INFO - DAG(s) 'example_branch_dop_operator_v3' retrieved from /opt/anaconda3/envs/PyTorch/lib/python3.11/site-packages/airflow/example_dags/example_branch_python_dop_operator_3.py
[2025-01-15T14:22:18.356+0800] {logging_mixin.py:190} INFO - [2025-01-15T14:22:18.356+0800] {dag.py:3239} INFO - Sync 1 DAGs
[2025-01-15T14:22:18.365+0800] {logging_mixin.py:190} INFO - [2025-01-15T14:22:18.364+0800] {dag.py:4180} INFO - Setting next_dagrun for example_branch_dop_operator_v3 to 2025-01-15 06:21:00+00:00, run_after=2025-01-15 06:22:00+00:00
[2025-01-15T14:22:18.371+0800] {processor.py:208} INFO - Processing /opt/anaconda3/envs/PyTorch/lib/python3.11/site-packages/airflow/example_dags/example_branch_python_dop_operator_3.py took 0.110 seconds
[2025-01-15T14:26:02.765+0800] {processor.py:186} INFO - Started process (PID=270) to work on /opt/anaconda3/envs/PyTorch/lib/python3.11/site-packages/airflow/example_dags/example_branch_python_dop_operator_3.py
[2025-01-15T14:26:02.767+0800] {processor.py:914} INFO - Processing file /opt/anaconda3/envs/PyTorch/lib/python3.11/site-packages/airflow/example_dags/example_branch_python_dop_operator_3.py for tasks to queue
[2025-01-15T14:26:02.768+0800] {logging_mixin.py:190} INFO - [2025-01-15T14:26:02.768+0800] {dagbag.py:588} INFO - Filling up the DagBag from /opt/anaconda3/envs/PyTorch/lib/python3.11/site-packages/airflow/example_dags/example_branch_python_dop_operator_3.py
[2025-01-15T14:26:02.786+0800] {processor.py:925} INFO - DAG(s) 'example_branch_dop_operator_v3' retrieved from /opt/anaconda3/envs/PyTorch/lib/python3.11/site-packages/airflow/example_dags/example_branch_python_dop_operator_3.py
[2025-01-15T14:26:02.860+0800] {logging_mixin.py:190} INFO - [2025-01-15T14:26:02.859+0800] {dag.py:3239} INFO - Sync 1 DAGs
[2025-01-15T14:26:02.867+0800] {logging_mixin.py:190} INFO - [2025-01-15T14:26:02.867+0800] {dag.py:4180} INFO - Setting next_dagrun for example_branch_dop_operator_v3 to 2025-01-15 06:25:00+00:00, run_after=2025-01-15 06:26:00+00:00
[2025-01-15T14:26:02.874+0800] {processor.py:208} INFO - Processing /opt/anaconda3/envs/PyTorch/lib/python3.11/site-packages/airflow/example_dags/example_branch_python_dop_operator_3.py took 0.111 seconds
[2025-01-15T14:29:35.425+0800] {processor.py:186} INFO - Started process (PID=2993) to work on /opt/anaconda3/envs/PyTorch/lib/python3.11/site-packages/airflow/example_dags/example_branch_python_dop_operator_3.py
[2025-01-15T14:29:35.427+0800] {processor.py:914} INFO - Processing file /opt/anaconda3/envs/PyTorch/lib/python3.11/site-packages/airflow/example_dags/example_branch_python_dop_operator_3.py for tasks to queue
[2025-01-15T14:29:35.428+0800] {logging_mixin.py:190} INFO - [2025-01-15T14:29:35.428+0800] {dagbag.py:588} INFO - Filling up the DagBag from /opt/anaconda3/envs/PyTorch/lib/python3.11/site-packages/airflow/example_dags/example_branch_python_dop_operator_3.py
[2025-01-15T14:29:35.445+0800] {processor.py:925} INFO - DAG(s) 'example_branch_dop_operator_v3' retrieved from /opt/anaconda3/envs/PyTorch/lib/python3.11/site-packages/airflow/example_dags/example_branch_python_dop_operator_3.py
[2025-01-15T14:29:35.516+0800] {logging_mixin.py:190} INFO - [2025-01-15T14:29:35.516+0800] {dag.py:3239} INFO - Sync 1 DAGs
[2025-01-15T14:29:35.526+0800] {logging_mixin.py:190} INFO - [2025-01-15T14:29:35.526+0800] {dag.py:4180} INFO - Setting next_dagrun for example_branch_dop_operator_v3 to 2025-01-15 06:28:00+00:00, run_after=2025-01-15 06:29:00+00:00
[2025-01-15T14:29:35.533+0800] {processor.py:208} INFO - Processing /opt/anaconda3/envs/PyTorch/lib/python3.11/site-packages/airflow/example_dags/example_branch_python_dop_operator_3.py took 0.109 seconds
