[2025-01-15T11:50:07.406+0800] {processor.py:186} INFO - Started process (PID=15140) to work on /opt/anaconda3/envs/PyTorch/lib/python3.11/site-packages/airflow/example_dags/example_python_decorator.py
[2025-01-15T11:50:07.408+0800] {processor.py:914} INFO - Processing file /opt/anaconda3/envs/PyTorch/lib/python3.11/site-packages/airflow/example_dags/example_python_decorator.py for tasks to queue
[2025-01-15T11:50:07.408+0800] {logging_mixin.py:190} INFO - [2025-01-15T11:50:07.408+0800] {dagbag.py:588} INFO - Filling up the DagBag from /opt/anaconda3/envs/PyTorch/lib/python3.11/site-packages/airflow/example_dags/example_python_decorator.py
[2025-01-15T11:50:07.426+0800] {processor.py:925} INFO - DAG(s) 'example_python_decorator' retrieved from /opt/anaconda3/envs/PyTorch/lib/python3.11/site-packages/airflow/example_dags/example_python_decorator.py
[2025-01-15T11:50:07.533+0800] {logging_mixin.py:190} INFO - [2025-01-15T11:50:07.533+0800] {override.py:1912} INFO - Created Permission View: can read on DAG:example_python_decorator
[2025-01-15T11:50:07.537+0800] {logging_mixin.py:190} INFO - [2025-01-15T11:50:07.536+0800] {override.py:1912} INFO - Created Permission View: can delete on DAG:example_python_decorator
[2025-01-15T11:50:07.539+0800] {logging_mixin.py:190} INFO - [2025-01-15T11:50:07.539+0800] {override.py:1912} INFO - Created Permission View: can edit on DAG:example_python_decorator
[2025-01-15T11:50:07.543+0800] {logging_mixin.py:190} INFO - [2025-01-15T11:50:07.543+0800] {override.py:1912} INFO - Created Permission View: can read on DAG Run:example_python_decorator
[2025-01-15T11:50:07.545+0800] {logging_mixin.py:190} INFO - [2025-01-15T11:50:07.545+0800] {override.py:1912} INFO - Created Permission View: can delete on DAG Run:example_python_decorator
[2025-01-15T11:50:07.548+0800] {logging_mixin.py:190} INFO - [2025-01-15T11:50:07.548+0800] {override.py:1912} INFO - Created Permission View: can create on DAG Run:example_python_decorator
[2025-01-15T11:50:07.550+0800] {logging_mixin.py:190} INFO - [2025-01-15T11:50:07.550+0800] {override.py:1912} INFO - Created Permission View: menu access on DAG Run:example_python_decorator
[2025-01-15T11:50:07.551+0800] {logging_mixin.py:190} INFO - [2025-01-15T11:50:07.550+0800] {dag.py:3239} INFO - Sync 1 DAGs
[2025-01-15T11:50:07.557+0800] {logging_mixin.py:190} INFO - [2025-01-15T11:50:07.556+0800] {dag.py:3262} INFO - Creating ORM DAG for example_python_decorator
[2025-01-15T11:50:07.557+0800] {logging_mixin.py:190} INFO - [2025-01-15T11:50:07.557+0800] {dag.py:4180} INFO - Setting next_dagrun for example_python_decorator to None, run_after=None
[2025-01-15T11:50:07.564+0800] {processor.py:208} INFO - Processing /opt/anaconda3/envs/PyTorch/lib/python3.11/site-packages/airflow/example_dags/example_python_decorator.py took 0.159 seconds
[2025-01-15T11:56:38.874+0800] {processor.py:186} INFO - Started process (PID=18414) to work on /opt/anaconda3/envs/PyTorch/lib/python3.11/site-packages/airflow/example_dags/example_python_decorator.py
[2025-01-15T11:56:38.875+0800] {processor.py:914} INFO - Processing file /opt/anaconda3/envs/PyTorch/lib/python3.11/site-packages/airflow/example_dags/example_python_decorator.py for tasks to queue
[2025-01-15T11:56:38.875+0800] {logging_mixin.py:190} INFO - [2025-01-15T11:56:38.875+0800] {dagbag.py:588} INFO - Filling up the DagBag from /opt/anaconda3/envs/PyTorch/lib/python3.11/site-packages/airflow/example_dags/example_python_decorator.py
[2025-01-15T11:56:38.894+0800] {processor.py:925} INFO - DAG(s) 'example_python_decorator' retrieved from /opt/anaconda3/envs/PyTorch/lib/python3.11/site-packages/airflow/example_dags/example_python_decorator.py
[2025-01-15T11:56:39.005+0800] {logging_mixin.py:190} INFO - [2025-01-15T11:56:39.005+0800] {dag.py:3239} INFO - Sync 1 DAGs
[2025-01-15T11:56:39.009+0800] {logging_mixin.py:190} INFO - [2025-01-15T11:56:39.009+0800] {dag.py:4180} INFO - Setting next_dagrun for example_python_decorator to None, run_after=None
[2025-01-15T11:56:39.017+0800] {processor.py:208} INFO - Processing /opt/anaconda3/envs/PyTorch/lib/python3.11/site-packages/airflow/example_dags/example_python_decorator.py took 0.145 seconds
[2025-01-15T11:58:35.311+0800] {processor.py:186} INFO - Started process (PID=19459) to work on /opt/anaconda3/envs/PyTorch/lib/python3.11/site-packages/airflow/example_dags/example_python_decorator.py
[2025-01-15T11:58:35.312+0800] {processor.py:914} INFO - Processing file /opt/anaconda3/envs/PyTorch/lib/python3.11/site-packages/airflow/example_dags/example_python_decorator.py for tasks to queue
[2025-01-15T11:58:35.313+0800] {logging_mixin.py:190} INFO - [2025-01-15T11:58:35.313+0800] {dagbag.py:588} INFO - Filling up the DagBag from /opt/anaconda3/envs/PyTorch/lib/python3.11/site-packages/airflow/example_dags/example_python_decorator.py
[2025-01-15T11:58:35.331+0800] {processor.py:925} INFO - DAG(s) 'example_python_decorator' retrieved from /opt/anaconda3/envs/PyTorch/lib/python3.11/site-packages/airflow/example_dags/example_python_decorator.py
[2025-01-15T11:58:35.437+0800] {logging_mixin.py:190} INFO - [2025-01-15T11:58:35.437+0800] {dag.py:3239} INFO - Sync 1 DAGs
[2025-01-15T11:58:35.441+0800] {logging_mixin.py:190} INFO - [2025-01-15T11:58:35.441+0800] {dag.py:4180} INFO - Setting next_dagrun for example_python_decorator to None, run_after=None
[2025-01-15T11:58:35.448+0800] {processor.py:208} INFO - Processing /opt/anaconda3/envs/PyTorch/lib/python3.11/site-packages/airflow/example_dags/example_python_decorator.py took 0.139 seconds
[2025-01-15T12:00:32.473+0800] {processor.py:186} INFO - Started process (PID=20514) to work on /opt/anaconda3/envs/PyTorch/lib/python3.11/site-packages/airflow/example_dags/example_python_decorator.py
[2025-01-15T12:00:32.475+0800] {processor.py:914} INFO - Processing file /opt/anaconda3/envs/PyTorch/lib/python3.11/site-packages/airflow/example_dags/example_python_decorator.py for tasks to queue
[2025-01-15T12:00:32.476+0800] {logging_mixin.py:190} INFO - [2025-01-15T12:00:32.476+0800] {dagbag.py:588} INFO - Filling up the DagBag from /opt/anaconda3/envs/PyTorch/lib/python3.11/site-packages/airflow/example_dags/example_python_decorator.py
[2025-01-15T12:00:32.496+0800] {processor.py:925} INFO - DAG(s) 'example_python_decorator' retrieved from /opt/anaconda3/envs/PyTorch/lib/python3.11/site-packages/airflow/example_dags/example_python_decorator.py
[2025-01-15T12:00:32.620+0800] {logging_mixin.py:190} INFO - [2025-01-15T12:00:32.620+0800] {dag.py:3239} INFO - Sync 1 DAGs
[2025-01-15T12:00:32.639+0800] {logging_mixin.py:190} INFO - [2025-01-15T12:00:32.639+0800] {dag.py:4180} INFO - Setting next_dagrun for example_python_decorator to None, run_after=None
[2025-01-15T12:00:32.648+0800] {processor.py:208} INFO - Processing /opt/anaconda3/envs/PyTorch/lib/python3.11/site-packages/airflow/example_dags/example_python_decorator.py took 0.177 seconds
[2025-01-15T12:03:27.247+0800] {processor.py:186} INFO - Started process (PID=22042) to work on /opt/anaconda3/envs/PyTorch/lib/python3.11/site-packages/airflow/example_dags/example_python_decorator.py
[2025-01-15T12:03:27.249+0800] {processor.py:914} INFO - Processing file /opt/anaconda3/envs/PyTorch/lib/python3.11/site-packages/airflow/example_dags/example_python_decorator.py for tasks to queue
[2025-01-15T12:03:27.249+0800] {logging_mixin.py:190} INFO - [2025-01-15T12:03:27.249+0800] {dagbag.py:588} INFO - Filling up the DagBag from /opt/anaconda3/envs/PyTorch/lib/python3.11/site-packages/airflow/example_dags/example_python_decorator.py
[2025-01-15T12:03:27.267+0800] {processor.py:925} INFO - DAG(s) 'example_python_decorator' retrieved from /opt/anaconda3/envs/PyTorch/lib/python3.11/site-packages/airflow/example_dags/example_python_decorator.py
[2025-01-15T12:03:27.373+0800] {logging_mixin.py:190} INFO - [2025-01-15T12:03:27.373+0800] {dag.py:3239} INFO - Sync 1 DAGs
[2025-01-15T12:03:27.378+0800] {logging_mixin.py:190} INFO - [2025-01-15T12:03:27.378+0800] {dag.py:4180} INFO - Setting next_dagrun for example_python_decorator to None, run_after=None
[2025-01-15T12:03:27.385+0800] {processor.py:208} INFO - Processing /opt/anaconda3/envs/PyTorch/lib/python3.11/site-packages/airflow/example_dags/example_python_decorator.py took 0.139 seconds
[2025-01-15T12:06:19.077+0800] {processor.py:186} INFO - Started process (PID=23579) to work on /opt/anaconda3/envs/PyTorch/lib/python3.11/site-packages/airflow/example_dags/example_python_decorator.py
[2025-01-15T12:06:19.078+0800] {processor.py:914} INFO - Processing file /opt/anaconda3/envs/PyTorch/lib/python3.11/site-packages/airflow/example_dags/example_python_decorator.py for tasks to queue
[2025-01-15T12:06:19.078+0800] {logging_mixin.py:190} INFO - [2025-01-15T12:06:19.078+0800] {dagbag.py:588} INFO - Filling up the DagBag from /opt/anaconda3/envs/PyTorch/lib/python3.11/site-packages/airflow/example_dags/example_python_decorator.py
[2025-01-15T12:06:19.097+0800] {processor.py:925} INFO - DAG(s) 'example_python_decorator' retrieved from /opt/anaconda3/envs/PyTorch/lib/python3.11/site-packages/airflow/example_dags/example_python_decorator.py
[2025-01-15T12:06:19.202+0800] {logging_mixin.py:190} INFO - [2025-01-15T12:06:19.202+0800] {dag.py:3239} INFO - Sync 1 DAGs
[2025-01-15T12:06:19.206+0800] {logging_mixin.py:190} INFO - [2025-01-15T12:06:19.206+0800] {dag.py:4180} INFO - Setting next_dagrun for example_python_decorator to None, run_after=None
[2025-01-15T12:06:19.213+0800] {processor.py:208} INFO - Processing /opt/anaconda3/envs/PyTorch/lib/python3.11/site-packages/airflow/example_dags/example_python_decorator.py took 0.138 seconds
[2025-01-15T12:09:15.526+0800] {processor.py:186} INFO - Started process (PID=25176) to work on /opt/anaconda3/envs/PyTorch/lib/python3.11/site-packages/airflow/example_dags/example_python_decorator.py
[2025-01-15T12:09:15.527+0800] {processor.py:914} INFO - Processing file /opt/anaconda3/envs/PyTorch/lib/python3.11/site-packages/airflow/example_dags/example_python_decorator.py for tasks to queue
[2025-01-15T12:09:15.528+0800] {logging_mixin.py:190} INFO - [2025-01-15T12:09:15.528+0800] {dagbag.py:588} INFO - Filling up the DagBag from /opt/anaconda3/envs/PyTorch/lib/python3.11/site-packages/airflow/example_dags/example_python_decorator.py
[2025-01-15T12:09:15.546+0800] {processor.py:925} INFO - DAG(s) 'example_python_decorator' retrieved from /opt/anaconda3/envs/PyTorch/lib/python3.11/site-packages/airflow/example_dags/example_python_decorator.py
[2025-01-15T12:09:15.651+0800] {logging_mixin.py:190} INFO - [2025-01-15T12:09:15.651+0800] {dag.py:3239} INFO - Sync 1 DAGs
[2025-01-15T12:09:15.655+0800] {logging_mixin.py:190} INFO - [2025-01-15T12:09:15.655+0800] {dag.py:4180} INFO - Setting next_dagrun for example_python_decorator to None, run_after=None
[2025-01-15T12:09:15.662+0800] {processor.py:208} INFO - Processing /opt/anaconda3/envs/PyTorch/lib/python3.11/site-packages/airflow/example_dags/example_python_decorator.py took 0.137 seconds
[2025-01-15T12:12:12.305+0800] {processor.py:186} INFO - Started process (PID=26782) to work on /opt/anaconda3/envs/PyTorch/lib/python3.11/site-packages/airflow/example_dags/example_python_decorator.py
[2025-01-15T12:12:12.306+0800] {processor.py:914} INFO - Processing file /opt/anaconda3/envs/PyTorch/lib/python3.11/site-packages/airflow/example_dags/example_python_decorator.py for tasks to queue
[2025-01-15T12:12:12.307+0800] {logging_mixin.py:190} INFO - [2025-01-15T12:12:12.306+0800] {dagbag.py:588} INFO - Filling up the DagBag from /opt/anaconda3/envs/PyTorch/lib/python3.11/site-packages/airflow/example_dags/example_python_decorator.py
[2025-01-15T12:12:12.325+0800] {processor.py:925} INFO - DAG(s) 'example_python_decorator' retrieved from /opt/anaconda3/envs/PyTorch/lib/python3.11/site-packages/airflow/example_dags/example_python_decorator.py
[2025-01-15T12:12:12.430+0800] {logging_mixin.py:190} INFO - [2025-01-15T12:12:12.430+0800] {dag.py:3239} INFO - Sync 1 DAGs
[2025-01-15T12:12:12.434+0800] {logging_mixin.py:190} INFO - [2025-01-15T12:12:12.434+0800] {dag.py:4180} INFO - Setting next_dagrun for example_python_decorator to None, run_after=None
[2025-01-15T12:12:12.440+0800] {processor.py:208} INFO - Processing /opt/anaconda3/envs/PyTorch/lib/python3.11/site-packages/airflow/example_dags/example_python_decorator.py took 0.137 seconds
[2025-01-15T12:15:09.440+0800] {processor.py:186} INFO - Started process (PID=28335) to work on /opt/anaconda3/envs/PyTorch/lib/python3.11/site-packages/airflow/example_dags/example_python_decorator.py
[2025-01-15T12:15:09.444+0800] {processor.py:914} INFO - Processing file /opt/anaconda3/envs/PyTorch/lib/python3.11/site-packages/airflow/example_dags/example_python_decorator.py for tasks to queue
[2025-01-15T12:15:09.444+0800] {logging_mixin.py:190} INFO - [2025-01-15T12:15:09.444+0800] {dagbag.py:588} INFO - Filling up the DagBag from /opt/anaconda3/envs/PyTorch/lib/python3.11/site-packages/airflow/example_dags/example_python_decorator.py
[2025-01-15T12:15:09.464+0800] {processor.py:925} INFO - DAG(s) 'example_python_decorator' retrieved from /opt/anaconda3/envs/PyTorch/lib/python3.11/site-packages/airflow/example_dags/example_python_decorator.py
[2025-01-15T12:15:09.574+0800] {logging_mixin.py:190} INFO - [2025-01-15T12:15:09.573+0800] {dag.py:3239} INFO - Sync 1 DAGs
[2025-01-15T12:15:09.578+0800] {logging_mixin.py:190} INFO - [2025-01-15T12:15:09.577+0800] {dag.py:4180} INFO - Setting next_dagrun for example_python_decorator to None, run_after=None
[2025-01-15T12:15:09.584+0800] {processor.py:208} INFO - Processing /opt/anaconda3/envs/PyTorch/lib/python3.11/site-packages/airflow/example_dags/example_python_decorator.py took 0.146 seconds
[2025-01-15T12:18:05.777+0800] {processor.py:186} INFO - Started process (PID=29925) to work on /opt/anaconda3/envs/PyTorch/lib/python3.11/site-packages/airflow/example_dags/example_python_decorator.py
[2025-01-15T12:18:05.778+0800] {processor.py:914} INFO - Processing file /opt/anaconda3/envs/PyTorch/lib/python3.11/site-packages/airflow/example_dags/example_python_decorator.py for tasks to queue
[2025-01-15T12:18:05.779+0800] {logging_mixin.py:190} INFO - [2025-01-15T12:18:05.779+0800] {dagbag.py:588} INFO - Filling up the DagBag from /opt/anaconda3/envs/PyTorch/lib/python3.11/site-packages/airflow/example_dags/example_python_decorator.py
[2025-01-15T12:18:05.797+0800] {processor.py:925} INFO - DAG(s) 'example_python_decorator' retrieved from /opt/anaconda3/envs/PyTorch/lib/python3.11/site-packages/airflow/example_dags/example_python_decorator.py
[2025-01-15T12:18:05.904+0800] {logging_mixin.py:190} INFO - [2025-01-15T12:18:05.904+0800] {dag.py:3239} INFO - Sync 1 DAGs
[2025-01-15T12:18:05.908+0800] {logging_mixin.py:190} INFO - [2025-01-15T12:18:05.908+0800] {dag.py:4180} INFO - Setting next_dagrun for example_python_decorator to None, run_after=None
[2025-01-15T12:18:05.914+0800] {processor.py:208} INFO - Processing /opt/anaconda3/envs/PyTorch/lib/python3.11/site-packages/airflow/example_dags/example_python_decorator.py took 0.138 seconds
[2025-01-15T12:21:05.128+0800] {processor.py:186} INFO - Started process (PID=31495) to work on /opt/anaconda3/envs/PyTorch/lib/python3.11/site-packages/airflow/example_dags/example_python_decorator.py
[2025-01-15T12:21:05.129+0800] {processor.py:914} INFO - Processing file /opt/anaconda3/envs/PyTorch/lib/python3.11/site-packages/airflow/example_dags/example_python_decorator.py for tasks to queue
[2025-01-15T12:21:05.130+0800] {logging_mixin.py:190} INFO - [2025-01-15T12:21:05.130+0800] {dagbag.py:588} INFO - Filling up the DagBag from /opt/anaconda3/envs/PyTorch/lib/python3.11/site-packages/airflow/example_dags/example_python_decorator.py
[2025-01-15T12:21:05.149+0800] {processor.py:925} INFO - DAG(s) 'example_python_decorator' retrieved from /opt/anaconda3/envs/PyTorch/lib/python3.11/site-packages/airflow/example_dags/example_python_decorator.py
[2025-01-15T12:21:05.253+0800] {logging_mixin.py:190} INFO - [2025-01-15T12:21:05.253+0800] {dag.py:3239} INFO - Sync 1 DAGs
[2025-01-15T12:21:05.257+0800] {logging_mixin.py:190} INFO - [2025-01-15T12:21:05.257+0800] {dag.py:4180} INFO - Setting next_dagrun for example_python_decorator to None, run_after=None
[2025-01-15T12:21:05.264+0800] {processor.py:208} INFO - Processing /opt/anaconda3/envs/PyTorch/lib/python3.11/site-packages/airflow/example_dags/example_python_decorator.py took 0.137 seconds
[2025-01-15T12:24:09.019+0800] {processor.py:186} INFO - Started process (PID=33115) to work on /opt/anaconda3/envs/PyTorch/lib/python3.11/site-packages/airflow/example_dags/example_python_decorator.py
[2025-01-15T12:24:09.021+0800] {processor.py:914} INFO - Processing file /opt/anaconda3/envs/PyTorch/lib/python3.11/site-packages/airflow/example_dags/example_python_decorator.py for tasks to queue
[2025-01-15T12:24:09.021+0800] {logging_mixin.py:190} INFO - [2025-01-15T12:24:09.021+0800] {dagbag.py:588} INFO - Filling up the DagBag from /opt/anaconda3/envs/PyTorch/lib/python3.11/site-packages/airflow/example_dags/example_python_decorator.py
[2025-01-15T12:24:09.040+0800] {processor.py:925} INFO - DAG(s) 'example_python_decorator' retrieved from /opt/anaconda3/envs/PyTorch/lib/python3.11/site-packages/airflow/example_dags/example_python_decorator.py
[2025-01-15T12:24:09.144+0800] {logging_mixin.py:190} INFO - [2025-01-15T12:24:09.144+0800] {dag.py:3239} INFO - Sync 1 DAGs
[2025-01-15T12:24:09.148+0800] {logging_mixin.py:190} INFO - [2025-01-15T12:24:09.148+0800] {dag.py:4180} INFO - Setting next_dagrun for example_python_decorator to None, run_after=None
[2025-01-15T12:24:09.155+0800] {processor.py:208} INFO - Processing /opt/anaconda3/envs/PyTorch/lib/python3.11/site-packages/airflow/example_dags/example_python_decorator.py took 0.138 seconds
[2025-01-15T12:27:05.409+0800] {processor.py:186} INFO - Started process (PID=34676) to work on /opt/anaconda3/envs/PyTorch/lib/python3.11/site-packages/airflow/example_dags/example_python_decorator.py
[2025-01-15T12:27:05.409+0800] {processor.py:914} INFO - Processing file /opt/anaconda3/envs/PyTorch/lib/python3.11/site-packages/airflow/example_dags/example_python_decorator.py for tasks to queue
[2025-01-15T12:27:05.410+0800] {logging_mixin.py:190} INFO - [2025-01-15T12:27:05.410+0800] {dagbag.py:588} INFO - Filling up the DagBag from /opt/anaconda3/envs/PyTorch/lib/python3.11/site-packages/airflow/example_dags/example_python_decorator.py
[2025-01-15T12:27:05.428+0800] {processor.py:925} INFO - DAG(s) 'example_python_decorator' retrieved from /opt/anaconda3/envs/PyTorch/lib/python3.11/site-packages/airflow/example_dags/example_python_decorator.py
[2025-01-15T12:27:05.546+0800] {logging_mixin.py:190} INFO - [2025-01-15T12:27:05.546+0800] {dag.py:3239} INFO - Sync 1 DAGs
[2025-01-15T12:27:05.551+0800] {logging_mixin.py:190} INFO - [2025-01-15T12:27:05.550+0800] {dag.py:4180} INFO - Setting next_dagrun for example_python_decorator to None, run_after=None
[2025-01-15T12:27:05.558+0800] {processor.py:208} INFO - Processing /opt/anaconda3/envs/PyTorch/lib/python3.11/site-packages/airflow/example_dags/example_python_decorator.py took 0.151 seconds
[2025-01-15T12:30:01.596+0800] {processor.py:186} INFO - Started process (PID=36229) to work on /opt/anaconda3/envs/PyTorch/lib/python3.11/site-packages/airflow/example_dags/example_python_decorator.py
[2025-01-15T12:30:01.597+0800] {processor.py:914} INFO - Processing file /opt/anaconda3/envs/PyTorch/lib/python3.11/site-packages/airflow/example_dags/example_python_decorator.py for tasks to queue
[2025-01-15T12:30:01.598+0800] {logging_mixin.py:190} INFO - [2025-01-15T12:30:01.598+0800] {dagbag.py:588} INFO - Filling up the DagBag from /opt/anaconda3/envs/PyTorch/lib/python3.11/site-packages/airflow/example_dags/example_python_decorator.py
[2025-01-15T12:30:01.618+0800] {processor.py:925} INFO - DAG(s) 'example_python_decorator' retrieved from /opt/anaconda3/envs/PyTorch/lib/python3.11/site-packages/airflow/example_dags/example_python_decorator.py
[2025-01-15T12:30:01.722+0800] {logging_mixin.py:190} INFO - [2025-01-15T12:30:01.722+0800] {dag.py:3239} INFO - Sync 1 DAGs
[2025-01-15T12:30:01.726+0800] {logging_mixin.py:190} INFO - [2025-01-15T12:30:01.726+0800] {dag.py:4180} INFO - Setting next_dagrun for example_python_decorator to None, run_after=None
[2025-01-15T12:30:01.732+0800] {processor.py:208} INFO - Processing /opt/anaconda3/envs/PyTorch/lib/python3.11/site-packages/airflow/example_dags/example_python_decorator.py took 0.138 seconds
[2025-01-15T12:32:57.436+0800] {processor.py:186} INFO - Started process (PID=37752) to work on /opt/anaconda3/envs/PyTorch/lib/python3.11/site-packages/airflow/example_dags/example_python_decorator.py
[2025-01-15T12:32:57.438+0800] {processor.py:914} INFO - Processing file /opt/anaconda3/envs/PyTorch/lib/python3.11/site-packages/airflow/example_dags/example_python_decorator.py for tasks to queue
[2025-01-15T12:32:57.438+0800] {logging_mixin.py:190} INFO - [2025-01-15T12:32:57.438+0800] {dagbag.py:588} INFO - Filling up the DagBag from /opt/anaconda3/envs/PyTorch/lib/python3.11/site-packages/airflow/example_dags/example_python_decorator.py
[2025-01-15T12:32:57.456+0800] {processor.py:925} INFO - DAG(s) 'example_python_decorator' retrieved from /opt/anaconda3/envs/PyTorch/lib/python3.11/site-packages/airflow/example_dags/example_python_decorator.py
[2025-01-15T12:32:57.569+0800] {logging_mixin.py:190} INFO - [2025-01-15T12:32:57.568+0800] {dag.py:3239} INFO - Sync 1 DAGs
[2025-01-15T12:32:57.572+0800] {logging_mixin.py:190} INFO - [2025-01-15T12:32:57.572+0800] {dag.py:4180} INFO - Setting next_dagrun for example_python_decorator to None, run_after=None
[2025-01-15T12:32:57.580+0800] {processor.py:208} INFO - Processing /opt/anaconda3/envs/PyTorch/lib/python3.11/site-packages/airflow/example_dags/example_python_decorator.py took 0.145 seconds
[2025-01-15T12:35:55.371+0800] {processor.py:186} INFO - Started process (PID=39337) to work on /opt/anaconda3/envs/PyTorch/lib/python3.11/site-packages/airflow/example_dags/example_python_decorator.py
[2025-01-15T12:35:55.372+0800] {processor.py:914} INFO - Processing file /opt/anaconda3/envs/PyTorch/lib/python3.11/site-packages/airflow/example_dags/example_python_decorator.py for tasks to queue
[2025-01-15T12:35:55.373+0800] {logging_mixin.py:190} INFO - [2025-01-15T12:35:55.373+0800] {dagbag.py:588} INFO - Filling up the DagBag from /opt/anaconda3/envs/PyTorch/lib/python3.11/site-packages/airflow/example_dags/example_python_decorator.py
[2025-01-15T12:35:55.391+0800] {processor.py:925} INFO - DAG(s) 'example_python_decorator' retrieved from /opt/anaconda3/envs/PyTorch/lib/python3.11/site-packages/airflow/example_dags/example_python_decorator.py
[2025-01-15T12:35:55.502+0800] {logging_mixin.py:190} INFO - [2025-01-15T12:35:55.502+0800] {dag.py:3239} INFO - Sync 1 DAGs
[2025-01-15T12:35:55.507+0800] {logging_mixin.py:190} INFO - [2025-01-15T12:35:55.507+0800] {dag.py:4180} INFO - Setting next_dagrun for example_python_decorator to None, run_after=None
[2025-01-15T12:35:55.514+0800] {processor.py:208} INFO - Processing /opt/anaconda3/envs/PyTorch/lib/python3.11/site-packages/airflow/example_dags/example_python_decorator.py took 0.145 seconds
[2025-01-15T12:38:52.063+0800] {processor.py:186} INFO - Started process (PID=40881) to work on /opt/anaconda3/envs/PyTorch/lib/python3.11/site-packages/airflow/example_dags/example_python_decorator.py
[2025-01-15T12:38:52.064+0800] {processor.py:914} INFO - Processing file /opt/anaconda3/envs/PyTorch/lib/python3.11/site-packages/airflow/example_dags/example_python_decorator.py for tasks to queue
[2025-01-15T12:38:52.065+0800] {logging_mixin.py:190} INFO - [2025-01-15T12:38:52.064+0800] {dagbag.py:588} INFO - Filling up the DagBag from /opt/anaconda3/envs/PyTorch/lib/python3.11/site-packages/airflow/example_dags/example_python_decorator.py
[2025-01-15T12:38:52.083+0800] {processor.py:925} INFO - DAG(s) 'example_python_decorator' retrieved from /opt/anaconda3/envs/PyTorch/lib/python3.11/site-packages/airflow/example_dags/example_python_decorator.py
[2025-01-15T12:38:52.187+0800] {logging_mixin.py:190} INFO - [2025-01-15T12:38:52.187+0800] {dag.py:3239} INFO - Sync 1 DAGs
[2025-01-15T12:38:52.191+0800] {logging_mixin.py:190} INFO - [2025-01-15T12:38:52.191+0800] {dag.py:4180} INFO - Setting next_dagrun for example_python_decorator to None, run_after=None
[2025-01-15T12:38:52.198+0800] {processor.py:208} INFO - Processing /opt/anaconda3/envs/PyTorch/lib/python3.11/site-packages/airflow/example_dags/example_python_decorator.py took 0.136 seconds
[2025-01-15T12:41:50.581+0800] {processor.py:186} INFO - Started process (PID=42508) to work on /opt/anaconda3/envs/PyTorch/lib/python3.11/site-packages/airflow/example_dags/example_python_decorator.py
[2025-01-15T12:41:50.583+0800] {processor.py:914} INFO - Processing file /opt/anaconda3/envs/PyTorch/lib/python3.11/site-packages/airflow/example_dags/example_python_decorator.py for tasks to queue
[2025-01-15T12:41:50.583+0800] {logging_mixin.py:190} INFO - [2025-01-15T12:41:50.583+0800] {dagbag.py:588} INFO - Filling up the DagBag from /opt/anaconda3/envs/PyTorch/lib/python3.11/site-packages/airflow/example_dags/example_python_decorator.py
[2025-01-15T12:41:50.602+0800] {processor.py:925} INFO - DAG(s) 'example_python_decorator' retrieved from /opt/anaconda3/envs/PyTorch/lib/python3.11/site-packages/airflow/example_dags/example_python_decorator.py
[2025-01-15T12:41:50.706+0800] {logging_mixin.py:190} INFO - [2025-01-15T12:41:50.705+0800] {dag.py:3239} INFO - Sync 1 DAGs
[2025-01-15T12:41:50.710+0800] {logging_mixin.py:190} INFO - [2025-01-15T12:41:50.710+0800] {dag.py:4180} INFO - Setting next_dagrun for example_python_decorator to None, run_after=None
[2025-01-15T12:41:50.717+0800] {processor.py:208} INFO - Processing /opt/anaconda3/envs/PyTorch/lib/python3.11/site-packages/airflow/example_dags/example_python_decorator.py took 0.137 seconds
[2025-01-15T12:44:47.302+0800] {processor.py:186} INFO - Started process (PID=44079) to work on /opt/anaconda3/envs/PyTorch/lib/python3.11/site-packages/airflow/example_dags/example_python_decorator.py
[2025-01-15T12:44:47.303+0800] {processor.py:914} INFO - Processing file /opt/anaconda3/envs/PyTorch/lib/python3.11/site-packages/airflow/example_dags/example_python_decorator.py for tasks to queue
[2025-01-15T12:44:47.304+0800] {logging_mixin.py:190} INFO - [2025-01-15T12:44:47.304+0800] {dagbag.py:588} INFO - Filling up the DagBag from /opt/anaconda3/envs/PyTorch/lib/python3.11/site-packages/airflow/example_dags/example_python_decorator.py
[2025-01-15T12:44:47.324+0800] {processor.py:925} INFO - DAG(s) 'example_python_decorator' retrieved from /opt/anaconda3/envs/PyTorch/lib/python3.11/site-packages/airflow/example_dags/example_python_decorator.py
[2025-01-15T12:44:47.438+0800] {logging_mixin.py:190} INFO - [2025-01-15T12:44:47.438+0800] {dag.py:3239} INFO - Sync 1 DAGs
[2025-01-15T12:44:47.442+0800] {logging_mixin.py:190} INFO - [2025-01-15T12:44:47.442+0800] {dag.py:4180} INFO - Setting next_dagrun for example_python_decorator to None, run_after=None
[2025-01-15T12:44:47.450+0800] {processor.py:208} INFO - Processing /opt/anaconda3/envs/PyTorch/lib/python3.11/site-packages/airflow/example_dags/example_python_decorator.py took 0.149 seconds
[2025-01-15T12:47:47.418+0800] {processor.py:186} INFO - Started process (PID=45716) to work on /opt/anaconda3/envs/PyTorch/lib/python3.11/site-packages/airflow/example_dags/example_python_decorator.py
[2025-01-15T12:47:47.419+0800] {processor.py:914} INFO - Processing file /opt/anaconda3/envs/PyTorch/lib/python3.11/site-packages/airflow/example_dags/example_python_decorator.py for tasks to queue
[2025-01-15T12:47:47.420+0800] {logging_mixin.py:190} INFO - [2025-01-15T12:47:47.420+0800] {dagbag.py:588} INFO - Filling up the DagBag from /opt/anaconda3/envs/PyTorch/lib/python3.11/site-packages/airflow/example_dags/example_python_decorator.py
[2025-01-15T12:47:47.439+0800] {processor.py:925} INFO - DAG(s) 'example_python_decorator' retrieved from /opt/anaconda3/envs/PyTorch/lib/python3.11/site-packages/airflow/example_dags/example_python_decorator.py
[2025-01-15T12:47:47.572+0800] {logging_mixin.py:190} INFO - [2025-01-15T12:47:47.572+0800] {dag.py:3239} INFO - Sync 1 DAGs
[2025-01-15T12:47:47.577+0800] {logging_mixin.py:190} INFO - [2025-01-15T12:47:47.577+0800] {dag.py:4180} INFO - Setting next_dagrun for example_python_decorator to None, run_after=None
[2025-01-15T12:47:47.584+0800] {processor.py:208} INFO - Processing /opt/anaconda3/envs/PyTorch/lib/python3.11/site-packages/airflow/example_dags/example_python_decorator.py took 0.168 seconds
[2025-01-15T12:50:50.391+0800] {processor.py:186} INFO - Started process (PID=47366) to work on /opt/anaconda3/envs/PyTorch/lib/python3.11/site-packages/airflow/example_dags/example_python_decorator.py
[2025-01-15T12:50:50.392+0800] {processor.py:914} INFO - Processing file /opt/anaconda3/envs/PyTorch/lib/python3.11/site-packages/airflow/example_dags/example_python_decorator.py for tasks to queue
[2025-01-15T12:50:50.392+0800] {logging_mixin.py:190} INFO - [2025-01-15T12:50:50.392+0800] {dagbag.py:588} INFO - Filling up the DagBag from /opt/anaconda3/envs/PyTorch/lib/python3.11/site-packages/airflow/example_dags/example_python_decorator.py
[2025-01-15T12:50:50.410+0800] {processor.py:925} INFO - DAG(s) 'example_python_decorator' retrieved from /opt/anaconda3/envs/PyTorch/lib/python3.11/site-packages/airflow/example_dags/example_python_decorator.py
[2025-01-15T12:50:50.521+0800] {logging_mixin.py:190} INFO - [2025-01-15T12:50:50.521+0800] {dag.py:3239} INFO - Sync 1 DAGs
[2025-01-15T12:50:50.526+0800] {logging_mixin.py:190} INFO - [2025-01-15T12:50:50.526+0800] {dag.py:4180} INFO - Setting next_dagrun for example_python_decorator to None, run_after=None
[2025-01-15T12:50:50.534+0800] {processor.py:208} INFO - Processing /opt/anaconda3/envs/PyTorch/lib/python3.11/site-packages/airflow/example_dags/example_python_decorator.py took 0.145 seconds
[2025-01-15T12:53:47.789+0800] {processor.py:186} INFO - Started process (PID=48931) to work on /opt/anaconda3/envs/PyTorch/lib/python3.11/site-packages/airflow/example_dags/example_python_decorator.py
[2025-01-15T12:53:47.790+0800] {processor.py:914} INFO - Processing file /opt/anaconda3/envs/PyTorch/lib/python3.11/site-packages/airflow/example_dags/example_python_decorator.py for tasks to queue
[2025-01-15T12:53:47.791+0800] {logging_mixin.py:190} INFO - [2025-01-15T12:53:47.791+0800] {dagbag.py:588} INFO - Filling up the DagBag from /opt/anaconda3/envs/PyTorch/lib/python3.11/site-packages/airflow/example_dags/example_python_decorator.py
[2025-01-15T12:53:47.810+0800] {processor.py:925} INFO - DAG(s) 'example_python_decorator' retrieved from /opt/anaconda3/envs/PyTorch/lib/python3.11/site-packages/airflow/example_dags/example_python_decorator.py
[2025-01-15T12:53:47.919+0800] {logging_mixin.py:190} INFO - [2025-01-15T12:53:47.919+0800] {dag.py:3239} INFO - Sync 1 DAGs
[2025-01-15T12:53:47.923+0800] {logging_mixin.py:190} INFO - [2025-01-15T12:53:47.923+0800] {dag.py:4180} INFO - Setting next_dagrun for example_python_decorator to None, run_after=None
[2025-01-15T12:53:47.930+0800] {processor.py:208} INFO - Processing /opt/anaconda3/envs/PyTorch/lib/python3.11/site-packages/airflow/example_dags/example_python_decorator.py took 0.142 seconds
[2025-01-15T12:56:51.992+0800] {processor.py:186} INFO - Started process (PID=50611) to work on /opt/anaconda3/envs/PyTorch/lib/python3.11/site-packages/airflow/example_dags/example_python_decorator.py
[2025-01-15T12:56:51.993+0800] {processor.py:914} INFO - Processing file /opt/anaconda3/envs/PyTorch/lib/python3.11/site-packages/airflow/example_dags/example_python_decorator.py for tasks to queue
[2025-01-15T12:56:51.994+0800] {logging_mixin.py:190} INFO - [2025-01-15T12:56:51.993+0800] {dagbag.py:588} INFO - Filling up the DagBag from /opt/anaconda3/envs/PyTorch/lib/python3.11/site-packages/airflow/example_dags/example_python_decorator.py
[2025-01-15T12:56:52.013+0800] {processor.py:925} INFO - DAG(s) 'example_python_decorator' retrieved from /opt/anaconda3/envs/PyTorch/lib/python3.11/site-packages/airflow/example_dags/example_python_decorator.py
[2025-01-15T12:56:52.132+0800] {logging_mixin.py:190} INFO - [2025-01-15T12:56:52.131+0800] {dag.py:3239} INFO - Sync 1 DAGs
[2025-01-15T12:56:52.136+0800] {logging_mixin.py:190} INFO - [2025-01-15T12:56:52.136+0800] {dag.py:4180} INFO - Setting next_dagrun for example_python_decorator to None, run_after=None
[2025-01-15T12:56:52.144+0800] {processor.py:208} INFO - Processing /opt/anaconda3/envs/PyTorch/lib/python3.11/site-packages/airflow/example_dags/example_python_decorator.py took 0.154 seconds
[2025-01-15T12:59:53.936+0800] {processor.py:186} INFO - Started process (PID=52253) to work on /opt/anaconda3/envs/PyTorch/lib/python3.11/site-packages/airflow/example_dags/example_python_decorator.py
[2025-01-15T12:59:53.936+0800] {processor.py:914} INFO - Processing file /opt/anaconda3/envs/PyTorch/lib/python3.11/site-packages/airflow/example_dags/example_python_decorator.py for tasks to queue
[2025-01-15T12:59:53.937+0800] {logging_mixin.py:190} INFO - [2025-01-15T12:59:53.937+0800] {dagbag.py:588} INFO - Filling up the DagBag from /opt/anaconda3/envs/PyTorch/lib/python3.11/site-packages/airflow/example_dags/example_python_decorator.py
[2025-01-15T12:59:53.955+0800] {processor.py:925} INFO - DAG(s) 'example_python_decorator' retrieved from /opt/anaconda3/envs/PyTorch/lib/python3.11/site-packages/airflow/example_dags/example_python_decorator.py
[2025-01-15T12:59:54.066+0800] {logging_mixin.py:190} INFO - [2025-01-15T12:59:54.066+0800] {dag.py:3239} INFO - Sync 1 DAGs
[2025-01-15T12:59:54.071+0800] {logging_mixin.py:190} INFO - [2025-01-15T12:59:54.071+0800] {dag.py:4180} INFO - Setting next_dagrun for example_python_decorator to None, run_after=None
[2025-01-15T12:59:54.078+0800] {processor.py:208} INFO - Processing /opt/anaconda3/envs/PyTorch/lib/python3.11/site-packages/airflow/example_dags/example_python_decorator.py took 0.144 seconds
[2025-01-15T13:02:57.096+0800] {processor.py:186} INFO - Started process (PID=53869) to work on /opt/anaconda3/envs/PyTorch/lib/python3.11/site-packages/airflow/example_dags/example_python_decorator.py
[2025-01-15T13:02:57.098+0800] {processor.py:914} INFO - Processing file /opt/anaconda3/envs/PyTorch/lib/python3.11/site-packages/airflow/example_dags/example_python_decorator.py for tasks to queue
[2025-01-15T13:02:57.098+0800] {logging_mixin.py:190} INFO - [2025-01-15T13:02:57.098+0800] {dagbag.py:588} INFO - Filling up the DagBag from /opt/anaconda3/envs/PyTorch/lib/python3.11/site-packages/airflow/example_dags/example_python_decorator.py
[2025-01-15T13:02:57.116+0800] {processor.py:925} INFO - DAG(s) 'example_python_decorator' retrieved from /opt/anaconda3/envs/PyTorch/lib/python3.11/site-packages/airflow/example_dags/example_python_decorator.py
[2025-01-15T13:02:57.228+0800] {logging_mixin.py:190} INFO - [2025-01-15T13:02:57.228+0800] {dag.py:3239} INFO - Sync 1 DAGs
[2025-01-15T13:02:57.232+0800] {logging_mixin.py:190} INFO - [2025-01-15T13:02:57.232+0800] {dag.py:4180} INFO - Setting next_dagrun for example_python_decorator to None, run_after=None
[2025-01-15T13:02:57.239+0800] {processor.py:208} INFO - Processing /opt/anaconda3/envs/PyTorch/lib/python3.11/site-packages/airflow/example_dags/example_python_decorator.py took 0.145 seconds
[2025-01-15T13:06:03.832+0800] {processor.py:186} INFO - Started process (PID=55622) to work on /opt/anaconda3/envs/PyTorch/lib/python3.11/site-packages/airflow/example_dags/example_python_decorator.py
[2025-01-15T13:06:03.833+0800] {processor.py:914} INFO - Processing file /opt/anaconda3/envs/PyTorch/lib/python3.11/site-packages/airflow/example_dags/example_python_decorator.py for tasks to queue
[2025-01-15T13:06:03.834+0800] {logging_mixin.py:190} INFO - [2025-01-15T13:06:03.834+0800] {dagbag.py:588} INFO - Filling up the DagBag from /opt/anaconda3/envs/PyTorch/lib/python3.11/site-packages/airflow/example_dags/example_python_decorator.py
[2025-01-15T13:06:03.852+0800] {processor.py:925} INFO - DAG(s) 'example_python_decorator' retrieved from /opt/anaconda3/envs/PyTorch/lib/python3.11/site-packages/airflow/example_dags/example_python_decorator.py
[2025-01-15T13:06:03.960+0800] {logging_mixin.py:190} INFO - [2025-01-15T13:06:03.959+0800] {dag.py:3239} INFO - Sync 1 DAGs
[2025-01-15T13:06:03.964+0800] {logging_mixin.py:190} INFO - [2025-01-15T13:06:03.964+0800] {dag.py:4180} INFO - Setting next_dagrun for example_python_decorator to None, run_after=None
[2025-01-15T13:06:03.972+0800] {processor.py:208} INFO - Processing /opt/anaconda3/envs/PyTorch/lib/python3.11/site-packages/airflow/example_dags/example_python_decorator.py took 0.142 seconds
[2025-01-15T13:09:11.523+0800] {processor.py:186} INFO - Started process (PID=57365) to work on /opt/anaconda3/envs/PyTorch/lib/python3.11/site-packages/airflow/example_dags/example_python_decorator.py
[2025-01-15T13:09:11.524+0800] {processor.py:914} INFO - Processing file /opt/anaconda3/envs/PyTorch/lib/python3.11/site-packages/airflow/example_dags/example_python_decorator.py for tasks to queue
[2025-01-15T13:09:11.525+0800] {logging_mixin.py:190} INFO - [2025-01-15T13:09:11.525+0800] {dagbag.py:588} INFO - Filling up the DagBag from /opt/anaconda3/envs/PyTorch/lib/python3.11/site-packages/airflow/example_dags/example_python_decorator.py
[2025-01-15T13:09:11.544+0800] {processor.py:925} INFO - DAG(s) 'example_python_decorator' retrieved from /opt/anaconda3/envs/PyTorch/lib/python3.11/site-packages/airflow/example_dags/example_python_decorator.py
[2025-01-15T13:09:11.675+0800] {logging_mixin.py:190} INFO - [2025-01-15T13:09:11.675+0800] {dag.py:3239} INFO - Sync 1 DAGs
[2025-01-15T13:09:11.680+0800] {logging_mixin.py:190} INFO - [2025-01-15T13:09:11.680+0800] {dag.py:4180} INFO - Setting next_dagrun for example_python_decorator to None, run_after=None
[2025-01-15T13:09:11.687+0800] {processor.py:208} INFO - Processing /opt/anaconda3/envs/PyTorch/lib/python3.11/site-packages/airflow/example_dags/example_python_decorator.py took 0.166 seconds
[2025-01-15T13:12:14.177+0800] {processor.py:186} INFO - Started process (PID=59068) to work on /opt/anaconda3/envs/PyTorch/lib/python3.11/site-packages/airflow/example_dags/example_python_decorator.py
[2025-01-15T13:12:14.178+0800] {processor.py:914} INFO - Processing file /opt/anaconda3/envs/PyTorch/lib/python3.11/site-packages/airflow/example_dags/example_python_decorator.py for tasks to queue
[2025-01-15T13:12:14.179+0800] {logging_mixin.py:190} INFO - [2025-01-15T13:12:14.179+0800] {dagbag.py:588} INFO - Filling up the DagBag from /opt/anaconda3/envs/PyTorch/lib/python3.11/site-packages/airflow/example_dags/example_python_decorator.py
[2025-01-15T13:12:14.198+0800] {processor.py:925} INFO - DAG(s) 'example_python_decorator' retrieved from /opt/anaconda3/envs/PyTorch/lib/python3.11/site-packages/airflow/example_dags/example_python_decorator.py
[2025-01-15T13:12:14.329+0800] {logging_mixin.py:190} INFO - [2025-01-15T13:12:14.329+0800] {dag.py:3239} INFO - Sync 1 DAGs
[2025-01-15T13:12:14.333+0800] {logging_mixin.py:190} INFO - [2025-01-15T13:12:14.333+0800] {dag.py:4180} INFO - Setting next_dagrun for example_python_decorator to None, run_after=None
[2025-01-15T13:12:14.339+0800] {processor.py:208} INFO - Processing /opt/anaconda3/envs/PyTorch/lib/python3.11/site-packages/airflow/example_dags/example_python_decorator.py took 0.165 seconds
[2025-01-15T13:15:14.187+0800] {processor.py:186} INFO - Started process (PID=60688) to work on /opt/anaconda3/envs/PyTorch/lib/python3.11/site-packages/airflow/example_dags/example_python_decorator.py
[2025-01-15T13:15:14.189+0800] {processor.py:914} INFO - Processing file /opt/anaconda3/envs/PyTorch/lib/python3.11/site-packages/airflow/example_dags/example_python_decorator.py for tasks to queue
[2025-01-15T13:15:14.189+0800] {logging_mixin.py:190} INFO - [2025-01-15T13:15:14.189+0800] {dagbag.py:588} INFO - Filling up the DagBag from /opt/anaconda3/envs/PyTorch/lib/python3.11/site-packages/airflow/example_dags/example_python_decorator.py
[2025-01-15T13:15:14.207+0800] {processor.py:925} INFO - DAG(s) 'example_python_decorator' retrieved from /opt/anaconda3/envs/PyTorch/lib/python3.11/site-packages/airflow/example_dags/example_python_decorator.py
[2025-01-15T13:15:14.335+0800] {logging_mixin.py:190} INFO - [2025-01-15T13:15:14.335+0800] {dag.py:3239} INFO - Sync 1 DAGs
[2025-01-15T13:15:14.339+0800] {logging_mixin.py:190} INFO - [2025-01-15T13:15:14.339+0800] {dag.py:4180} INFO - Setting next_dagrun for example_python_decorator to None, run_after=None
[2025-01-15T13:15:14.345+0800] {processor.py:208} INFO - Processing /opt/anaconda3/envs/PyTorch/lib/python3.11/site-packages/airflow/example_dags/example_python_decorator.py took 0.159 seconds
[2025-01-15T13:18:17.449+0800] {processor.py:186} INFO - Started process (PID=62328) to work on /opt/anaconda3/envs/PyTorch/lib/python3.11/site-packages/airflow/example_dags/example_python_decorator.py
[2025-01-15T13:18:17.450+0800] {processor.py:914} INFO - Processing file /opt/anaconda3/envs/PyTorch/lib/python3.11/site-packages/airflow/example_dags/example_python_decorator.py for tasks to queue
[2025-01-15T13:18:17.450+0800] {logging_mixin.py:190} INFO - [2025-01-15T13:18:17.450+0800] {dagbag.py:588} INFO - Filling up the DagBag from /opt/anaconda3/envs/PyTorch/lib/python3.11/site-packages/airflow/example_dags/example_python_decorator.py
[2025-01-15T13:18:17.470+0800] {processor.py:925} INFO - DAG(s) 'example_python_decorator' retrieved from /opt/anaconda3/envs/PyTorch/lib/python3.11/site-packages/airflow/example_dags/example_python_decorator.py
[2025-01-15T13:18:17.597+0800] {logging_mixin.py:190} INFO - [2025-01-15T13:18:17.596+0800] {dag.py:3239} INFO - Sync 1 DAGs
[2025-01-15T13:18:17.601+0800] {logging_mixin.py:190} INFO - [2025-01-15T13:18:17.601+0800] {dag.py:4180} INFO - Setting next_dagrun for example_python_decorator to None, run_after=None
[2025-01-15T13:18:17.609+0800] {processor.py:208} INFO - Processing /opt/anaconda3/envs/PyTorch/lib/python3.11/site-packages/airflow/example_dags/example_python_decorator.py took 0.162 seconds
[2025-01-15T13:21:32.715+0800] {processor.py:186} INFO - Started process (PID=64157) to work on /opt/anaconda3/envs/PyTorch/lib/python3.11/site-packages/airflow/example_dags/example_python_decorator.py
[2025-01-15T13:21:32.717+0800] {processor.py:914} INFO - Processing file /opt/anaconda3/envs/PyTorch/lib/python3.11/site-packages/airflow/example_dags/example_python_decorator.py for tasks to queue
[2025-01-15T13:21:32.717+0800] {logging_mixin.py:190} INFO - [2025-01-15T13:21:32.717+0800] {dagbag.py:588} INFO - Filling up the DagBag from /opt/anaconda3/envs/PyTorch/lib/python3.11/site-packages/airflow/example_dags/example_python_decorator.py
[2025-01-15T13:21:32.737+0800] {processor.py:925} INFO - DAG(s) 'example_python_decorator' retrieved from /opt/anaconda3/envs/PyTorch/lib/python3.11/site-packages/airflow/example_dags/example_python_decorator.py
[2025-01-15T13:21:32.843+0800] {logging_mixin.py:190} INFO - [2025-01-15T13:21:32.843+0800] {dag.py:3239} INFO - Sync 1 DAGs
[2025-01-15T13:21:32.847+0800] {logging_mixin.py:190} INFO - [2025-01-15T13:21:32.847+0800] {dag.py:4180} INFO - Setting next_dagrun for example_python_decorator to None, run_after=None
[2025-01-15T13:21:32.854+0800] {processor.py:208} INFO - Processing /opt/anaconda3/envs/PyTorch/lib/python3.11/site-packages/airflow/example_dags/example_python_decorator.py took 0.141 seconds
[2025-01-15T13:24:38.538+0800] {processor.py:186} INFO - Started process (PID=65817) to work on /opt/anaconda3/envs/PyTorch/lib/python3.11/site-packages/airflow/example_dags/example_python_decorator.py
[2025-01-15T13:24:38.539+0800] {processor.py:914} INFO - Processing file /opt/anaconda3/envs/PyTorch/lib/python3.11/site-packages/airflow/example_dags/example_python_decorator.py for tasks to queue
[2025-01-15T13:24:38.539+0800] {logging_mixin.py:190} INFO - [2025-01-15T13:24:38.539+0800] {dagbag.py:588} INFO - Filling up the DagBag from /opt/anaconda3/envs/PyTorch/lib/python3.11/site-packages/airflow/example_dags/example_python_decorator.py
[2025-01-15T13:24:38.558+0800] {processor.py:925} INFO - DAG(s) 'example_python_decorator' retrieved from /opt/anaconda3/envs/PyTorch/lib/python3.11/site-packages/airflow/example_dags/example_python_decorator.py
[2025-01-15T13:24:38.673+0800] {logging_mixin.py:190} INFO - [2025-01-15T13:24:38.673+0800] {dag.py:3239} INFO - Sync 1 DAGs
[2025-01-15T13:24:38.677+0800] {logging_mixin.py:190} INFO - [2025-01-15T13:24:38.677+0800] {dag.py:4180} INFO - Setting next_dagrun for example_python_decorator to None, run_after=None
[2025-01-15T13:24:38.684+0800] {processor.py:208} INFO - Processing /opt/anaconda3/envs/PyTorch/lib/python3.11/site-packages/airflow/example_dags/example_python_decorator.py took 0.149 seconds
[2025-01-15T13:27:41.517+0800] {processor.py:186} INFO - Started process (PID=67414) to work on /opt/anaconda3/envs/PyTorch/lib/python3.11/site-packages/airflow/example_dags/example_python_decorator.py
[2025-01-15T13:27:41.518+0800] {processor.py:914} INFO - Processing file /opt/anaconda3/envs/PyTorch/lib/python3.11/site-packages/airflow/example_dags/example_python_decorator.py for tasks to queue
[2025-01-15T13:27:41.519+0800] {logging_mixin.py:190} INFO - [2025-01-15T13:27:41.519+0800] {dagbag.py:588} INFO - Filling up the DagBag from /opt/anaconda3/envs/PyTorch/lib/python3.11/site-packages/airflow/example_dags/example_python_decorator.py
[2025-01-15T13:27:41.538+0800] {processor.py:925} INFO - DAG(s) 'example_python_decorator' retrieved from /opt/anaconda3/envs/PyTorch/lib/python3.11/site-packages/airflow/example_dags/example_python_decorator.py
[2025-01-15T13:27:41.674+0800] {logging_mixin.py:190} INFO - [2025-01-15T13:27:41.674+0800] {dag.py:3239} INFO - Sync 1 DAGs
[2025-01-15T13:27:41.678+0800] {logging_mixin.py:190} INFO - [2025-01-15T13:27:41.678+0800] {dag.py:4180} INFO - Setting next_dagrun for example_python_decorator to None, run_after=None
[2025-01-15T13:27:41.685+0800] {processor.py:208} INFO - Processing /opt/anaconda3/envs/PyTorch/lib/python3.11/site-packages/airflow/example_dags/example_python_decorator.py took 0.170 seconds
[2025-01-15T13:30:50.658+0800] {processor.py:186} INFO - Started process (PID=69124) to work on /opt/anaconda3/envs/PyTorch/lib/python3.11/site-packages/airflow/example_dags/example_python_decorator.py
[2025-01-15T13:30:50.659+0800] {processor.py:914} INFO - Processing file /opt/anaconda3/envs/PyTorch/lib/python3.11/site-packages/airflow/example_dags/example_python_decorator.py for tasks to queue
[2025-01-15T13:30:50.660+0800] {logging_mixin.py:190} INFO - [2025-01-15T13:30:50.660+0800] {dagbag.py:588} INFO - Filling up the DagBag from /opt/anaconda3/envs/PyTorch/lib/python3.11/site-packages/airflow/example_dags/example_python_decorator.py
[2025-01-15T13:30:50.678+0800] {processor.py:925} INFO - DAG(s) 'example_python_decorator' retrieved from /opt/anaconda3/envs/PyTorch/lib/python3.11/site-packages/airflow/example_dags/example_python_decorator.py
[2025-01-15T13:30:50.787+0800] {logging_mixin.py:190} INFO - [2025-01-15T13:30:50.787+0800] {dag.py:3239} INFO - Sync 1 DAGs
[2025-01-15T13:30:50.791+0800] {logging_mixin.py:190} INFO - [2025-01-15T13:30:50.791+0800] {dag.py:4180} INFO - Setting next_dagrun for example_python_decorator to None, run_after=None
[2025-01-15T13:30:50.798+0800] {processor.py:208} INFO - Processing /opt/anaconda3/envs/PyTorch/lib/python3.11/site-packages/airflow/example_dags/example_python_decorator.py took 0.143 seconds
[2025-01-15T13:34:00.840+0800] {processor.py:186} INFO - Started process (PID=70832) to work on /opt/anaconda3/envs/PyTorch/lib/python3.11/site-packages/airflow/example_dags/example_python_decorator.py
[2025-01-15T13:34:00.842+0800] {processor.py:914} INFO - Processing file /opt/anaconda3/envs/PyTorch/lib/python3.11/site-packages/airflow/example_dags/example_python_decorator.py for tasks to queue
[2025-01-15T13:34:00.842+0800] {logging_mixin.py:190} INFO - [2025-01-15T13:34:00.842+0800] {dagbag.py:588} INFO - Filling up the DagBag from /opt/anaconda3/envs/PyTorch/lib/python3.11/site-packages/airflow/example_dags/example_python_decorator.py
[2025-01-15T13:34:00.861+0800] {processor.py:925} INFO - DAG(s) 'example_python_decorator' retrieved from /opt/anaconda3/envs/PyTorch/lib/python3.11/site-packages/airflow/example_dags/example_python_decorator.py
[2025-01-15T13:34:00.964+0800] {logging_mixin.py:190} INFO - [2025-01-15T13:34:00.964+0800] {dag.py:3239} INFO - Sync 1 DAGs
[2025-01-15T13:34:00.968+0800] {logging_mixin.py:190} INFO - [2025-01-15T13:34:00.968+0800] {dag.py:4180} INFO - Setting next_dagrun for example_python_decorator to None, run_after=None
[2025-01-15T13:34:00.975+0800] {processor.py:208} INFO - Processing /opt/anaconda3/envs/PyTorch/lib/python3.11/site-packages/airflow/example_dags/example_python_decorator.py took 0.136 seconds
[2025-01-15T13:37:10.483+0800] {processor.py:186} INFO - Started process (PID=72576) to work on /opt/anaconda3/envs/PyTorch/lib/python3.11/site-packages/airflow/example_dags/example_python_decorator.py
[2025-01-15T13:37:10.484+0800] {processor.py:914} INFO - Processing file /opt/anaconda3/envs/PyTorch/lib/python3.11/site-packages/airflow/example_dags/example_python_decorator.py for tasks to queue
[2025-01-15T13:37:10.485+0800] {logging_mixin.py:190} INFO - [2025-01-15T13:37:10.485+0800] {dagbag.py:588} INFO - Filling up the DagBag from /opt/anaconda3/envs/PyTorch/lib/python3.11/site-packages/airflow/example_dags/example_python_decorator.py
[2025-01-15T13:37:10.503+0800] {processor.py:925} INFO - DAG(s) 'example_python_decorator' retrieved from /opt/anaconda3/envs/PyTorch/lib/python3.11/site-packages/airflow/example_dags/example_python_decorator.py
[2025-01-15T13:37:10.612+0800] {logging_mixin.py:190} INFO - [2025-01-15T13:37:10.612+0800] {dag.py:3239} INFO - Sync 1 DAGs
[2025-01-15T13:37:10.616+0800] {logging_mixin.py:190} INFO - [2025-01-15T13:37:10.616+0800] {dag.py:4180} INFO - Setting next_dagrun for example_python_decorator to None, run_after=None
[2025-01-15T13:37:10.624+0800] {processor.py:208} INFO - Processing /opt/anaconda3/envs/PyTorch/lib/python3.11/site-packages/airflow/example_dags/example_python_decorator.py took 0.143 seconds
[2025-01-15T13:40:18.100+0800] {processor.py:186} INFO - Started process (PID=74335) to work on /opt/anaconda3/envs/PyTorch/lib/python3.11/site-packages/airflow/example_dags/example_python_decorator.py
[2025-01-15T13:40:18.101+0800] {processor.py:914} INFO - Processing file /opt/anaconda3/envs/PyTorch/lib/python3.11/site-packages/airflow/example_dags/example_python_decorator.py for tasks to queue
[2025-01-15T13:40:18.102+0800] {logging_mixin.py:190} INFO - [2025-01-15T13:40:18.102+0800] {dagbag.py:588} INFO - Filling up the DagBag from /opt/anaconda3/envs/PyTorch/lib/python3.11/site-packages/airflow/example_dags/example_python_decorator.py
[2025-01-15T13:40:18.120+0800] {processor.py:925} INFO - DAG(s) 'example_python_decorator' retrieved from /opt/anaconda3/envs/PyTorch/lib/python3.11/site-packages/airflow/example_dags/example_python_decorator.py
[2025-01-15T13:40:18.225+0800] {logging_mixin.py:190} INFO - [2025-01-15T13:40:18.225+0800] {dag.py:3239} INFO - Sync 1 DAGs
[2025-01-15T13:40:18.229+0800] {logging_mixin.py:190} INFO - [2025-01-15T13:40:18.229+0800] {dag.py:4180} INFO - Setting next_dagrun for example_python_decorator to None, run_after=None
[2025-01-15T13:40:18.236+0800] {processor.py:208} INFO - Processing /opt/anaconda3/envs/PyTorch/lib/python3.11/site-packages/airflow/example_dags/example_python_decorator.py took 0.137 seconds
[2025-01-15T13:43:19.019+0800] {processor.py:186} INFO - Started process (PID=75968) to work on /opt/anaconda3/envs/PyTorch/lib/python3.11/site-packages/airflow/example_dags/example_python_decorator.py
[2025-01-15T13:43:19.019+0800] {processor.py:914} INFO - Processing file /opt/anaconda3/envs/PyTorch/lib/python3.11/site-packages/airflow/example_dags/example_python_decorator.py for tasks to queue
[2025-01-15T13:43:19.020+0800] {logging_mixin.py:190} INFO - [2025-01-15T13:43:19.020+0800] {dagbag.py:588} INFO - Filling up the DagBag from /opt/anaconda3/envs/PyTorch/lib/python3.11/site-packages/airflow/example_dags/example_python_decorator.py
[2025-01-15T13:43:19.040+0800] {processor.py:925} INFO - DAG(s) 'example_python_decorator' retrieved from /opt/anaconda3/envs/PyTorch/lib/python3.11/site-packages/airflow/example_dags/example_python_decorator.py
[2025-01-15T13:43:19.149+0800] {logging_mixin.py:190} INFO - [2025-01-15T13:43:19.149+0800] {dag.py:3239} INFO - Sync 1 DAGs
[2025-01-15T13:43:19.153+0800] {logging_mixin.py:190} INFO - [2025-01-15T13:43:19.153+0800] {dag.py:4180} INFO - Setting next_dagrun for example_python_decorator to None, run_after=None
[2025-01-15T13:43:19.161+0800] {processor.py:208} INFO - Processing /opt/anaconda3/envs/PyTorch/lib/python3.11/site-packages/airflow/example_dags/example_python_decorator.py took 0.144 seconds
[2025-01-15T13:46:23.151+0800] {processor.py:186} INFO - Started process (PID=77738) to work on /opt/anaconda3/envs/PyTorch/lib/python3.11/site-packages/airflow/example_dags/example_python_decorator.py
[2025-01-15T13:46:23.152+0800] {processor.py:914} INFO - Processing file /opt/anaconda3/envs/PyTorch/lib/python3.11/site-packages/airflow/example_dags/example_python_decorator.py for tasks to queue
[2025-01-15T13:46:23.153+0800] {logging_mixin.py:190} INFO - [2025-01-15T13:46:23.153+0800] {dagbag.py:588} INFO - Filling up the DagBag from /opt/anaconda3/envs/PyTorch/lib/python3.11/site-packages/airflow/example_dags/example_python_decorator.py
[2025-01-15T13:46:23.171+0800] {processor.py:925} INFO - DAG(s) 'example_python_decorator' retrieved from /opt/anaconda3/envs/PyTorch/lib/python3.11/site-packages/airflow/example_dags/example_python_decorator.py
[2025-01-15T13:46:23.275+0800] {logging_mixin.py:190} INFO - [2025-01-15T13:46:23.275+0800] {dag.py:3239} INFO - Sync 1 DAGs
[2025-01-15T13:46:23.279+0800] {logging_mixin.py:190} INFO - [2025-01-15T13:46:23.279+0800] {dag.py:4180} INFO - Setting next_dagrun for example_python_decorator to None, run_after=None
[2025-01-15T13:46:23.285+0800] {processor.py:208} INFO - Processing /opt/anaconda3/envs/PyTorch/lib/python3.11/site-packages/airflow/example_dags/example_python_decorator.py took 0.136 seconds
[2025-01-15T13:49:29.808+0800] {processor.py:186} INFO - Started process (PID=79543) to work on /opt/anaconda3/envs/PyTorch/lib/python3.11/site-packages/airflow/example_dags/example_python_decorator.py
[2025-01-15T13:49:29.809+0800] {processor.py:914} INFO - Processing file /opt/anaconda3/envs/PyTorch/lib/python3.11/site-packages/airflow/example_dags/example_python_decorator.py for tasks to queue
[2025-01-15T13:49:29.810+0800] {logging_mixin.py:190} INFO - [2025-01-15T13:49:29.810+0800] {dagbag.py:588} INFO - Filling up the DagBag from /opt/anaconda3/envs/PyTorch/lib/python3.11/site-packages/airflow/example_dags/example_python_decorator.py
[2025-01-15T13:49:29.831+0800] {processor.py:925} INFO - DAG(s) 'example_python_decorator' retrieved from /opt/anaconda3/envs/PyTorch/lib/python3.11/site-packages/airflow/example_dags/example_python_decorator.py
[2025-01-15T13:49:29.983+0800] {logging_mixin.py:190} INFO - [2025-01-15T13:49:29.982+0800] {dag.py:3239} INFO - Sync 1 DAGs
[2025-01-15T13:49:29.987+0800] {logging_mixin.py:190} INFO - [2025-01-15T13:49:29.987+0800] {dag.py:4180} INFO - Setting next_dagrun for example_python_decorator to None, run_after=None
[2025-01-15T13:49:29.995+0800] {processor.py:208} INFO - Processing /opt/anaconda3/envs/PyTorch/lib/python3.11/site-packages/airflow/example_dags/example_python_decorator.py took 0.188 seconds
[2025-01-15T13:52:37.382+0800] {processor.py:186} INFO - Started process (PID=81310) to work on /opt/anaconda3/envs/PyTorch/lib/python3.11/site-packages/airflow/example_dags/example_python_decorator.py
[2025-01-15T13:52:37.383+0800] {processor.py:914} INFO - Processing file /opt/anaconda3/envs/PyTorch/lib/python3.11/site-packages/airflow/example_dags/example_python_decorator.py for tasks to queue
[2025-01-15T13:52:37.384+0800] {logging_mixin.py:190} INFO - [2025-01-15T13:52:37.384+0800] {dagbag.py:588} INFO - Filling up the DagBag from /opt/anaconda3/envs/PyTorch/lib/python3.11/site-packages/airflow/example_dags/example_python_decorator.py
[2025-01-15T13:52:37.402+0800] {processor.py:925} INFO - DAG(s) 'example_python_decorator' retrieved from /opt/anaconda3/envs/PyTorch/lib/python3.11/site-packages/airflow/example_dags/example_python_decorator.py
[2025-01-15T13:52:37.525+0800] {logging_mixin.py:190} INFO - [2025-01-15T13:52:37.525+0800] {dag.py:3239} INFO - Sync 1 DAGs
[2025-01-15T13:52:37.529+0800] {logging_mixin.py:190} INFO - [2025-01-15T13:52:37.529+0800] {dag.py:4180} INFO - Setting next_dagrun for example_python_decorator to None, run_after=None
[2025-01-15T13:52:37.535+0800] {processor.py:208} INFO - Processing /opt/anaconda3/envs/PyTorch/lib/python3.11/site-packages/airflow/example_dags/example_python_decorator.py took 0.156 seconds
[2025-01-15T13:54:36.944+0800] {processor.py:186} INFO - Started process (PID=82395) to work on /opt/anaconda3/envs/PyTorch/lib/python3.11/site-packages/airflow/example_dags/example_python_decorator.py
[2025-01-15T13:54:36.945+0800] {processor.py:914} INFO - Processing file /opt/anaconda3/envs/PyTorch/lib/python3.11/site-packages/airflow/example_dags/example_python_decorator.py for tasks to queue
[2025-01-15T13:54:36.946+0800] {logging_mixin.py:190} INFO - [2025-01-15T13:54:36.946+0800] {dagbag.py:588} INFO - Filling up the DagBag from /opt/anaconda3/envs/PyTorch/lib/python3.11/site-packages/airflow/example_dags/example_python_decorator.py
[2025-01-15T13:54:36.965+0800] {processor.py:925} INFO - DAG(s) 'example_python_decorator' retrieved from /opt/anaconda3/envs/PyTorch/lib/python3.11/site-packages/airflow/example_dags/example_python_decorator.py
[2025-01-15T13:54:37.078+0800] {logging_mixin.py:190} INFO - [2025-01-15T13:54:37.078+0800] {dag.py:3239} INFO - Sync 1 DAGs
[2025-01-15T13:54:37.083+0800] {logging_mixin.py:190} INFO - [2025-01-15T13:54:37.083+0800] {dag.py:4180} INFO - Setting next_dagrun for example_python_decorator to None, run_after=None
[2025-01-15T13:54:37.089+0800] {processor.py:208} INFO - Processing /opt/anaconda3/envs/PyTorch/lib/python3.11/site-packages/airflow/example_dags/example_python_decorator.py took 0.147 seconds
[2025-01-15T13:56:49.831+0800] {processor.py:186} INFO - Started process (PID=83656) to work on /opt/anaconda3/envs/PyTorch/lib/python3.11/site-packages/airflow/example_dags/example_python_decorator.py
[2025-01-15T13:56:49.833+0800] {processor.py:914} INFO - Processing file /opt/anaconda3/envs/PyTorch/lib/python3.11/site-packages/airflow/example_dags/example_python_decorator.py for tasks to queue
[2025-01-15T13:56:49.833+0800] {logging_mixin.py:190} INFO - [2025-01-15T13:56:49.833+0800] {dagbag.py:588} INFO - Filling up the DagBag from /opt/anaconda3/envs/PyTorch/lib/python3.11/site-packages/airflow/example_dags/example_python_decorator.py
[2025-01-15T13:56:49.852+0800] {processor.py:925} INFO - DAG(s) 'example_python_decorator' retrieved from /opt/anaconda3/envs/PyTorch/lib/python3.11/site-packages/airflow/example_dags/example_python_decorator.py
[2025-01-15T13:56:49.973+0800] {logging_mixin.py:190} INFO - [2025-01-15T13:56:49.973+0800] {dag.py:3239} INFO - Sync 1 DAGs
[2025-01-15T13:56:49.978+0800] {logging_mixin.py:190} INFO - [2025-01-15T13:56:49.977+0800] {dag.py:4180} INFO - Setting next_dagrun for example_python_decorator to None, run_after=None
[2025-01-15T13:56:49.986+0800] {processor.py:208} INFO - Processing /opt/anaconda3/envs/PyTorch/lib/python3.11/site-packages/airflow/example_dags/example_python_decorator.py took 0.156 seconds
[2025-01-15T13:58:44.208+0800] {processor.py:186} INFO - Started process (PID=84820) to work on /opt/anaconda3/envs/PyTorch/lib/python3.11/site-packages/airflow/example_dags/example_python_decorator.py
[2025-01-15T13:58:44.209+0800] {processor.py:914} INFO - Processing file /opt/anaconda3/envs/PyTorch/lib/python3.11/site-packages/airflow/example_dags/example_python_decorator.py for tasks to queue
[2025-01-15T13:58:44.209+0800] {logging_mixin.py:190} INFO - [2025-01-15T13:58:44.209+0800] {dagbag.py:588} INFO - Filling up the DagBag from /opt/anaconda3/envs/PyTorch/lib/python3.11/site-packages/airflow/example_dags/example_python_decorator.py
[2025-01-15T13:58:44.229+0800] {processor.py:925} INFO - DAG(s) 'example_python_decorator' retrieved from /opt/anaconda3/envs/PyTorch/lib/python3.11/site-packages/airflow/example_dags/example_python_decorator.py
[2025-01-15T13:58:44.343+0800] {logging_mixin.py:190} INFO - [2025-01-15T13:58:44.343+0800] {dag.py:3239} INFO - Sync 1 DAGs
[2025-01-15T13:58:44.348+0800] {logging_mixin.py:190} INFO - [2025-01-15T13:58:44.348+0800] {dag.py:4180} INFO - Setting next_dagrun for example_python_decorator to None, run_after=None
[2025-01-15T13:58:44.355+0800] {processor.py:208} INFO - Processing /opt/anaconda3/envs/PyTorch/lib/python3.11/site-packages/airflow/example_dags/example_python_decorator.py took 0.149 seconds
[2025-01-15T14:00:49.483+0800] {processor.py:186} INFO - Started process (PID=86020) to work on /opt/anaconda3/envs/PyTorch/lib/python3.11/site-packages/airflow/example_dags/example_python_decorator.py
[2025-01-15T14:00:49.484+0800] {processor.py:914} INFO - Processing file /opt/anaconda3/envs/PyTorch/lib/python3.11/site-packages/airflow/example_dags/example_python_decorator.py for tasks to queue
[2025-01-15T14:00:49.485+0800] {logging_mixin.py:190} INFO - [2025-01-15T14:00:49.485+0800] {dagbag.py:588} INFO - Filling up the DagBag from /opt/anaconda3/envs/PyTorch/lib/python3.11/site-packages/airflow/example_dags/example_python_decorator.py
[2025-01-15T14:00:49.503+0800] {processor.py:925} INFO - DAG(s) 'example_python_decorator' retrieved from /opt/anaconda3/envs/PyTorch/lib/python3.11/site-packages/airflow/example_dags/example_python_decorator.py
[2025-01-15T14:00:49.613+0800] {logging_mixin.py:190} INFO - [2025-01-15T14:00:49.613+0800] {dag.py:3239} INFO - Sync 1 DAGs
[2025-01-15T14:00:49.617+0800] {logging_mixin.py:190} INFO - [2025-01-15T14:00:49.617+0800] {dag.py:4180} INFO - Setting next_dagrun for example_python_decorator to None, run_after=None
[2025-01-15T14:00:49.625+0800] {processor.py:208} INFO - Processing /opt/anaconda3/envs/PyTorch/lib/python3.11/site-packages/airflow/example_dags/example_python_decorator.py took 0.144 seconds
[2025-01-15T14:02:44.250+0800] {processor.py:186} INFO - Started process (PID=87078) to work on /opt/anaconda3/envs/PyTorch/lib/python3.11/site-packages/airflow/example_dags/example_python_decorator.py
[2025-01-15T14:02:44.251+0800] {processor.py:914} INFO - Processing file /opt/anaconda3/envs/PyTorch/lib/python3.11/site-packages/airflow/example_dags/example_python_decorator.py for tasks to queue
[2025-01-15T14:02:44.252+0800] {logging_mixin.py:190} INFO - [2025-01-15T14:02:44.252+0800] {dagbag.py:588} INFO - Filling up the DagBag from /opt/anaconda3/envs/PyTorch/lib/python3.11/site-packages/airflow/example_dags/example_python_decorator.py
[2025-01-15T14:02:44.270+0800] {processor.py:925} INFO - DAG(s) 'example_python_decorator' retrieved from /opt/anaconda3/envs/PyTorch/lib/python3.11/site-packages/airflow/example_dags/example_python_decorator.py
[2025-01-15T14:02:44.376+0800] {logging_mixin.py:190} INFO - [2025-01-15T14:02:44.376+0800] {dag.py:3239} INFO - Sync 1 DAGs
[2025-01-15T14:02:44.380+0800] {logging_mixin.py:190} INFO - [2025-01-15T14:02:44.380+0800] {dag.py:4180} INFO - Setting next_dagrun for example_python_decorator to None, run_after=None
[2025-01-15T14:02:44.387+0800] {processor.py:208} INFO - Processing /opt/anaconda3/envs/PyTorch/lib/python3.11/site-packages/airflow/example_dags/example_python_decorator.py took 0.139 seconds
[2025-01-15T14:06:33.450+0800] {processor.py:186} INFO - Started process (PID=89271) to work on /opt/anaconda3/envs/PyTorch/lib/python3.11/site-packages/airflow/example_dags/example_python_decorator.py
[2025-01-15T14:06:33.452+0800] {processor.py:914} INFO - Processing file /opt/anaconda3/envs/PyTorch/lib/python3.11/site-packages/airflow/example_dags/example_python_decorator.py for tasks to queue
[2025-01-15T14:06:33.452+0800] {logging_mixin.py:190} INFO - [2025-01-15T14:06:33.452+0800] {dagbag.py:588} INFO - Filling up the DagBag from /opt/anaconda3/envs/PyTorch/lib/python3.11/site-packages/airflow/example_dags/example_python_decorator.py
[2025-01-15T14:06:33.470+0800] {processor.py:925} INFO - DAG(s) 'example_python_decorator' retrieved from /opt/anaconda3/envs/PyTorch/lib/python3.11/site-packages/airflow/example_dags/example_python_decorator.py
[2025-01-15T14:06:33.580+0800] {logging_mixin.py:190} INFO - [2025-01-15T14:06:33.580+0800] {dag.py:3239} INFO - Sync 1 DAGs
[2025-01-15T14:06:33.584+0800] {logging_mixin.py:190} INFO - [2025-01-15T14:06:33.584+0800] {dag.py:4180} INFO - Setting next_dagrun for example_python_decorator to None, run_after=None
[2025-01-15T14:06:33.591+0800] {processor.py:208} INFO - Processing /opt/anaconda3/envs/PyTorch/lib/python3.11/site-packages/airflow/example_dags/example_python_decorator.py took 0.143 seconds
[2025-01-15T14:08:33.899+0800] {processor.py:186} INFO - Started process (PID=90418) to work on /opt/anaconda3/envs/PyTorch/lib/python3.11/site-packages/airflow/example_dags/example_python_decorator.py
[2025-01-15T14:08:33.899+0800] {processor.py:914} INFO - Processing file /opt/anaconda3/envs/PyTorch/lib/python3.11/site-packages/airflow/example_dags/example_python_decorator.py for tasks to queue
[2025-01-15T14:08:33.900+0800] {logging_mixin.py:190} INFO - [2025-01-15T14:08:33.900+0800] {dagbag.py:588} INFO - Filling up the DagBag from /opt/anaconda3/envs/PyTorch/lib/python3.11/site-packages/airflow/example_dags/example_python_decorator.py
[2025-01-15T14:08:33.920+0800] {processor.py:925} INFO - DAG(s) 'example_python_decorator' retrieved from /opt/anaconda3/envs/PyTorch/lib/python3.11/site-packages/airflow/example_dags/example_python_decorator.py
[2025-01-15T14:08:34.033+0800] {logging_mixin.py:190} INFO - [2025-01-15T14:08:34.033+0800] {dag.py:3239} INFO - Sync 1 DAGs
[2025-01-15T14:08:34.038+0800] {logging_mixin.py:190} INFO - [2025-01-15T14:08:34.038+0800] {dag.py:4180} INFO - Setting next_dagrun for example_python_decorator to None, run_after=None
[2025-01-15T14:08:34.046+0800] {processor.py:208} INFO - Processing /opt/anaconda3/envs/PyTorch/lib/python3.11/site-packages/airflow/example_dags/example_python_decorator.py took 0.149 seconds
[2025-01-15T14:12:28.586+0800] {processor.py:186} INFO - Started process (PID=92567) to work on /opt/anaconda3/envs/PyTorch/lib/python3.11/site-packages/airflow/example_dags/example_python_decorator.py
[2025-01-15T14:12:28.586+0800] {processor.py:914} INFO - Processing file /opt/anaconda3/envs/PyTorch/lib/python3.11/site-packages/airflow/example_dags/example_python_decorator.py for tasks to queue
[2025-01-15T14:12:28.587+0800] {logging_mixin.py:190} INFO - [2025-01-15T14:12:28.587+0800] {dagbag.py:588} INFO - Filling up the DagBag from /opt/anaconda3/envs/PyTorch/lib/python3.11/site-packages/airflow/example_dags/example_python_decorator.py
[2025-01-15T14:12:28.608+0800] {processor.py:925} INFO - DAG(s) 'example_python_decorator' retrieved from /opt/anaconda3/envs/PyTorch/lib/python3.11/site-packages/airflow/example_dags/example_python_decorator.py
[2025-01-15T14:12:28.739+0800] {logging_mixin.py:190} INFO - [2025-01-15T14:12:28.739+0800] {dag.py:3239} INFO - Sync 1 DAGs
[2025-01-15T14:12:28.744+0800] {logging_mixin.py:190} INFO - [2025-01-15T14:12:28.744+0800] {dag.py:4180} INFO - Setting next_dagrun for example_python_decorator to None, run_after=None
[2025-01-15T14:12:28.751+0800] {processor.py:208} INFO - Processing /opt/anaconda3/envs/PyTorch/lib/python3.11/site-packages/airflow/example_dags/example_python_decorator.py took 0.167 seconds
[2025-01-15T14:16:11.367+0800] {processor.py:186} INFO - Started process (PID=94724) to work on /opt/anaconda3/envs/PyTorch/lib/python3.11/site-packages/airflow/example_dags/example_python_decorator.py
[2025-01-15T14:16:11.368+0800] {processor.py:914} INFO - Processing file /opt/anaconda3/envs/PyTorch/lib/python3.11/site-packages/airflow/example_dags/example_python_decorator.py for tasks to queue
[2025-01-15T14:16:11.368+0800] {logging_mixin.py:190} INFO - [2025-01-15T14:16:11.368+0800] {dagbag.py:588} INFO - Filling up the DagBag from /opt/anaconda3/envs/PyTorch/lib/python3.11/site-packages/airflow/example_dags/example_python_decorator.py
[2025-01-15T14:16:11.391+0800] {processor.py:925} INFO - DAG(s) 'example_python_decorator' retrieved from /opt/anaconda3/envs/PyTorch/lib/python3.11/site-packages/airflow/example_dags/example_python_decorator.py
[2025-01-15T14:16:11.563+0800] {logging_mixin.py:190} INFO - [2025-01-15T14:16:11.563+0800] {dag.py:3239} INFO - Sync 1 DAGs
[2025-01-15T14:16:11.569+0800] {logging_mixin.py:190} INFO - [2025-01-15T14:16:11.569+0800] {dag.py:4180} INFO - Setting next_dagrun for example_python_decorator to None, run_after=None
[2025-01-15T14:16:11.578+0800] {processor.py:208} INFO - Processing /opt/anaconda3/envs/PyTorch/lib/python3.11/site-packages/airflow/example_dags/example_python_decorator.py took 0.213 seconds
[2025-01-15T14:18:11.614+0800] {processor.py:186} INFO - Started process (PID=95813) to work on /opt/anaconda3/envs/PyTorch/lib/python3.11/site-packages/airflow/example_dags/example_python_decorator.py
[2025-01-15T14:18:11.615+0800] {processor.py:914} INFO - Processing file /opt/anaconda3/envs/PyTorch/lib/python3.11/site-packages/airflow/example_dags/example_python_decorator.py for tasks to queue
[2025-01-15T14:18:11.616+0800] {logging_mixin.py:190} INFO - [2025-01-15T14:18:11.616+0800] {dagbag.py:588} INFO - Filling up the DagBag from /opt/anaconda3/envs/PyTorch/lib/python3.11/site-packages/airflow/example_dags/example_python_decorator.py
[2025-01-15T14:18:11.636+0800] {processor.py:925} INFO - DAG(s) 'example_python_decorator' retrieved from /opt/anaconda3/envs/PyTorch/lib/python3.11/site-packages/airflow/example_dags/example_python_decorator.py
[2025-01-15T14:18:11.763+0800] {logging_mixin.py:190} INFO - [2025-01-15T14:18:11.763+0800] {dag.py:3239} INFO - Sync 1 DAGs
[2025-01-15T14:18:11.768+0800] {logging_mixin.py:190} INFO - [2025-01-15T14:18:11.768+0800] {dag.py:4180} INFO - Setting next_dagrun for example_python_decorator to None, run_after=None
[2025-01-15T14:18:11.776+0800] {processor.py:208} INFO - Processing /opt/anaconda3/envs/PyTorch/lib/python3.11/site-packages/airflow/example_dags/example_python_decorator.py took 0.163 seconds
[2025-01-15T14:22:00.662+0800] {processor.py:186} INFO - Started process (PID=97915) to work on /opt/anaconda3/envs/PyTorch/lib/python3.11/site-packages/airflow/example_dags/example_python_decorator.py
[2025-01-15T14:22:00.664+0800] {processor.py:914} INFO - Processing file /opt/anaconda3/envs/PyTorch/lib/python3.11/site-packages/airflow/example_dags/example_python_decorator.py for tasks to queue
[2025-01-15T14:22:00.665+0800] {logging_mixin.py:190} INFO - [2025-01-15T14:22:00.664+0800] {dagbag.py:588} INFO - Filling up the DagBag from /opt/anaconda3/envs/PyTorch/lib/python3.11/site-packages/airflow/example_dags/example_python_decorator.py
[2025-01-15T14:22:00.682+0800] {processor.py:925} INFO - DAG(s) 'example_python_decorator' retrieved from /opt/anaconda3/envs/PyTorch/lib/python3.11/site-packages/airflow/example_dags/example_python_decorator.py
[2025-01-15T14:22:00.788+0800] {logging_mixin.py:190} INFO - [2025-01-15T14:22:00.787+0800] {dag.py:3239} INFO - Sync 1 DAGs
[2025-01-15T14:22:00.791+0800] {logging_mixin.py:190} INFO - [2025-01-15T14:22:00.791+0800] {dag.py:4180} INFO - Setting next_dagrun for example_python_decorator to None, run_after=None
[2025-01-15T14:22:00.798+0800] {processor.py:208} INFO - Processing /opt/anaconda3/envs/PyTorch/lib/python3.11/site-packages/airflow/example_dags/example_python_decorator.py took 0.137 seconds
[2025-01-15T14:23:50.317+0800] {processor.py:186} INFO - Started process (PID=98898) to work on /opt/anaconda3/envs/PyTorch/lib/python3.11/site-packages/airflow/example_dags/example_python_decorator.py
[2025-01-15T14:23:50.318+0800] {processor.py:914} INFO - Processing file /opt/anaconda3/envs/PyTorch/lib/python3.11/site-packages/airflow/example_dags/example_python_decorator.py for tasks to queue
[2025-01-15T14:23:50.318+0800] {logging_mixin.py:190} INFO - [2025-01-15T14:23:50.318+0800] {dagbag.py:588} INFO - Filling up the DagBag from /opt/anaconda3/envs/PyTorch/lib/python3.11/site-packages/airflow/example_dags/example_python_decorator.py
[2025-01-15T14:23:50.337+0800] {processor.py:925} INFO - DAG(s) 'example_python_decorator' retrieved from /opt/anaconda3/envs/PyTorch/lib/python3.11/site-packages/airflow/example_dags/example_python_decorator.py
[2025-01-15T14:23:50.444+0800] {logging_mixin.py:190} INFO - [2025-01-15T14:23:50.444+0800] {dag.py:3239} INFO - Sync 1 DAGs
[2025-01-15T14:23:50.448+0800] {logging_mixin.py:190} INFO - [2025-01-15T14:23:50.448+0800] {dag.py:4180} INFO - Setting next_dagrun for example_python_decorator to None, run_after=None
[2025-01-15T14:23:50.456+0800] {processor.py:208} INFO - Processing /opt/anaconda3/envs/PyTorch/lib/python3.11/site-packages/airflow/example_dags/example_python_decorator.py took 0.140 seconds
[2025-01-15T14:27:36.532+0800] {processor.py:186} INFO - Started process (PID=1346) to work on /opt/anaconda3/envs/PyTorch/lib/python3.11/site-packages/airflow/example_dags/example_python_decorator.py
[2025-01-15T14:27:36.534+0800] {processor.py:914} INFO - Processing file /opt/anaconda3/envs/PyTorch/lib/python3.11/site-packages/airflow/example_dags/example_python_decorator.py for tasks to queue
[2025-01-15T14:27:36.535+0800] {logging_mixin.py:190} INFO - [2025-01-15T14:27:36.535+0800] {dagbag.py:588} INFO - Filling up the DagBag from /opt/anaconda3/envs/PyTorch/lib/python3.11/site-packages/airflow/example_dags/example_python_decorator.py
[2025-01-15T14:27:36.556+0800] {processor.py:925} INFO - DAG(s) 'example_python_decorator' retrieved from /opt/anaconda3/envs/PyTorch/lib/python3.11/site-packages/airflow/example_dags/example_python_decorator.py
[2025-01-15T14:27:36.681+0800] {logging_mixin.py:190} INFO - [2025-01-15T14:27:36.681+0800] {dag.py:3239} INFO - Sync 1 DAGs
[2025-01-15T14:27:36.686+0800] {logging_mixin.py:190} INFO - [2025-01-15T14:27:36.686+0800] {dag.py:4180} INFO - Setting next_dagrun for example_python_decorator to None, run_after=None
[2025-01-15T14:27:36.693+0800] {processor.py:208} INFO - Processing /opt/anaconda3/envs/PyTorch/lib/python3.11/site-packages/airflow/example_dags/example_python_decorator.py took 0.163 seconds
