[2025-01-15T11:50:17.720+0800] {processor.py:186} INFO - Started process (PID=15230) to work on /opt/anaconda3/envs/PyTorch/lib/python3.11/site-packages/airflow/example_dags/example_nested_branch_dag.py
[2025-01-15T11:50:17.720+0800] {processor.py:914} INFO - Processing file /opt/anaconda3/envs/PyTorch/lib/python3.11/site-packages/airflow/example_dags/example_nested_branch_dag.py for tasks to queue
[2025-01-15T11:50:17.721+0800] {logging_mixin.py:190} INFO - [2025-01-15T11:50:17.721+0800] {dagbag.py:588} INFO - Filling up the DagBag from /opt/anaconda3/envs/PyTorch/lib/python3.11/site-packages/airflow/example_dags/example_nested_branch_dag.py
[2025-01-15T11:50:17.739+0800] {processor.py:925} INFO - DAG(s) 'example_nested_branch_dag' retrieved from /opt/anaconda3/envs/PyTorch/lib/python3.11/site-packages/airflow/example_dags/example_nested_branch_dag.py
[2025-01-15T11:50:17.842+0800] {logging_mixin.py:190} INFO - [2025-01-15T11:50:17.842+0800] {override.py:1912} INFO - Created Permission View: can edit on DAG:example_nested_branch_dag
[2025-01-15T11:50:17.845+0800] {logging_mixin.py:190} INFO - [2025-01-15T11:50:17.845+0800] {override.py:1912} INFO - Created Permission View: can delete on DAG:example_nested_branch_dag
[2025-01-15T11:50:17.847+0800] {logging_mixin.py:190} INFO - [2025-01-15T11:50:17.847+0800] {override.py:1912} INFO - Created Permission View: can read on DAG:example_nested_branch_dag
[2025-01-15T11:50:17.850+0800] {logging_mixin.py:190} INFO - [2025-01-15T11:50:17.849+0800] {override.py:1912} INFO - Created Permission View: can delete on DAG Run:example_nested_branch_dag
[2025-01-15T11:50:17.851+0800] {logging_mixin.py:190} INFO - [2025-01-15T11:50:17.851+0800] {override.py:1912} INFO - Created Permission View: can read on DAG Run:example_nested_branch_dag
[2025-01-15T11:50:17.853+0800] {logging_mixin.py:190} INFO - [2025-01-15T11:50:17.853+0800] {override.py:1912} INFO - Created Permission View: can create on DAG Run:example_nested_branch_dag
[2025-01-15T11:50:17.855+0800] {logging_mixin.py:190} INFO - [2025-01-15T11:50:17.855+0800] {override.py:1912} INFO - Created Permission View: menu access on DAG Run:example_nested_branch_dag
[2025-01-15T11:50:17.855+0800] {logging_mixin.py:190} INFO - [2025-01-15T11:50:17.855+0800] {dag.py:3239} INFO - Sync 1 DAGs
[2025-01-15T11:50:17.860+0800] {logging_mixin.py:190} INFO - [2025-01-15T11:50:17.860+0800] {dag.py:3262} INFO - Creating ORM DAG for example_nested_branch_dag
[2025-01-15T11:50:17.863+0800] {logging_mixin.py:190} INFO - [2025-01-15T11:50:17.863+0800] {dag.py:4180} INFO - Setting next_dagrun for example_nested_branch_dag to 2025-01-14 00:00:00+00:00, run_after=2025-01-15 00:00:00+00:00
[2025-01-15T11:50:17.868+0800] {processor.py:208} INFO - Processing /opt/anaconda3/envs/PyTorch/lib/python3.11/site-packages/airflow/example_dags/example_nested_branch_dag.py took 0.150 seconds
[2025-01-15T11:56:49.760+0800] {processor.py:186} INFO - Started process (PID=18502) to work on /opt/anaconda3/envs/PyTorch/lib/python3.11/site-packages/airflow/example_dags/example_nested_branch_dag.py
[2025-01-15T11:56:49.761+0800] {processor.py:914} INFO - Processing file /opt/anaconda3/envs/PyTorch/lib/python3.11/site-packages/airflow/example_dags/example_nested_branch_dag.py for tasks to queue
[2025-01-15T11:56:49.762+0800] {logging_mixin.py:190} INFO - [2025-01-15T11:56:49.762+0800] {dagbag.py:588} INFO - Filling up the DagBag from /opt/anaconda3/envs/PyTorch/lib/python3.11/site-packages/airflow/example_dags/example_nested_branch_dag.py
[2025-01-15T11:56:49.780+0800] {processor.py:925} INFO - DAG(s) 'example_nested_branch_dag' retrieved from /opt/anaconda3/envs/PyTorch/lib/python3.11/site-packages/airflow/example_dags/example_nested_branch_dag.py
[2025-01-15T11:56:49.857+0800] {logging_mixin.py:190} INFO - [2025-01-15T11:56:49.857+0800] {dag.py:3239} INFO - Sync 1 DAGs
[2025-01-15T11:56:49.864+0800] {logging_mixin.py:190} INFO - [2025-01-15T11:56:49.863+0800] {dag.py:4180} INFO - Setting next_dagrun for example_nested_branch_dag to 2025-01-14 00:00:00+00:00, run_after=2025-01-15 00:00:00+00:00
[2025-01-15T11:56:49.870+0800] {processor.py:208} INFO - Processing /opt/anaconda3/envs/PyTorch/lib/python3.11/site-packages/airflow/example_dags/example_nested_branch_dag.py took 0.111 seconds
[2025-01-15T11:58:45.537+0800] {processor.py:186} INFO - Started process (PID=19559) to work on /opt/anaconda3/envs/PyTorch/lib/python3.11/site-packages/airflow/example_dags/example_nested_branch_dag.py
[2025-01-15T11:58:45.538+0800] {processor.py:914} INFO - Processing file /opt/anaconda3/envs/PyTorch/lib/python3.11/site-packages/airflow/example_dags/example_nested_branch_dag.py for tasks to queue
[2025-01-15T11:58:45.539+0800] {logging_mixin.py:190} INFO - [2025-01-15T11:58:45.539+0800] {dagbag.py:588} INFO - Filling up the DagBag from /opt/anaconda3/envs/PyTorch/lib/python3.11/site-packages/airflow/example_dags/example_nested_branch_dag.py
[2025-01-15T11:58:45.556+0800] {processor.py:925} INFO - DAG(s) 'example_nested_branch_dag' retrieved from /opt/anaconda3/envs/PyTorch/lib/python3.11/site-packages/airflow/example_dags/example_nested_branch_dag.py
[2025-01-15T11:58:45.633+0800] {logging_mixin.py:190} INFO - [2025-01-15T11:58:45.633+0800] {dag.py:3239} INFO - Sync 1 DAGs
[2025-01-15T11:58:45.639+0800] {logging_mixin.py:190} INFO - [2025-01-15T11:58:45.639+0800] {dag.py:4180} INFO - Setting next_dagrun for example_nested_branch_dag to 2025-01-14 00:00:00+00:00, run_after=2025-01-15 00:00:00+00:00
[2025-01-15T11:58:45.645+0800] {processor.py:208} INFO - Processing /opt/anaconda3/envs/PyTorch/lib/python3.11/site-packages/airflow/example_dags/example_nested_branch_dag.py took 0.110 seconds
[2025-01-15T12:00:42.631+0800] {processor.py:186} INFO - Started process (PID=20604) to work on /opt/anaconda3/envs/PyTorch/lib/python3.11/site-packages/airflow/example_dags/example_nested_branch_dag.py
[2025-01-15T12:00:42.632+0800] {processor.py:914} INFO - Processing file /opt/anaconda3/envs/PyTorch/lib/python3.11/site-packages/airflow/example_dags/example_nested_branch_dag.py for tasks to queue
[2025-01-15T12:00:42.633+0800] {logging_mixin.py:190} INFO - [2025-01-15T12:00:42.633+0800] {dagbag.py:588} INFO - Filling up the DagBag from /opt/anaconda3/envs/PyTorch/lib/python3.11/site-packages/airflow/example_dags/example_nested_branch_dag.py
[2025-01-15T12:00:42.651+0800] {processor.py:925} INFO - DAG(s) 'example_nested_branch_dag' retrieved from /opt/anaconda3/envs/PyTorch/lib/python3.11/site-packages/airflow/example_dags/example_nested_branch_dag.py
[2025-01-15T12:00:42.725+0800] {logging_mixin.py:190} INFO - [2025-01-15T12:00:42.725+0800] {dag.py:3239} INFO - Sync 1 DAGs
[2025-01-15T12:00:42.732+0800] {logging_mixin.py:190} INFO - [2025-01-15T12:00:42.732+0800] {dag.py:4180} INFO - Setting next_dagrun for example_nested_branch_dag to 2025-01-14 00:00:00+00:00, run_after=2025-01-15 00:00:00+00:00
[2025-01-15T12:00:42.738+0800] {processor.py:208} INFO - Processing /opt/anaconda3/envs/PyTorch/lib/python3.11/site-packages/airflow/example_dags/example_nested_branch_dag.py took 0.108 seconds
[2025-01-15T12:03:36.446+0800] {processor.py:186} INFO - Started process (PID=22130) to work on /opt/anaconda3/envs/PyTorch/lib/python3.11/site-packages/airflow/example_dags/example_nested_branch_dag.py
[2025-01-15T12:03:36.448+0800] {processor.py:914} INFO - Processing file /opt/anaconda3/envs/PyTorch/lib/python3.11/site-packages/airflow/example_dags/example_nested_branch_dag.py for tasks to queue
[2025-01-15T12:03:36.448+0800] {logging_mixin.py:190} INFO - [2025-01-15T12:03:36.448+0800] {dagbag.py:588} INFO - Filling up the DagBag from /opt/anaconda3/envs/PyTorch/lib/python3.11/site-packages/airflow/example_dags/example_nested_branch_dag.py
[2025-01-15T12:03:36.465+0800] {processor.py:925} INFO - DAG(s) 'example_nested_branch_dag' retrieved from /opt/anaconda3/envs/PyTorch/lib/python3.11/site-packages/airflow/example_dags/example_nested_branch_dag.py
[2025-01-15T12:03:36.544+0800] {logging_mixin.py:190} INFO - [2025-01-15T12:03:36.544+0800] {dag.py:3239} INFO - Sync 1 DAGs
[2025-01-15T12:03:36.552+0800] {logging_mixin.py:190} INFO - [2025-01-15T12:03:36.552+0800] {dag.py:4180} INFO - Setting next_dagrun for example_nested_branch_dag to 2025-01-14 00:00:00+00:00, run_after=2025-01-15 00:00:00+00:00
[2025-01-15T12:03:36.558+0800] {processor.py:208} INFO - Processing /opt/anaconda3/envs/PyTorch/lib/python3.11/site-packages/airflow/example_dags/example_nested_branch_dag.py took 0.114 seconds
[2025-01-15T12:06:29.867+0800] {processor.py:186} INFO - Started process (PID=23696) to work on /opt/anaconda3/envs/PyTorch/lib/python3.11/site-packages/airflow/example_dags/example_nested_branch_dag.py
[2025-01-15T12:06:29.868+0800] {processor.py:914} INFO - Processing file /opt/anaconda3/envs/PyTorch/lib/python3.11/site-packages/airflow/example_dags/example_nested_branch_dag.py for tasks to queue
[2025-01-15T12:06:29.869+0800] {logging_mixin.py:190} INFO - [2025-01-15T12:06:29.869+0800] {dagbag.py:588} INFO - Filling up the DagBag from /opt/anaconda3/envs/PyTorch/lib/python3.11/site-packages/airflow/example_dags/example_nested_branch_dag.py
[2025-01-15T12:06:29.886+0800] {processor.py:925} INFO - DAG(s) 'example_nested_branch_dag' retrieved from /opt/anaconda3/envs/PyTorch/lib/python3.11/site-packages/airflow/example_dags/example_nested_branch_dag.py
[2025-01-15T12:06:29.962+0800] {logging_mixin.py:190} INFO - [2025-01-15T12:06:29.961+0800] {dag.py:3239} INFO - Sync 1 DAGs
[2025-01-15T12:06:29.969+0800] {logging_mixin.py:190} INFO - [2025-01-15T12:06:29.969+0800] {dag.py:4180} INFO - Setting next_dagrun for example_nested_branch_dag to 2025-01-14 00:00:00+00:00, run_after=2025-01-15 00:00:00+00:00
[2025-01-15T12:06:29.975+0800] {processor.py:208} INFO - Processing /opt/anaconda3/envs/PyTorch/lib/python3.11/site-packages/airflow/example_dags/example_nested_branch_dag.py took 0.110 seconds
[2025-01-15T12:09:25.580+0800] {processor.py:186} INFO - Started process (PID=25278) to work on /opt/anaconda3/envs/PyTorch/lib/python3.11/site-packages/airflow/example_dags/example_nested_branch_dag.py
[2025-01-15T12:09:25.581+0800] {processor.py:914} INFO - Processing file /opt/anaconda3/envs/PyTorch/lib/python3.11/site-packages/airflow/example_dags/example_nested_branch_dag.py for tasks to queue
[2025-01-15T12:09:25.582+0800] {logging_mixin.py:190} INFO - [2025-01-15T12:09:25.582+0800] {dagbag.py:588} INFO - Filling up the DagBag from /opt/anaconda3/envs/PyTorch/lib/python3.11/site-packages/airflow/example_dags/example_nested_branch_dag.py
[2025-01-15T12:09:25.599+0800] {processor.py:925} INFO - DAG(s) 'example_nested_branch_dag' retrieved from /opt/anaconda3/envs/PyTorch/lib/python3.11/site-packages/airflow/example_dags/example_nested_branch_dag.py
[2025-01-15T12:09:25.673+0800] {logging_mixin.py:190} INFO - [2025-01-15T12:09:25.673+0800] {dag.py:3239} INFO - Sync 1 DAGs
[2025-01-15T12:09:25.681+0800] {logging_mixin.py:190} INFO - [2025-01-15T12:09:25.681+0800] {dag.py:4180} INFO - Setting next_dagrun for example_nested_branch_dag to 2025-01-14 00:00:00+00:00, run_after=2025-01-15 00:00:00+00:00
[2025-01-15T12:09:25.687+0800] {processor.py:208} INFO - Processing /opt/anaconda3/envs/PyTorch/lib/python3.11/site-packages/airflow/example_dags/example_nested_branch_dag.py took 0.109 seconds
[2025-01-15T12:12:23.019+0800] {processor.py:186} INFO - Started process (PID=26898) to work on /opt/anaconda3/envs/PyTorch/lib/python3.11/site-packages/airflow/example_dags/example_nested_branch_dag.py
[2025-01-15T12:12:23.020+0800] {processor.py:914} INFO - Processing file /opt/anaconda3/envs/PyTorch/lib/python3.11/site-packages/airflow/example_dags/example_nested_branch_dag.py for tasks to queue
[2025-01-15T12:12:23.020+0800] {logging_mixin.py:190} INFO - [2025-01-15T12:12:23.020+0800] {dagbag.py:588} INFO - Filling up the DagBag from /opt/anaconda3/envs/PyTorch/lib/python3.11/site-packages/airflow/example_dags/example_nested_branch_dag.py
[2025-01-15T12:12:23.038+0800] {processor.py:925} INFO - DAG(s) 'example_nested_branch_dag' retrieved from /opt/anaconda3/envs/PyTorch/lib/python3.11/site-packages/airflow/example_dags/example_nested_branch_dag.py
[2025-01-15T12:12:23.112+0800] {logging_mixin.py:190} INFO - [2025-01-15T12:12:23.112+0800] {dag.py:3239} INFO - Sync 1 DAGs
[2025-01-15T12:12:23.119+0800] {logging_mixin.py:190} INFO - [2025-01-15T12:12:23.119+0800] {dag.py:4180} INFO - Setting next_dagrun for example_nested_branch_dag to 2025-01-14 00:00:00+00:00, run_after=2025-01-15 00:00:00+00:00
[2025-01-15T12:12:23.125+0800] {processor.py:208} INFO - Processing /opt/anaconda3/envs/PyTorch/lib/python3.11/site-packages/airflow/example_dags/example_nested_branch_dag.py took 0.107 seconds
[2025-01-15T12:15:20.278+0800] {processor.py:186} INFO - Started process (PID=28433) to work on /opt/anaconda3/envs/PyTorch/lib/python3.11/site-packages/airflow/example_dags/example_nested_branch_dag.py
[2025-01-15T12:15:20.279+0800] {processor.py:914} INFO - Processing file /opt/anaconda3/envs/PyTorch/lib/python3.11/site-packages/airflow/example_dags/example_nested_branch_dag.py for tasks to queue
[2025-01-15T12:15:20.279+0800] {logging_mixin.py:190} INFO - [2025-01-15T12:15:20.279+0800] {dagbag.py:588} INFO - Filling up the DagBag from /opt/anaconda3/envs/PyTorch/lib/python3.11/site-packages/airflow/example_dags/example_nested_branch_dag.py
[2025-01-15T12:15:20.296+0800] {processor.py:925} INFO - DAG(s) 'example_nested_branch_dag' retrieved from /opt/anaconda3/envs/PyTorch/lib/python3.11/site-packages/airflow/example_dags/example_nested_branch_dag.py
[2025-01-15T12:15:20.370+0800] {logging_mixin.py:190} INFO - [2025-01-15T12:15:20.370+0800] {dag.py:3239} INFO - Sync 1 DAGs
[2025-01-15T12:15:20.376+0800] {logging_mixin.py:190} INFO - [2025-01-15T12:15:20.376+0800] {dag.py:4180} INFO - Setting next_dagrun for example_nested_branch_dag to 2025-01-14 00:00:00+00:00, run_after=2025-01-15 00:00:00+00:00
[2025-01-15T12:15:20.382+0800] {processor.py:208} INFO - Processing /opt/anaconda3/envs/PyTorch/lib/python3.11/site-packages/airflow/example_dags/example_nested_branch_dag.py took 0.106 seconds
[2025-01-15T12:18:16.625+0800] {processor.py:186} INFO - Started process (PID=30016) to work on /opt/anaconda3/envs/PyTorch/lib/python3.11/site-packages/airflow/example_dags/example_nested_branch_dag.py
[2025-01-15T12:18:16.626+0800] {processor.py:914} INFO - Processing file /opt/anaconda3/envs/PyTorch/lib/python3.11/site-packages/airflow/example_dags/example_nested_branch_dag.py for tasks to queue
[2025-01-15T12:18:16.626+0800] {logging_mixin.py:190} INFO - [2025-01-15T12:18:16.626+0800] {dagbag.py:588} INFO - Filling up the DagBag from /opt/anaconda3/envs/PyTorch/lib/python3.11/site-packages/airflow/example_dags/example_nested_branch_dag.py
[2025-01-15T12:18:16.644+0800] {processor.py:925} INFO - DAG(s) 'example_nested_branch_dag' retrieved from /opt/anaconda3/envs/PyTorch/lib/python3.11/site-packages/airflow/example_dags/example_nested_branch_dag.py
[2025-01-15T12:18:16.720+0800] {logging_mixin.py:190} INFO - [2025-01-15T12:18:16.720+0800] {dag.py:3239} INFO - Sync 1 DAGs
[2025-01-15T12:18:16.727+0800] {logging_mixin.py:190} INFO - [2025-01-15T12:18:16.726+0800] {dag.py:4180} INFO - Setting next_dagrun for example_nested_branch_dag to 2025-01-14 00:00:00+00:00, run_after=2025-01-15 00:00:00+00:00
[2025-01-15T12:18:16.733+0800] {processor.py:208} INFO - Processing /opt/anaconda3/envs/PyTorch/lib/python3.11/site-packages/airflow/example_dags/example_nested_branch_dag.py took 0.110 seconds
[2025-01-15T12:21:14.814+0800] {processor.py:186} INFO - Started process (PID=31584) to work on /opt/anaconda3/envs/PyTorch/lib/python3.11/site-packages/airflow/example_dags/example_nested_branch_dag.py
[2025-01-15T12:21:14.816+0800] {processor.py:914} INFO - Processing file /opt/anaconda3/envs/PyTorch/lib/python3.11/site-packages/airflow/example_dags/example_nested_branch_dag.py for tasks to queue
[2025-01-15T12:21:14.816+0800] {logging_mixin.py:190} INFO - [2025-01-15T12:21:14.816+0800] {dagbag.py:588} INFO - Filling up the DagBag from /opt/anaconda3/envs/PyTorch/lib/python3.11/site-packages/airflow/example_dags/example_nested_branch_dag.py
[2025-01-15T12:21:14.833+0800] {processor.py:925} INFO - DAG(s) 'example_nested_branch_dag' retrieved from /opt/anaconda3/envs/PyTorch/lib/python3.11/site-packages/airflow/example_dags/example_nested_branch_dag.py
[2025-01-15T12:21:14.907+0800] {logging_mixin.py:190} INFO - [2025-01-15T12:21:14.907+0800] {dag.py:3239} INFO - Sync 1 DAGs
[2025-01-15T12:21:14.914+0800] {logging_mixin.py:190} INFO - [2025-01-15T12:21:14.914+0800] {dag.py:4180} INFO - Setting next_dagrun for example_nested_branch_dag to 2025-01-14 00:00:00+00:00, run_after=2025-01-15 00:00:00+00:00
[2025-01-15T12:21:14.920+0800] {processor.py:208} INFO - Processing /opt/anaconda3/envs/PyTorch/lib/python3.11/site-packages/airflow/example_dags/example_nested_branch_dag.py took 0.108 seconds
[2025-01-15T12:24:19.797+0800] {processor.py:186} INFO - Started process (PID=33201) to work on /opt/anaconda3/envs/PyTorch/lib/python3.11/site-packages/airflow/example_dags/example_nested_branch_dag.py
[2025-01-15T12:24:19.798+0800] {processor.py:914} INFO - Processing file /opt/anaconda3/envs/PyTorch/lib/python3.11/site-packages/airflow/example_dags/example_nested_branch_dag.py for tasks to queue
[2025-01-15T12:24:19.799+0800] {logging_mixin.py:190} INFO - [2025-01-15T12:24:19.799+0800] {dagbag.py:588} INFO - Filling up the DagBag from /opt/anaconda3/envs/PyTorch/lib/python3.11/site-packages/airflow/example_dags/example_nested_branch_dag.py
[2025-01-15T12:24:19.817+0800] {processor.py:925} INFO - DAG(s) 'example_nested_branch_dag' retrieved from /opt/anaconda3/envs/PyTorch/lib/python3.11/site-packages/airflow/example_dags/example_nested_branch_dag.py
[2025-01-15T12:24:19.904+0800] {logging_mixin.py:190} INFO - [2025-01-15T12:24:19.903+0800] {dag.py:3239} INFO - Sync 1 DAGs
[2025-01-15T12:24:19.911+0800] {logging_mixin.py:190} INFO - [2025-01-15T12:24:19.911+0800] {dag.py:4180} INFO - Setting next_dagrun for example_nested_branch_dag to 2025-01-14 00:00:00+00:00, run_after=2025-01-15 00:00:00+00:00
[2025-01-15T12:24:19.918+0800] {processor.py:208} INFO - Processing /opt/anaconda3/envs/PyTorch/lib/python3.11/site-packages/airflow/example_dags/example_nested_branch_dag.py took 0.124 seconds
[2025-01-15T12:27:14.426+0800] {processor.py:186} INFO - Started process (PID=34758) to work on /opt/anaconda3/envs/PyTorch/lib/python3.11/site-packages/airflow/example_dags/example_nested_branch_dag.py
[2025-01-15T12:27:14.427+0800] {processor.py:914} INFO - Processing file /opt/anaconda3/envs/PyTorch/lib/python3.11/site-packages/airflow/example_dags/example_nested_branch_dag.py for tasks to queue
[2025-01-15T12:27:14.428+0800] {logging_mixin.py:190} INFO - [2025-01-15T12:27:14.428+0800] {dagbag.py:588} INFO - Filling up the DagBag from /opt/anaconda3/envs/PyTorch/lib/python3.11/site-packages/airflow/example_dags/example_nested_branch_dag.py
[2025-01-15T12:27:14.446+0800] {processor.py:925} INFO - DAG(s) 'example_nested_branch_dag' retrieved from /opt/anaconda3/envs/PyTorch/lib/python3.11/site-packages/airflow/example_dags/example_nested_branch_dag.py
[2025-01-15T12:27:14.528+0800] {logging_mixin.py:190} INFO - [2025-01-15T12:27:14.528+0800] {dag.py:3239} INFO - Sync 1 DAGs
[2025-01-15T12:27:14.535+0800] {logging_mixin.py:190} INFO - [2025-01-15T12:27:14.535+0800] {dag.py:4180} INFO - Setting next_dagrun for example_nested_branch_dag to 2025-01-14 00:00:00+00:00, run_after=2025-01-15 00:00:00+00:00
[2025-01-15T12:27:14.542+0800] {processor.py:208} INFO - Processing /opt/anaconda3/envs/PyTorch/lib/python3.11/site-packages/airflow/example_dags/example_nested_branch_dag.py took 0.118 seconds
[2025-01-15T12:30:11.576+0800] {processor.py:186} INFO - Started process (PID=36312) to work on /opt/anaconda3/envs/PyTorch/lib/python3.11/site-packages/airflow/example_dags/example_nested_branch_dag.py
[2025-01-15T12:30:11.576+0800] {processor.py:914} INFO - Processing file /opt/anaconda3/envs/PyTorch/lib/python3.11/site-packages/airflow/example_dags/example_nested_branch_dag.py for tasks to queue
[2025-01-15T12:30:11.577+0800] {logging_mixin.py:190} INFO - [2025-01-15T12:30:11.577+0800] {dagbag.py:588} INFO - Filling up the DagBag from /opt/anaconda3/envs/PyTorch/lib/python3.11/site-packages/airflow/example_dags/example_nested_branch_dag.py
[2025-01-15T12:30:11.595+0800] {processor.py:925} INFO - DAG(s) 'example_nested_branch_dag' retrieved from /opt/anaconda3/envs/PyTorch/lib/python3.11/site-packages/airflow/example_dags/example_nested_branch_dag.py
[2025-01-15T12:30:11.677+0800] {logging_mixin.py:190} INFO - [2025-01-15T12:30:11.676+0800] {dag.py:3239} INFO - Sync 1 DAGs
[2025-01-15T12:30:11.684+0800] {logging_mixin.py:190} INFO - [2025-01-15T12:30:11.683+0800] {dag.py:4180} INFO - Setting next_dagrun for example_nested_branch_dag to 2025-01-14 00:00:00+00:00, run_after=2025-01-15 00:00:00+00:00
[2025-01-15T12:30:11.690+0800] {processor.py:208} INFO - Processing /opt/anaconda3/envs/PyTorch/lib/python3.11/site-packages/airflow/example_dags/example_nested_branch_dag.py took 0.116 seconds
[2025-01-15T12:33:07.179+0800] {processor.py:186} INFO - Started process (PID=37831) to work on /opt/anaconda3/envs/PyTorch/lib/python3.11/site-packages/airflow/example_dags/example_nested_branch_dag.py
[2025-01-15T12:33:07.181+0800] {processor.py:914} INFO - Processing file /opt/anaconda3/envs/PyTorch/lib/python3.11/site-packages/airflow/example_dags/example_nested_branch_dag.py for tasks to queue
[2025-01-15T12:33:07.181+0800] {logging_mixin.py:190} INFO - [2025-01-15T12:33:07.181+0800] {dagbag.py:588} INFO - Filling up the DagBag from /opt/anaconda3/envs/PyTorch/lib/python3.11/site-packages/airflow/example_dags/example_nested_branch_dag.py
[2025-01-15T12:33:07.198+0800] {processor.py:925} INFO - DAG(s) 'example_nested_branch_dag' retrieved from /opt/anaconda3/envs/PyTorch/lib/python3.11/site-packages/airflow/example_dags/example_nested_branch_dag.py
[2025-01-15T12:33:07.271+0800] {logging_mixin.py:190} INFO - [2025-01-15T12:33:07.271+0800] {dag.py:3239} INFO - Sync 1 DAGs
[2025-01-15T12:33:07.277+0800] {logging_mixin.py:190} INFO - [2025-01-15T12:33:07.277+0800] {dag.py:4180} INFO - Setting next_dagrun for example_nested_branch_dag to 2025-01-14 00:00:00+00:00, run_after=2025-01-15 00:00:00+00:00
[2025-01-15T12:33:07.284+0800] {processor.py:208} INFO - Processing /opt/anaconda3/envs/PyTorch/lib/python3.11/site-packages/airflow/example_dags/example_nested_branch_dag.py took 0.106 seconds
[2025-01-15T12:36:05.941+0800] {processor.py:186} INFO - Started process (PID=39425) to work on /opt/anaconda3/envs/PyTorch/lib/python3.11/site-packages/airflow/example_dags/example_nested_branch_dag.py
[2025-01-15T12:36:05.942+0800] {processor.py:914} INFO - Processing file /opt/anaconda3/envs/PyTorch/lib/python3.11/site-packages/airflow/example_dags/example_nested_branch_dag.py for tasks to queue
[2025-01-15T12:36:05.942+0800] {logging_mixin.py:190} INFO - [2025-01-15T12:36:05.942+0800] {dagbag.py:588} INFO - Filling up the DagBag from /opt/anaconda3/envs/PyTorch/lib/python3.11/site-packages/airflow/example_dags/example_nested_branch_dag.py
[2025-01-15T12:36:05.959+0800] {processor.py:925} INFO - DAG(s) 'example_nested_branch_dag' retrieved from /opt/anaconda3/envs/PyTorch/lib/python3.11/site-packages/airflow/example_dags/example_nested_branch_dag.py
[2025-01-15T12:36:06.034+0800] {logging_mixin.py:190} INFO - [2025-01-15T12:36:06.033+0800] {dag.py:3239} INFO - Sync 1 DAGs
[2025-01-15T12:36:06.041+0800] {logging_mixin.py:190} INFO - [2025-01-15T12:36:06.041+0800] {dag.py:4180} INFO - Setting next_dagrun for example_nested_branch_dag to 2025-01-14 00:00:00+00:00, run_after=2025-01-15 00:00:00+00:00
[2025-01-15T12:36:06.047+0800] {processor.py:208} INFO - Processing /opt/anaconda3/envs/PyTorch/lib/python3.11/site-packages/airflow/example_dags/example_nested_branch_dag.py took 0.108 seconds
[2025-01-15T12:39:02.329+0800] {processor.py:186} INFO - Started process (PID=40978) to work on /opt/anaconda3/envs/PyTorch/lib/python3.11/site-packages/airflow/example_dags/example_nested_branch_dag.py
[2025-01-15T12:39:02.331+0800] {processor.py:914} INFO - Processing file /opt/anaconda3/envs/PyTorch/lib/python3.11/site-packages/airflow/example_dags/example_nested_branch_dag.py for tasks to queue
[2025-01-15T12:39:02.331+0800] {logging_mixin.py:190} INFO - [2025-01-15T12:39:02.331+0800] {dagbag.py:588} INFO - Filling up the DagBag from /opt/anaconda3/envs/PyTorch/lib/python3.11/site-packages/airflow/example_dags/example_nested_branch_dag.py
[2025-01-15T12:39:02.348+0800] {processor.py:925} INFO - DAG(s) 'example_nested_branch_dag' retrieved from /opt/anaconda3/envs/PyTorch/lib/python3.11/site-packages/airflow/example_dags/example_nested_branch_dag.py
[2025-01-15T12:39:02.420+0800] {logging_mixin.py:190} INFO - [2025-01-15T12:39:02.420+0800] {dag.py:3239} INFO - Sync 1 DAGs
[2025-01-15T12:39:02.427+0800] {logging_mixin.py:190} INFO - [2025-01-15T12:39:02.427+0800] {dag.py:4180} INFO - Setting next_dagrun for example_nested_branch_dag to 2025-01-14 00:00:00+00:00, run_after=2025-01-15 00:00:00+00:00
[2025-01-15T12:39:02.433+0800] {processor.py:208} INFO - Processing /opt/anaconda3/envs/PyTorch/lib/python3.11/site-packages/airflow/example_dags/example_nested_branch_dag.py took 0.106 seconds
[2025-01-15T12:42:00.424+0800] {processor.py:186} INFO - Started process (PID=42601) to work on /opt/anaconda3/envs/PyTorch/lib/python3.11/site-packages/airflow/example_dags/example_nested_branch_dag.py
[2025-01-15T12:42:00.426+0800] {processor.py:914} INFO - Processing file /opt/anaconda3/envs/PyTorch/lib/python3.11/site-packages/airflow/example_dags/example_nested_branch_dag.py for tasks to queue
[2025-01-15T12:42:00.427+0800] {logging_mixin.py:190} INFO - [2025-01-15T12:42:00.426+0800] {dagbag.py:588} INFO - Filling up the DagBag from /opt/anaconda3/envs/PyTorch/lib/python3.11/site-packages/airflow/example_dags/example_nested_branch_dag.py
[2025-01-15T12:42:00.444+0800] {processor.py:925} INFO - DAG(s) 'example_nested_branch_dag' retrieved from /opt/anaconda3/envs/PyTorch/lib/python3.11/site-packages/airflow/example_dags/example_nested_branch_dag.py
[2025-01-15T12:42:00.521+0800] {logging_mixin.py:190} INFO - [2025-01-15T12:42:00.520+0800] {dag.py:3239} INFO - Sync 1 DAGs
[2025-01-15T12:42:00.528+0800] {logging_mixin.py:190} INFO - [2025-01-15T12:42:00.527+0800] {dag.py:4180} INFO - Setting next_dagrun for example_nested_branch_dag to 2025-01-14 00:00:00+00:00, run_after=2025-01-15 00:00:00+00:00
[2025-01-15T12:42:00.535+0800] {processor.py:208} INFO - Processing /opt/anaconda3/envs/PyTorch/lib/python3.11/site-packages/airflow/example_dags/example_nested_branch_dag.py took 0.112 seconds
[2025-01-15T12:44:58.200+0800] {processor.py:186} INFO - Started process (PID=44176) to work on /opt/anaconda3/envs/PyTorch/lib/python3.11/site-packages/airflow/example_dags/example_nested_branch_dag.py
[2025-01-15T12:44:58.202+0800] {processor.py:914} INFO - Processing file /opt/anaconda3/envs/PyTorch/lib/python3.11/site-packages/airflow/example_dags/example_nested_branch_dag.py for tasks to queue
[2025-01-15T12:44:58.202+0800] {logging_mixin.py:190} INFO - [2025-01-15T12:44:58.202+0800] {dagbag.py:588} INFO - Filling up the DagBag from /opt/anaconda3/envs/PyTorch/lib/python3.11/site-packages/airflow/example_dags/example_nested_branch_dag.py
[2025-01-15T12:44:58.220+0800] {processor.py:925} INFO - DAG(s) 'example_nested_branch_dag' retrieved from /opt/anaconda3/envs/PyTorch/lib/python3.11/site-packages/airflow/example_dags/example_nested_branch_dag.py
[2025-01-15T12:44:58.292+0800] {logging_mixin.py:190} INFO - [2025-01-15T12:44:58.292+0800] {dag.py:3239} INFO - Sync 1 DAGs
[2025-01-15T12:44:58.299+0800] {logging_mixin.py:190} INFO - [2025-01-15T12:44:58.299+0800] {dag.py:4180} INFO - Setting next_dagrun for example_nested_branch_dag to 2025-01-14 00:00:00+00:00, run_after=2025-01-15 00:00:00+00:00
[2025-01-15T12:44:58.306+0800] {processor.py:208} INFO - Processing /opt/anaconda3/envs/PyTorch/lib/python3.11/site-packages/airflow/example_dags/example_nested_branch_dag.py took 0.107 seconds
[2025-01-15T12:47:57.641+0800] {processor.py:186} INFO - Started process (PID=45808) to work on /opt/anaconda3/envs/PyTorch/lib/python3.11/site-packages/airflow/example_dags/example_nested_branch_dag.py
[2025-01-15T12:47:57.643+0800] {processor.py:914} INFO - Processing file /opt/anaconda3/envs/PyTorch/lib/python3.11/site-packages/airflow/example_dags/example_nested_branch_dag.py for tasks to queue
[2025-01-15T12:47:57.643+0800] {logging_mixin.py:190} INFO - [2025-01-15T12:47:57.643+0800] {dagbag.py:588} INFO - Filling up the DagBag from /opt/anaconda3/envs/PyTorch/lib/python3.11/site-packages/airflow/example_dags/example_nested_branch_dag.py
[2025-01-15T12:47:57.660+0800] {processor.py:925} INFO - DAG(s) 'example_nested_branch_dag' retrieved from /opt/anaconda3/envs/PyTorch/lib/python3.11/site-packages/airflow/example_dags/example_nested_branch_dag.py
[2025-01-15T12:47:57.733+0800] {logging_mixin.py:190} INFO - [2025-01-15T12:47:57.733+0800] {dag.py:3239} INFO - Sync 1 DAGs
[2025-01-15T12:47:57.739+0800] {logging_mixin.py:190} INFO - [2025-01-15T12:47:57.739+0800] {dag.py:4180} INFO - Setting next_dagrun for example_nested_branch_dag to 2025-01-14 00:00:00+00:00, run_after=2025-01-15 00:00:00+00:00
[2025-01-15T12:47:57.746+0800] {processor.py:208} INFO - Processing /opt/anaconda3/envs/PyTorch/lib/python3.11/site-packages/airflow/example_dags/example_nested_branch_dag.py took 0.106 seconds
[2025-01-15T12:51:00.645+0800] {processor.py:186} INFO - Started process (PID=47451) to work on /opt/anaconda3/envs/PyTorch/lib/python3.11/site-packages/airflow/example_dags/example_nested_branch_dag.py
[2025-01-15T12:51:00.647+0800] {processor.py:914} INFO - Processing file /opt/anaconda3/envs/PyTorch/lib/python3.11/site-packages/airflow/example_dags/example_nested_branch_dag.py for tasks to queue
[2025-01-15T12:51:00.648+0800] {logging_mixin.py:190} INFO - [2025-01-15T12:51:00.647+0800] {dagbag.py:588} INFO - Filling up the DagBag from /opt/anaconda3/envs/PyTorch/lib/python3.11/site-packages/airflow/example_dags/example_nested_branch_dag.py
[2025-01-15T12:51:00.665+0800] {processor.py:925} INFO - DAG(s) 'example_nested_branch_dag' retrieved from /opt/anaconda3/envs/PyTorch/lib/python3.11/site-packages/airflow/example_dags/example_nested_branch_dag.py
[2025-01-15T12:51:00.739+0800] {logging_mixin.py:190} INFO - [2025-01-15T12:51:00.739+0800] {dag.py:3239} INFO - Sync 1 DAGs
[2025-01-15T12:51:00.746+0800] {logging_mixin.py:190} INFO - [2025-01-15T12:51:00.746+0800] {dag.py:4180} INFO - Setting next_dagrun for example_nested_branch_dag to 2025-01-14 00:00:00+00:00, run_after=2025-01-15 00:00:00+00:00
[2025-01-15T12:51:00.752+0800] {processor.py:208} INFO - Processing /opt/anaconda3/envs/PyTorch/lib/python3.11/site-packages/airflow/example_dags/example_nested_branch_dag.py took 0.108 seconds
[2025-01-15T12:53:58.280+0800] {processor.py:186} INFO - Started process (PID=49025) to work on /opt/anaconda3/envs/PyTorch/lib/python3.11/site-packages/airflow/example_dags/example_nested_branch_dag.py
[2025-01-15T12:53:58.282+0800] {processor.py:914} INFO - Processing file /opt/anaconda3/envs/PyTorch/lib/python3.11/site-packages/airflow/example_dags/example_nested_branch_dag.py for tasks to queue
[2025-01-15T12:53:58.282+0800] {logging_mixin.py:190} INFO - [2025-01-15T12:53:58.282+0800] {dagbag.py:588} INFO - Filling up the DagBag from /opt/anaconda3/envs/PyTorch/lib/python3.11/site-packages/airflow/example_dags/example_nested_branch_dag.py
[2025-01-15T12:53:58.300+0800] {processor.py:925} INFO - DAG(s) 'example_nested_branch_dag' retrieved from /opt/anaconda3/envs/PyTorch/lib/python3.11/site-packages/airflow/example_dags/example_nested_branch_dag.py
[2025-01-15T12:53:58.373+0800] {logging_mixin.py:190} INFO - [2025-01-15T12:53:58.372+0800] {dag.py:3239} INFO - Sync 1 DAGs
[2025-01-15T12:53:58.379+0800] {logging_mixin.py:190} INFO - [2025-01-15T12:53:58.379+0800] {dag.py:4180} INFO - Setting next_dagrun for example_nested_branch_dag to 2025-01-14 00:00:00+00:00, run_after=2025-01-15 00:00:00+00:00
[2025-01-15T12:53:58.386+0800] {processor.py:208} INFO - Processing /opt/anaconda3/envs/PyTorch/lib/python3.11/site-packages/airflow/example_dags/example_nested_branch_dag.py took 0.107 seconds
[2025-01-15T12:57:02.866+0800] {processor.py:186} INFO - Started process (PID=50701) to work on /opt/anaconda3/envs/PyTorch/lib/python3.11/site-packages/airflow/example_dags/example_nested_branch_dag.py
[2025-01-15T12:57:02.867+0800] {processor.py:914} INFO - Processing file /opt/anaconda3/envs/PyTorch/lib/python3.11/site-packages/airflow/example_dags/example_nested_branch_dag.py for tasks to queue
[2025-01-15T12:57:02.868+0800] {logging_mixin.py:190} INFO - [2025-01-15T12:57:02.868+0800] {dagbag.py:588} INFO - Filling up the DagBag from /opt/anaconda3/envs/PyTorch/lib/python3.11/site-packages/airflow/example_dags/example_nested_branch_dag.py
[2025-01-15T12:57:02.885+0800] {processor.py:925} INFO - DAG(s) 'example_nested_branch_dag' retrieved from /opt/anaconda3/envs/PyTorch/lib/python3.11/site-packages/airflow/example_dags/example_nested_branch_dag.py
[2025-01-15T12:57:02.961+0800] {logging_mixin.py:190} INFO - [2025-01-15T12:57:02.961+0800] {dag.py:3239} INFO - Sync 1 DAGs
[2025-01-15T12:57:02.969+0800] {logging_mixin.py:190} INFO - [2025-01-15T12:57:02.969+0800] {dag.py:4180} INFO - Setting next_dagrun for example_nested_branch_dag to 2025-01-14 00:00:00+00:00, run_after=2025-01-15 00:00:00+00:00
[2025-01-15T12:57:02.975+0800] {processor.py:208} INFO - Processing /opt/anaconda3/envs/PyTorch/lib/python3.11/site-packages/airflow/example_dags/example_nested_branch_dag.py took 0.111 seconds
[2025-01-15T13:00:04.932+0800] {processor.py:186} INFO - Started process (PID=52350) to work on /opt/anaconda3/envs/PyTorch/lib/python3.11/site-packages/airflow/example_dags/example_nested_branch_dag.py
[2025-01-15T13:00:04.933+0800] {processor.py:914} INFO - Processing file /opt/anaconda3/envs/PyTorch/lib/python3.11/site-packages/airflow/example_dags/example_nested_branch_dag.py for tasks to queue
[2025-01-15T13:00:04.934+0800] {logging_mixin.py:190} INFO - [2025-01-15T13:00:04.934+0800] {dagbag.py:588} INFO - Filling up the DagBag from /opt/anaconda3/envs/PyTorch/lib/python3.11/site-packages/airflow/example_dags/example_nested_branch_dag.py
[2025-01-15T13:00:04.953+0800] {processor.py:925} INFO - DAG(s) 'example_nested_branch_dag' retrieved from /opt/anaconda3/envs/PyTorch/lib/python3.11/site-packages/airflow/example_dags/example_nested_branch_dag.py
[2025-01-15T13:00:05.030+0800] {logging_mixin.py:190} INFO - [2025-01-15T13:00:05.029+0800] {dag.py:3239} INFO - Sync 1 DAGs
[2025-01-15T13:00:05.038+0800] {logging_mixin.py:190} INFO - [2025-01-15T13:00:05.038+0800] {dag.py:4180} INFO - Setting next_dagrun for example_nested_branch_dag to 2025-01-14 00:00:00+00:00, run_after=2025-01-15 00:00:00+00:00
[2025-01-15T13:00:05.044+0800] {processor.py:208} INFO - Processing /opt/anaconda3/envs/PyTorch/lib/python3.11/site-packages/airflow/example_dags/example_nested_branch_dag.py took 0.114 seconds
[2025-01-15T13:03:07.516+0800] {processor.py:186} INFO - Started process (PID=53965) to work on /opt/anaconda3/envs/PyTorch/lib/python3.11/site-packages/airflow/example_dags/example_nested_branch_dag.py
[2025-01-15T13:03:07.517+0800] {processor.py:914} INFO - Processing file /opt/anaconda3/envs/PyTorch/lib/python3.11/site-packages/airflow/example_dags/example_nested_branch_dag.py for tasks to queue
[2025-01-15T13:03:07.518+0800] {logging_mixin.py:190} INFO - [2025-01-15T13:03:07.518+0800] {dagbag.py:588} INFO - Filling up the DagBag from /opt/anaconda3/envs/PyTorch/lib/python3.11/site-packages/airflow/example_dags/example_nested_branch_dag.py
[2025-01-15T13:03:07.537+0800] {processor.py:925} INFO - DAG(s) 'example_nested_branch_dag' retrieved from /opt/anaconda3/envs/PyTorch/lib/python3.11/site-packages/airflow/example_dags/example_nested_branch_dag.py
[2025-01-15T13:03:07.616+0800] {logging_mixin.py:190} INFO - [2025-01-15T13:03:07.615+0800] {dag.py:3239} INFO - Sync 1 DAGs
[2025-01-15T13:03:07.624+0800] {logging_mixin.py:190} INFO - [2025-01-15T13:03:07.623+0800] {dag.py:4180} INFO - Setting next_dagrun for example_nested_branch_dag to 2025-01-14 00:00:00+00:00, run_after=2025-01-15 00:00:00+00:00
[2025-01-15T13:03:07.631+0800] {processor.py:208} INFO - Processing /opt/anaconda3/envs/PyTorch/lib/python3.11/site-packages/airflow/example_dags/example_nested_branch_dag.py took 0.116 seconds
[2025-01-15T13:06:14.824+0800] {processor.py:186} INFO - Started process (PID=55712) to work on /opt/anaconda3/envs/PyTorch/lib/python3.11/site-packages/airflow/example_dags/example_nested_branch_dag.py
[2025-01-15T13:06:14.825+0800] {processor.py:914} INFO - Processing file /opt/anaconda3/envs/PyTorch/lib/python3.11/site-packages/airflow/example_dags/example_nested_branch_dag.py for tasks to queue
[2025-01-15T13:06:14.826+0800] {logging_mixin.py:190} INFO - [2025-01-15T13:06:14.826+0800] {dagbag.py:588} INFO - Filling up the DagBag from /opt/anaconda3/envs/PyTorch/lib/python3.11/site-packages/airflow/example_dags/example_nested_branch_dag.py
[2025-01-15T13:06:14.843+0800] {processor.py:925} INFO - DAG(s) 'example_nested_branch_dag' retrieved from /opt/anaconda3/envs/PyTorch/lib/python3.11/site-packages/airflow/example_dags/example_nested_branch_dag.py
[2025-01-15T13:06:14.921+0800] {logging_mixin.py:190} INFO - [2025-01-15T13:06:14.921+0800] {dag.py:3239} INFO - Sync 1 DAGs
[2025-01-15T13:06:14.929+0800] {logging_mixin.py:190} INFO - [2025-01-15T13:06:14.929+0800] {dag.py:4180} INFO - Setting next_dagrun for example_nested_branch_dag to 2025-01-14 00:00:00+00:00, run_after=2025-01-15 00:00:00+00:00
[2025-01-15T13:06:14.935+0800] {processor.py:208} INFO - Processing /opt/anaconda3/envs/PyTorch/lib/python3.11/site-packages/airflow/example_dags/example_nested_branch_dag.py took 0.113 seconds
[2025-01-15T13:09:21.852+0800] {processor.py:186} INFO - Started process (PID=57484) to work on /opt/anaconda3/envs/PyTorch/lib/python3.11/site-packages/airflow/example_dags/example_nested_branch_dag.py
[2025-01-15T13:09:21.853+0800] {processor.py:914} INFO - Processing file /opt/anaconda3/envs/PyTorch/lib/python3.11/site-packages/airflow/example_dags/example_nested_branch_dag.py for tasks to queue
[2025-01-15T13:09:21.853+0800] {logging_mixin.py:190} INFO - [2025-01-15T13:09:21.853+0800] {dagbag.py:588} INFO - Filling up the DagBag from /opt/anaconda3/envs/PyTorch/lib/python3.11/site-packages/airflow/example_dags/example_nested_branch_dag.py
[2025-01-15T13:09:21.872+0800] {processor.py:925} INFO - DAG(s) 'example_nested_branch_dag' retrieved from /opt/anaconda3/envs/PyTorch/lib/python3.11/site-packages/airflow/example_dags/example_nested_branch_dag.py
[2025-01-15T13:09:21.947+0800] {logging_mixin.py:190} INFO - [2025-01-15T13:09:21.947+0800] {dag.py:3239} INFO - Sync 1 DAGs
[2025-01-15T13:09:21.954+0800] {logging_mixin.py:190} INFO - [2025-01-15T13:09:21.954+0800] {dag.py:4180} INFO - Setting next_dagrun for example_nested_branch_dag to 2025-01-14 00:00:00+00:00, run_after=2025-01-15 00:00:00+00:00
[2025-01-15T13:09:21.960+0800] {processor.py:208} INFO - Processing /opt/anaconda3/envs/PyTorch/lib/python3.11/site-packages/airflow/example_dags/example_nested_branch_dag.py took 0.110 seconds
[2025-01-15T13:12:23.115+0800] {processor.py:186} INFO - Started process (PID=59177) to work on /opt/anaconda3/envs/PyTorch/lib/python3.11/site-packages/airflow/example_dags/example_nested_branch_dag.py
[2025-01-15T13:12:23.116+0800] {processor.py:914} INFO - Processing file /opt/anaconda3/envs/PyTorch/lib/python3.11/site-packages/airflow/example_dags/example_nested_branch_dag.py for tasks to queue
[2025-01-15T13:12:23.117+0800] {logging_mixin.py:190} INFO - [2025-01-15T13:12:23.117+0800] {dagbag.py:588} INFO - Filling up the DagBag from /opt/anaconda3/envs/PyTorch/lib/python3.11/site-packages/airflow/example_dags/example_nested_branch_dag.py
[2025-01-15T13:12:23.134+0800] {processor.py:925} INFO - DAG(s) 'example_nested_branch_dag' retrieved from /opt/anaconda3/envs/PyTorch/lib/python3.11/site-packages/airflow/example_dags/example_nested_branch_dag.py
[2025-01-15T13:12:23.205+0800] {logging_mixin.py:190} INFO - [2025-01-15T13:12:23.205+0800] {dag.py:3239} INFO - Sync 1 DAGs
[2025-01-15T13:12:23.213+0800] {logging_mixin.py:190} INFO - [2025-01-15T13:12:23.213+0800] {dag.py:4180} INFO - Setting next_dagrun for example_nested_branch_dag to 2025-01-14 00:00:00+00:00, run_after=2025-01-15 00:00:00+00:00
[2025-01-15T13:12:23.220+0800] {processor.py:208} INFO - Processing /opt/anaconda3/envs/PyTorch/lib/python3.11/site-packages/airflow/example_dags/example_nested_branch_dag.py took 0.107 seconds
[2025-01-15T13:15:25.071+0800] {processor.py:186} INFO - Started process (PID=60801) to work on /opt/anaconda3/envs/PyTorch/lib/python3.11/site-packages/airflow/example_dags/example_nested_branch_dag.py
[2025-01-15T13:15:25.073+0800] {processor.py:914} INFO - Processing file /opt/anaconda3/envs/PyTorch/lib/python3.11/site-packages/airflow/example_dags/example_nested_branch_dag.py for tasks to queue
[2025-01-15T13:15:25.073+0800] {logging_mixin.py:190} INFO - [2025-01-15T13:15:25.073+0800] {dagbag.py:588} INFO - Filling up the DagBag from /opt/anaconda3/envs/PyTorch/lib/python3.11/site-packages/airflow/example_dags/example_nested_branch_dag.py
[2025-01-15T13:15:25.092+0800] {processor.py:925} INFO - DAG(s) 'example_nested_branch_dag' retrieved from /opt/anaconda3/envs/PyTorch/lib/python3.11/site-packages/airflow/example_dags/example_nested_branch_dag.py
[2025-01-15T13:15:25.165+0800] {logging_mixin.py:190} INFO - [2025-01-15T13:15:25.164+0800] {dag.py:3239} INFO - Sync 1 DAGs
[2025-01-15T13:15:25.171+0800] {logging_mixin.py:190} INFO - [2025-01-15T13:15:25.171+0800] {dag.py:4180} INFO - Setting next_dagrun for example_nested_branch_dag to 2025-01-14 00:00:00+00:00, run_after=2025-01-15 00:00:00+00:00
[2025-01-15T13:15:25.178+0800] {processor.py:208} INFO - Processing /opt/anaconda3/envs/PyTorch/lib/python3.11/site-packages/airflow/example_dags/example_nested_branch_dag.py took 0.109 seconds
[2025-01-15T13:18:28.584+0800] {processor.py:186} INFO - Started process (PID=62437) to work on /opt/anaconda3/envs/PyTorch/lib/python3.11/site-packages/airflow/example_dags/example_nested_branch_dag.py
[2025-01-15T13:18:28.586+0800] {processor.py:914} INFO - Processing file /opt/anaconda3/envs/PyTorch/lib/python3.11/site-packages/airflow/example_dags/example_nested_branch_dag.py for tasks to queue
[2025-01-15T13:18:28.586+0800] {logging_mixin.py:190} INFO - [2025-01-15T13:18:28.586+0800] {dagbag.py:588} INFO - Filling up the DagBag from /opt/anaconda3/envs/PyTorch/lib/python3.11/site-packages/airflow/example_dags/example_nested_branch_dag.py
[2025-01-15T13:18:28.607+0800] {processor.py:925} INFO - DAG(s) 'example_nested_branch_dag' retrieved from /opt/anaconda3/envs/PyTorch/lib/python3.11/site-packages/airflow/example_dags/example_nested_branch_dag.py
[2025-01-15T13:18:28.689+0800] {logging_mixin.py:190} INFO - [2025-01-15T13:18:28.689+0800] {dag.py:3239} INFO - Sync 1 DAGs
[2025-01-15T13:18:28.696+0800] {logging_mixin.py:190} INFO - [2025-01-15T13:18:28.696+0800] {dag.py:4180} INFO - Setting next_dagrun for example_nested_branch_dag to 2025-01-14 00:00:00+00:00, run_after=2025-01-15 00:00:00+00:00
[2025-01-15T13:18:28.703+0800] {processor.py:208} INFO - Processing /opt/anaconda3/envs/PyTorch/lib/python3.11/site-packages/airflow/example_dags/example_nested_branch_dag.py took 0.121 seconds
[2025-01-15T13:21:42.926+0800] {processor.py:186} INFO - Started process (PID=64245) to work on /opt/anaconda3/envs/PyTorch/lib/python3.11/site-packages/airflow/example_dags/example_nested_branch_dag.py
[2025-01-15T13:21:42.927+0800] {processor.py:914} INFO - Processing file /opt/anaconda3/envs/PyTorch/lib/python3.11/site-packages/airflow/example_dags/example_nested_branch_dag.py for tasks to queue
[2025-01-15T13:21:42.928+0800] {logging_mixin.py:190} INFO - [2025-01-15T13:21:42.927+0800] {dagbag.py:588} INFO - Filling up the DagBag from /opt/anaconda3/envs/PyTorch/lib/python3.11/site-packages/airflow/example_dags/example_nested_branch_dag.py
[2025-01-15T13:21:42.945+0800] {processor.py:925} INFO - DAG(s) 'example_nested_branch_dag' retrieved from /opt/anaconda3/envs/PyTorch/lib/python3.11/site-packages/airflow/example_dags/example_nested_branch_dag.py
[2025-01-15T13:21:43.019+0800] {logging_mixin.py:190} INFO - [2025-01-15T13:21:43.019+0800] {dag.py:3239} INFO - Sync 1 DAGs
[2025-01-15T13:21:43.025+0800] {logging_mixin.py:190} INFO - [2025-01-15T13:21:43.025+0800] {dag.py:4180} INFO - Setting next_dagrun for example_nested_branch_dag to 2025-01-14 00:00:00+00:00, run_after=2025-01-15 00:00:00+00:00
[2025-01-15T13:21:43.032+0800] {processor.py:208} INFO - Processing /opt/anaconda3/envs/PyTorch/lib/python3.11/site-packages/airflow/example_dags/example_nested_branch_dag.py took 0.108 seconds
[2025-01-15T13:24:48.831+0800] {processor.py:186} INFO - Started process (PID=65897) to work on /opt/anaconda3/envs/PyTorch/lib/python3.11/site-packages/airflow/example_dags/example_nested_branch_dag.py
[2025-01-15T13:24:48.833+0800] {processor.py:914} INFO - Processing file /opt/anaconda3/envs/PyTorch/lib/python3.11/site-packages/airflow/example_dags/example_nested_branch_dag.py for tasks to queue
[2025-01-15T13:24:48.833+0800] {logging_mixin.py:190} INFO - [2025-01-15T13:24:48.833+0800] {dagbag.py:588} INFO - Filling up the DagBag from /opt/anaconda3/envs/PyTorch/lib/python3.11/site-packages/airflow/example_dags/example_nested_branch_dag.py
[2025-01-15T13:24:48.851+0800] {processor.py:925} INFO - DAG(s) 'example_nested_branch_dag' retrieved from /opt/anaconda3/envs/PyTorch/lib/python3.11/site-packages/airflow/example_dags/example_nested_branch_dag.py
[2025-01-15T13:24:48.923+0800] {logging_mixin.py:190} INFO - [2025-01-15T13:24:48.923+0800] {dag.py:3239} INFO - Sync 1 DAGs
[2025-01-15T13:24:48.931+0800] {logging_mixin.py:190} INFO - [2025-01-15T13:24:48.930+0800] {dag.py:4180} INFO - Setting next_dagrun for example_nested_branch_dag to 2025-01-14 00:00:00+00:00, run_after=2025-01-15 00:00:00+00:00
[2025-01-15T13:24:48.937+0800] {processor.py:208} INFO - Processing /opt/anaconda3/envs/PyTorch/lib/python3.11/site-packages/airflow/example_dags/example_nested_branch_dag.py took 0.107 seconds
[2025-01-15T13:27:51.748+0800] {processor.py:186} INFO - Started process (PID=67505) to work on /opt/anaconda3/envs/PyTorch/lib/python3.11/site-packages/airflow/example_dags/example_nested_branch_dag.py
[2025-01-15T13:27:51.751+0800] {processor.py:914} INFO - Processing file /opt/anaconda3/envs/PyTorch/lib/python3.11/site-packages/airflow/example_dags/example_nested_branch_dag.py for tasks to queue
[2025-01-15T13:27:51.751+0800] {logging_mixin.py:190} INFO - [2025-01-15T13:27:51.751+0800] {dagbag.py:588} INFO - Filling up the DagBag from /opt/anaconda3/envs/PyTorch/lib/python3.11/site-packages/airflow/example_dags/example_nested_branch_dag.py
[2025-01-15T13:27:51.769+0800] {processor.py:925} INFO - DAG(s) 'example_nested_branch_dag' retrieved from /opt/anaconda3/envs/PyTorch/lib/python3.11/site-packages/airflow/example_dags/example_nested_branch_dag.py
[2025-01-15T13:27:51.844+0800] {logging_mixin.py:190} INFO - [2025-01-15T13:27:51.843+0800] {dag.py:3239} INFO - Sync 1 DAGs
[2025-01-15T13:27:51.850+0800] {logging_mixin.py:190} INFO - [2025-01-15T13:27:51.850+0800] {dag.py:4180} INFO - Setting next_dagrun for example_nested_branch_dag to 2025-01-14 00:00:00+00:00, run_after=2025-01-15 00:00:00+00:00
[2025-01-15T13:27:51.856+0800] {processor.py:208} INFO - Processing /opt/anaconda3/envs/PyTorch/lib/python3.11/site-packages/airflow/example_dags/example_nested_branch_dag.py took 0.110 seconds
[2025-01-15T13:31:00.940+0800] {processor.py:186} INFO - Started process (PID=69228) to work on /opt/anaconda3/envs/PyTorch/lib/python3.11/site-packages/airflow/example_dags/example_nested_branch_dag.py
[2025-01-15T13:31:00.941+0800] {processor.py:914} INFO - Processing file /opt/anaconda3/envs/PyTorch/lib/python3.11/site-packages/airflow/example_dags/example_nested_branch_dag.py for tasks to queue
[2025-01-15T13:31:00.941+0800] {logging_mixin.py:190} INFO - [2025-01-15T13:31:00.941+0800] {dagbag.py:588} INFO - Filling up the DagBag from /opt/anaconda3/envs/PyTorch/lib/python3.11/site-packages/airflow/example_dags/example_nested_branch_dag.py
[2025-01-15T13:31:00.959+0800] {processor.py:925} INFO - DAG(s) 'example_nested_branch_dag' retrieved from /opt/anaconda3/envs/PyTorch/lib/python3.11/site-packages/airflow/example_dags/example_nested_branch_dag.py
[2025-01-15T13:31:01.039+0800] {logging_mixin.py:190} INFO - [2025-01-15T13:31:01.038+0800] {dag.py:3239} INFO - Sync 1 DAGs
[2025-01-15T13:31:01.046+0800] {logging_mixin.py:190} INFO - [2025-01-15T13:31:01.046+0800] {dag.py:4180} INFO - Setting next_dagrun for example_nested_branch_dag to 2025-01-14 00:00:00+00:00, run_after=2025-01-15 00:00:00+00:00
[2025-01-15T13:31:01.052+0800] {processor.py:208} INFO - Processing /opt/anaconda3/envs/PyTorch/lib/python3.11/site-packages/airflow/example_dags/example_nested_branch_dag.py took 0.114 seconds
[2025-01-15T13:34:11.157+0800] {processor.py:186} INFO - Started process (PID=70922) to work on /opt/anaconda3/envs/PyTorch/lib/python3.11/site-packages/airflow/example_dags/example_nested_branch_dag.py
[2025-01-15T13:34:11.158+0800] {processor.py:914} INFO - Processing file /opt/anaconda3/envs/PyTorch/lib/python3.11/site-packages/airflow/example_dags/example_nested_branch_dag.py for tasks to queue
[2025-01-15T13:34:11.159+0800] {logging_mixin.py:190} INFO - [2025-01-15T13:34:11.159+0800] {dagbag.py:588} INFO - Filling up the DagBag from /opt/anaconda3/envs/PyTorch/lib/python3.11/site-packages/airflow/example_dags/example_nested_branch_dag.py
[2025-01-15T13:34:11.177+0800] {processor.py:925} INFO - DAG(s) 'example_nested_branch_dag' retrieved from /opt/anaconda3/envs/PyTorch/lib/python3.11/site-packages/airflow/example_dags/example_nested_branch_dag.py
[2025-01-15T13:34:11.257+0800] {logging_mixin.py:190} INFO - [2025-01-15T13:34:11.257+0800] {dag.py:3239} INFO - Sync 1 DAGs
[2025-01-15T13:34:11.264+0800] {logging_mixin.py:190} INFO - [2025-01-15T13:34:11.264+0800] {dag.py:4180} INFO - Setting next_dagrun for example_nested_branch_dag to 2025-01-14 00:00:00+00:00, run_after=2025-01-15 00:00:00+00:00
[2025-01-15T13:34:11.270+0800] {processor.py:208} INFO - Processing /opt/anaconda3/envs/PyTorch/lib/python3.11/site-packages/airflow/example_dags/example_nested_branch_dag.py took 0.115 seconds
[2025-01-15T13:37:20.463+0800] {processor.py:186} INFO - Started process (PID=72658) to work on /opt/anaconda3/envs/PyTorch/lib/python3.11/site-packages/airflow/example_dags/example_nested_branch_dag.py
[2025-01-15T13:37:20.464+0800] {processor.py:914} INFO - Processing file /opt/anaconda3/envs/PyTorch/lib/python3.11/site-packages/airflow/example_dags/example_nested_branch_dag.py for tasks to queue
[2025-01-15T13:37:20.465+0800] {logging_mixin.py:190} INFO - [2025-01-15T13:37:20.465+0800] {dagbag.py:588} INFO - Filling up the DagBag from /opt/anaconda3/envs/PyTorch/lib/python3.11/site-packages/airflow/example_dags/example_nested_branch_dag.py
[2025-01-15T13:37:20.482+0800] {processor.py:925} INFO - DAG(s) 'example_nested_branch_dag' retrieved from /opt/anaconda3/envs/PyTorch/lib/python3.11/site-packages/airflow/example_dags/example_nested_branch_dag.py
[2025-01-15T13:37:20.554+0800] {logging_mixin.py:190} INFO - [2025-01-15T13:37:20.554+0800] {dag.py:3239} INFO - Sync 1 DAGs
[2025-01-15T13:37:20.561+0800] {logging_mixin.py:190} INFO - [2025-01-15T13:37:20.561+0800] {dag.py:4180} INFO - Setting next_dagrun for example_nested_branch_dag to 2025-01-14 00:00:00+00:00, run_after=2025-01-15 00:00:00+00:00
[2025-01-15T13:37:20.567+0800] {processor.py:208} INFO - Processing /opt/anaconda3/envs/PyTorch/lib/python3.11/site-packages/airflow/example_dags/example_nested_branch_dag.py took 0.106 seconds
[2025-01-15T13:40:28.361+0800] {processor.py:186} INFO - Started process (PID=74438) to work on /opt/anaconda3/envs/PyTorch/lib/python3.11/site-packages/airflow/example_dags/example_nested_branch_dag.py
[2025-01-15T13:40:28.363+0800] {processor.py:914} INFO - Processing file /opt/anaconda3/envs/PyTorch/lib/python3.11/site-packages/airflow/example_dags/example_nested_branch_dag.py for tasks to queue
[2025-01-15T13:40:28.364+0800] {logging_mixin.py:190} INFO - [2025-01-15T13:40:28.364+0800] {dagbag.py:588} INFO - Filling up the DagBag from /opt/anaconda3/envs/PyTorch/lib/python3.11/site-packages/airflow/example_dags/example_nested_branch_dag.py
[2025-01-15T13:40:28.381+0800] {processor.py:925} INFO - DAG(s) 'example_nested_branch_dag' retrieved from /opt/anaconda3/envs/PyTorch/lib/python3.11/site-packages/airflow/example_dags/example_nested_branch_dag.py
[2025-01-15T13:40:28.454+0800] {logging_mixin.py:190} INFO - [2025-01-15T13:40:28.454+0800] {dag.py:3239} INFO - Sync 1 DAGs
[2025-01-15T13:40:28.461+0800] {logging_mixin.py:190} INFO - [2025-01-15T13:40:28.461+0800] {dag.py:4180} INFO - Setting next_dagrun for example_nested_branch_dag to 2025-01-14 00:00:00+00:00, run_after=2025-01-15 00:00:00+00:00
[2025-01-15T13:40:28.468+0800] {processor.py:208} INFO - Processing /opt/anaconda3/envs/PyTorch/lib/python3.11/site-packages/airflow/example_dags/example_nested_branch_dag.py took 0.108 seconds
[2025-01-15T13:43:28.824+0800] {processor.py:186} INFO - Started process (PID=76055) to work on /opt/anaconda3/envs/PyTorch/lib/python3.11/site-packages/airflow/example_dags/example_nested_branch_dag.py
[2025-01-15T13:43:28.825+0800] {processor.py:914} INFO - Processing file /opt/anaconda3/envs/PyTorch/lib/python3.11/site-packages/airflow/example_dags/example_nested_branch_dag.py for tasks to queue
[2025-01-15T13:43:28.826+0800] {logging_mixin.py:190} INFO - [2025-01-15T13:43:28.826+0800] {dagbag.py:588} INFO - Filling up the DagBag from /opt/anaconda3/envs/PyTorch/lib/python3.11/site-packages/airflow/example_dags/example_nested_branch_dag.py
[2025-01-15T13:43:28.843+0800] {processor.py:925} INFO - DAG(s) 'example_nested_branch_dag' retrieved from /opt/anaconda3/envs/PyTorch/lib/python3.11/site-packages/airflow/example_dags/example_nested_branch_dag.py
[2025-01-15T13:43:28.916+0800] {logging_mixin.py:190} INFO - [2025-01-15T13:43:28.916+0800] {dag.py:3239} INFO - Sync 1 DAGs
[2025-01-15T13:43:28.923+0800] {logging_mixin.py:190} INFO - [2025-01-15T13:43:28.923+0800] {dag.py:4180} INFO - Setting next_dagrun for example_nested_branch_dag to 2025-01-14 00:00:00+00:00, run_after=2025-01-15 00:00:00+00:00
[2025-01-15T13:43:28.929+0800] {processor.py:208} INFO - Processing /opt/anaconda3/envs/PyTorch/lib/python3.11/site-packages/airflow/example_dags/example_nested_branch_dag.py took 0.108 seconds
[2025-01-15T13:46:34.199+0800] {processor.py:186} INFO - Started process (PID=77862) to work on /opt/anaconda3/envs/PyTorch/lib/python3.11/site-packages/airflow/example_dags/example_nested_branch_dag.py
[2025-01-15T13:46:34.200+0800] {processor.py:914} INFO - Processing file /opt/anaconda3/envs/PyTorch/lib/python3.11/site-packages/airflow/example_dags/example_nested_branch_dag.py for tasks to queue
[2025-01-15T13:46:34.201+0800] {logging_mixin.py:190} INFO - [2025-01-15T13:46:34.201+0800] {dagbag.py:588} INFO - Filling up the DagBag from /opt/anaconda3/envs/PyTorch/lib/python3.11/site-packages/airflow/example_dags/example_nested_branch_dag.py
[2025-01-15T13:46:34.220+0800] {processor.py:925} INFO - DAG(s) 'example_nested_branch_dag' retrieved from /opt/anaconda3/envs/PyTorch/lib/python3.11/site-packages/airflow/example_dags/example_nested_branch_dag.py
[2025-01-15T13:46:34.295+0800] {logging_mixin.py:190} INFO - [2025-01-15T13:46:34.295+0800] {dag.py:3239} INFO - Sync 1 DAGs
[2025-01-15T13:46:34.302+0800] {logging_mixin.py:190} INFO - [2025-01-15T13:46:34.302+0800] {dag.py:4180} INFO - Setting next_dagrun for example_nested_branch_dag to 2025-01-14 00:00:00+00:00, run_after=2025-01-15 00:00:00+00:00
[2025-01-15T13:46:34.308+0800] {processor.py:208} INFO - Processing /opt/anaconda3/envs/PyTorch/lib/python3.11/site-packages/airflow/example_dags/example_nested_branch_dag.py took 0.111 seconds
[2025-01-15T13:49:39.931+0800] {processor.py:186} INFO - Started process (PID=79624) to work on /opt/anaconda3/envs/PyTorch/lib/python3.11/site-packages/airflow/example_dags/example_nested_branch_dag.py
[2025-01-15T13:49:39.932+0800] {processor.py:914} INFO - Processing file /opt/anaconda3/envs/PyTorch/lib/python3.11/site-packages/airflow/example_dags/example_nested_branch_dag.py for tasks to queue
[2025-01-15T13:49:39.933+0800] {logging_mixin.py:190} INFO - [2025-01-15T13:49:39.933+0800] {dagbag.py:588} INFO - Filling up the DagBag from /opt/anaconda3/envs/PyTorch/lib/python3.11/site-packages/airflow/example_dags/example_nested_branch_dag.py
[2025-01-15T13:49:39.953+0800] {processor.py:925} INFO - DAG(s) 'example_nested_branch_dag' retrieved from /opt/anaconda3/envs/PyTorch/lib/python3.11/site-packages/airflow/example_dags/example_nested_branch_dag.py
[2025-01-15T13:49:40.037+0800] {logging_mixin.py:190} INFO - [2025-01-15T13:49:40.036+0800] {dag.py:3239} INFO - Sync 1 DAGs
[2025-01-15T13:49:40.044+0800] {logging_mixin.py:190} INFO - [2025-01-15T13:49:40.044+0800] {dag.py:4180} INFO - Setting next_dagrun for example_nested_branch_dag to 2025-01-14 00:00:00+00:00, run_after=2025-01-15 00:00:00+00:00
[2025-01-15T13:49:40.051+0800] {processor.py:208} INFO - Processing /opt/anaconda3/envs/PyTorch/lib/python3.11/site-packages/airflow/example_dags/example_nested_branch_dag.py took 0.122 seconds
[2025-01-15T13:52:47.631+0800] {processor.py:186} INFO - Started process (PID=81394) to work on /opt/anaconda3/envs/PyTorch/lib/python3.11/site-packages/airflow/example_dags/example_nested_branch_dag.py
[2025-01-15T13:52:47.632+0800] {processor.py:914} INFO - Processing file /opt/anaconda3/envs/PyTorch/lib/python3.11/site-packages/airflow/example_dags/example_nested_branch_dag.py for tasks to queue
[2025-01-15T13:52:47.633+0800] {logging_mixin.py:190} INFO - [2025-01-15T13:52:47.633+0800] {dagbag.py:588} INFO - Filling up the DagBag from /opt/anaconda3/envs/PyTorch/lib/python3.11/site-packages/airflow/example_dags/example_nested_branch_dag.py
[2025-01-15T13:52:47.650+0800] {processor.py:925} INFO - DAG(s) 'example_nested_branch_dag' retrieved from /opt/anaconda3/envs/PyTorch/lib/python3.11/site-packages/airflow/example_dags/example_nested_branch_dag.py
[2025-01-15T13:52:47.726+0800] {logging_mixin.py:190} INFO - [2025-01-15T13:52:47.726+0800] {dag.py:3239} INFO - Sync 1 DAGs
[2025-01-15T13:52:47.733+0800] {logging_mixin.py:190} INFO - [2025-01-15T13:52:47.733+0800] {dag.py:4180} INFO - Setting next_dagrun for example_nested_branch_dag to 2025-01-14 00:00:00+00:00, run_after=2025-01-15 00:00:00+00:00
[2025-01-15T13:52:47.739+0800] {processor.py:208} INFO - Processing /opt/anaconda3/envs/PyTorch/lib/python3.11/site-packages/airflow/example_dags/example_nested_branch_dag.py took 0.110 seconds
[2025-01-15T13:57:00.027+0800] {processor.py:186} INFO - Started process (PID=83744) to work on /opt/anaconda3/envs/PyTorch/lib/python3.11/site-packages/airflow/example_dags/example_nested_branch_dag.py
[2025-01-15T13:57:00.028+0800] {processor.py:914} INFO - Processing file /opt/anaconda3/envs/PyTorch/lib/python3.11/site-packages/airflow/example_dags/example_nested_branch_dag.py for tasks to queue
[2025-01-15T13:57:00.029+0800] {logging_mixin.py:190} INFO - [2025-01-15T13:57:00.029+0800] {dagbag.py:588} INFO - Filling up the DagBag from /opt/anaconda3/envs/PyTorch/lib/python3.11/site-packages/airflow/example_dags/example_nested_branch_dag.py
[2025-01-15T13:57:00.047+0800] {processor.py:925} INFO - DAG(s) 'example_nested_branch_dag' retrieved from /opt/anaconda3/envs/PyTorch/lib/python3.11/site-packages/airflow/example_dags/example_nested_branch_dag.py
[2025-01-15T13:57:00.125+0800] {logging_mixin.py:190} INFO - [2025-01-15T13:57:00.124+0800] {dag.py:3239} INFO - Sync 1 DAGs
[2025-01-15T13:57:00.131+0800] {logging_mixin.py:190} INFO - [2025-01-15T13:57:00.131+0800] {dag.py:4180} INFO - Setting next_dagrun for example_nested_branch_dag to 2025-01-14 00:00:00+00:00, run_after=2025-01-15 00:00:00+00:00
[2025-01-15T13:57:00.138+0800] {processor.py:208} INFO - Processing /opt/anaconda3/envs/PyTorch/lib/python3.11/site-packages/airflow/example_dags/example_nested_branch_dag.py took 0.113 seconds
[2025-01-15T14:01:00.279+0800] {processor.py:186} INFO - Started process (PID=86110) to work on /opt/anaconda3/envs/PyTorch/lib/python3.11/site-packages/airflow/example_dags/example_nested_branch_dag.py
[2025-01-15T14:01:00.280+0800] {processor.py:914} INFO - Processing file /opt/anaconda3/envs/PyTorch/lib/python3.11/site-packages/airflow/example_dags/example_nested_branch_dag.py for tasks to queue
[2025-01-15T14:01:00.281+0800] {logging_mixin.py:190} INFO - [2025-01-15T14:01:00.281+0800] {dagbag.py:588} INFO - Filling up the DagBag from /opt/anaconda3/envs/PyTorch/lib/python3.11/site-packages/airflow/example_dags/example_nested_branch_dag.py
[2025-01-15T14:01:00.298+0800] {processor.py:925} INFO - DAG(s) 'example_nested_branch_dag' retrieved from /opt/anaconda3/envs/PyTorch/lib/python3.11/site-packages/airflow/example_dags/example_nested_branch_dag.py
[2025-01-15T14:01:00.373+0800] {logging_mixin.py:190} INFO - [2025-01-15T14:01:00.372+0800] {dag.py:3239} INFO - Sync 1 DAGs
[2025-01-15T14:01:00.379+0800] {logging_mixin.py:190} INFO - [2025-01-15T14:01:00.379+0800] {dag.py:4180} INFO - Setting next_dagrun for example_nested_branch_dag to 2025-01-14 00:00:00+00:00, run_after=2025-01-15 00:00:00+00:00
[2025-01-15T14:01:00.387+0800] {processor.py:208} INFO - Processing /opt/anaconda3/envs/PyTorch/lib/python3.11/site-packages/airflow/example_dags/example_nested_branch_dag.py took 0.110 seconds
[2025-01-15T14:04:35.766+0800] {processor.py:186} INFO - Started process (PID=88118) to work on /opt/anaconda3/envs/PyTorch/lib/python3.11/site-packages/airflow/example_dags/example_nested_branch_dag.py
[2025-01-15T14:04:35.767+0800] {processor.py:914} INFO - Processing file /opt/anaconda3/envs/PyTorch/lib/python3.11/site-packages/airflow/example_dags/example_nested_branch_dag.py for tasks to queue
[2025-01-15T14:04:35.768+0800] {logging_mixin.py:190} INFO - [2025-01-15T14:04:35.767+0800] {dagbag.py:588} INFO - Filling up the DagBag from /opt/anaconda3/envs/PyTorch/lib/python3.11/site-packages/airflow/example_dags/example_nested_branch_dag.py
[2025-01-15T14:04:35.786+0800] {processor.py:925} INFO - DAG(s) 'example_nested_branch_dag' retrieved from /opt/anaconda3/envs/PyTorch/lib/python3.11/site-packages/airflow/example_dags/example_nested_branch_dag.py
[2025-01-15T14:04:35.867+0800] {logging_mixin.py:190} INFO - [2025-01-15T14:04:35.867+0800] {dag.py:3239} INFO - Sync 1 DAGs
[2025-01-15T14:04:35.874+0800] {logging_mixin.py:190} INFO - [2025-01-15T14:04:35.874+0800] {dag.py:4180} INFO - Setting next_dagrun for example_nested_branch_dag to 2025-01-14 00:00:00+00:00, run_after=2025-01-15 00:00:00+00:00
[2025-01-15T14:04:35.881+0800] {processor.py:208} INFO - Processing /opt/anaconda3/envs/PyTorch/lib/python3.11/site-packages/airflow/example_dags/example_nested_branch_dag.py took 0.117 seconds
[2025-01-15T14:08:40.152+0800] {processor.py:186} INFO - Started process (PID=90481) to work on /opt/anaconda3/envs/PyTorch/lib/python3.11/site-packages/airflow/example_dags/example_nested_branch_dag.py
[2025-01-15T14:08:40.153+0800] {processor.py:914} INFO - Processing file /opt/anaconda3/envs/PyTorch/lib/python3.11/site-packages/airflow/example_dags/example_nested_branch_dag.py for tasks to queue
[2025-01-15T14:08:40.153+0800] {logging_mixin.py:190} INFO - [2025-01-15T14:08:40.153+0800] {dagbag.py:588} INFO - Filling up the DagBag from /opt/anaconda3/envs/PyTorch/lib/python3.11/site-packages/airflow/example_dags/example_nested_branch_dag.py
[2025-01-15T14:08:40.172+0800] {processor.py:925} INFO - DAG(s) 'example_nested_branch_dag' retrieved from /opt/anaconda3/envs/PyTorch/lib/python3.11/site-packages/airflow/example_dags/example_nested_branch_dag.py
[2025-01-15T14:08:40.251+0800] {logging_mixin.py:190} INFO - [2025-01-15T14:08:40.250+0800] {dag.py:3239} INFO - Sync 1 DAGs
[2025-01-15T14:08:40.257+0800] {logging_mixin.py:190} INFO - [2025-01-15T14:08:40.257+0800] {dag.py:4180} INFO - Setting next_dagrun for example_nested_branch_dag to 2025-01-14 00:00:00+00:00, run_after=2025-01-15 00:00:00+00:00
[2025-01-15T14:08:40.264+0800] {processor.py:208} INFO - Processing /opt/anaconda3/envs/PyTorch/lib/python3.11/site-packages/airflow/example_dags/example_nested_branch_dag.py took 0.115 seconds
[2025-01-15T14:12:34.729+0800] {processor.py:186} INFO - Started process (PID=92615) to work on /opt/anaconda3/envs/PyTorch/lib/python3.11/site-packages/airflow/example_dags/example_nested_branch_dag.py
[2025-01-15T14:12:34.731+0800] {processor.py:914} INFO - Processing file /opt/anaconda3/envs/PyTorch/lib/python3.11/site-packages/airflow/example_dags/example_nested_branch_dag.py for tasks to queue
[2025-01-15T14:12:34.731+0800] {logging_mixin.py:190} INFO - [2025-01-15T14:12:34.731+0800] {dagbag.py:588} INFO - Filling up the DagBag from /opt/anaconda3/envs/PyTorch/lib/python3.11/site-packages/airflow/example_dags/example_nested_branch_dag.py
[2025-01-15T14:12:34.751+0800] {processor.py:925} INFO - DAG(s) 'example_nested_branch_dag' retrieved from /opt/anaconda3/envs/PyTorch/lib/python3.11/site-packages/airflow/example_dags/example_nested_branch_dag.py
[2025-01-15T14:12:34.835+0800] {logging_mixin.py:190} INFO - [2025-01-15T14:12:34.835+0800] {dag.py:3239} INFO - Sync 1 DAGs
[2025-01-15T14:12:34.844+0800] {logging_mixin.py:190} INFO - [2025-01-15T14:12:34.843+0800] {dag.py:4180} INFO - Setting next_dagrun for example_nested_branch_dag to 2025-01-14 00:00:00+00:00, run_after=2025-01-15 00:00:00+00:00
[2025-01-15T14:12:34.850+0800] {processor.py:208} INFO - Processing /opt/anaconda3/envs/PyTorch/lib/python3.11/site-packages/airflow/example_dags/example_nested_branch_dag.py took 0.124 seconds
[2025-01-15T14:16:17.802+0800] {processor.py:186} INFO - Started process (PID=94773) to work on /opt/anaconda3/envs/PyTorch/lib/python3.11/site-packages/airflow/example_dags/example_nested_branch_dag.py
[2025-01-15T14:16:17.804+0800] {processor.py:914} INFO - Processing file /opt/anaconda3/envs/PyTorch/lib/python3.11/site-packages/airflow/example_dags/example_nested_branch_dag.py for tasks to queue
[2025-01-15T14:16:17.804+0800] {logging_mixin.py:190} INFO - [2025-01-15T14:16:17.804+0800] {dagbag.py:588} INFO - Filling up the DagBag from /opt/anaconda3/envs/PyTorch/lib/python3.11/site-packages/airflow/example_dags/example_nested_branch_dag.py
[2025-01-15T14:16:17.821+0800] {processor.py:925} INFO - DAG(s) 'example_nested_branch_dag' retrieved from /opt/anaconda3/envs/PyTorch/lib/python3.11/site-packages/airflow/example_dags/example_nested_branch_dag.py
[2025-01-15T14:16:17.896+0800] {logging_mixin.py:190} INFO - [2025-01-15T14:16:17.896+0800] {dag.py:3239} INFO - Sync 1 DAGs
[2025-01-15T14:16:17.902+0800] {logging_mixin.py:190} INFO - [2025-01-15T14:16:17.902+0800] {dag.py:4180} INFO - Setting next_dagrun for example_nested_branch_dag to 2025-01-14 00:00:00+00:00, run_after=2025-01-15 00:00:00+00:00
[2025-01-15T14:16:17.909+0800] {processor.py:208} INFO - Processing /opt/anaconda3/envs/PyTorch/lib/python3.11/site-packages/airflow/example_dags/example_nested_branch_dag.py took 0.109 seconds
[2025-01-15T14:20:04.049+0800] {processor.py:186} INFO - Started process (PID=96830) to work on /opt/anaconda3/envs/PyTorch/lib/python3.11/site-packages/airflow/example_dags/example_nested_branch_dag.py
[2025-01-15T14:20:04.051+0800] {processor.py:914} INFO - Processing file /opt/anaconda3/envs/PyTorch/lib/python3.11/site-packages/airflow/example_dags/example_nested_branch_dag.py for tasks to queue
[2025-01-15T14:20:04.052+0800] {logging_mixin.py:190} INFO - [2025-01-15T14:20:04.052+0800] {dagbag.py:588} INFO - Filling up the DagBag from /opt/anaconda3/envs/PyTorch/lib/python3.11/site-packages/airflow/example_dags/example_nested_branch_dag.py
[2025-01-15T14:20:04.070+0800] {processor.py:925} INFO - DAG(s) 'example_nested_branch_dag' retrieved from /opt/anaconda3/envs/PyTorch/lib/python3.11/site-packages/airflow/example_dags/example_nested_branch_dag.py
[2025-01-15T14:20:04.150+0800] {logging_mixin.py:190} INFO - [2025-01-15T14:20:04.150+0800] {dag.py:3239} INFO - Sync 1 DAGs
[2025-01-15T14:20:04.158+0800] {logging_mixin.py:190} INFO - [2025-01-15T14:20:04.158+0800] {dag.py:4180} INFO - Setting next_dagrun for example_nested_branch_dag to 2025-01-14 00:00:00+00:00, run_after=2025-01-15 00:00:00+00:00
[2025-01-15T14:20:04.165+0800] {processor.py:208} INFO - Processing /opt/anaconda3/envs/PyTorch/lib/python3.11/site-packages/airflow/example_dags/example_nested_branch_dag.py took 0.118 seconds
[2025-01-15T14:22:10.557+0800] {processor.py:186} INFO - Started process (PID=97999) to work on /opt/anaconda3/envs/PyTorch/lib/python3.11/site-packages/airflow/example_dags/example_nested_branch_dag.py
[2025-01-15T14:22:10.559+0800] {processor.py:914} INFO - Processing file /opt/anaconda3/envs/PyTorch/lib/python3.11/site-packages/airflow/example_dags/example_nested_branch_dag.py for tasks to queue
[2025-01-15T14:22:10.559+0800] {logging_mixin.py:190} INFO - [2025-01-15T14:22:10.559+0800] {dagbag.py:588} INFO - Filling up the DagBag from /opt/anaconda3/envs/PyTorch/lib/python3.11/site-packages/airflow/example_dags/example_nested_branch_dag.py
[2025-01-15T14:22:10.579+0800] {processor.py:925} INFO - DAG(s) 'example_nested_branch_dag' retrieved from /opt/anaconda3/envs/PyTorch/lib/python3.11/site-packages/airflow/example_dags/example_nested_branch_dag.py
[2025-01-15T14:22:10.659+0800] {logging_mixin.py:190} INFO - [2025-01-15T14:22:10.659+0800] {dag.py:3239} INFO - Sync 1 DAGs
[2025-01-15T14:22:10.666+0800] {logging_mixin.py:190} INFO - [2025-01-15T14:22:10.666+0800] {dag.py:4180} INFO - Setting next_dagrun for example_nested_branch_dag to 2025-01-14 00:00:00+00:00, run_after=2025-01-15 00:00:00+00:00
[2025-01-15T14:22:10.673+0800] {processor.py:208} INFO - Processing /opt/anaconda3/envs/PyTorch/lib/python3.11/site-packages/airflow/example_dags/example_nested_branch_dag.py took 0.117 seconds
[2025-01-15T14:25:54.143+0800] {processor.py:186} INFO - Started process (PID=182) to work on /opt/anaconda3/envs/PyTorch/lib/python3.11/site-packages/airflow/example_dags/example_nested_branch_dag.py
[2025-01-15T14:25:54.144+0800] {processor.py:914} INFO - Processing file /opt/anaconda3/envs/PyTorch/lib/python3.11/site-packages/airflow/example_dags/example_nested_branch_dag.py for tasks to queue
[2025-01-15T14:25:54.144+0800] {logging_mixin.py:190} INFO - [2025-01-15T14:25:54.144+0800] {dagbag.py:588} INFO - Filling up the DagBag from /opt/anaconda3/envs/PyTorch/lib/python3.11/site-packages/airflow/example_dags/example_nested_branch_dag.py
[2025-01-15T14:25:54.163+0800] {processor.py:925} INFO - DAG(s) 'example_nested_branch_dag' retrieved from /opt/anaconda3/envs/PyTorch/lib/python3.11/site-packages/airflow/example_dags/example_nested_branch_dag.py
[2025-01-15T14:25:54.240+0800] {logging_mixin.py:190} INFO - [2025-01-15T14:25:54.240+0800] {dag.py:3239} INFO - Sync 1 DAGs
[2025-01-15T14:25:54.246+0800] {logging_mixin.py:190} INFO - [2025-01-15T14:25:54.246+0800] {dag.py:4180} INFO - Setting next_dagrun for example_nested_branch_dag to 2025-01-14 00:00:00+00:00, run_after=2025-01-15 00:00:00+00:00
[2025-01-15T14:25:54.253+0800] {processor.py:208} INFO - Processing /opt/anaconda3/envs/PyTorch/lib/python3.11/site-packages/airflow/example_dags/example_nested_branch_dag.py took 0.111 seconds
[2025-01-15T14:29:26.937+0800] {processor.py:186} INFO - Started process (PID=2926) to work on /opt/anaconda3/envs/PyTorch/lib/python3.11/site-packages/airflow/example_dags/example_nested_branch_dag.py
[2025-01-15T14:29:26.938+0800] {processor.py:914} INFO - Processing file /opt/anaconda3/envs/PyTorch/lib/python3.11/site-packages/airflow/example_dags/example_nested_branch_dag.py for tasks to queue
[2025-01-15T14:29:26.939+0800] {logging_mixin.py:190} INFO - [2025-01-15T14:29:26.939+0800] {dagbag.py:588} INFO - Filling up the DagBag from /opt/anaconda3/envs/PyTorch/lib/python3.11/site-packages/airflow/example_dags/example_nested_branch_dag.py
[2025-01-15T14:29:26.956+0800] {processor.py:925} INFO - DAG(s) 'example_nested_branch_dag' retrieved from /opt/anaconda3/envs/PyTorch/lib/python3.11/site-packages/airflow/example_dags/example_nested_branch_dag.py
[2025-01-15T14:29:27.033+0800] {logging_mixin.py:190} INFO - [2025-01-15T14:29:27.033+0800] {dag.py:3239} INFO - Sync 1 DAGs
[2025-01-15T14:29:27.040+0800] {logging_mixin.py:190} INFO - [2025-01-15T14:29:27.040+0800] {dag.py:4180} INFO - Setting next_dagrun for example_nested_branch_dag to 2025-01-14 00:00:00+00:00, run_after=2025-01-15 00:00:00+00:00
[2025-01-15T14:29:27.046+0800] {processor.py:208} INFO - Processing /opt/anaconda3/envs/PyTorch/lib/python3.11/site-packages/airflow/example_dags/example_nested_branch_dag.py took 0.111 seconds
