[2025-01-15T11:50:56.721+0800] {processor.py:186} INFO - Started process (PID=15569) to work on /opt/anaconda3/envs/PyTorch/lib/python3.11/site-packages/airflow/example_dags/example_branch_labels.py
[2025-01-15T11:50:56.722+0800] {processor.py:914} INFO - Processing file /opt/anaconda3/envs/PyTorch/lib/python3.11/site-packages/airflow/example_dags/example_branch_labels.py for tasks to queue
[2025-01-15T11:50:56.722+0800] {logging_mixin.py:190} INFO - [2025-01-15T11:50:56.722+0800] {dagbag.py:588} INFO - Filling up the DagBag from /opt/anaconda3/envs/PyTorch/lib/python3.11/site-packages/airflow/example_dags/example_branch_labels.py
[2025-01-15T11:50:56.727+0800] {processor.py:925} INFO - DAG(s) 'example_branch_labels' retrieved from /opt/anaconda3/envs/PyTorch/lib/python3.11/site-packages/airflow/example_dags/example_branch_labels.py
[2025-01-15T11:50:56.848+0800] {logging_mixin.py:190} INFO - [2025-01-15T11:50:56.848+0800] {override.py:1912} INFO - Created Permission View: can edit on DAG:example_branch_labels
[2025-01-15T11:50:56.851+0800] {logging_mixin.py:190} INFO - [2025-01-15T11:50:56.851+0800] {override.py:1912} INFO - Created Permission View: can delete on DAG:example_branch_labels
[2025-01-15T11:50:56.853+0800] {logging_mixin.py:190} INFO - [2025-01-15T11:50:56.853+0800] {override.py:1912} INFO - Created Permission View: can read on DAG:example_branch_labels
[2025-01-15T11:50:56.856+0800] {logging_mixin.py:190} INFO - [2025-01-15T11:50:56.856+0800] {override.py:1912} INFO - Created Permission View: can create on DAG Run:example_branch_labels
[2025-01-15T11:50:56.858+0800] {logging_mixin.py:190} INFO - [2025-01-15T11:50:56.858+0800] {override.py:1912} INFO - Created Permission View: menu access on DAG Run:example_branch_labels
[2025-01-15T11:50:56.860+0800] {logging_mixin.py:190} INFO - [2025-01-15T11:50:56.860+0800] {override.py:1912} INFO - Created Permission View: can delete on DAG Run:example_branch_labels
[2025-01-15T11:50:56.862+0800] {logging_mixin.py:190} INFO - [2025-01-15T11:50:56.862+0800] {override.py:1912} INFO - Created Permission View: can read on DAG Run:example_branch_labels
[2025-01-15T11:50:56.862+0800] {logging_mixin.py:190} INFO - [2025-01-15T11:50:56.862+0800] {dag.py:3239} INFO - Sync 1 DAGs
[2025-01-15T11:50:56.866+0800] {logging_mixin.py:190} INFO - [2025-01-15T11:50:56.866+0800] {dag.py:3262} INFO - Creating ORM DAG for example_branch_labels
[2025-01-15T11:50:56.869+0800] {logging_mixin.py:190} INFO - [2025-01-15T11:50:56.869+0800] {dag.py:4180} INFO - Setting next_dagrun for example_branch_labels to 2025-01-14 00:00:00+00:00, run_after=2025-01-15 00:00:00+00:00
[2025-01-15T11:50:56.874+0800] {processor.py:208} INFO - Processing /opt/anaconda3/envs/PyTorch/lib/python3.11/site-packages/airflow/example_dags/example_branch_labels.py took 0.156 seconds
[2025-01-15T11:59:22.651+0800] {processor.py:186} INFO - Started process (PID=19894) to work on /opt/anaconda3/envs/PyTorch/lib/python3.11/site-packages/airflow/example_dags/example_branch_labels.py
[2025-01-15T11:59:22.652+0800] {processor.py:914} INFO - Processing file /opt/anaconda3/envs/PyTorch/lib/python3.11/site-packages/airflow/example_dags/example_branch_labels.py for tasks to queue
[2025-01-15T11:59:22.653+0800] {logging_mixin.py:190} INFO - [2025-01-15T11:59:22.653+0800] {dagbag.py:588} INFO - Filling up the DagBag from /opt/anaconda3/envs/PyTorch/lib/python3.11/site-packages/airflow/example_dags/example_branch_labels.py
[2025-01-15T11:59:22.657+0800] {processor.py:925} INFO - DAG(s) 'example_branch_labels' retrieved from /opt/anaconda3/envs/PyTorch/lib/python3.11/site-packages/airflow/example_dags/example_branch_labels.py
[2025-01-15T11:59:22.693+0800] {logging_mixin.py:190} INFO - [2025-01-15T11:59:22.693+0800] {dag.py:3239} INFO - Sync 1 DAGs
[2025-01-15T11:59:22.700+0800] {logging_mixin.py:190} INFO - [2025-01-15T11:59:22.700+0800] {dag.py:4180} INFO - Setting next_dagrun for example_branch_labels to 2025-01-14 00:00:00+00:00, run_after=2025-01-15 00:00:00+00:00
[2025-01-15T11:59:22.746+0800] {processor.py:208} INFO - Processing /opt/anaconda3/envs/PyTorch/lib/python3.11/site-packages/airflow/example_dags/example_branch_labels.py took 0.097 seconds
[2025-01-15T12:02:17.226+0800] {processor.py:186} INFO - Started process (PID=21426) to work on /opt/anaconda3/envs/PyTorch/lib/python3.11/site-packages/airflow/example_dags/example_branch_labels.py
[2025-01-15T12:02:17.227+0800] {processor.py:914} INFO - Processing file /opt/anaconda3/envs/PyTorch/lib/python3.11/site-packages/airflow/example_dags/example_branch_labels.py for tasks to queue
[2025-01-15T12:02:17.228+0800] {logging_mixin.py:190} INFO - [2025-01-15T12:02:17.228+0800] {dagbag.py:588} INFO - Filling up the DagBag from /opt/anaconda3/envs/PyTorch/lib/python3.11/site-packages/airflow/example_dags/example_branch_labels.py
[2025-01-15T12:02:17.232+0800] {processor.py:925} INFO - DAG(s) 'example_branch_labels' retrieved from /opt/anaconda3/envs/PyTorch/lib/python3.11/site-packages/airflow/example_dags/example_branch_labels.py
[2025-01-15T12:02:17.268+0800] {logging_mixin.py:190} INFO - [2025-01-15T12:02:17.268+0800] {dag.py:3239} INFO - Sync 1 DAGs
[2025-01-15T12:02:17.275+0800] {logging_mixin.py:190} INFO - [2025-01-15T12:02:17.275+0800] {dag.py:4180} INFO - Setting next_dagrun for example_branch_labels to 2025-01-14 00:00:00+00:00, run_after=2025-01-15 00:00:00+00:00
[2025-01-15T12:02:17.319+0800] {processor.py:208} INFO - Processing /opt/anaconda3/envs/PyTorch/lib/python3.11/site-packages/airflow/example_dags/example_branch_labels.py took 0.095 seconds
[2025-01-15T12:05:09.679+0800] {processor.py:186} INFO - Started process (PID=22951) to work on /opt/anaconda3/envs/PyTorch/lib/python3.11/site-packages/airflow/example_dags/example_branch_labels.py
[2025-01-15T12:05:09.681+0800] {processor.py:914} INFO - Processing file /opt/anaconda3/envs/PyTorch/lib/python3.11/site-packages/airflow/example_dags/example_branch_labels.py for tasks to queue
[2025-01-15T12:05:09.681+0800] {logging_mixin.py:190} INFO - [2025-01-15T12:05:09.681+0800] {dagbag.py:588} INFO - Filling up the DagBag from /opt/anaconda3/envs/PyTorch/lib/python3.11/site-packages/airflow/example_dags/example_branch_labels.py
[2025-01-15T12:05:09.686+0800] {processor.py:925} INFO - DAG(s) 'example_branch_labels' retrieved from /opt/anaconda3/envs/PyTorch/lib/python3.11/site-packages/airflow/example_dags/example_branch_labels.py
[2025-01-15T12:05:09.722+0800] {logging_mixin.py:190} INFO - [2025-01-15T12:05:09.722+0800] {dag.py:3239} INFO - Sync 1 DAGs
[2025-01-15T12:05:09.729+0800] {logging_mixin.py:190} INFO - [2025-01-15T12:05:09.729+0800] {dag.py:4180} INFO - Setting next_dagrun for example_branch_labels to 2025-01-14 00:00:00+00:00, run_after=2025-01-15 00:00:00+00:00
[2025-01-15T12:05:09.773+0800] {processor.py:208} INFO - Processing /opt/anaconda3/envs/PyTorch/lib/python3.11/site-packages/airflow/example_dags/example_branch_labels.py took 0.095 seconds
[2025-01-15T12:08:04.585+0800] {processor.py:186} INFO - Started process (PID=24562) to work on /opt/anaconda3/envs/PyTorch/lib/python3.11/site-packages/airflow/example_dags/example_branch_labels.py
[2025-01-15T12:08:04.586+0800] {processor.py:914} INFO - Processing file /opt/anaconda3/envs/PyTorch/lib/python3.11/site-packages/airflow/example_dags/example_branch_labels.py for tasks to queue
[2025-01-15T12:08:04.587+0800] {logging_mixin.py:190} INFO - [2025-01-15T12:08:04.587+0800] {dagbag.py:588} INFO - Filling up the DagBag from /opt/anaconda3/envs/PyTorch/lib/python3.11/site-packages/airflow/example_dags/example_branch_labels.py
[2025-01-15T12:08:04.591+0800] {processor.py:925} INFO - DAG(s) 'example_branch_labels' retrieved from /opt/anaconda3/envs/PyTorch/lib/python3.11/site-packages/airflow/example_dags/example_branch_labels.py
[2025-01-15T12:08:04.628+0800] {logging_mixin.py:190} INFO - [2025-01-15T12:08:04.628+0800] {dag.py:3239} INFO - Sync 1 DAGs
[2025-01-15T12:08:04.635+0800] {logging_mixin.py:190} INFO - [2025-01-15T12:08:04.634+0800] {dag.py:4180} INFO - Setting next_dagrun for example_branch_labels to 2025-01-14 00:00:00+00:00, run_after=2025-01-15 00:00:00+00:00
[2025-01-15T12:08:04.679+0800] {processor.py:208} INFO - Processing /opt/anaconda3/envs/PyTorch/lib/python3.11/site-packages/airflow/example_dags/example_branch_labels.py took 0.096 seconds
[2025-01-15T12:11:01.030+0800] {processor.py:186} INFO - Started process (PID=26141) to work on /opt/anaconda3/envs/PyTorch/lib/python3.11/site-packages/airflow/example_dags/example_branch_labels.py
[2025-01-15T12:11:01.031+0800] {processor.py:914} INFO - Processing file /opt/anaconda3/envs/PyTorch/lib/python3.11/site-packages/airflow/example_dags/example_branch_labels.py for tasks to queue
[2025-01-15T12:11:01.031+0800] {logging_mixin.py:190} INFO - [2025-01-15T12:11:01.031+0800] {dagbag.py:588} INFO - Filling up the DagBag from /opt/anaconda3/envs/PyTorch/lib/python3.11/site-packages/airflow/example_dags/example_branch_labels.py
[2025-01-15T12:11:01.036+0800] {processor.py:925} INFO - DAG(s) 'example_branch_labels' retrieved from /opt/anaconda3/envs/PyTorch/lib/python3.11/site-packages/airflow/example_dags/example_branch_labels.py
[2025-01-15T12:11:01.072+0800] {logging_mixin.py:190} INFO - [2025-01-15T12:11:01.072+0800] {dag.py:3239} INFO - Sync 1 DAGs
[2025-01-15T12:11:01.079+0800] {logging_mixin.py:190} INFO - [2025-01-15T12:11:01.079+0800] {dag.py:4180} INFO - Setting next_dagrun for example_branch_labels to 2025-01-14 00:00:00+00:00, run_after=2025-01-15 00:00:00+00:00
[2025-01-15T12:11:01.122+0800] {processor.py:208} INFO - Processing /opt/anaconda3/envs/PyTorch/lib/python3.11/site-packages/airflow/example_dags/example_branch_labels.py took 0.094 seconds
[2025-01-15T12:13:57.285+0800] {processor.py:186} INFO - Started process (PID=27711) to work on /opt/anaconda3/envs/PyTorch/lib/python3.11/site-packages/airflow/example_dags/example_branch_labels.py
[2025-01-15T12:13:57.286+0800] {processor.py:914} INFO - Processing file /opt/anaconda3/envs/PyTorch/lib/python3.11/site-packages/airflow/example_dags/example_branch_labels.py for tasks to queue
[2025-01-15T12:13:57.287+0800] {logging_mixin.py:190} INFO - [2025-01-15T12:13:57.287+0800] {dagbag.py:588} INFO - Filling up the DagBag from /opt/anaconda3/envs/PyTorch/lib/python3.11/site-packages/airflow/example_dags/example_branch_labels.py
[2025-01-15T12:13:57.291+0800] {processor.py:925} INFO - DAG(s) 'example_branch_labels' retrieved from /opt/anaconda3/envs/PyTorch/lib/python3.11/site-packages/airflow/example_dags/example_branch_labels.py
[2025-01-15T12:13:57.331+0800] {logging_mixin.py:190} INFO - [2025-01-15T12:13:57.330+0800] {dag.py:3239} INFO - Sync 1 DAGs
[2025-01-15T12:13:57.339+0800] {logging_mixin.py:190} INFO - [2025-01-15T12:13:57.338+0800] {dag.py:4180} INFO - Setting next_dagrun for example_branch_labels to 2025-01-14 00:00:00+00:00, run_after=2025-01-15 00:00:00+00:00
[2025-01-15T12:13:57.386+0800] {processor.py:208} INFO - Processing /opt/anaconda3/envs/PyTorch/lib/python3.11/site-packages/airflow/example_dags/example_branch_labels.py took 0.102 seconds
[2025-01-15T12:16:55.062+0800] {processor.py:186} INFO - Started process (PID=29296) to work on /opt/anaconda3/envs/PyTorch/lib/python3.11/site-packages/airflow/example_dags/example_branch_labels.py
[2025-01-15T12:16:55.063+0800] {processor.py:914} INFO - Processing file /opt/anaconda3/envs/PyTorch/lib/python3.11/site-packages/airflow/example_dags/example_branch_labels.py for tasks to queue
[2025-01-15T12:16:55.064+0800] {logging_mixin.py:190} INFO - [2025-01-15T12:16:55.064+0800] {dagbag.py:588} INFO - Filling up the DagBag from /opt/anaconda3/envs/PyTorch/lib/python3.11/site-packages/airflow/example_dags/example_branch_labels.py
[2025-01-15T12:16:55.068+0800] {processor.py:925} INFO - DAG(s) 'example_branch_labels' retrieved from /opt/anaconda3/envs/PyTorch/lib/python3.11/site-packages/airflow/example_dags/example_branch_labels.py
[2025-01-15T12:16:55.104+0800] {logging_mixin.py:190} INFO - [2025-01-15T12:16:55.104+0800] {dag.py:3239} INFO - Sync 1 DAGs
[2025-01-15T12:16:55.111+0800] {logging_mixin.py:190} INFO - [2025-01-15T12:16:55.111+0800] {dag.py:4180} INFO - Setting next_dagrun for example_branch_labels to 2025-01-14 00:00:00+00:00, run_after=2025-01-15 00:00:00+00:00
[2025-01-15T12:16:55.154+0800] {processor.py:208} INFO - Processing /opt/anaconda3/envs/PyTorch/lib/python3.11/site-packages/airflow/example_dags/example_branch_labels.py took 0.094 seconds
[2025-01-15T12:19:51.181+0800] {processor.py:186} INFO - Started process (PID=30851) to work on /opt/anaconda3/envs/PyTorch/lib/python3.11/site-packages/airflow/example_dags/example_branch_labels.py
[2025-01-15T12:19:51.182+0800] {processor.py:914} INFO - Processing file /opt/anaconda3/envs/PyTorch/lib/python3.11/site-packages/airflow/example_dags/example_branch_labels.py for tasks to queue
[2025-01-15T12:19:51.182+0800] {logging_mixin.py:190} INFO - [2025-01-15T12:19:51.182+0800] {dagbag.py:588} INFO - Filling up the DagBag from /opt/anaconda3/envs/PyTorch/lib/python3.11/site-packages/airflow/example_dags/example_branch_labels.py
[2025-01-15T12:19:51.186+0800] {processor.py:925} INFO - DAG(s) 'example_branch_labels' retrieved from /opt/anaconda3/envs/PyTorch/lib/python3.11/site-packages/airflow/example_dags/example_branch_labels.py
[2025-01-15T12:19:51.226+0800] {logging_mixin.py:190} INFO - [2025-01-15T12:19:51.226+0800] {dag.py:3239} INFO - Sync 1 DAGs
[2025-01-15T12:19:51.233+0800] {logging_mixin.py:190} INFO - [2025-01-15T12:19:51.233+0800] {dag.py:4180} INFO - Setting next_dagrun for example_branch_labels to 2025-01-14 00:00:00+00:00, run_after=2025-01-15 00:00:00+00:00
[2025-01-15T12:19:51.278+0800] {processor.py:208} INFO - Processing /opt/anaconda3/envs/PyTorch/lib/python3.11/site-packages/airflow/example_dags/example_branch_labels.py took 0.099 seconds
[2025-01-15T12:22:56.610+0800] {processor.py:186} INFO - Started process (PID=32474) to work on /opt/anaconda3/envs/PyTorch/lib/python3.11/site-packages/airflow/example_dags/example_branch_labels.py
[2025-01-15T12:22:56.611+0800] {processor.py:914} INFO - Processing file /opt/anaconda3/envs/PyTorch/lib/python3.11/site-packages/airflow/example_dags/example_branch_labels.py for tasks to queue
[2025-01-15T12:22:56.612+0800] {logging_mixin.py:190} INFO - [2025-01-15T12:22:56.612+0800] {dagbag.py:588} INFO - Filling up the DagBag from /opt/anaconda3/envs/PyTorch/lib/python3.11/site-packages/airflow/example_dags/example_branch_labels.py
[2025-01-15T12:22:56.616+0800] {processor.py:925} INFO - DAG(s) 'example_branch_labels' retrieved from /opt/anaconda3/envs/PyTorch/lib/python3.11/site-packages/airflow/example_dags/example_branch_labels.py
[2025-01-15T12:22:56.653+0800] {logging_mixin.py:190} INFO - [2025-01-15T12:22:56.652+0800] {dag.py:3239} INFO - Sync 1 DAGs
[2025-01-15T12:22:56.660+0800] {logging_mixin.py:190} INFO - [2025-01-15T12:22:56.660+0800] {dag.py:4180} INFO - Setting next_dagrun for example_branch_labels to 2025-01-14 00:00:00+00:00, run_after=2025-01-15 00:00:00+00:00
[2025-01-15T12:22:56.705+0800] {processor.py:208} INFO - Processing /opt/anaconda3/envs/PyTorch/lib/python3.11/site-packages/airflow/example_dags/example_branch_labels.py took 0.096 seconds
[2025-01-15T12:25:54.998+0800] {processor.py:186} INFO - Started process (PID=34050) to work on /opt/anaconda3/envs/PyTorch/lib/python3.11/site-packages/airflow/example_dags/example_branch_labels.py
[2025-01-15T12:25:54.999+0800] {processor.py:914} INFO - Processing file /opt/anaconda3/envs/PyTorch/lib/python3.11/site-packages/airflow/example_dags/example_branch_labels.py for tasks to queue
[2025-01-15T12:25:54.999+0800] {logging_mixin.py:190} INFO - [2025-01-15T12:25:54.999+0800] {dagbag.py:588} INFO - Filling up the DagBag from /opt/anaconda3/envs/PyTorch/lib/python3.11/site-packages/airflow/example_dags/example_branch_labels.py
[2025-01-15T12:25:55.004+0800] {processor.py:925} INFO - DAG(s) 'example_branch_labels' retrieved from /opt/anaconda3/envs/PyTorch/lib/python3.11/site-packages/airflow/example_dags/example_branch_labels.py
[2025-01-15T12:25:55.044+0800] {logging_mixin.py:190} INFO - [2025-01-15T12:25:55.044+0800] {dag.py:3239} INFO - Sync 1 DAGs
[2025-01-15T12:25:55.051+0800] {logging_mixin.py:190} INFO - [2025-01-15T12:25:55.051+0800] {dag.py:4180} INFO - Setting next_dagrun for example_branch_labels to 2025-01-14 00:00:00+00:00, run_after=2025-01-15 00:00:00+00:00
[2025-01-15T12:25:55.097+0800] {processor.py:208} INFO - Processing /opt/anaconda3/envs/PyTorch/lib/python3.11/site-packages/airflow/example_dags/example_branch_labels.py took 0.101 seconds
[2025-01-15T12:28:52.217+0800] {processor.py:186} INFO - Started process (PID=35617) to work on /opt/anaconda3/envs/PyTorch/lib/python3.11/site-packages/airflow/example_dags/example_branch_labels.py
[2025-01-15T12:28:52.219+0800] {processor.py:914} INFO - Processing file /opt/anaconda3/envs/PyTorch/lib/python3.11/site-packages/airflow/example_dags/example_branch_labels.py for tasks to queue
[2025-01-15T12:28:52.219+0800] {logging_mixin.py:190} INFO - [2025-01-15T12:28:52.219+0800] {dagbag.py:588} INFO - Filling up the DagBag from /opt/anaconda3/envs/PyTorch/lib/python3.11/site-packages/airflow/example_dags/example_branch_labels.py
[2025-01-15T12:28:52.223+0800] {processor.py:925} INFO - DAG(s) 'example_branch_labels' retrieved from /opt/anaconda3/envs/PyTorch/lib/python3.11/site-packages/airflow/example_dags/example_branch_labels.py
[2025-01-15T12:28:52.261+0800] {logging_mixin.py:190} INFO - [2025-01-15T12:28:52.261+0800] {dag.py:3239} INFO - Sync 1 DAGs
[2025-01-15T12:28:52.269+0800] {logging_mixin.py:190} INFO - [2025-01-15T12:28:52.268+0800] {dag.py:4180} INFO - Setting next_dagrun for example_branch_labels to 2025-01-14 00:00:00+00:00, run_after=2025-01-15 00:00:00+00:00
[2025-01-15T12:28:52.313+0800] {processor.py:208} INFO - Processing /opt/anaconda3/envs/PyTorch/lib/python3.11/site-packages/airflow/example_dags/example_branch_labels.py took 0.097 seconds
[2025-01-15T12:31:48.149+0800] {processor.py:186} INFO - Started process (PID=37144) to work on /opt/anaconda3/envs/PyTorch/lib/python3.11/site-packages/airflow/example_dags/example_branch_labels.py
[2025-01-15T12:31:48.150+0800] {processor.py:914} INFO - Processing file /opt/anaconda3/envs/PyTorch/lib/python3.11/site-packages/airflow/example_dags/example_branch_labels.py for tasks to queue
[2025-01-15T12:31:48.151+0800] {logging_mixin.py:190} INFO - [2025-01-15T12:31:48.151+0800] {dagbag.py:588} INFO - Filling up the DagBag from /opt/anaconda3/envs/PyTorch/lib/python3.11/site-packages/airflow/example_dags/example_branch_labels.py
[2025-01-15T12:31:48.155+0800] {processor.py:925} INFO - DAG(s) 'example_branch_labels' retrieved from /opt/anaconda3/envs/PyTorch/lib/python3.11/site-packages/airflow/example_dags/example_branch_labels.py
[2025-01-15T12:31:48.191+0800] {logging_mixin.py:190} INFO - [2025-01-15T12:31:48.191+0800] {dag.py:3239} INFO - Sync 1 DAGs
[2025-01-15T12:31:48.198+0800] {logging_mixin.py:190} INFO - [2025-01-15T12:31:48.198+0800] {dag.py:4180} INFO - Setting next_dagrun for example_branch_labels to 2025-01-14 00:00:00+00:00, run_after=2025-01-15 00:00:00+00:00
[2025-01-15T12:31:48.241+0800] {processor.py:208} INFO - Processing /opt/anaconda3/envs/PyTorch/lib/python3.11/site-packages/airflow/example_dags/example_branch_labels.py took 0.094 seconds
[2025-01-15T12:34:43.380+0800] {processor.py:186} INFO - Started process (PID=38713) to work on /opt/anaconda3/envs/PyTorch/lib/python3.11/site-packages/airflow/example_dags/example_branch_labels.py
[2025-01-15T12:34:43.381+0800] {processor.py:914} INFO - Processing file /opt/anaconda3/envs/PyTorch/lib/python3.11/site-packages/airflow/example_dags/example_branch_labels.py for tasks to queue
[2025-01-15T12:34:43.381+0800] {logging_mixin.py:190} INFO - [2025-01-15T12:34:43.381+0800] {dagbag.py:588} INFO - Filling up the DagBag from /opt/anaconda3/envs/PyTorch/lib/python3.11/site-packages/airflow/example_dags/example_branch_labels.py
[2025-01-15T12:34:43.386+0800] {processor.py:925} INFO - DAG(s) 'example_branch_labels' retrieved from /opt/anaconda3/envs/PyTorch/lib/python3.11/site-packages/airflow/example_dags/example_branch_labels.py
[2025-01-15T12:34:43.422+0800] {logging_mixin.py:190} INFO - [2025-01-15T12:34:43.422+0800] {dag.py:3239} INFO - Sync 1 DAGs
[2025-01-15T12:34:43.429+0800] {logging_mixin.py:190} INFO - [2025-01-15T12:34:43.429+0800] {dag.py:4180} INFO - Setting next_dagrun for example_branch_labels to 2025-01-14 00:00:00+00:00, run_after=2025-01-15 00:00:00+00:00
[2025-01-15T12:34:43.474+0800] {processor.py:208} INFO - Processing /opt/anaconda3/envs/PyTorch/lib/python3.11/site-packages/airflow/example_dags/example_branch_labels.py took 0.096 seconds
[2025-01-15T12:37:42.350+0800] {processor.py:186} INFO - Started process (PID=40274) to work on /opt/anaconda3/envs/PyTorch/lib/python3.11/site-packages/airflow/example_dags/example_branch_labels.py
[2025-01-15T12:37:42.350+0800] {processor.py:914} INFO - Processing file /opt/anaconda3/envs/PyTorch/lib/python3.11/site-packages/airflow/example_dags/example_branch_labels.py for tasks to queue
[2025-01-15T12:37:42.351+0800] {logging_mixin.py:190} INFO - [2025-01-15T12:37:42.351+0800] {dagbag.py:588} INFO - Filling up the DagBag from /opt/anaconda3/envs/PyTorch/lib/python3.11/site-packages/airflow/example_dags/example_branch_labels.py
[2025-01-15T12:37:42.355+0800] {processor.py:925} INFO - DAG(s) 'example_branch_labels' retrieved from /opt/anaconda3/envs/PyTorch/lib/python3.11/site-packages/airflow/example_dags/example_branch_labels.py
[2025-01-15T12:37:42.392+0800] {logging_mixin.py:190} INFO - [2025-01-15T12:37:42.392+0800] {dag.py:3239} INFO - Sync 1 DAGs
[2025-01-15T12:37:42.399+0800] {logging_mixin.py:190} INFO - [2025-01-15T12:37:42.399+0800] {dag.py:4180} INFO - Setting next_dagrun for example_branch_labels to 2025-01-14 00:00:00+00:00, run_after=2025-01-15 00:00:00+00:00
[2025-01-15T12:37:42.443+0800] {processor.py:208} INFO - Processing /opt/anaconda3/envs/PyTorch/lib/python3.11/site-packages/airflow/example_dags/example_branch_labels.py took 0.095 seconds
[2025-01-15T12:40:37.392+0800] {processor.py:186} INFO - Started process (PID=41842) to work on /opt/anaconda3/envs/PyTorch/lib/python3.11/site-packages/airflow/example_dags/example_branch_labels.py
[2025-01-15T12:40:37.393+0800] {processor.py:914} INFO - Processing file /opt/anaconda3/envs/PyTorch/lib/python3.11/site-packages/airflow/example_dags/example_branch_labels.py for tasks to queue
[2025-01-15T12:40:37.394+0800] {logging_mixin.py:190} INFO - [2025-01-15T12:40:37.393+0800] {dagbag.py:588} INFO - Filling up the DagBag from /opt/anaconda3/envs/PyTorch/lib/python3.11/site-packages/airflow/example_dags/example_branch_labels.py
[2025-01-15T12:40:37.398+0800] {processor.py:925} INFO - DAG(s) 'example_branch_labels' retrieved from /opt/anaconda3/envs/PyTorch/lib/python3.11/site-packages/airflow/example_dags/example_branch_labels.py
[2025-01-15T12:40:37.435+0800] {logging_mixin.py:190} INFO - [2025-01-15T12:40:37.434+0800] {dag.py:3239} INFO - Sync 1 DAGs
[2025-01-15T12:40:37.442+0800] {logging_mixin.py:190} INFO - [2025-01-15T12:40:37.441+0800] {dag.py:4180} INFO - Setting next_dagrun for example_branch_labels to 2025-01-14 00:00:00+00:00, run_after=2025-01-15 00:00:00+00:00
[2025-01-15T12:40:37.489+0800] {processor.py:208} INFO - Processing /opt/anaconda3/envs/PyTorch/lib/python3.11/site-packages/airflow/example_dags/example_branch_labels.py took 0.099 seconds
[2025-01-15T12:43:37.243+0800] {processor.py:186} INFO - Started process (PID=43444) to work on /opt/anaconda3/envs/PyTorch/lib/python3.11/site-packages/airflow/example_dags/example_branch_labels.py
[2025-01-15T12:43:37.244+0800] {processor.py:914} INFO - Processing file /opt/anaconda3/envs/PyTorch/lib/python3.11/site-packages/airflow/example_dags/example_branch_labels.py for tasks to queue
[2025-01-15T12:43:37.245+0800] {logging_mixin.py:190} INFO - [2025-01-15T12:43:37.245+0800] {dagbag.py:588} INFO - Filling up the DagBag from /opt/anaconda3/envs/PyTorch/lib/python3.11/site-packages/airflow/example_dags/example_branch_labels.py
[2025-01-15T12:43:37.249+0800] {processor.py:925} INFO - DAG(s) 'example_branch_labels' retrieved from /opt/anaconda3/envs/PyTorch/lib/python3.11/site-packages/airflow/example_dags/example_branch_labels.py
[2025-01-15T12:43:37.286+0800] {logging_mixin.py:190} INFO - [2025-01-15T12:43:37.286+0800] {dag.py:3239} INFO - Sync 1 DAGs
[2025-01-15T12:43:37.293+0800] {logging_mixin.py:190} INFO - [2025-01-15T12:43:37.293+0800] {dag.py:4180} INFO - Setting next_dagrun for example_branch_labels to 2025-01-14 00:00:00+00:00, run_after=2025-01-15 00:00:00+00:00
[2025-01-15T12:43:37.339+0800] {processor.py:208} INFO - Processing /opt/anaconda3/envs/PyTorch/lib/python3.11/site-packages/airflow/example_dags/example_branch_labels.py took 0.099 seconds
[2025-01-15T12:46:38.608+0800] {processor.py:186} INFO - Started process (PID=45126) to work on /opt/anaconda3/envs/PyTorch/lib/python3.11/site-packages/airflow/example_dags/example_branch_labels.py
[2025-01-15T12:46:38.610+0800] {processor.py:914} INFO - Processing file /opt/anaconda3/envs/PyTorch/lib/python3.11/site-packages/airflow/example_dags/example_branch_labels.py for tasks to queue
[2025-01-15T12:46:38.610+0800] {logging_mixin.py:190} INFO - [2025-01-15T12:46:38.610+0800] {dagbag.py:588} INFO - Filling up the DagBag from /opt/anaconda3/envs/PyTorch/lib/python3.11/site-packages/airflow/example_dags/example_branch_labels.py
[2025-01-15T12:46:38.615+0800] {processor.py:925} INFO - DAG(s) 'example_branch_labels' retrieved from /opt/anaconda3/envs/PyTorch/lib/python3.11/site-packages/airflow/example_dags/example_branch_labels.py
[2025-01-15T12:46:38.654+0800] {logging_mixin.py:190} INFO - [2025-01-15T12:46:38.654+0800] {dag.py:3239} INFO - Sync 1 DAGs
[2025-01-15T12:46:38.661+0800] {logging_mixin.py:190} INFO - [2025-01-15T12:46:38.661+0800] {dag.py:4180} INFO - Setting next_dagrun for example_branch_labels to 2025-01-14 00:00:00+00:00, run_after=2025-01-15 00:00:00+00:00
[2025-01-15T12:46:38.708+0800] {processor.py:208} INFO - Processing /opt/anaconda3/envs/PyTorch/lib/python3.11/site-packages/airflow/example_dags/example_branch_labels.py took 0.102 seconds
[2025-01-15T12:49:35.057+0800] {processor.py:186} INFO - Started process (PID=46705) to work on /opt/anaconda3/envs/PyTorch/lib/python3.11/site-packages/airflow/example_dags/example_branch_labels.py
[2025-01-15T12:49:35.059+0800] {processor.py:914} INFO - Processing file /opt/anaconda3/envs/PyTorch/lib/python3.11/site-packages/airflow/example_dags/example_branch_labels.py for tasks to queue
[2025-01-15T12:49:35.059+0800] {logging_mixin.py:190} INFO - [2025-01-15T12:49:35.059+0800] {dagbag.py:588} INFO - Filling up the DagBag from /opt/anaconda3/envs/PyTorch/lib/python3.11/site-packages/airflow/example_dags/example_branch_labels.py
[2025-01-15T12:49:35.064+0800] {processor.py:925} INFO - DAG(s) 'example_branch_labels' retrieved from /opt/anaconda3/envs/PyTorch/lib/python3.11/site-packages/airflow/example_dags/example_branch_labels.py
[2025-01-15T12:49:35.100+0800] {logging_mixin.py:190} INFO - [2025-01-15T12:49:35.100+0800] {dag.py:3239} INFO - Sync 1 DAGs
[2025-01-15T12:49:35.107+0800] {logging_mixin.py:190} INFO - [2025-01-15T12:49:35.107+0800] {dag.py:4180} INFO - Setting next_dagrun for example_branch_labels to 2025-01-14 00:00:00+00:00, run_after=2025-01-15 00:00:00+00:00
[2025-01-15T12:49:35.152+0800] {processor.py:208} INFO - Processing /opt/anaconda3/envs/PyTorch/lib/python3.11/site-packages/airflow/example_dags/example_branch_labels.py took 0.097 seconds
[2025-01-15T12:52:35.527+0800] {processor.py:186} INFO - Started process (PID=48276) to work on /opt/anaconda3/envs/PyTorch/lib/python3.11/site-packages/airflow/example_dags/example_branch_labels.py
[2025-01-15T12:52:35.527+0800] {processor.py:914} INFO - Processing file /opt/anaconda3/envs/PyTorch/lib/python3.11/site-packages/airflow/example_dags/example_branch_labels.py for tasks to queue
[2025-01-15T12:52:35.528+0800] {logging_mixin.py:190} INFO - [2025-01-15T12:52:35.528+0800] {dagbag.py:588} INFO - Filling up the DagBag from /opt/anaconda3/envs/PyTorch/lib/python3.11/site-packages/airflow/example_dags/example_branch_labels.py
[2025-01-15T12:52:35.533+0800] {processor.py:925} INFO - DAG(s) 'example_branch_labels' retrieved from /opt/anaconda3/envs/PyTorch/lib/python3.11/site-packages/airflow/example_dags/example_branch_labels.py
[2025-01-15T12:52:35.571+0800] {logging_mixin.py:190} INFO - [2025-01-15T12:52:35.571+0800] {dag.py:3239} INFO - Sync 1 DAGs
[2025-01-15T12:52:35.579+0800] {logging_mixin.py:190} INFO - [2025-01-15T12:52:35.579+0800] {dag.py:4180} INFO - Setting next_dagrun for example_branch_labels to 2025-01-14 00:00:00+00:00, run_after=2025-01-15 00:00:00+00:00
[2025-01-15T12:52:35.628+0800] {processor.py:208} INFO - Processing /opt/anaconda3/envs/PyTorch/lib/python3.11/site-packages/airflow/example_dags/example_branch_labels.py took 0.103 seconds
[2025-01-15T12:55:38.836+0800] {processor.py:186} INFO - Started process (PID=49966) to work on /opt/anaconda3/envs/PyTorch/lib/python3.11/site-packages/airflow/example_dags/example_branch_labels.py
[2025-01-15T12:55:38.838+0800] {processor.py:914} INFO - Processing file /opt/anaconda3/envs/PyTorch/lib/python3.11/site-packages/airflow/example_dags/example_branch_labels.py for tasks to queue
[2025-01-15T12:55:38.838+0800] {logging_mixin.py:190} INFO - [2025-01-15T12:55:38.838+0800] {dagbag.py:588} INFO - Filling up the DagBag from /opt/anaconda3/envs/PyTorch/lib/python3.11/site-packages/airflow/example_dags/example_branch_labels.py
[2025-01-15T12:55:38.843+0800] {processor.py:925} INFO - DAG(s) 'example_branch_labels' retrieved from /opt/anaconda3/envs/PyTorch/lib/python3.11/site-packages/airflow/example_dags/example_branch_labels.py
[2025-01-15T12:55:38.880+0800] {logging_mixin.py:190} INFO - [2025-01-15T12:55:38.880+0800] {dag.py:3239} INFO - Sync 1 DAGs
[2025-01-15T12:55:38.887+0800] {logging_mixin.py:190} INFO - [2025-01-15T12:55:38.887+0800] {dag.py:4180} INFO - Setting next_dagrun for example_branch_labels to 2025-01-14 00:00:00+00:00, run_after=2025-01-15 00:00:00+00:00
[2025-01-15T12:55:38.934+0800] {processor.py:208} INFO - Processing /opt/anaconda3/envs/PyTorch/lib/python3.11/site-packages/airflow/example_dags/example_branch_labels.py took 0.099 seconds
[2025-01-15T12:58:40.352+0800] {processor.py:186} INFO - Started process (PID=51567) to work on /opt/anaconda3/envs/PyTorch/lib/python3.11/site-packages/airflow/example_dags/example_branch_labels.py
[2025-01-15T12:58:40.353+0800] {processor.py:914} INFO - Processing file /opt/anaconda3/envs/PyTorch/lib/python3.11/site-packages/airflow/example_dags/example_branch_labels.py for tasks to queue
[2025-01-15T12:58:40.353+0800] {logging_mixin.py:190} INFO - [2025-01-15T12:58:40.353+0800] {dagbag.py:588} INFO - Filling up the DagBag from /opt/anaconda3/envs/PyTorch/lib/python3.11/site-packages/airflow/example_dags/example_branch_labels.py
[2025-01-15T12:58:40.358+0800] {processor.py:925} INFO - DAG(s) 'example_branch_labels' retrieved from /opt/anaconda3/envs/PyTorch/lib/python3.11/site-packages/airflow/example_dags/example_branch_labels.py
[2025-01-15T12:58:40.394+0800] {logging_mixin.py:190} INFO - [2025-01-15T12:58:40.393+0800] {dag.py:3239} INFO - Sync 1 DAGs
[2025-01-15T12:58:40.401+0800] {logging_mixin.py:190} INFO - [2025-01-15T12:58:40.401+0800] {dag.py:4180} INFO - Setting next_dagrun for example_branch_labels to 2025-01-14 00:00:00+00:00, run_after=2025-01-15 00:00:00+00:00
[2025-01-15T12:58:40.444+0800] {processor.py:208} INFO - Processing /opt/anaconda3/envs/PyTorch/lib/python3.11/site-packages/airflow/example_dags/example_branch_labels.py took 0.094 seconds
[2025-01-15T13:01:42.651+0800] {processor.py:186} INFO - Started process (PID=53222) to work on /opt/anaconda3/envs/PyTorch/lib/python3.11/site-packages/airflow/example_dags/example_branch_labels.py
[2025-01-15T13:01:42.652+0800] {processor.py:914} INFO - Processing file /opt/anaconda3/envs/PyTorch/lib/python3.11/site-packages/airflow/example_dags/example_branch_labels.py for tasks to queue
[2025-01-15T13:01:42.653+0800] {logging_mixin.py:190} INFO - [2025-01-15T13:01:42.653+0800] {dagbag.py:588} INFO - Filling up the DagBag from /opt/anaconda3/envs/PyTorch/lib/python3.11/site-packages/airflow/example_dags/example_branch_labels.py
[2025-01-15T13:01:42.657+0800] {processor.py:925} INFO - DAG(s) 'example_branch_labels' retrieved from /opt/anaconda3/envs/PyTorch/lib/python3.11/site-packages/airflow/example_dags/example_branch_labels.py
[2025-01-15T13:01:42.693+0800] {logging_mixin.py:190} INFO - [2025-01-15T13:01:42.693+0800] {dag.py:3239} INFO - Sync 1 DAGs
[2025-01-15T13:01:42.700+0800] {logging_mixin.py:190} INFO - [2025-01-15T13:01:42.700+0800] {dag.py:4180} INFO - Setting next_dagrun for example_branch_labels to 2025-01-14 00:00:00+00:00, run_after=2025-01-15 00:00:00+00:00
[2025-01-15T13:01:42.745+0800] {processor.py:208} INFO - Processing /opt/anaconda3/envs/PyTorch/lib/python3.11/site-packages/airflow/example_dags/example_branch_labels.py took 0.097 seconds
[2025-01-15T13:04:51.615+0800] {processor.py:186} INFO - Started process (PID=54965) to work on /opt/anaconda3/envs/PyTorch/lib/python3.11/site-packages/airflow/example_dags/example_branch_labels.py
[2025-01-15T13:04:51.616+0800] {processor.py:914} INFO - Processing file /opt/anaconda3/envs/PyTorch/lib/python3.11/site-packages/airflow/example_dags/example_branch_labels.py for tasks to queue
[2025-01-15T13:04:51.616+0800] {logging_mixin.py:190} INFO - [2025-01-15T13:04:51.616+0800] {dagbag.py:588} INFO - Filling up the DagBag from /opt/anaconda3/envs/PyTorch/lib/python3.11/site-packages/airflow/example_dags/example_branch_labels.py
[2025-01-15T13:04:51.622+0800] {processor.py:925} INFO - DAG(s) 'example_branch_labels' retrieved from /opt/anaconda3/envs/PyTorch/lib/python3.11/site-packages/airflow/example_dags/example_branch_labels.py
[2025-01-15T13:04:51.662+0800] {logging_mixin.py:190} INFO - [2025-01-15T13:04:51.662+0800] {dag.py:3239} INFO - Sync 1 DAGs
[2025-01-15T13:04:51.671+0800] {logging_mixin.py:190} INFO - [2025-01-15T13:04:51.671+0800] {dag.py:4180} INFO - Setting next_dagrun for example_branch_labels to 2025-01-14 00:00:00+00:00, run_after=2025-01-15 00:00:00+00:00
[2025-01-15T13:04:51.725+0800] {processor.py:208} INFO - Processing /opt/anaconda3/envs/PyTorch/lib/python3.11/site-packages/airflow/example_dags/example_branch_labels.py took 0.112 seconds
[2025-01-15T13:07:58.031+0800] {processor.py:186} INFO - Started process (PID=56679) to work on /opt/anaconda3/envs/PyTorch/lib/python3.11/site-packages/airflow/example_dags/example_branch_labels.py
[2025-01-15T13:07:58.032+0800] {processor.py:914} INFO - Processing file /opt/anaconda3/envs/PyTorch/lib/python3.11/site-packages/airflow/example_dags/example_branch_labels.py for tasks to queue
[2025-01-15T13:07:58.033+0800] {logging_mixin.py:190} INFO - [2025-01-15T13:07:58.033+0800] {dagbag.py:588} INFO - Filling up the DagBag from /opt/anaconda3/envs/PyTorch/lib/python3.11/site-packages/airflow/example_dags/example_branch_labels.py
[2025-01-15T13:07:58.037+0800] {processor.py:925} INFO - DAG(s) 'example_branch_labels' retrieved from /opt/anaconda3/envs/PyTorch/lib/python3.11/site-packages/airflow/example_dags/example_branch_labels.py
[2025-01-15T13:07:58.074+0800] {logging_mixin.py:190} INFO - [2025-01-15T13:07:58.074+0800] {dag.py:3239} INFO - Sync 1 DAGs
[2025-01-15T13:07:58.081+0800] {logging_mixin.py:190} INFO - [2025-01-15T13:07:58.081+0800] {dag.py:4180} INFO - Setting next_dagrun for example_branch_labels to 2025-01-14 00:00:00+00:00, run_after=2025-01-15 00:00:00+00:00
[2025-01-15T13:07:58.125+0800] {processor.py:208} INFO - Processing /opt/anaconda3/envs/PyTorch/lib/python3.11/site-packages/airflow/example_dags/example_branch_labels.py took 0.096 seconds
[2025-01-15T13:11:01.341+0800] {processor.py:186} INFO - Started process (PID=58434) to work on /opt/anaconda3/envs/PyTorch/lib/python3.11/site-packages/airflow/example_dags/example_branch_labels.py
[2025-01-15T13:11:01.342+0800] {processor.py:914} INFO - Processing file /opt/anaconda3/envs/PyTorch/lib/python3.11/site-packages/airflow/example_dags/example_branch_labels.py for tasks to queue
[2025-01-15T13:11:01.342+0800] {logging_mixin.py:190} INFO - [2025-01-15T13:11:01.342+0800] {dagbag.py:588} INFO - Filling up the DagBag from /opt/anaconda3/envs/PyTorch/lib/python3.11/site-packages/airflow/example_dags/example_branch_labels.py
[2025-01-15T13:11:01.347+0800] {processor.py:925} INFO - DAG(s) 'example_branch_labels' retrieved from /opt/anaconda3/envs/PyTorch/lib/python3.11/site-packages/airflow/example_dags/example_branch_labels.py
[2025-01-15T13:11:01.385+0800] {logging_mixin.py:190} INFO - [2025-01-15T13:11:01.385+0800] {dag.py:3239} INFO - Sync 1 DAGs
[2025-01-15T13:11:01.393+0800] {logging_mixin.py:190} INFO - [2025-01-15T13:11:01.393+0800] {dag.py:4180} INFO - Setting next_dagrun for example_branch_labels to 2025-01-14 00:00:00+00:00, run_after=2025-01-15 00:00:00+00:00
[2025-01-15T13:11:01.439+0800] {processor.py:208} INFO - Processing /opt/anaconda3/envs/PyTorch/lib/python3.11/site-packages/airflow/example_dags/example_branch_labels.py took 0.101 seconds
[2025-01-15T13:14:01.142+0800] {processor.py:186} INFO - Started process (PID=60050) to work on /opt/anaconda3/envs/PyTorch/lib/python3.11/site-packages/airflow/example_dags/example_branch_labels.py
[2025-01-15T13:14:01.143+0800] {processor.py:914} INFO - Processing file /opt/anaconda3/envs/PyTorch/lib/python3.11/site-packages/airflow/example_dags/example_branch_labels.py for tasks to queue
[2025-01-15T13:14:01.144+0800] {logging_mixin.py:190} INFO - [2025-01-15T13:14:01.144+0800] {dagbag.py:588} INFO - Filling up the DagBag from /opt/anaconda3/envs/PyTorch/lib/python3.11/site-packages/airflow/example_dags/example_branch_labels.py
[2025-01-15T13:14:01.148+0800] {processor.py:925} INFO - DAG(s) 'example_branch_labels' retrieved from /opt/anaconda3/envs/PyTorch/lib/python3.11/site-packages/airflow/example_dags/example_branch_labels.py
[2025-01-15T13:14:01.185+0800] {logging_mixin.py:190} INFO - [2025-01-15T13:14:01.185+0800] {dag.py:3239} INFO - Sync 1 DAGs
[2025-01-15T13:14:01.192+0800] {logging_mixin.py:190} INFO - [2025-01-15T13:14:01.192+0800] {dag.py:4180} INFO - Setting next_dagrun for example_branch_labels to 2025-01-14 00:00:00+00:00, run_after=2025-01-15 00:00:00+00:00
[2025-01-15T13:14:01.236+0800] {processor.py:208} INFO - Processing /opt/anaconda3/envs/PyTorch/lib/python3.11/site-packages/airflow/example_dags/example_branch_labels.py took 0.096 seconds
[2025-01-15T13:17:03.415+0800] {processor.py:186} INFO - Started process (PID=61658) to work on /opt/anaconda3/envs/PyTorch/lib/python3.11/site-packages/airflow/example_dags/example_branch_labels.py
[2025-01-15T13:17:03.416+0800] {processor.py:914} INFO - Processing file /opt/anaconda3/envs/PyTorch/lib/python3.11/site-packages/airflow/example_dags/example_branch_labels.py for tasks to queue
[2025-01-15T13:17:03.417+0800] {logging_mixin.py:190} INFO - [2025-01-15T13:17:03.417+0800] {dagbag.py:588} INFO - Filling up the DagBag from /opt/anaconda3/envs/PyTorch/lib/python3.11/site-packages/airflow/example_dags/example_branch_labels.py
[2025-01-15T13:17:03.421+0800] {processor.py:925} INFO - DAG(s) 'example_branch_labels' retrieved from /opt/anaconda3/envs/PyTorch/lib/python3.11/site-packages/airflow/example_dags/example_branch_labels.py
[2025-01-15T13:17:03.460+0800] {logging_mixin.py:190} INFO - [2025-01-15T13:17:03.460+0800] {dag.py:3239} INFO - Sync 1 DAGs
[2025-01-15T13:17:03.467+0800] {logging_mixin.py:190} INFO - [2025-01-15T13:17:03.467+0800] {dag.py:4180} INFO - Setting next_dagrun for example_branch_labels to 2025-01-14 00:00:00+00:00, run_after=2025-01-15 00:00:00+00:00
[2025-01-15T13:17:03.513+0800] {processor.py:208} INFO - Processing /opt/anaconda3/envs/PyTorch/lib/python3.11/site-packages/airflow/example_dags/example_branch_labels.py took 0.099 seconds
[2025-01-15T13:20:16.775+0800] {processor.py:186} INFO - Started process (PID=63442) to work on /opt/anaconda3/envs/PyTorch/lib/python3.11/site-packages/airflow/example_dags/example_branch_labels.py
[2025-01-15T13:20:16.776+0800] {processor.py:914} INFO - Processing file /opt/anaconda3/envs/PyTorch/lib/python3.11/site-packages/airflow/example_dags/example_branch_labels.py for tasks to queue
[2025-01-15T13:20:16.777+0800] {logging_mixin.py:190} INFO - [2025-01-15T13:20:16.777+0800] {dagbag.py:588} INFO - Filling up the DagBag from /opt/anaconda3/envs/PyTorch/lib/python3.11/site-packages/airflow/example_dags/example_branch_labels.py
[2025-01-15T13:20:16.782+0800] {processor.py:925} INFO - DAG(s) 'example_branch_labels' retrieved from /opt/anaconda3/envs/PyTorch/lib/python3.11/site-packages/airflow/example_dags/example_branch_labels.py
[2025-01-15T13:20:16.819+0800] {logging_mixin.py:190} INFO - [2025-01-15T13:20:16.819+0800] {dag.py:3239} INFO - Sync 1 DAGs
[2025-01-15T13:20:16.826+0800] {logging_mixin.py:190} INFO - [2025-01-15T13:20:16.826+0800] {dag.py:4180} INFO - Setting next_dagrun for example_branch_labels to 2025-01-14 00:00:00+00:00, run_after=2025-01-15 00:00:00+00:00
[2025-01-15T13:20:16.870+0800] {processor.py:208} INFO - Processing /opt/anaconda3/envs/PyTorch/lib/python3.11/site-packages/airflow/example_dags/example_branch_labels.py took 0.098 seconds
[2025-01-15T13:23:22.640+0800] {processor.py:186} INFO - Started process (PID=65158) to work on /opt/anaconda3/envs/PyTorch/lib/python3.11/site-packages/airflow/example_dags/example_branch_labels.py
[2025-01-15T13:23:22.640+0800] {processor.py:914} INFO - Processing file /opt/anaconda3/envs/PyTorch/lib/python3.11/site-packages/airflow/example_dags/example_branch_labels.py for tasks to queue
[2025-01-15T13:23:22.641+0800] {logging_mixin.py:190} INFO - [2025-01-15T13:23:22.641+0800] {dagbag.py:588} INFO - Filling up the DagBag from /opt/anaconda3/envs/PyTorch/lib/python3.11/site-packages/airflow/example_dags/example_branch_labels.py
[2025-01-15T13:23:22.646+0800] {processor.py:925} INFO - DAG(s) 'example_branch_labels' retrieved from /opt/anaconda3/envs/PyTorch/lib/python3.11/site-packages/airflow/example_dags/example_branch_labels.py
[2025-01-15T13:23:22.686+0800] {logging_mixin.py:190} INFO - [2025-01-15T13:23:22.685+0800] {dag.py:3239} INFO - Sync 1 DAGs
[2025-01-15T13:23:22.693+0800] {logging_mixin.py:190} INFO - [2025-01-15T13:23:22.693+0800] {dag.py:4180} INFO - Setting next_dagrun for example_branch_labels to 2025-01-14 00:00:00+00:00, run_after=2025-01-15 00:00:00+00:00
[2025-01-15T13:23:22.740+0800] {processor.py:208} INFO - Processing /opt/anaconda3/envs/PyTorch/lib/python3.11/site-packages/airflow/example_dags/example_branch_labels.py took 0.102 seconds
[2025-01-15T13:26:30.601+0800] {processor.py:186} INFO - Started process (PID=66805) to work on /opt/anaconda3/envs/PyTorch/lib/python3.11/site-packages/airflow/example_dags/example_branch_labels.py
[2025-01-15T13:26:30.602+0800] {processor.py:914} INFO - Processing file /opt/anaconda3/envs/PyTorch/lib/python3.11/site-packages/airflow/example_dags/example_branch_labels.py for tasks to queue
[2025-01-15T13:26:30.603+0800] {logging_mixin.py:190} INFO - [2025-01-15T13:26:30.602+0800] {dagbag.py:588} INFO - Filling up the DagBag from /opt/anaconda3/envs/PyTorch/lib/python3.11/site-packages/airflow/example_dags/example_branch_labels.py
[2025-01-15T13:26:30.608+0800] {processor.py:925} INFO - DAG(s) 'example_branch_labels' retrieved from /opt/anaconda3/envs/PyTorch/lib/python3.11/site-packages/airflow/example_dags/example_branch_labels.py
[2025-01-15T13:26:30.646+0800] {logging_mixin.py:190} INFO - [2025-01-15T13:26:30.645+0800] {dag.py:3239} INFO - Sync 1 DAGs
[2025-01-15T13:26:30.653+0800] {logging_mixin.py:190} INFO - [2025-01-15T13:26:30.653+0800] {dag.py:4180} INFO - Setting next_dagrun for example_branch_labels to 2025-01-14 00:00:00+00:00, run_after=2025-01-15 00:00:00+00:00
[2025-01-15T13:26:30.697+0800] {processor.py:208} INFO - Processing /opt/anaconda3/envs/PyTorch/lib/python3.11/site-packages/airflow/example_dags/example_branch_labels.py took 0.099 seconds
[2025-01-15T13:29:34.616+0800] {processor.py:186} INFO - Started process (PID=68419) to work on /opt/anaconda3/envs/PyTorch/lib/python3.11/site-packages/airflow/example_dags/example_branch_labels.py
[2025-01-15T13:29:34.617+0800] {processor.py:914} INFO - Processing file /opt/anaconda3/envs/PyTorch/lib/python3.11/site-packages/airflow/example_dags/example_branch_labels.py for tasks to queue
[2025-01-15T13:29:34.618+0800] {logging_mixin.py:190} INFO - [2025-01-15T13:29:34.618+0800] {dagbag.py:588} INFO - Filling up the DagBag from /opt/anaconda3/envs/PyTorch/lib/python3.11/site-packages/airflow/example_dags/example_branch_labels.py
[2025-01-15T13:29:34.623+0800] {processor.py:925} INFO - DAG(s) 'example_branch_labels' retrieved from /opt/anaconda3/envs/PyTorch/lib/python3.11/site-packages/airflow/example_dags/example_branch_labels.py
[2025-01-15T13:29:34.660+0800] {logging_mixin.py:190} INFO - [2025-01-15T13:29:34.660+0800] {dag.py:3239} INFO - Sync 1 DAGs
[2025-01-15T13:29:34.667+0800] {logging_mixin.py:190} INFO - [2025-01-15T13:29:34.667+0800] {dag.py:4180} INFO - Setting next_dagrun for example_branch_labels to 2025-01-14 00:00:00+00:00, run_after=2025-01-15 00:00:00+00:00
[2025-01-15T13:29:34.711+0800] {processor.py:208} INFO - Processing /opt/anaconda3/envs/PyTorch/lib/python3.11/site-packages/airflow/example_dags/example_branch_labels.py took 0.096 seconds
[2025-01-15T13:32:44.485+0800] {processor.py:186} INFO - Started process (PID=70153) to work on /opt/anaconda3/envs/PyTorch/lib/python3.11/site-packages/airflow/example_dags/example_branch_labels.py
[2025-01-15T13:32:44.486+0800] {processor.py:914} INFO - Processing file /opt/anaconda3/envs/PyTorch/lib/python3.11/site-packages/airflow/example_dags/example_branch_labels.py for tasks to queue
[2025-01-15T13:32:44.487+0800] {logging_mixin.py:190} INFO - [2025-01-15T13:32:44.487+0800] {dagbag.py:588} INFO - Filling up the DagBag from /opt/anaconda3/envs/PyTorch/lib/python3.11/site-packages/airflow/example_dags/example_branch_labels.py
[2025-01-15T13:32:44.491+0800] {processor.py:925} INFO - DAG(s) 'example_branch_labels' retrieved from /opt/anaconda3/envs/PyTorch/lib/python3.11/site-packages/airflow/example_dags/example_branch_labels.py
[2025-01-15T13:32:44.527+0800] {logging_mixin.py:190} INFO - [2025-01-15T13:32:44.527+0800] {dag.py:3239} INFO - Sync 1 DAGs
[2025-01-15T13:32:44.534+0800] {logging_mixin.py:190} INFO - [2025-01-15T13:32:44.534+0800] {dag.py:4180} INFO - Setting next_dagrun for example_branch_labels to 2025-01-14 00:00:00+00:00, run_after=2025-01-15 00:00:00+00:00
[2025-01-15T13:32:44.578+0800] {processor.py:208} INFO - Processing /opt/anaconda3/envs/PyTorch/lib/python3.11/site-packages/airflow/example_dags/example_branch_labels.py took 0.095 seconds
[2025-01-15T13:35:54.482+0800] {processor.py:186} INFO - Started process (PID=71878) to work on /opt/anaconda3/envs/PyTorch/lib/python3.11/site-packages/airflow/example_dags/example_branch_labels.py
[2025-01-15T13:35:54.483+0800] {processor.py:914} INFO - Processing file /opt/anaconda3/envs/PyTorch/lib/python3.11/site-packages/airflow/example_dags/example_branch_labels.py for tasks to queue
[2025-01-15T13:35:54.484+0800] {logging_mixin.py:190} INFO - [2025-01-15T13:35:54.484+0800] {dagbag.py:588} INFO - Filling up the DagBag from /opt/anaconda3/envs/PyTorch/lib/python3.11/site-packages/airflow/example_dags/example_branch_labels.py
[2025-01-15T13:35:54.488+0800] {processor.py:925} INFO - DAG(s) 'example_branch_labels' retrieved from /opt/anaconda3/envs/PyTorch/lib/python3.11/site-packages/airflow/example_dags/example_branch_labels.py
[2025-01-15T13:35:54.528+0800] {logging_mixin.py:190} INFO - [2025-01-15T13:35:54.528+0800] {dag.py:3239} INFO - Sync 1 DAGs
[2025-01-15T13:35:54.535+0800] {logging_mixin.py:190} INFO - [2025-01-15T13:35:54.535+0800] {dag.py:4180} INFO - Setting next_dagrun for example_branch_labels to 2025-01-14 00:00:00+00:00, run_after=2025-01-15 00:00:00+00:00
[2025-01-15T13:35:54.579+0800] {processor.py:208} INFO - Processing /opt/anaconda3/envs/PyTorch/lib/python3.11/site-packages/airflow/example_dags/example_branch_labels.py took 0.099 seconds
[2025-01-15T13:39:02.904+0800] {processor.py:186} INFO - Started process (PID=73649) to work on /opt/anaconda3/envs/PyTorch/lib/python3.11/site-packages/airflow/example_dags/example_branch_labels.py
[2025-01-15T13:39:02.905+0800] {processor.py:914} INFO - Processing file /opt/anaconda3/envs/PyTorch/lib/python3.11/site-packages/airflow/example_dags/example_branch_labels.py for tasks to queue
[2025-01-15T13:39:02.906+0800] {logging_mixin.py:190} INFO - [2025-01-15T13:39:02.905+0800] {dagbag.py:588} INFO - Filling up the DagBag from /opt/anaconda3/envs/PyTorch/lib/python3.11/site-packages/airflow/example_dags/example_branch_labels.py
[2025-01-15T13:39:02.911+0800] {processor.py:925} INFO - DAG(s) 'example_branch_labels' retrieved from /opt/anaconda3/envs/PyTorch/lib/python3.11/site-packages/airflow/example_dags/example_branch_labels.py
[2025-01-15T13:39:02.961+0800] {logging_mixin.py:190} INFO - [2025-01-15T13:39:02.961+0800] {dag.py:3239} INFO - Sync 1 DAGs
[2025-01-15T13:39:02.969+0800] {logging_mixin.py:190} INFO - [2025-01-15T13:39:02.969+0800] {dag.py:4180} INFO - Setting next_dagrun for example_branch_labels to 2025-01-14 00:00:00+00:00, run_after=2025-01-15 00:00:00+00:00
[2025-01-15T13:39:03.030+0800] {processor.py:208} INFO - Processing /opt/anaconda3/envs/PyTorch/lib/python3.11/site-packages/airflow/example_dags/example_branch_labels.py took 0.128 seconds
[2025-01-15T13:42:07.861+0800] {processor.py:186} INFO - Started process (PID=75301) to work on /opt/anaconda3/envs/PyTorch/lib/python3.11/site-packages/airflow/example_dags/example_branch_labels.py
[2025-01-15T13:42:07.863+0800] {processor.py:914} INFO - Processing file /opt/anaconda3/envs/PyTorch/lib/python3.11/site-packages/airflow/example_dags/example_branch_labels.py for tasks to queue
[2025-01-15T13:42:07.863+0800] {logging_mixin.py:190} INFO - [2025-01-15T13:42:07.863+0800] {dagbag.py:588} INFO - Filling up the DagBag from /opt/anaconda3/envs/PyTorch/lib/python3.11/site-packages/airflow/example_dags/example_branch_labels.py
[2025-01-15T13:42:07.868+0800] {processor.py:925} INFO - DAG(s) 'example_branch_labels' retrieved from /opt/anaconda3/envs/PyTorch/lib/python3.11/site-packages/airflow/example_dags/example_branch_labels.py
[2025-01-15T13:42:07.904+0800] {logging_mixin.py:190} INFO - [2025-01-15T13:42:07.903+0800] {dag.py:3239} INFO - Sync 1 DAGs
[2025-01-15T13:42:07.910+0800] {logging_mixin.py:190} INFO - [2025-01-15T13:42:07.910+0800] {dag.py:4180} INFO - Setting next_dagrun for example_branch_labels to 2025-01-14 00:00:00+00:00, run_after=2025-01-15 00:00:00+00:00
[2025-01-15T13:42:07.956+0800] {processor.py:208} INFO - Processing /opt/anaconda3/envs/PyTorch/lib/python3.11/site-packages/airflow/example_dags/example_branch_labels.py took 0.096 seconds
[2025-01-15T13:45:10.690+0800] {processor.py:186} INFO - Started process (PID=77061) to work on /opt/anaconda3/envs/PyTorch/lib/python3.11/site-packages/airflow/example_dags/example_branch_labels.py
[2025-01-15T13:45:10.691+0800] {processor.py:914} INFO - Processing file /opt/anaconda3/envs/PyTorch/lib/python3.11/site-packages/airflow/example_dags/example_branch_labels.py for tasks to queue
[2025-01-15T13:45:10.692+0800] {logging_mixin.py:190} INFO - [2025-01-15T13:45:10.692+0800] {dagbag.py:588} INFO - Filling up the DagBag from /opt/anaconda3/envs/PyTorch/lib/python3.11/site-packages/airflow/example_dags/example_branch_labels.py
[2025-01-15T13:45:10.697+0800] {processor.py:925} INFO - DAG(s) 'example_branch_labels' retrieved from /opt/anaconda3/envs/PyTorch/lib/python3.11/site-packages/airflow/example_dags/example_branch_labels.py
[2025-01-15T13:45:10.733+0800] {logging_mixin.py:190} INFO - [2025-01-15T13:45:10.733+0800] {dag.py:3239} INFO - Sync 1 DAGs
[2025-01-15T13:45:10.740+0800] {logging_mixin.py:190} INFO - [2025-01-15T13:45:10.740+0800] {dag.py:4180} INFO - Setting next_dagrun for example_branch_labels to 2025-01-14 00:00:00+00:00, run_after=2025-01-15 00:00:00+00:00
[2025-01-15T13:45:10.784+0800] {processor.py:208} INFO - Processing /opt/anaconda3/envs/PyTorch/lib/python3.11/site-packages/airflow/example_dags/example_branch_labels.py took 0.096 seconds
[2025-01-15T13:48:14.756+0800] {processor.py:186} INFO - Started process (PID=78814) to work on /opt/anaconda3/envs/PyTorch/lib/python3.11/site-packages/airflow/example_dags/example_branch_labels.py
[2025-01-15T13:48:14.757+0800] {processor.py:914} INFO - Processing file /opt/anaconda3/envs/PyTorch/lib/python3.11/site-packages/airflow/example_dags/example_branch_labels.py for tasks to queue
[2025-01-15T13:48:14.758+0800] {logging_mixin.py:190} INFO - [2025-01-15T13:48:14.758+0800] {dagbag.py:588} INFO - Filling up the DagBag from /opt/anaconda3/envs/PyTorch/lib/python3.11/site-packages/airflow/example_dags/example_branch_labels.py
[2025-01-15T13:48:14.762+0800] {processor.py:925} INFO - DAG(s) 'example_branch_labels' retrieved from /opt/anaconda3/envs/PyTorch/lib/python3.11/site-packages/airflow/example_dags/example_branch_labels.py
[2025-01-15T13:48:14.803+0800] {logging_mixin.py:190} INFO - [2025-01-15T13:48:14.803+0800] {dag.py:3239} INFO - Sync 1 DAGs
[2025-01-15T13:48:14.811+0800] {logging_mixin.py:190} INFO - [2025-01-15T13:48:14.811+0800] {dag.py:4180} INFO - Setting next_dagrun for example_branch_labels to 2025-01-14 00:00:00+00:00, run_after=2025-01-15 00:00:00+00:00
[2025-01-15T13:48:14.857+0800] {processor.py:208} INFO - Processing /opt/anaconda3/envs/PyTorch/lib/python3.11/site-packages/airflow/example_dags/example_branch_labels.py took 0.103 seconds
[2025-01-15T13:51:23.983+0800] {processor.py:186} INFO - Started process (PID=80640) to work on /opt/anaconda3/envs/PyTorch/lib/python3.11/site-packages/airflow/example_dags/example_branch_labels.py
[2025-01-15T13:51:23.984+0800] {processor.py:914} INFO - Processing file /opt/anaconda3/envs/PyTorch/lib/python3.11/site-packages/airflow/example_dags/example_branch_labels.py for tasks to queue
[2025-01-15T13:51:23.984+0800] {logging_mixin.py:190} INFO - [2025-01-15T13:51:23.984+0800] {dagbag.py:588} INFO - Filling up the DagBag from /opt/anaconda3/envs/PyTorch/lib/python3.11/site-packages/airflow/example_dags/example_branch_labels.py
[2025-01-15T13:51:23.989+0800] {processor.py:925} INFO - DAG(s) 'example_branch_labels' retrieved from /opt/anaconda3/envs/PyTorch/lib/python3.11/site-packages/airflow/example_dags/example_branch_labels.py
[2025-01-15T13:51:24.027+0800] {logging_mixin.py:190} INFO - [2025-01-15T13:51:24.027+0800] {dag.py:3239} INFO - Sync 1 DAGs
[2025-01-15T13:51:24.034+0800] {logging_mixin.py:190} INFO - [2025-01-15T13:51:24.034+0800] {dag.py:4180} INFO - Setting next_dagrun for example_branch_labels to 2025-01-14 00:00:00+00:00, run_after=2025-01-15 00:00:00+00:00
[2025-01-15T13:51:24.081+0800] {processor.py:208} INFO - Processing /opt/anaconda3/envs/PyTorch/lib/python3.11/site-packages/airflow/example_dags/example_branch_labels.py took 0.100 seconds
[2025-01-15T13:55:12.084+0800] {processor.py:186} INFO - Started process (PID=82695) to work on /opt/anaconda3/envs/PyTorch/lib/python3.11/site-packages/airflow/example_dags/example_branch_labels.py
[2025-01-15T13:55:12.086+0800] {processor.py:914} INFO - Processing file /opt/anaconda3/envs/PyTorch/lib/python3.11/site-packages/airflow/example_dags/example_branch_labels.py for tasks to queue
[2025-01-15T13:55:12.086+0800] {logging_mixin.py:190} INFO - [2025-01-15T13:55:12.086+0800] {dagbag.py:588} INFO - Filling up the DagBag from /opt/anaconda3/envs/PyTorch/lib/python3.11/site-packages/airflow/example_dags/example_branch_labels.py
[2025-01-15T13:55:12.090+0800] {processor.py:925} INFO - DAG(s) 'example_branch_labels' retrieved from /opt/anaconda3/envs/PyTorch/lib/python3.11/site-packages/airflow/example_dags/example_branch_labels.py
[2025-01-15T13:55:12.130+0800] {logging_mixin.py:190} INFO - [2025-01-15T13:55:12.129+0800] {dag.py:3239} INFO - Sync 1 DAGs
[2025-01-15T13:55:12.138+0800] {logging_mixin.py:190} INFO - [2025-01-15T13:55:12.137+0800] {dag.py:4180} INFO - Setting next_dagrun for example_branch_labels to 2025-01-14 00:00:00+00:00, run_after=2025-01-15 00:00:00+00:00
[2025-01-15T13:55:12.192+0800] {processor.py:208} INFO - Processing /opt/anaconda3/envs/PyTorch/lib/python3.11/site-packages/airflow/example_dags/example_branch_labels.py took 0.110 seconds
[2025-01-15T13:59:08.353+0800] {processor.py:186} INFO - Started process (PID=85048) to work on /opt/anaconda3/envs/PyTorch/lib/python3.11/site-packages/airflow/example_dags/example_branch_labels.py
[2025-01-15T13:59:08.354+0800] {processor.py:914} INFO - Processing file /opt/anaconda3/envs/PyTorch/lib/python3.11/site-packages/airflow/example_dags/example_branch_labels.py for tasks to queue
[2025-01-15T13:59:08.354+0800] {logging_mixin.py:190} INFO - [2025-01-15T13:59:08.354+0800] {dagbag.py:588} INFO - Filling up the DagBag from /opt/anaconda3/envs/PyTorch/lib/python3.11/site-packages/airflow/example_dags/example_branch_labels.py
[2025-01-15T13:59:08.360+0800] {processor.py:925} INFO - DAG(s) 'example_branch_labels' retrieved from /opt/anaconda3/envs/PyTorch/lib/python3.11/site-packages/airflow/example_dags/example_branch_labels.py
[2025-01-15T13:59:08.398+0800] {logging_mixin.py:190} INFO - [2025-01-15T13:59:08.397+0800] {dag.py:3239} INFO - Sync 1 DAGs
[2025-01-15T13:59:08.405+0800] {logging_mixin.py:190} INFO - [2025-01-15T13:59:08.405+0800] {dag.py:4180} INFO - Setting next_dagrun for example_branch_labels to 2025-01-14 00:00:00+00:00, run_after=2025-01-15 00:00:00+00:00
[2025-01-15T13:59:08.448+0800] {processor.py:208} INFO - Processing /opt/anaconda3/envs/PyTorch/lib/python3.11/site-packages/airflow/example_dags/example_branch_labels.py took 0.096 seconds
[2025-01-15T14:03:02.675+0800] {processor.py:186} INFO - Started process (PID=87247) to work on /opt/anaconda3/envs/PyTorch/lib/python3.11/site-packages/airflow/example_dags/example_branch_labels.py
[2025-01-15T14:03:02.676+0800] {processor.py:914} INFO - Processing file /opt/anaconda3/envs/PyTorch/lib/python3.11/site-packages/airflow/example_dags/example_branch_labels.py for tasks to queue
[2025-01-15T14:03:02.676+0800] {logging_mixin.py:190} INFO - [2025-01-15T14:03:02.676+0800] {dagbag.py:588} INFO - Filling up the DagBag from /opt/anaconda3/envs/PyTorch/lib/python3.11/site-packages/airflow/example_dags/example_branch_labels.py
[2025-01-15T14:03:02.681+0800] {processor.py:925} INFO - DAG(s) 'example_branch_labels' retrieved from /opt/anaconda3/envs/PyTorch/lib/python3.11/site-packages/airflow/example_dags/example_branch_labels.py
[2025-01-15T14:03:02.718+0800] {logging_mixin.py:190} INFO - [2025-01-15T14:03:02.718+0800] {dag.py:3239} INFO - Sync 1 DAGs
[2025-01-15T14:03:02.725+0800] {logging_mixin.py:190} INFO - [2025-01-15T14:03:02.725+0800] {dag.py:4180} INFO - Setting next_dagrun for example_branch_labels to 2025-01-14 00:00:00+00:00, run_after=2025-01-15 00:00:00+00:00
[2025-01-15T14:03:02.770+0800] {processor.py:208} INFO - Processing /opt/anaconda3/envs/PyTorch/lib/python3.11/site-packages/airflow/example_dags/example_branch_labels.py took 0.097 seconds
[2025-01-15T14:06:56.465+0800] {processor.py:186} INFO - Started process (PID=89469) to work on /opt/anaconda3/envs/PyTorch/lib/python3.11/site-packages/airflow/example_dags/example_branch_labels.py
[2025-01-15T14:06:56.466+0800] {processor.py:914} INFO - Processing file /opt/anaconda3/envs/PyTorch/lib/python3.11/site-packages/airflow/example_dags/example_branch_labels.py for tasks to queue
[2025-01-15T14:06:56.466+0800] {logging_mixin.py:190} INFO - [2025-01-15T14:06:56.466+0800] {dagbag.py:588} INFO - Filling up the DagBag from /opt/anaconda3/envs/PyTorch/lib/python3.11/site-packages/airflow/example_dags/example_branch_labels.py
[2025-01-15T14:06:56.471+0800] {processor.py:925} INFO - DAG(s) 'example_branch_labels' retrieved from /opt/anaconda3/envs/PyTorch/lib/python3.11/site-packages/airflow/example_dags/example_branch_labels.py
[2025-01-15T14:06:56.510+0800] {logging_mixin.py:190} INFO - [2025-01-15T14:06:56.510+0800] {dag.py:3239} INFO - Sync 1 DAGs
[2025-01-15T14:06:56.518+0800] {logging_mixin.py:190} INFO - [2025-01-15T14:06:56.518+0800] {dag.py:4180} INFO - Setting next_dagrun for example_branch_labels to 2025-01-14 00:00:00+00:00, run_after=2025-01-15 00:00:00+00:00
[2025-01-15T14:06:56.570+0800] {processor.py:208} INFO - Processing /opt/anaconda3/envs/PyTorch/lib/python3.11/site-packages/airflow/example_dags/example_branch_labels.py took 0.108 seconds
[2025-01-15T14:11:00.214+0800] {processor.py:186} INFO - Started process (PID=91786) to work on /opt/anaconda3/envs/PyTorch/lib/python3.11/site-packages/airflow/example_dags/example_branch_labels.py
[2025-01-15T14:11:00.215+0800] {processor.py:914} INFO - Processing file /opt/anaconda3/envs/PyTorch/lib/python3.11/site-packages/airflow/example_dags/example_branch_labels.py for tasks to queue
[2025-01-15T14:11:00.215+0800] {logging_mixin.py:190} INFO - [2025-01-15T14:11:00.215+0800] {dagbag.py:588} INFO - Filling up the DagBag from /opt/anaconda3/envs/PyTorch/lib/python3.11/site-packages/airflow/example_dags/example_branch_labels.py
[2025-01-15T14:11:00.220+0800] {processor.py:925} INFO - DAG(s) 'example_branch_labels' retrieved from /opt/anaconda3/envs/PyTorch/lib/python3.11/site-packages/airflow/example_dags/example_branch_labels.py
[2025-01-15T14:11:00.261+0800] {logging_mixin.py:190} INFO - [2025-01-15T14:11:00.261+0800] {dag.py:3239} INFO - Sync 1 DAGs
[2025-01-15T14:11:00.269+0800] {logging_mixin.py:190} INFO - [2025-01-15T14:11:00.269+0800] {dag.py:4180} INFO - Setting next_dagrun for example_branch_labels to 2025-01-14 00:00:00+00:00, run_after=2025-01-15 00:00:00+00:00
[2025-01-15T14:11:00.321+0800] {processor.py:208} INFO - Processing /opt/anaconda3/envs/PyTorch/lib/python3.11/site-packages/airflow/example_dags/example_branch_labels.py took 0.110 seconds
[2025-01-15T14:14:34.209+0800] {processor.py:186} INFO - Started process (PID=93792) to work on /opt/anaconda3/envs/PyTorch/lib/python3.11/site-packages/airflow/example_dags/example_branch_labels.py
[2025-01-15T14:14:34.210+0800] {processor.py:914} INFO - Processing file /opt/anaconda3/envs/PyTorch/lib/python3.11/site-packages/airflow/example_dags/example_branch_labels.py for tasks to queue
[2025-01-15T14:14:34.211+0800] {logging_mixin.py:190} INFO - [2025-01-15T14:14:34.211+0800] {dagbag.py:588} INFO - Filling up the DagBag from /opt/anaconda3/envs/PyTorch/lib/python3.11/site-packages/airflow/example_dags/example_branch_labels.py
[2025-01-15T14:14:34.215+0800] {processor.py:925} INFO - DAG(s) 'example_branch_labels' retrieved from /opt/anaconda3/envs/PyTorch/lib/python3.11/site-packages/airflow/example_dags/example_branch_labels.py
[2025-01-15T14:14:34.253+0800] {logging_mixin.py:190} INFO - [2025-01-15T14:14:34.253+0800] {dag.py:3239} INFO - Sync 1 DAGs
[2025-01-15T14:14:34.260+0800] {logging_mixin.py:190} INFO - [2025-01-15T14:14:34.260+0800] {dag.py:4180} INFO - Setting next_dagrun for example_branch_labels to 2025-01-14 00:00:00+00:00, run_after=2025-01-15 00:00:00+00:00
[2025-01-15T14:14:34.305+0800] {processor.py:208} INFO - Processing /opt/anaconda3/envs/PyTorch/lib/python3.11/site-packages/airflow/example_dags/example_branch_labels.py took 0.098 seconds
[2025-01-15T14:18:31.068+0800] {processor.py:186} INFO - Started process (PID=96012) to work on /opt/anaconda3/envs/PyTorch/lib/python3.11/site-packages/airflow/example_dags/example_branch_labels.py
[2025-01-15T14:18:31.069+0800] {processor.py:914} INFO - Processing file /opt/anaconda3/envs/PyTorch/lib/python3.11/site-packages/airflow/example_dags/example_branch_labels.py for tasks to queue
[2025-01-15T14:18:31.070+0800] {logging_mixin.py:190} INFO - [2025-01-15T14:18:31.070+0800] {dagbag.py:588} INFO - Filling up the DagBag from /opt/anaconda3/envs/PyTorch/lib/python3.11/site-packages/airflow/example_dags/example_branch_labels.py
[2025-01-15T14:18:31.074+0800] {processor.py:925} INFO - DAG(s) 'example_branch_labels' retrieved from /opt/anaconda3/envs/PyTorch/lib/python3.11/site-packages/airflow/example_dags/example_branch_labels.py
[2025-01-15T14:18:31.114+0800] {logging_mixin.py:190} INFO - [2025-01-15T14:18:31.114+0800] {dag.py:3239} INFO - Sync 1 DAGs
[2025-01-15T14:18:31.122+0800] {logging_mixin.py:190} INFO - [2025-01-15T14:18:31.122+0800] {dag.py:4180} INFO - Setting next_dagrun for example_branch_labels to 2025-01-14 00:00:00+00:00, run_after=2025-01-15 00:00:00+00:00
[2025-01-15T14:18:31.173+0800] {processor.py:208} INFO - Processing /opt/anaconda3/envs/PyTorch/lib/python3.11/site-packages/airflow/example_dags/example_branch_labels.py took 0.107 seconds
[2025-01-15T14:22:24.523+0800] {processor.py:186} INFO - Started process (PID=98134) to work on /opt/anaconda3/envs/PyTorch/lib/python3.11/site-packages/airflow/example_dags/example_branch_labels.py
[2025-01-15T14:22:24.525+0800] {processor.py:914} INFO - Processing file /opt/anaconda3/envs/PyTorch/lib/python3.11/site-packages/airflow/example_dags/example_branch_labels.py for tasks to queue
[2025-01-15T14:22:24.526+0800] {logging_mixin.py:190} INFO - [2025-01-15T14:22:24.525+0800] {dagbag.py:588} INFO - Filling up the DagBag from /opt/anaconda3/envs/PyTorch/lib/python3.11/site-packages/airflow/example_dags/example_branch_labels.py
[2025-01-15T14:22:24.530+0800] {processor.py:925} INFO - DAG(s) 'example_branch_labels' retrieved from /opt/anaconda3/envs/PyTorch/lib/python3.11/site-packages/airflow/example_dags/example_branch_labels.py
[2025-01-15T14:22:24.569+0800] {logging_mixin.py:190} INFO - [2025-01-15T14:22:24.569+0800] {dag.py:3239} INFO - Sync 1 DAGs
[2025-01-15T14:22:24.577+0800] {logging_mixin.py:190} INFO - [2025-01-15T14:22:24.577+0800] {dag.py:4180} INFO - Setting next_dagrun for example_branch_labels to 2025-01-14 00:00:00+00:00, run_after=2025-01-15 00:00:00+00:00
[2025-01-15T14:22:24.624+0800] {processor.py:208} INFO - Processing /opt/anaconda3/envs/PyTorch/lib/python3.11/site-packages/airflow/example_dags/example_branch_labels.py took 0.102 seconds
[2025-01-15T14:26:09.028+0800] {processor.py:186} INFO - Started process (PID=318) to work on /opt/anaconda3/envs/PyTorch/lib/python3.11/site-packages/airflow/example_dags/example_branch_labels.py
[2025-01-15T14:26:09.029+0800] {processor.py:914} INFO - Processing file /opt/anaconda3/envs/PyTorch/lib/python3.11/site-packages/airflow/example_dags/example_branch_labels.py for tasks to queue
[2025-01-15T14:26:09.030+0800] {logging_mixin.py:190} INFO - [2025-01-15T14:26:09.030+0800] {dagbag.py:588} INFO - Filling up the DagBag from /opt/anaconda3/envs/PyTorch/lib/python3.11/site-packages/airflow/example_dags/example_branch_labels.py
[2025-01-15T14:26:09.034+0800] {processor.py:925} INFO - DAG(s) 'example_branch_labels' retrieved from /opt/anaconda3/envs/PyTorch/lib/python3.11/site-packages/airflow/example_dags/example_branch_labels.py
[2025-01-15T14:26:09.071+0800] {logging_mixin.py:190} INFO - [2025-01-15T14:26:09.071+0800] {dag.py:3239} INFO - Sync 1 DAGs
[2025-01-15T14:26:09.078+0800] {logging_mixin.py:190} INFO - [2025-01-15T14:26:09.078+0800] {dag.py:4180} INFO - Setting next_dagrun for example_branch_labels to 2025-01-14 00:00:00+00:00, run_after=2025-01-15 00:00:00+00:00
[2025-01-15T14:26:09.121+0800] {processor.py:208} INFO - Processing /opt/anaconda3/envs/PyTorch/lib/python3.11/site-packages/airflow/example_dags/example_branch_labels.py took 0.095 seconds
[2025-01-15T14:29:41.723+0800] {processor.py:186} INFO - Started process (PID=3048) to work on /opt/anaconda3/envs/PyTorch/lib/python3.11/site-packages/airflow/example_dags/example_branch_labels.py
[2025-01-15T14:29:41.725+0800] {processor.py:914} INFO - Processing file /opt/anaconda3/envs/PyTorch/lib/python3.11/site-packages/airflow/example_dags/example_branch_labels.py for tasks to queue
[2025-01-15T14:29:41.725+0800] {logging_mixin.py:190} INFO - [2025-01-15T14:29:41.725+0800] {dagbag.py:588} INFO - Filling up the DagBag from /opt/anaconda3/envs/PyTorch/lib/python3.11/site-packages/airflow/example_dags/example_branch_labels.py
[2025-01-15T14:29:41.729+0800] {processor.py:925} INFO - DAG(s) 'example_branch_labels' retrieved from /opt/anaconda3/envs/PyTorch/lib/python3.11/site-packages/airflow/example_dags/example_branch_labels.py
[2025-01-15T14:29:41.768+0800] {logging_mixin.py:190} INFO - [2025-01-15T14:29:41.768+0800] {dag.py:3239} INFO - Sync 1 DAGs
[2025-01-15T14:29:41.775+0800] {logging_mixin.py:190} INFO - [2025-01-15T14:29:41.775+0800] {dag.py:4180} INFO - Setting next_dagrun for example_branch_labels to 2025-01-14 00:00:00+00:00, run_after=2025-01-15 00:00:00+00:00
[2025-01-15T14:29:41.819+0800] {processor.py:208} INFO - Processing /opt/anaconda3/envs/PyTorch/lib/python3.11/site-packages/airflow/example_dags/example_branch_labels.py took 0.098 seconds
