[2025-01-15T11:50:54.203+0800] {processor.py:186} INFO - Started process (PID=15550) to work on /opt/anaconda3/envs/PyTorch/lib/python3.11/site-packages/airflow/example_dags/example_branch_operator.py
[2025-01-15T11:50:54.203+0800] {processor.py:914} INFO - Processing file /opt/anaconda3/envs/PyTorch/lib/python3.11/site-packages/airflow/example_dags/example_branch_operator.py for tasks to queue
[2025-01-15T11:50:54.203+0800] {logging_mixin.py:190} INFO - [2025-01-15T11:50:54.203+0800] {dagbag.py:588} INFO - Filling up the DagBag from /opt/anaconda3/envs/PyTorch/lib/python3.11/site-packages/airflow/example_dags/example_branch_operator.py
[2025-01-15T11:50:54.219+0800] {processor.py:925} INFO - DAG(s) 'example_branch_operator' retrieved from /opt/anaconda3/envs/PyTorch/lib/python3.11/site-packages/airflow/example_dags/example_branch_operator.py
[2025-01-15T11:50:54.332+0800] {logging_mixin.py:190} INFO - [2025-01-15T11:50:54.331+0800] {override.py:1912} INFO - Created Permission View: can edit on DAG:example_branch_operator
[2025-01-15T11:50:54.335+0800] {logging_mixin.py:190} INFO - [2025-01-15T11:50:54.335+0800] {override.py:1912} INFO - Created Permission View: can delete on DAG:example_branch_operator
[2025-01-15T11:50:54.337+0800] {logging_mixin.py:190} INFO - [2025-01-15T11:50:54.337+0800] {override.py:1912} INFO - Created Permission View: can read on DAG:example_branch_operator
[2025-01-15T11:50:54.339+0800] {logging_mixin.py:190} INFO - [2025-01-15T11:50:54.339+0800] {override.py:1912} INFO - Created Permission View: menu access on DAG Run:example_branch_operator
[2025-01-15T11:50:54.341+0800] {logging_mixin.py:190} INFO - [2025-01-15T11:50:54.341+0800] {override.py:1912} INFO - Created Permission View: can delete on DAG Run:example_branch_operator
[2025-01-15T11:50:54.343+0800] {logging_mixin.py:190} INFO - [2025-01-15T11:50:54.343+0800] {override.py:1912} INFO - Created Permission View: can create on DAG Run:example_branch_operator
[2025-01-15T11:50:54.345+0800] {logging_mixin.py:190} INFO - [2025-01-15T11:50:54.345+0800] {override.py:1912} INFO - Created Permission View: can read on DAG Run:example_branch_operator
[2025-01-15T11:50:54.345+0800] {logging_mixin.py:190} INFO - [2025-01-15T11:50:54.345+0800] {dag.py:3239} INFO - Sync 1 DAGs
[2025-01-15T11:50:54.349+0800] {logging_mixin.py:190} INFO - [2025-01-15T11:50:54.349+0800] {dag.py:3262} INFO - Creating ORM DAG for example_branch_operator
[2025-01-15T11:50:54.353+0800] {logging_mixin.py:190} INFO - [2025-01-15T11:50:54.353+0800] {dag.py:4180} INFO - Setting next_dagrun for example_branch_operator to 2025-01-14 00:00:00+00:00, run_after=2025-01-15 00:00:00+00:00
[2025-01-15T11:50:54.359+0800] {processor.py:208} INFO - Processing /opt/anaconda3/envs/PyTorch/lib/python3.11/site-packages/airflow/example_dags/example_branch_operator.py took 0.159 seconds
[2025-01-15T11:59:20.968+0800] {processor.py:186} INFO - Started process (PID=19876) to work on /opt/anaconda3/envs/PyTorch/lib/python3.11/site-packages/airflow/example_dags/example_branch_operator.py
[2025-01-15T11:59:20.970+0800] {processor.py:914} INFO - Processing file /opt/anaconda3/envs/PyTorch/lib/python3.11/site-packages/airflow/example_dags/example_branch_operator.py for tasks to queue
[2025-01-15T11:59:20.970+0800] {logging_mixin.py:190} INFO - [2025-01-15T11:59:20.970+0800] {dagbag.py:588} INFO - Filling up the DagBag from /opt/anaconda3/envs/PyTorch/lib/python3.11/site-packages/airflow/example_dags/example_branch_operator.py
[2025-01-15T11:59:20.985+0800] {processor.py:925} INFO - DAG(s) 'example_branch_operator' retrieved from /opt/anaconda3/envs/PyTorch/lib/python3.11/site-packages/airflow/example_dags/example_branch_operator.py
[2025-01-15T11:59:21.094+0800] {logging_mixin.py:190} INFO - [2025-01-15T11:59:21.093+0800] {dag.py:3239} INFO - Sync 1 DAGs
[2025-01-15T11:59:21.100+0800] {logging_mixin.py:190} INFO - [2025-01-15T11:59:21.100+0800] {dag.py:4180} INFO - Setting next_dagrun for example_branch_operator to 2025-01-14 00:00:00+00:00, run_after=2025-01-15 00:00:00+00:00
[2025-01-15T11:59:21.107+0800] {processor.py:208} INFO - Processing /opt/anaconda3/envs/PyTorch/lib/python3.11/site-packages/airflow/example_dags/example_branch_operator.py took 0.140 seconds
[2025-01-15T12:02:15.266+0800] {processor.py:186} INFO - Started process (PID=21409) to work on /opt/anaconda3/envs/PyTorch/lib/python3.11/site-packages/airflow/example_dags/example_branch_operator.py
[2025-01-15T12:02:15.267+0800] {processor.py:914} INFO - Processing file /opt/anaconda3/envs/PyTorch/lib/python3.11/site-packages/airflow/example_dags/example_branch_operator.py for tasks to queue
[2025-01-15T12:02:15.268+0800] {logging_mixin.py:190} INFO - [2025-01-15T12:02:15.268+0800] {dagbag.py:588} INFO - Filling up the DagBag from /opt/anaconda3/envs/PyTorch/lib/python3.11/site-packages/airflow/example_dags/example_branch_operator.py
[2025-01-15T12:02:15.283+0800] {processor.py:925} INFO - DAG(s) 'example_branch_operator' retrieved from /opt/anaconda3/envs/PyTorch/lib/python3.11/site-packages/airflow/example_dags/example_branch_operator.py
[2025-01-15T12:02:15.388+0800] {logging_mixin.py:190} INFO - [2025-01-15T12:02:15.388+0800] {dag.py:3239} INFO - Sync 1 DAGs
[2025-01-15T12:02:15.395+0800] {logging_mixin.py:190} INFO - [2025-01-15T12:02:15.395+0800] {dag.py:4180} INFO - Setting next_dagrun for example_branch_operator to 2025-01-14 00:00:00+00:00, run_after=2025-01-15 00:00:00+00:00
[2025-01-15T12:02:15.401+0800] {processor.py:208} INFO - Processing /opt/anaconda3/envs/PyTorch/lib/python3.11/site-packages/airflow/example_dags/example_branch_operator.py took 0.137 seconds
[2025-01-15T12:05:07.372+0800] {processor.py:186} INFO - Started process (PID=22921) to work on /opt/anaconda3/envs/PyTorch/lib/python3.11/site-packages/airflow/example_dags/example_branch_operator.py
[2025-01-15T12:05:07.373+0800] {processor.py:914} INFO - Processing file /opt/anaconda3/envs/PyTorch/lib/python3.11/site-packages/airflow/example_dags/example_branch_operator.py for tasks to queue
[2025-01-15T12:05:07.374+0800] {logging_mixin.py:190} INFO - [2025-01-15T12:05:07.374+0800] {dagbag.py:588} INFO - Filling up the DagBag from /opt/anaconda3/envs/PyTorch/lib/python3.11/site-packages/airflow/example_dags/example_branch_operator.py
[2025-01-15T12:05:07.390+0800] {processor.py:925} INFO - DAG(s) 'example_branch_operator' retrieved from /opt/anaconda3/envs/PyTorch/lib/python3.11/site-packages/airflow/example_dags/example_branch_operator.py
[2025-01-15T12:05:07.504+0800] {logging_mixin.py:190} INFO - [2025-01-15T12:05:07.503+0800] {dag.py:3239} INFO - Sync 1 DAGs
[2025-01-15T12:05:07.512+0800] {logging_mixin.py:190} INFO - [2025-01-15T12:05:07.512+0800] {dag.py:4180} INFO - Setting next_dagrun for example_branch_operator to 2025-01-14 00:00:00+00:00, run_after=2025-01-15 00:00:00+00:00
[2025-01-15T12:05:07.519+0800] {processor.py:208} INFO - Processing /opt/anaconda3/envs/PyTorch/lib/python3.11/site-packages/airflow/example_dags/example_branch_operator.py took 0.149 seconds
[2025-01-15T12:08:02.874+0800] {processor.py:186} INFO - Started process (PID=24544) to work on /opt/anaconda3/envs/PyTorch/lib/python3.11/site-packages/airflow/example_dags/example_branch_operator.py
[2025-01-15T12:08:02.876+0800] {processor.py:914} INFO - Processing file /opt/anaconda3/envs/PyTorch/lib/python3.11/site-packages/airflow/example_dags/example_branch_operator.py for tasks to queue
[2025-01-15T12:08:02.877+0800] {logging_mixin.py:190} INFO - [2025-01-15T12:08:02.876+0800] {dagbag.py:588} INFO - Filling up the DagBag from /opt/anaconda3/envs/PyTorch/lib/python3.11/site-packages/airflow/example_dags/example_branch_operator.py
[2025-01-15T12:08:02.892+0800] {processor.py:925} INFO - DAG(s) 'example_branch_operator' retrieved from /opt/anaconda3/envs/PyTorch/lib/python3.11/site-packages/airflow/example_dags/example_branch_operator.py
[2025-01-15T12:08:03.000+0800] {logging_mixin.py:190} INFO - [2025-01-15T12:08:03.000+0800] {dag.py:3239} INFO - Sync 1 DAGs
[2025-01-15T12:08:03.007+0800] {logging_mixin.py:190} INFO - [2025-01-15T12:08:03.007+0800] {dag.py:4180} INFO - Setting next_dagrun for example_branch_operator to 2025-01-14 00:00:00+00:00, run_after=2025-01-15 00:00:00+00:00
[2025-01-15T12:08:03.013+0800] {processor.py:208} INFO - Processing /opt/anaconda3/envs/PyTorch/lib/python3.11/site-packages/airflow/example_dags/example_branch_operator.py took 0.141 seconds
[2025-01-15T12:10:58.763+0800] {processor.py:186} INFO - Started process (PID=26116) to work on /opt/anaconda3/envs/PyTorch/lib/python3.11/site-packages/airflow/example_dags/example_branch_operator.py
[2025-01-15T12:10:58.764+0800] {processor.py:914} INFO - Processing file /opt/anaconda3/envs/PyTorch/lib/python3.11/site-packages/airflow/example_dags/example_branch_operator.py for tasks to queue
[2025-01-15T12:10:58.765+0800] {logging_mixin.py:190} INFO - [2025-01-15T12:10:58.764+0800] {dagbag.py:588} INFO - Filling up the DagBag from /opt/anaconda3/envs/PyTorch/lib/python3.11/site-packages/airflow/example_dags/example_branch_operator.py
[2025-01-15T12:10:58.780+0800] {processor.py:925} INFO - DAG(s) 'example_branch_operator' retrieved from /opt/anaconda3/envs/PyTorch/lib/python3.11/site-packages/airflow/example_dags/example_branch_operator.py
[2025-01-15T12:10:58.886+0800] {logging_mixin.py:190} INFO - [2025-01-15T12:10:58.886+0800] {dag.py:3239} INFO - Sync 1 DAGs
[2025-01-15T12:10:58.893+0800] {logging_mixin.py:190} INFO - [2025-01-15T12:10:58.893+0800] {dag.py:4180} INFO - Setting next_dagrun for example_branch_operator to 2025-01-14 00:00:00+00:00, run_after=2025-01-15 00:00:00+00:00
[2025-01-15T12:10:58.900+0800] {processor.py:208} INFO - Processing /opt/anaconda3/envs/PyTorch/lib/python3.11/site-packages/airflow/example_dags/example_branch_operator.py took 0.139 seconds
[2025-01-15T12:13:54.984+0800] {processor.py:186} INFO - Started process (PID=27690) to work on /opt/anaconda3/envs/PyTorch/lib/python3.11/site-packages/airflow/example_dags/example_branch_operator.py
[2025-01-15T12:13:54.986+0800] {processor.py:914} INFO - Processing file /opt/anaconda3/envs/PyTorch/lib/python3.11/site-packages/airflow/example_dags/example_branch_operator.py for tasks to queue
[2025-01-15T12:13:54.986+0800] {logging_mixin.py:190} INFO - [2025-01-15T12:13:54.986+0800] {dagbag.py:588} INFO - Filling up the DagBag from /opt/anaconda3/envs/PyTorch/lib/python3.11/site-packages/airflow/example_dags/example_branch_operator.py
[2025-01-15T12:13:55.003+0800] {processor.py:925} INFO - DAG(s) 'example_branch_operator' retrieved from /opt/anaconda3/envs/PyTorch/lib/python3.11/site-packages/airflow/example_dags/example_branch_operator.py
[2025-01-15T12:13:55.111+0800] {logging_mixin.py:190} INFO - [2025-01-15T12:13:55.111+0800] {dag.py:3239} INFO - Sync 1 DAGs
[2025-01-15T12:13:55.118+0800] {logging_mixin.py:190} INFO - [2025-01-15T12:13:55.118+0800] {dag.py:4180} INFO - Setting next_dagrun for example_branch_operator to 2025-01-14 00:00:00+00:00, run_after=2025-01-15 00:00:00+00:00
[2025-01-15T12:13:55.125+0800] {processor.py:208} INFO - Processing /opt/anaconda3/envs/PyTorch/lib/python3.11/site-packages/airflow/example_dags/example_branch_operator.py took 0.142 seconds
[2025-01-15T12:16:53.357+0800] {processor.py:186} INFO - Started process (PID=29283) to work on /opt/anaconda3/envs/PyTorch/lib/python3.11/site-packages/airflow/example_dags/example_branch_operator.py
[2025-01-15T12:16:53.358+0800] {processor.py:914} INFO - Processing file /opt/anaconda3/envs/PyTorch/lib/python3.11/site-packages/airflow/example_dags/example_branch_operator.py for tasks to queue
[2025-01-15T12:16:53.359+0800] {logging_mixin.py:190} INFO - [2025-01-15T12:16:53.359+0800] {dagbag.py:588} INFO - Filling up the DagBag from /opt/anaconda3/envs/PyTorch/lib/python3.11/site-packages/airflow/example_dags/example_branch_operator.py
[2025-01-15T12:16:53.374+0800] {processor.py:925} INFO - DAG(s) 'example_branch_operator' retrieved from /opt/anaconda3/envs/PyTorch/lib/python3.11/site-packages/airflow/example_dags/example_branch_operator.py
[2025-01-15T12:16:53.491+0800] {logging_mixin.py:190} INFO - [2025-01-15T12:16:53.491+0800] {dag.py:3239} INFO - Sync 1 DAGs
[2025-01-15T12:16:53.499+0800] {logging_mixin.py:190} INFO - [2025-01-15T12:16:53.499+0800] {dag.py:4180} INFO - Setting next_dagrun for example_branch_operator to 2025-01-14 00:00:00+00:00, run_after=2025-01-15 00:00:00+00:00
[2025-01-15T12:16:53.506+0800] {processor.py:208} INFO - Processing /opt/anaconda3/envs/PyTorch/lib/python3.11/site-packages/airflow/example_dags/example_branch_operator.py took 0.150 seconds
[2025-01-15T12:19:48.894+0800] {processor.py:186} INFO - Started process (PID=30830) to work on /opt/anaconda3/envs/PyTorch/lib/python3.11/site-packages/airflow/example_dags/example_branch_operator.py
[2025-01-15T12:19:48.895+0800] {processor.py:914} INFO - Processing file /opt/anaconda3/envs/PyTorch/lib/python3.11/site-packages/airflow/example_dags/example_branch_operator.py for tasks to queue
[2025-01-15T12:19:48.895+0800] {logging_mixin.py:190} INFO - [2025-01-15T12:19:48.895+0800] {dagbag.py:588} INFO - Filling up the DagBag from /opt/anaconda3/envs/PyTorch/lib/python3.11/site-packages/airflow/example_dags/example_branch_operator.py
[2025-01-15T12:19:48.911+0800] {processor.py:925} INFO - DAG(s) 'example_branch_operator' retrieved from /opt/anaconda3/envs/PyTorch/lib/python3.11/site-packages/airflow/example_dags/example_branch_operator.py
[2025-01-15T12:19:49.025+0800] {logging_mixin.py:190} INFO - [2025-01-15T12:19:49.025+0800] {dag.py:3239} INFO - Sync 1 DAGs
[2025-01-15T12:19:49.033+0800] {logging_mixin.py:190} INFO - [2025-01-15T12:19:49.033+0800] {dag.py:4180} INFO - Setting next_dagrun for example_branch_operator to 2025-01-14 00:00:00+00:00, run_after=2025-01-15 00:00:00+00:00
[2025-01-15T12:19:49.040+0800] {processor.py:208} INFO - Processing /opt/anaconda3/envs/PyTorch/lib/python3.11/site-packages/airflow/example_dags/example_branch_operator.py took 0.148 seconds
[2025-01-15T12:22:54.329+0800] {processor.py:186} INFO - Started process (PID=32457) to work on /opt/anaconda3/envs/PyTorch/lib/python3.11/site-packages/airflow/example_dags/example_branch_operator.py
[2025-01-15T12:22:54.330+0800] {processor.py:914} INFO - Processing file /opt/anaconda3/envs/PyTorch/lib/python3.11/site-packages/airflow/example_dags/example_branch_operator.py for tasks to queue
[2025-01-15T12:22:54.331+0800] {logging_mixin.py:190} INFO - [2025-01-15T12:22:54.331+0800] {dagbag.py:588} INFO - Filling up the DagBag from /opt/anaconda3/envs/PyTorch/lib/python3.11/site-packages/airflow/example_dags/example_branch_operator.py
[2025-01-15T12:22:54.346+0800] {processor.py:925} INFO - DAG(s) 'example_branch_operator' retrieved from /opt/anaconda3/envs/PyTorch/lib/python3.11/site-packages/airflow/example_dags/example_branch_operator.py
[2025-01-15T12:22:54.458+0800] {logging_mixin.py:190} INFO - [2025-01-15T12:22:54.458+0800] {dag.py:3239} INFO - Sync 1 DAGs
[2025-01-15T12:22:54.466+0800] {logging_mixin.py:190} INFO - [2025-01-15T12:22:54.466+0800] {dag.py:4180} INFO - Setting next_dagrun for example_branch_operator to 2025-01-14 00:00:00+00:00, run_after=2025-01-15 00:00:00+00:00
[2025-01-15T12:22:54.473+0800] {processor.py:208} INFO - Processing /opt/anaconda3/envs/PyTorch/lib/python3.11/site-packages/airflow/example_dags/example_branch_operator.py took 0.146 seconds
[2025-01-15T12:25:52.638+0800] {processor.py:186} INFO - Started process (PID=34033) to work on /opt/anaconda3/envs/PyTorch/lib/python3.11/site-packages/airflow/example_dags/example_branch_operator.py
[2025-01-15T12:25:52.639+0800] {processor.py:914} INFO - Processing file /opt/anaconda3/envs/PyTorch/lib/python3.11/site-packages/airflow/example_dags/example_branch_operator.py for tasks to queue
[2025-01-15T12:25:52.640+0800] {logging_mixin.py:190} INFO - [2025-01-15T12:25:52.640+0800] {dagbag.py:588} INFO - Filling up the DagBag from /opt/anaconda3/envs/PyTorch/lib/python3.11/site-packages/airflow/example_dags/example_branch_operator.py
[2025-01-15T12:25:52.655+0800] {processor.py:925} INFO - DAG(s) 'example_branch_operator' retrieved from /opt/anaconda3/envs/PyTorch/lib/python3.11/site-packages/airflow/example_dags/example_branch_operator.py
[2025-01-15T12:25:52.763+0800] {logging_mixin.py:190} INFO - [2025-01-15T12:25:52.763+0800] {dag.py:3239} INFO - Sync 1 DAGs
[2025-01-15T12:25:52.770+0800] {logging_mixin.py:190} INFO - [2025-01-15T12:25:52.769+0800] {dag.py:4180} INFO - Setting next_dagrun for example_branch_operator to 2025-01-14 00:00:00+00:00, run_after=2025-01-15 00:00:00+00:00
[2025-01-15T12:25:52.776+0800] {processor.py:208} INFO - Processing /opt/anaconda3/envs/PyTorch/lib/python3.11/site-packages/airflow/example_dags/example_branch_operator.py took 0.141 seconds
[2025-01-15T12:28:50.449+0800] {processor.py:186} INFO - Started process (PID=35604) to work on /opt/anaconda3/envs/PyTorch/lib/python3.11/site-packages/airflow/example_dags/example_branch_operator.py
[2025-01-15T12:28:50.450+0800] {processor.py:914} INFO - Processing file /opt/anaconda3/envs/PyTorch/lib/python3.11/site-packages/airflow/example_dags/example_branch_operator.py for tasks to queue
[2025-01-15T12:28:50.450+0800] {logging_mixin.py:190} INFO - [2025-01-15T12:28:50.450+0800] {dagbag.py:588} INFO - Filling up the DagBag from /opt/anaconda3/envs/PyTorch/lib/python3.11/site-packages/airflow/example_dags/example_branch_operator.py
[2025-01-15T12:28:50.465+0800] {processor.py:925} INFO - DAG(s) 'example_branch_operator' retrieved from /opt/anaconda3/envs/PyTorch/lib/python3.11/site-packages/airflow/example_dags/example_branch_operator.py
[2025-01-15T12:28:50.577+0800] {logging_mixin.py:190} INFO - [2025-01-15T12:28:50.576+0800] {dag.py:3239} INFO - Sync 1 DAGs
[2025-01-15T12:28:50.583+0800] {logging_mixin.py:190} INFO - [2025-01-15T12:28:50.583+0800] {dag.py:4180} INFO - Setting next_dagrun for example_branch_operator to 2025-01-14 00:00:00+00:00, run_after=2025-01-15 00:00:00+00:00
[2025-01-15T12:28:50.590+0800] {processor.py:208} INFO - Processing /opt/anaconda3/envs/PyTorch/lib/python3.11/site-packages/airflow/example_dags/example_branch_operator.py took 0.143 seconds
[2025-01-15T12:31:45.851+0800] {processor.py:186} INFO - Started process (PID=37125) to work on /opt/anaconda3/envs/PyTorch/lib/python3.11/site-packages/airflow/example_dags/example_branch_operator.py
[2025-01-15T12:31:45.852+0800] {processor.py:914} INFO - Processing file /opt/anaconda3/envs/PyTorch/lib/python3.11/site-packages/airflow/example_dags/example_branch_operator.py for tasks to queue
[2025-01-15T12:31:45.853+0800] {logging_mixin.py:190} INFO - [2025-01-15T12:31:45.853+0800] {dagbag.py:588} INFO - Filling up the DagBag from /opt/anaconda3/envs/PyTorch/lib/python3.11/site-packages/airflow/example_dags/example_branch_operator.py
[2025-01-15T12:31:45.868+0800] {processor.py:925} INFO - DAG(s) 'example_branch_operator' retrieved from /opt/anaconda3/envs/PyTorch/lib/python3.11/site-packages/airflow/example_dags/example_branch_operator.py
[2025-01-15T12:31:45.973+0800] {logging_mixin.py:190} INFO - [2025-01-15T12:31:45.973+0800] {dag.py:3239} INFO - Sync 1 DAGs
[2025-01-15T12:31:45.980+0800] {logging_mixin.py:190} INFO - [2025-01-15T12:31:45.980+0800] {dag.py:4180} INFO - Setting next_dagrun for example_branch_operator to 2025-01-14 00:00:00+00:00, run_after=2025-01-15 00:00:00+00:00
[2025-01-15T12:31:45.987+0800] {processor.py:208} INFO - Processing /opt/anaconda3/envs/PyTorch/lib/python3.11/site-packages/airflow/example_dags/example_branch_operator.py took 0.138 seconds
[2025-01-15T12:34:41.140+0800] {processor.py:186} INFO - Started process (PID=38696) to work on /opt/anaconda3/envs/PyTorch/lib/python3.11/site-packages/airflow/example_dags/example_branch_operator.py
[2025-01-15T12:34:41.141+0800] {processor.py:914} INFO - Processing file /opt/anaconda3/envs/PyTorch/lib/python3.11/site-packages/airflow/example_dags/example_branch_operator.py for tasks to queue
[2025-01-15T12:34:41.142+0800] {logging_mixin.py:190} INFO - [2025-01-15T12:34:41.142+0800] {dagbag.py:588} INFO - Filling up the DagBag from /opt/anaconda3/envs/PyTorch/lib/python3.11/site-packages/airflow/example_dags/example_branch_operator.py
[2025-01-15T12:34:41.157+0800] {processor.py:925} INFO - DAG(s) 'example_branch_operator' retrieved from /opt/anaconda3/envs/PyTorch/lib/python3.11/site-packages/airflow/example_dags/example_branch_operator.py
[2025-01-15T12:34:41.265+0800] {logging_mixin.py:190} INFO - [2025-01-15T12:34:41.265+0800] {dag.py:3239} INFO - Sync 1 DAGs
[2025-01-15T12:34:41.272+0800] {logging_mixin.py:190} INFO - [2025-01-15T12:34:41.272+0800] {dag.py:4180} INFO - Setting next_dagrun for example_branch_operator to 2025-01-14 00:00:00+00:00, run_after=2025-01-15 00:00:00+00:00
[2025-01-15T12:34:41.278+0800] {processor.py:208} INFO - Processing /opt/anaconda3/envs/PyTorch/lib/python3.11/site-packages/airflow/example_dags/example_branch_operator.py took 0.140 seconds
[2025-01-15T12:37:40.079+0800] {processor.py:186} INFO - Started process (PID=40251) to work on /opt/anaconda3/envs/PyTorch/lib/python3.11/site-packages/airflow/example_dags/example_branch_operator.py
[2025-01-15T12:37:40.079+0800] {processor.py:914} INFO - Processing file /opt/anaconda3/envs/PyTorch/lib/python3.11/site-packages/airflow/example_dags/example_branch_operator.py for tasks to queue
[2025-01-15T12:37:40.080+0800] {logging_mixin.py:190} INFO - [2025-01-15T12:37:40.080+0800] {dagbag.py:588} INFO - Filling up the DagBag from /opt/anaconda3/envs/PyTorch/lib/python3.11/site-packages/airflow/example_dags/example_branch_operator.py
[2025-01-15T12:37:40.095+0800] {processor.py:925} INFO - DAG(s) 'example_branch_operator' retrieved from /opt/anaconda3/envs/PyTorch/lib/python3.11/site-packages/airflow/example_dags/example_branch_operator.py
[2025-01-15T12:37:40.202+0800] {logging_mixin.py:190} INFO - [2025-01-15T12:37:40.202+0800] {dag.py:3239} INFO - Sync 1 DAGs
[2025-01-15T12:37:40.209+0800] {logging_mixin.py:190} INFO - [2025-01-15T12:37:40.209+0800] {dag.py:4180} INFO - Setting next_dagrun for example_branch_operator to 2025-01-14 00:00:00+00:00, run_after=2025-01-15 00:00:00+00:00
[2025-01-15T12:37:40.215+0800] {processor.py:208} INFO - Processing /opt/anaconda3/envs/PyTorch/lib/python3.11/site-packages/airflow/example_dags/example_branch_operator.py took 0.138 seconds
[2025-01-15T12:40:35.092+0800] {processor.py:186} INFO - Started process (PID=41817) to work on /opt/anaconda3/envs/PyTorch/lib/python3.11/site-packages/airflow/example_dags/example_branch_operator.py
[2025-01-15T12:40:35.094+0800] {processor.py:914} INFO - Processing file /opt/anaconda3/envs/PyTorch/lib/python3.11/site-packages/airflow/example_dags/example_branch_operator.py for tasks to queue
[2025-01-15T12:40:35.094+0800] {logging_mixin.py:190} INFO - [2025-01-15T12:40:35.094+0800] {dagbag.py:588} INFO - Filling up the DagBag from /opt/anaconda3/envs/PyTorch/lib/python3.11/site-packages/airflow/example_dags/example_branch_operator.py
[2025-01-15T12:40:35.110+0800] {processor.py:925} INFO - DAG(s) 'example_branch_operator' retrieved from /opt/anaconda3/envs/PyTorch/lib/python3.11/site-packages/airflow/example_dags/example_branch_operator.py
[2025-01-15T12:40:35.219+0800] {logging_mixin.py:190} INFO - [2025-01-15T12:40:35.219+0800] {dag.py:3239} INFO - Sync 1 DAGs
[2025-01-15T12:40:35.226+0800] {logging_mixin.py:190} INFO - [2025-01-15T12:40:35.226+0800] {dag.py:4180} INFO - Setting next_dagrun for example_branch_operator to 2025-01-14 00:00:00+00:00, run_after=2025-01-15 00:00:00+00:00
[2025-01-15T12:40:35.233+0800] {processor.py:208} INFO - Processing /opt/anaconda3/envs/PyTorch/lib/python3.11/site-packages/airflow/example_dags/example_branch_operator.py took 0.142 seconds
[2025-01-15T12:43:34.961+0800] {processor.py:186} INFO - Started process (PID=43425) to work on /opt/anaconda3/envs/PyTorch/lib/python3.11/site-packages/airflow/example_dags/example_branch_operator.py
[2025-01-15T12:43:34.963+0800] {processor.py:914} INFO - Processing file /opt/anaconda3/envs/PyTorch/lib/python3.11/site-packages/airflow/example_dags/example_branch_operator.py for tasks to queue
[2025-01-15T12:43:34.963+0800] {logging_mixin.py:190} INFO - [2025-01-15T12:43:34.963+0800] {dagbag.py:588} INFO - Filling up the DagBag from /opt/anaconda3/envs/PyTorch/lib/python3.11/site-packages/airflow/example_dags/example_branch_operator.py
[2025-01-15T12:43:34.978+0800] {processor.py:925} INFO - DAG(s) 'example_branch_operator' retrieved from /opt/anaconda3/envs/PyTorch/lib/python3.11/site-packages/airflow/example_dags/example_branch_operator.py
[2025-01-15T12:43:35.089+0800] {logging_mixin.py:190} INFO - [2025-01-15T12:43:35.089+0800] {dag.py:3239} INFO - Sync 1 DAGs
[2025-01-15T12:43:35.096+0800] {logging_mixin.py:190} INFO - [2025-01-15T12:43:35.096+0800] {dag.py:4180} INFO - Setting next_dagrun for example_branch_operator to 2025-01-14 00:00:00+00:00, run_after=2025-01-15 00:00:00+00:00
[2025-01-15T12:43:35.103+0800] {processor.py:208} INFO - Processing /opt/anaconda3/envs/PyTorch/lib/python3.11/site-packages/airflow/example_dags/example_branch_operator.py took 0.144 seconds
[2025-01-15T12:46:36.862+0800] {processor.py:186} INFO - Started process (PID=45111) to work on /opt/anaconda3/envs/PyTorch/lib/python3.11/site-packages/airflow/example_dags/example_branch_operator.py
[2025-01-15T12:46:36.863+0800] {processor.py:914} INFO - Processing file /opt/anaconda3/envs/PyTorch/lib/python3.11/site-packages/airflow/example_dags/example_branch_operator.py for tasks to queue
[2025-01-15T12:46:36.864+0800] {logging_mixin.py:190} INFO - [2025-01-15T12:46:36.864+0800] {dagbag.py:588} INFO - Filling up the DagBag from /opt/anaconda3/envs/PyTorch/lib/python3.11/site-packages/airflow/example_dags/example_branch_operator.py
[2025-01-15T12:46:36.880+0800] {processor.py:925} INFO - DAG(s) 'example_branch_operator' retrieved from /opt/anaconda3/envs/PyTorch/lib/python3.11/site-packages/airflow/example_dags/example_branch_operator.py
[2025-01-15T12:46:36.988+0800] {logging_mixin.py:190} INFO - [2025-01-15T12:46:36.988+0800] {dag.py:3239} INFO - Sync 1 DAGs
[2025-01-15T12:46:36.995+0800] {logging_mixin.py:190} INFO - [2025-01-15T12:46:36.994+0800] {dag.py:4180} INFO - Setting next_dagrun for example_branch_operator to 2025-01-14 00:00:00+00:00, run_after=2025-01-15 00:00:00+00:00
[2025-01-15T12:46:37.002+0800] {processor.py:208} INFO - Processing /opt/anaconda3/envs/PyTorch/lib/python3.11/site-packages/airflow/example_dags/example_branch_operator.py took 0.141 seconds
[2025-01-15T12:49:32.745+0800] {processor.py:186} INFO - Started process (PID=46677) to work on /opt/anaconda3/envs/PyTorch/lib/python3.11/site-packages/airflow/example_dags/example_branch_operator.py
[2025-01-15T12:49:32.746+0800] {processor.py:914} INFO - Processing file /opt/anaconda3/envs/PyTorch/lib/python3.11/site-packages/airflow/example_dags/example_branch_operator.py for tasks to queue
[2025-01-15T12:49:32.746+0800] {logging_mixin.py:190} INFO - [2025-01-15T12:49:32.746+0800] {dagbag.py:588} INFO - Filling up the DagBag from /opt/anaconda3/envs/PyTorch/lib/python3.11/site-packages/airflow/example_dags/example_branch_operator.py
[2025-01-15T12:49:32.762+0800] {processor.py:925} INFO - DAG(s) 'example_branch_operator' retrieved from /opt/anaconda3/envs/PyTorch/lib/python3.11/site-packages/airflow/example_dags/example_branch_operator.py
[2025-01-15T12:49:32.873+0800] {logging_mixin.py:190} INFO - [2025-01-15T12:49:32.872+0800] {dag.py:3239} INFO - Sync 1 DAGs
[2025-01-15T12:49:32.880+0800] {logging_mixin.py:190} INFO - [2025-01-15T12:49:32.880+0800] {dag.py:4180} INFO - Setting next_dagrun for example_branch_operator to 2025-01-14 00:00:00+00:00, run_after=2025-01-15 00:00:00+00:00
[2025-01-15T12:49:32.888+0800] {processor.py:208} INFO - Processing /opt/anaconda3/envs/PyTorch/lib/python3.11/site-packages/airflow/example_dags/example_branch_operator.py took 0.145 seconds
[2025-01-15T12:52:33.230+0800] {processor.py:186} INFO - Started process (PID=48259) to work on /opt/anaconda3/envs/PyTorch/lib/python3.11/site-packages/airflow/example_dags/example_branch_operator.py
[2025-01-15T12:52:33.231+0800] {processor.py:914} INFO - Processing file /opt/anaconda3/envs/PyTorch/lib/python3.11/site-packages/airflow/example_dags/example_branch_operator.py for tasks to queue
[2025-01-15T12:52:33.232+0800] {logging_mixin.py:190} INFO - [2025-01-15T12:52:33.232+0800] {dagbag.py:588} INFO - Filling up the DagBag from /opt/anaconda3/envs/PyTorch/lib/python3.11/site-packages/airflow/example_dags/example_branch_operator.py
[2025-01-15T12:52:33.247+0800] {processor.py:925} INFO - DAG(s) 'example_branch_operator' retrieved from /opt/anaconda3/envs/PyTorch/lib/python3.11/site-packages/airflow/example_dags/example_branch_operator.py
[2025-01-15T12:52:33.357+0800] {logging_mixin.py:190} INFO - [2025-01-15T12:52:33.356+0800] {dag.py:3239} INFO - Sync 1 DAGs
[2025-01-15T12:52:33.363+0800] {logging_mixin.py:190} INFO - [2025-01-15T12:52:33.363+0800] {dag.py:4180} INFO - Setting next_dagrun for example_branch_operator to 2025-01-14 00:00:00+00:00, run_after=2025-01-15 00:00:00+00:00
[2025-01-15T12:52:33.370+0800] {processor.py:208} INFO - Processing /opt/anaconda3/envs/PyTorch/lib/python3.11/site-packages/airflow/example_dags/example_branch_operator.py took 0.142 seconds
[2025-01-15T12:55:36.790+0800] {processor.py:186} INFO - Started process (PID=49950) to work on /opt/anaconda3/envs/PyTorch/lib/python3.11/site-packages/airflow/example_dags/example_branch_operator.py
[2025-01-15T12:55:36.791+0800] {processor.py:914} INFO - Processing file /opt/anaconda3/envs/PyTorch/lib/python3.11/site-packages/airflow/example_dags/example_branch_operator.py for tasks to queue
[2025-01-15T12:55:36.792+0800] {logging_mixin.py:190} INFO - [2025-01-15T12:55:36.792+0800] {dagbag.py:588} INFO - Filling up the DagBag from /opt/anaconda3/envs/PyTorch/lib/python3.11/site-packages/airflow/example_dags/example_branch_operator.py
[2025-01-15T12:55:36.809+0800] {processor.py:925} INFO - DAG(s) 'example_branch_operator' retrieved from /opt/anaconda3/envs/PyTorch/lib/python3.11/site-packages/airflow/example_dags/example_branch_operator.py
[2025-01-15T12:55:36.930+0800] {logging_mixin.py:190} INFO - [2025-01-15T12:55:36.930+0800] {dag.py:3239} INFO - Sync 1 DAGs
[2025-01-15T12:55:36.937+0800] {logging_mixin.py:190} INFO - [2025-01-15T12:55:36.937+0800] {dag.py:4180} INFO - Setting next_dagrun for example_branch_operator to 2025-01-14 00:00:00+00:00, run_after=2025-01-15 00:00:00+00:00
[2025-01-15T12:55:36.944+0800] {processor.py:208} INFO - Processing /opt/anaconda3/envs/PyTorch/lib/python3.11/site-packages/airflow/example_dags/example_branch_operator.py took 0.156 seconds
[2025-01-15T12:58:38.015+0800] {processor.py:186} INFO - Started process (PID=51550) to work on /opt/anaconda3/envs/PyTorch/lib/python3.11/site-packages/airflow/example_dags/example_branch_operator.py
[2025-01-15T12:58:38.016+0800] {processor.py:914} INFO - Processing file /opt/anaconda3/envs/PyTorch/lib/python3.11/site-packages/airflow/example_dags/example_branch_operator.py for tasks to queue
[2025-01-15T12:58:38.017+0800] {logging_mixin.py:190} INFO - [2025-01-15T12:58:38.017+0800] {dagbag.py:588} INFO - Filling up the DagBag from /opt/anaconda3/envs/PyTorch/lib/python3.11/site-packages/airflow/example_dags/example_branch_operator.py
[2025-01-15T12:58:38.033+0800] {processor.py:925} INFO - DAG(s) 'example_branch_operator' retrieved from /opt/anaconda3/envs/PyTorch/lib/python3.11/site-packages/airflow/example_dags/example_branch_operator.py
[2025-01-15T12:58:38.148+0800] {logging_mixin.py:190} INFO - [2025-01-15T12:58:38.148+0800] {dag.py:3239} INFO - Sync 1 DAGs
[2025-01-15T12:58:38.156+0800] {logging_mixin.py:190} INFO - [2025-01-15T12:58:38.156+0800] {dag.py:4180} INFO - Setting next_dagrun for example_branch_operator to 2025-01-14 00:00:00+00:00, run_after=2025-01-15 00:00:00+00:00
[2025-01-15T12:58:38.163+0800] {processor.py:208} INFO - Processing /opt/anaconda3/envs/PyTorch/lib/python3.11/site-packages/airflow/example_dags/example_branch_operator.py took 0.150 seconds
[2025-01-15T13:01:40.332+0800] {processor.py:186} INFO - Started process (PID=53199) to work on /opt/anaconda3/envs/PyTorch/lib/python3.11/site-packages/airflow/example_dags/example_branch_operator.py
[2025-01-15T13:01:40.333+0800] {processor.py:914} INFO - Processing file /opt/anaconda3/envs/PyTorch/lib/python3.11/site-packages/airflow/example_dags/example_branch_operator.py for tasks to queue
[2025-01-15T13:01:40.333+0800] {logging_mixin.py:190} INFO - [2025-01-15T13:01:40.333+0800] {dagbag.py:588} INFO - Filling up the DagBag from /opt/anaconda3/envs/PyTorch/lib/python3.11/site-packages/airflow/example_dags/example_branch_operator.py
[2025-01-15T13:01:40.349+0800] {processor.py:925} INFO - DAG(s) 'example_branch_operator' retrieved from /opt/anaconda3/envs/PyTorch/lib/python3.11/site-packages/airflow/example_dags/example_branch_operator.py
[2025-01-15T13:01:40.456+0800] {logging_mixin.py:190} INFO - [2025-01-15T13:01:40.456+0800] {dag.py:3239} INFO - Sync 1 DAGs
[2025-01-15T13:01:40.463+0800] {logging_mixin.py:190} INFO - [2025-01-15T13:01:40.463+0800] {dag.py:4180} INFO - Setting next_dagrun for example_branch_operator to 2025-01-14 00:00:00+00:00, run_after=2025-01-15 00:00:00+00:00
[2025-01-15T13:01:40.470+0800] {processor.py:208} INFO - Processing /opt/anaconda3/envs/PyTorch/lib/python3.11/site-packages/airflow/example_dags/example_branch_operator.py took 0.140 seconds
[2025-01-15T13:04:49.201+0800] {processor.py:186} INFO - Started process (PID=54941) to work on /opt/anaconda3/envs/PyTorch/lib/python3.11/site-packages/airflow/example_dags/example_branch_operator.py
[2025-01-15T13:04:49.202+0800] {processor.py:914} INFO - Processing file /opt/anaconda3/envs/PyTorch/lib/python3.11/site-packages/airflow/example_dags/example_branch_operator.py for tasks to queue
[2025-01-15T13:04:49.203+0800] {logging_mixin.py:190} INFO - [2025-01-15T13:04:49.203+0800] {dagbag.py:588} INFO - Filling up the DagBag from /opt/anaconda3/envs/PyTorch/lib/python3.11/site-packages/airflow/example_dags/example_branch_operator.py
[2025-01-15T13:04:49.218+0800] {processor.py:925} INFO - DAG(s) 'example_branch_operator' retrieved from /opt/anaconda3/envs/PyTorch/lib/python3.11/site-packages/airflow/example_dags/example_branch_operator.py
[2025-01-15T13:04:49.331+0800] {logging_mixin.py:190} INFO - [2025-01-15T13:04:49.331+0800] {dag.py:3239} INFO - Sync 1 DAGs
[2025-01-15T13:04:49.339+0800] {logging_mixin.py:190} INFO - [2025-01-15T13:04:49.339+0800] {dag.py:4180} INFO - Setting next_dagrun for example_branch_operator to 2025-01-14 00:00:00+00:00, run_after=2025-01-15 00:00:00+00:00
[2025-01-15T13:04:49.346+0800] {processor.py:208} INFO - Processing /opt/anaconda3/envs/PyTorch/lib/python3.11/site-packages/airflow/example_dags/example_branch_operator.py took 0.147 seconds
[2025-01-15T13:07:55.753+0800] {processor.py:186} INFO - Started process (PID=56664) to work on /opt/anaconda3/envs/PyTorch/lib/python3.11/site-packages/airflow/example_dags/example_branch_operator.py
[2025-01-15T13:07:55.754+0800] {processor.py:914} INFO - Processing file /opt/anaconda3/envs/PyTorch/lib/python3.11/site-packages/airflow/example_dags/example_branch_operator.py for tasks to queue
[2025-01-15T13:07:55.755+0800] {logging_mixin.py:190} INFO - [2025-01-15T13:07:55.755+0800] {dagbag.py:588} INFO - Filling up the DagBag from /opt/anaconda3/envs/PyTorch/lib/python3.11/site-packages/airflow/example_dags/example_branch_operator.py
[2025-01-15T13:07:55.771+0800] {processor.py:925} INFO - DAG(s) 'example_branch_operator' retrieved from /opt/anaconda3/envs/PyTorch/lib/python3.11/site-packages/airflow/example_dags/example_branch_operator.py
[2025-01-15T13:07:55.879+0800] {logging_mixin.py:190} INFO - [2025-01-15T13:07:55.879+0800] {dag.py:3239} INFO - Sync 1 DAGs
[2025-01-15T13:07:55.885+0800] {logging_mixin.py:190} INFO - [2025-01-15T13:07:55.885+0800] {dag.py:4180} INFO - Setting next_dagrun for example_branch_operator to 2025-01-14 00:00:00+00:00, run_after=2025-01-15 00:00:00+00:00
[2025-01-15T13:07:55.892+0800] {processor.py:208} INFO - Processing /opt/anaconda3/envs/PyTorch/lib/python3.11/site-packages/airflow/example_dags/example_branch_operator.py took 0.141 seconds
[2025-01-15T13:10:59.024+0800] {processor.py:186} INFO - Started process (PID=58404) to work on /opt/anaconda3/envs/PyTorch/lib/python3.11/site-packages/airflow/example_dags/example_branch_operator.py
[2025-01-15T13:10:59.025+0800] {processor.py:914} INFO - Processing file /opt/anaconda3/envs/PyTorch/lib/python3.11/site-packages/airflow/example_dags/example_branch_operator.py for tasks to queue
[2025-01-15T13:10:59.026+0800] {logging_mixin.py:190} INFO - [2025-01-15T13:10:59.026+0800] {dagbag.py:588} INFO - Filling up the DagBag from /opt/anaconda3/envs/PyTorch/lib/python3.11/site-packages/airflow/example_dags/example_branch_operator.py
[2025-01-15T13:10:59.041+0800] {processor.py:925} INFO - DAG(s) 'example_branch_operator' retrieved from /opt/anaconda3/envs/PyTorch/lib/python3.11/site-packages/airflow/example_dags/example_branch_operator.py
[2025-01-15T13:10:59.148+0800] {logging_mixin.py:190} INFO - [2025-01-15T13:10:59.148+0800] {dag.py:3239} INFO - Sync 1 DAGs
[2025-01-15T13:10:59.155+0800] {logging_mixin.py:190} INFO - [2025-01-15T13:10:59.154+0800] {dag.py:4180} INFO - Setting next_dagrun for example_branch_operator to 2025-01-14 00:00:00+00:00, run_after=2025-01-15 00:00:00+00:00
[2025-01-15T13:10:59.161+0800] {processor.py:208} INFO - Processing /opt/anaconda3/envs/PyTorch/lib/python3.11/site-packages/airflow/example_dags/example_branch_operator.py took 0.139 seconds
[2025-01-15T13:13:59.875+0800] {processor.py:186} INFO - Started process (PID=60046) to work on /opt/anaconda3/envs/PyTorch/lib/python3.11/site-packages/airflow/example_dags/example_branch_operator.py
[2025-01-15T13:13:59.876+0800] {processor.py:914} INFO - Processing file /opt/anaconda3/envs/PyTorch/lib/python3.11/site-packages/airflow/example_dags/example_branch_operator.py for tasks to queue
[2025-01-15T13:13:59.877+0800] {logging_mixin.py:190} INFO - [2025-01-15T13:13:59.877+0800] {dagbag.py:588} INFO - Filling up the DagBag from /opt/anaconda3/envs/PyTorch/lib/python3.11/site-packages/airflow/example_dags/example_branch_operator.py
[2025-01-15T13:13:59.892+0800] {processor.py:925} INFO - DAG(s) 'example_branch_operator' retrieved from /opt/anaconda3/envs/PyTorch/lib/python3.11/site-packages/airflow/example_dags/example_branch_operator.py
[2025-01-15T13:14:00.007+0800] {logging_mixin.py:190} INFO - [2025-01-15T13:14:00.006+0800] {dag.py:3239} INFO - Sync 1 DAGs
[2025-01-15T13:14:00.014+0800] {logging_mixin.py:190} INFO - [2025-01-15T13:14:00.014+0800] {dag.py:4180} INFO - Setting next_dagrun for example_branch_operator to 2025-01-14 00:00:00+00:00, run_after=2025-01-15 00:00:00+00:00
[2025-01-15T13:14:00.022+0800] {processor.py:208} INFO - Processing /opt/anaconda3/envs/PyTorch/lib/python3.11/site-packages/airflow/example_dags/example_branch_operator.py took 0.148 seconds
[2025-01-15T13:17:01.153+0800] {processor.py:186} INFO - Started process (PID=61643) to work on /opt/anaconda3/envs/PyTorch/lib/python3.11/site-packages/airflow/example_dags/example_branch_operator.py
[2025-01-15T13:17:01.154+0800] {processor.py:914} INFO - Processing file /opt/anaconda3/envs/PyTorch/lib/python3.11/site-packages/airflow/example_dags/example_branch_operator.py for tasks to queue
[2025-01-15T13:17:01.155+0800] {logging_mixin.py:190} INFO - [2025-01-15T13:17:01.155+0800] {dagbag.py:588} INFO - Filling up the DagBag from /opt/anaconda3/envs/PyTorch/lib/python3.11/site-packages/airflow/example_dags/example_branch_operator.py
[2025-01-15T13:17:01.170+0800] {processor.py:925} INFO - DAG(s) 'example_branch_operator' retrieved from /opt/anaconda3/envs/PyTorch/lib/python3.11/site-packages/airflow/example_dags/example_branch_operator.py
[2025-01-15T13:17:01.279+0800] {logging_mixin.py:190} INFO - [2025-01-15T13:17:01.279+0800] {dag.py:3239} INFO - Sync 1 DAGs
[2025-01-15T13:17:01.286+0800] {logging_mixin.py:190} INFO - [2025-01-15T13:17:01.286+0800] {dag.py:4180} INFO - Setting next_dagrun for example_branch_operator to 2025-01-14 00:00:00+00:00, run_after=2025-01-15 00:00:00+00:00
[2025-01-15T13:17:01.293+0800] {processor.py:208} INFO - Processing /opt/anaconda3/envs/PyTorch/lib/python3.11/site-packages/airflow/example_dags/example_branch_operator.py took 0.142 seconds
[2025-01-15T13:20:14.474+0800] {processor.py:186} INFO - Started process (PID=63420) to work on /opt/anaconda3/envs/PyTorch/lib/python3.11/site-packages/airflow/example_dags/example_branch_operator.py
[2025-01-15T13:20:14.475+0800] {processor.py:914} INFO - Processing file /opt/anaconda3/envs/PyTorch/lib/python3.11/site-packages/airflow/example_dags/example_branch_operator.py for tasks to queue
[2025-01-15T13:20:14.476+0800] {logging_mixin.py:190} INFO - [2025-01-15T13:20:14.476+0800] {dagbag.py:588} INFO - Filling up the DagBag from /opt/anaconda3/envs/PyTorch/lib/python3.11/site-packages/airflow/example_dags/example_branch_operator.py
[2025-01-15T13:20:14.497+0800] {processor.py:925} INFO - DAG(s) 'example_branch_operator' retrieved from /opt/anaconda3/envs/PyTorch/lib/python3.11/site-packages/airflow/example_dags/example_branch_operator.py
[2025-01-15T13:20:14.611+0800] {logging_mixin.py:190} INFO - [2025-01-15T13:20:14.611+0800] {dag.py:3239} INFO - Sync 1 DAGs
[2025-01-15T13:20:14.619+0800] {logging_mixin.py:190} INFO - [2025-01-15T13:20:14.619+0800] {dag.py:4180} INFO - Setting next_dagrun for example_branch_operator to 2025-01-14 00:00:00+00:00, run_after=2025-01-15 00:00:00+00:00
[2025-01-15T13:20:14.626+0800] {processor.py:208} INFO - Processing /opt/anaconda3/envs/PyTorch/lib/python3.11/site-packages/airflow/example_dags/example_branch_operator.py took 0.154 seconds
[2025-01-15T13:23:20.983+0800] {processor.py:186} INFO - Started process (PID=65133) to work on /opt/anaconda3/envs/PyTorch/lib/python3.11/site-packages/airflow/example_dags/example_branch_operator.py
[2025-01-15T13:23:20.984+0800] {processor.py:914} INFO - Processing file /opt/anaconda3/envs/PyTorch/lib/python3.11/site-packages/airflow/example_dags/example_branch_operator.py for tasks to queue
[2025-01-15T13:23:20.984+0800] {logging_mixin.py:190} INFO - [2025-01-15T13:23:20.984+0800] {dagbag.py:588} INFO - Filling up the DagBag from /opt/anaconda3/envs/PyTorch/lib/python3.11/site-packages/airflow/example_dags/example_branch_operator.py
[2025-01-15T13:23:21.001+0800] {processor.py:925} INFO - DAG(s) 'example_branch_operator' retrieved from /opt/anaconda3/envs/PyTorch/lib/python3.11/site-packages/airflow/example_dags/example_branch_operator.py
[2025-01-15T13:23:21.134+0800] {logging_mixin.py:190} INFO - [2025-01-15T13:23:21.133+0800] {dag.py:3239} INFO - Sync 1 DAGs
[2025-01-15T13:23:21.144+0800] {logging_mixin.py:190} INFO - [2025-01-15T13:23:21.144+0800] {dag.py:4180} INFO - Setting next_dagrun for example_branch_operator to 2025-01-14 00:00:00+00:00, run_after=2025-01-15 00:00:00+00:00
[2025-01-15T13:23:21.153+0800] {processor.py:208} INFO - Processing /opt/anaconda3/envs/PyTorch/lib/python3.11/site-packages/airflow/example_dags/example_branch_operator.py took 0.172 seconds
[2025-01-15T13:26:28.349+0800] {processor.py:186} INFO - Started process (PID=66771) to work on /opt/anaconda3/envs/PyTorch/lib/python3.11/site-packages/airflow/example_dags/example_branch_operator.py
[2025-01-15T13:26:28.350+0800] {processor.py:914} INFO - Processing file /opt/anaconda3/envs/PyTorch/lib/python3.11/site-packages/airflow/example_dags/example_branch_operator.py for tasks to queue
[2025-01-15T13:26:28.351+0800] {logging_mixin.py:190} INFO - [2025-01-15T13:26:28.351+0800] {dagbag.py:588} INFO - Filling up the DagBag from /opt/anaconda3/envs/PyTorch/lib/python3.11/site-packages/airflow/example_dags/example_branch_operator.py
[2025-01-15T13:26:28.366+0800] {processor.py:925} INFO - DAG(s) 'example_branch_operator' retrieved from /opt/anaconda3/envs/PyTorch/lib/python3.11/site-packages/airflow/example_dags/example_branch_operator.py
[2025-01-15T13:26:28.472+0800] {logging_mixin.py:190} INFO - [2025-01-15T13:26:28.472+0800] {dag.py:3239} INFO - Sync 1 DAGs
[2025-01-15T13:26:28.479+0800] {logging_mixin.py:190} INFO - [2025-01-15T13:26:28.479+0800] {dag.py:4180} INFO - Setting next_dagrun for example_branch_operator to 2025-01-14 00:00:00+00:00, run_after=2025-01-15 00:00:00+00:00
[2025-01-15T13:26:28.485+0800] {processor.py:208} INFO - Processing /opt/anaconda3/envs/PyTorch/lib/python3.11/site-packages/airflow/example_dags/example_branch_operator.py took 0.138 seconds
[2025-01-15T13:29:32.330+0800] {processor.py:186} INFO - Started process (PID=68402) to work on /opt/anaconda3/envs/PyTorch/lib/python3.11/site-packages/airflow/example_dags/example_branch_operator.py
[2025-01-15T13:29:32.332+0800] {processor.py:914} INFO - Processing file /opt/anaconda3/envs/PyTorch/lib/python3.11/site-packages/airflow/example_dags/example_branch_operator.py for tasks to queue
[2025-01-15T13:29:32.333+0800] {logging_mixin.py:190} INFO - [2025-01-15T13:29:32.333+0800] {dagbag.py:588} INFO - Filling up the DagBag from /opt/anaconda3/envs/PyTorch/lib/python3.11/site-packages/airflow/example_dags/example_branch_operator.py
[2025-01-15T13:29:32.349+0800] {processor.py:925} INFO - DAG(s) 'example_branch_operator' retrieved from /opt/anaconda3/envs/PyTorch/lib/python3.11/site-packages/airflow/example_dags/example_branch_operator.py
[2025-01-15T13:29:32.456+0800] {logging_mixin.py:190} INFO - [2025-01-15T13:29:32.456+0800] {dag.py:3239} INFO - Sync 1 DAGs
[2025-01-15T13:29:32.463+0800] {logging_mixin.py:190} INFO - [2025-01-15T13:29:32.463+0800] {dag.py:4180} INFO - Setting next_dagrun for example_branch_operator to 2025-01-14 00:00:00+00:00, run_after=2025-01-15 00:00:00+00:00
[2025-01-15T13:29:32.470+0800] {processor.py:208} INFO - Processing /opt/anaconda3/envs/PyTorch/lib/python3.11/site-packages/airflow/example_dags/example_branch_operator.py took 0.141 seconds
[2025-01-15T13:32:42.222+0800] {processor.py:186} INFO - Started process (PID=70136) to work on /opt/anaconda3/envs/PyTorch/lib/python3.11/site-packages/airflow/example_dags/example_branch_operator.py
[2025-01-15T13:32:42.223+0800] {processor.py:914} INFO - Processing file /opt/anaconda3/envs/PyTorch/lib/python3.11/site-packages/airflow/example_dags/example_branch_operator.py for tasks to queue
[2025-01-15T13:32:42.224+0800] {logging_mixin.py:190} INFO - [2025-01-15T13:32:42.224+0800] {dagbag.py:588} INFO - Filling up the DagBag from /opt/anaconda3/envs/PyTorch/lib/python3.11/site-packages/airflow/example_dags/example_branch_operator.py
[2025-01-15T13:32:42.239+0800] {processor.py:925} INFO - DAG(s) 'example_branch_operator' retrieved from /opt/anaconda3/envs/PyTorch/lib/python3.11/site-packages/airflow/example_dags/example_branch_operator.py
[2025-01-15T13:32:42.350+0800] {logging_mixin.py:190} INFO - [2025-01-15T13:32:42.350+0800] {dag.py:3239} INFO - Sync 1 DAGs
[2025-01-15T13:32:42.357+0800] {logging_mixin.py:190} INFO - [2025-01-15T13:32:42.357+0800] {dag.py:4180} INFO - Setting next_dagrun for example_branch_operator to 2025-01-14 00:00:00+00:00, run_after=2025-01-15 00:00:00+00:00
[2025-01-15T13:32:42.364+0800] {processor.py:208} INFO - Processing /opt/anaconda3/envs/PyTorch/lib/python3.11/site-packages/airflow/example_dags/example_branch_operator.py took 0.144 seconds
[2025-01-15T13:35:52.200+0800] {processor.py:186} INFO - Started process (PID=71858) to work on /opt/anaconda3/envs/PyTorch/lib/python3.11/site-packages/airflow/example_dags/example_branch_operator.py
[2025-01-15T13:35:52.200+0800] {processor.py:914} INFO - Processing file /opt/anaconda3/envs/PyTorch/lib/python3.11/site-packages/airflow/example_dags/example_branch_operator.py for tasks to queue
[2025-01-15T13:35:52.201+0800] {logging_mixin.py:190} INFO - [2025-01-15T13:35:52.201+0800] {dagbag.py:588} INFO - Filling up the DagBag from /opt/anaconda3/envs/PyTorch/lib/python3.11/site-packages/airflow/example_dags/example_branch_operator.py
[2025-01-15T13:35:52.217+0800] {processor.py:925} INFO - DAG(s) 'example_branch_operator' retrieved from /opt/anaconda3/envs/PyTorch/lib/python3.11/site-packages/airflow/example_dags/example_branch_operator.py
[2025-01-15T13:35:52.324+0800] {logging_mixin.py:190} INFO - [2025-01-15T13:35:52.324+0800] {dag.py:3239} INFO - Sync 1 DAGs
[2025-01-15T13:35:52.331+0800] {logging_mixin.py:190} INFO - [2025-01-15T13:35:52.331+0800] {dag.py:4180} INFO - Setting next_dagrun for example_branch_operator to 2025-01-14 00:00:00+00:00, run_after=2025-01-15 00:00:00+00:00
[2025-01-15T13:35:52.338+0800] {processor.py:208} INFO - Processing /opt/anaconda3/envs/PyTorch/lib/python3.11/site-packages/airflow/example_dags/example_branch_operator.py took 0.140 seconds
[2025-01-15T13:39:00.552+0800] {processor.py:186} INFO - Started process (PID=73629) to work on /opt/anaconda3/envs/PyTorch/lib/python3.11/site-packages/airflow/example_dags/example_branch_operator.py
[2025-01-15T13:39:00.553+0800] {processor.py:914} INFO - Processing file /opt/anaconda3/envs/PyTorch/lib/python3.11/site-packages/airflow/example_dags/example_branch_operator.py for tasks to queue
[2025-01-15T13:39:00.554+0800] {logging_mixin.py:190} INFO - [2025-01-15T13:39:00.553+0800] {dagbag.py:588} INFO - Filling up the DagBag from /opt/anaconda3/envs/PyTorch/lib/python3.11/site-packages/airflow/example_dags/example_branch_operator.py
[2025-01-15T13:39:00.572+0800] {processor.py:925} INFO - DAG(s) 'example_branch_operator' retrieved from /opt/anaconda3/envs/PyTorch/lib/python3.11/site-packages/airflow/example_dags/example_branch_operator.py
[2025-01-15T13:39:00.686+0800] {logging_mixin.py:190} INFO - [2025-01-15T13:39:00.686+0800] {dag.py:3239} INFO - Sync 1 DAGs
[2025-01-15T13:39:00.693+0800] {logging_mixin.py:190} INFO - [2025-01-15T13:39:00.693+0800] {dag.py:4180} INFO - Setting next_dagrun for example_branch_operator to 2025-01-14 00:00:00+00:00, run_after=2025-01-15 00:00:00+00:00
[2025-01-15T13:39:00.700+0800] {processor.py:208} INFO - Processing /opt/anaconda3/envs/PyTorch/lib/python3.11/site-packages/airflow/example_dags/example_branch_operator.py took 0.150 seconds
[2025-01-15T13:42:06.364+0800] {processor.py:186} INFO - Started process (PID=75295) to work on /opt/anaconda3/envs/PyTorch/lib/python3.11/site-packages/airflow/example_dags/example_branch_operator.py
[2025-01-15T13:42:06.366+0800] {processor.py:914} INFO - Processing file /opt/anaconda3/envs/PyTorch/lib/python3.11/site-packages/airflow/example_dags/example_branch_operator.py for tasks to queue
[2025-01-15T13:42:06.366+0800] {logging_mixin.py:190} INFO - [2025-01-15T13:42:06.366+0800] {dagbag.py:588} INFO - Filling up the DagBag from /opt/anaconda3/envs/PyTorch/lib/python3.11/site-packages/airflow/example_dags/example_branch_operator.py
[2025-01-15T13:42:06.382+0800] {processor.py:925} INFO - DAG(s) 'example_branch_operator' retrieved from /opt/anaconda3/envs/PyTorch/lib/python3.11/site-packages/airflow/example_dags/example_branch_operator.py
[2025-01-15T13:42:06.488+0800] {logging_mixin.py:190} INFO - [2025-01-15T13:42:06.488+0800] {dag.py:3239} INFO - Sync 1 DAGs
[2025-01-15T13:42:06.494+0800] {logging_mixin.py:190} INFO - [2025-01-15T13:42:06.494+0800] {dag.py:4180} INFO - Setting next_dagrun for example_branch_operator to 2025-01-14 00:00:00+00:00, run_after=2025-01-15 00:00:00+00:00
[2025-01-15T13:42:06.501+0800] {processor.py:208} INFO - Processing /opt/anaconda3/envs/PyTorch/lib/python3.11/site-packages/airflow/example_dags/example_branch_operator.py took 0.139 seconds
[2025-01-15T13:45:08.410+0800] {processor.py:186} INFO - Started process (PID=77029) to work on /opt/anaconda3/envs/PyTorch/lib/python3.11/site-packages/airflow/example_dags/example_branch_operator.py
[2025-01-15T13:45:08.411+0800] {processor.py:914} INFO - Processing file /opt/anaconda3/envs/PyTorch/lib/python3.11/site-packages/airflow/example_dags/example_branch_operator.py for tasks to queue
[2025-01-15T13:45:08.412+0800] {logging_mixin.py:190} INFO - [2025-01-15T13:45:08.412+0800] {dagbag.py:588} INFO - Filling up the DagBag from /opt/anaconda3/envs/PyTorch/lib/python3.11/site-packages/airflow/example_dags/example_branch_operator.py
[2025-01-15T13:45:08.427+0800] {processor.py:925} INFO - DAG(s) 'example_branch_operator' retrieved from /opt/anaconda3/envs/PyTorch/lib/python3.11/site-packages/airflow/example_dags/example_branch_operator.py
[2025-01-15T13:45:08.533+0800] {logging_mixin.py:190} INFO - [2025-01-15T13:45:08.533+0800] {dag.py:3239} INFO - Sync 1 DAGs
[2025-01-15T13:45:08.540+0800] {logging_mixin.py:190} INFO - [2025-01-15T13:45:08.540+0800] {dag.py:4180} INFO - Setting next_dagrun for example_branch_operator to 2025-01-14 00:00:00+00:00, run_after=2025-01-15 00:00:00+00:00
[2025-01-15T13:45:08.546+0800] {processor.py:208} INFO - Processing /opt/anaconda3/envs/PyTorch/lib/python3.11/site-packages/airflow/example_dags/example_branch_operator.py took 0.137 seconds
[2025-01-15T13:48:13.186+0800] {processor.py:186} INFO - Started process (PID=78800) to work on /opt/anaconda3/envs/PyTorch/lib/python3.11/site-packages/airflow/example_dags/example_branch_operator.py
[2025-01-15T13:48:13.188+0800] {processor.py:914} INFO - Processing file /opt/anaconda3/envs/PyTorch/lib/python3.11/site-packages/airflow/example_dags/example_branch_operator.py for tasks to queue
[2025-01-15T13:48:13.189+0800] {logging_mixin.py:190} INFO - [2025-01-15T13:48:13.189+0800] {dagbag.py:588} INFO - Filling up the DagBag from /opt/anaconda3/envs/PyTorch/lib/python3.11/site-packages/airflow/example_dags/example_branch_operator.py
[2025-01-15T13:48:13.211+0800] {processor.py:925} INFO - DAG(s) 'example_branch_operator' retrieved from /opt/anaconda3/envs/PyTorch/lib/python3.11/site-packages/airflow/example_dags/example_branch_operator.py
[2025-01-15T13:48:13.323+0800] {logging_mixin.py:190} INFO - [2025-01-15T13:48:13.323+0800] {dag.py:3239} INFO - Sync 1 DAGs
[2025-01-15T13:48:13.331+0800] {logging_mixin.py:190} INFO - [2025-01-15T13:48:13.331+0800] {dag.py:4180} INFO - Setting next_dagrun for example_branch_operator to 2025-01-14 00:00:00+00:00, run_after=2025-01-15 00:00:00+00:00
[2025-01-15T13:48:13.338+0800] {processor.py:208} INFO - Processing /opt/anaconda3/envs/PyTorch/lib/python3.11/site-packages/airflow/example_dags/example_branch_operator.py took 0.153 seconds
[2025-01-15T13:51:22.607+0800] {processor.py:186} INFO - Started process (PID=80627) to work on /opt/anaconda3/envs/PyTorch/lib/python3.11/site-packages/airflow/example_dags/example_branch_operator.py
[2025-01-15T13:51:22.608+0800] {processor.py:914} INFO - Processing file /opt/anaconda3/envs/PyTorch/lib/python3.11/site-packages/airflow/example_dags/example_branch_operator.py for tasks to queue
[2025-01-15T13:51:22.609+0800] {logging_mixin.py:190} INFO - [2025-01-15T13:51:22.609+0800] {dagbag.py:588} INFO - Filling up the DagBag from /opt/anaconda3/envs/PyTorch/lib/python3.11/site-packages/airflow/example_dags/example_branch_operator.py
[2025-01-15T13:51:22.625+0800] {processor.py:925} INFO - DAG(s) 'example_branch_operator' retrieved from /opt/anaconda3/envs/PyTorch/lib/python3.11/site-packages/airflow/example_dags/example_branch_operator.py
[2025-01-15T13:51:22.737+0800] {logging_mixin.py:190} INFO - [2025-01-15T13:51:22.736+0800] {dag.py:3239} INFO - Sync 1 DAGs
[2025-01-15T13:51:22.744+0800] {logging_mixin.py:190} INFO - [2025-01-15T13:51:22.743+0800] {dag.py:4180} INFO - Setting next_dagrun for example_branch_operator to 2025-01-14 00:00:00+00:00, run_after=2025-01-15 00:00:00+00:00
[2025-01-15T13:51:22.751+0800] {processor.py:208} INFO - Processing /opt/anaconda3/envs/PyTorch/lib/python3.11/site-packages/airflow/example_dags/example_branch_operator.py took 0.146 seconds
[2025-01-15T13:55:06.198+0800] {processor.py:186} INFO - Started process (PID=82641) to work on /opt/anaconda3/envs/PyTorch/lib/python3.11/site-packages/airflow/example_dags/example_branch_operator.py
[2025-01-15T13:55:06.200+0800] {processor.py:914} INFO - Processing file /opt/anaconda3/envs/PyTorch/lib/python3.11/site-packages/airflow/example_dags/example_branch_operator.py for tasks to queue
[2025-01-15T13:55:06.200+0800] {logging_mixin.py:190} INFO - [2025-01-15T13:55:06.200+0800] {dagbag.py:588} INFO - Filling up the DagBag from /opt/anaconda3/envs/PyTorch/lib/python3.11/site-packages/airflow/example_dags/example_branch_operator.py
[2025-01-15T13:55:06.217+0800] {processor.py:925} INFO - DAG(s) 'example_branch_operator' retrieved from /opt/anaconda3/envs/PyTorch/lib/python3.11/site-packages/airflow/example_dags/example_branch_operator.py
[2025-01-15T13:55:06.333+0800] {logging_mixin.py:190} INFO - [2025-01-15T13:55:06.333+0800] {dag.py:3239} INFO - Sync 1 DAGs
[2025-01-15T13:55:06.342+0800] {logging_mixin.py:190} INFO - [2025-01-15T13:55:06.342+0800] {dag.py:4180} INFO - Setting next_dagrun for example_branch_operator to 2025-01-14 00:00:00+00:00, run_after=2025-01-15 00:00:00+00:00
[2025-01-15T13:55:06.350+0800] {processor.py:208} INFO - Processing /opt/anaconda3/envs/PyTorch/lib/python3.11/site-packages/airflow/example_dags/example_branch_operator.py took 0.153 seconds
[2025-01-15T13:59:04.516+0800] {processor.py:186} INFO - Started process (PID=85013) to work on /opt/anaconda3/envs/PyTorch/lib/python3.11/site-packages/airflow/example_dags/example_branch_operator.py
[2025-01-15T13:59:04.518+0800] {processor.py:914} INFO - Processing file /opt/anaconda3/envs/PyTorch/lib/python3.11/site-packages/airflow/example_dags/example_branch_operator.py for tasks to queue
[2025-01-15T13:59:04.519+0800] {logging_mixin.py:190} INFO - [2025-01-15T13:59:04.518+0800] {dagbag.py:588} INFO - Filling up the DagBag from /opt/anaconda3/envs/PyTorch/lib/python3.11/site-packages/airflow/example_dags/example_branch_operator.py
[2025-01-15T13:59:04.535+0800] {processor.py:925} INFO - DAG(s) 'example_branch_operator' retrieved from /opt/anaconda3/envs/PyTorch/lib/python3.11/site-packages/airflow/example_dags/example_branch_operator.py
[2025-01-15T13:59:04.657+0800] {logging_mixin.py:190} INFO - [2025-01-15T13:59:04.657+0800] {dag.py:3239} INFO - Sync 1 DAGs
[2025-01-15T13:59:04.665+0800] {logging_mixin.py:190} INFO - [2025-01-15T13:59:04.664+0800] {dag.py:4180} INFO - Setting next_dagrun for example_branch_operator to 2025-01-14 00:00:00+00:00, run_after=2025-01-15 00:00:00+00:00
[2025-01-15T13:59:04.672+0800] {processor.py:208} INFO - Processing /opt/anaconda3/envs/PyTorch/lib/python3.11/site-packages/airflow/example_dags/example_branch_operator.py took 0.158 seconds
[2025-01-15T14:03:00.357+0800] {processor.py:186} INFO - Started process (PID=87224) to work on /opt/anaconda3/envs/PyTorch/lib/python3.11/site-packages/airflow/example_dags/example_branch_operator.py
[2025-01-15T14:03:00.358+0800] {processor.py:914} INFO - Processing file /opt/anaconda3/envs/PyTorch/lib/python3.11/site-packages/airflow/example_dags/example_branch_operator.py for tasks to queue
[2025-01-15T14:03:00.358+0800] {logging_mixin.py:190} INFO - [2025-01-15T14:03:00.358+0800] {dagbag.py:588} INFO - Filling up the DagBag from /opt/anaconda3/envs/PyTorch/lib/python3.11/site-packages/airflow/example_dags/example_branch_operator.py
[2025-01-15T14:03:00.374+0800] {processor.py:925} INFO - DAG(s) 'example_branch_operator' retrieved from /opt/anaconda3/envs/PyTorch/lib/python3.11/site-packages/airflow/example_dags/example_branch_operator.py
[2025-01-15T14:03:00.484+0800] {logging_mixin.py:190} INFO - [2025-01-15T14:03:00.484+0800] {dag.py:3239} INFO - Sync 1 DAGs
[2025-01-15T14:03:00.491+0800] {logging_mixin.py:190} INFO - [2025-01-15T14:03:00.491+0800] {dag.py:4180} INFO - Setting next_dagrun for example_branch_operator to 2025-01-14 00:00:00+00:00, run_after=2025-01-15 00:00:00+00:00
[2025-01-15T14:03:00.498+0800] {processor.py:208} INFO - Processing /opt/anaconda3/envs/PyTorch/lib/python3.11/site-packages/airflow/example_dags/example_branch_operator.py took 0.143 seconds
[2025-01-15T14:06:54.035+0800] {processor.py:186} INFO - Started process (PID=89452) to work on /opt/anaconda3/envs/PyTorch/lib/python3.11/site-packages/airflow/example_dags/example_branch_operator.py
[2025-01-15T14:06:54.037+0800] {processor.py:914} INFO - Processing file /opt/anaconda3/envs/PyTorch/lib/python3.11/site-packages/airflow/example_dags/example_branch_operator.py for tasks to queue
[2025-01-15T14:06:54.038+0800] {logging_mixin.py:190} INFO - [2025-01-15T14:06:54.038+0800] {dagbag.py:588} INFO - Filling up the DagBag from /opt/anaconda3/envs/PyTorch/lib/python3.11/site-packages/airflow/example_dags/example_branch_operator.py
[2025-01-15T14:06:54.054+0800] {processor.py:925} INFO - DAG(s) 'example_branch_operator' retrieved from /opt/anaconda3/envs/PyTorch/lib/python3.11/site-packages/airflow/example_dags/example_branch_operator.py
[2025-01-15T14:06:54.173+0800] {logging_mixin.py:190} INFO - [2025-01-15T14:06:54.172+0800] {dag.py:3239} INFO - Sync 1 DAGs
[2025-01-15T14:06:54.180+0800] {logging_mixin.py:190} INFO - [2025-01-15T14:06:54.180+0800] {dag.py:4180} INFO - Setting next_dagrun for example_branch_operator to 2025-01-14 00:00:00+00:00, run_after=2025-01-15 00:00:00+00:00
[2025-01-15T14:06:54.188+0800] {processor.py:208} INFO - Processing /opt/anaconda3/envs/PyTorch/lib/python3.11/site-packages/airflow/example_dags/example_branch_operator.py took 0.154 seconds
[2025-01-15T14:10:58.567+0800] {processor.py:186} INFO - Started process (PID=91773) to work on /opt/anaconda3/envs/PyTorch/lib/python3.11/site-packages/airflow/example_dags/example_branch_operator.py
[2025-01-15T14:10:58.568+0800] {processor.py:914} INFO - Processing file /opt/anaconda3/envs/PyTorch/lib/python3.11/site-packages/airflow/example_dags/example_branch_operator.py for tasks to queue
[2025-01-15T14:10:58.569+0800] {logging_mixin.py:190} INFO - [2025-01-15T14:10:58.569+0800] {dagbag.py:588} INFO - Filling up the DagBag from /opt/anaconda3/envs/PyTorch/lib/python3.11/site-packages/airflow/example_dags/example_branch_operator.py
[2025-01-15T14:10:58.586+0800] {processor.py:925} INFO - DAG(s) 'example_branch_operator' retrieved from /opt/anaconda3/envs/PyTorch/lib/python3.11/site-packages/airflow/example_dags/example_branch_operator.py
[2025-01-15T14:10:58.707+0800] {logging_mixin.py:190} INFO - [2025-01-15T14:10:58.707+0800] {dag.py:3239} INFO - Sync 1 DAGs
[2025-01-15T14:10:58.715+0800] {logging_mixin.py:190} INFO - [2025-01-15T14:10:58.715+0800] {dag.py:4180} INFO - Setting next_dagrun for example_branch_operator to 2025-01-14 00:00:00+00:00, run_after=2025-01-15 00:00:00+00:00
[2025-01-15T14:10:58.722+0800] {processor.py:208} INFO - Processing /opt/anaconda3/envs/PyTorch/lib/python3.11/site-packages/airflow/example_dags/example_branch_operator.py took 0.158 seconds
[2025-01-15T14:14:32.864+0800] {processor.py:186} INFO - Started process (PID=93768) to work on /opt/anaconda3/envs/PyTorch/lib/python3.11/site-packages/airflow/example_dags/example_branch_operator.py
[2025-01-15T14:14:32.865+0800] {processor.py:914} INFO - Processing file /opt/anaconda3/envs/PyTorch/lib/python3.11/site-packages/airflow/example_dags/example_branch_operator.py for tasks to queue
[2025-01-15T14:14:32.866+0800] {logging_mixin.py:190} INFO - [2025-01-15T14:14:32.865+0800] {dagbag.py:588} INFO - Filling up the DagBag from /opt/anaconda3/envs/PyTorch/lib/python3.11/site-packages/airflow/example_dags/example_branch_operator.py
[2025-01-15T14:14:32.881+0800] {processor.py:925} INFO - DAG(s) 'example_branch_operator' retrieved from /opt/anaconda3/envs/PyTorch/lib/python3.11/site-packages/airflow/example_dags/example_branch_operator.py
[2025-01-15T14:14:32.998+0800] {logging_mixin.py:190} INFO - [2025-01-15T14:14:32.998+0800] {dag.py:3239} INFO - Sync 1 DAGs
[2025-01-15T14:14:33.005+0800] {logging_mixin.py:190} INFO - [2025-01-15T14:14:33.005+0800] {dag.py:4180} INFO - Setting next_dagrun for example_branch_operator to 2025-01-14 00:00:00+00:00, run_after=2025-01-15 00:00:00+00:00
[2025-01-15T14:14:33.012+0800] {processor.py:208} INFO - Processing /opt/anaconda3/envs/PyTorch/lib/python3.11/site-packages/airflow/example_dags/example_branch_operator.py took 0.150 seconds
[2025-01-15T14:18:28.634+0800] {processor.py:186} INFO - Started process (PID=95990) to work on /opt/anaconda3/envs/PyTorch/lib/python3.11/site-packages/airflow/example_dags/example_branch_operator.py
[2025-01-15T14:18:28.635+0800] {processor.py:914} INFO - Processing file /opt/anaconda3/envs/PyTorch/lib/python3.11/site-packages/airflow/example_dags/example_branch_operator.py for tasks to queue
[2025-01-15T14:18:28.636+0800] {logging_mixin.py:190} INFO - [2025-01-15T14:18:28.636+0800] {dagbag.py:588} INFO - Filling up the DagBag from /opt/anaconda3/envs/PyTorch/lib/python3.11/site-packages/airflow/example_dags/example_branch_operator.py
[2025-01-15T14:18:28.653+0800] {processor.py:925} INFO - DAG(s) 'example_branch_operator' retrieved from /opt/anaconda3/envs/PyTorch/lib/python3.11/site-packages/airflow/example_dags/example_branch_operator.py
[2025-01-15T14:18:28.774+0800] {logging_mixin.py:190} INFO - [2025-01-15T14:18:28.774+0800] {dag.py:3239} INFO - Sync 1 DAGs
[2025-01-15T14:18:28.781+0800] {logging_mixin.py:190} INFO - [2025-01-15T14:18:28.781+0800] {dag.py:4180} INFO - Setting next_dagrun for example_branch_operator to 2025-01-14 00:00:00+00:00, run_after=2025-01-15 00:00:00+00:00
[2025-01-15T14:18:28.789+0800] {processor.py:208} INFO - Processing /opt/anaconda3/envs/PyTorch/lib/python3.11/site-packages/airflow/example_dags/example_branch_operator.py took 0.157 seconds
[2025-01-15T14:22:22.871+0800] {processor.py:186} INFO - Started process (PID=98119) to work on /opt/anaconda3/envs/PyTorch/lib/python3.11/site-packages/airflow/example_dags/example_branch_operator.py
[2025-01-15T14:22:22.872+0800] {processor.py:914} INFO - Processing file /opt/anaconda3/envs/PyTorch/lib/python3.11/site-packages/airflow/example_dags/example_branch_operator.py for tasks to queue
[2025-01-15T14:22:22.873+0800] {logging_mixin.py:190} INFO - [2025-01-15T14:22:22.873+0800] {dagbag.py:588} INFO - Filling up the DagBag from /opt/anaconda3/envs/PyTorch/lib/python3.11/site-packages/airflow/example_dags/example_branch_operator.py
[2025-01-15T14:22:22.888+0800] {processor.py:925} INFO - DAG(s) 'example_branch_operator' retrieved from /opt/anaconda3/envs/PyTorch/lib/python3.11/site-packages/airflow/example_dags/example_branch_operator.py
[2025-01-15T14:22:22.992+0800] {logging_mixin.py:190} INFO - [2025-01-15T14:22:22.992+0800] {dag.py:3239} INFO - Sync 1 DAGs
[2025-01-15T14:22:22.999+0800] {logging_mixin.py:190} INFO - [2025-01-15T14:22:22.999+0800] {dag.py:4180} INFO - Setting next_dagrun for example_branch_operator to 2025-01-14 00:00:00+00:00, run_after=2025-01-15 00:00:00+00:00
[2025-01-15T14:22:23.006+0800] {processor.py:208} INFO - Processing /opt/anaconda3/envs/PyTorch/lib/python3.11/site-packages/airflow/example_dags/example_branch_operator.py took 0.137 seconds
[2025-01-15T14:26:07.299+0800] {processor.py:186} INFO - Started process (PID=303) to work on /opt/anaconda3/envs/PyTorch/lib/python3.11/site-packages/airflow/example_dags/example_branch_operator.py
[2025-01-15T14:26:07.301+0800] {processor.py:914} INFO - Processing file /opt/anaconda3/envs/PyTorch/lib/python3.11/site-packages/airflow/example_dags/example_branch_operator.py for tasks to queue
[2025-01-15T14:26:07.302+0800] {logging_mixin.py:190} INFO - [2025-01-15T14:26:07.301+0800] {dagbag.py:588} INFO - Filling up the DagBag from /opt/anaconda3/envs/PyTorch/lib/python3.11/site-packages/airflow/example_dags/example_branch_operator.py
[2025-01-15T14:26:07.317+0800] {processor.py:925} INFO - DAG(s) 'example_branch_operator' retrieved from /opt/anaconda3/envs/PyTorch/lib/python3.11/site-packages/airflow/example_dags/example_branch_operator.py
[2025-01-15T14:26:07.421+0800] {logging_mixin.py:190} INFO - [2025-01-15T14:26:07.421+0800] {dag.py:3239} INFO - Sync 1 DAGs
[2025-01-15T14:26:07.428+0800] {logging_mixin.py:190} INFO - [2025-01-15T14:26:07.428+0800] {dag.py:4180} INFO - Setting next_dagrun for example_branch_operator to 2025-01-14 00:00:00+00:00, run_after=2025-01-15 00:00:00+00:00
[2025-01-15T14:26:07.434+0800] {processor.py:208} INFO - Processing /opt/anaconda3/envs/PyTorch/lib/python3.11/site-packages/airflow/example_dags/example_branch_operator.py took 0.137 seconds
[2025-01-15T14:29:39.416+0800] {processor.py:186} INFO - Started process (PID=3025) to work on /opt/anaconda3/envs/PyTorch/lib/python3.11/site-packages/airflow/example_dags/example_branch_operator.py
[2025-01-15T14:29:39.417+0800] {processor.py:914} INFO - Processing file /opt/anaconda3/envs/PyTorch/lib/python3.11/site-packages/airflow/example_dags/example_branch_operator.py for tasks to queue
[2025-01-15T14:29:39.418+0800] {logging_mixin.py:190} INFO - [2025-01-15T14:29:39.418+0800] {dagbag.py:588} INFO - Filling up the DagBag from /opt/anaconda3/envs/PyTorch/lib/python3.11/site-packages/airflow/example_dags/example_branch_operator.py
[2025-01-15T14:29:39.434+0800] {processor.py:925} INFO - DAG(s) 'example_branch_operator' retrieved from /opt/anaconda3/envs/PyTorch/lib/python3.11/site-packages/airflow/example_dags/example_branch_operator.py
[2025-01-15T14:29:39.548+0800] {logging_mixin.py:190} INFO - [2025-01-15T14:29:39.548+0800] {dag.py:3239} INFO - Sync 1 DAGs
[2025-01-15T14:29:39.555+0800] {logging_mixin.py:190} INFO - [2025-01-15T14:29:39.555+0800] {dag.py:4180} INFO - Setting next_dagrun for example_branch_operator to 2025-01-14 00:00:00+00:00, run_after=2025-01-15 00:00:00+00:00
[2025-01-15T14:29:39.562+0800] {processor.py:208} INFO - Processing /opt/anaconda3/envs/PyTorch/lib/python3.11/site-packages/airflow/example_dags/example_branch_operator.py took 0.148 seconds
