[2025-01-15T11:50:25.882+0800] {processor.py:186} INFO - Started process (PID=15306) to work on /opt/anaconda3/envs/PyTorch/lib/python3.11/site-packages/airflow/example_dags/example_kubernetes_executor.py
[2025-01-15T11:50:25.883+0800] {processor.py:914} INFO - Processing file /opt/anaconda3/envs/PyTorch/lib/python3.11/site-packages/airflow/example_dags/example_kubernetes_executor.py for tasks to queue
[2025-01-15T11:50:25.883+0800] {logging_mixin.py:190} INFO - [2025-01-15T11:50:25.883+0800] {dagbag.py:588} INFO - Filling up the DagBag from /opt/anaconda3/envs/PyTorch/lib/python3.11/site-packages/airflow/example_dags/example_kubernetes_executor.py
[2025-01-15T11:50:25.899+0800] {logging_mixin.py:190} INFO - [2025-01-15T11:50:25.899+0800] {example_kubernetes_executor.py:39} WARNING - The example_kubernetes_executor example DAG requires the kubernetes provider. Please install it with: pip install apache-airflow[cncf.kubernetes]
[2025-01-15T11:50:25.899+0800] {processor.py:927} WARNING - No viable dags retrieved from /opt/anaconda3/envs/PyTorch/lib/python3.11/site-packages/airflow/example_dags/example_kubernetes_executor.py
[2025-01-15T11:50:25.929+0800] {processor.py:208} INFO - Processing /opt/anaconda3/envs/PyTorch/lib/python3.11/site-packages/airflow/example_dags/example_kubernetes_executor.py took 0.049 seconds
[2025-01-15T11:56:58.210+0800] {processor.py:186} INFO - Started process (PID=18583) to work on /opt/anaconda3/envs/PyTorch/lib/python3.11/site-packages/airflow/example_dags/example_kubernetes_executor.py
[2025-01-15T11:56:58.211+0800] {processor.py:914} INFO - Processing file /opt/anaconda3/envs/PyTorch/lib/python3.11/site-packages/airflow/example_dags/example_kubernetes_executor.py for tasks to queue
[2025-01-15T11:56:58.212+0800] {logging_mixin.py:190} INFO - [2025-01-15T11:56:58.212+0800] {dagbag.py:588} INFO - Filling up the DagBag from /opt/anaconda3/envs/PyTorch/lib/python3.11/site-packages/airflow/example_dags/example_kubernetes_executor.py
[2025-01-15T11:56:58.228+0800] {logging_mixin.py:190} INFO - [2025-01-15T11:56:58.228+0800] {example_kubernetes_executor.py:39} WARNING - The example_kubernetes_executor example DAG requires the kubernetes provider. Please install it with: pip install apache-airflow[cncf.kubernetes]
[2025-01-15T11:56:58.228+0800] {processor.py:927} WARNING - No viable dags retrieved from /opt/anaconda3/envs/PyTorch/lib/python3.11/site-packages/airflow/example_dags/example_kubernetes_executor.py
[2025-01-15T11:56:58.262+0800] {processor.py:208} INFO - Processing /opt/anaconda3/envs/PyTorch/lib/python3.11/site-packages/airflow/example_dags/example_kubernetes_executor.py took 0.053 seconds
[2025-01-15T11:58:53.685+0800] {processor.py:186} INFO - Started process (PID=19625) to work on /opt/anaconda3/envs/PyTorch/lib/python3.11/site-packages/airflow/example_dags/example_kubernetes_executor.py
[2025-01-15T11:58:53.686+0800] {processor.py:914} INFO - Processing file /opt/anaconda3/envs/PyTorch/lib/python3.11/site-packages/airflow/example_dags/example_kubernetes_executor.py for tasks to queue
[2025-01-15T11:58:53.687+0800] {logging_mixin.py:190} INFO - [2025-01-15T11:58:53.687+0800] {dagbag.py:588} INFO - Filling up the DagBag from /opt/anaconda3/envs/PyTorch/lib/python3.11/site-packages/airflow/example_dags/example_kubernetes_executor.py
[2025-01-15T11:58:53.702+0800] {logging_mixin.py:190} INFO - [2025-01-15T11:58:53.702+0800] {example_kubernetes_executor.py:39} WARNING - The example_kubernetes_executor example DAG requires the kubernetes provider. Please install it with: pip install apache-airflow[cncf.kubernetes]
[2025-01-15T11:58:53.702+0800] {processor.py:927} WARNING - No viable dags retrieved from /opt/anaconda3/envs/PyTorch/lib/python3.11/site-packages/airflow/example_dags/example_kubernetes_executor.py
[2025-01-15T11:58:53.732+0800] {processor.py:208} INFO - Processing /opt/anaconda3/envs/PyTorch/lib/python3.11/site-packages/airflow/example_dags/example_kubernetes_executor.py took 0.049 seconds
[2025-01-15T12:00:51.160+0800] {processor.py:186} INFO - Started process (PID=20671) to work on /opt/anaconda3/envs/PyTorch/lib/python3.11/site-packages/airflow/example_dags/example_kubernetes_executor.py
[2025-01-15T12:00:51.161+0800] {processor.py:914} INFO - Processing file /opt/anaconda3/envs/PyTorch/lib/python3.11/site-packages/airflow/example_dags/example_kubernetes_executor.py for tasks to queue
[2025-01-15T12:00:51.161+0800] {logging_mixin.py:190} INFO - [2025-01-15T12:00:51.161+0800] {dagbag.py:588} INFO - Filling up the DagBag from /opt/anaconda3/envs/PyTorch/lib/python3.11/site-packages/airflow/example_dags/example_kubernetes_executor.py
[2025-01-15T12:00:51.178+0800] {logging_mixin.py:190} INFO - [2025-01-15T12:00:51.178+0800] {example_kubernetes_executor.py:39} WARNING - The example_kubernetes_executor example DAG requires the kubernetes provider. Please install it with: pip install apache-airflow[cncf.kubernetes]
[2025-01-15T12:00:51.179+0800] {processor.py:927} WARNING - No viable dags retrieved from /opt/anaconda3/envs/PyTorch/lib/python3.11/site-packages/airflow/example_dags/example_kubernetes_executor.py
[2025-01-15T12:00:51.211+0800] {processor.py:208} INFO - Processing /opt/anaconda3/envs/PyTorch/lib/python3.11/site-packages/airflow/example_dags/example_kubernetes_executor.py took 0.053 seconds
[2025-01-15T12:03:44.649+0800] {processor.py:186} INFO - Started process (PID=22194) to work on /opt/anaconda3/envs/PyTorch/lib/python3.11/site-packages/airflow/example_dags/example_kubernetes_executor.py
[2025-01-15T12:03:44.650+0800] {processor.py:914} INFO - Processing file /opt/anaconda3/envs/PyTorch/lib/python3.11/site-packages/airflow/example_dags/example_kubernetes_executor.py for tasks to queue
[2025-01-15T12:03:44.651+0800] {logging_mixin.py:190} INFO - [2025-01-15T12:03:44.651+0800] {dagbag.py:588} INFO - Filling up the DagBag from /opt/anaconda3/envs/PyTorch/lib/python3.11/site-packages/airflow/example_dags/example_kubernetes_executor.py
[2025-01-15T12:03:44.666+0800] {logging_mixin.py:190} INFO - [2025-01-15T12:03:44.666+0800] {example_kubernetes_executor.py:39} WARNING - The example_kubernetes_executor example DAG requires the kubernetes provider. Please install it with: pip install apache-airflow[cncf.kubernetes]
[2025-01-15T12:03:44.666+0800] {processor.py:927} WARNING - No viable dags retrieved from /opt/anaconda3/envs/PyTorch/lib/python3.11/site-packages/airflow/example_dags/example_kubernetes_executor.py
[2025-01-15T12:03:44.697+0800] {processor.py:208} INFO - Processing /opt/anaconda3/envs/PyTorch/lib/python3.11/site-packages/airflow/example_dags/example_kubernetes_executor.py took 0.049 seconds
[2025-01-15T12:06:37.732+0800] {processor.py:186} INFO - Started process (PID=23760) to work on /opt/anaconda3/envs/PyTorch/lib/python3.11/site-packages/airflow/example_dags/example_kubernetes_executor.py
[2025-01-15T12:06:37.733+0800] {processor.py:914} INFO - Processing file /opt/anaconda3/envs/PyTorch/lib/python3.11/site-packages/airflow/example_dags/example_kubernetes_executor.py for tasks to queue
[2025-01-15T12:06:37.734+0800] {logging_mixin.py:190} INFO - [2025-01-15T12:06:37.734+0800] {dagbag.py:588} INFO - Filling up the DagBag from /opt/anaconda3/envs/PyTorch/lib/python3.11/site-packages/airflow/example_dags/example_kubernetes_executor.py
[2025-01-15T12:06:37.749+0800] {logging_mixin.py:190} INFO - [2025-01-15T12:06:37.749+0800] {example_kubernetes_executor.py:39} WARNING - The example_kubernetes_executor example DAG requires the kubernetes provider. Please install it with: pip install apache-airflow[cncf.kubernetes]
[2025-01-15T12:06:37.749+0800] {processor.py:927} WARNING - No viable dags retrieved from /opt/anaconda3/envs/PyTorch/lib/python3.11/site-packages/airflow/example_dags/example_kubernetes_executor.py
[2025-01-15T12:06:37.780+0800] {processor.py:208} INFO - Processing /opt/anaconda3/envs/PyTorch/lib/python3.11/site-packages/airflow/example_dags/example_kubernetes_executor.py took 0.049 seconds
[2025-01-15T12:09:34.203+0800] {processor.py:186} INFO - Started process (PID=25351) to work on /opt/anaconda3/envs/PyTorch/lib/python3.11/site-packages/airflow/example_dags/example_kubernetes_executor.py
[2025-01-15T12:09:34.203+0800] {processor.py:914} INFO - Processing file /opt/anaconda3/envs/PyTorch/lib/python3.11/site-packages/airflow/example_dags/example_kubernetes_executor.py for tasks to queue
[2025-01-15T12:09:34.204+0800] {logging_mixin.py:190} INFO - [2025-01-15T12:09:34.204+0800] {dagbag.py:588} INFO - Filling up the DagBag from /opt/anaconda3/envs/PyTorch/lib/python3.11/site-packages/airflow/example_dags/example_kubernetes_executor.py
[2025-01-15T12:09:34.219+0800] {logging_mixin.py:190} INFO - [2025-01-15T12:09:34.219+0800] {example_kubernetes_executor.py:39} WARNING - The example_kubernetes_executor example DAG requires the kubernetes provider. Please install it with: pip install apache-airflow[cncf.kubernetes]
[2025-01-15T12:09:34.219+0800] {processor.py:927} WARNING - No viable dags retrieved from /opt/anaconda3/envs/PyTorch/lib/python3.11/site-packages/airflow/example_dags/example_kubernetes_executor.py
[2025-01-15T12:09:34.250+0800] {processor.py:208} INFO - Processing /opt/anaconda3/envs/PyTorch/lib/python3.11/site-packages/airflow/example_dags/example_kubernetes_executor.py took 0.049 seconds
[2025-01-15T12:12:31.466+0800] {processor.py:186} INFO - Started process (PID=26967) to work on /opt/anaconda3/envs/PyTorch/lib/python3.11/site-packages/airflow/example_dags/example_kubernetes_executor.py
[2025-01-15T12:12:31.467+0800] {processor.py:914} INFO - Processing file /opt/anaconda3/envs/PyTorch/lib/python3.11/site-packages/airflow/example_dags/example_kubernetes_executor.py for tasks to queue
[2025-01-15T12:12:31.467+0800] {logging_mixin.py:190} INFO - [2025-01-15T12:12:31.467+0800] {dagbag.py:588} INFO - Filling up the DagBag from /opt/anaconda3/envs/PyTorch/lib/python3.11/site-packages/airflow/example_dags/example_kubernetes_executor.py
[2025-01-15T12:12:31.485+0800] {logging_mixin.py:190} INFO - [2025-01-15T12:12:31.484+0800] {example_kubernetes_executor.py:39} WARNING - The example_kubernetes_executor example DAG requires the kubernetes provider. Please install it with: pip install apache-airflow[cncf.kubernetes]
[2025-01-15T12:12:31.485+0800] {processor.py:927} WARNING - No viable dags retrieved from /opt/anaconda3/envs/PyTorch/lib/python3.11/site-packages/airflow/example_dags/example_kubernetes_executor.py
[2025-01-15T12:12:31.518+0800] {processor.py:208} INFO - Processing /opt/anaconda3/envs/PyTorch/lib/python3.11/site-packages/airflow/example_dags/example_kubernetes_executor.py took 0.054 seconds
[2025-01-15T12:15:28.148+0800] {processor.py:186} INFO - Started process (PID=28509) to work on /opt/anaconda3/envs/PyTorch/lib/python3.11/site-packages/airflow/example_dags/example_kubernetes_executor.py
[2025-01-15T12:15:28.149+0800] {processor.py:914} INFO - Processing file /opt/anaconda3/envs/PyTorch/lib/python3.11/site-packages/airflow/example_dags/example_kubernetes_executor.py for tasks to queue
[2025-01-15T12:15:28.150+0800] {logging_mixin.py:190} INFO - [2025-01-15T12:15:28.149+0800] {dagbag.py:588} INFO - Filling up the DagBag from /opt/anaconda3/envs/PyTorch/lib/python3.11/site-packages/airflow/example_dags/example_kubernetes_executor.py
[2025-01-15T12:15:28.164+0800] {logging_mixin.py:190} INFO - [2025-01-15T12:15:28.164+0800] {example_kubernetes_executor.py:39} WARNING - The example_kubernetes_executor example DAG requires the kubernetes provider. Please install it with: pip install apache-airflow[cncf.kubernetes]
[2025-01-15T12:15:28.164+0800] {processor.py:927} WARNING - No viable dags retrieved from /opt/anaconda3/envs/PyTorch/lib/python3.11/site-packages/airflow/example_dags/example_kubernetes_executor.py
[2025-01-15T12:15:28.194+0800] {processor.py:208} INFO - Processing /opt/anaconda3/envs/PyTorch/lib/python3.11/site-packages/airflow/example_dags/example_kubernetes_executor.py took 0.048 seconds
[2025-01-15T12:18:25.209+0800] {processor.py:186} INFO - Started process (PID=30110) to work on /opt/anaconda3/envs/PyTorch/lib/python3.11/site-packages/airflow/example_dags/example_kubernetes_executor.py
[2025-01-15T12:18:25.211+0800] {processor.py:914} INFO - Processing file /opt/anaconda3/envs/PyTorch/lib/python3.11/site-packages/airflow/example_dags/example_kubernetes_executor.py for tasks to queue
[2025-01-15T12:18:25.211+0800] {logging_mixin.py:190} INFO - [2025-01-15T12:18:25.211+0800] {dagbag.py:588} INFO - Filling up the DagBag from /opt/anaconda3/envs/PyTorch/lib/python3.11/site-packages/airflow/example_dags/example_kubernetes_executor.py
[2025-01-15T12:18:25.229+0800] {logging_mixin.py:190} INFO - [2025-01-15T12:18:25.228+0800] {example_kubernetes_executor.py:39} WARNING - The example_kubernetes_executor example DAG requires the kubernetes provider. Please install it with: pip install apache-airflow[cncf.kubernetes]
[2025-01-15T12:18:25.229+0800] {processor.py:927} WARNING - No viable dags retrieved from /opt/anaconda3/envs/PyTorch/lib/python3.11/site-packages/airflow/example_dags/example_kubernetes_executor.py
[2025-01-15T12:18:25.260+0800] {processor.py:208} INFO - Processing /opt/anaconda3/envs/PyTorch/lib/python3.11/site-packages/airflow/example_dags/example_kubernetes_executor.py took 0.052 seconds
[2025-01-15T12:21:23.251+0800] {processor.py:186} INFO - Started process (PID=31664) to work on /opt/anaconda3/envs/PyTorch/lib/python3.11/site-packages/airflow/example_dags/example_kubernetes_executor.py
[2025-01-15T12:21:23.251+0800] {processor.py:914} INFO - Processing file /opt/anaconda3/envs/PyTorch/lib/python3.11/site-packages/airflow/example_dags/example_kubernetes_executor.py for tasks to queue
[2025-01-15T12:21:23.252+0800] {logging_mixin.py:190} INFO - [2025-01-15T12:21:23.252+0800] {dagbag.py:588} INFO - Filling up the DagBag from /opt/anaconda3/envs/PyTorch/lib/python3.11/site-packages/airflow/example_dags/example_kubernetes_executor.py
[2025-01-15T12:21:23.267+0800] {logging_mixin.py:190} INFO - [2025-01-15T12:21:23.267+0800] {example_kubernetes_executor.py:39} WARNING - The example_kubernetes_executor example DAG requires the kubernetes provider. Please install it with: pip install apache-airflow[cncf.kubernetes]
[2025-01-15T12:21:23.268+0800] {processor.py:927} WARNING - No viable dags retrieved from /opt/anaconda3/envs/PyTorch/lib/python3.11/site-packages/airflow/example_dags/example_kubernetes_executor.py
[2025-01-15T12:21:23.299+0800] {processor.py:208} INFO - Processing /opt/anaconda3/envs/PyTorch/lib/python3.11/site-packages/airflow/example_dags/example_kubernetes_executor.py took 0.050 seconds
[2025-01-15T12:24:27.015+0800] {processor.py:186} INFO - Started process (PID=33281) to work on /opt/anaconda3/envs/PyTorch/lib/python3.11/site-packages/airflow/example_dags/example_kubernetes_executor.py
[2025-01-15T12:24:27.017+0800] {processor.py:914} INFO - Processing file /opt/anaconda3/envs/PyTorch/lib/python3.11/site-packages/airflow/example_dags/example_kubernetes_executor.py for tasks to queue
[2025-01-15T12:24:27.017+0800] {logging_mixin.py:190} INFO - [2025-01-15T12:24:27.017+0800] {dagbag.py:588} INFO - Filling up the DagBag from /opt/anaconda3/envs/PyTorch/lib/python3.11/site-packages/airflow/example_dags/example_kubernetes_executor.py
[2025-01-15T12:24:27.033+0800] {logging_mixin.py:190} INFO - [2025-01-15T12:24:27.033+0800] {example_kubernetes_executor.py:39} WARNING - The example_kubernetes_executor example DAG requires the kubernetes provider. Please install it with: pip install apache-airflow[cncf.kubernetes]
[2025-01-15T12:24:27.033+0800] {processor.py:927} WARNING - No viable dags retrieved from /opt/anaconda3/envs/PyTorch/lib/python3.11/site-packages/airflow/example_dags/example_kubernetes_executor.py
[2025-01-15T12:24:27.064+0800] {processor.py:208} INFO - Processing /opt/anaconda3/envs/PyTorch/lib/python3.11/site-packages/airflow/example_dags/example_kubernetes_executor.py took 0.051 seconds
[2025-01-15T12:27:22.901+0800] {processor.py:186} INFO - Started process (PID=34845) to work on /opt/anaconda3/envs/PyTorch/lib/python3.11/site-packages/airflow/example_dags/example_kubernetes_executor.py
[2025-01-15T12:27:22.903+0800] {processor.py:914} INFO - Processing file /opt/anaconda3/envs/PyTorch/lib/python3.11/site-packages/airflow/example_dags/example_kubernetes_executor.py for tasks to queue
[2025-01-15T12:27:22.904+0800] {logging_mixin.py:190} INFO - [2025-01-15T12:27:22.903+0800] {dagbag.py:588} INFO - Filling up the DagBag from /opt/anaconda3/envs/PyTorch/lib/python3.11/site-packages/airflow/example_dags/example_kubernetes_executor.py
[2025-01-15T12:27:22.919+0800] {logging_mixin.py:190} INFO - [2025-01-15T12:27:22.919+0800] {example_kubernetes_executor.py:39} WARNING - The example_kubernetes_executor example DAG requires the kubernetes provider. Please install it with: pip install apache-airflow[cncf.kubernetes]
[2025-01-15T12:27:22.919+0800] {processor.py:927} WARNING - No viable dags retrieved from /opt/anaconda3/envs/PyTorch/lib/python3.11/site-packages/airflow/example_dags/example_kubernetes_executor.py
[2025-01-15T12:27:22.952+0800] {processor.py:208} INFO - Processing /opt/anaconda3/envs/PyTorch/lib/python3.11/site-packages/airflow/example_dags/example_kubernetes_executor.py took 0.052 seconds
[2025-01-15T12:30:19.351+0800] {processor.py:186} INFO - Started process (PID=36373) to work on /opt/anaconda3/envs/PyTorch/lib/python3.11/site-packages/airflow/example_dags/example_kubernetes_executor.py
[2025-01-15T12:30:19.352+0800] {processor.py:914} INFO - Processing file /opt/anaconda3/envs/PyTorch/lib/python3.11/site-packages/airflow/example_dags/example_kubernetes_executor.py for tasks to queue
[2025-01-15T12:30:19.353+0800] {logging_mixin.py:190} INFO - [2025-01-15T12:30:19.353+0800] {dagbag.py:588} INFO - Filling up the DagBag from /opt/anaconda3/envs/PyTorch/lib/python3.11/site-packages/airflow/example_dags/example_kubernetes_executor.py
[2025-01-15T12:30:19.368+0800] {logging_mixin.py:190} INFO - [2025-01-15T12:30:19.368+0800] {example_kubernetes_executor.py:39} WARNING - The example_kubernetes_executor example DAG requires the kubernetes provider. Please install it with: pip install apache-airflow[cncf.kubernetes]
[2025-01-15T12:30:19.368+0800] {processor.py:927} WARNING - No viable dags retrieved from /opt/anaconda3/envs/PyTorch/lib/python3.11/site-packages/airflow/example_dags/example_kubernetes_executor.py
[2025-01-15T12:30:19.398+0800] {processor.py:208} INFO - Processing /opt/anaconda3/envs/PyTorch/lib/python3.11/site-packages/airflow/example_dags/example_kubernetes_executor.py took 0.049 seconds
[2025-01-15T12:33:15.559+0800] {processor.py:186} INFO - Started process (PID=37901) to work on /opt/anaconda3/envs/PyTorch/lib/python3.11/site-packages/airflow/example_dags/example_kubernetes_executor.py
[2025-01-15T12:33:15.560+0800] {processor.py:914} INFO - Processing file /opt/anaconda3/envs/PyTorch/lib/python3.11/site-packages/airflow/example_dags/example_kubernetes_executor.py for tasks to queue
[2025-01-15T12:33:15.561+0800] {logging_mixin.py:190} INFO - [2025-01-15T12:33:15.561+0800] {dagbag.py:588} INFO - Filling up the DagBag from /opt/anaconda3/envs/PyTorch/lib/python3.11/site-packages/airflow/example_dags/example_kubernetes_executor.py
[2025-01-15T12:33:15.576+0800] {logging_mixin.py:190} INFO - [2025-01-15T12:33:15.576+0800] {example_kubernetes_executor.py:39} WARNING - The example_kubernetes_executor example DAG requires the kubernetes provider. Please install it with: pip install apache-airflow[cncf.kubernetes]
[2025-01-15T12:33:15.576+0800] {processor.py:927} WARNING - No viable dags retrieved from /opt/anaconda3/envs/PyTorch/lib/python3.11/site-packages/airflow/example_dags/example_kubernetes_executor.py
[2025-01-15T12:33:15.607+0800] {processor.py:208} INFO - Processing /opt/anaconda3/envs/PyTorch/lib/python3.11/site-packages/airflow/example_dags/example_kubernetes_executor.py took 0.050 seconds
[2025-01-15T12:36:13.754+0800] {processor.py:186} INFO - Started process (PID=39487) to work on /opt/anaconda3/envs/PyTorch/lib/python3.11/site-packages/airflow/example_dags/example_kubernetes_executor.py
[2025-01-15T12:36:13.756+0800] {processor.py:914} INFO - Processing file /opt/anaconda3/envs/PyTorch/lib/python3.11/site-packages/airflow/example_dags/example_kubernetes_executor.py for tasks to queue
[2025-01-15T12:36:13.756+0800] {logging_mixin.py:190} INFO - [2025-01-15T12:36:13.756+0800] {dagbag.py:588} INFO - Filling up the DagBag from /opt/anaconda3/envs/PyTorch/lib/python3.11/site-packages/airflow/example_dags/example_kubernetes_executor.py
[2025-01-15T12:36:13.772+0800] {logging_mixin.py:190} INFO - [2025-01-15T12:36:13.772+0800] {example_kubernetes_executor.py:39} WARNING - The example_kubernetes_executor example DAG requires the kubernetes provider. Please install it with: pip install apache-airflow[cncf.kubernetes]
[2025-01-15T12:36:13.772+0800] {processor.py:927} WARNING - No viable dags retrieved from /opt/anaconda3/envs/PyTorch/lib/python3.11/site-packages/airflow/example_dags/example_kubernetes_executor.py
[2025-01-15T12:36:13.803+0800] {processor.py:208} INFO - Processing /opt/anaconda3/envs/PyTorch/lib/python3.11/site-packages/airflow/example_dags/example_kubernetes_executor.py took 0.050 seconds
[2025-01-15T12:39:10.522+0800] {processor.py:186} INFO - Started process (PID=41052) to work on /opt/anaconda3/envs/PyTorch/lib/python3.11/site-packages/airflow/example_dags/example_kubernetes_executor.py
[2025-01-15T12:39:10.523+0800] {processor.py:914} INFO - Processing file /opt/anaconda3/envs/PyTorch/lib/python3.11/site-packages/airflow/example_dags/example_kubernetes_executor.py for tasks to queue
[2025-01-15T12:39:10.523+0800] {logging_mixin.py:190} INFO - [2025-01-15T12:39:10.523+0800] {dagbag.py:588} INFO - Filling up the DagBag from /opt/anaconda3/envs/PyTorch/lib/python3.11/site-packages/airflow/example_dags/example_kubernetes_executor.py
[2025-01-15T12:39:10.539+0800] {logging_mixin.py:190} INFO - [2025-01-15T12:39:10.539+0800] {example_kubernetes_executor.py:39} WARNING - The example_kubernetes_executor example DAG requires the kubernetes provider. Please install it with: pip install apache-airflow[cncf.kubernetes]
[2025-01-15T12:39:10.539+0800] {processor.py:927} WARNING - No viable dags retrieved from /opt/anaconda3/envs/PyTorch/lib/python3.11/site-packages/airflow/example_dags/example_kubernetes_executor.py
[2025-01-15T12:39:10.571+0800] {processor.py:208} INFO - Processing /opt/anaconda3/envs/PyTorch/lib/python3.11/site-packages/airflow/example_dags/example_kubernetes_executor.py took 0.051 seconds
[2025-01-15T12:42:08.840+0800] {processor.py:186} INFO - Started process (PID=42667) to work on /opt/anaconda3/envs/PyTorch/lib/python3.11/site-packages/airflow/example_dags/example_kubernetes_executor.py
[2025-01-15T12:42:08.841+0800] {processor.py:914} INFO - Processing file /opt/anaconda3/envs/PyTorch/lib/python3.11/site-packages/airflow/example_dags/example_kubernetes_executor.py for tasks to queue
[2025-01-15T12:42:08.842+0800] {logging_mixin.py:190} INFO - [2025-01-15T12:42:08.842+0800] {dagbag.py:588} INFO - Filling up the DagBag from /opt/anaconda3/envs/PyTorch/lib/python3.11/site-packages/airflow/example_dags/example_kubernetes_executor.py
[2025-01-15T12:42:08.856+0800] {logging_mixin.py:190} INFO - [2025-01-15T12:42:08.856+0800] {example_kubernetes_executor.py:39} WARNING - The example_kubernetes_executor example DAG requires the kubernetes provider. Please install it with: pip install apache-airflow[cncf.kubernetes]
[2025-01-15T12:42:08.857+0800] {processor.py:927} WARNING - No viable dags retrieved from /opt/anaconda3/envs/PyTorch/lib/python3.11/site-packages/airflow/example_dags/example_kubernetes_executor.py
[2025-01-15T12:42:08.886+0800] {processor.py:208} INFO - Processing /opt/anaconda3/envs/PyTorch/lib/python3.11/site-packages/airflow/example_dags/example_kubernetes_executor.py took 0.048 seconds
[2025-01-15T12:45:06.091+0800] {processor.py:186} INFO - Started process (PID=44242) to work on /opt/anaconda3/envs/PyTorch/lib/python3.11/site-packages/airflow/example_dags/example_kubernetes_executor.py
[2025-01-15T12:45:06.092+0800] {processor.py:914} INFO - Processing file /opt/anaconda3/envs/PyTorch/lib/python3.11/site-packages/airflow/example_dags/example_kubernetes_executor.py for tasks to queue
[2025-01-15T12:45:06.093+0800] {logging_mixin.py:190} INFO - [2025-01-15T12:45:06.093+0800] {dagbag.py:588} INFO - Filling up the DagBag from /opt/anaconda3/envs/PyTorch/lib/python3.11/site-packages/airflow/example_dags/example_kubernetes_executor.py
[2025-01-15T12:45:06.109+0800] {logging_mixin.py:190} INFO - [2025-01-15T12:45:06.109+0800] {example_kubernetes_executor.py:39} WARNING - The example_kubernetes_executor example DAG requires the kubernetes provider. Please install it with: pip install apache-airflow[cncf.kubernetes]
[2025-01-15T12:45:06.109+0800] {processor.py:927} WARNING - No viable dags retrieved from /opt/anaconda3/envs/PyTorch/lib/python3.11/site-packages/airflow/example_dags/example_kubernetes_executor.py
[2025-01-15T12:45:06.140+0800] {processor.py:208} INFO - Processing /opt/anaconda3/envs/PyTorch/lib/python3.11/site-packages/airflow/example_dags/example_kubernetes_executor.py took 0.051 seconds
[2025-01-15T12:48:06.143+0800] {processor.py:186} INFO - Started process (PID=45889) to work on /opt/anaconda3/envs/PyTorch/lib/python3.11/site-packages/airflow/example_dags/example_kubernetes_executor.py
[2025-01-15T12:48:06.144+0800] {processor.py:914} INFO - Processing file /opt/anaconda3/envs/PyTorch/lib/python3.11/site-packages/airflow/example_dags/example_kubernetes_executor.py for tasks to queue
[2025-01-15T12:48:06.145+0800] {logging_mixin.py:190} INFO - [2025-01-15T12:48:06.145+0800] {dagbag.py:588} INFO - Filling up the DagBag from /opt/anaconda3/envs/PyTorch/lib/python3.11/site-packages/airflow/example_dags/example_kubernetes_executor.py
[2025-01-15T12:48:06.161+0800] {logging_mixin.py:190} INFO - [2025-01-15T12:48:06.161+0800] {example_kubernetes_executor.py:39} WARNING - The example_kubernetes_executor example DAG requires the kubernetes provider. Please install it with: pip install apache-airflow[cncf.kubernetes]
[2025-01-15T12:48:06.162+0800] {processor.py:927} WARNING - No viable dags retrieved from /opt/anaconda3/envs/PyTorch/lib/python3.11/site-packages/airflow/example_dags/example_kubernetes_executor.py
[2025-01-15T12:48:06.191+0800] {processor.py:208} INFO - Processing /opt/anaconda3/envs/PyTorch/lib/python3.11/site-packages/airflow/example_dags/example_kubernetes_executor.py took 0.050 seconds
[2025-01-15T12:51:08.378+0800] {processor.py:186} INFO - Started process (PID=47511) to work on /opt/anaconda3/envs/PyTorch/lib/python3.11/site-packages/airflow/example_dags/example_kubernetes_executor.py
[2025-01-15T12:51:08.379+0800] {processor.py:914} INFO - Processing file /opt/anaconda3/envs/PyTorch/lib/python3.11/site-packages/airflow/example_dags/example_kubernetes_executor.py for tasks to queue
[2025-01-15T12:51:08.380+0800] {logging_mixin.py:190} INFO - [2025-01-15T12:51:08.380+0800] {dagbag.py:588} INFO - Filling up the DagBag from /opt/anaconda3/envs/PyTorch/lib/python3.11/site-packages/airflow/example_dags/example_kubernetes_executor.py
[2025-01-15T12:51:08.395+0800] {logging_mixin.py:190} INFO - [2025-01-15T12:51:08.395+0800] {example_kubernetes_executor.py:39} WARNING - The example_kubernetes_executor example DAG requires the kubernetes provider. Please install it with: pip install apache-airflow[cncf.kubernetes]
[2025-01-15T12:51:08.395+0800] {processor.py:927} WARNING - No viable dags retrieved from /opt/anaconda3/envs/PyTorch/lib/python3.11/site-packages/airflow/example_dags/example_kubernetes_executor.py
[2025-01-15T12:51:08.426+0800] {processor.py:208} INFO - Processing /opt/anaconda3/envs/PyTorch/lib/python3.11/site-packages/airflow/example_dags/example_kubernetes_executor.py took 0.049 seconds
[2025-01-15T12:54:06.376+0800] {processor.py:186} INFO - Started process (PID=49098) to work on /opt/anaconda3/envs/PyTorch/lib/python3.11/site-packages/airflow/example_dags/example_kubernetes_executor.py
[2025-01-15T12:54:06.377+0800] {processor.py:914} INFO - Processing file /opt/anaconda3/envs/PyTorch/lib/python3.11/site-packages/airflow/example_dags/example_kubernetes_executor.py for tasks to queue
[2025-01-15T12:54:06.378+0800] {logging_mixin.py:190} INFO - [2025-01-15T12:54:06.377+0800] {dagbag.py:588} INFO - Filling up the DagBag from /opt/anaconda3/envs/PyTorch/lib/python3.11/site-packages/airflow/example_dags/example_kubernetes_executor.py
[2025-01-15T12:54:06.395+0800] {logging_mixin.py:190} INFO - [2025-01-15T12:54:06.394+0800] {example_kubernetes_executor.py:39} WARNING - The example_kubernetes_executor example DAG requires the kubernetes provider. Please install it with: pip install apache-airflow[cncf.kubernetes]
[2025-01-15T12:54:06.395+0800] {processor.py:927} WARNING - No viable dags retrieved from /opt/anaconda3/envs/PyTorch/lib/python3.11/site-packages/airflow/example_dags/example_kubernetes_executor.py
[2025-01-15T12:54:06.425+0800] {processor.py:208} INFO - Processing /opt/anaconda3/envs/PyTorch/lib/python3.11/site-packages/airflow/example_dags/example_kubernetes_executor.py took 0.051 seconds
[2025-01-15T12:57:10.789+0800] {processor.py:186} INFO - Started process (PID=50769) to work on /opt/anaconda3/envs/PyTorch/lib/python3.11/site-packages/airflow/example_dags/example_kubernetes_executor.py
[2025-01-15T12:57:10.790+0800] {processor.py:914} INFO - Processing file /opt/anaconda3/envs/PyTorch/lib/python3.11/site-packages/airflow/example_dags/example_kubernetes_executor.py for tasks to queue
[2025-01-15T12:57:10.791+0800] {logging_mixin.py:190} INFO - [2025-01-15T12:57:10.791+0800] {dagbag.py:588} INFO - Filling up the DagBag from /opt/anaconda3/envs/PyTorch/lib/python3.11/site-packages/airflow/example_dags/example_kubernetes_executor.py
[2025-01-15T12:57:10.806+0800] {logging_mixin.py:190} INFO - [2025-01-15T12:57:10.806+0800] {example_kubernetes_executor.py:39} WARNING - The example_kubernetes_executor example DAG requires the kubernetes provider. Please install it with: pip install apache-airflow[cncf.kubernetes]
[2025-01-15T12:57:10.807+0800] {processor.py:927} WARNING - No viable dags retrieved from /opt/anaconda3/envs/PyTorch/lib/python3.11/site-packages/airflow/example_dags/example_kubernetes_executor.py
[2025-01-15T12:57:10.837+0800] {processor.py:208} INFO - Processing /opt/anaconda3/envs/PyTorch/lib/python3.11/site-packages/airflow/example_dags/example_kubernetes_executor.py took 0.050 seconds
[2025-01-15T13:00:12.758+0800] {processor.py:186} INFO - Started process (PID=52423) to work on /opt/anaconda3/envs/PyTorch/lib/python3.11/site-packages/airflow/example_dags/example_kubernetes_executor.py
[2025-01-15T13:00:12.759+0800] {processor.py:914} INFO - Processing file /opt/anaconda3/envs/PyTorch/lib/python3.11/site-packages/airflow/example_dags/example_kubernetes_executor.py for tasks to queue
[2025-01-15T13:00:12.760+0800] {logging_mixin.py:190} INFO - [2025-01-15T13:00:12.760+0800] {dagbag.py:588} INFO - Filling up the DagBag from /opt/anaconda3/envs/PyTorch/lib/python3.11/site-packages/airflow/example_dags/example_kubernetes_executor.py
[2025-01-15T13:00:12.775+0800] {logging_mixin.py:190} INFO - [2025-01-15T13:00:12.775+0800] {example_kubernetes_executor.py:39} WARNING - The example_kubernetes_executor example DAG requires the kubernetes provider. Please install it with: pip install apache-airflow[cncf.kubernetes]
[2025-01-15T13:00:12.775+0800] {processor.py:927} WARNING - No viable dags retrieved from /opt/anaconda3/envs/PyTorch/lib/python3.11/site-packages/airflow/example_dags/example_kubernetes_executor.py
[2025-01-15T13:00:12.805+0800] {processor.py:208} INFO - Processing /opt/anaconda3/envs/PyTorch/lib/python3.11/site-packages/airflow/example_dags/example_kubernetes_executor.py took 0.049 seconds
[2025-01-15T13:03:16.302+0800] {processor.py:186} INFO - Started process (PID=54037) to work on /opt/anaconda3/envs/PyTorch/lib/python3.11/site-packages/airflow/example_dags/example_kubernetes_executor.py
[2025-01-15T13:03:16.303+0800] {processor.py:914} INFO - Processing file /opt/anaconda3/envs/PyTorch/lib/python3.11/site-packages/airflow/example_dags/example_kubernetes_executor.py for tasks to queue
[2025-01-15T13:03:16.304+0800] {logging_mixin.py:190} INFO - [2025-01-15T13:03:16.304+0800] {dagbag.py:588} INFO - Filling up the DagBag from /opt/anaconda3/envs/PyTorch/lib/python3.11/site-packages/airflow/example_dags/example_kubernetes_executor.py
[2025-01-15T13:03:16.320+0800] {logging_mixin.py:190} INFO - [2025-01-15T13:03:16.320+0800] {example_kubernetes_executor.py:39} WARNING - The example_kubernetes_executor example DAG requires the kubernetes provider. Please install it with: pip install apache-airflow[cncf.kubernetes]
[2025-01-15T13:03:16.321+0800] {processor.py:927} WARNING - No viable dags retrieved from /opt/anaconda3/envs/PyTorch/lib/python3.11/site-packages/airflow/example_dags/example_kubernetes_executor.py
[2025-01-15T13:03:16.353+0800] {processor.py:208} INFO - Processing /opt/anaconda3/envs/PyTorch/lib/python3.11/site-packages/airflow/example_dags/example_kubernetes_executor.py took 0.053 seconds
[2025-01-15T13:06:22.858+0800] {processor.py:186} INFO - Started process (PID=55791) to work on /opt/anaconda3/envs/PyTorch/lib/python3.11/site-packages/airflow/example_dags/example_kubernetes_executor.py
[2025-01-15T13:06:22.859+0800] {processor.py:914} INFO - Processing file /opt/anaconda3/envs/PyTorch/lib/python3.11/site-packages/airflow/example_dags/example_kubernetes_executor.py for tasks to queue
[2025-01-15T13:06:22.860+0800] {logging_mixin.py:190} INFO - [2025-01-15T13:06:22.860+0800] {dagbag.py:588} INFO - Filling up the DagBag from /opt/anaconda3/envs/PyTorch/lib/python3.11/site-packages/airflow/example_dags/example_kubernetes_executor.py
[2025-01-15T13:06:22.881+0800] {logging_mixin.py:190} INFO - [2025-01-15T13:06:22.880+0800] {example_kubernetes_executor.py:39} WARNING - The example_kubernetes_executor example DAG requires the kubernetes provider. Please install it with: pip install apache-airflow[cncf.kubernetes]
[2025-01-15T13:06:22.881+0800] {processor.py:927} WARNING - No viable dags retrieved from /opt/anaconda3/envs/PyTorch/lib/python3.11/site-packages/airflow/example_dags/example_kubernetes_executor.py
[2025-01-15T13:06:22.916+0800] {processor.py:208} INFO - Processing /opt/anaconda3/envs/PyTorch/lib/python3.11/site-packages/airflow/example_dags/example_kubernetes_executor.py took 0.060 seconds
[2025-01-15T13:09:30.107+0800] {processor.py:186} INFO - Started process (PID=57589) to work on /opt/anaconda3/envs/PyTorch/lib/python3.11/site-packages/airflow/example_dags/example_kubernetes_executor.py
[2025-01-15T13:09:30.107+0800] {processor.py:914} INFO - Processing file /opt/anaconda3/envs/PyTorch/lib/python3.11/site-packages/airflow/example_dags/example_kubernetes_executor.py for tasks to queue
[2025-01-15T13:09:30.108+0800] {logging_mixin.py:190} INFO - [2025-01-15T13:09:30.108+0800] {dagbag.py:588} INFO - Filling up the DagBag from /opt/anaconda3/envs/PyTorch/lib/python3.11/site-packages/airflow/example_dags/example_kubernetes_executor.py
[2025-01-15T13:09:30.125+0800] {logging_mixin.py:190} INFO - [2025-01-15T13:09:30.125+0800] {example_kubernetes_executor.py:39} WARNING - The example_kubernetes_executor example DAG requires the kubernetes provider. Please install it with: pip install apache-airflow[cncf.kubernetes]
[2025-01-15T13:09:30.125+0800] {processor.py:927} WARNING - No viable dags retrieved from /opt/anaconda3/envs/PyTorch/lib/python3.11/site-packages/airflow/example_dags/example_kubernetes_executor.py
[2025-01-15T13:09:30.156+0800] {processor.py:208} INFO - Processing /opt/anaconda3/envs/PyTorch/lib/python3.11/site-packages/airflow/example_dags/example_kubernetes_executor.py took 0.051 seconds
[2025-01-15T13:12:31.930+0800] {processor.py:186} INFO - Started process (PID=59245) to work on /opt/anaconda3/envs/PyTorch/lib/python3.11/site-packages/airflow/example_dags/example_kubernetes_executor.py
[2025-01-15T13:12:31.932+0800] {processor.py:914} INFO - Processing file /opt/anaconda3/envs/PyTorch/lib/python3.11/site-packages/airflow/example_dags/example_kubernetes_executor.py for tasks to queue
[2025-01-15T13:12:31.932+0800] {logging_mixin.py:190} INFO - [2025-01-15T13:12:31.932+0800] {dagbag.py:588} INFO - Filling up the DagBag from /opt/anaconda3/envs/PyTorch/lib/python3.11/site-packages/airflow/example_dags/example_kubernetes_executor.py
[2025-01-15T13:12:31.947+0800] {logging_mixin.py:190} INFO - [2025-01-15T13:12:31.947+0800] {example_kubernetes_executor.py:39} WARNING - The example_kubernetes_executor example DAG requires the kubernetes provider. Please install it with: pip install apache-airflow[cncf.kubernetes]
[2025-01-15T13:12:31.948+0800] {processor.py:927} WARNING - No viable dags retrieved from /opt/anaconda3/envs/PyTorch/lib/python3.11/site-packages/airflow/example_dags/example_kubernetes_executor.py
[2025-01-15T13:12:31.979+0800] {processor.py:208} INFO - Processing /opt/anaconda3/envs/PyTorch/lib/python3.11/site-packages/airflow/example_dags/example_kubernetes_executor.py took 0.051 seconds
[2025-01-15T13:15:32.563+0800] {processor.py:186} INFO - Started process (PID=60859) to work on /opt/anaconda3/envs/PyTorch/lib/python3.11/site-packages/airflow/example_dags/example_kubernetes_executor.py
[2025-01-15T13:15:32.565+0800] {processor.py:914} INFO - Processing file /opt/anaconda3/envs/PyTorch/lib/python3.11/site-packages/airflow/example_dags/example_kubernetes_executor.py for tasks to queue
[2025-01-15T13:15:32.565+0800] {logging_mixin.py:190} INFO - [2025-01-15T13:15:32.565+0800] {dagbag.py:588} INFO - Filling up the DagBag from /opt/anaconda3/envs/PyTorch/lib/python3.11/site-packages/airflow/example_dags/example_kubernetes_executor.py
[2025-01-15T13:15:32.582+0800] {logging_mixin.py:190} INFO - [2025-01-15T13:15:32.582+0800] {example_kubernetes_executor.py:39} WARNING - The example_kubernetes_executor example DAG requires the kubernetes provider. Please install it with: pip install apache-airflow[cncf.kubernetes]
[2025-01-15T13:15:32.582+0800] {processor.py:927} WARNING - No viable dags retrieved from /opt/anaconda3/envs/PyTorch/lib/python3.11/site-packages/airflow/example_dags/example_kubernetes_executor.py
[2025-01-15T13:15:32.617+0800] {processor.py:208} INFO - Processing /opt/anaconda3/envs/PyTorch/lib/python3.11/site-packages/airflow/example_dags/example_kubernetes_executor.py took 0.055 seconds
[2025-01-15T13:18:36.516+0800] {processor.py:186} INFO - Started process (PID=62510) to work on /opt/anaconda3/envs/PyTorch/lib/python3.11/site-packages/airflow/example_dags/example_kubernetes_executor.py
[2025-01-15T13:18:36.517+0800] {processor.py:914} INFO - Processing file /opt/anaconda3/envs/PyTorch/lib/python3.11/site-packages/airflow/example_dags/example_kubernetes_executor.py for tasks to queue
[2025-01-15T13:18:36.518+0800] {logging_mixin.py:190} INFO - [2025-01-15T13:18:36.517+0800] {dagbag.py:588} INFO - Filling up the DagBag from /opt/anaconda3/envs/PyTorch/lib/python3.11/site-packages/airflow/example_dags/example_kubernetes_executor.py
[2025-01-15T13:18:36.535+0800] {logging_mixin.py:190} INFO - [2025-01-15T13:18:36.535+0800] {example_kubernetes_executor.py:39} WARNING - The example_kubernetes_executor example DAG requires the kubernetes provider. Please install it with: pip install apache-airflow[cncf.kubernetes]
[2025-01-15T13:18:36.535+0800] {processor.py:927} WARNING - No viable dags retrieved from /opt/anaconda3/envs/PyTorch/lib/python3.11/site-packages/airflow/example_dags/example_kubernetes_executor.py
[2025-01-15T13:18:36.571+0800] {processor.py:208} INFO - Processing /opt/anaconda3/envs/PyTorch/lib/python3.11/site-packages/airflow/example_dags/example_kubernetes_executor.py took 0.058 seconds
[2025-01-15T13:21:51.416+0800] {processor.py:186} INFO - Started process (PID=64313) to work on /opt/anaconda3/envs/PyTorch/lib/python3.11/site-packages/airflow/example_dags/example_kubernetes_executor.py
[2025-01-15T13:21:51.416+0800] {processor.py:914} INFO - Processing file /opt/anaconda3/envs/PyTorch/lib/python3.11/site-packages/airflow/example_dags/example_kubernetes_executor.py for tasks to queue
[2025-01-15T13:21:51.417+0800] {logging_mixin.py:190} INFO - [2025-01-15T13:21:51.417+0800] {dagbag.py:588} INFO - Filling up the DagBag from /opt/anaconda3/envs/PyTorch/lib/python3.11/site-packages/airflow/example_dags/example_kubernetes_executor.py
[2025-01-15T13:21:51.432+0800] {logging_mixin.py:190} INFO - [2025-01-15T13:21:51.432+0800] {example_kubernetes_executor.py:39} WARNING - The example_kubernetes_executor example DAG requires the kubernetes provider. Please install it with: pip install apache-airflow[cncf.kubernetes]
[2025-01-15T13:21:51.432+0800] {processor.py:927} WARNING - No viable dags retrieved from /opt/anaconda3/envs/PyTorch/lib/python3.11/site-packages/airflow/example_dags/example_kubernetes_executor.py
[2025-01-15T13:21:51.464+0800] {processor.py:208} INFO - Processing /opt/anaconda3/envs/PyTorch/lib/python3.11/site-packages/airflow/example_dags/example_kubernetes_executor.py took 0.051 seconds
[2025-01-15T13:24:57.146+0800] {processor.py:186} INFO - Started process (PID=65971) to work on /opt/anaconda3/envs/PyTorch/lib/python3.11/site-packages/airflow/example_dags/example_kubernetes_executor.py
[2025-01-15T13:24:57.147+0800] {processor.py:914} INFO - Processing file /opt/anaconda3/envs/PyTorch/lib/python3.11/site-packages/airflow/example_dags/example_kubernetes_executor.py for tasks to queue
[2025-01-15T13:24:57.148+0800] {logging_mixin.py:190} INFO - [2025-01-15T13:24:57.148+0800] {dagbag.py:588} INFO - Filling up the DagBag from /opt/anaconda3/envs/PyTorch/lib/python3.11/site-packages/airflow/example_dags/example_kubernetes_executor.py
[2025-01-15T13:24:57.164+0800] {logging_mixin.py:190} INFO - [2025-01-15T13:24:57.164+0800] {example_kubernetes_executor.py:39} WARNING - The example_kubernetes_executor example DAG requires the kubernetes provider. Please install it with: pip install apache-airflow[cncf.kubernetes]
[2025-01-15T13:24:57.164+0800] {processor.py:927} WARNING - No viable dags retrieved from /opt/anaconda3/envs/PyTorch/lib/python3.11/site-packages/airflow/example_dags/example_kubernetes_executor.py
[2025-01-15T13:24:57.196+0800] {processor.py:208} INFO - Processing /opt/anaconda3/envs/PyTorch/lib/python3.11/site-packages/airflow/example_dags/example_kubernetes_executor.py took 0.052 seconds
[2025-01-15T13:28:00.210+0800] {processor.py:186} INFO - Started process (PID=67578) to work on /opt/anaconda3/envs/PyTorch/lib/python3.11/site-packages/airflow/example_dags/example_kubernetes_executor.py
[2025-01-15T13:28:00.212+0800] {processor.py:914} INFO - Processing file /opt/anaconda3/envs/PyTorch/lib/python3.11/site-packages/airflow/example_dags/example_kubernetes_executor.py for tasks to queue
[2025-01-15T13:28:00.212+0800] {logging_mixin.py:190} INFO - [2025-01-15T13:28:00.212+0800] {dagbag.py:588} INFO - Filling up the DagBag from /opt/anaconda3/envs/PyTorch/lib/python3.11/site-packages/airflow/example_dags/example_kubernetes_executor.py
[2025-01-15T13:28:00.228+0800] {logging_mixin.py:190} INFO - [2025-01-15T13:28:00.228+0800] {example_kubernetes_executor.py:39} WARNING - The example_kubernetes_executor example DAG requires the kubernetes provider. Please install it with: pip install apache-airflow[cncf.kubernetes]
[2025-01-15T13:28:00.228+0800] {processor.py:927} WARNING - No viable dags retrieved from /opt/anaconda3/envs/PyTorch/lib/python3.11/site-packages/airflow/example_dags/example_kubernetes_executor.py
[2025-01-15T13:28:00.259+0800] {processor.py:208} INFO - Processing /opt/anaconda3/envs/PyTorch/lib/python3.11/site-packages/airflow/example_dags/example_kubernetes_executor.py took 0.051 seconds
[2025-01-15T13:31:09.416+0800] {processor.py:186} INFO - Started process (PID=69307) to work on /opt/anaconda3/envs/PyTorch/lib/python3.11/site-packages/airflow/example_dags/example_kubernetes_executor.py
[2025-01-15T13:31:09.416+0800] {processor.py:914} INFO - Processing file /opt/anaconda3/envs/PyTorch/lib/python3.11/site-packages/airflow/example_dags/example_kubernetes_executor.py for tasks to queue
[2025-01-15T13:31:09.417+0800] {logging_mixin.py:190} INFO - [2025-01-15T13:31:09.417+0800] {dagbag.py:588} INFO - Filling up the DagBag from /opt/anaconda3/envs/PyTorch/lib/python3.11/site-packages/airflow/example_dags/example_kubernetes_executor.py
[2025-01-15T13:31:09.433+0800] {logging_mixin.py:190} INFO - [2025-01-15T13:31:09.433+0800] {example_kubernetes_executor.py:39} WARNING - The example_kubernetes_executor example DAG requires the kubernetes provider. Please install it with: pip install apache-airflow[cncf.kubernetes]
[2025-01-15T13:31:09.434+0800] {processor.py:927} WARNING - No viable dags retrieved from /opt/anaconda3/envs/PyTorch/lib/python3.11/site-packages/airflow/example_dags/example_kubernetes_executor.py
[2025-01-15T13:31:09.464+0800] {processor.py:208} INFO - Processing /opt/anaconda3/envs/PyTorch/lib/python3.11/site-packages/airflow/example_dags/example_kubernetes_executor.py took 0.050 seconds
[2025-01-15T13:34:19.650+0800] {processor.py:186} INFO - Started process (PID=70999) to work on /opt/anaconda3/envs/PyTorch/lib/python3.11/site-packages/airflow/example_dags/example_kubernetes_executor.py
[2025-01-15T13:34:19.651+0800] {processor.py:914} INFO - Processing file /opt/anaconda3/envs/PyTorch/lib/python3.11/site-packages/airflow/example_dags/example_kubernetes_executor.py for tasks to queue
[2025-01-15T13:34:19.651+0800] {logging_mixin.py:190} INFO - [2025-01-15T13:34:19.651+0800] {dagbag.py:588} INFO - Filling up the DagBag from /opt/anaconda3/envs/PyTorch/lib/python3.11/site-packages/airflow/example_dags/example_kubernetes_executor.py
[2025-01-15T13:34:19.668+0800] {logging_mixin.py:190} INFO - [2025-01-15T13:34:19.668+0800] {example_kubernetes_executor.py:39} WARNING - The example_kubernetes_executor example DAG requires the kubernetes provider. Please install it with: pip install apache-airflow[cncf.kubernetes]
[2025-01-15T13:34:19.668+0800] {processor.py:927} WARNING - No viable dags retrieved from /opt/anaconda3/envs/PyTorch/lib/python3.11/site-packages/airflow/example_dags/example_kubernetes_executor.py
[2025-01-15T13:34:19.699+0800] {processor.py:208} INFO - Processing /opt/anaconda3/envs/PyTorch/lib/python3.11/site-packages/airflow/example_dags/example_kubernetes_executor.py took 0.051 seconds
[2025-01-15T13:37:28.952+0800] {processor.py:186} INFO - Started process (PID=72745) to work on /opt/anaconda3/envs/PyTorch/lib/python3.11/site-packages/airflow/example_dags/example_kubernetes_executor.py
[2025-01-15T13:37:28.953+0800] {processor.py:914} INFO - Processing file /opt/anaconda3/envs/PyTorch/lib/python3.11/site-packages/airflow/example_dags/example_kubernetes_executor.py for tasks to queue
[2025-01-15T13:37:28.953+0800] {logging_mixin.py:190} INFO - [2025-01-15T13:37:28.953+0800] {dagbag.py:588} INFO - Filling up the DagBag from /opt/anaconda3/envs/PyTorch/lib/python3.11/site-packages/airflow/example_dags/example_kubernetes_executor.py
[2025-01-15T13:37:28.969+0800] {logging_mixin.py:190} INFO - [2025-01-15T13:37:28.969+0800] {example_kubernetes_executor.py:39} WARNING - The example_kubernetes_executor example DAG requires the kubernetes provider. Please install it with: pip install apache-airflow[cncf.kubernetes]
[2025-01-15T13:37:28.969+0800] {processor.py:927} WARNING - No viable dags retrieved from /opt/anaconda3/envs/PyTorch/lib/python3.11/site-packages/airflow/example_dags/example_kubernetes_executor.py
[2025-01-15T13:37:28.999+0800] {processor.py:208} INFO - Processing /opt/anaconda3/envs/PyTorch/lib/python3.11/site-packages/airflow/example_dags/example_kubernetes_executor.py took 0.050 seconds
[2025-01-15T13:40:36.147+0800] {processor.py:186} INFO - Started process (PID=74502) to work on /opt/anaconda3/envs/PyTorch/lib/python3.11/site-packages/airflow/example_dags/example_kubernetes_executor.py
[2025-01-15T13:40:36.148+0800] {processor.py:914} INFO - Processing file /opt/anaconda3/envs/PyTorch/lib/python3.11/site-packages/airflow/example_dags/example_kubernetes_executor.py for tasks to queue
[2025-01-15T13:40:36.149+0800] {logging_mixin.py:190} INFO - [2025-01-15T13:40:36.149+0800] {dagbag.py:588} INFO - Filling up the DagBag from /opt/anaconda3/envs/PyTorch/lib/python3.11/site-packages/airflow/example_dags/example_kubernetes_executor.py
[2025-01-15T13:40:36.164+0800] {logging_mixin.py:190} INFO - [2025-01-15T13:40:36.164+0800] {example_kubernetes_executor.py:39} WARNING - The example_kubernetes_executor example DAG requires the kubernetes provider. Please install it with: pip install apache-airflow[cncf.kubernetes]
[2025-01-15T13:40:36.164+0800] {processor.py:927} WARNING - No viable dags retrieved from /opt/anaconda3/envs/PyTorch/lib/python3.11/site-packages/airflow/example_dags/example_kubernetes_executor.py
[2025-01-15T13:40:36.196+0800] {processor.py:208} INFO - Processing /opt/anaconda3/envs/PyTorch/lib/python3.11/site-packages/airflow/example_dags/example_kubernetes_executor.py took 0.050 seconds
[2025-01-15T13:43:37.430+0800] {processor.py:186} INFO - Started process (PID=76146) to work on /opt/anaconda3/envs/PyTorch/lib/python3.11/site-packages/airflow/example_dags/example_kubernetes_executor.py
[2025-01-15T13:43:37.431+0800] {processor.py:914} INFO - Processing file /opt/anaconda3/envs/PyTorch/lib/python3.11/site-packages/airflow/example_dags/example_kubernetes_executor.py for tasks to queue
[2025-01-15T13:43:37.432+0800] {logging_mixin.py:190} INFO - [2025-01-15T13:43:37.432+0800] {dagbag.py:588} INFO - Filling up the DagBag from /opt/anaconda3/envs/PyTorch/lib/python3.11/site-packages/airflow/example_dags/example_kubernetes_executor.py
[2025-01-15T13:43:37.449+0800] {logging_mixin.py:190} INFO - [2025-01-15T13:43:37.449+0800] {example_kubernetes_executor.py:39} WARNING - The example_kubernetes_executor example DAG requires the kubernetes provider. Please install it with: pip install apache-airflow[cncf.kubernetes]
[2025-01-15T13:43:37.449+0800] {processor.py:927} WARNING - No viable dags retrieved from /opt/anaconda3/envs/PyTorch/lib/python3.11/site-packages/airflow/example_dags/example_kubernetes_executor.py
[2025-01-15T13:43:37.482+0800] {processor.py:208} INFO - Processing /opt/anaconda3/envs/PyTorch/lib/python3.11/site-packages/airflow/example_dags/example_kubernetes_executor.py took 0.053 seconds
[2025-01-15T13:46:41.997+0800] {processor.py:186} INFO - Started process (PID=77942) to work on /opt/anaconda3/envs/PyTorch/lib/python3.11/site-packages/airflow/example_dags/example_kubernetes_executor.py
[2025-01-15T13:46:41.999+0800] {processor.py:914} INFO - Processing file /opt/anaconda3/envs/PyTorch/lib/python3.11/site-packages/airflow/example_dags/example_kubernetes_executor.py for tasks to queue
[2025-01-15T13:46:41.999+0800] {logging_mixin.py:190} INFO - [2025-01-15T13:46:41.999+0800] {dagbag.py:588} INFO - Filling up the DagBag from /opt/anaconda3/envs/PyTorch/lib/python3.11/site-packages/airflow/example_dags/example_kubernetes_executor.py
[2025-01-15T13:46:42.017+0800] {logging_mixin.py:190} INFO - [2025-01-15T13:46:42.017+0800] {example_kubernetes_executor.py:39} WARNING - The example_kubernetes_executor example DAG requires the kubernetes provider. Please install it with: pip install apache-airflow[cncf.kubernetes]
[2025-01-15T13:46:42.017+0800] {processor.py:927} WARNING - No viable dags retrieved from /opt/anaconda3/envs/PyTorch/lib/python3.11/site-packages/airflow/example_dags/example_kubernetes_executor.py
[2025-01-15T13:46:42.049+0800] {processor.py:208} INFO - Processing /opt/anaconda3/envs/PyTorch/lib/python3.11/site-packages/airflow/example_dags/example_kubernetes_executor.py took 0.054 seconds
[2025-01-15T13:49:48.403+0800] {processor.py:186} INFO - Started process (PID=79707) to work on /opt/anaconda3/envs/PyTorch/lib/python3.11/site-packages/airflow/example_dags/example_kubernetes_executor.py
[2025-01-15T13:49:48.404+0800] {processor.py:914} INFO - Processing file /opt/anaconda3/envs/PyTorch/lib/python3.11/site-packages/airflow/example_dags/example_kubernetes_executor.py for tasks to queue
[2025-01-15T13:49:48.405+0800] {logging_mixin.py:190} INFO - [2025-01-15T13:49:48.404+0800] {dagbag.py:588} INFO - Filling up the DagBag from /opt/anaconda3/envs/PyTorch/lib/python3.11/site-packages/airflow/example_dags/example_kubernetes_executor.py
[2025-01-15T13:49:48.420+0800] {logging_mixin.py:190} INFO - [2025-01-15T13:49:48.420+0800] {example_kubernetes_executor.py:39} WARNING - The example_kubernetes_executor example DAG requires the kubernetes provider. Please install it with: pip install apache-airflow[cncf.kubernetes]
[2025-01-15T13:49:48.420+0800] {processor.py:927} WARNING - No viable dags retrieved from /opt/anaconda3/envs/PyTorch/lib/python3.11/site-packages/airflow/example_dags/example_kubernetes_executor.py
[2025-01-15T13:49:48.455+0800] {processor.py:208} INFO - Processing /opt/anaconda3/envs/PyTorch/lib/python3.11/site-packages/airflow/example_dags/example_kubernetes_executor.py took 0.053 seconds
[2025-01-15T13:53:07.798+0800] {processor.py:186} INFO - Started process (PID=81564) to work on /opt/anaconda3/envs/PyTorch/lib/python3.11/site-packages/airflow/example_dags/example_kubernetes_executor.py
[2025-01-15T13:53:07.798+0800] {processor.py:914} INFO - Processing file /opt/anaconda3/envs/PyTorch/lib/python3.11/site-packages/airflow/example_dags/example_kubernetes_executor.py for tasks to queue
[2025-01-15T13:53:07.799+0800] {logging_mixin.py:190} INFO - [2025-01-15T13:53:07.799+0800] {dagbag.py:588} INFO - Filling up the DagBag from /opt/anaconda3/envs/PyTorch/lib/python3.11/site-packages/airflow/example_dags/example_kubernetes_executor.py
[2025-01-15T13:53:07.820+0800] {logging_mixin.py:190} INFO - [2025-01-15T13:53:07.820+0800] {example_kubernetes_executor.py:39} WARNING - The example_kubernetes_executor example DAG requires the kubernetes provider. Please install it with: pip install apache-airflow[cncf.kubernetes]
[2025-01-15T13:53:07.820+0800] {processor.py:927} WARNING - No viable dags retrieved from /opt/anaconda3/envs/PyTorch/lib/python3.11/site-packages/airflow/example_dags/example_kubernetes_executor.py
[2025-01-15T13:53:07.855+0800] {processor.py:208} INFO - Processing /opt/anaconda3/envs/PyTorch/lib/python3.11/site-packages/airflow/example_dags/example_kubernetes_executor.py took 0.059 seconds
[2025-01-15T13:57:08.401+0800] {processor.py:186} INFO - Started process (PID=83810) to work on /opt/anaconda3/envs/PyTorch/lib/python3.11/site-packages/airflow/example_dags/example_kubernetes_executor.py
[2025-01-15T13:57:08.402+0800] {processor.py:914} INFO - Processing file /opt/anaconda3/envs/PyTorch/lib/python3.11/site-packages/airflow/example_dags/example_kubernetes_executor.py for tasks to queue
[2025-01-15T13:57:08.402+0800] {logging_mixin.py:190} INFO - [2025-01-15T13:57:08.402+0800] {dagbag.py:588} INFO - Filling up the DagBag from /opt/anaconda3/envs/PyTorch/lib/python3.11/site-packages/airflow/example_dags/example_kubernetes_executor.py
[2025-01-15T13:57:08.418+0800] {logging_mixin.py:190} INFO - [2025-01-15T13:57:08.418+0800] {example_kubernetes_executor.py:39} WARNING - The example_kubernetes_executor example DAG requires the kubernetes provider. Please install it with: pip install apache-airflow[cncf.kubernetes]
[2025-01-15T13:57:08.418+0800] {processor.py:927} WARNING - No viable dags retrieved from /opt/anaconda3/envs/PyTorch/lib/python3.11/site-packages/airflow/example_dags/example_kubernetes_executor.py
[2025-01-15T13:57:08.449+0800] {processor.py:208} INFO - Processing /opt/anaconda3/envs/PyTorch/lib/python3.11/site-packages/airflow/example_dags/example_kubernetes_executor.py took 0.049 seconds
[2025-01-15T14:01:08.156+0800] {processor.py:186} INFO - Started process (PID=86177) to work on /opt/anaconda3/envs/PyTorch/lib/python3.11/site-packages/airflow/example_dags/example_kubernetes_executor.py
[2025-01-15T14:01:08.156+0800] {processor.py:914} INFO - Processing file /opt/anaconda3/envs/PyTorch/lib/python3.11/site-packages/airflow/example_dags/example_kubernetes_executor.py for tasks to queue
[2025-01-15T14:01:08.157+0800] {logging_mixin.py:190} INFO - [2025-01-15T14:01:08.157+0800] {dagbag.py:588} INFO - Filling up the DagBag from /opt/anaconda3/envs/PyTorch/lib/python3.11/site-packages/airflow/example_dags/example_kubernetes_executor.py
[2025-01-15T14:01:08.174+0800] {logging_mixin.py:190} INFO - [2025-01-15T14:01:08.174+0800] {example_kubernetes_executor.py:39} WARNING - The example_kubernetes_executor example DAG requires the kubernetes provider. Please install it with: pip install apache-airflow[cncf.kubernetes]
[2025-01-15T14:01:08.174+0800] {processor.py:927} WARNING - No viable dags retrieved from /opt/anaconda3/envs/PyTorch/lib/python3.11/site-packages/airflow/example_dags/example_kubernetes_executor.py
[2025-01-15T14:01:08.207+0800] {processor.py:208} INFO - Processing /opt/anaconda3/envs/PyTorch/lib/python3.11/site-packages/airflow/example_dags/example_kubernetes_executor.py took 0.053 seconds
[2025-01-15T14:04:43.489+0800] {processor.py:186} INFO - Started process (PID=88200) to work on /opt/anaconda3/envs/PyTorch/lib/python3.11/site-packages/airflow/example_dags/example_kubernetes_executor.py
[2025-01-15T14:04:43.490+0800] {processor.py:914} INFO - Processing file /opt/anaconda3/envs/PyTorch/lib/python3.11/site-packages/airflow/example_dags/example_kubernetes_executor.py for tasks to queue
[2025-01-15T14:04:43.490+0800] {logging_mixin.py:190} INFO - [2025-01-15T14:04:43.490+0800] {dagbag.py:588} INFO - Filling up the DagBag from /opt/anaconda3/envs/PyTorch/lib/python3.11/site-packages/airflow/example_dags/example_kubernetes_executor.py
[2025-01-15T14:04:43.506+0800] {logging_mixin.py:190} INFO - [2025-01-15T14:04:43.506+0800] {example_kubernetes_executor.py:39} WARNING - The example_kubernetes_executor example DAG requires the kubernetes provider. Please install it with: pip install apache-airflow[cncf.kubernetes]
[2025-01-15T14:04:43.506+0800] {processor.py:927} WARNING - No viable dags retrieved from /opt/anaconda3/envs/PyTorch/lib/python3.11/site-packages/airflow/example_dags/example_kubernetes_executor.py
[2025-01-15T14:04:43.537+0800] {processor.py:208} INFO - Processing /opt/anaconda3/envs/PyTorch/lib/python3.11/site-packages/airflow/example_dags/example_kubernetes_executor.py took 0.050 seconds
[2025-01-15T14:08:48.004+0800] {processor.py:186} INFO - Started process (PID=90538) to work on /opt/anaconda3/envs/PyTorch/lib/python3.11/site-packages/airflow/example_dags/example_kubernetes_executor.py
[2025-01-15T14:08:48.005+0800] {processor.py:914} INFO - Processing file /opt/anaconda3/envs/PyTorch/lib/python3.11/site-packages/airflow/example_dags/example_kubernetes_executor.py for tasks to queue
[2025-01-15T14:08:48.005+0800] {logging_mixin.py:190} INFO - [2025-01-15T14:08:48.005+0800] {dagbag.py:588} INFO - Filling up the DagBag from /opt/anaconda3/envs/PyTorch/lib/python3.11/site-packages/airflow/example_dags/example_kubernetes_executor.py
[2025-01-15T14:08:48.023+0800] {logging_mixin.py:190} INFO - [2025-01-15T14:08:48.022+0800] {example_kubernetes_executor.py:39} WARNING - The example_kubernetes_executor example DAG requires the kubernetes provider. Please install it with: pip install apache-airflow[cncf.kubernetes]
[2025-01-15T14:08:48.023+0800] {processor.py:927} WARNING - No viable dags retrieved from /opt/anaconda3/envs/PyTorch/lib/python3.11/site-packages/airflow/example_dags/example_kubernetes_executor.py
[2025-01-15T14:08:48.057+0800] {processor.py:208} INFO - Processing /opt/anaconda3/envs/PyTorch/lib/python3.11/site-packages/airflow/example_dags/example_kubernetes_executor.py took 0.055 seconds
[2025-01-15T14:12:43.139+0800] {processor.py:186} INFO - Started process (PID=92696) to work on /opt/anaconda3/envs/PyTorch/lib/python3.11/site-packages/airflow/example_dags/example_kubernetes_executor.py
[2025-01-15T14:12:43.140+0800] {processor.py:914} INFO - Processing file /opt/anaconda3/envs/PyTorch/lib/python3.11/site-packages/airflow/example_dags/example_kubernetes_executor.py for tasks to queue
[2025-01-15T14:12:43.141+0800] {logging_mixin.py:190} INFO - [2025-01-15T14:12:43.141+0800] {dagbag.py:588} INFO - Filling up the DagBag from /opt/anaconda3/envs/PyTorch/lib/python3.11/site-packages/airflow/example_dags/example_kubernetes_executor.py
[2025-01-15T14:12:43.156+0800] {logging_mixin.py:190} INFO - [2025-01-15T14:12:43.156+0800] {example_kubernetes_executor.py:39} WARNING - The example_kubernetes_executor example DAG requires the kubernetes provider. Please install it with: pip install apache-airflow[cncf.kubernetes]
[2025-01-15T14:12:43.157+0800] {processor.py:927} WARNING - No viable dags retrieved from /opt/anaconda3/envs/PyTorch/lib/python3.11/site-packages/airflow/example_dags/example_kubernetes_executor.py
[2025-01-15T14:12:43.190+0800] {processor.py:208} INFO - Processing /opt/anaconda3/envs/PyTorch/lib/python3.11/site-packages/airflow/example_dags/example_kubernetes_executor.py took 0.053 seconds
[2025-01-15T14:16:26.301+0800] {processor.py:186} INFO - Started process (PID=94859) to work on /opt/anaconda3/envs/PyTorch/lib/python3.11/site-packages/airflow/example_dags/example_kubernetes_executor.py
[2025-01-15T14:16:26.302+0800] {processor.py:914} INFO - Processing file /opt/anaconda3/envs/PyTorch/lib/python3.11/site-packages/airflow/example_dags/example_kubernetes_executor.py for tasks to queue
[2025-01-15T14:16:26.302+0800] {logging_mixin.py:190} INFO - [2025-01-15T14:16:26.302+0800] {dagbag.py:588} INFO - Filling up the DagBag from /opt/anaconda3/envs/PyTorch/lib/python3.11/site-packages/airflow/example_dags/example_kubernetes_executor.py
[2025-01-15T14:16:26.318+0800] {logging_mixin.py:190} INFO - [2025-01-15T14:16:26.318+0800] {example_kubernetes_executor.py:39} WARNING - The example_kubernetes_executor example DAG requires the kubernetes provider. Please install it with: pip install apache-airflow[cncf.kubernetes]
[2025-01-15T14:16:26.318+0800] {processor.py:927} WARNING - No viable dags retrieved from /opt/anaconda3/envs/PyTorch/lib/python3.11/site-packages/airflow/example_dags/example_kubernetes_executor.py
[2025-01-15T14:16:26.349+0800] {processor.py:208} INFO - Processing /opt/anaconda3/envs/PyTorch/lib/python3.11/site-packages/airflow/example_dags/example_kubernetes_executor.py took 0.050 seconds
[2025-01-15T14:20:18.462+0800] {processor.py:186} INFO - Started process (PID=96970) to work on /opt/anaconda3/envs/PyTorch/lib/python3.11/site-packages/airflow/example_dags/example_kubernetes_executor.py
[2025-01-15T14:20:18.464+0800] {processor.py:914} INFO - Processing file /opt/anaconda3/envs/PyTorch/lib/python3.11/site-packages/airflow/example_dags/example_kubernetes_executor.py for tasks to queue
[2025-01-15T14:20:18.464+0800] {logging_mixin.py:190} INFO - [2025-01-15T14:20:18.464+0800] {dagbag.py:588} INFO - Filling up the DagBag from /opt/anaconda3/envs/PyTorch/lib/python3.11/site-packages/airflow/example_dags/example_kubernetes_executor.py
[2025-01-15T14:20:18.479+0800] {logging_mixin.py:190} INFO - [2025-01-15T14:20:18.479+0800] {example_kubernetes_executor.py:39} WARNING - The example_kubernetes_executor example DAG requires the kubernetes provider. Please install it with: pip install apache-airflow[cncf.kubernetes]
[2025-01-15T14:20:18.479+0800] {processor.py:927} WARNING - No viable dags retrieved from /opt/anaconda3/envs/PyTorch/lib/python3.11/site-packages/airflow/example_dags/example_kubernetes_executor.py
[2025-01-15T14:20:18.509+0800] {processor.py:208} INFO - Processing /opt/anaconda3/envs/PyTorch/lib/python3.11/site-packages/airflow/example_dags/example_kubernetes_executor.py took 0.049 seconds
[2025-01-15T14:24:00.339+0800] {processor.py:186} INFO - Started process (PID=98990) to work on /opt/anaconda3/envs/PyTorch/lib/python3.11/site-packages/airflow/example_dags/example_kubernetes_executor.py
[2025-01-15T14:24:00.340+0800] {processor.py:914} INFO - Processing file /opt/anaconda3/envs/PyTorch/lib/python3.11/site-packages/airflow/example_dags/example_kubernetes_executor.py for tasks to queue
[2025-01-15T14:24:00.341+0800] {logging_mixin.py:190} INFO - [2025-01-15T14:24:00.340+0800] {dagbag.py:588} INFO - Filling up the DagBag from /opt/anaconda3/envs/PyTorch/lib/python3.11/site-packages/airflow/example_dags/example_kubernetes_executor.py
[2025-01-15T14:24:00.356+0800] {logging_mixin.py:190} INFO - [2025-01-15T14:24:00.356+0800] {example_kubernetes_executor.py:39} WARNING - The example_kubernetes_executor example DAG requires the kubernetes provider. Please install it with: pip install apache-airflow[cncf.kubernetes]
[2025-01-15T14:24:00.356+0800] {processor.py:927} WARNING - No viable dags retrieved from /opt/anaconda3/envs/PyTorch/lib/python3.11/site-packages/airflow/example_dags/example_kubernetes_executor.py
[2025-01-15T14:24:00.386+0800] {processor.py:208} INFO - Processing /opt/anaconda3/envs/PyTorch/lib/python3.11/site-packages/airflow/example_dags/example_kubernetes_executor.py took 0.049 seconds
[2025-01-15T14:27:49.124+0800] {processor.py:186} INFO - Started process (PID=1477) to work on /opt/anaconda3/envs/PyTorch/lib/python3.11/site-packages/airflow/example_dags/example_kubernetes_executor.py
[2025-01-15T14:27:49.125+0800] {processor.py:914} INFO - Processing file /opt/anaconda3/envs/PyTorch/lib/python3.11/site-packages/airflow/example_dags/example_kubernetes_executor.py for tasks to queue
[2025-01-15T14:27:49.125+0800] {logging_mixin.py:190} INFO - [2025-01-15T14:27:49.125+0800] {dagbag.py:588} INFO - Filling up the DagBag from /opt/anaconda3/envs/PyTorch/lib/python3.11/site-packages/airflow/example_dags/example_kubernetes_executor.py
[2025-01-15T14:27:49.141+0800] {logging_mixin.py:190} INFO - [2025-01-15T14:27:49.141+0800] {example_kubernetes_executor.py:39} WARNING - The example_kubernetes_executor example DAG requires the kubernetes provider. Please install it with: pip install apache-airflow[cncf.kubernetes]
[2025-01-15T14:27:49.141+0800] {processor.py:927} WARNING - No viable dags retrieved from /opt/anaconda3/envs/PyTorch/lib/python3.11/site-packages/airflow/example_dags/example_kubernetes_executor.py
[2025-01-15T14:27:49.172+0800] {processor.py:208} INFO - Processing /opt/anaconda3/envs/PyTorch/lib/python3.11/site-packages/airflow/example_dags/example_kubernetes_executor.py took 0.050 seconds
