[2025-01-15T11:50:29.846+0800] {processor.py:186} INFO - Started process (PID=15346) to work on /opt/anaconda3/envs/PyTorch/lib/python3.11/site-packages/airflow/example_dags/example_external_task_marker_dag.py
[2025-01-15T11:50:29.847+0800] {processor.py:914} INFO - Processing file /opt/anaconda3/envs/PyTorch/lib/python3.11/site-packages/airflow/example_dags/example_external_task_marker_dag.py for tasks to queue
[2025-01-15T11:50:29.847+0800] {logging_mixin.py:190} INFO - [2025-01-15T11:50:29.847+0800] {dagbag.py:588} INFO - Filling up the DagBag from /opt/anaconda3/envs/PyTorch/lib/python3.11/site-packages/airflow/example_dags/example_external_task_marker_dag.py
[2025-01-15T11:50:29.854+0800] {processor.py:925} INFO - DAG(s) 'example_external_task_marker_child', 'example_external_task_marker_parent' retrieved from /opt/anaconda3/envs/PyTorch/lib/python3.11/site-packages/airflow/example_dags/example_external_task_marker_dag.py
[2025-01-15T11:50:30.144+0800] {logging_mixin.py:190} INFO - [2025-01-15T11:50:30.144+0800] {override.py:1912} INFO - Created Permission View: can read on DAG:example_external_task_marker_child
[2025-01-15T11:50:30.147+0800] {logging_mixin.py:190} INFO - [2025-01-15T11:50:30.147+0800] {override.py:1912} INFO - Created Permission View: can edit on DAG:example_external_task_marker_child
[2025-01-15T11:50:30.149+0800] {logging_mixin.py:190} INFO - [2025-01-15T11:50:30.149+0800] {override.py:1912} INFO - Created Permission View: can delete on DAG:example_external_task_marker_child
[2025-01-15T11:50:30.152+0800] {logging_mixin.py:190} INFO - [2025-01-15T11:50:30.151+0800] {override.py:1912} INFO - Created Permission View: can read on DAG Run:example_external_task_marker_child
[2025-01-15T11:50:30.153+0800] {logging_mixin.py:190} INFO - [2025-01-15T11:50:30.153+0800] {override.py:1912} INFO - Created Permission View: can delete on DAG Run:example_external_task_marker_child
[2025-01-15T11:50:30.156+0800] {logging_mixin.py:190} INFO - [2025-01-15T11:50:30.156+0800] {override.py:1912} INFO - Created Permission View: menu access on DAG Run:example_external_task_marker_child
[2025-01-15T11:50:30.157+0800] {logging_mixin.py:190} INFO - [2025-01-15T11:50:30.157+0800] {override.py:1912} INFO - Created Permission View: can create on DAG Run:example_external_task_marker_child
[2025-01-15T11:50:30.161+0800] {logging_mixin.py:190} INFO - [2025-01-15T11:50:30.161+0800] {override.py:1912} INFO - Created Permission View: can read on DAG:example_external_task_marker_parent
[2025-01-15T11:50:30.163+0800] {logging_mixin.py:190} INFO - [2025-01-15T11:50:30.163+0800] {override.py:1912} INFO - Created Permission View: can edit on DAG:example_external_task_marker_parent
[2025-01-15T11:50:30.165+0800] {logging_mixin.py:190} INFO - [2025-01-15T11:50:30.165+0800] {override.py:1912} INFO - Created Permission View: can delete on DAG:example_external_task_marker_parent
[2025-01-15T11:50:30.167+0800] {logging_mixin.py:190} INFO - [2025-01-15T11:50:30.167+0800] {override.py:1912} INFO - Created Permission View: can read on DAG Run:example_external_task_marker_parent
[2025-01-15T11:50:30.169+0800] {logging_mixin.py:190} INFO - [2025-01-15T11:50:30.169+0800] {override.py:1912} INFO - Created Permission View: can delete on DAG Run:example_external_task_marker_parent
[2025-01-15T11:50:30.170+0800] {logging_mixin.py:190} INFO - [2025-01-15T11:50:30.170+0800] {override.py:1912} INFO - Created Permission View: menu access on DAG Run:example_external_task_marker_parent
[2025-01-15T11:50:30.172+0800] {logging_mixin.py:190} INFO - [2025-01-15T11:50:30.172+0800] {override.py:1912} INFO - Created Permission View: can create on DAG Run:example_external_task_marker_parent
[2025-01-15T11:50:30.172+0800] {logging_mixin.py:190} INFO - [2025-01-15T11:50:30.172+0800] {dag.py:3239} INFO - Sync 2 DAGs
[2025-01-15T11:50:30.176+0800] {logging_mixin.py:190} INFO - [2025-01-15T11:50:30.176+0800] {dag.py:3262} INFO - Creating ORM DAG for example_external_task_marker_child
[2025-01-15T11:50:30.176+0800] {logging_mixin.py:190} INFO - [2025-01-15T11:50:30.176+0800] {dag.py:3262} INFO - Creating ORM DAG for example_external_task_marker_parent
[2025-01-15T11:50:30.176+0800] {logging_mixin.py:190} INFO - [2025-01-15T11:50:30.176+0800] {dag.py:4180} INFO - Setting next_dagrun for example_external_task_marker_child to None, run_after=None
[2025-01-15T11:50:30.177+0800] {logging_mixin.py:190} INFO - [2025-01-15T11:50:30.177+0800] {dag.py:4180} INFO - Setting next_dagrun for example_external_task_marker_parent to None, run_after=None
[2025-01-15T11:50:30.182+0800] {processor.py:208} INFO - Processing /opt/anaconda3/envs/PyTorch/lib/python3.11/site-packages/airflow/example_dags/example_external_task_marker_dag.py took 0.338 seconds
[2025-01-15T11:57:02.122+0800] {processor.py:186} INFO - Started process (PID=18617) to work on /opt/anaconda3/envs/PyTorch/lib/python3.11/site-packages/airflow/example_dags/example_external_task_marker_dag.py
[2025-01-15T11:57:02.123+0800] {processor.py:914} INFO - Processing file /opt/anaconda3/envs/PyTorch/lib/python3.11/site-packages/airflow/example_dags/example_external_task_marker_dag.py for tasks to queue
[2025-01-15T11:57:02.123+0800] {logging_mixin.py:190} INFO - [2025-01-15T11:57:02.123+0800] {dagbag.py:588} INFO - Filling up the DagBag from /opt/anaconda3/envs/PyTorch/lib/python3.11/site-packages/airflow/example_dags/example_external_task_marker_dag.py
[2025-01-15T11:57:02.129+0800] {processor.py:925} INFO - DAG(s) 'example_external_task_marker_child', 'example_external_task_marker_parent' retrieved from /opt/anaconda3/envs/PyTorch/lib/python3.11/site-packages/airflow/example_dags/example_external_task_marker_dag.py
[2025-01-15T11:57:02.436+0800] {logging_mixin.py:190} INFO - [2025-01-15T11:57:02.435+0800] {dag.py:3239} INFO - Sync 2 DAGs
[2025-01-15T11:57:02.440+0800] {logging_mixin.py:190} INFO - [2025-01-15T11:57:02.439+0800] {dag.py:4180} INFO - Setting next_dagrun for example_external_task_marker_child to None, run_after=None
[2025-01-15T11:57:02.441+0800] {logging_mixin.py:190} INFO - [2025-01-15T11:57:02.440+0800] {dag.py:4180} INFO - Setting next_dagrun for example_external_task_marker_parent to None, run_after=None
[2025-01-15T11:57:02.446+0800] {processor.py:208} INFO - Processing /opt/anaconda3/envs/PyTorch/lib/python3.11/site-packages/airflow/example_dags/example_external_task_marker_dag.py took 0.326 seconds
[2025-01-15T11:58:57.231+0800] {processor.py:186} INFO - Started process (PID=19647) to work on /opt/anaconda3/envs/PyTorch/lib/python3.11/site-packages/airflow/example_dags/example_external_task_marker_dag.py
[2025-01-15T11:58:57.232+0800] {processor.py:914} INFO - Processing file /opt/anaconda3/envs/PyTorch/lib/python3.11/site-packages/airflow/example_dags/example_external_task_marker_dag.py for tasks to queue
[2025-01-15T11:58:57.233+0800] {logging_mixin.py:190} INFO - [2025-01-15T11:58:57.233+0800] {dagbag.py:588} INFO - Filling up the DagBag from /opt/anaconda3/envs/PyTorch/lib/python3.11/site-packages/airflow/example_dags/example_external_task_marker_dag.py
[2025-01-15T11:58:57.238+0800] {processor.py:925} INFO - DAG(s) 'example_external_task_marker_parent', 'example_external_task_marker_child' retrieved from /opt/anaconda3/envs/PyTorch/lib/python3.11/site-packages/airflow/example_dags/example_external_task_marker_dag.py
[2025-01-15T11:58:57.532+0800] {logging_mixin.py:190} INFO - [2025-01-15T11:58:57.532+0800] {dag.py:3239} INFO - Sync 2 DAGs
[2025-01-15T11:58:57.536+0800] {logging_mixin.py:190} INFO - [2025-01-15T11:58:57.536+0800] {dag.py:4180} INFO - Setting next_dagrun for example_external_task_marker_child to None, run_after=None
[2025-01-15T11:58:57.538+0800] {logging_mixin.py:190} INFO - [2025-01-15T11:58:57.538+0800] {dag.py:4180} INFO - Setting next_dagrun for example_external_task_marker_parent to None, run_after=None
[2025-01-15T11:58:57.544+0800] {processor.py:208} INFO - Processing /opt/anaconda3/envs/PyTorch/lib/python3.11/site-packages/airflow/example_dags/example_external_task_marker_dag.py took 0.315 seconds
[2025-01-15T12:00:55.102+0800] {processor.py:186} INFO - Started process (PID=20713) to work on /opt/anaconda3/envs/PyTorch/lib/python3.11/site-packages/airflow/example_dags/example_external_task_marker_dag.py
[2025-01-15T12:00:55.104+0800] {processor.py:914} INFO - Processing file /opt/anaconda3/envs/PyTorch/lib/python3.11/site-packages/airflow/example_dags/example_external_task_marker_dag.py for tasks to queue
[2025-01-15T12:00:55.105+0800] {logging_mixin.py:190} INFO - [2025-01-15T12:00:55.104+0800] {dagbag.py:588} INFO - Filling up the DagBag from /opt/anaconda3/envs/PyTorch/lib/python3.11/site-packages/airflow/example_dags/example_external_task_marker_dag.py
[2025-01-15T12:00:55.110+0800] {processor.py:925} INFO - DAG(s) 'example_external_task_marker_parent', 'example_external_task_marker_child' retrieved from /opt/anaconda3/envs/PyTorch/lib/python3.11/site-packages/airflow/example_dags/example_external_task_marker_dag.py
[2025-01-15T12:00:55.419+0800] {logging_mixin.py:190} INFO - [2025-01-15T12:00:55.419+0800] {dag.py:3239} INFO - Sync 2 DAGs
[2025-01-15T12:00:55.423+0800] {logging_mixin.py:190} INFO - [2025-01-15T12:00:55.423+0800] {dag.py:4180} INFO - Setting next_dagrun for example_external_task_marker_child to None, run_after=None
[2025-01-15T12:00:55.424+0800] {logging_mixin.py:190} INFO - [2025-01-15T12:00:55.424+0800] {dag.py:4180} INFO - Setting next_dagrun for example_external_task_marker_parent to None, run_after=None
[2025-01-15T12:00:55.430+0800] {processor.py:208} INFO - Processing /opt/anaconda3/envs/PyTorch/lib/python3.11/site-packages/airflow/example_dags/example_external_task_marker_dag.py took 0.329 seconds
[2025-01-15T12:03:49.047+0800] {processor.py:186} INFO - Started process (PID=22237) to work on /opt/anaconda3/envs/PyTorch/lib/python3.11/site-packages/airflow/example_dags/example_external_task_marker_dag.py
[2025-01-15T12:03:49.048+0800] {processor.py:914} INFO - Processing file /opt/anaconda3/envs/PyTorch/lib/python3.11/site-packages/airflow/example_dags/example_external_task_marker_dag.py for tasks to queue
[2025-01-15T12:03:49.049+0800] {logging_mixin.py:190} INFO - [2025-01-15T12:03:49.049+0800] {dagbag.py:588} INFO - Filling up the DagBag from /opt/anaconda3/envs/PyTorch/lib/python3.11/site-packages/airflow/example_dags/example_external_task_marker_dag.py
[2025-01-15T12:03:49.054+0800] {processor.py:925} INFO - DAG(s) 'example_external_task_marker_child', 'example_external_task_marker_parent' retrieved from /opt/anaconda3/envs/PyTorch/lib/python3.11/site-packages/airflow/example_dags/example_external_task_marker_dag.py
[2025-01-15T12:03:49.326+0800] {logging_mixin.py:190} INFO - [2025-01-15T12:03:49.325+0800] {dag.py:3239} INFO - Sync 2 DAGs
[2025-01-15T12:03:49.330+0800] {logging_mixin.py:190} INFO - [2025-01-15T12:03:49.329+0800] {dag.py:4180} INFO - Setting next_dagrun for example_external_task_marker_child to None, run_after=None
[2025-01-15T12:03:49.331+0800] {logging_mixin.py:190} INFO - [2025-01-15T12:03:49.331+0800] {dag.py:4180} INFO - Setting next_dagrun for example_external_task_marker_parent to None, run_after=None
[2025-01-15T12:03:49.336+0800] {processor.py:208} INFO - Processing /opt/anaconda3/envs/PyTorch/lib/python3.11/site-packages/airflow/example_dags/example_external_task_marker_dag.py took 0.291 seconds
[2025-01-15T12:06:41.703+0800] {processor.py:186} INFO - Started process (PID=23801) to work on /opt/anaconda3/envs/PyTorch/lib/python3.11/site-packages/airflow/example_dags/example_external_task_marker_dag.py
[2025-01-15T12:06:41.704+0800] {processor.py:914} INFO - Processing file /opt/anaconda3/envs/PyTorch/lib/python3.11/site-packages/airflow/example_dags/example_external_task_marker_dag.py for tasks to queue
[2025-01-15T12:06:41.705+0800] {logging_mixin.py:190} INFO - [2025-01-15T12:06:41.705+0800] {dagbag.py:588} INFO - Filling up the DagBag from /opt/anaconda3/envs/PyTorch/lib/python3.11/site-packages/airflow/example_dags/example_external_task_marker_dag.py
[2025-01-15T12:06:41.711+0800] {processor.py:925} INFO - DAG(s) 'example_external_task_marker_child', 'example_external_task_marker_parent' retrieved from /opt/anaconda3/envs/PyTorch/lib/python3.11/site-packages/airflow/example_dags/example_external_task_marker_dag.py
[2025-01-15T12:06:42.018+0800] {logging_mixin.py:190} INFO - [2025-01-15T12:06:42.018+0800] {dag.py:3239} INFO - Sync 2 DAGs
[2025-01-15T12:06:42.022+0800] {logging_mixin.py:190} INFO - [2025-01-15T12:06:42.022+0800] {dag.py:4180} INFO - Setting next_dagrun for example_external_task_marker_child to None, run_after=None
[2025-01-15T12:06:42.024+0800] {logging_mixin.py:190} INFO - [2025-01-15T12:06:42.024+0800] {dag.py:4180} INFO - Setting next_dagrun for example_external_task_marker_parent to None, run_after=None
[2025-01-15T12:06:42.029+0800] {processor.py:208} INFO - Processing /opt/anaconda3/envs/PyTorch/lib/python3.11/site-packages/airflow/example_dags/example_external_task_marker_dag.py took 0.328 seconds
[2025-01-15T12:09:38.528+0800] {processor.py:186} INFO - Started process (PID=25393) to work on /opt/anaconda3/envs/PyTorch/lib/python3.11/site-packages/airflow/example_dags/example_external_task_marker_dag.py
[2025-01-15T12:09:38.530+0800] {processor.py:914} INFO - Processing file /opt/anaconda3/envs/PyTorch/lib/python3.11/site-packages/airflow/example_dags/example_external_task_marker_dag.py for tasks to queue
[2025-01-15T12:09:38.530+0800] {logging_mixin.py:190} INFO - [2025-01-15T12:09:38.530+0800] {dagbag.py:588} INFO - Filling up the DagBag from /opt/anaconda3/envs/PyTorch/lib/python3.11/site-packages/airflow/example_dags/example_external_task_marker_dag.py
[2025-01-15T12:09:38.536+0800] {processor.py:925} INFO - DAG(s) 'example_external_task_marker_parent', 'example_external_task_marker_child' retrieved from /opt/anaconda3/envs/PyTorch/lib/python3.11/site-packages/airflow/example_dags/example_external_task_marker_dag.py
[2025-01-15T12:09:38.842+0800] {logging_mixin.py:190} INFO - [2025-01-15T12:09:38.842+0800] {dag.py:3239} INFO - Sync 2 DAGs
[2025-01-15T12:09:38.846+0800] {logging_mixin.py:190} INFO - [2025-01-15T12:09:38.846+0800] {dag.py:4180} INFO - Setting next_dagrun for example_external_task_marker_child to None, run_after=None
[2025-01-15T12:09:38.847+0800] {logging_mixin.py:190} INFO - [2025-01-15T12:09:38.847+0800] {dag.py:4180} INFO - Setting next_dagrun for example_external_task_marker_parent to None, run_after=None
[2025-01-15T12:09:38.853+0800] {processor.py:208} INFO - Processing /opt/anaconda3/envs/PyTorch/lib/python3.11/site-packages/airflow/example_dags/example_external_task_marker_dag.py took 0.326 seconds
[2025-01-15T12:12:35.200+0800] {processor.py:186} INFO - Started process (PID=26995) to work on /opt/anaconda3/envs/PyTorch/lib/python3.11/site-packages/airflow/example_dags/example_external_task_marker_dag.py
[2025-01-15T12:12:35.201+0800] {processor.py:914} INFO - Processing file /opt/anaconda3/envs/PyTorch/lib/python3.11/site-packages/airflow/example_dags/example_external_task_marker_dag.py for tasks to queue
[2025-01-15T12:12:35.202+0800] {logging_mixin.py:190} INFO - [2025-01-15T12:12:35.201+0800] {dagbag.py:588} INFO - Filling up the DagBag from /opt/anaconda3/envs/PyTorch/lib/python3.11/site-packages/airflow/example_dags/example_external_task_marker_dag.py
[2025-01-15T12:12:35.208+0800] {processor.py:925} INFO - DAG(s) 'example_external_task_marker_parent', 'example_external_task_marker_child' retrieved from /opt/anaconda3/envs/PyTorch/lib/python3.11/site-packages/airflow/example_dags/example_external_task_marker_dag.py
[2025-01-15T12:12:35.514+0800] {logging_mixin.py:190} INFO - [2025-01-15T12:12:35.513+0800] {dag.py:3239} INFO - Sync 2 DAGs
[2025-01-15T12:12:35.518+0800] {logging_mixin.py:190} INFO - [2025-01-15T12:12:35.518+0800] {dag.py:4180} INFO - Setting next_dagrun for example_external_task_marker_child to None, run_after=None
[2025-01-15T12:12:35.519+0800] {logging_mixin.py:190} INFO - [2025-01-15T12:12:35.519+0800] {dag.py:4180} INFO - Setting next_dagrun for example_external_task_marker_parent to None, run_after=None
[2025-01-15T12:12:35.525+0800] {processor.py:208} INFO - Processing /opt/anaconda3/envs/PyTorch/lib/python3.11/site-packages/airflow/example_dags/example_external_task_marker_dag.py took 0.327 seconds
[2025-01-15T12:15:32.527+0800] {processor.py:186} INFO - Started process (PID=28546) to work on /opt/anaconda3/envs/PyTorch/lib/python3.11/site-packages/airflow/example_dags/example_external_task_marker_dag.py
[2025-01-15T12:15:32.528+0800] {processor.py:914} INFO - Processing file /opt/anaconda3/envs/PyTorch/lib/python3.11/site-packages/airflow/example_dags/example_external_task_marker_dag.py for tasks to queue
[2025-01-15T12:15:32.529+0800] {logging_mixin.py:190} INFO - [2025-01-15T12:15:32.529+0800] {dagbag.py:588} INFO - Filling up the DagBag from /opt/anaconda3/envs/PyTorch/lib/python3.11/site-packages/airflow/example_dags/example_external_task_marker_dag.py
[2025-01-15T12:15:32.535+0800] {processor.py:925} INFO - DAG(s) 'example_external_task_marker_parent', 'example_external_task_marker_child' retrieved from /opt/anaconda3/envs/PyTorch/lib/python3.11/site-packages/airflow/example_dags/example_external_task_marker_dag.py
[2025-01-15T12:15:32.846+0800] {logging_mixin.py:190} INFO - [2025-01-15T12:15:32.846+0800] {dag.py:3239} INFO - Sync 2 DAGs
[2025-01-15T12:15:32.850+0800] {logging_mixin.py:190} INFO - [2025-01-15T12:15:32.850+0800] {dag.py:4180} INFO - Setting next_dagrun for example_external_task_marker_child to None, run_after=None
[2025-01-15T12:15:32.852+0800] {logging_mixin.py:190} INFO - [2025-01-15T12:15:32.851+0800] {dag.py:4180} INFO - Setting next_dagrun for example_external_task_marker_parent to None, run_after=None
[2025-01-15T12:15:32.857+0800] {processor.py:208} INFO - Processing /opt/anaconda3/envs/PyTorch/lib/python3.11/site-packages/airflow/example_dags/example_external_task_marker_dag.py took 0.332 seconds
[2025-01-15T12:18:29.225+0800] {processor.py:186} INFO - Started process (PID=30148) to work on /opt/anaconda3/envs/PyTorch/lib/python3.11/site-packages/airflow/example_dags/example_external_task_marker_dag.py
[2025-01-15T12:18:29.227+0800] {processor.py:914} INFO - Processing file /opt/anaconda3/envs/PyTorch/lib/python3.11/site-packages/airflow/example_dags/example_external_task_marker_dag.py for tasks to queue
[2025-01-15T12:18:29.227+0800] {logging_mixin.py:190} INFO - [2025-01-15T12:18:29.227+0800] {dagbag.py:588} INFO - Filling up the DagBag from /opt/anaconda3/envs/PyTorch/lib/python3.11/site-packages/airflow/example_dags/example_external_task_marker_dag.py
[2025-01-15T12:18:29.233+0800] {processor.py:925} INFO - DAG(s) 'example_external_task_marker_child', 'example_external_task_marker_parent' retrieved from /opt/anaconda3/envs/PyTorch/lib/python3.11/site-packages/airflow/example_dags/example_external_task_marker_dag.py
[2025-01-15T12:18:29.564+0800] {logging_mixin.py:190} INFO - [2025-01-15T12:18:29.564+0800] {dag.py:3239} INFO - Sync 2 DAGs
[2025-01-15T12:18:29.569+0800] {logging_mixin.py:190} INFO - [2025-01-15T12:18:29.568+0800] {dag.py:4180} INFO - Setting next_dagrun for example_external_task_marker_child to None, run_after=None
[2025-01-15T12:18:29.570+0800] {logging_mixin.py:190} INFO - [2025-01-15T12:18:29.570+0800] {dag.py:4180} INFO - Setting next_dagrun for example_external_task_marker_parent to None, run_after=None
[2025-01-15T12:18:29.576+0800] {processor.py:208} INFO - Processing /opt/anaconda3/envs/PyTorch/lib/python3.11/site-packages/airflow/example_dags/example_external_task_marker_dag.py took 0.353 seconds
[2025-01-15T12:21:27.091+0800] {processor.py:186} INFO - Started process (PID=31702) to work on /opt/anaconda3/envs/PyTorch/lib/python3.11/site-packages/airflow/example_dags/example_external_task_marker_dag.py
[2025-01-15T12:21:27.092+0800] {processor.py:914} INFO - Processing file /opt/anaconda3/envs/PyTorch/lib/python3.11/site-packages/airflow/example_dags/example_external_task_marker_dag.py for tasks to queue
[2025-01-15T12:21:27.093+0800] {logging_mixin.py:190} INFO - [2025-01-15T12:21:27.093+0800] {dagbag.py:588} INFO - Filling up the DagBag from /opt/anaconda3/envs/PyTorch/lib/python3.11/site-packages/airflow/example_dags/example_external_task_marker_dag.py
[2025-01-15T12:21:27.099+0800] {processor.py:925} INFO - DAG(s) 'example_external_task_marker_parent', 'example_external_task_marker_child' retrieved from /opt/anaconda3/envs/PyTorch/lib/python3.11/site-packages/airflow/example_dags/example_external_task_marker_dag.py
[2025-01-15T12:21:27.358+0800] {logging_mixin.py:190} INFO - [2025-01-15T12:21:27.357+0800] {dag.py:3239} INFO - Sync 2 DAGs
[2025-01-15T12:21:27.362+0800] {logging_mixin.py:190} INFO - [2025-01-15T12:21:27.362+0800] {dag.py:4180} INFO - Setting next_dagrun for example_external_task_marker_child to None, run_after=None
[2025-01-15T12:21:27.363+0800] {logging_mixin.py:190} INFO - [2025-01-15T12:21:27.363+0800] {dag.py:4180} INFO - Setting next_dagrun for example_external_task_marker_parent to None, run_after=None
[2025-01-15T12:21:27.369+0800] {processor.py:208} INFO - Processing /opt/anaconda3/envs/PyTorch/lib/python3.11/site-packages/airflow/example_dags/example_external_task_marker_dag.py took 0.280 seconds
[2025-01-15T12:24:31.478+0800] {processor.py:186} INFO - Started process (PID=33318) to work on /opt/anaconda3/envs/PyTorch/lib/python3.11/site-packages/airflow/example_dags/example_external_task_marker_dag.py
[2025-01-15T12:24:31.479+0800] {processor.py:914} INFO - Processing file /opt/anaconda3/envs/PyTorch/lib/python3.11/site-packages/airflow/example_dags/example_external_task_marker_dag.py for tasks to queue
[2025-01-15T12:24:31.480+0800] {logging_mixin.py:190} INFO - [2025-01-15T12:24:31.480+0800] {dagbag.py:588} INFO - Filling up the DagBag from /opt/anaconda3/envs/PyTorch/lib/python3.11/site-packages/airflow/example_dags/example_external_task_marker_dag.py
[2025-01-15T12:24:31.487+0800] {processor.py:925} INFO - DAG(s) 'example_external_task_marker_parent', 'example_external_task_marker_child' retrieved from /opt/anaconda3/envs/PyTorch/lib/python3.11/site-packages/airflow/example_dags/example_external_task_marker_dag.py
[2025-01-15T12:24:31.802+0800] {logging_mixin.py:190} INFO - [2025-01-15T12:24:31.802+0800] {dag.py:3239} INFO - Sync 2 DAGs
[2025-01-15T12:24:31.806+0800] {logging_mixin.py:190} INFO - [2025-01-15T12:24:31.806+0800] {dag.py:4180} INFO - Setting next_dagrun for example_external_task_marker_child to None, run_after=None
[2025-01-15T12:24:31.807+0800] {logging_mixin.py:190} INFO - [2025-01-15T12:24:31.807+0800] {dag.py:4180} INFO - Setting next_dagrun for example_external_task_marker_parent to None, run_after=None
[2025-01-15T12:24:31.813+0800] {processor.py:208} INFO - Processing /opt/anaconda3/envs/PyTorch/lib/python3.11/site-packages/airflow/example_dags/example_external_task_marker_dag.py took 0.338 seconds
[2025-01-15T12:27:27.341+0800] {processor.py:186} INFO - Started process (PID=34877) to work on /opt/anaconda3/envs/PyTorch/lib/python3.11/site-packages/airflow/example_dags/example_external_task_marker_dag.py
[2025-01-15T12:27:27.342+0800] {processor.py:914} INFO - Processing file /opt/anaconda3/envs/PyTorch/lib/python3.11/site-packages/airflow/example_dags/example_external_task_marker_dag.py for tasks to queue
[2025-01-15T12:27:27.342+0800] {logging_mixin.py:190} INFO - [2025-01-15T12:27:27.342+0800] {dagbag.py:588} INFO - Filling up the DagBag from /opt/anaconda3/envs/PyTorch/lib/python3.11/site-packages/airflow/example_dags/example_external_task_marker_dag.py
[2025-01-15T12:27:27.348+0800] {processor.py:925} INFO - DAG(s) 'example_external_task_marker_child', 'example_external_task_marker_parent' retrieved from /opt/anaconda3/envs/PyTorch/lib/python3.11/site-packages/airflow/example_dags/example_external_task_marker_dag.py
[2025-01-15T12:27:27.682+0800] {logging_mixin.py:190} INFO - [2025-01-15T12:27:27.682+0800] {dag.py:3239} INFO - Sync 2 DAGs
[2025-01-15T12:27:27.686+0800] {logging_mixin.py:190} INFO - [2025-01-15T12:27:27.686+0800] {dag.py:4180} INFO - Setting next_dagrun for example_external_task_marker_child to None, run_after=None
[2025-01-15T12:27:27.687+0800] {logging_mixin.py:190} INFO - [2025-01-15T12:27:27.687+0800] {dag.py:4180} INFO - Setting next_dagrun for example_external_task_marker_parent to None, run_after=None
[2025-01-15T12:27:27.693+0800] {processor.py:208} INFO - Processing /opt/anaconda3/envs/PyTorch/lib/python3.11/site-packages/airflow/example_dags/example_external_task_marker_dag.py took 0.356 seconds
[2025-01-15T12:30:23.731+0800] {processor.py:186} INFO - Started process (PID=36430) to work on /opt/anaconda3/envs/PyTorch/lib/python3.11/site-packages/airflow/example_dags/example_external_task_marker_dag.py
[2025-01-15T12:30:23.731+0800] {processor.py:914} INFO - Processing file /opt/anaconda3/envs/PyTorch/lib/python3.11/site-packages/airflow/example_dags/example_external_task_marker_dag.py for tasks to queue
[2025-01-15T12:30:23.732+0800] {logging_mixin.py:190} INFO - [2025-01-15T12:30:23.732+0800] {dagbag.py:588} INFO - Filling up the DagBag from /opt/anaconda3/envs/PyTorch/lib/python3.11/site-packages/airflow/example_dags/example_external_task_marker_dag.py
[2025-01-15T12:30:23.738+0800] {processor.py:925} INFO - DAG(s) 'example_external_task_marker_child', 'example_external_task_marker_parent' retrieved from /opt/anaconda3/envs/PyTorch/lib/python3.11/site-packages/airflow/example_dags/example_external_task_marker_dag.py
[2025-01-15T12:30:24.059+0800] {logging_mixin.py:190} INFO - [2025-01-15T12:30:24.059+0800] {dag.py:3239} INFO - Sync 2 DAGs
[2025-01-15T12:30:24.063+0800] {logging_mixin.py:190} INFO - [2025-01-15T12:30:24.063+0800] {dag.py:4180} INFO - Setting next_dagrun for example_external_task_marker_child to None, run_after=None
[2025-01-15T12:30:24.064+0800] {logging_mixin.py:190} INFO - [2025-01-15T12:30:24.064+0800] {dag.py:4180} INFO - Setting next_dagrun for example_external_task_marker_parent to None, run_after=None
[2025-01-15T12:30:24.070+0800] {processor.py:208} INFO - Processing /opt/anaconda3/envs/PyTorch/lib/python3.11/site-packages/airflow/example_dags/example_external_task_marker_dag.py took 0.341 seconds
[2025-01-15T12:33:20.015+0800] {processor.py:186} INFO - Started process (PID=37946) to work on /opt/anaconda3/envs/PyTorch/lib/python3.11/site-packages/airflow/example_dags/example_external_task_marker_dag.py
[2025-01-15T12:33:20.017+0800] {processor.py:914} INFO - Processing file /opt/anaconda3/envs/PyTorch/lib/python3.11/site-packages/airflow/example_dags/example_external_task_marker_dag.py for tasks to queue
[2025-01-15T12:33:20.017+0800] {logging_mixin.py:190} INFO - [2025-01-15T12:33:20.017+0800] {dagbag.py:588} INFO - Filling up the DagBag from /opt/anaconda3/envs/PyTorch/lib/python3.11/site-packages/airflow/example_dags/example_external_task_marker_dag.py
[2025-01-15T12:33:20.023+0800] {processor.py:925} INFO - DAG(s) 'example_external_task_marker_parent', 'example_external_task_marker_child' retrieved from /opt/anaconda3/envs/PyTorch/lib/python3.11/site-packages/airflow/example_dags/example_external_task_marker_dag.py
[2025-01-15T12:33:20.346+0800] {logging_mixin.py:190} INFO - [2025-01-15T12:33:20.346+0800] {dag.py:3239} INFO - Sync 2 DAGs
[2025-01-15T12:33:20.350+0800] {logging_mixin.py:190} INFO - [2025-01-15T12:33:20.350+0800] {dag.py:4180} INFO - Setting next_dagrun for example_external_task_marker_child to None, run_after=None
[2025-01-15T12:33:20.351+0800] {logging_mixin.py:190} INFO - [2025-01-15T12:33:20.351+0800] {dag.py:4180} INFO - Setting next_dagrun for example_external_task_marker_parent to None, run_after=None
[2025-01-15T12:33:20.357+0800] {processor.py:208} INFO - Processing /opt/anaconda3/envs/PyTorch/lib/python3.11/site-packages/airflow/example_dags/example_external_task_marker_dag.py took 0.343 seconds
[2025-01-15T12:36:18.162+0800] {processor.py:186} INFO - Started process (PID=39522) to work on /opt/anaconda3/envs/PyTorch/lib/python3.11/site-packages/airflow/example_dags/example_external_task_marker_dag.py
[2025-01-15T12:36:18.162+0800] {processor.py:914} INFO - Processing file /opt/anaconda3/envs/PyTorch/lib/python3.11/site-packages/airflow/example_dags/example_external_task_marker_dag.py for tasks to queue
[2025-01-15T12:36:18.163+0800] {logging_mixin.py:190} INFO - [2025-01-15T12:36:18.163+0800] {dagbag.py:588} INFO - Filling up the DagBag from /opt/anaconda3/envs/PyTorch/lib/python3.11/site-packages/airflow/example_dags/example_external_task_marker_dag.py
[2025-01-15T12:36:18.169+0800] {processor.py:925} INFO - DAG(s) 'example_external_task_marker_parent', 'example_external_task_marker_child' retrieved from /opt/anaconda3/envs/PyTorch/lib/python3.11/site-packages/airflow/example_dags/example_external_task_marker_dag.py
[2025-01-15T12:36:18.438+0800] {logging_mixin.py:190} INFO - [2025-01-15T12:36:18.437+0800] {dag.py:3239} INFO - Sync 2 DAGs
[2025-01-15T12:36:18.442+0800] {logging_mixin.py:190} INFO - [2025-01-15T12:36:18.442+0800] {dag.py:4180} INFO - Setting next_dagrun for example_external_task_marker_child to None, run_after=None
[2025-01-15T12:36:18.443+0800] {logging_mixin.py:190} INFO - [2025-01-15T12:36:18.443+0800] {dag.py:4180} INFO - Setting next_dagrun for example_external_task_marker_parent to None, run_after=None
[2025-01-15T12:36:18.449+0800] {processor.py:208} INFO - Processing /opt/anaconda3/envs/PyTorch/lib/python3.11/site-packages/airflow/example_dags/example_external_task_marker_dag.py took 0.289 seconds
[2025-01-15T12:39:14.781+0800] {processor.py:186} INFO - Started process (PID=41085) to work on /opt/anaconda3/envs/PyTorch/lib/python3.11/site-packages/airflow/example_dags/example_external_task_marker_dag.py
[2025-01-15T12:39:14.782+0800] {processor.py:914} INFO - Processing file /opt/anaconda3/envs/PyTorch/lib/python3.11/site-packages/airflow/example_dags/example_external_task_marker_dag.py for tasks to queue
[2025-01-15T12:39:14.783+0800] {logging_mixin.py:190} INFO - [2025-01-15T12:39:14.783+0800] {dagbag.py:588} INFO - Filling up the DagBag from /opt/anaconda3/envs/PyTorch/lib/python3.11/site-packages/airflow/example_dags/example_external_task_marker_dag.py
[2025-01-15T12:39:14.789+0800] {processor.py:925} INFO - DAG(s) 'example_external_task_marker_child', 'example_external_task_marker_parent' retrieved from /opt/anaconda3/envs/PyTorch/lib/python3.11/site-packages/airflow/example_dags/example_external_task_marker_dag.py
[2025-01-15T12:39:15.054+0800] {logging_mixin.py:190} INFO - [2025-01-15T12:39:15.053+0800] {dag.py:3239} INFO - Sync 2 DAGs
[2025-01-15T12:39:15.058+0800] {logging_mixin.py:190} INFO - [2025-01-15T12:39:15.057+0800] {dag.py:4180} INFO - Setting next_dagrun for example_external_task_marker_child to None, run_after=None
[2025-01-15T12:39:15.059+0800] {logging_mixin.py:190} INFO - [2025-01-15T12:39:15.059+0800] {dag.py:4180} INFO - Setting next_dagrun for example_external_task_marker_parent to None, run_after=None
[2025-01-15T12:39:15.064+0800] {processor.py:208} INFO - Processing /opt/anaconda3/envs/PyTorch/lib/python3.11/site-packages/airflow/example_dags/example_external_task_marker_dag.py took 0.284 seconds
[2025-01-15T12:42:12.828+0800] {processor.py:186} INFO - Started process (PID=42705) to work on /opt/anaconda3/envs/PyTorch/lib/python3.11/site-packages/airflow/example_dags/example_external_task_marker_dag.py
[2025-01-15T12:42:12.829+0800] {processor.py:914} INFO - Processing file /opt/anaconda3/envs/PyTorch/lib/python3.11/site-packages/airflow/example_dags/example_external_task_marker_dag.py for tasks to queue
[2025-01-15T12:42:12.830+0800] {logging_mixin.py:190} INFO - [2025-01-15T12:42:12.830+0800] {dagbag.py:588} INFO - Filling up the DagBag from /opt/anaconda3/envs/PyTorch/lib/python3.11/site-packages/airflow/example_dags/example_external_task_marker_dag.py
[2025-01-15T12:42:12.836+0800] {processor.py:925} INFO - DAG(s) 'example_external_task_marker_parent', 'example_external_task_marker_child' retrieved from /opt/anaconda3/envs/PyTorch/lib/python3.11/site-packages/airflow/example_dags/example_external_task_marker_dag.py
[2025-01-15T12:42:13.090+0800] {logging_mixin.py:190} INFO - [2025-01-15T12:42:13.090+0800] {dag.py:3239} INFO - Sync 2 DAGs
[2025-01-15T12:42:13.094+0800] {logging_mixin.py:190} INFO - [2025-01-15T12:42:13.094+0800] {dag.py:4180} INFO - Setting next_dagrun for example_external_task_marker_child to None, run_after=None
[2025-01-15T12:42:13.095+0800] {logging_mixin.py:190} INFO - [2025-01-15T12:42:13.095+0800] {dag.py:4180} INFO - Setting next_dagrun for example_external_task_marker_parent to None, run_after=None
[2025-01-15T12:42:13.101+0800] {processor.py:208} INFO - Processing /opt/anaconda3/envs/PyTorch/lib/python3.11/site-packages/airflow/example_dags/example_external_task_marker_dag.py took 0.275 seconds
[2025-01-15T12:45:10.568+0800] {processor.py:186} INFO - Started process (PID=44282) to work on /opt/anaconda3/envs/PyTorch/lib/python3.11/site-packages/airflow/example_dags/example_external_task_marker_dag.py
[2025-01-15T12:45:10.569+0800] {processor.py:914} INFO - Processing file /opt/anaconda3/envs/PyTorch/lib/python3.11/site-packages/airflow/example_dags/example_external_task_marker_dag.py for tasks to queue
[2025-01-15T12:45:10.570+0800] {logging_mixin.py:190} INFO - [2025-01-15T12:45:10.570+0800] {dagbag.py:588} INFO - Filling up the DagBag from /opt/anaconda3/envs/PyTorch/lib/python3.11/site-packages/airflow/example_dags/example_external_task_marker_dag.py
[2025-01-15T12:45:10.576+0800] {processor.py:925} INFO - DAG(s) 'example_external_task_marker_parent', 'example_external_task_marker_child' retrieved from /opt/anaconda3/envs/PyTorch/lib/python3.11/site-packages/airflow/example_dags/example_external_task_marker_dag.py
[2025-01-15T12:45:11.178+0800] {logging_mixin.py:190} INFO - [2025-01-15T12:45:11.177+0800] {dag.py:3239} INFO - Sync 2 DAGs
[2025-01-15T12:45:11.189+0800] {logging_mixin.py:190} INFO - [2025-01-15T12:45:11.189+0800] {dag.py:4180} INFO - Setting next_dagrun for example_external_task_marker_child to None, run_after=None
[2025-01-15T12:45:11.192+0800] {logging_mixin.py:190} INFO - [2025-01-15T12:45:11.192+0800] {dag.py:4180} INFO - Setting next_dagrun for example_external_task_marker_parent to None, run_after=None
[2025-01-15T12:45:11.246+0800] {processor.py:208} INFO - Processing /opt/anaconda3/envs/PyTorch/lib/python3.11/site-packages/airflow/example_dags/example_external_task_marker_dag.py took 0.679 seconds
[2025-01-15T12:48:10.140+0800] {processor.py:186} INFO - Started process (PID=45921) to work on /opt/anaconda3/envs/PyTorch/lib/python3.11/site-packages/airflow/example_dags/example_external_task_marker_dag.py
[2025-01-15T12:48:10.141+0800] {processor.py:914} INFO - Processing file /opt/anaconda3/envs/PyTorch/lib/python3.11/site-packages/airflow/example_dags/example_external_task_marker_dag.py for tasks to queue
[2025-01-15T12:48:10.141+0800] {logging_mixin.py:190} INFO - [2025-01-15T12:48:10.141+0800] {dagbag.py:588} INFO - Filling up the DagBag from /opt/anaconda3/envs/PyTorch/lib/python3.11/site-packages/airflow/example_dags/example_external_task_marker_dag.py
[2025-01-15T12:48:10.147+0800] {processor.py:925} INFO - DAG(s) 'example_external_task_marker_parent', 'example_external_task_marker_child' retrieved from /opt/anaconda3/envs/PyTorch/lib/python3.11/site-packages/airflow/example_dags/example_external_task_marker_dag.py
[2025-01-15T12:48:10.457+0800] {logging_mixin.py:190} INFO - [2025-01-15T12:48:10.457+0800] {dag.py:3239} INFO - Sync 2 DAGs
[2025-01-15T12:48:10.461+0800] {logging_mixin.py:190} INFO - [2025-01-15T12:48:10.461+0800] {dag.py:4180} INFO - Setting next_dagrun for example_external_task_marker_child to None, run_after=None
[2025-01-15T12:48:10.462+0800] {logging_mixin.py:190} INFO - [2025-01-15T12:48:10.462+0800] {dag.py:4180} INFO - Setting next_dagrun for example_external_task_marker_parent to None, run_after=None
[2025-01-15T12:48:10.468+0800] {processor.py:208} INFO - Processing /opt/anaconda3/envs/PyTorch/lib/python3.11/site-packages/airflow/example_dags/example_external_task_marker_dag.py took 0.330 seconds
[2025-01-15T12:51:12.795+0800] {processor.py:186} INFO - Started process (PID=47551) to work on /opt/anaconda3/envs/PyTorch/lib/python3.11/site-packages/airflow/example_dags/example_external_task_marker_dag.py
[2025-01-15T12:51:12.796+0800] {processor.py:914} INFO - Processing file /opt/anaconda3/envs/PyTorch/lib/python3.11/site-packages/airflow/example_dags/example_external_task_marker_dag.py for tasks to queue
[2025-01-15T12:51:12.797+0800] {logging_mixin.py:190} INFO - [2025-01-15T12:51:12.797+0800] {dagbag.py:588} INFO - Filling up the DagBag from /opt/anaconda3/envs/PyTorch/lib/python3.11/site-packages/airflow/example_dags/example_external_task_marker_dag.py
[2025-01-15T12:51:12.804+0800] {processor.py:925} INFO - DAG(s) 'example_external_task_marker_child', 'example_external_task_marker_parent' retrieved from /opt/anaconda3/envs/PyTorch/lib/python3.11/site-packages/airflow/example_dags/example_external_task_marker_dag.py
[2025-01-15T12:51:13.062+0800] {logging_mixin.py:190} INFO - [2025-01-15T12:51:13.062+0800] {dag.py:3239} INFO - Sync 2 DAGs
[2025-01-15T12:51:13.066+0800] {logging_mixin.py:190} INFO - [2025-01-15T12:51:13.066+0800] {dag.py:4180} INFO - Setting next_dagrun for example_external_task_marker_child to None, run_after=None
[2025-01-15T12:51:13.067+0800] {logging_mixin.py:190} INFO - [2025-01-15T12:51:13.067+0800] {dag.py:4180} INFO - Setting next_dagrun for example_external_task_marker_parent to None, run_after=None
[2025-01-15T12:51:13.073+0800] {processor.py:208} INFO - Processing /opt/anaconda3/envs/PyTorch/lib/python3.11/site-packages/airflow/example_dags/example_external_task_marker_dag.py took 0.280 seconds
[2025-01-15T12:54:10.752+0800] {processor.py:186} INFO - Started process (PID=49135) to work on /opt/anaconda3/envs/PyTorch/lib/python3.11/site-packages/airflow/example_dags/example_external_task_marker_dag.py
[2025-01-15T12:54:10.754+0800] {processor.py:914} INFO - Processing file /opt/anaconda3/envs/PyTorch/lib/python3.11/site-packages/airflow/example_dags/example_external_task_marker_dag.py for tasks to queue
[2025-01-15T12:54:10.754+0800] {logging_mixin.py:190} INFO - [2025-01-15T12:54:10.754+0800] {dagbag.py:588} INFO - Filling up the DagBag from /opt/anaconda3/envs/PyTorch/lib/python3.11/site-packages/airflow/example_dags/example_external_task_marker_dag.py
[2025-01-15T12:54:10.760+0800] {processor.py:925} INFO - DAG(s) 'example_external_task_marker_parent', 'example_external_task_marker_child' retrieved from /opt/anaconda3/envs/PyTorch/lib/python3.11/site-packages/airflow/example_dags/example_external_task_marker_dag.py
[2025-01-15T12:54:11.125+0800] {logging_mixin.py:190} INFO - [2025-01-15T12:54:11.124+0800] {dag.py:3239} INFO - Sync 2 DAGs
[2025-01-15T12:54:11.129+0800] {logging_mixin.py:190} INFO - [2025-01-15T12:54:11.129+0800] {dag.py:4180} INFO - Setting next_dagrun for example_external_task_marker_child to None, run_after=None
[2025-01-15T12:54:11.130+0800] {logging_mixin.py:190} INFO - [2025-01-15T12:54:11.130+0800] {dag.py:4180} INFO - Setting next_dagrun for example_external_task_marker_parent to None, run_after=None
[2025-01-15T12:54:11.136+0800] {processor.py:208} INFO - Processing /opt/anaconda3/envs/PyTorch/lib/python3.11/site-packages/airflow/example_dags/example_external_task_marker_dag.py took 0.386 seconds
[2025-01-15T12:57:15.131+0800] {processor.py:186} INFO - Started process (PID=50803) to work on /opt/anaconda3/envs/PyTorch/lib/python3.11/site-packages/airflow/example_dags/example_external_task_marker_dag.py
[2025-01-15T12:57:15.132+0800] {processor.py:914} INFO - Processing file /opt/anaconda3/envs/PyTorch/lib/python3.11/site-packages/airflow/example_dags/example_external_task_marker_dag.py for tasks to queue
[2025-01-15T12:57:15.133+0800] {logging_mixin.py:190} INFO - [2025-01-15T12:57:15.133+0800] {dagbag.py:588} INFO - Filling up the DagBag from /opt/anaconda3/envs/PyTorch/lib/python3.11/site-packages/airflow/example_dags/example_external_task_marker_dag.py
[2025-01-15T12:57:15.138+0800] {processor.py:925} INFO - DAG(s) 'example_external_task_marker_parent', 'example_external_task_marker_child' retrieved from /opt/anaconda3/envs/PyTorch/lib/python3.11/site-packages/airflow/example_dags/example_external_task_marker_dag.py
[2025-01-15T12:57:15.408+0800] {logging_mixin.py:190} INFO - [2025-01-15T12:57:15.408+0800] {dag.py:3239} INFO - Sync 2 DAGs
[2025-01-15T12:57:15.412+0800] {logging_mixin.py:190} INFO - [2025-01-15T12:57:15.412+0800] {dag.py:4180} INFO - Setting next_dagrun for example_external_task_marker_child to None, run_after=None
[2025-01-15T12:57:15.413+0800] {logging_mixin.py:190} INFO - [2025-01-15T12:57:15.413+0800] {dag.py:4180} INFO - Setting next_dagrun for example_external_task_marker_parent to None, run_after=None
[2025-01-15T12:57:15.419+0800] {processor.py:208} INFO - Processing /opt/anaconda3/envs/PyTorch/lib/python3.11/site-packages/airflow/example_dags/example_external_task_marker_dag.py took 0.290 seconds
[2025-01-15T13:00:17.304+0800] {processor.py:186} INFO - Started process (PID=52457) to work on /opt/anaconda3/envs/PyTorch/lib/python3.11/site-packages/airflow/example_dags/example_external_task_marker_dag.py
[2025-01-15T13:00:17.305+0800] {processor.py:914} INFO - Processing file /opt/anaconda3/envs/PyTorch/lib/python3.11/site-packages/airflow/example_dags/example_external_task_marker_dag.py for tasks to queue
[2025-01-15T13:00:17.306+0800] {logging_mixin.py:190} INFO - [2025-01-15T13:00:17.306+0800] {dagbag.py:588} INFO - Filling up the DagBag from /opt/anaconda3/envs/PyTorch/lib/python3.11/site-packages/airflow/example_dags/example_external_task_marker_dag.py
[2025-01-15T13:00:17.312+0800] {processor.py:925} INFO - DAG(s) 'example_external_task_marker_child', 'example_external_task_marker_parent' retrieved from /opt/anaconda3/envs/PyTorch/lib/python3.11/site-packages/airflow/example_dags/example_external_task_marker_dag.py
[2025-01-15T13:00:17.642+0800] {logging_mixin.py:190} INFO - [2025-01-15T13:00:17.641+0800] {dag.py:3239} INFO - Sync 2 DAGs
[2025-01-15T13:00:17.646+0800] {logging_mixin.py:190} INFO - [2025-01-15T13:00:17.646+0800] {dag.py:4180} INFO - Setting next_dagrun for example_external_task_marker_child to None, run_after=None
[2025-01-15T13:00:17.647+0800] {logging_mixin.py:190} INFO - [2025-01-15T13:00:17.647+0800] {dag.py:4180} INFO - Setting next_dagrun for example_external_task_marker_parent to None, run_after=None
[2025-01-15T13:00:17.652+0800] {processor.py:208} INFO - Processing /opt/anaconda3/envs/PyTorch/lib/python3.11/site-packages/airflow/example_dags/example_external_task_marker_dag.py took 0.351 seconds
[2025-01-15T13:03:19.870+0800] {processor.py:186} INFO - Started process (PID=54082) to work on /opt/anaconda3/envs/PyTorch/lib/python3.11/site-packages/airflow/example_dags/example_external_task_marker_dag.py
[2025-01-15T13:03:19.871+0800] {processor.py:914} INFO - Processing file /opt/anaconda3/envs/PyTorch/lib/python3.11/site-packages/airflow/example_dags/example_external_task_marker_dag.py for tasks to queue
[2025-01-15T13:03:19.872+0800] {logging_mixin.py:190} INFO - [2025-01-15T13:03:19.872+0800] {dagbag.py:588} INFO - Filling up the DagBag from /opt/anaconda3/envs/PyTorch/lib/python3.11/site-packages/airflow/example_dags/example_external_task_marker_dag.py
[2025-01-15T13:03:19.878+0800] {processor.py:925} INFO - DAG(s) 'example_external_task_marker_parent', 'example_external_task_marker_child' retrieved from /opt/anaconda3/envs/PyTorch/lib/python3.11/site-packages/airflow/example_dags/example_external_task_marker_dag.py
[2025-01-15T13:03:20.223+0800] {logging_mixin.py:190} INFO - [2025-01-15T13:03:20.222+0800] {dag.py:3239} INFO - Sync 2 DAGs
[2025-01-15T13:03:20.227+0800] {logging_mixin.py:190} INFO - [2025-01-15T13:03:20.227+0800] {dag.py:4180} INFO - Setting next_dagrun for example_external_task_marker_child to None, run_after=None
[2025-01-15T13:03:20.228+0800] {logging_mixin.py:190} INFO - [2025-01-15T13:03:20.228+0800] {dag.py:4180} INFO - Setting next_dagrun for example_external_task_marker_parent to None, run_after=None
[2025-01-15T13:03:20.233+0800] {processor.py:208} INFO - Processing /opt/anaconda3/envs/PyTorch/lib/python3.11/site-packages/airflow/example_dags/example_external_task_marker_dag.py took 0.365 seconds
[2025-01-15T13:06:27.611+0800] {processor.py:186} INFO - Started process (PID=55823) to work on /opt/anaconda3/envs/PyTorch/lib/python3.11/site-packages/airflow/example_dags/example_external_task_marker_dag.py
[2025-01-15T13:06:27.612+0800] {processor.py:914} INFO - Processing file /opt/anaconda3/envs/PyTorch/lib/python3.11/site-packages/airflow/example_dags/example_external_task_marker_dag.py for tasks to queue
[2025-01-15T13:06:27.612+0800] {logging_mixin.py:190} INFO - [2025-01-15T13:06:27.612+0800] {dagbag.py:588} INFO - Filling up the DagBag from /opt/anaconda3/envs/PyTorch/lib/python3.11/site-packages/airflow/example_dags/example_external_task_marker_dag.py
[2025-01-15T13:06:27.619+0800] {processor.py:925} INFO - DAG(s) 'example_external_task_marker_child', 'example_external_task_marker_parent' retrieved from /opt/anaconda3/envs/PyTorch/lib/python3.11/site-packages/airflow/example_dags/example_external_task_marker_dag.py
[2025-01-15T13:06:28.001+0800] {logging_mixin.py:190} INFO - [2025-01-15T13:06:28.001+0800] {dag.py:3239} INFO - Sync 2 DAGs
[2025-01-15T13:06:28.006+0800] {logging_mixin.py:190} INFO - [2025-01-15T13:06:28.006+0800] {dag.py:4180} INFO - Setting next_dagrun for example_external_task_marker_child to None, run_after=None
[2025-01-15T13:06:28.008+0800] {logging_mixin.py:190} INFO - [2025-01-15T13:06:28.008+0800] {dag.py:4180} INFO - Setting next_dagrun for example_external_task_marker_parent to None, run_after=None
[2025-01-15T13:06:28.014+0800] {processor.py:208} INFO - Processing /opt/anaconda3/envs/PyTorch/lib/python3.11/site-packages/airflow/example_dags/example_external_task_marker_dag.py took 0.406 seconds
[2025-01-15T13:09:33.871+0800] {processor.py:186} INFO - Started process (PID=57613) to work on /opt/anaconda3/envs/PyTorch/lib/python3.11/site-packages/airflow/example_dags/example_external_task_marker_dag.py
[2025-01-15T13:09:33.872+0800] {processor.py:914} INFO - Processing file /opt/anaconda3/envs/PyTorch/lib/python3.11/site-packages/airflow/example_dags/example_external_task_marker_dag.py for tasks to queue
[2025-01-15T13:09:33.873+0800] {logging_mixin.py:190} INFO - [2025-01-15T13:09:33.873+0800] {dagbag.py:588} INFO - Filling up the DagBag from /opt/anaconda3/envs/PyTorch/lib/python3.11/site-packages/airflow/example_dags/example_external_task_marker_dag.py
[2025-01-15T13:09:33.879+0800] {processor.py:925} INFO - DAG(s) 'example_external_task_marker_parent', 'example_external_task_marker_child' retrieved from /opt/anaconda3/envs/PyTorch/lib/python3.11/site-packages/airflow/example_dags/example_external_task_marker_dag.py
[2025-01-15T13:09:34.194+0800] {logging_mixin.py:190} INFO - [2025-01-15T13:09:34.194+0800] {dag.py:3239} INFO - Sync 2 DAGs
[2025-01-15T13:09:34.199+0800] {logging_mixin.py:190} INFO - [2025-01-15T13:09:34.199+0800] {dag.py:4180} INFO - Setting next_dagrun for example_external_task_marker_child to None, run_after=None
[2025-01-15T13:09:34.200+0800] {logging_mixin.py:190} INFO - [2025-01-15T13:09:34.200+0800] {dag.py:4180} INFO - Setting next_dagrun for example_external_task_marker_parent to None, run_after=None
[2025-01-15T13:09:34.206+0800] {processor.py:208} INFO - Processing /opt/anaconda3/envs/PyTorch/lib/python3.11/site-packages/airflow/example_dags/example_external_task_marker_dag.py took 0.336 seconds
[2025-01-15T13:12:35.297+0800] {processor.py:186} INFO - Started process (PID=59276) to work on /opt/anaconda3/envs/PyTorch/lib/python3.11/site-packages/airflow/example_dags/example_external_task_marker_dag.py
[2025-01-15T13:12:35.299+0800] {processor.py:914} INFO - Processing file /opt/anaconda3/envs/PyTorch/lib/python3.11/site-packages/airflow/example_dags/example_external_task_marker_dag.py for tasks to queue
[2025-01-15T13:12:35.299+0800] {logging_mixin.py:190} INFO - [2025-01-15T13:12:35.299+0800] {dagbag.py:588} INFO - Filling up the DagBag from /opt/anaconda3/envs/PyTorch/lib/python3.11/site-packages/airflow/example_dags/example_external_task_marker_dag.py
[2025-01-15T13:12:35.305+0800] {processor.py:925} INFO - DAG(s) 'example_external_task_marker_parent', 'example_external_task_marker_child' retrieved from /opt/anaconda3/envs/PyTorch/lib/python3.11/site-packages/airflow/example_dags/example_external_task_marker_dag.py
[2025-01-15T13:12:35.627+0800] {logging_mixin.py:190} INFO - [2025-01-15T13:12:35.627+0800] {dag.py:3239} INFO - Sync 2 DAGs
[2025-01-15T13:12:35.631+0800] {logging_mixin.py:190} INFO - [2025-01-15T13:12:35.631+0800] {dag.py:4180} INFO - Setting next_dagrun for example_external_task_marker_child to None, run_after=None
[2025-01-15T13:12:35.632+0800] {logging_mixin.py:190} INFO - [2025-01-15T13:12:35.632+0800] {dag.py:4180} INFO - Setting next_dagrun for example_external_task_marker_parent to None, run_after=None
[2025-01-15T13:12:35.639+0800] {processor.py:208} INFO - Processing /opt/anaconda3/envs/PyTorch/lib/python3.11/site-packages/airflow/example_dags/example_external_task_marker_dag.py took 0.344 seconds
[2025-01-15T13:15:36.995+0800] {processor.py:186} INFO - Started process (PID=60899) to work on /opt/anaconda3/envs/PyTorch/lib/python3.11/site-packages/airflow/example_dags/example_external_task_marker_dag.py
[2025-01-15T13:15:36.996+0800] {processor.py:914} INFO - Processing file /opt/anaconda3/envs/PyTorch/lib/python3.11/site-packages/airflow/example_dags/example_external_task_marker_dag.py for tasks to queue
[2025-01-15T13:15:36.996+0800] {logging_mixin.py:190} INFO - [2025-01-15T13:15:36.996+0800] {dagbag.py:588} INFO - Filling up the DagBag from /opt/anaconda3/envs/PyTorch/lib/python3.11/site-packages/airflow/example_dags/example_external_task_marker_dag.py
[2025-01-15T13:15:37.002+0800] {processor.py:925} INFO - DAG(s) 'example_external_task_marker_parent', 'example_external_task_marker_child' retrieved from /opt/anaconda3/envs/PyTorch/lib/python3.11/site-packages/airflow/example_dags/example_external_task_marker_dag.py
[2025-01-15T13:15:37.260+0800] {logging_mixin.py:190} INFO - [2025-01-15T13:15:37.260+0800] {dag.py:3239} INFO - Sync 2 DAGs
[2025-01-15T13:15:37.264+0800] {logging_mixin.py:190} INFO - [2025-01-15T13:15:37.264+0800] {dag.py:4180} INFO - Setting next_dagrun for example_external_task_marker_child to None, run_after=None
[2025-01-15T13:15:37.265+0800] {logging_mixin.py:190} INFO - [2025-01-15T13:15:37.265+0800] {dag.py:4180} INFO - Setting next_dagrun for example_external_task_marker_parent to None, run_after=None
[2025-01-15T13:15:37.271+0800] {processor.py:208} INFO - Processing /opt/anaconda3/envs/PyTorch/lib/python3.11/site-packages/airflow/example_dags/example_external_task_marker_dag.py took 0.278 seconds
[2025-01-15T13:18:41.701+0800] {processor.py:186} INFO - Started process (PID=62546) to work on /opt/anaconda3/envs/PyTorch/lib/python3.11/site-packages/airflow/example_dags/example_external_task_marker_dag.py
[2025-01-15T13:18:41.702+0800] {processor.py:914} INFO - Processing file /opt/anaconda3/envs/PyTorch/lib/python3.11/site-packages/airflow/example_dags/example_external_task_marker_dag.py for tasks to queue
[2025-01-15T13:18:41.702+0800] {logging_mixin.py:190} INFO - [2025-01-15T13:18:41.702+0800] {dagbag.py:588} INFO - Filling up the DagBag from /opt/anaconda3/envs/PyTorch/lib/python3.11/site-packages/airflow/example_dags/example_external_task_marker_dag.py
[2025-01-15T13:18:41.710+0800] {processor.py:925} INFO - DAG(s) 'example_external_task_marker_child', 'example_external_task_marker_parent' retrieved from /opt/anaconda3/envs/PyTorch/lib/python3.11/site-packages/airflow/example_dags/example_external_task_marker_dag.py
[2025-01-15T13:18:42.106+0800] {logging_mixin.py:190} INFO - [2025-01-15T13:18:42.106+0800] {dag.py:3239} INFO - Sync 2 DAGs
[2025-01-15T13:18:42.110+0800] {logging_mixin.py:190} INFO - [2025-01-15T13:18:42.110+0800] {dag.py:4180} INFO - Setting next_dagrun for example_external_task_marker_child to None, run_after=None
[2025-01-15T13:18:42.112+0800] {logging_mixin.py:190} INFO - [2025-01-15T13:18:42.111+0800] {dag.py:4180} INFO - Setting next_dagrun for example_external_task_marker_parent to None, run_after=None
[2025-01-15T13:18:42.118+0800] {processor.py:208} INFO - Processing /opt/anaconda3/envs/PyTorch/lib/python3.11/site-packages/airflow/example_dags/example_external_task_marker_dag.py took 0.419 seconds
[2025-01-15T13:21:54.959+0800] {processor.py:186} INFO - Started process (PID=64348) to work on /opt/anaconda3/envs/PyTorch/lib/python3.11/site-packages/airflow/example_dags/example_external_task_marker_dag.py
[2025-01-15T13:21:54.960+0800] {processor.py:914} INFO - Processing file /opt/anaconda3/envs/PyTorch/lib/python3.11/site-packages/airflow/example_dags/example_external_task_marker_dag.py for tasks to queue
[2025-01-15T13:21:54.961+0800] {logging_mixin.py:190} INFO - [2025-01-15T13:21:54.960+0800] {dagbag.py:588} INFO - Filling up the DagBag from /opt/anaconda3/envs/PyTorch/lib/python3.11/site-packages/airflow/example_dags/example_external_task_marker_dag.py
[2025-01-15T13:21:54.966+0800] {processor.py:925} INFO - DAG(s) 'example_external_task_marker_parent', 'example_external_task_marker_child' retrieved from /opt/anaconda3/envs/PyTorch/lib/python3.11/site-packages/airflow/example_dags/example_external_task_marker_dag.py
[2025-01-15T13:21:55.274+0800] {logging_mixin.py:190} INFO - [2025-01-15T13:21:55.274+0800] {dag.py:3239} INFO - Sync 2 DAGs
[2025-01-15T13:21:55.278+0800] {logging_mixin.py:190} INFO - [2025-01-15T13:21:55.278+0800] {dag.py:4180} INFO - Setting next_dagrun for example_external_task_marker_child to None, run_after=None
[2025-01-15T13:21:55.279+0800] {logging_mixin.py:190} INFO - [2025-01-15T13:21:55.279+0800] {dag.py:4180} INFO - Setting next_dagrun for example_external_task_marker_parent to None, run_after=None
[2025-01-15T13:21:55.285+0800] {processor.py:208} INFO - Processing /opt/anaconda3/envs/PyTorch/lib/python3.11/site-packages/airflow/example_dags/example_external_task_marker_dag.py took 0.328 seconds
[2025-01-15T13:25:01.137+0800] {processor.py:186} INFO - Started process (PID=66005) to work on /opt/anaconda3/envs/PyTorch/lib/python3.11/site-packages/airflow/example_dags/example_external_task_marker_dag.py
[2025-01-15T13:25:01.138+0800] {processor.py:914} INFO - Processing file /opt/anaconda3/envs/PyTorch/lib/python3.11/site-packages/airflow/example_dags/example_external_task_marker_dag.py for tasks to queue
[2025-01-15T13:25:01.139+0800] {logging_mixin.py:190} INFO - [2025-01-15T13:25:01.139+0800] {dagbag.py:588} INFO - Filling up the DagBag from /opt/anaconda3/envs/PyTorch/lib/python3.11/site-packages/airflow/example_dags/example_external_task_marker_dag.py
[2025-01-15T13:25:01.145+0800] {processor.py:925} INFO - DAG(s) 'example_external_task_marker_parent', 'example_external_task_marker_child' retrieved from /opt/anaconda3/envs/PyTorch/lib/python3.11/site-packages/airflow/example_dags/example_external_task_marker_dag.py
[2025-01-15T13:25:01.469+0800] {logging_mixin.py:190} INFO - [2025-01-15T13:25:01.469+0800] {dag.py:3239} INFO - Sync 2 DAGs
[2025-01-15T13:25:01.473+0800] {logging_mixin.py:190} INFO - [2025-01-15T13:25:01.473+0800] {dag.py:4180} INFO - Setting next_dagrun for example_external_task_marker_child to None, run_after=None
[2025-01-15T13:25:01.474+0800] {logging_mixin.py:190} INFO - [2025-01-15T13:25:01.474+0800] {dag.py:4180} INFO - Setting next_dagrun for example_external_task_marker_parent to None, run_after=None
[2025-01-15T13:25:01.480+0800] {processor.py:208} INFO - Processing /opt/anaconda3/envs/PyTorch/lib/python3.11/site-packages/airflow/example_dags/example_external_task_marker_dag.py took 0.345 seconds
[2025-01-15T13:28:04.865+0800] {processor.py:186} INFO - Started process (PID=67613) to work on /opt/anaconda3/envs/PyTorch/lib/python3.11/site-packages/airflow/example_dags/example_external_task_marker_dag.py
[2025-01-15T13:28:04.866+0800] {processor.py:914} INFO - Processing file /opt/anaconda3/envs/PyTorch/lib/python3.11/site-packages/airflow/example_dags/example_external_task_marker_dag.py for tasks to queue
[2025-01-15T13:28:04.867+0800] {logging_mixin.py:190} INFO - [2025-01-15T13:28:04.867+0800] {dagbag.py:588} INFO - Filling up the DagBag from /opt/anaconda3/envs/PyTorch/lib/python3.11/site-packages/airflow/example_dags/example_external_task_marker_dag.py
[2025-01-15T13:28:04.873+0800] {processor.py:925} INFO - DAG(s) 'example_external_task_marker_child', 'example_external_task_marker_parent' retrieved from /opt/anaconda3/envs/PyTorch/lib/python3.11/site-packages/airflow/example_dags/example_external_task_marker_dag.py
[2025-01-15T13:28:05.216+0800] {logging_mixin.py:190} INFO - [2025-01-15T13:28:05.215+0800] {dag.py:3239} INFO - Sync 2 DAGs
[2025-01-15T13:28:05.220+0800] {logging_mixin.py:190} INFO - [2025-01-15T13:28:05.220+0800] {dag.py:4180} INFO - Setting next_dagrun for example_external_task_marker_child to None, run_after=None
[2025-01-15T13:28:05.221+0800] {logging_mixin.py:190} INFO - [2025-01-15T13:28:05.221+0800] {dag.py:4180} INFO - Setting next_dagrun for example_external_task_marker_parent to None, run_after=None
[2025-01-15T13:28:05.227+0800] {processor.py:208} INFO - Processing /opt/anaconda3/envs/PyTorch/lib/python3.11/site-packages/airflow/example_dags/example_external_task_marker_dag.py took 0.363 seconds
[2025-01-15T13:31:13.416+0800] {processor.py:186} INFO - Started process (PID=69338) to work on /opt/anaconda3/envs/PyTorch/lib/python3.11/site-packages/airflow/example_dags/example_external_task_marker_dag.py
[2025-01-15T13:31:13.418+0800] {processor.py:914} INFO - Processing file /opt/anaconda3/envs/PyTorch/lib/python3.11/site-packages/airflow/example_dags/example_external_task_marker_dag.py for tasks to queue
[2025-01-15T13:31:13.418+0800] {logging_mixin.py:190} INFO - [2025-01-15T13:31:13.418+0800] {dagbag.py:588} INFO - Filling up the DagBag from /opt/anaconda3/envs/PyTorch/lib/python3.11/site-packages/airflow/example_dags/example_external_task_marker_dag.py
[2025-01-15T13:31:13.424+0800] {processor.py:925} INFO - DAG(s) 'example_external_task_marker_parent', 'example_external_task_marker_child' retrieved from /opt/anaconda3/envs/PyTorch/lib/python3.11/site-packages/airflow/example_dags/example_external_task_marker_dag.py
[2025-01-15T13:31:13.750+0800] {logging_mixin.py:190} INFO - [2025-01-15T13:31:13.750+0800] {dag.py:3239} INFO - Sync 2 DAGs
[2025-01-15T13:31:13.754+0800] {logging_mixin.py:190} INFO - [2025-01-15T13:31:13.754+0800] {dag.py:4180} INFO - Setting next_dagrun for example_external_task_marker_child to None, run_after=None
[2025-01-15T13:31:13.755+0800] {logging_mixin.py:190} INFO - [2025-01-15T13:31:13.755+0800] {dag.py:4180} INFO - Setting next_dagrun for example_external_task_marker_parent to None, run_after=None
[2025-01-15T13:31:13.762+0800] {processor.py:208} INFO - Processing /opt/anaconda3/envs/PyTorch/lib/python3.11/site-packages/airflow/example_dags/example_external_task_marker_dag.py took 0.347 seconds
[2025-01-15T13:34:23.615+0800] {processor.py:186} INFO - Started process (PID=71044) to work on /opt/anaconda3/envs/PyTorch/lib/python3.11/site-packages/airflow/example_dags/example_external_task_marker_dag.py
[2025-01-15T13:34:23.616+0800] {processor.py:914} INFO - Processing file /opt/anaconda3/envs/PyTorch/lib/python3.11/site-packages/airflow/example_dags/example_external_task_marker_dag.py for tasks to queue
[2025-01-15T13:34:23.617+0800] {logging_mixin.py:190} INFO - [2025-01-15T13:34:23.616+0800] {dagbag.py:588} INFO - Filling up the DagBag from /opt/anaconda3/envs/PyTorch/lib/python3.11/site-packages/airflow/example_dags/example_external_task_marker_dag.py
[2025-01-15T13:34:23.623+0800] {processor.py:925} INFO - DAG(s) 'example_external_task_marker_child', 'example_external_task_marker_parent' retrieved from /opt/anaconda3/envs/PyTorch/lib/python3.11/site-packages/airflow/example_dags/example_external_task_marker_dag.py
[2025-01-15T13:34:23.935+0800] {logging_mixin.py:190} INFO - [2025-01-15T13:34:23.935+0800] {dag.py:3239} INFO - Sync 2 DAGs
[2025-01-15T13:34:23.939+0800] {logging_mixin.py:190} INFO - [2025-01-15T13:34:23.939+0800] {dag.py:4180} INFO - Setting next_dagrun for example_external_task_marker_child to None, run_after=None
[2025-01-15T13:34:23.940+0800] {logging_mixin.py:190} INFO - [2025-01-15T13:34:23.940+0800] {dag.py:4180} INFO - Setting next_dagrun for example_external_task_marker_parent to None, run_after=None
[2025-01-15T13:34:23.946+0800] {processor.py:208} INFO - Processing /opt/anaconda3/envs/PyTorch/lib/python3.11/site-packages/airflow/example_dags/example_external_task_marker_dag.py took 0.333 seconds
[2025-01-15T13:37:32.791+0800] {processor.py:186} INFO - Started process (PID=72777) to work on /opt/anaconda3/envs/PyTorch/lib/python3.11/site-packages/airflow/example_dags/example_external_task_marker_dag.py
[2025-01-15T13:37:32.793+0800] {processor.py:914} INFO - Processing file /opt/anaconda3/envs/PyTorch/lib/python3.11/site-packages/airflow/example_dags/example_external_task_marker_dag.py for tasks to queue
[2025-01-15T13:37:32.794+0800] {logging_mixin.py:190} INFO - [2025-01-15T13:37:32.793+0800] {dagbag.py:588} INFO - Filling up the DagBag from /opt/anaconda3/envs/PyTorch/lib/python3.11/site-packages/airflow/example_dags/example_external_task_marker_dag.py
[2025-01-15T13:37:32.799+0800] {processor.py:925} INFO - DAG(s) 'example_external_task_marker_child', 'example_external_task_marker_parent' retrieved from /opt/anaconda3/envs/PyTorch/lib/python3.11/site-packages/airflow/example_dags/example_external_task_marker_dag.py
[2025-01-15T13:37:33.133+0800] {logging_mixin.py:190} INFO - [2025-01-15T13:37:33.132+0800] {dag.py:3239} INFO - Sync 2 DAGs
[2025-01-15T13:37:33.137+0800] {logging_mixin.py:190} INFO - [2025-01-15T13:37:33.137+0800] {dag.py:4180} INFO - Setting next_dagrun for example_external_task_marker_child to None, run_after=None
[2025-01-15T13:37:33.138+0800] {logging_mixin.py:190} INFO - [2025-01-15T13:37:33.138+0800] {dag.py:4180} INFO - Setting next_dagrun for example_external_task_marker_parent to None, run_after=None
[2025-01-15T13:37:33.145+0800] {processor.py:208} INFO - Processing /opt/anaconda3/envs/PyTorch/lib/python3.11/site-packages/airflow/example_dags/example_external_task_marker_dag.py took 0.355 seconds
[2025-01-15T13:40:40.120+0800] {processor.py:186} INFO - Started process (PID=74540) to work on /opt/anaconda3/envs/PyTorch/lib/python3.11/site-packages/airflow/example_dags/example_external_task_marker_dag.py
[2025-01-15T13:40:40.122+0800] {processor.py:914} INFO - Processing file /opt/anaconda3/envs/PyTorch/lib/python3.11/site-packages/airflow/example_dags/example_external_task_marker_dag.py for tasks to queue
[2025-01-15T13:40:40.123+0800] {logging_mixin.py:190} INFO - [2025-01-15T13:40:40.122+0800] {dagbag.py:588} INFO - Filling up the DagBag from /opt/anaconda3/envs/PyTorch/lib/python3.11/site-packages/airflow/example_dags/example_external_task_marker_dag.py
[2025-01-15T13:40:40.128+0800] {processor.py:925} INFO - DAG(s) 'example_external_task_marker_child', 'example_external_task_marker_parent' retrieved from /opt/anaconda3/envs/PyTorch/lib/python3.11/site-packages/airflow/example_dags/example_external_task_marker_dag.py
[2025-01-15T13:40:40.434+0800] {logging_mixin.py:190} INFO - [2025-01-15T13:40:40.434+0800] {dag.py:3239} INFO - Sync 2 DAGs
[2025-01-15T13:40:40.438+0800] {logging_mixin.py:190} INFO - [2025-01-15T13:40:40.438+0800] {dag.py:4180} INFO - Setting next_dagrun for example_external_task_marker_child to None, run_after=None
[2025-01-15T13:40:40.439+0800] {logging_mixin.py:190} INFO - [2025-01-15T13:40:40.439+0800] {dag.py:4180} INFO - Setting next_dagrun for example_external_task_marker_parent to None, run_after=None
[2025-01-15T13:40:40.445+0800] {processor.py:208} INFO - Processing /opt/anaconda3/envs/PyTorch/lib/python3.11/site-packages/airflow/example_dags/example_external_task_marker_dag.py took 0.326 seconds
[2025-01-15T13:43:41.338+0800] {processor.py:186} INFO - Started process (PID=76178) to work on /opt/anaconda3/envs/PyTorch/lib/python3.11/site-packages/airflow/example_dags/example_external_task_marker_dag.py
[2025-01-15T13:43:41.340+0800] {processor.py:914} INFO - Processing file /opt/anaconda3/envs/PyTorch/lib/python3.11/site-packages/airflow/example_dags/example_external_task_marker_dag.py for tasks to queue
[2025-01-15T13:43:41.341+0800] {logging_mixin.py:190} INFO - [2025-01-15T13:43:41.340+0800] {dagbag.py:588} INFO - Filling up the DagBag from /opt/anaconda3/envs/PyTorch/lib/python3.11/site-packages/airflow/example_dags/example_external_task_marker_dag.py
[2025-01-15T13:43:41.346+0800] {processor.py:925} INFO - DAG(s) 'example_external_task_marker_child', 'example_external_task_marker_parent' retrieved from /opt/anaconda3/envs/PyTorch/lib/python3.11/site-packages/airflow/example_dags/example_external_task_marker_dag.py
[2025-01-15T13:43:41.683+0800] {logging_mixin.py:190} INFO - [2025-01-15T13:43:41.682+0800] {dag.py:3239} INFO - Sync 2 DAGs
[2025-01-15T13:43:41.688+0800] {logging_mixin.py:190} INFO - [2025-01-15T13:43:41.688+0800] {dag.py:4180} INFO - Setting next_dagrun for example_external_task_marker_child to None, run_after=None
[2025-01-15T13:43:41.689+0800] {logging_mixin.py:190} INFO - [2025-01-15T13:43:41.689+0800] {dag.py:4180} INFO - Setting next_dagrun for example_external_task_marker_parent to None, run_after=None
[2025-01-15T13:43:41.696+0800] {processor.py:208} INFO - Processing /opt/anaconda3/envs/PyTorch/lib/python3.11/site-packages/airflow/example_dags/example_external_task_marker_dag.py took 0.359 seconds
[2025-01-15T13:46:46.495+0800] {processor.py:186} INFO - Started process (PID=77984) to work on /opt/anaconda3/envs/PyTorch/lib/python3.11/site-packages/airflow/example_dags/example_external_task_marker_dag.py
[2025-01-15T13:46:46.496+0800] {processor.py:914} INFO - Processing file /opt/anaconda3/envs/PyTorch/lib/python3.11/site-packages/airflow/example_dags/example_external_task_marker_dag.py for tasks to queue
[2025-01-15T13:46:46.497+0800] {logging_mixin.py:190} INFO - [2025-01-15T13:46:46.497+0800] {dagbag.py:588} INFO - Filling up the DagBag from /opt/anaconda3/envs/PyTorch/lib/python3.11/site-packages/airflow/example_dags/example_external_task_marker_dag.py
[2025-01-15T13:46:46.503+0800] {processor.py:925} INFO - DAG(s) 'example_external_task_marker_child', 'example_external_task_marker_parent' retrieved from /opt/anaconda3/envs/PyTorch/lib/python3.11/site-packages/airflow/example_dags/example_external_task_marker_dag.py
[2025-01-15T13:46:46.831+0800] {logging_mixin.py:190} INFO - [2025-01-15T13:46:46.830+0800] {dag.py:3239} INFO - Sync 2 DAGs
[2025-01-15T13:46:46.835+0800] {logging_mixin.py:190} INFO - [2025-01-15T13:46:46.835+0800] {dag.py:4180} INFO - Setting next_dagrun for example_external_task_marker_child to None, run_after=None
[2025-01-15T13:46:46.837+0800] {logging_mixin.py:190} INFO - [2025-01-15T13:46:46.836+0800] {dag.py:4180} INFO - Setting next_dagrun for example_external_task_marker_parent to None, run_after=None
[2025-01-15T13:46:46.843+0800] {processor.py:208} INFO - Processing /opt/anaconda3/envs/PyTorch/lib/python3.11/site-packages/airflow/example_dags/example_external_task_marker_dag.py took 0.350 seconds
[2025-01-15T13:49:52.545+0800] {processor.py:186} INFO - Started process (PID=79742) to work on /opt/anaconda3/envs/PyTorch/lib/python3.11/site-packages/airflow/example_dags/example_external_task_marker_dag.py
[2025-01-15T13:49:52.546+0800] {processor.py:914} INFO - Processing file /opt/anaconda3/envs/PyTorch/lib/python3.11/site-packages/airflow/example_dags/example_external_task_marker_dag.py for tasks to queue
[2025-01-15T13:49:52.546+0800] {logging_mixin.py:190} INFO - [2025-01-15T13:49:52.546+0800] {dagbag.py:588} INFO - Filling up the DagBag from /opt/anaconda3/envs/PyTorch/lib/python3.11/site-packages/airflow/example_dags/example_external_task_marker_dag.py
[2025-01-15T13:49:52.552+0800] {processor.py:925} INFO - DAG(s) 'example_external_task_marker_child', 'example_external_task_marker_parent' retrieved from /opt/anaconda3/envs/PyTorch/lib/python3.11/site-packages/airflow/example_dags/example_external_task_marker_dag.py
[2025-01-15T13:49:52.964+0800] {logging_mixin.py:190} INFO - [2025-01-15T13:49:52.963+0800] {dag.py:3239} INFO - Sync 2 DAGs
[2025-01-15T13:49:52.968+0800] {logging_mixin.py:190} INFO - [2025-01-15T13:49:52.968+0800] {dag.py:4180} INFO - Setting next_dagrun for example_external_task_marker_child to None, run_after=None
[2025-01-15T13:49:52.969+0800] {logging_mixin.py:190} INFO - [2025-01-15T13:49:52.969+0800] {dag.py:4180} INFO - Setting next_dagrun for example_external_task_marker_parent to None, run_after=None
[2025-01-15T13:49:52.975+0800] {processor.py:208} INFO - Processing /opt/anaconda3/envs/PyTorch/lib/python3.11/site-packages/airflow/example_dags/example_external_task_marker_dag.py took 0.433 seconds
[2025-01-15T13:53:11.869+0800] {processor.py:186} INFO - Started process (PID=81601) to work on /opt/anaconda3/envs/PyTorch/lib/python3.11/site-packages/airflow/example_dags/example_external_task_marker_dag.py
[2025-01-15T13:53:11.870+0800] {processor.py:914} INFO - Processing file /opt/anaconda3/envs/PyTorch/lib/python3.11/site-packages/airflow/example_dags/example_external_task_marker_dag.py for tasks to queue
[2025-01-15T13:53:11.870+0800] {logging_mixin.py:190} INFO - [2025-01-15T13:53:11.870+0800] {dagbag.py:588} INFO - Filling up the DagBag from /opt/anaconda3/envs/PyTorch/lib/python3.11/site-packages/airflow/example_dags/example_external_task_marker_dag.py
[2025-01-15T13:53:11.876+0800] {processor.py:925} INFO - DAG(s) 'example_external_task_marker_child', 'example_external_task_marker_parent' retrieved from /opt/anaconda3/envs/PyTorch/lib/python3.11/site-packages/airflow/example_dags/example_external_task_marker_dag.py
[2025-01-15T13:53:12.159+0800] {logging_mixin.py:190} INFO - [2025-01-15T13:53:12.159+0800] {dag.py:3239} INFO - Sync 2 DAGs
[2025-01-15T13:53:12.163+0800] {logging_mixin.py:190} INFO - [2025-01-15T13:53:12.163+0800] {dag.py:4180} INFO - Setting next_dagrun for example_external_task_marker_child to None, run_after=None
[2025-01-15T13:53:12.164+0800] {logging_mixin.py:190} INFO - [2025-01-15T13:53:12.164+0800] {dag.py:4180} INFO - Setting next_dagrun for example_external_task_marker_parent to None, run_after=None
[2025-01-15T13:53:12.170+0800] {processor.py:208} INFO - Processing /opt/anaconda3/envs/PyTorch/lib/python3.11/site-packages/airflow/example_dags/example_external_task_marker_dag.py took 0.303 seconds
[2025-01-15T13:57:12.498+0800] {processor.py:186} INFO - Started process (PID=83856) to work on /opt/anaconda3/envs/PyTorch/lib/python3.11/site-packages/airflow/example_dags/example_external_task_marker_dag.py
[2025-01-15T13:57:12.501+0800] {processor.py:914} INFO - Processing file /opt/anaconda3/envs/PyTorch/lib/python3.11/site-packages/airflow/example_dags/example_external_task_marker_dag.py for tasks to queue
[2025-01-15T13:57:12.502+0800] {logging_mixin.py:190} INFO - [2025-01-15T13:57:12.502+0800] {dagbag.py:588} INFO - Filling up the DagBag from /opt/anaconda3/envs/PyTorch/lib/python3.11/site-packages/airflow/example_dags/example_external_task_marker_dag.py
[2025-01-15T13:57:12.509+0800] {processor.py:925} INFO - DAG(s) 'example_external_task_marker_child', 'example_external_task_marker_parent' retrieved from /opt/anaconda3/envs/PyTorch/lib/python3.11/site-packages/airflow/example_dags/example_external_task_marker_dag.py
[2025-01-15T13:57:12.856+0800] {logging_mixin.py:190} INFO - [2025-01-15T13:57:12.855+0800] {dag.py:3239} INFO - Sync 2 DAGs
[2025-01-15T13:57:12.860+0800] {logging_mixin.py:190} INFO - [2025-01-15T13:57:12.860+0800] {dag.py:4180} INFO - Setting next_dagrun for example_external_task_marker_child to None, run_after=None
[2025-01-15T13:57:12.861+0800] {logging_mixin.py:190} INFO - [2025-01-15T13:57:12.861+0800] {dag.py:4180} INFO - Setting next_dagrun for example_external_task_marker_parent to None, run_after=None
[2025-01-15T13:57:12.867+0800] {processor.py:208} INFO - Processing /opt/anaconda3/envs/PyTorch/lib/python3.11/site-packages/airflow/example_dags/example_external_task_marker_dag.py took 0.371 seconds
[2025-01-15T14:01:12.958+0800] {processor.py:186} INFO - Started process (PID=86216) to work on /opt/anaconda3/envs/PyTorch/lib/python3.11/site-packages/airflow/example_dags/example_external_task_marker_dag.py
[2025-01-15T14:01:12.959+0800] {processor.py:914} INFO - Processing file /opt/anaconda3/envs/PyTorch/lib/python3.11/site-packages/airflow/example_dags/example_external_task_marker_dag.py for tasks to queue
[2025-01-15T14:01:12.960+0800] {logging_mixin.py:190} INFO - [2025-01-15T14:01:12.960+0800] {dagbag.py:588} INFO - Filling up the DagBag from /opt/anaconda3/envs/PyTorch/lib/python3.11/site-packages/airflow/example_dags/example_external_task_marker_dag.py
[2025-01-15T14:01:12.966+0800] {processor.py:925} INFO - DAG(s) 'example_external_task_marker_parent', 'example_external_task_marker_child' retrieved from /opt/anaconda3/envs/PyTorch/lib/python3.11/site-packages/airflow/example_dags/example_external_task_marker_dag.py
[2025-01-15T14:01:13.287+0800] {logging_mixin.py:190} INFO - [2025-01-15T14:01:13.287+0800] {dag.py:3239} INFO - Sync 2 DAGs
[2025-01-15T14:01:13.291+0800] {logging_mixin.py:190} INFO - [2025-01-15T14:01:13.291+0800] {dag.py:4180} INFO - Setting next_dagrun for example_external_task_marker_child to None, run_after=None
[2025-01-15T14:01:13.292+0800] {logging_mixin.py:190} INFO - [2025-01-15T14:01:13.292+0800] {dag.py:4180} INFO - Setting next_dagrun for example_external_task_marker_parent to None, run_after=None
[2025-01-15T14:01:13.298+0800] {processor.py:208} INFO - Processing /opt/anaconda3/envs/PyTorch/lib/python3.11/site-packages/airflow/example_dags/example_external_task_marker_dag.py took 0.342 seconds
[2025-01-15T14:04:48.026+0800] {processor.py:186} INFO - Started process (PID=88234) to work on /opt/anaconda3/envs/PyTorch/lib/python3.11/site-packages/airflow/example_dags/example_external_task_marker_dag.py
[2025-01-15T14:04:48.027+0800] {processor.py:914} INFO - Processing file /opt/anaconda3/envs/PyTorch/lib/python3.11/site-packages/airflow/example_dags/example_external_task_marker_dag.py for tasks to queue
[2025-01-15T14:04:48.027+0800] {logging_mixin.py:190} INFO - [2025-01-15T14:04:48.027+0800] {dagbag.py:588} INFO - Filling up the DagBag from /opt/anaconda3/envs/PyTorch/lib/python3.11/site-packages/airflow/example_dags/example_external_task_marker_dag.py
[2025-01-15T14:04:48.033+0800] {processor.py:925} INFO - DAG(s) 'example_external_task_marker_child', 'example_external_task_marker_parent' retrieved from /opt/anaconda3/envs/PyTorch/lib/python3.11/site-packages/airflow/example_dags/example_external_task_marker_dag.py
[2025-01-15T14:04:48.343+0800] {logging_mixin.py:190} INFO - [2025-01-15T14:04:48.343+0800] {dag.py:3239} INFO - Sync 2 DAGs
[2025-01-15T14:04:48.347+0800] {logging_mixin.py:190} INFO - [2025-01-15T14:04:48.347+0800] {dag.py:4180} INFO - Setting next_dagrun for example_external_task_marker_child to None, run_after=None
[2025-01-15T14:04:48.348+0800] {logging_mixin.py:190} INFO - [2025-01-15T14:04:48.348+0800] {dag.py:4180} INFO - Setting next_dagrun for example_external_task_marker_parent to None, run_after=None
[2025-01-15T14:04:48.354+0800] {processor.py:208} INFO - Processing /opt/anaconda3/envs/PyTorch/lib/python3.11/site-packages/airflow/example_dags/example_external_task_marker_dag.py took 0.331 seconds
[2025-01-15T14:08:52.572+0800] {processor.py:186} INFO - Started process (PID=90584) to work on /opt/anaconda3/envs/PyTorch/lib/python3.11/site-packages/airflow/example_dags/example_external_task_marker_dag.py
[2025-01-15T14:08:52.573+0800] {processor.py:914} INFO - Processing file /opt/anaconda3/envs/PyTorch/lib/python3.11/site-packages/airflow/example_dags/example_external_task_marker_dag.py for tasks to queue
[2025-01-15T14:08:52.574+0800] {logging_mixin.py:190} INFO - [2025-01-15T14:08:52.574+0800] {dagbag.py:588} INFO - Filling up the DagBag from /opt/anaconda3/envs/PyTorch/lib/python3.11/site-packages/airflow/example_dags/example_external_task_marker_dag.py
[2025-01-15T14:08:52.581+0800] {processor.py:925} INFO - DAG(s) 'example_external_task_marker_parent', 'example_external_task_marker_child' retrieved from /opt/anaconda3/envs/PyTorch/lib/python3.11/site-packages/airflow/example_dags/example_external_task_marker_dag.py
[2025-01-15T14:08:52.918+0800] {logging_mixin.py:190} INFO - [2025-01-15T14:08:52.918+0800] {dag.py:3239} INFO - Sync 2 DAGs
[2025-01-15T14:08:52.922+0800] {logging_mixin.py:190} INFO - [2025-01-15T14:08:52.922+0800] {dag.py:4180} INFO - Setting next_dagrun for example_external_task_marker_child to None, run_after=None
[2025-01-15T14:08:52.923+0800] {logging_mixin.py:190} INFO - [2025-01-15T14:08:52.923+0800] {dag.py:4180} INFO - Setting next_dagrun for example_external_task_marker_parent to None, run_after=None
[2025-01-15T14:08:52.930+0800] {processor.py:208} INFO - Processing /opt/anaconda3/envs/PyTorch/lib/python3.11/site-packages/airflow/example_dags/example_external_task_marker_dag.py took 0.360 seconds
[2025-01-15T14:12:47.228+0800] {processor.py:186} INFO - Started process (PID=92730) to work on /opt/anaconda3/envs/PyTorch/lib/python3.11/site-packages/airflow/example_dags/example_external_task_marker_dag.py
[2025-01-15T14:12:47.230+0800] {processor.py:914} INFO - Processing file /opt/anaconda3/envs/PyTorch/lib/python3.11/site-packages/airflow/example_dags/example_external_task_marker_dag.py for tasks to queue
[2025-01-15T14:12:47.230+0800] {logging_mixin.py:190} INFO - [2025-01-15T14:12:47.230+0800] {dagbag.py:588} INFO - Filling up the DagBag from /opt/anaconda3/envs/PyTorch/lib/python3.11/site-packages/airflow/example_dags/example_external_task_marker_dag.py
[2025-01-15T14:12:47.236+0800] {processor.py:925} INFO - DAG(s) 'example_external_task_marker_parent', 'example_external_task_marker_child' retrieved from /opt/anaconda3/envs/PyTorch/lib/python3.11/site-packages/airflow/example_dags/example_external_task_marker_dag.py
[2025-01-15T14:12:47.553+0800] {logging_mixin.py:190} INFO - [2025-01-15T14:12:47.553+0800] {dag.py:3239} INFO - Sync 2 DAGs
[2025-01-15T14:12:47.558+0800] {logging_mixin.py:190} INFO - [2025-01-15T14:12:47.558+0800] {dag.py:4180} INFO - Setting next_dagrun for example_external_task_marker_child to None, run_after=None
[2025-01-15T14:12:47.560+0800] {logging_mixin.py:190} INFO - [2025-01-15T14:12:47.560+0800] {dag.py:4180} INFO - Setting next_dagrun for example_external_task_marker_parent to None, run_after=None
[2025-01-15T14:12:47.566+0800] {processor.py:208} INFO - Processing /opt/anaconda3/envs/PyTorch/lib/python3.11/site-packages/airflow/example_dags/example_external_task_marker_dag.py took 0.340 seconds
[2025-01-15T14:16:30.077+0800] {processor.py:186} INFO - Started process (PID=94899) to work on /opt/anaconda3/envs/PyTorch/lib/python3.11/site-packages/airflow/example_dags/example_external_task_marker_dag.py
[2025-01-15T14:16:30.078+0800] {processor.py:914} INFO - Processing file /opt/anaconda3/envs/PyTorch/lib/python3.11/site-packages/airflow/example_dags/example_external_task_marker_dag.py for tasks to queue
[2025-01-15T14:16:30.079+0800] {logging_mixin.py:190} INFO - [2025-01-15T14:16:30.079+0800] {dagbag.py:588} INFO - Filling up the DagBag from /opt/anaconda3/envs/PyTorch/lib/python3.11/site-packages/airflow/example_dags/example_external_task_marker_dag.py
[2025-01-15T14:16:30.085+0800] {processor.py:925} INFO - DAG(s) 'example_external_task_marker_parent', 'example_external_task_marker_child' retrieved from /opt/anaconda3/envs/PyTorch/lib/python3.11/site-packages/airflow/example_dags/example_external_task_marker_dag.py
[2025-01-15T14:16:30.407+0800] {logging_mixin.py:190} INFO - [2025-01-15T14:16:30.406+0800] {dag.py:3239} INFO - Sync 2 DAGs
[2025-01-15T14:16:30.411+0800] {logging_mixin.py:190} INFO - [2025-01-15T14:16:30.411+0800] {dag.py:4180} INFO - Setting next_dagrun for example_external_task_marker_child to None, run_after=None
[2025-01-15T14:16:30.412+0800] {logging_mixin.py:190} INFO - [2025-01-15T14:16:30.412+0800] {dag.py:4180} INFO - Setting next_dagrun for example_external_task_marker_parent to None, run_after=None
[2025-01-15T14:16:30.417+0800] {processor.py:208} INFO - Processing /opt/anaconda3/envs/PyTorch/lib/python3.11/site-packages/airflow/example_dags/example_external_task_marker_dag.py took 0.342 seconds
[2025-01-15T14:20:22.978+0800] {processor.py:186} INFO - Started process (PID=97026) to work on /opt/anaconda3/envs/PyTorch/lib/python3.11/site-packages/airflow/example_dags/example_external_task_marker_dag.py
[2025-01-15T14:20:22.980+0800] {processor.py:914} INFO - Processing file /opt/anaconda3/envs/PyTorch/lib/python3.11/site-packages/airflow/example_dags/example_external_task_marker_dag.py for tasks to queue
[2025-01-15T14:20:22.981+0800] {logging_mixin.py:190} INFO - [2025-01-15T14:20:22.981+0800] {dagbag.py:588} INFO - Filling up the DagBag from /opt/anaconda3/envs/PyTorch/lib/python3.11/site-packages/airflow/example_dags/example_external_task_marker_dag.py
[2025-01-15T14:20:22.986+0800] {processor.py:925} INFO - DAG(s) 'example_external_task_marker_child', 'example_external_task_marker_parent' retrieved from /opt/anaconda3/envs/PyTorch/lib/python3.11/site-packages/airflow/example_dags/example_external_task_marker_dag.py
[2025-01-15T14:20:23.256+0800] {logging_mixin.py:190} INFO - [2025-01-15T14:20:23.256+0800] {dag.py:3239} INFO - Sync 2 DAGs
[2025-01-15T14:20:23.260+0800] {logging_mixin.py:190} INFO - [2025-01-15T14:20:23.260+0800] {dag.py:4180} INFO - Setting next_dagrun for example_external_task_marker_child to None, run_after=None
[2025-01-15T14:20:23.261+0800] {logging_mixin.py:190} INFO - [2025-01-15T14:20:23.261+0800] {dag.py:4180} INFO - Setting next_dagrun for example_external_task_marker_parent to None, run_after=None
[2025-01-15T14:20:23.267+0800] {processor.py:208} INFO - Processing /opt/anaconda3/envs/PyTorch/lib/python3.11/site-packages/airflow/example_dags/example_external_task_marker_dag.py took 0.290 seconds
[2025-01-15T14:24:04.793+0800] {processor.py:186} INFO - Started process (PID=99038) to work on /opt/anaconda3/envs/PyTorch/lib/python3.11/site-packages/airflow/example_dags/example_external_task_marker_dag.py
[2025-01-15T14:24:04.793+0800] {processor.py:914} INFO - Processing file /opt/anaconda3/envs/PyTorch/lib/python3.11/site-packages/airflow/example_dags/example_external_task_marker_dag.py for tasks to queue
[2025-01-15T14:24:04.794+0800] {logging_mixin.py:190} INFO - [2025-01-15T14:24:04.794+0800] {dagbag.py:588} INFO - Filling up the DagBag from /opt/anaconda3/envs/PyTorch/lib/python3.11/site-packages/airflow/example_dags/example_external_task_marker_dag.py
[2025-01-15T14:24:04.800+0800] {processor.py:925} INFO - DAG(s) 'example_external_task_marker_parent', 'example_external_task_marker_child' retrieved from /opt/anaconda3/envs/PyTorch/lib/python3.11/site-packages/airflow/example_dags/example_external_task_marker_dag.py
[2025-01-15T14:24:05.114+0800] {logging_mixin.py:190} INFO - [2025-01-15T14:24:05.114+0800] {dag.py:3239} INFO - Sync 2 DAGs
[2025-01-15T14:24:05.119+0800] {logging_mixin.py:190} INFO - [2025-01-15T14:24:05.118+0800] {dag.py:4180} INFO - Setting next_dagrun for example_external_task_marker_child to None, run_after=None
[2025-01-15T14:24:05.120+0800] {logging_mixin.py:190} INFO - [2025-01-15T14:24:05.120+0800] {dag.py:4180} INFO - Setting next_dagrun for example_external_task_marker_parent to None, run_after=None
[2025-01-15T14:24:05.125+0800] {processor.py:208} INFO - Processing /opt/anaconda3/envs/PyTorch/lib/python3.11/site-packages/airflow/example_dags/example_external_task_marker_dag.py took 0.335 seconds
[2025-01-15T14:27:52.922+0800] {processor.py:186} INFO - Started process (PID=1517) to work on /opt/anaconda3/envs/PyTorch/lib/python3.11/site-packages/airflow/example_dags/example_external_task_marker_dag.py
[2025-01-15T14:27:52.923+0800] {processor.py:914} INFO - Processing file /opt/anaconda3/envs/PyTorch/lib/python3.11/site-packages/airflow/example_dags/example_external_task_marker_dag.py for tasks to queue
[2025-01-15T14:27:52.924+0800] {logging_mixin.py:190} INFO - [2025-01-15T14:27:52.924+0800] {dagbag.py:588} INFO - Filling up the DagBag from /opt/anaconda3/envs/PyTorch/lib/python3.11/site-packages/airflow/example_dags/example_external_task_marker_dag.py
[2025-01-15T14:27:52.930+0800] {processor.py:925} INFO - DAG(s) 'example_external_task_marker_parent', 'example_external_task_marker_child' retrieved from /opt/anaconda3/envs/PyTorch/lib/python3.11/site-packages/airflow/example_dags/example_external_task_marker_dag.py
[2025-01-15T14:27:53.204+0800] {logging_mixin.py:190} INFO - [2025-01-15T14:27:53.204+0800] {dag.py:3239} INFO - Sync 2 DAGs
[2025-01-15T14:27:53.208+0800] {logging_mixin.py:190} INFO - [2025-01-15T14:27:53.208+0800] {dag.py:4180} INFO - Setting next_dagrun for example_external_task_marker_child to None, run_after=None
[2025-01-15T14:27:53.209+0800] {logging_mixin.py:190} INFO - [2025-01-15T14:27:53.209+0800] {dag.py:4180} INFO - Setting next_dagrun for example_external_task_marker_parent to None, run_after=None
[2025-01-15T14:27:53.214+0800] {processor.py:208} INFO - Processing /opt/anaconda3/envs/PyTorch/lib/python3.11/site-packages/airflow/example_dags/example_external_task_marker_dag.py took 0.294 seconds
