[2025-01-15T11:50:27.492+0800] {processor.py:186} INFO - Started process (PID=15312) to work on /opt/anaconda3/envs/PyTorch/lib/python3.11/site-packages/airflow/example_dags/example_inlet_event_extra.py
[2025-01-15T11:50:27.492+0800] {processor.py:914} INFO - Processing file /opt/anaconda3/envs/PyTorch/lib/python3.11/site-packages/airflow/example_dags/example_inlet_event_extra.py for tasks to queue
[2025-01-15T11:50:27.493+0800] {logging_mixin.py:190} INFO - [2025-01-15T11:50:27.493+0800] {dagbag.py:588} INFO - Filling up the DagBag from /opt/anaconda3/envs/PyTorch/lib/python3.11/site-packages/airflow/example_dags/example_inlet_event_extra.py
[2025-01-15T11:50:27.529+0800] {processor.py:925} INFO - DAG(s) 'read_dataset_event_from_classic', 'read_dataset_event' retrieved from /opt/anaconda3/envs/PyTorch/lib/python3.11/site-packages/airflow/example_dags/example_inlet_event_extra.py
[2025-01-15T11:50:27.646+0800] {logging_mixin.py:190} INFO - [2025-01-15T11:50:27.645+0800] {override.py:1912} INFO - Created Permission View: can read on DAG:read_dataset_event_from_classic
[2025-01-15T11:50:27.649+0800] {logging_mixin.py:190} INFO - [2025-01-15T11:50:27.649+0800] {override.py:1912} INFO - Created Permission View: can delete on DAG:read_dataset_event_from_classic
[2025-01-15T11:50:27.651+0800] {logging_mixin.py:190} INFO - [2025-01-15T11:50:27.651+0800] {override.py:1912} INFO - Created Permission View: can edit on DAG:read_dataset_event_from_classic
[2025-01-15T11:50:27.654+0800] {logging_mixin.py:190} INFO - [2025-01-15T11:50:27.654+0800] {override.py:1912} INFO - Created Permission View: can read on DAG Run:read_dataset_event_from_classic
[2025-01-15T11:50:27.656+0800] {logging_mixin.py:190} INFO - [2025-01-15T11:50:27.656+0800] {override.py:1912} INFO - Created Permission View: menu access on DAG Run:read_dataset_event_from_classic
[2025-01-15T11:50:27.658+0800] {logging_mixin.py:190} INFO - [2025-01-15T11:50:27.658+0800] {override.py:1912} INFO - Created Permission View: can create on DAG Run:read_dataset_event_from_classic
[2025-01-15T11:50:27.660+0800] {logging_mixin.py:190} INFO - [2025-01-15T11:50:27.660+0800] {override.py:1912} INFO - Created Permission View: can delete on DAG Run:read_dataset_event_from_classic
[2025-01-15T11:50:27.664+0800] {logging_mixin.py:190} INFO - [2025-01-15T11:50:27.664+0800] {override.py:1912} INFO - Created Permission View: can read on DAG:read_dataset_event
[2025-01-15T11:50:27.666+0800] {logging_mixin.py:190} INFO - [2025-01-15T11:50:27.666+0800] {override.py:1912} INFO - Created Permission View: can delete on DAG:read_dataset_event
[2025-01-15T11:50:27.668+0800] {logging_mixin.py:190} INFO - [2025-01-15T11:50:27.668+0800] {override.py:1912} INFO - Created Permission View: can edit on DAG:read_dataset_event
[2025-01-15T11:50:27.671+0800] {logging_mixin.py:190} INFO - [2025-01-15T11:50:27.671+0800] {override.py:1912} INFO - Created Permission View: can read on DAG Run:read_dataset_event
[2025-01-15T11:50:27.673+0800] {logging_mixin.py:190} INFO - [2025-01-15T11:50:27.673+0800] {override.py:1912} INFO - Created Permission View: menu access on DAG Run:read_dataset_event
[2025-01-15T11:50:27.675+0800] {logging_mixin.py:190} INFO - [2025-01-15T11:50:27.675+0800] {override.py:1912} INFO - Created Permission View: can create on DAG Run:read_dataset_event
[2025-01-15T11:50:27.677+0800] {logging_mixin.py:190} INFO - [2025-01-15T11:50:27.677+0800] {override.py:1912} INFO - Created Permission View: can delete on DAG Run:read_dataset_event
[2025-01-15T11:50:27.677+0800] {logging_mixin.py:190} INFO - [2025-01-15T11:50:27.677+0800] {dag.py:3239} INFO - Sync 2 DAGs
[2025-01-15T11:50:27.681+0800] {logging_mixin.py:190} INFO - [2025-01-15T11:50:27.681+0800] {dag.py:3262} INFO - Creating ORM DAG for read_dataset_event_from_classic
[2025-01-15T11:50:27.682+0800] {logging_mixin.py:190} INFO - [2025-01-15T11:50:27.682+0800] {dag.py:3262} INFO - Creating ORM DAG for read_dataset_event
[2025-01-15T11:50:27.685+0800] {logging_mixin.py:190} INFO - [2025-01-15T11:50:27.685+0800] {dag.py:4180} INFO - Setting next_dagrun for read_dataset_event to 2025-01-14 00:00:00+00:00, run_after=2025-01-15 00:00:00+00:00
[2025-01-15T11:50:27.686+0800] {logging_mixin.py:190} INFO - [2025-01-15T11:50:27.685+0800] {dag.py:4180} INFO - Setting next_dagrun for read_dataset_event_from_classic to 2025-01-14 00:00:00+00:00, run_after=2025-01-15 00:00:00+00:00
[2025-01-15T11:50:27.691+0800] {processor.py:208} INFO - Processing /opt/anaconda3/envs/PyTorch/lib/python3.11/site-packages/airflow/example_dags/example_inlet_event_extra.py took 0.201 seconds
[2025-01-15T11:57:00.405+0800] {processor.py:186} INFO - Started process (PID=18604) to work on /opt/anaconda3/envs/PyTorch/lib/python3.11/site-packages/airflow/example_dags/example_inlet_event_extra.py
[2025-01-15T11:57:00.407+0800] {processor.py:914} INFO - Processing file /opt/anaconda3/envs/PyTorch/lib/python3.11/site-packages/airflow/example_dags/example_inlet_event_extra.py for tasks to queue
[2025-01-15T11:57:00.407+0800] {logging_mixin.py:190} INFO - [2025-01-15T11:57:00.407+0800] {dagbag.py:588} INFO - Filling up the DagBag from /opt/anaconda3/envs/PyTorch/lib/python3.11/site-packages/airflow/example_dags/example_inlet_event_extra.py
[2025-01-15T11:57:00.443+0800] {processor.py:925} INFO - DAG(s) 'read_dataset_event_from_classic', 'read_dataset_event' retrieved from /opt/anaconda3/envs/PyTorch/lib/python3.11/site-packages/airflow/example_dags/example_inlet_event_extra.py
[2025-01-15T11:57:00.524+0800] {logging_mixin.py:190} INFO - [2025-01-15T11:57:00.524+0800] {dag.py:3239} INFO - Sync 2 DAGs
[2025-01-15T11:57:00.531+0800] {logging_mixin.py:190} INFO - [2025-01-15T11:57:00.531+0800] {dag.py:4180} INFO - Setting next_dagrun for read_dataset_event to 2025-01-14 00:00:00+00:00, run_after=2025-01-15 00:00:00+00:00
[2025-01-15T11:57:00.533+0800] {logging_mixin.py:190} INFO - [2025-01-15T11:57:00.533+0800] {dag.py:4180} INFO - Setting next_dagrun for read_dataset_event_from_classic to 2025-01-14 00:00:00+00:00, run_after=2025-01-15 00:00:00+00:00
[2025-01-15T11:57:00.539+0800] {processor.py:208} INFO - Processing /opt/anaconda3/envs/PyTorch/lib/python3.11/site-packages/airflow/example_dags/example_inlet_event_extra.py took 0.136 seconds
[2025-01-15T11:58:54.981+0800] {processor.py:186} INFO - Started process (PID=19629) to work on /opt/anaconda3/envs/PyTorch/lib/python3.11/site-packages/airflow/example_dags/example_inlet_event_extra.py
[2025-01-15T11:58:54.983+0800] {processor.py:914} INFO - Processing file /opt/anaconda3/envs/PyTorch/lib/python3.11/site-packages/airflow/example_dags/example_inlet_event_extra.py for tasks to queue
[2025-01-15T11:58:54.984+0800] {logging_mixin.py:190} INFO - [2025-01-15T11:58:54.983+0800] {dagbag.py:588} INFO - Filling up the DagBag from /opt/anaconda3/envs/PyTorch/lib/python3.11/site-packages/airflow/example_dags/example_inlet_event_extra.py
[2025-01-15T11:58:55.021+0800] {processor.py:925} INFO - DAG(s) 'read_dataset_event_from_classic', 'read_dataset_event' retrieved from /opt/anaconda3/envs/PyTorch/lib/python3.11/site-packages/airflow/example_dags/example_inlet_event_extra.py
[2025-01-15T11:58:55.095+0800] {logging_mixin.py:190} INFO - [2025-01-15T11:58:55.094+0800] {dag.py:3239} INFO - Sync 2 DAGs
[2025-01-15T11:58:55.101+0800] {logging_mixin.py:190} INFO - [2025-01-15T11:58:55.101+0800] {dag.py:4180} INFO - Setting next_dagrun for read_dataset_event to 2025-01-14 00:00:00+00:00, run_after=2025-01-15 00:00:00+00:00
[2025-01-15T11:58:55.103+0800] {logging_mixin.py:190} INFO - [2025-01-15T11:58:55.103+0800] {dag.py:4180} INFO - Setting next_dagrun for read_dataset_event_from_classic to 2025-01-14 00:00:00+00:00, run_after=2025-01-15 00:00:00+00:00
[2025-01-15T11:58:55.109+0800] {processor.py:208} INFO - Processing /opt/anaconda3/envs/PyTorch/lib/python3.11/site-packages/airflow/example_dags/example_inlet_event_extra.py took 0.129 seconds
[2025-01-15T12:00:53.490+0800] {processor.py:186} INFO - Started process (PID=20697) to work on /opt/anaconda3/envs/PyTorch/lib/python3.11/site-packages/airflow/example_dags/example_inlet_event_extra.py
[2025-01-15T12:00:53.494+0800] {processor.py:914} INFO - Processing file /opt/anaconda3/envs/PyTorch/lib/python3.11/site-packages/airflow/example_dags/example_inlet_event_extra.py for tasks to queue
[2025-01-15T12:00:53.499+0800] {logging_mixin.py:190} INFO - [2025-01-15T12:00:53.499+0800] {dagbag.py:588} INFO - Filling up the DagBag from /opt/anaconda3/envs/PyTorch/lib/python3.11/site-packages/airflow/example_dags/example_inlet_event_extra.py
[2025-01-15T12:00:53.558+0800] {processor.py:925} INFO - DAG(s) 'read_dataset_event', 'read_dataset_event_from_classic' retrieved from /opt/anaconda3/envs/PyTorch/lib/python3.11/site-packages/airflow/example_dags/example_inlet_event_extra.py
[2025-01-15T12:00:53.634+0800] {logging_mixin.py:190} INFO - [2025-01-15T12:00:53.634+0800] {dag.py:3239} INFO - Sync 2 DAGs
[2025-01-15T12:00:53.641+0800] {logging_mixin.py:190} INFO - [2025-01-15T12:00:53.640+0800] {dag.py:4180} INFO - Setting next_dagrun for read_dataset_event to 2025-01-14 00:00:00+00:00, run_after=2025-01-15 00:00:00+00:00
[2025-01-15T12:00:53.643+0800] {logging_mixin.py:190} INFO - [2025-01-15T12:00:53.642+0800] {dag.py:4180} INFO - Setting next_dagrun for read_dataset_event_from_classic to 2025-01-14 00:00:00+00:00, run_after=2025-01-15 00:00:00+00:00
[2025-01-15T12:00:53.648+0800] {processor.py:208} INFO - Processing /opt/anaconda3/envs/PyTorch/lib/python3.11/site-packages/airflow/example_dags/example_inlet_event_extra.py took 0.160 seconds
[2025-01-15T12:03:46.810+0800] {processor.py:186} INFO - Started process (PID=22211) to work on /opt/anaconda3/envs/PyTorch/lib/python3.11/site-packages/airflow/example_dags/example_inlet_event_extra.py
[2025-01-15T12:03:46.811+0800] {processor.py:914} INFO - Processing file /opt/anaconda3/envs/PyTorch/lib/python3.11/site-packages/airflow/example_dags/example_inlet_event_extra.py for tasks to queue
[2025-01-15T12:03:46.812+0800] {logging_mixin.py:190} INFO - [2025-01-15T12:03:46.811+0800] {dagbag.py:588} INFO - Filling up the DagBag from /opt/anaconda3/envs/PyTorch/lib/python3.11/site-packages/airflow/example_dags/example_inlet_event_extra.py
[2025-01-15T12:03:46.847+0800] {processor.py:925} INFO - DAG(s) 'read_dataset_event_from_classic', 'read_dataset_event' retrieved from /opt/anaconda3/envs/PyTorch/lib/python3.11/site-packages/airflow/example_dags/example_inlet_event_extra.py
[2025-01-15T12:03:46.919+0800] {logging_mixin.py:190} INFO - [2025-01-15T12:03:46.919+0800] {dag.py:3239} INFO - Sync 2 DAGs
[2025-01-15T12:03:46.925+0800] {logging_mixin.py:190} INFO - [2025-01-15T12:03:46.925+0800] {dag.py:4180} INFO - Setting next_dagrun for read_dataset_event to 2025-01-14 00:00:00+00:00, run_after=2025-01-15 00:00:00+00:00
[2025-01-15T12:03:46.927+0800] {logging_mixin.py:190} INFO - [2025-01-15T12:03:46.927+0800] {dag.py:4180} INFO - Setting next_dagrun for read_dataset_event_from_classic to 2025-01-14 00:00:00+00:00, run_after=2025-01-15 00:00:00+00:00
[2025-01-15T12:03:46.933+0800] {processor.py:208} INFO - Processing /opt/anaconda3/envs/PyTorch/lib/python3.11/site-packages/airflow/example_dags/example_inlet_event_extra.py took 0.126 seconds
[2025-01-15T12:06:39.331+0800] {processor.py:186} INFO - Started process (PID=23773) to work on /opt/anaconda3/envs/PyTorch/lib/python3.11/site-packages/airflow/example_dags/example_inlet_event_extra.py
[2025-01-15T12:06:39.332+0800] {processor.py:914} INFO - Processing file /opt/anaconda3/envs/PyTorch/lib/python3.11/site-packages/airflow/example_dags/example_inlet_event_extra.py for tasks to queue
[2025-01-15T12:06:39.332+0800] {logging_mixin.py:190} INFO - [2025-01-15T12:06:39.332+0800] {dagbag.py:588} INFO - Filling up the DagBag from /opt/anaconda3/envs/PyTorch/lib/python3.11/site-packages/airflow/example_dags/example_inlet_event_extra.py
[2025-01-15T12:06:39.375+0800] {processor.py:925} INFO - DAG(s) 'read_dataset_event', 'read_dataset_event_from_classic' retrieved from /opt/anaconda3/envs/PyTorch/lib/python3.11/site-packages/airflow/example_dags/example_inlet_event_extra.py
[2025-01-15T12:06:39.446+0800] {logging_mixin.py:190} INFO - [2025-01-15T12:06:39.446+0800] {dag.py:3239} INFO - Sync 2 DAGs
[2025-01-15T12:06:39.453+0800] {logging_mixin.py:190} INFO - [2025-01-15T12:06:39.453+0800] {dag.py:4180} INFO - Setting next_dagrun for read_dataset_event to 2025-01-14 00:00:00+00:00, run_after=2025-01-15 00:00:00+00:00
[2025-01-15T12:06:39.455+0800] {logging_mixin.py:190} INFO - [2025-01-15T12:06:39.455+0800] {dag.py:4180} INFO - Setting next_dagrun for read_dataset_event_from_classic to 2025-01-14 00:00:00+00:00, run_after=2025-01-15 00:00:00+00:00
[2025-01-15T12:06:39.461+0800] {processor.py:208} INFO - Processing /opt/anaconda3/envs/PyTorch/lib/python3.11/site-packages/airflow/example_dags/example_inlet_event_extra.py took 0.131 seconds
[2025-01-15T12:09:36.242+0800] {processor.py:186} INFO - Started process (PID=25372) to work on /opt/anaconda3/envs/PyTorch/lib/python3.11/site-packages/airflow/example_dags/example_inlet_event_extra.py
[2025-01-15T12:09:36.244+0800] {processor.py:914} INFO - Processing file /opt/anaconda3/envs/PyTorch/lib/python3.11/site-packages/airflow/example_dags/example_inlet_event_extra.py for tasks to queue
[2025-01-15T12:09:36.244+0800] {logging_mixin.py:190} INFO - [2025-01-15T12:09:36.244+0800] {dagbag.py:588} INFO - Filling up the DagBag from /opt/anaconda3/envs/PyTorch/lib/python3.11/site-packages/airflow/example_dags/example_inlet_event_extra.py
[2025-01-15T12:09:36.287+0800] {processor.py:925} INFO - DAG(s) 'read_dataset_event_from_classic', 'read_dataset_event' retrieved from /opt/anaconda3/envs/PyTorch/lib/python3.11/site-packages/airflow/example_dags/example_inlet_event_extra.py
[2025-01-15T12:09:36.361+0800] {logging_mixin.py:190} INFO - [2025-01-15T12:09:36.360+0800] {dag.py:3239} INFO - Sync 2 DAGs
[2025-01-15T12:09:36.367+0800] {logging_mixin.py:190} INFO - [2025-01-15T12:09:36.367+0800] {dag.py:4180} INFO - Setting next_dagrun for read_dataset_event to 2025-01-14 00:00:00+00:00, run_after=2025-01-15 00:00:00+00:00
[2025-01-15T12:09:36.369+0800] {logging_mixin.py:190} INFO - [2025-01-15T12:09:36.369+0800] {dag.py:4180} INFO - Setting next_dagrun for read_dataset_event_from_classic to 2025-01-14 00:00:00+00:00, run_after=2025-01-15 00:00:00+00:00
[2025-01-15T12:09:36.375+0800] {processor.py:208} INFO - Processing /opt/anaconda3/envs/PyTorch/lib/python3.11/site-packages/airflow/example_dags/example_inlet_event_extra.py took 0.134 seconds
[2025-01-15T12:12:32.916+0800] {processor.py:186} INFO - Started process (PID=26971) to work on /opt/anaconda3/envs/PyTorch/lib/python3.11/site-packages/airflow/example_dags/example_inlet_event_extra.py
[2025-01-15T12:12:32.917+0800] {processor.py:914} INFO - Processing file /opt/anaconda3/envs/PyTorch/lib/python3.11/site-packages/airflow/example_dags/example_inlet_event_extra.py for tasks to queue
[2025-01-15T12:12:32.917+0800] {logging_mixin.py:190} INFO - [2025-01-15T12:12:32.917+0800] {dagbag.py:588} INFO - Filling up the DagBag from /opt/anaconda3/envs/PyTorch/lib/python3.11/site-packages/airflow/example_dags/example_inlet_event_extra.py
[2025-01-15T12:12:32.957+0800] {processor.py:925} INFO - DAG(s) 'read_dataset_event', 'read_dataset_event_from_classic' retrieved from /opt/anaconda3/envs/PyTorch/lib/python3.11/site-packages/airflow/example_dags/example_inlet_event_extra.py
[2025-01-15T12:12:33.032+0800] {logging_mixin.py:190} INFO - [2025-01-15T12:12:33.032+0800] {dag.py:3239} INFO - Sync 2 DAGs
[2025-01-15T12:12:33.039+0800] {logging_mixin.py:190} INFO - [2025-01-15T12:12:33.039+0800] {dag.py:4180} INFO - Setting next_dagrun for read_dataset_event to 2025-01-14 00:00:00+00:00, run_after=2025-01-15 00:00:00+00:00
[2025-01-15T12:12:33.042+0800] {logging_mixin.py:190} INFO - [2025-01-15T12:12:33.041+0800] {dag.py:4180} INFO - Setting next_dagrun for read_dataset_event_from_classic to 2025-01-14 00:00:00+00:00, run_after=2025-01-15 00:00:00+00:00
[2025-01-15T12:12:33.047+0800] {processor.py:208} INFO - Processing /opt/anaconda3/envs/PyTorch/lib/python3.11/site-packages/airflow/example_dags/example_inlet_event_extra.py took 0.133 seconds
[2025-01-15T12:15:30.288+0800] {processor.py:186} INFO - Started process (PID=28524) to work on /opt/anaconda3/envs/PyTorch/lib/python3.11/site-packages/airflow/example_dags/example_inlet_event_extra.py
[2025-01-15T12:15:30.289+0800] {processor.py:914} INFO - Processing file /opt/anaconda3/envs/PyTorch/lib/python3.11/site-packages/airflow/example_dags/example_inlet_event_extra.py for tasks to queue
[2025-01-15T12:15:30.290+0800] {logging_mixin.py:190} INFO - [2025-01-15T12:15:30.290+0800] {dagbag.py:588} INFO - Filling up the DagBag from /opt/anaconda3/envs/PyTorch/lib/python3.11/site-packages/airflow/example_dags/example_inlet_event_extra.py
[2025-01-15T12:15:30.325+0800] {processor.py:925} INFO - DAG(s) 'read_dataset_event_from_classic', 'read_dataset_event' retrieved from /opt/anaconda3/envs/PyTorch/lib/python3.11/site-packages/airflow/example_dags/example_inlet_event_extra.py
[2025-01-15T12:15:30.398+0800] {logging_mixin.py:190} INFO - [2025-01-15T12:15:30.398+0800] {dag.py:3239} INFO - Sync 2 DAGs
[2025-01-15T12:15:30.405+0800] {logging_mixin.py:190} INFO - [2025-01-15T12:15:30.404+0800] {dag.py:4180} INFO - Setting next_dagrun for read_dataset_event to 2025-01-14 00:00:00+00:00, run_after=2025-01-15 00:00:00+00:00
[2025-01-15T12:15:30.407+0800] {logging_mixin.py:190} INFO - [2025-01-15T12:15:30.407+0800] {dag.py:4180} INFO - Setting next_dagrun for read_dataset_event_from_classic to 2025-01-14 00:00:00+00:00, run_after=2025-01-15 00:00:00+00:00
[2025-01-15T12:15:30.412+0800] {processor.py:208} INFO - Processing /opt/anaconda3/envs/PyTorch/lib/python3.11/site-packages/airflow/example_dags/example_inlet_event_extra.py took 0.126 seconds
[2025-01-15T12:18:26.919+0800] {processor.py:186} INFO - Started process (PID=30127) to work on /opt/anaconda3/envs/PyTorch/lib/python3.11/site-packages/airflow/example_dags/example_inlet_event_extra.py
[2025-01-15T12:18:26.920+0800] {processor.py:914} INFO - Processing file /opt/anaconda3/envs/PyTorch/lib/python3.11/site-packages/airflow/example_dags/example_inlet_event_extra.py for tasks to queue
[2025-01-15T12:18:26.921+0800] {logging_mixin.py:190} INFO - [2025-01-15T12:18:26.921+0800] {dagbag.py:588} INFO - Filling up the DagBag from /opt/anaconda3/envs/PyTorch/lib/python3.11/site-packages/airflow/example_dags/example_inlet_event_extra.py
[2025-01-15T12:18:26.963+0800] {processor.py:925} INFO - DAG(s) 'read_dataset_event_from_classic', 'read_dataset_event' retrieved from /opt/anaconda3/envs/PyTorch/lib/python3.11/site-packages/airflow/example_dags/example_inlet_event_extra.py
[2025-01-15T12:18:27.041+0800] {logging_mixin.py:190} INFO - [2025-01-15T12:18:27.041+0800] {dag.py:3239} INFO - Sync 2 DAGs
[2025-01-15T12:18:27.048+0800] {logging_mixin.py:190} INFO - [2025-01-15T12:18:27.048+0800] {dag.py:4180} INFO - Setting next_dagrun for read_dataset_event to 2025-01-14 00:00:00+00:00, run_after=2025-01-15 00:00:00+00:00
[2025-01-15T12:18:27.051+0800] {logging_mixin.py:190} INFO - [2025-01-15T12:18:27.051+0800] {dag.py:4180} INFO - Setting next_dagrun for read_dataset_event_from_classic to 2025-01-14 00:00:00+00:00, run_after=2025-01-15 00:00:00+00:00
[2025-01-15T12:18:27.057+0800] {processor.py:208} INFO - Processing /opt/anaconda3/envs/PyTorch/lib/python3.11/site-packages/airflow/example_dags/example_inlet_event_extra.py took 0.140 seconds
[2025-01-15T12:21:24.795+0800] {processor.py:186} INFO - Started process (PID=31685) to work on /opt/anaconda3/envs/PyTorch/lib/python3.11/site-packages/airflow/example_dags/example_inlet_event_extra.py
[2025-01-15T12:21:24.797+0800] {processor.py:914} INFO - Processing file /opt/anaconda3/envs/PyTorch/lib/python3.11/site-packages/airflow/example_dags/example_inlet_event_extra.py for tasks to queue
[2025-01-15T12:21:24.797+0800] {logging_mixin.py:190} INFO - [2025-01-15T12:21:24.797+0800] {dagbag.py:588} INFO - Filling up the DagBag from /opt/anaconda3/envs/PyTorch/lib/python3.11/site-packages/airflow/example_dags/example_inlet_event_extra.py
[2025-01-15T12:21:24.833+0800] {processor.py:925} INFO - DAG(s) 'read_dataset_event', 'read_dataset_event_from_classic' retrieved from /opt/anaconda3/envs/PyTorch/lib/python3.11/site-packages/airflow/example_dags/example_inlet_event_extra.py
[2025-01-15T12:21:24.908+0800] {logging_mixin.py:190} INFO - [2025-01-15T12:21:24.907+0800] {dag.py:3239} INFO - Sync 2 DAGs
[2025-01-15T12:21:24.914+0800] {logging_mixin.py:190} INFO - [2025-01-15T12:21:24.914+0800] {dag.py:4180} INFO - Setting next_dagrun for read_dataset_event to 2025-01-14 00:00:00+00:00, run_after=2025-01-15 00:00:00+00:00
[2025-01-15T12:21:24.916+0800] {logging_mixin.py:190} INFO - [2025-01-15T12:21:24.916+0800] {dag.py:4180} INFO - Setting next_dagrun for read_dataset_event_from_classic to 2025-01-14 00:00:00+00:00, run_after=2025-01-15 00:00:00+00:00
[2025-01-15T12:21:24.922+0800] {processor.py:208} INFO - Processing /opt/anaconda3/envs/PyTorch/lib/python3.11/site-packages/airflow/example_dags/example_inlet_event_extra.py took 0.129 seconds
[2025-01-15T12:24:29.188+0800] {processor.py:186} INFO - Started process (PID=33296) to work on /opt/anaconda3/envs/PyTorch/lib/python3.11/site-packages/airflow/example_dags/example_inlet_event_extra.py
[2025-01-15T12:24:29.189+0800] {processor.py:914} INFO - Processing file /opt/anaconda3/envs/PyTorch/lib/python3.11/site-packages/airflow/example_dags/example_inlet_event_extra.py for tasks to queue
[2025-01-15T12:24:29.190+0800] {logging_mixin.py:190} INFO - [2025-01-15T12:24:29.190+0800] {dagbag.py:588} INFO - Filling up the DagBag from /opt/anaconda3/envs/PyTorch/lib/python3.11/site-packages/airflow/example_dags/example_inlet_event_extra.py
[2025-01-15T12:24:29.229+0800] {processor.py:925} INFO - DAG(s) 'read_dataset_event', 'read_dataset_event_from_classic' retrieved from /opt/anaconda3/envs/PyTorch/lib/python3.11/site-packages/airflow/example_dags/example_inlet_event_extra.py
[2025-01-15T12:24:29.302+0800] {logging_mixin.py:190} INFO - [2025-01-15T12:24:29.302+0800] {dag.py:3239} INFO - Sync 2 DAGs
[2025-01-15T12:24:29.308+0800] {logging_mixin.py:190} INFO - [2025-01-15T12:24:29.308+0800] {dag.py:4180} INFO - Setting next_dagrun for read_dataset_event to 2025-01-14 00:00:00+00:00, run_after=2025-01-15 00:00:00+00:00
[2025-01-15T12:24:29.310+0800] {logging_mixin.py:190} INFO - [2025-01-15T12:24:29.310+0800] {dag.py:4180} INFO - Setting next_dagrun for read_dataset_event_from_classic to 2025-01-14 00:00:00+00:00, run_after=2025-01-15 00:00:00+00:00
[2025-01-15T12:24:29.316+0800] {processor.py:208} INFO - Processing /opt/anaconda3/envs/PyTorch/lib/python3.11/site-packages/airflow/example_dags/example_inlet_event_extra.py took 0.130 seconds
[2025-01-15T12:27:25.062+0800] {processor.py:186} INFO - Started process (PID=34862) to work on /opt/anaconda3/envs/PyTorch/lib/python3.11/site-packages/airflow/example_dags/example_inlet_event_extra.py
[2025-01-15T12:27:25.064+0800] {processor.py:914} INFO - Processing file /opt/anaconda3/envs/PyTorch/lib/python3.11/site-packages/airflow/example_dags/example_inlet_event_extra.py for tasks to queue
[2025-01-15T12:27:25.064+0800] {logging_mixin.py:190} INFO - [2025-01-15T12:27:25.064+0800] {dagbag.py:588} INFO - Filling up the DagBag from /opt/anaconda3/envs/PyTorch/lib/python3.11/site-packages/airflow/example_dags/example_inlet_event_extra.py
[2025-01-15T12:27:25.100+0800] {processor.py:925} INFO - DAG(s) 'read_dataset_event', 'read_dataset_event_from_classic' retrieved from /opt/anaconda3/envs/PyTorch/lib/python3.11/site-packages/airflow/example_dags/example_inlet_event_extra.py
[2025-01-15T12:27:25.173+0800] {logging_mixin.py:190} INFO - [2025-01-15T12:27:25.173+0800] {dag.py:3239} INFO - Sync 2 DAGs
[2025-01-15T12:27:25.179+0800] {logging_mixin.py:190} INFO - [2025-01-15T12:27:25.179+0800] {dag.py:4180} INFO - Setting next_dagrun for read_dataset_event to 2025-01-14 00:00:00+00:00, run_after=2025-01-15 00:00:00+00:00
[2025-01-15T12:27:25.181+0800] {logging_mixin.py:190} INFO - [2025-01-15T12:27:25.181+0800] {dag.py:4180} INFO - Setting next_dagrun for read_dataset_event_from_classic to 2025-01-14 00:00:00+00:00, run_after=2025-01-15 00:00:00+00:00
[2025-01-15T12:27:25.187+0800] {processor.py:208} INFO - Processing /opt/anaconda3/envs/PyTorch/lib/python3.11/site-packages/airflow/example_dags/example_inlet_event_extra.py took 0.127 seconds
[2025-01-15T12:30:21.497+0800] {processor.py:186} INFO - Started process (PID=36413) to work on /opt/anaconda3/envs/PyTorch/lib/python3.11/site-packages/airflow/example_dags/example_inlet_event_extra.py
[2025-01-15T12:30:21.499+0800] {processor.py:914} INFO - Processing file /opt/anaconda3/envs/PyTorch/lib/python3.11/site-packages/airflow/example_dags/example_inlet_event_extra.py for tasks to queue
[2025-01-15T12:30:21.499+0800] {logging_mixin.py:190} INFO - [2025-01-15T12:30:21.499+0800] {dagbag.py:588} INFO - Filling up the DagBag from /opt/anaconda3/envs/PyTorch/lib/python3.11/site-packages/airflow/example_dags/example_inlet_event_extra.py
[2025-01-15T12:30:21.544+0800] {processor.py:925} INFO - DAG(s) 'read_dataset_event_from_classic', 'read_dataset_event' retrieved from /opt/anaconda3/envs/PyTorch/lib/python3.11/site-packages/airflow/example_dags/example_inlet_event_extra.py
[2025-01-15T12:30:21.617+0800] {logging_mixin.py:190} INFO - [2025-01-15T12:30:21.616+0800] {dag.py:3239} INFO - Sync 2 DAGs
[2025-01-15T12:30:21.624+0800] {logging_mixin.py:190} INFO - [2025-01-15T12:30:21.623+0800] {dag.py:4180} INFO - Setting next_dagrun for read_dataset_event to 2025-01-14 00:00:00+00:00, run_after=2025-01-15 00:00:00+00:00
[2025-01-15T12:30:21.626+0800] {logging_mixin.py:190} INFO - [2025-01-15T12:30:21.626+0800] {dag.py:4180} INFO - Setting next_dagrun for read_dataset_event_from_classic to 2025-01-14 00:00:00+00:00, run_after=2025-01-15 00:00:00+00:00
[2025-01-15T12:30:21.632+0800] {processor.py:208} INFO - Processing /opt/anaconda3/envs/PyTorch/lib/python3.11/site-packages/airflow/example_dags/example_inlet_event_extra.py took 0.137 seconds
[2025-01-15T12:33:17.747+0800] {processor.py:186} INFO - Started process (PID=37921) to work on /opt/anaconda3/envs/PyTorch/lib/python3.11/site-packages/airflow/example_dags/example_inlet_event_extra.py
[2025-01-15T12:33:17.747+0800] {processor.py:914} INFO - Processing file /opt/anaconda3/envs/PyTorch/lib/python3.11/site-packages/airflow/example_dags/example_inlet_event_extra.py for tasks to queue
[2025-01-15T12:33:17.748+0800] {logging_mixin.py:190} INFO - [2025-01-15T12:33:17.748+0800] {dagbag.py:588} INFO - Filling up the DagBag from /opt/anaconda3/envs/PyTorch/lib/python3.11/site-packages/airflow/example_dags/example_inlet_event_extra.py
[2025-01-15T12:33:17.784+0800] {processor.py:925} INFO - DAG(s) 'read_dataset_event', 'read_dataset_event_from_classic' retrieved from /opt/anaconda3/envs/PyTorch/lib/python3.11/site-packages/airflow/example_dags/example_inlet_event_extra.py
[2025-01-15T12:33:17.857+0800] {logging_mixin.py:190} INFO - [2025-01-15T12:33:17.857+0800] {dag.py:3239} INFO - Sync 2 DAGs
[2025-01-15T12:33:17.864+0800] {logging_mixin.py:190} INFO - [2025-01-15T12:33:17.864+0800] {dag.py:4180} INFO - Setting next_dagrun for read_dataset_event to 2025-01-14 00:00:00+00:00, run_after=2025-01-15 00:00:00+00:00
[2025-01-15T12:33:17.866+0800] {logging_mixin.py:190} INFO - [2025-01-15T12:33:17.866+0800] {dag.py:4180} INFO - Setting next_dagrun for read_dataset_event_from_classic to 2025-01-14 00:00:00+00:00, run_after=2025-01-15 00:00:00+00:00
[2025-01-15T12:33:17.872+0800] {processor.py:208} INFO - Processing /opt/anaconda3/envs/PyTorch/lib/python3.11/site-packages/airflow/example_dags/example_inlet_event_extra.py took 0.127 seconds
[2025-01-15T12:36:15.911+0800] {processor.py:186} INFO - Started process (PID=39502) to work on /opt/anaconda3/envs/PyTorch/lib/python3.11/site-packages/airflow/example_dags/example_inlet_event_extra.py
[2025-01-15T12:36:15.912+0800] {processor.py:914} INFO - Processing file /opt/anaconda3/envs/PyTorch/lib/python3.11/site-packages/airflow/example_dags/example_inlet_event_extra.py for tasks to queue
[2025-01-15T12:36:15.913+0800] {logging_mixin.py:190} INFO - [2025-01-15T12:36:15.913+0800] {dagbag.py:588} INFO - Filling up the DagBag from /opt/anaconda3/envs/PyTorch/lib/python3.11/site-packages/airflow/example_dags/example_inlet_event_extra.py
[2025-01-15T12:36:15.951+0800] {processor.py:925} INFO - DAG(s) 'read_dataset_event_from_classic', 'read_dataset_event' retrieved from /opt/anaconda3/envs/PyTorch/lib/python3.11/site-packages/airflow/example_dags/example_inlet_event_extra.py
[2025-01-15T12:36:16.028+0800] {logging_mixin.py:190} INFO - [2025-01-15T12:36:16.028+0800] {dag.py:3239} INFO - Sync 2 DAGs
[2025-01-15T12:36:16.035+0800] {logging_mixin.py:190} INFO - [2025-01-15T12:36:16.035+0800] {dag.py:4180} INFO - Setting next_dagrun for read_dataset_event to 2025-01-14 00:00:00+00:00, run_after=2025-01-15 00:00:00+00:00
[2025-01-15T12:36:16.037+0800] {logging_mixin.py:190} INFO - [2025-01-15T12:36:16.037+0800] {dag.py:4180} INFO - Setting next_dagrun for read_dataset_event_from_classic to 2025-01-14 00:00:00+00:00, run_after=2025-01-15 00:00:00+00:00
[2025-01-15T12:36:16.043+0800] {processor.py:208} INFO - Processing /opt/anaconda3/envs/PyTorch/lib/python3.11/site-packages/airflow/example_dags/example_inlet_event_extra.py took 0.134 seconds
[2025-01-15T12:39:12.530+0800] {processor.py:186} INFO - Started process (PID=41069) to work on /opt/anaconda3/envs/PyTorch/lib/python3.11/site-packages/airflow/example_dags/example_inlet_event_extra.py
[2025-01-15T12:39:12.531+0800] {processor.py:914} INFO - Processing file /opt/anaconda3/envs/PyTorch/lib/python3.11/site-packages/airflow/example_dags/example_inlet_event_extra.py for tasks to queue
[2025-01-15T12:39:12.532+0800] {logging_mixin.py:190} INFO - [2025-01-15T12:39:12.532+0800] {dagbag.py:588} INFO - Filling up the DagBag from /opt/anaconda3/envs/PyTorch/lib/python3.11/site-packages/airflow/example_dags/example_inlet_event_extra.py
[2025-01-15T12:39:12.569+0800] {processor.py:925} INFO - DAG(s) 'read_dataset_event_from_classic', 'read_dataset_event' retrieved from /opt/anaconda3/envs/PyTorch/lib/python3.11/site-packages/airflow/example_dags/example_inlet_event_extra.py
[2025-01-15T12:39:12.642+0800] {logging_mixin.py:190} INFO - [2025-01-15T12:39:12.642+0800] {dag.py:3239} INFO - Sync 2 DAGs
[2025-01-15T12:39:12.650+0800] {logging_mixin.py:190} INFO - [2025-01-15T12:39:12.649+0800] {dag.py:4180} INFO - Setting next_dagrun for read_dataset_event to 2025-01-14 00:00:00+00:00, run_after=2025-01-15 00:00:00+00:00
[2025-01-15T12:39:12.652+0800] {logging_mixin.py:190} INFO - [2025-01-15T12:39:12.652+0800] {dag.py:4180} INFO - Setting next_dagrun for read_dataset_event_from_classic to 2025-01-14 00:00:00+00:00, run_after=2025-01-15 00:00:00+00:00
[2025-01-15T12:39:12.657+0800] {processor.py:208} INFO - Processing /opt/anaconda3/envs/PyTorch/lib/python3.11/site-packages/airflow/example_dags/example_inlet_event_extra.py took 0.129 seconds
[2025-01-15T12:42:10.984+0800] {processor.py:186} INFO - Started process (PID=42682) to work on /opt/anaconda3/envs/PyTorch/lib/python3.11/site-packages/airflow/example_dags/example_inlet_event_extra.py
[2025-01-15T12:42:10.986+0800] {processor.py:914} INFO - Processing file /opt/anaconda3/envs/PyTorch/lib/python3.11/site-packages/airflow/example_dags/example_inlet_event_extra.py for tasks to queue
[2025-01-15T12:42:10.986+0800] {logging_mixin.py:190} INFO - [2025-01-15T12:42:10.986+0800] {dagbag.py:588} INFO - Filling up the DagBag from /opt/anaconda3/envs/PyTorch/lib/python3.11/site-packages/airflow/example_dags/example_inlet_event_extra.py
[2025-01-15T12:42:11.024+0800] {processor.py:925} INFO - DAG(s) 'read_dataset_event', 'read_dataset_event_from_classic' retrieved from /opt/anaconda3/envs/PyTorch/lib/python3.11/site-packages/airflow/example_dags/example_inlet_event_extra.py
[2025-01-15T12:42:11.099+0800] {logging_mixin.py:190} INFO - [2025-01-15T12:42:11.099+0800] {dag.py:3239} INFO - Sync 2 DAGs
[2025-01-15T12:42:11.105+0800] {logging_mixin.py:190} INFO - [2025-01-15T12:42:11.105+0800] {dag.py:4180} INFO - Setting next_dagrun for read_dataset_event to 2025-01-14 00:00:00+00:00, run_after=2025-01-15 00:00:00+00:00
[2025-01-15T12:42:11.107+0800] {logging_mixin.py:190} INFO - [2025-01-15T12:42:11.107+0800] {dag.py:4180} INFO - Setting next_dagrun for read_dataset_event_from_classic to 2025-01-14 00:00:00+00:00, run_after=2025-01-15 00:00:00+00:00
[2025-01-15T12:42:11.113+0800] {processor.py:208} INFO - Processing /opt/anaconda3/envs/PyTorch/lib/python3.11/site-packages/airflow/example_dags/example_inlet_event_extra.py took 0.131 seconds
[2025-01-15T12:45:08.294+0800] {processor.py:186} INFO - Started process (PID=44257) to work on /opt/anaconda3/envs/PyTorch/lib/python3.11/site-packages/airflow/example_dags/example_inlet_event_extra.py
[2025-01-15T12:45:08.296+0800] {processor.py:914} INFO - Processing file /opt/anaconda3/envs/PyTorch/lib/python3.11/site-packages/airflow/example_dags/example_inlet_event_extra.py for tasks to queue
[2025-01-15T12:45:08.296+0800] {logging_mixin.py:190} INFO - [2025-01-15T12:45:08.296+0800] {dagbag.py:588} INFO - Filling up the DagBag from /opt/anaconda3/envs/PyTorch/lib/python3.11/site-packages/airflow/example_dags/example_inlet_event_extra.py
[2025-01-15T12:45:08.338+0800] {processor.py:925} INFO - DAG(s) 'read_dataset_event_from_classic', 'read_dataset_event' retrieved from /opt/anaconda3/envs/PyTorch/lib/python3.11/site-packages/airflow/example_dags/example_inlet_event_extra.py
[2025-01-15T12:45:08.413+0800] {logging_mixin.py:190} INFO - [2025-01-15T12:45:08.413+0800] {dag.py:3239} INFO - Sync 2 DAGs
[2025-01-15T12:45:08.420+0800] {logging_mixin.py:190} INFO - [2025-01-15T12:45:08.420+0800] {dag.py:4180} INFO - Setting next_dagrun for read_dataset_event to 2025-01-14 00:00:00+00:00, run_after=2025-01-15 00:00:00+00:00
[2025-01-15T12:45:08.422+0800] {logging_mixin.py:190} INFO - [2025-01-15T12:45:08.422+0800] {dag.py:4180} INFO - Setting next_dagrun for read_dataset_event_from_classic to 2025-01-14 00:00:00+00:00, run_after=2025-01-15 00:00:00+00:00
[2025-01-15T12:45:08.428+0800] {processor.py:208} INFO - Processing /opt/anaconda3/envs/PyTorch/lib/python3.11/site-packages/airflow/example_dags/example_inlet_event_extra.py took 0.135 seconds
[2025-01-15T12:48:08.320+0800] {processor.py:186} INFO - Started process (PID=45904) to work on /opt/anaconda3/envs/PyTorch/lib/python3.11/site-packages/airflow/example_dags/example_inlet_event_extra.py
[2025-01-15T12:48:08.322+0800] {processor.py:914} INFO - Processing file /opt/anaconda3/envs/PyTorch/lib/python3.11/site-packages/airflow/example_dags/example_inlet_event_extra.py for tasks to queue
[2025-01-15T12:48:08.322+0800] {logging_mixin.py:190} INFO - [2025-01-15T12:48:08.322+0800] {dagbag.py:588} INFO - Filling up the DagBag from /opt/anaconda3/envs/PyTorch/lib/python3.11/site-packages/airflow/example_dags/example_inlet_event_extra.py
[2025-01-15T12:48:08.364+0800] {processor.py:925} INFO - DAG(s) 'read_dataset_event', 'read_dataset_event_from_classic' retrieved from /opt/anaconda3/envs/PyTorch/lib/python3.11/site-packages/airflow/example_dags/example_inlet_event_extra.py
[2025-01-15T12:48:08.436+0800] {logging_mixin.py:190} INFO - [2025-01-15T12:48:08.436+0800] {dag.py:3239} INFO - Sync 2 DAGs
[2025-01-15T12:48:08.442+0800] {logging_mixin.py:190} INFO - [2025-01-15T12:48:08.442+0800] {dag.py:4180} INFO - Setting next_dagrun for read_dataset_event to 2025-01-14 00:00:00+00:00, run_after=2025-01-15 00:00:00+00:00
[2025-01-15T12:48:08.444+0800] {logging_mixin.py:190} INFO - [2025-01-15T12:48:08.444+0800] {dag.py:4180} INFO - Setting next_dagrun for read_dataset_event_from_classic to 2025-01-14 00:00:00+00:00, run_after=2025-01-15 00:00:00+00:00
[2025-01-15T12:48:08.450+0800] {processor.py:208} INFO - Processing /opt/anaconda3/envs/PyTorch/lib/python3.11/site-packages/airflow/example_dags/example_inlet_event_extra.py took 0.131 seconds
[2025-01-15T12:51:10.554+0800] {processor.py:186} INFO - Started process (PID=47536) to work on /opt/anaconda3/envs/PyTorch/lib/python3.11/site-packages/airflow/example_dags/example_inlet_event_extra.py
[2025-01-15T12:51:10.557+0800] {processor.py:914} INFO - Processing file /opt/anaconda3/envs/PyTorch/lib/python3.11/site-packages/airflow/example_dags/example_inlet_event_extra.py for tasks to queue
[2025-01-15T12:51:10.558+0800] {logging_mixin.py:190} INFO - [2025-01-15T12:51:10.557+0800] {dagbag.py:588} INFO - Filling up the DagBag from /opt/anaconda3/envs/PyTorch/lib/python3.11/site-packages/airflow/example_dags/example_inlet_event_extra.py
[2025-01-15T12:51:10.594+0800] {processor.py:925} INFO - DAG(s) 'read_dataset_event', 'read_dataset_event_from_classic' retrieved from /opt/anaconda3/envs/PyTorch/lib/python3.11/site-packages/airflow/example_dags/example_inlet_event_extra.py
[2025-01-15T12:51:10.671+0800] {logging_mixin.py:190} INFO - [2025-01-15T12:51:10.671+0800] {dag.py:3239} INFO - Sync 2 DAGs
[2025-01-15T12:51:10.678+0800] {logging_mixin.py:190} INFO - [2025-01-15T12:51:10.678+0800] {dag.py:4180} INFO - Setting next_dagrun for read_dataset_event to 2025-01-14 00:00:00+00:00, run_after=2025-01-15 00:00:00+00:00
[2025-01-15T12:51:10.680+0800] {logging_mixin.py:190} INFO - [2025-01-15T12:51:10.680+0800] {dag.py:4180} INFO - Setting next_dagrun for read_dataset_event_from_classic to 2025-01-14 00:00:00+00:00, run_after=2025-01-15 00:00:00+00:00
[2025-01-15T12:51:10.686+0800] {processor.py:208} INFO - Processing /opt/anaconda3/envs/PyTorch/lib/python3.11/site-packages/airflow/example_dags/example_inlet_event_extra.py took 0.134 seconds
[2025-01-15T12:54:08.366+0800] {processor.py:186} INFO - Started process (PID=49111) to work on /opt/anaconda3/envs/PyTorch/lib/python3.11/site-packages/airflow/example_dags/example_inlet_event_extra.py
[2025-01-15T12:54:08.367+0800] {processor.py:914} INFO - Processing file /opt/anaconda3/envs/PyTorch/lib/python3.11/site-packages/airflow/example_dags/example_inlet_event_extra.py for tasks to queue
[2025-01-15T12:54:08.368+0800] {logging_mixin.py:190} INFO - [2025-01-15T12:54:08.367+0800] {dagbag.py:588} INFO - Filling up the DagBag from /opt/anaconda3/envs/PyTorch/lib/python3.11/site-packages/airflow/example_dags/example_inlet_event_extra.py
[2025-01-15T12:54:08.430+0800] {processor.py:925} INFO - DAG(s) 'read_dataset_event_from_classic', 'read_dataset_event' retrieved from /opt/anaconda3/envs/PyTorch/lib/python3.11/site-packages/airflow/example_dags/example_inlet_event_extra.py
[2025-01-15T12:54:08.525+0800] {logging_mixin.py:190} INFO - [2025-01-15T12:54:08.525+0800] {dag.py:3239} INFO - Sync 2 DAGs
[2025-01-15T12:54:08.533+0800] {logging_mixin.py:190} INFO - [2025-01-15T12:54:08.533+0800] {dag.py:4180} INFO - Setting next_dagrun for read_dataset_event to 2025-01-14 00:00:00+00:00, run_after=2025-01-15 00:00:00+00:00
[2025-01-15T12:54:08.536+0800] {logging_mixin.py:190} INFO - [2025-01-15T12:54:08.535+0800] {dag.py:4180} INFO - Setting next_dagrun for read_dataset_event_from_classic to 2025-01-14 00:00:00+00:00, run_after=2025-01-15 00:00:00+00:00
[2025-01-15T12:54:08.542+0800] {processor.py:208} INFO - Processing /opt/anaconda3/envs/PyTorch/lib/python3.11/site-packages/airflow/example_dags/example_inlet_event_extra.py took 0.196 seconds
[2025-01-15T12:57:12.895+0800] {processor.py:186} INFO - Started process (PID=50788) to work on /opt/anaconda3/envs/PyTorch/lib/python3.11/site-packages/airflow/example_dags/example_inlet_event_extra.py
[2025-01-15T12:57:12.897+0800] {processor.py:914} INFO - Processing file /opt/anaconda3/envs/PyTorch/lib/python3.11/site-packages/airflow/example_dags/example_inlet_event_extra.py for tasks to queue
[2025-01-15T12:57:12.897+0800] {logging_mixin.py:190} INFO - [2025-01-15T12:57:12.897+0800] {dagbag.py:588} INFO - Filling up the DagBag from /opt/anaconda3/envs/PyTorch/lib/python3.11/site-packages/airflow/example_dags/example_inlet_event_extra.py
[2025-01-15T12:57:12.934+0800] {processor.py:925} INFO - DAG(s) 'read_dataset_event_from_classic', 'read_dataset_event' retrieved from /opt/anaconda3/envs/PyTorch/lib/python3.11/site-packages/airflow/example_dags/example_inlet_event_extra.py
[2025-01-15T12:57:13.011+0800] {logging_mixin.py:190} INFO - [2025-01-15T12:57:13.011+0800] {dag.py:3239} INFO - Sync 2 DAGs
[2025-01-15T12:57:13.018+0800] {logging_mixin.py:190} INFO - [2025-01-15T12:57:13.018+0800] {dag.py:4180} INFO - Setting next_dagrun for read_dataset_event to 2025-01-14 00:00:00+00:00, run_after=2025-01-15 00:00:00+00:00
[2025-01-15T12:57:13.020+0800] {logging_mixin.py:190} INFO - [2025-01-15T12:57:13.020+0800] {dag.py:4180} INFO - Setting next_dagrun for read_dataset_event_from_classic to 2025-01-14 00:00:00+00:00, run_after=2025-01-15 00:00:00+00:00
[2025-01-15T12:57:13.026+0800] {processor.py:208} INFO - Processing /opt/anaconda3/envs/PyTorch/lib/python3.11/site-packages/airflow/example_dags/example_inlet_event_extra.py took 0.133 seconds
[2025-01-15T13:00:14.984+0800] {processor.py:186} INFO - Started process (PID=52442) to work on /opt/anaconda3/envs/PyTorch/lib/python3.11/site-packages/airflow/example_dags/example_inlet_event_extra.py
[2025-01-15T13:00:14.984+0800] {processor.py:914} INFO - Processing file /opt/anaconda3/envs/PyTorch/lib/python3.11/site-packages/airflow/example_dags/example_inlet_event_extra.py for tasks to queue
[2025-01-15T13:00:14.985+0800] {logging_mixin.py:190} INFO - [2025-01-15T13:00:14.985+0800] {dagbag.py:588} INFO - Filling up the DagBag from /opt/anaconda3/envs/PyTorch/lib/python3.11/site-packages/airflow/example_dags/example_inlet_event_extra.py
[2025-01-15T13:00:15.028+0800] {processor.py:925} INFO - DAG(s) 'read_dataset_event_from_classic', 'read_dataset_event' retrieved from /opt/anaconda3/envs/PyTorch/lib/python3.11/site-packages/airflow/example_dags/example_inlet_event_extra.py
[2025-01-15T13:00:15.105+0800] {logging_mixin.py:190} INFO - [2025-01-15T13:00:15.105+0800] {dag.py:3239} INFO - Sync 2 DAGs
[2025-01-15T13:00:15.112+0800] {logging_mixin.py:190} INFO - [2025-01-15T13:00:15.112+0800] {dag.py:4180} INFO - Setting next_dagrun for read_dataset_event to 2025-01-14 00:00:00+00:00, run_after=2025-01-15 00:00:00+00:00
[2025-01-15T13:00:15.114+0800] {logging_mixin.py:190} INFO - [2025-01-15T13:00:15.114+0800] {dag.py:4180} INFO - Setting next_dagrun for read_dataset_event_from_classic to 2025-01-14 00:00:00+00:00, run_after=2025-01-15 00:00:00+00:00
[2025-01-15T13:00:15.119+0800] {processor.py:208} INFO - Processing /opt/anaconda3/envs/PyTorch/lib/python3.11/site-packages/airflow/example_dags/example_inlet_event_extra.py took 0.137 seconds
[2025-01-15T13:03:18.538+0800] {processor.py:186} INFO - Started process (PID=54062) to work on /opt/anaconda3/envs/PyTorch/lib/python3.11/site-packages/airflow/example_dags/example_inlet_event_extra.py
[2025-01-15T13:03:18.539+0800] {processor.py:914} INFO - Processing file /opt/anaconda3/envs/PyTorch/lib/python3.11/site-packages/airflow/example_dags/example_inlet_event_extra.py for tasks to queue
[2025-01-15T13:03:18.540+0800] {logging_mixin.py:190} INFO - [2025-01-15T13:03:18.540+0800] {dagbag.py:588} INFO - Filling up the DagBag from /opt/anaconda3/envs/PyTorch/lib/python3.11/site-packages/airflow/example_dags/example_inlet_event_extra.py
[2025-01-15T13:03:18.588+0800] {processor.py:925} INFO - DAG(s) 'read_dataset_event_from_classic', 'read_dataset_event' retrieved from /opt/anaconda3/envs/PyTorch/lib/python3.11/site-packages/airflow/example_dags/example_inlet_event_extra.py
[2025-01-15T13:03:18.671+0800] {logging_mixin.py:190} INFO - [2025-01-15T13:03:18.671+0800] {dag.py:3239} INFO - Sync 2 DAGs
[2025-01-15T13:03:18.680+0800] {logging_mixin.py:190} INFO - [2025-01-15T13:03:18.679+0800] {dag.py:4180} INFO - Setting next_dagrun for read_dataset_event to 2025-01-14 00:00:00+00:00, run_after=2025-01-15 00:00:00+00:00
[2025-01-15T13:03:18.682+0800] {logging_mixin.py:190} INFO - [2025-01-15T13:03:18.682+0800] {dag.py:4180} INFO - Setting next_dagrun for read_dataset_event_from_classic to 2025-01-14 00:00:00+00:00, run_after=2025-01-15 00:00:00+00:00
[2025-01-15T13:03:18.689+0800] {processor.py:208} INFO - Processing /opt/anaconda3/envs/PyTorch/lib/python3.11/site-packages/airflow/example_dags/example_inlet_event_extra.py took 0.153 seconds
[2025-01-15T13:06:25.135+0800] {processor.py:186} INFO - Started process (PID=55808) to work on /opt/anaconda3/envs/PyTorch/lib/python3.11/site-packages/airflow/example_dags/example_inlet_event_extra.py
[2025-01-15T13:06:25.136+0800] {processor.py:914} INFO - Processing file /opt/anaconda3/envs/PyTorch/lib/python3.11/site-packages/airflow/example_dags/example_inlet_event_extra.py for tasks to queue
[2025-01-15T13:06:25.137+0800] {logging_mixin.py:190} INFO - [2025-01-15T13:06:25.137+0800] {dagbag.py:588} INFO - Filling up the DagBag from /opt/anaconda3/envs/PyTorch/lib/python3.11/site-packages/airflow/example_dags/example_inlet_event_extra.py
[2025-01-15T13:06:25.182+0800] {processor.py:925} INFO - DAG(s) 'read_dataset_event', 'read_dataset_event_from_classic' retrieved from /opt/anaconda3/envs/PyTorch/lib/python3.11/site-packages/airflow/example_dags/example_inlet_event_extra.py
[2025-01-15T13:06:25.263+0800] {logging_mixin.py:190} INFO - [2025-01-15T13:06:25.263+0800] {dag.py:3239} INFO - Sync 2 DAGs
[2025-01-15T13:06:25.270+0800] {logging_mixin.py:190} INFO - [2025-01-15T13:06:25.270+0800] {dag.py:4180} INFO - Setting next_dagrun for read_dataset_event to 2025-01-14 00:00:00+00:00, run_after=2025-01-15 00:00:00+00:00
[2025-01-15T13:06:25.272+0800] {logging_mixin.py:190} INFO - [2025-01-15T13:06:25.272+0800] {dag.py:4180} INFO - Setting next_dagrun for read_dataset_event_from_classic to 2025-01-14 00:00:00+00:00, run_after=2025-01-15 00:00:00+00:00
[2025-01-15T13:06:25.279+0800] {processor.py:208} INFO - Processing /opt/anaconda3/envs/PyTorch/lib/python3.11/site-packages/airflow/example_dags/example_inlet_event_extra.py took 0.145 seconds
[2025-01-15T13:09:31.573+0800] {processor.py:186} INFO - Started process (PID=57595) to work on /opt/anaconda3/envs/PyTorch/lib/python3.11/site-packages/airflow/example_dags/example_inlet_event_extra.py
[2025-01-15T13:09:31.575+0800] {processor.py:914} INFO - Processing file /opt/anaconda3/envs/PyTorch/lib/python3.11/site-packages/airflow/example_dags/example_inlet_event_extra.py for tasks to queue
[2025-01-15T13:09:31.575+0800] {logging_mixin.py:190} INFO - [2025-01-15T13:09:31.575+0800] {dagbag.py:588} INFO - Filling up the DagBag from /opt/anaconda3/envs/PyTorch/lib/python3.11/site-packages/airflow/example_dags/example_inlet_event_extra.py
[2025-01-15T13:09:31.623+0800] {processor.py:925} INFO - DAG(s) 'read_dataset_event_from_classic', 'read_dataset_event' retrieved from /opt/anaconda3/envs/PyTorch/lib/python3.11/site-packages/airflow/example_dags/example_inlet_event_extra.py
[2025-01-15T13:09:31.704+0800] {logging_mixin.py:190} INFO - [2025-01-15T13:09:31.704+0800] {dag.py:3239} INFO - Sync 2 DAGs
[2025-01-15T13:09:31.711+0800] {logging_mixin.py:190} INFO - [2025-01-15T13:09:31.711+0800] {dag.py:4180} INFO - Setting next_dagrun for read_dataset_event to 2025-01-14 00:00:00+00:00, run_after=2025-01-15 00:00:00+00:00
[2025-01-15T13:09:31.713+0800] {logging_mixin.py:190} INFO - [2025-01-15T13:09:31.713+0800] {dag.py:4180} INFO - Setting next_dagrun for read_dataset_event_from_classic to 2025-01-14 00:00:00+00:00, run_after=2025-01-15 00:00:00+00:00
[2025-01-15T13:09:31.719+0800] {processor.py:208} INFO - Processing /opt/anaconda3/envs/PyTorch/lib/python3.11/site-packages/airflow/example_dags/example_inlet_event_extra.py took 0.148 seconds
[2025-01-15T13:12:33.723+0800] {processor.py:186} INFO - Started process (PID=59262) to work on /opt/anaconda3/envs/PyTorch/lib/python3.11/site-packages/airflow/example_dags/example_inlet_event_extra.py
[2025-01-15T13:12:33.724+0800] {processor.py:914} INFO - Processing file /opt/anaconda3/envs/PyTorch/lib/python3.11/site-packages/airflow/example_dags/example_inlet_event_extra.py for tasks to queue
[2025-01-15T13:12:33.724+0800] {logging_mixin.py:190} INFO - [2025-01-15T13:12:33.724+0800] {dagbag.py:588} INFO - Filling up the DagBag from /opt/anaconda3/envs/PyTorch/lib/python3.11/site-packages/airflow/example_dags/example_inlet_event_extra.py
[2025-01-15T13:12:33.765+0800] {processor.py:925} INFO - DAG(s) 'read_dataset_event_from_classic', 'read_dataset_event' retrieved from /opt/anaconda3/envs/PyTorch/lib/python3.11/site-packages/airflow/example_dags/example_inlet_event_extra.py
[2025-01-15T13:12:33.841+0800] {logging_mixin.py:190} INFO - [2025-01-15T13:12:33.841+0800] {dag.py:3239} INFO - Sync 2 DAGs
[2025-01-15T13:12:33.848+0800] {logging_mixin.py:190} INFO - [2025-01-15T13:12:33.847+0800] {dag.py:4180} INFO - Setting next_dagrun for read_dataset_event to 2025-01-14 00:00:00+00:00, run_after=2025-01-15 00:00:00+00:00
[2025-01-15T13:12:33.850+0800] {logging_mixin.py:190} INFO - [2025-01-15T13:12:33.850+0800] {dag.py:4180} INFO - Setting next_dagrun for read_dataset_event_from_classic to 2025-01-14 00:00:00+00:00, run_after=2025-01-15 00:00:00+00:00
[2025-01-15T13:12:33.855+0800] {processor.py:208} INFO - Processing /opt/anaconda3/envs/PyTorch/lib/python3.11/site-packages/airflow/example_dags/example_inlet_event_extra.py took 0.134 seconds
[2025-01-15T13:15:34.744+0800] {processor.py:186} INFO - Started process (PID=60879) to work on /opt/anaconda3/envs/PyTorch/lib/python3.11/site-packages/airflow/example_dags/example_inlet_event_extra.py
[2025-01-15T13:15:34.745+0800] {processor.py:914} INFO - Processing file /opt/anaconda3/envs/PyTorch/lib/python3.11/site-packages/airflow/example_dags/example_inlet_event_extra.py for tasks to queue
[2025-01-15T13:15:34.746+0800] {logging_mixin.py:190} INFO - [2025-01-15T13:15:34.746+0800] {dagbag.py:588} INFO - Filling up the DagBag from /opt/anaconda3/envs/PyTorch/lib/python3.11/site-packages/airflow/example_dags/example_inlet_event_extra.py
[2025-01-15T13:15:34.782+0800] {processor.py:925} INFO - DAG(s) 'read_dataset_event_from_classic', 'read_dataset_event' retrieved from /opt/anaconda3/envs/PyTorch/lib/python3.11/site-packages/airflow/example_dags/example_inlet_event_extra.py
[2025-01-15T13:15:34.856+0800] {logging_mixin.py:190} INFO - [2025-01-15T13:15:34.856+0800] {dag.py:3239} INFO - Sync 2 DAGs
[2025-01-15T13:15:34.862+0800] {logging_mixin.py:190} INFO - [2025-01-15T13:15:34.862+0800] {dag.py:4180} INFO - Setting next_dagrun for read_dataset_event to 2025-01-14 00:00:00+00:00, run_after=2025-01-15 00:00:00+00:00
[2025-01-15T13:15:34.864+0800] {logging_mixin.py:190} INFO - [2025-01-15T13:15:34.864+0800] {dag.py:4180} INFO - Setting next_dagrun for read_dataset_event_from_classic to 2025-01-14 00:00:00+00:00, run_after=2025-01-15 00:00:00+00:00
[2025-01-15T13:15:34.870+0800] {processor.py:208} INFO - Processing /opt/anaconda3/envs/PyTorch/lib/python3.11/site-packages/airflow/example_dags/example_inlet_event_extra.py took 0.128 seconds
[2025-01-15T13:18:39.063+0800] {processor.py:186} INFO - Started process (PID=62529) to work on /opt/anaconda3/envs/PyTorch/lib/python3.11/site-packages/airflow/example_dags/example_inlet_event_extra.py
[2025-01-15T13:18:39.063+0800] {processor.py:914} INFO - Processing file /opt/anaconda3/envs/PyTorch/lib/python3.11/site-packages/airflow/example_dags/example_inlet_event_extra.py for tasks to queue
[2025-01-15T13:18:39.064+0800] {logging_mixin.py:190} INFO - [2025-01-15T13:18:39.064+0800] {dagbag.py:588} INFO - Filling up the DagBag from /opt/anaconda3/envs/PyTorch/lib/python3.11/site-packages/airflow/example_dags/example_inlet_event_extra.py
[2025-01-15T13:18:39.111+0800] {processor.py:925} INFO - DAG(s) 'read_dataset_event', 'read_dataset_event_from_classic' retrieved from /opt/anaconda3/envs/PyTorch/lib/python3.11/site-packages/airflow/example_dags/example_inlet_event_extra.py
[2025-01-15T13:18:39.194+0800] {logging_mixin.py:190} INFO - [2025-01-15T13:18:39.194+0800] {dag.py:3239} INFO - Sync 2 DAGs
[2025-01-15T13:18:39.201+0800] {logging_mixin.py:190} INFO - [2025-01-15T13:18:39.201+0800] {dag.py:4180} INFO - Setting next_dagrun for read_dataset_event to 2025-01-14 00:00:00+00:00, run_after=2025-01-15 00:00:00+00:00
[2025-01-15T13:18:39.204+0800] {logging_mixin.py:190} INFO - [2025-01-15T13:18:39.204+0800] {dag.py:4180} INFO - Setting next_dagrun for read_dataset_event_from_classic to 2025-01-14 00:00:00+00:00, run_after=2025-01-15 00:00:00+00:00
[2025-01-15T13:18:39.216+0800] {processor.py:208} INFO - Processing /opt/anaconda3/envs/PyTorch/lib/python3.11/site-packages/airflow/example_dags/example_inlet_event_extra.py took 0.156 seconds
[2025-01-15T13:21:53.631+0800] {processor.py:186} INFO - Started process (PID=64335) to work on /opt/anaconda3/envs/PyTorch/lib/python3.11/site-packages/airflow/example_dags/example_inlet_event_extra.py
[2025-01-15T13:21:53.632+0800] {processor.py:914} INFO - Processing file /opt/anaconda3/envs/PyTorch/lib/python3.11/site-packages/airflow/example_dags/example_inlet_event_extra.py for tasks to queue
[2025-01-15T13:21:53.632+0800] {logging_mixin.py:190} INFO - [2025-01-15T13:21:53.632+0800] {dagbag.py:588} INFO - Filling up the DagBag from /opt/anaconda3/envs/PyTorch/lib/python3.11/site-packages/airflow/example_dags/example_inlet_event_extra.py
[2025-01-15T13:21:53.675+0800] {processor.py:925} INFO - DAG(s) 'read_dataset_event_from_classic', 'read_dataset_event' retrieved from /opt/anaconda3/envs/PyTorch/lib/python3.11/site-packages/airflow/example_dags/example_inlet_event_extra.py
[2025-01-15T13:21:53.751+0800] {logging_mixin.py:190} INFO - [2025-01-15T13:21:53.751+0800] {dag.py:3239} INFO - Sync 2 DAGs
[2025-01-15T13:21:53.758+0800] {logging_mixin.py:190} INFO - [2025-01-15T13:21:53.758+0800] {dag.py:4180} INFO - Setting next_dagrun for read_dataset_event to 2025-01-14 00:00:00+00:00, run_after=2025-01-15 00:00:00+00:00
[2025-01-15T13:21:53.760+0800] {logging_mixin.py:190} INFO - [2025-01-15T13:21:53.760+0800] {dag.py:4180} INFO - Setting next_dagrun for read_dataset_event_from_classic to 2025-01-14 00:00:00+00:00, run_after=2025-01-15 00:00:00+00:00
[2025-01-15T13:21:53.766+0800] {processor.py:208} INFO - Processing /opt/anaconda3/envs/PyTorch/lib/python3.11/site-packages/airflow/example_dags/example_inlet_event_extra.py took 0.137 seconds
[2025-01-15T13:24:59.367+0800] {processor.py:186} INFO - Started process (PID=65997) to work on /opt/anaconda3/envs/PyTorch/lib/python3.11/site-packages/airflow/example_dags/example_inlet_event_extra.py
[2025-01-15T13:24:59.367+0800] {processor.py:914} INFO - Processing file /opt/anaconda3/envs/PyTorch/lib/python3.11/site-packages/airflow/example_dags/example_inlet_event_extra.py for tasks to queue
[2025-01-15T13:24:59.368+0800] {logging_mixin.py:190} INFO - [2025-01-15T13:24:59.368+0800] {dagbag.py:588} INFO - Filling up the DagBag from /opt/anaconda3/envs/PyTorch/lib/python3.11/site-packages/airflow/example_dags/example_inlet_event_extra.py
[2025-01-15T13:24:59.413+0800] {processor.py:925} INFO - DAG(s) 'read_dataset_event_from_classic', 'read_dataset_event' retrieved from /opt/anaconda3/envs/PyTorch/lib/python3.11/site-packages/airflow/example_dags/example_inlet_event_extra.py
[2025-01-15T13:24:59.487+0800] {logging_mixin.py:190} INFO - [2025-01-15T13:24:59.487+0800] {dag.py:3239} INFO - Sync 2 DAGs
[2025-01-15T13:24:59.493+0800] {logging_mixin.py:190} INFO - [2025-01-15T13:24:59.493+0800] {dag.py:4180} INFO - Setting next_dagrun for read_dataset_event to 2025-01-14 00:00:00+00:00, run_after=2025-01-15 00:00:00+00:00
[2025-01-15T13:24:59.495+0800] {logging_mixin.py:190} INFO - [2025-01-15T13:24:59.495+0800] {dag.py:4180} INFO - Setting next_dagrun for read_dataset_event_from_classic to 2025-01-14 00:00:00+00:00, run_after=2025-01-15 00:00:00+00:00
[2025-01-15T13:24:59.501+0800] {processor.py:208} INFO - Processing /opt/anaconda3/envs/PyTorch/lib/python3.11/site-packages/airflow/example_dags/example_inlet_event_extra.py took 0.137 seconds
[2025-01-15T13:28:02.434+0800] {processor.py:186} INFO - Started process (PID=67593) to work on /opt/anaconda3/envs/PyTorch/lib/python3.11/site-packages/airflow/example_dags/example_inlet_event_extra.py
[2025-01-15T13:28:02.435+0800] {processor.py:914} INFO - Processing file /opt/anaconda3/envs/PyTorch/lib/python3.11/site-packages/airflow/example_dags/example_inlet_event_extra.py for tasks to queue
[2025-01-15T13:28:02.436+0800] {logging_mixin.py:190} INFO - [2025-01-15T13:28:02.436+0800] {dagbag.py:588} INFO - Filling up the DagBag from /opt/anaconda3/envs/PyTorch/lib/python3.11/site-packages/airflow/example_dags/example_inlet_event_extra.py
[2025-01-15T13:28:02.480+0800] {processor.py:925} INFO - DAG(s) 'read_dataset_event', 'read_dataset_event_from_classic' retrieved from /opt/anaconda3/envs/PyTorch/lib/python3.11/site-packages/airflow/example_dags/example_inlet_event_extra.py
[2025-01-15T13:28:02.556+0800] {logging_mixin.py:190} INFO - [2025-01-15T13:28:02.556+0800] {dag.py:3239} INFO - Sync 2 DAGs
[2025-01-15T13:28:02.564+0800] {logging_mixin.py:190} INFO - [2025-01-15T13:28:02.564+0800] {dag.py:4180} INFO - Setting next_dagrun for read_dataset_event to 2025-01-14 00:00:00+00:00, run_after=2025-01-15 00:00:00+00:00
[2025-01-15T13:28:02.566+0800] {logging_mixin.py:190} INFO - [2025-01-15T13:28:02.566+0800] {dag.py:4180} INFO - Setting next_dagrun for read_dataset_event_from_classic to 2025-01-14 00:00:00+00:00, run_after=2025-01-15 00:00:00+00:00
[2025-01-15T13:28:02.573+0800] {processor.py:208} INFO - Processing /opt/anaconda3/envs/PyTorch/lib/python3.11/site-packages/airflow/example_dags/example_inlet_event_extra.py took 0.141 seconds
[2025-01-15T13:31:11.606+0800] {processor.py:186} INFO - Started process (PID=69324) to work on /opt/anaconda3/envs/PyTorch/lib/python3.11/site-packages/airflow/example_dags/example_inlet_event_extra.py
[2025-01-15T13:31:11.607+0800] {processor.py:914} INFO - Processing file /opt/anaconda3/envs/PyTorch/lib/python3.11/site-packages/airflow/example_dags/example_inlet_event_extra.py for tasks to queue
[2025-01-15T13:31:11.608+0800] {logging_mixin.py:190} INFO - [2025-01-15T13:31:11.608+0800] {dagbag.py:588} INFO - Filling up the DagBag from /opt/anaconda3/envs/PyTorch/lib/python3.11/site-packages/airflow/example_dags/example_inlet_event_extra.py
[2025-01-15T13:31:11.653+0800] {processor.py:925} INFO - DAG(s) 'read_dataset_event_from_classic', 'read_dataset_event' retrieved from /opt/anaconda3/envs/PyTorch/lib/python3.11/site-packages/airflow/example_dags/example_inlet_event_extra.py
[2025-01-15T13:31:11.731+0800] {logging_mixin.py:190} INFO - [2025-01-15T13:31:11.731+0800] {dag.py:3239} INFO - Sync 2 DAGs
[2025-01-15T13:31:11.738+0800] {logging_mixin.py:190} INFO - [2025-01-15T13:31:11.738+0800] {dag.py:4180} INFO - Setting next_dagrun for read_dataset_event to 2025-01-14 00:00:00+00:00, run_after=2025-01-15 00:00:00+00:00
[2025-01-15T13:31:11.740+0800] {logging_mixin.py:190} INFO - [2025-01-15T13:31:11.740+0800] {dag.py:4180} INFO - Setting next_dagrun for read_dataset_event_from_classic to 2025-01-14 00:00:00+00:00, run_after=2025-01-15 00:00:00+00:00
[2025-01-15T13:31:11.746+0800] {processor.py:208} INFO - Processing /opt/anaconda3/envs/PyTorch/lib/python3.11/site-packages/airflow/example_dags/example_inlet_event_extra.py took 0.141 seconds
[2025-01-15T13:34:21.872+0800] {processor.py:186} INFO - Started process (PID=71028) to work on /opt/anaconda3/envs/PyTorch/lib/python3.11/site-packages/airflow/example_dags/example_inlet_event_extra.py
[2025-01-15T13:34:21.873+0800] {processor.py:914} INFO - Processing file /opt/anaconda3/envs/PyTorch/lib/python3.11/site-packages/airflow/example_dags/example_inlet_event_extra.py for tasks to queue
[2025-01-15T13:34:21.873+0800] {logging_mixin.py:190} INFO - [2025-01-15T13:34:21.873+0800] {dagbag.py:588} INFO - Filling up the DagBag from /opt/anaconda3/envs/PyTorch/lib/python3.11/site-packages/airflow/example_dags/example_inlet_event_extra.py
[2025-01-15T13:34:21.918+0800] {processor.py:925} INFO - DAG(s) 'read_dataset_event', 'read_dataset_event_from_classic' retrieved from /opt/anaconda3/envs/PyTorch/lib/python3.11/site-packages/airflow/example_dags/example_inlet_event_extra.py
[2025-01-15T13:34:21.991+0800] {logging_mixin.py:190} INFO - [2025-01-15T13:34:21.991+0800] {dag.py:3239} INFO - Sync 2 DAGs
[2025-01-15T13:34:21.998+0800] {logging_mixin.py:190} INFO - [2025-01-15T13:34:21.997+0800] {dag.py:4180} INFO - Setting next_dagrun for read_dataset_event to 2025-01-14 00:00:00+00:00, run_after=2025-01-15 00:00:00+00:00
[2025-01-15T13:34:22.000+0800] {logging_mixin.py:190} INFO - [2025-01-15T13:34:22.000+0800] {dag.py:4180} INFO - Setting next_dagrun for read_dataset_event_from_classic to 2025-01-14 00:00:00+00:00, run_after=2025-01-15 00:00:00+00:00
[2025-01-15T13:34:22.005+0800] {processor.py:208} INFO - Processing /opt/anaconda3/envs/PyTorch/lib/python3.11/site-packages/airflow/example_dags/example_inlet_event_extra.py took 0.135 seconds
[2025-01-15T13:37:30.435+0800] {processor.py:186} INFO - Started process (PID=72760) to work on /opt/anaconda3/envs/PyTorch/lib/python3.11/site-packages/airflow/example_dags/example_inlet_event_extra.py
[2025-01-15T13:37:30.436+0800] {processor.py:914} INFO - Processing file /opt/anaconda3/envs/PyTorch/lib/python3.11/site-packages/airflow/example_dags/example_inlet_event_extra.py for tasks to queue
[2025-01-15T13:37:30.437+0800] {logging_mixin.py:190} INFO - [2025-01-15T13:37:30.437+0800] {dagbag.py:588} INFO - Filling up the DagBag from /opt/anaconda3/envs/PyTorch/lib/python3.11/site-packages/airflow/example_dags/example_inlet_event_extra.py
[2025-01-15T13:37:30.483+0800] {processor.py:925} INFO - DAG(s) 'read_dataset_event_from_classic', 'read_dataset_event' retrieved from /opt/anaconda3/envs/PyTorch/lib/python3.11/site-packages/airflow/example_dags/example_inlet_event_extra.py
[2025-01-15T13:37:30.560+0800] {logging_mixin.py:190} INFO - [2025-01-15T13:37:30.559+0800] {dag.py:3239} INFO - Sync 2 DAGs
[2025-01-15T13:37:30.567+0800] {logging_mixin.py:190} INFO - [2025-01-15T13:37:30.567+0800] {dag.py:4180} INFO - Setting next_dagrun for read_dataset_event to 2025-01-14 00:00:00+00:00, run_after=2025-01-15 00:00:00+00:00
[2025-01-15T13:37:30.569+0800] {logging_mixin.py:190} INFO - [2025-01-15T13:37:30.569+0800] {dag.py:4180} INFO - Setting next_dagrun for read_dataset_event_from_classic to 2025-01-14 00:00:00+00:00, run_after=2025-01-15 00:00:00+00:00
[2025-01-15T13:37:30.575+0800] {processor.py:208} INFO - Processing /opt/anaconda3/envs/PyTorch/lib/python3.11/site-packages/airflow/example_dags/example_inlet_event_extra.py took 0.142 seconds
[2025-01-15T13:40:38.334+0800] {processor.py:186} INFO - Started process (PID=74523) to work on /opt/anaconda3/envs/PyTorch/lib/python3.11/site-packages/airflow/example_dags/example_inlet_event_extra.py
[2025-01-15T13:40:38.336+0800] {processor.py:914} INFO - Processing file /opt/anaconda3/envs/PyTorch/lib/python3.11/site-packages/airflow/example_dags/example_inlet_event_extra.py for tasks to queue
[2025-01-15T13:40:38.336+0800] {logging_mixin.py:190} INFO - [2025-01-15T13:40:38.336+0800] {dagbag.py:588} INFO - Filling up the DagBag from /opt/anaconda3/envs/PyTorch/lib/python3.11/site-packages/airflow/example_dags/example_inlet_event_extra.py
[2025-01-15T13:40:38.377+0800] {processor.py:925} INFO - DAG(s) 'read_dataset_event', 'read_dataset_event_from_classic' retrieved from /opt/anaconda3/envs/PyTorch/lib/python3.11/site-packages/airflow/example_dags/example_inlet_event_extra.py
[2025-01-15T13:40:38.450+0800] {logging_mixin.py:190} INFO - [2025-01-15T13:40:38.450+0800] {dag.py:3239} INFO - Sync 2 DAGs
[2025-01-15T13:40:38.457+0800] {logging_mixin.py:190} INFO - [2025-01-15T13:40:38.457+0800] {dag.py:4180} INFO - Setting next_dagrun for read_dataset_event to 2025-01-14 00:00:00+00:00, run_after=2025-01-15 00:00:00+00:00
[2025-01-15T13:40:38.459+0800] {logging_mixin.py:190} INFO - [2025-01-15T13:40:38.459+0800] {dag.py:4180} INFO - Setting next_dagrun for read_dataset_event_from_classic to 2025-01-14 00:00:00+00:00, run_after=2025-01-15 00:00:00+00:00
[2025-01-15T13:40:38.465+0800] {processor.py:208} INFO - Processing /opt/anaconda3/envs/PyTorch/lib/python3.11/site-packages/airflow/example_dags/example_inlet_event_extra.py took 0.132 seconds
[2025-01-15T13:43:39.620+0800] {processor.py:186} INFO - Started process (PID=76165) to work on /opt/anaconda3/envs/PyTorch/lib/python3.11/site-packages/airflow/example_dags/example_inlet_event_extra.py
[2025-01-15T13:43:39.622+0800] {processor.py:914} INFO - Processing file /opt/anaconda3/envs/PyTorch/lib/python3.11/site-packages/airflow/example_dags/example_inlet_event_extra.py for tasks to queue
[2025-01-15T13:43:39.622+0800] {logging_mixin.py:190} INFO - [2025-01-15T13:43:39.622+0800] {dagbag.py:588} INFO - Filling up the DagBag from /opt/anaconda3/envs/PyTorch/lib/python3.11/site-packages/airflow/example_dags/example_inlet_event_extra.py
[2025-01-15T13:43:39.664+0800] {processor.py:925} INFO - DAG(s) 'read_dataset_event', 'read_dataset_event_from_classic' retrieved from /opt/anaconda3/envs/PyTorch/lib/python3.11/site-packages/airflow/example_dags/example_inlet_event_extra.py
[2025-01-15T13:43:39.741+0800] {logging_mixin.py:190} INFO - [2025-01-15T13:43:39.741+0800] {dag.py:3239} INFO - Sync 2 DAGs
[2025-01-15T13:43:39.747+0800] {logging_mixin.py:190} INFO - [2025-01-15T13:43:39.747+0800] {dag.py:4180} INFO - Setting next_dagrun for read_dataset_event to 2025-01-14 00:00:00+00:00, run_after=2025-01-15 00:00:00+00:00
[2025-01-15T13:43:39.749+0800] {logging_mixin.py:190} INFO - [2025-01-15T13:43:39.749+0800] {dag.py:4180} INFO - Setting next_dagrun for read_dataset_event_from_classic to 2025-01-14 00:00:00+00:00, run_after=2025-01-15 00:00:00+00:00
[2025-01-15T13:43:39.755+0800] {processor.py:208} INFO - Processing /opt/anaconda3/envs/PyTorch/lib/python3.11/site-packages/airflow/example_dags/example_inlet_event_extra.py took 0.137 seconds
[2025-01-15T13:46:44.218+0800] {processor.py:186} INFO - Started process (PID=77961) to work on /opt/anaconda3/envs/PyTorch/lib/python3.11/site-packages/airflow/example_dags/example_inlet_event_extra.py
[2025-01-15T13:46:44.219+0800] {processor.py:914} INFO - Processing file /opt/anaconda3/envs/PyTorch/lib/python3.11/site-packages/airflow/example_dags/example_inlet_event_extra.py for tasks to queue
[2025-01-15T13:46:44.219+0800] {logging_mixin.py:190} INFO - [2025-01-15T13:46:44.219+0800] {dagbag.py:588} INFO - Filling up the DagBag from /opt/anaconda3/envs/PyTorch/lib/python3.11/site-packages/airflow/example_dags/example_inlet_event_extra.py
[2025-01-15T13:46:44.261+0800] {processor.py:925} INFO - DAG(s) 'read_dataset_event', 'read_dataset_event_from_classic' retrieved from /opt/anaconda3/envs/PyTorch/lib/python3.11/site-packages/airflow/example_dags/example_inlet_event_extra.py
[2025-01-15T13:46:44.336+0800] {logging_mixin.py:190} INFO - [2025-01-15T13:46:44.336+0800] {dag.py:3239} INFO - Sync 2 DAGs
[2025-01-15T13:46:44.343+0800] {logging_mixin.py:190} INFO - [2025-01-15T13:46:44.343+0800] {dag.py:4180} INFO - Setting next_dagrun for read_dataset_event to 2025-01-14 00:00:00+00:00, run_after=2025-01-15 00:00:00+00:00
[2025-01-15T13:46:44.345+0800] {logging_mixin.py:190} INFO - [2025-01-15T13:46:44.345+0800] {dag.py:4180} INFO - Setting next_dagrun for read_dataset_event_from_classic to 2025-01-14 00:00:00+00:00, run_after=2025-01-15 00:00:00+00:00
[2025-01-15T13:46:44.351+0800] {processor.py:208} INFO - Processing /opt/anaconda3/envs/PyTorch/lib/python3.11/site-packages/airflow/example_dags/example_inlet_event_extra.py took 0.135 seconds
[2025-01-15T13:49:50.665+0800] {processor.py:186} INFO - Started process (PID=79727) to work on /opt/anaconda3/envs/PyTorch/lib/python3.11/site-packages/airflow/example_dags/example_inlet_event_extra.py
[2025-01-15T13:49:50.665+0800] {processor.py:914} INFO - Processing file /opt/anaconda3/envs/PyTorch/lib/python3.11/site-packages/airflow/example_dags/example_inlet_event_extra.py for tasks to queue
[2025-01-15T13:49:50.666+0800] {logging_mixin.py:190} INFO - [2025-01-15T13:49:50.666+0800] {dagbag.py:588} INFO - Filling up the DagBag from /opt/anaconda3/envs/PyTorch/lib/python3.11/site-packages/airflow/example_dags/example_inlet_event_extra.py
[2025-01-15T13:49:50.720+0800] {processor.py:925} INFO - DAG(s) 'read_dataset_event_from_classic', 'read_dataset_event' retrieved from /opt/anaconda3/envs/PyTorch/lib/python3.11/site-packages/airflow/example_dags/example_inlet_event_extra.py
[2025-01-15T13:49:50.793+0800] {logging_mixin.py:190} INFO - [2025-01-15T13:49:50.793+0800] {dag.py:3239} INFO - Sync 2 DAGs
[2025-01-15T13:49:50.800+0800] {logging_mixin.py:190} INFO - [2025-01-15T13:49:50.800+0800] {dag.py:4180} INFO - Setting next_dagrun for read_dataset_event to 2025-01-14 00:00:00+00:00, run_after=2025-01-15 00:00:00+00:00
[2025-01-15T13:49:50.802+0800] {logging_mixin.py:190} INFO - [2025-01-15T13:49:50.802+0800] {dag.py:4180} INFO - Setting next_dagrun for read_dataset_event_from_classic to 2025-01-14 00:00:00+00:00, run_after=2025-01-15 00:00:00+00:00
[2025-01-15T13:49:50.807+0800] {processor.py:208} INFO - Processing /opt/anaconda3/envs/PyTorch/lib/python3.11/site-packages/airflow/example_dags/example_inlet_event_extra.py took 0.144 seconds
[2025-01-15T13:53:10.134+0800] {processor.py:186} INFO - Started process (PID=81585) to work on /opt/anaconda3/envs/PyTorch/lib/python3.11/site-packages/airflow/example_dags/example_inlet_event_extra.py
[2025-01-15T13:53:10.135+0800] {processor.py:914} INFO - Processing file /opt/anaconda3/envs/PyTorch/lib/python3.11/site-packages/airflow/example_dags/example_inlet_event_extra.py for tasks to queue
[2025-01-15T13:53:10.136+0800] {logging_mixin.py:190} INFO - [2025-01-15T13:53:10.136+0800] {dagbag.py:588} INFO - Filling up the DagBag from /opt/anaconda3/envs/PyTorch/lib/python3.11/site-packages/airflow/example_dags/example_inlet_event_extra.py
[2025-01-15T13:53:10.185+0800] {processor.py:925} INFO - DAG(s) 'read_dataset_event', 'read_dataset_event_from_classic' retrieved from /opt/anaconda3/envs/PyTorch/lib/python3.11/site-packages/airflow/example_dags/example_inlet_event_extra.py
[2025-01-15T13:53:10.272+0800] {logging_mixin.py:190} INFO - [2025-01-15T13:53:10.271+0800] {dag.py:3239} INFO - Sync 2 DAGs
[2025-01-15T13:53:10.280+0800] {logging_mixin.py:190} INFO - [2025-01-15T13:53:10.280+0800] {dag.py:4180} INFO - Setting next_dagrun for read_dataset_event to 2025-01-14 00:00:00+00:00, run_after=2025-01-15 00:00:00+00:00
[2025-01-15T13:53:10.283+0800] {logging_mixin.py:190} INFO - [2025-01-15T13:53:10.283+0800] {dag.py:4180} INFO - Setting next_dagrun for read_dataset_event_from_classic to 2025-01-14 00:00:00+00:00, run_after=2025-01-15 00:00:00+00:00
[2025-01-15T13:53:10.291+0800] {processor.py:208} INFO - Processing /opt/anaconda3/envs/PyTorch/lib/python3.11/site-packages/airflow/example_dags/example_inlet_event_extra.py took 0.159 seconds
[2025-01-15T13:57:10.129+0800] {processor.py:186} INFO - Started process (PID=83831) to work on /opt/anaconda3/envs/PyTorch/lib/python3.11/site-packages/airflow/example_dags/example_inlet_event_extra.py
[2025-01-15T13:57:10.131+0800] {processor.py:914} INFO - Processing file /opt/anaconda3/envs/PyTorch/lib/python3.11/site-packages/airflow/example_dags/example_inlet_event_extra.py for tasks to queue
[2025-01-15T13:57:10.131+0800] {logging_mixin.py:190} INFO - [2025-01-15T13:57:10.131+0800] {dagbag.py:588} INFO - Filling up the DagBag from /opt/anaconda3/envs/PyTorch/lib/python3.11/site-packages/airflow/example_dags/example_inlet_event_extra.py
[2025-01-15T13:57:10.176+0800] {processor.py:925} INFO - DAG(s) 'read_dataset_event', 'read_dataset_event_from_classic' retrieved from /opt/anaconda3/envs/PyTorch/lib/python3.11/site-packages/airflow/example_dags/example_inlet_event_extra.py
[2025-01-15T13:57:10.258+0800] {logging_mixin.py:190} INFO - [2025-01-15T13:57:10.258+0800] {dag.py:3239} INFO - Sync 2 DAGs
[2025-01-15T13:57:10.266+0800] {logging_mixin.py:190} INFO - [2025-01-15T13:57:10.265+0800] {dag.py:4180} INFO - Setting next_dagrun for read_dataset_event to 2025-01-14 00:00:00+00:00, run_after=2025-01-15 00:00:00+00:00
[2025-01-15T13:57:10.268+0800] {logging_mixin.py:190} INFO - [2025-01-15T13:57:10.268+0800] {dag.py:4180} INFO - Setting next_dagrun for read_dataset_event_from_classic to 2025-01-14 00:00:00+00:00, run_after=2025-01-15 00:00:00+00:00
[2025-01-15T13:57:10.274+0800] {processor.py:208} INFO - Processing /opt/anaconda3/envs/PyTorch/lib/python3.11/site-packages/airflow/example_dags/example_inlet_event_extra.py took 0.147 seconds
[2025-01-15T14:01:10.574+0800] {processor.py:186} INFO - Started process (PID=86199) to work on /opt/anaconda3/envs/PyTorch/lib/python3.11/site-packages/airflow/example_dags/example_inlet_event_extra.py
[2025-01-15T14:01:10.575+0800] {processor.py:914} INFO - Processing file /opt/anaconda3/envs/PyTorch/lib/python3.11/site-packages/airflow/example_dags/example_inlet_event_extra.py for tasks to queue
[2025-01-15T14:01:10.576+0800] {logging_mixin.py:190} INFO - [2025-01-15T14:01:10.576+0800] {dagbag.py:588} INFO - Filling up the DagBag from /opt/anaconda3/envs/PyTorch/lib/python3.11/site-packages/airflow/example_dags/example_inlet_event_extra.py
[2025-01-15T14:01:10.624+0800] {processor.py:925} INFO - DAG(s) 'read_dataset_event', 'read_dataset_event_from_classic' retrieved from /opt/anaconda3/envs/PyTorch/lib/python3.11/site-packages/airflow/example_dags/example_inlet_event_extra.py
[2025-01-15T14:01:10.702+0800] {logging_mixin.py:190} INFO - [2025-01-15T14:01:10.702+0800] {dag.py:3239} INFO - Sync 2 DAGs
[2025-01-15T14:01:10.709+0800] {logging_mixin.py:190} INFO - [2025-01-15T14:01:10.709+0800] {dag.py:4180} INFO - Setting next_dagrun for read_dataset_event to 2025-01-14 00:00:00+00:00, run_after=2025-01-15 00:00:00+00:00
[2025-01-15T14:01:10.712+0800] {logging_mixin.py:190} INFO - [2025-01-15T14:01:10.712+0800] {dag.py:4180} INFO - Setting next_dagrun for read_dataset_event_from_classic to 2025-01-14 00:00:00+00:00, run_after=2025-01-15 00:00:00+00:00
[2025-01-15T14:01:10.718+0800] {processor.py:208} INFO - Processing /opt/anaconda3/envs/PyTorch/lib/python3.11/site-packages/airflow/example_dags/example_inlet_event_extra.py took 0.145 seconds
[2025-01-15T14:04:45.714+0800] {processor.py:186} INFO - Started process (PID=88215) to work on /opt/anaconda3/envs/PyTorch/lib/python3.11/site-packages/airflow/example_dags/example_inlet_event_extra.py
[2025-01-15T14:04:45.715+0800] {processor.py:914} INFO - Processing file /opt/anaconda3/envs/PyTorch/lib/python3.11/site-packages/airflow/example_dags/example_inlet_event_extra.py for tasks to queue
[2025-01-15T14:04:45.715+0800] {logging_mixin.py:190} INFO - [2025-01-15T14:04:45.715+0800] {dagbag.py:588} INFO - Filling up the DagBag from /opt/anaconda3/envs/PyTorch/lib/python3.11/site-packages/airflow/example_dags/example_inlet_event_extra.py
[2025-01-15T14:04:45.758+0800] {processor.py:925} INFO - DAG(s) 'read_dataset_event', 'read_dataset_event_from_classic' retrieved from /opt/anaconda3/envs/PyTorch/lib/python3.11/site-packages/airflow/example_dags/example_inlet_event_extra.py
[2025-01-15T14:04:45.832+0800] {logging_mixin.py:190} INFO - [2025-01-15T14:04:45.831+0800] {dag.py:3239} INFO - Sync 2 DAGs
[2025-01-15T14:04:45.839+0800] {logging_mixin.py:190} INFO - [2025-01-15T14:04:45.839+0800] {dag.py:4180} INFO - Setting next_dagrun for read_dataset_event to 2025-01-14 00:00:00+00:00, run_after=2025-01-15 00:00:00+00:00
[2025-01-15T14:04:45.842+0800] {logging_mixin.py:190} INFO - [2025-01-15T14:04:45.842+0800] {dag.py:4180} INFO - Setting next_dagrun for read_dataset_event_from_classic to 2025-01-14 00:00:00+00:00, run_after=2025-01-15 00:00:00+00:00
[2025-01-15T14:04:45.848+0800] {processor.py:208} INFO - Processing /opt/anaconda3/envs/PyTorch/lib/python3.11/site-packages/airflow/example_dags/example_inlet_event_extra.py took 0.137 seconds
[2025-01-15T14:08:50.232+0800] {processor.py:186} INFO - Started process (PID=90562) to work on /opt/anaconda3/envs/PyTorch/lib/python3.11/site-packages/airflow/example_dags/example_inlet_event_extra.py
[2025-01-15T14:08:50.233+0800] {processor.py:914} INFO - Processing file /opt/anaconda3/envs/PyTorch/lib/python3.11/site-packages/airflow/example_dags/example_inlet_event_extra.py for tasks to queue
[2025-01-15T14:08:50.234+0800] {logging_mixin.py:190} INFO - [2025-01-15T14:08:50.234+0800] {dagbag.py:588} INFO - Filling up the DagBag from /opt/anaconda3/envs/PyTorch/lib/python3.11/site-packages/airflow/example_dags/example_inlet_event_extra.py
[2025-01-15T14:08:50.274+0800] {processor.py:925} INFO - DAG(s) 'read_dataset_event', 'read_dataset_event_from_classic' retrieved from /opt/anaconda3/envs/PyTorch/lib/python3.11/site-packages/airflow/example_dags/example_inlet_event_extra.py
[2025-01-15T14:08:50.347+0800] {logging_mixin.py:190} INFO - [2025-01-15T14:08:50.347+0800] {dag.py:3239} INFO - Sync 2 DAGs
[2025-01-15T14:08:50.354+0800] {logging_mixin.py:190} INFO - [2025-01-15T14:08:50.354+0800] {dag.py:4180} INFO - Setting next_dagrun for read_dataset_event to 2025-01-14 00:00:00+00:00, run_after=2025-01-15 00:00:00+00:00
[2025-01-15T14:08:50.356+0800] {logging_mixin.py:190} INFO - [2025-01-15T14:08:50.356+0800] {dag.py:4180} INFO - Setting next_dagrun for read_dataset_event_from_classic to 2025-01-14 00:00:00+00:00, run_after=2025-01-15 00:00:00+00:00
[2025-01-15T14:08:50.362+0800] {processor.py:208} INFO - Processing /opt/anaconda3/envs/PyTorch/lib/python3.11/site-packages/airflow/example_dags/example_inlet_event_extra.py took 0.132 seconds
[2025-01-15T14:12:44.918+0800] {processor.py:186} INFO - Started process (PID=92711) to work on /opt/anaconda3/envs/PyTorch/lib/python3.11/site-packages/airflow/example_dags/example_inlet_event_extra.py
[2025-01-15T14:12:44.920+0800] {processor.py:914} INFO - Processing file /opt/anaconda3/envs/PyTorch/lib/python3.11/site-packages/airflow/example_dags/example_inlet_event_extra.py for tasks to queue
[2025-01-15T14:12:44.920+0800] {logging_mixin.py:190} INFO - [2025-01-15T14:12:44.920+0800] {dagbag.py:588} INFO - Filling up the DagBag from /opt/anaconda3/envs/PyTorch/lib/python3.11/site-packages/airflow/example_dags/example_inlet_event_extra.py
[2025-01-15T14:12:44.962+0800] {processor.py:925} INFO - DAG(s) 'read_dataset_event_from_classic', 'read_dataset_event' retrieved from /opt/anaconda3/envs/PyTorch/lib/python3.11/site-packages/airflow/example_dags/example_inlet_event_extra.py
[2025-01-15T14:12:45.040+0800] {logging_mixin.py:190} INFO - [2025-01-15T14:12:45.040+0800] {dag.py:3239} INFO - Sync 2 DAGs
[2025-01-15T14:12:45.047+0800] {logging_mixin.py:190} INFO - [2025-01-15T14:12:45.047+0800] {dag.py:4180} INFO - Setting next_dagrun for read_dataset_event to 2025-01-14 00:00:00+00:00, run_after=2025-01-15 00:00:00+00:00
[2025-01-15T14:12:45.049+0800] {logging_mixin.py:190} INFO - [2025-01-15T14:12:45.049+0800] {dag.py:4180} INFO - Setting next_dagrun for read_dataset_event_from_classic to 2025-01-14 00:00:00+00:00, run_after=2025-01-15 00:00:00+00:00
[2025-01-15T14:12:45.055+0800] {processor.py:208} INFO - Processing /opt/anaconda3/envs/PyTorch/lib/python3.11/site-packages/airflow/example_dags/example_inlet_event_extra.py took 0.139 seconds
[2025-01-15T14:16:28.608+0800] {processor.py:186} INFO - Started process (PID=94890) to work on /opt/anaconda3/envs/PyTorch/lib/python3.11/site-packages/airflow/example_dags/example_inlet_event_extra.py
[2025-01-15T14:16:28.608+0800] {processor.py:914} INFO - Processing file /opt/anaconda3/envs/PyTorch/lib/python3.11/site-packages/airflow/example_dags/example_inlet_event_extra.py for tasks to queue
[2025-01-15T14:16:28.609+0800] {logging_mixin.py:190} INFO - [2025-01-15T14:16:28.609+0800] {dagbag.py:588} INFO - Filling up the DagBag from /opt/anaconda3/envs/PyTorch/lib/python3.11/site-packages/airflow/example_dags/example_inlet_event_extra.py
[2025-01-15T14:16:28.662+0800] {processor.py:925} INFO - DAG(s) 'read_dataset_event', 'read_dataset_event_from_classic' retrieved from /opt/anaconda3/envs/PyTorch/lib/python3.11/site-packages/airflow/example_dags/example_inlet_event_extra.py
[2025-01-15T14:16:28.741+0800] {logging_mixin.py:190} INFO - [2025-01-15T14:16:28.740+0800] {dag.py:3239} INFO - Sync 2 DAGs
[2025-01-15T14:16:28.748+0800] {logging_mixin.py:190} INFO - [2025-01-15T14:16:28.747+0800] {dag.py:4180} INFO - Setting next_dagrun for read_dataset_event to 2025-01-14 00:00:00+00:00, run_after=2025-01-15 00:00:00+00:00
[2025-01-15T14:16:28.750+0800] {logging_mixin.py:190} INFO - [2025-01-15T14:16:28.750+0800] {dag.py:4180} INFO - Setting next_dagrun for read_dataset_event_from_classic to 2025-01-14 00:00:00+00:00, run_after=2025-01-15 00:00:00+00:00
[2025-01-15T14:16:28.756+0800] {processor.py:208} INFO - Processing /opt/anaconda3/envs/PyTorch/lib/python3.11/site-packages/airflow/example_dags/example_inlet_event_extra.py took 0.150 seconds
[2025-01-15T14:20:20.721+0800] {processor.py:186} INFO - Started process (PID=96992) to work on /opt/anaconda3/envs/PyTorch/lib/python3.11/site-packages/airflow/example_dags/example_inlet_event_extra.py
[2025-01-15T14:20:20.723+0800] {processor.py:914} INFO - Processing file /opt/anaconda3/envs/PyTorch/lib/python3.11/site-packages/airflow/example_dags/example_inlet_event_extra.py for tasks to queue
[2025-01-15T14:20:20.723+0800] {logging_mixin.py:190} INFO - [2025-01-15T14:20:20.723+0800] {dagbag.py:588} INFO - Filling up the DagBag from /opt/anaconda3/envs/PyTorch/lib/python3.11/site-packages/airflow/example_dags/example_inlet_event_extra.py
[2025-01-15T14:20:20.760+0800] {processor.py:925} INFO - DAG(s) 'read_dataset_event', 'read_dataset_event_from_classic' retrieved from /opt/anaconda3/envs/PyTorch/lib/python3.11/site-packages/airflow/example_dags/example_inlet_event_extra.py
[2025-01-15T14:20:20.831+0800] {logging_mixin.py:190} INFO - [2025-01-15T14:20:20.831+0800] {dag.py:3239} INFO - Sync 2 DAGs
[2025-01-15T14:20:20.838+0800] {logging_mixin.py:190} INFO - [2025-01-15T14:20:20.838+0800] {dag.py:4180} INFO - Setting next_dagrun for read_dataset_event to 2025-01-14 00:00:00+00:00, run_after=2025-01-15 00:00:00+00:00
[2025-01-15T14:20:20.840+0800] {logging_mixin.py:190} INFO - [2025-01-15T14:20:20.840+0800] {dag.py:4180} INFO - Setting next_dagrun for read_dataset_event_from_classic to 2025-01-14 00:00:00+00:00, run_after=2025-01-15 00:00:00+00:00
[2025-01-15T14:20:20.845+0800] {processor.py:208} INFO - Processing /opt/anaconda3/envs/PyTorch/lib/python3.11/site-packages/airflow/example_dags/example_inlet_event_extra.py took 0.126 seconds
[2025-01-15T14:24:02.538+0800] {processor.py:186} INFO - Started process (PID=99012) to work on /opt/anaconda3/envs/PyTorch/lib/python3.11/site-packages/airflow/example_dags/example_inlet_event_extra.py
[2025-01-15T14:24:02.539+0800] {processor.py:914} INFO - Processing file /opt/anaconda3/envs/PyTorch/lib/python3.11/site-packages/airflow/example_dags/example_inlet_event_extra.py for tasks to queue
[2025-01-15T14:24:02.540+0800] {logging_mixin.py:190} INFO - [2025-01-15T14:24:02.540+0800] {dagbag.py:588} INFO - Filling up the DagBag from /opt/anaconda3/envs/PyTorch/lib/python3.11/site-packages/airflow/example_dags/example_inlet_event_extra.py
[2025-01-15T14:24:02.596+0800] {processor.py:925} INFO - DAG(s) 'read_dataset_event', 'read_dataset_event_from_classic' retrieved from /opt/anaconda3/envs/PyTorch/lib/python3.11/site-packages/airflow/example_dags/example_inlet_event_extra.py
[2025-01-15T14:24:02.673+0800] {logging_mixin.py:190} INFO - [2025-01-15T14:24:02.673+0800] {dag.py:3239} INFO - Sync 2 DAGs
[2025-01-15T14:24:02.679+0800] {logging_mixin.py:190} INFO - [2025-01-15T14:24:02.679+0800] {dag.py:4180} INFO - Setting next_dagrun for read_dataset_event to 2025-01-14 00:00:00+00:00, run_after=2025-01-15 00:00:00+00:00
[2025-01-15T14:24:02.681+0800] {logging_mixin.py:190} INFO - [2025-01-15T14:24:02.681+0800] {dag.py:4180} INFO - Setting next_dagrun for read_dataset_event_from_classic to 2025-01-14 00:00:00+00:00, run_after=2025-01-15 00:00:00+00:00
[2025-01-15T14:24:02.687+0800] {processor.py:208} INFO - Processing /opt/anaconda3/envs/PyTorch/lib/python3.11/site-packages/airflow/example_dags/example_inlet_event_extra.py took 0.150 seconds
[2025-01-15T14:27:50.629+0800] {processor.py:186} INFO - Started process (PID=1494) to work on /opt/anaconda3/envs/PyTorch/lib/python3.11/site-packages/airflow/example_dags/example_inlet_event_extra.py
[2025-01-15T14:27:50.630+0800] {processor.py:914} INFO - Processing file /opt/anaconda3/envs/PyTorch/lib/python3.11/site-packages/airflow/example_dags/example_inlet_event_extra.py for tasks to queue
[2025-01-15T14:27:50.631+0800] {logging_mixin.py:190} INFO - [2025-01-15T14:27:50.631+0800] {dagbag.py:588} INFO - Filling up the DagBag from /opt/anaconda3/envs/PyTorch/lib/python3.11/site-packages/airflow/example_dags/example_inlet_event_extra.py
[2025-01-15T14:27:50.674+0800] {processor.py:925} INFO - DAG(s) 'read_dataset_event', 'read_dataset_event_from_classic' retrieved from /opt/anaconda3/envs/PyTorch/lib/python3.11/site-packages/airflow/example_dags/example_inlet_event_extra.py
[2025-01-15T14:27:50.753+0800] {logging_mixin.py:190} INFO - [2025-01-15T14:27:50.753+0800] {dag.py:3239} INFO - Sync 2 DAGs
[2025-01-15T14:27:50.760+0800] {logging_mixin.py:190} INFO - [2025-01-15T14:27:50.760+0800] {dag.py:4180} INFO - Setting next_dagrun for read_dataset_event to 2025-01-14 00:00:00+00:00, run_after=2025-01-15 00:00:00+00:00
[2025-01-15T14:27:50.762+0800] {logging_mixin.py:190} INFO - [2025-01-15T14:27:50.762+0800] {dag.py:4180} INFO - Setting next_dagrun for read_dataset_event_from_classic to 2025-01-14 00:00:00+00:00, run_after=2025-01-15 00:00:00+00:00
[2025-01-15T14:27:50.768+0800] {processor.py:208} INFO - Processing /opt/anaconda3/envs/PyTorch/lib/python3.11/site-packages/airflow/example_dags/example_inlet_event_extra.py took 0.141 seconds
