[2025-01-15T14:06:44.770+0800] {local_task_job_runner.py:123} INFO - ::group::Pre task execution logs
[2025-01-15T14:06:44.786+0800] {taskinstance.py:2613} INFO - Dependencies all met for dep_context=non-requeueable deps ti=<TaskInstance: Demo-ML-Pipeline.Model_Training manual__2025-01-15T05:56:22.584452+00:00 [queued]>
[2025-01-15T14:06:44.788+0800] {taskinstance.py:2613} INFO - Dependencies all met for dep_context=requeueable deps ti=<TaskInstance: Demo-ML-Pipeline.Model_Training manual__2025-01-15T05:56:22.584452+00:00 [queued]>
[2025-01-15T14:06:44.788+0800] {taskinstance.py:2866} INFO - Starting attempt 3 of 4
[2025-01-15T14:06:44.793+0800] {taskinstance.py:2889} INFO - Executing <Task(BashOperator): Model_Training> on 2025-01-15 05:56:22.584452+00:00
[2025-01-15T14:06:44.798+0800] {standard_task_runner.py:72} INFO - Started process 89382 to run task
[2025-01-15T14:06:44.806+0800] {standard_task_runner.py:104} INFO - Running: ['airflow', 'tasks', 'run', 'Demo-ML-Pipeline', 'Model_Training', 'manual__2025-01-15T05:56:22.584452+00:00', '--job-id', '49', '--raw', '--subdir', 'DAGS_FOLDER/Machine Learning (ML) Pipeline Using Apache Airflow.py', '--cfg-path', '/var/folders/cq/4mg9fv0s5x728btk12fdv1v80000gn/T/tmp56bgr3dq']
[2025-01-15T14:06:44.807+0800] {standard_task_runner.py:105} INFO - Job 49: Subtask Model_Training
[2025-01-15T14:06:44.835+0800] {task_command.py:467} INFO - Running <TaskInstance: Demo-ML-Pipeline.Model_Training manual__2025-01-15T05:56:22.584452+00:00 [running]> on host 1.0.0.0.0.0.0.0.0.0.0.0.0.0.0.0.0.0.0.0.0.0.0.0.0.0.0.0.0.0.0.0.ip6.arpa
[2025-01-15T14:06:44.862+0800] {taskinstance.py:3132} INFO - Exporting env vars: AIRFLOW_CTX_DAG_EMAIL='edwin.spartan117@yahoo.com.sg' AIRFLOW_CTX_DAG_OWNER='airflow' AIRFLOW_CTX_DAG_ID='Demo-ML-Pipeline' AIRFLOW_CTX_TASK_ID='Model_Training' AIRFLOW_CTX_EXECUTION_DATE='2025-01-15T05:56:22.584452+00:00' AIRFLOW_CTX_TRY_NUMBER='3' AIRFLOW_CTX_DAG_RUN_ID='manual__2025-01-15T05:56:22.584452+00:00'
[2025-01-15T14:06:44.863+0800] {logging_mixin.py:190} INFO - Task instance is in running state
[2025-01-15T14:06:44.864+0800] {logging_mixin.py:190} INFO -  Previous state of the Task instance: queued
[2025-01-15T14:06:44.864+0800] {logging_mixin.py:190} INFO - Current task name:Model_Training state:running start_date:2025-01-15 06:06:44.786502+00:00
[2025-01-15T14:06:44.865+0800] {logging_mixin.py:190} INFO - Dag name:Demo-ML-Pipeline and current dag run status:running
[2025-01-15T14:06:44.865+0800] {taskinstance.py:731} INFO - ::endgroup::
[2025-01-15T14:06:44.866+0800] {subprocess.py:78} INFO - Tmp dir root location: /var/folders/cq/4mg9fv0s5x728btk12fdv1v80000gn/T
[2025-01-15T14:06:44.866+0800] {subprocess.py:88} INFO - Running command: ['/bin/bash', '-c', 'python3 "/Users/edwinjosiahgoh95/airflow/DAGs/Stages/train.py"']
[2025-01-15T14:06:44.875+0800] {subprocess.py:99} INFO - Output:
[2025-01-15T14:06:45.768+0800] {subprocess.py:110} INFO - Command exited with return code 0
[2025-01-15T14:06:45.777+0800] {taskinstance.py:340} INFO - ::group::Post task execution logs
[2025-01-15T14:06:45.778+0800] {taskinstance.py:352} INFO - Marking task as SUCCESS. dag_id=Demo-ML-Pipeline, task_id=Model_Training, run_id=manual__2025-01-15T05:56:22.584452+00:00, execution_date=20250115T055622, start_date=20250115T060644, end_date=20250115T060645
[2025-01-15T14:06:45.782+0800] {logging_mixin.py:190} INFO - Task instance in success state
[2025-01-15T14:06:45.783+0800] {logging_mixin.py:190} INFO -  Previous state of the Task instance: running
[2025-01-15T14:06:45.783+0800] {logging_mixin.py:190} INFO - Dag name:Demo-ML-Pipeline queued_at:2025-01-15 05:56:22.596324+00:00
[2025-01-15T14:06:45.783+0800] {logging_mixin.py:190} INFO - Task hostname:1.0.0.0.0.0.0.0.0.0.0.0.0.0.0.0.0.0.0.0.0.0.0.0.0.0.0.0.0.0.0.0.ip6.arpa operator:BashOperator
[2025-01-15T14:06:45.796+0800] {local_task_job_runner.py:266} INFO - Task exited with return code 0
[2025-01-15T14:06:45.802+0800] {taskinstance.py:3895} INFO - 0 downstream tasks scheduled from follow-on schedule check
[2025-01-15T14:06:45.803+0800] {local_task_job_runner.py:245} INFO - ::endgroup::
