[2025-01-15T13:56:31.228+0800] {local_task_job_runner.py:123} INFO - ::group::Pre task execution logs
[2025-01-15T13:56:31.243+0800] {taskinstance.py:2613} INFO - Dependencies all met for dep_context=non-requeueable deps ti=<TaskInstance: Demo-ML-Pipeline.Source_2_Data_Collection manual__2025-01-15T05:56:22.584452+00:00 [queued]>
[2025-01-15T13:56:31.245+0800] {taskinstance.py:2613} INFO - Dependencies all met for dep_context=requeueable deps ti=<TaskInstance: Demo-ML-Pipeline.Source_2_Data_Collection manual__2025-01-15T05:56:22.584452+00:00 [queued]>
[2025-01-15T13:56:31.245+0800] {taskinstance.py:2866} INFO - Starting attempt 1 of 4
[2025-01-15T13:56:31.250+0800] {taskinstance.py:2889} INFO - Executing <Task(BashOperator): Source_2_Data_Collection> on 2025-01-15 05:56:22.584452+00:00
[2025-01-15T13:56:31.254+0800] {standard_task_runner.py:72} INFO - Started process 83497 to run task
[2025-01-15T13:56:31.258+0800] {standard_task_runner.py:104} INFO - Running: ['airflow', 'tasks', 'run', 'Demo-ML-Pipeline', 'Source_2_Data_Collection', 'manual__2025-01-15T05:56:22.584452+00:00', '--job-id', '20', '--raw', '--subdir', 'DAGS_FOLDER/Machine Learning (ML) Pipeline Using Apache Airflow.py', '--cfg-path', '/var/folders/cq/4mg9fv0s5x728btk12fdv1v80000gn/T/tmpfu5yx5a6']
[2025-01-15T13:56:31.259+0800] {standard_task_runner.py:105} INFO - Job 20: Subtask Source_2_Data_Collection
[2025-01-15T13:56:31.281+0800] {task_command.py:467} INFO - Running <TaskInstance: Demo-ML-Pipeline.Source_2_Data_Collection manual__2025-01-15T05:56:22.584452+00:00 [running]> on host 1.0.0.0.0.0.0.0.0.0.0.0.0.0.0.0.0.0.0.0.0.0.0.0.0.0.0.0.0.0.0.0.ip6.arpa
[2025-01-15T13:56:31.302+0800] {taskinstance.py:3132} INFO - Exporting env vars: AIRFLOW_CTX_DAG_EMAIL='edwin.spartan117@yahoo.com.sg' AIRFLOW_CTX_DAG_OWNER='airflow' AIRFLOW_CTX_DAG_ID='Demo-ML-Pipeline' AIRFLOW_CTX_TASK_ID='Source_2_Data_Collection' AIRFLOW_CTX_EXECUTION_DATE='2025-01-15T05:56:22.584452+00:00' AIRFLOW_CTX_TRY_NUMBER='1' AIRFLOW_CTX_DAG_RUN_ID='manual__2025-01-15T05:56:22.584452+00:00'
[2025-01-15T13:56:31.302+0800] {logging_mixin.py:190} INFO - Task instance is in running state
[2025-01-15T13:56:31.303+0800] {logging_mixin.py:190} INFO -  Previous state of the Task instance: queued
[2025-01-15T13:56:31.303+0800] {logging_mixin.py:190} INFO - Current task name:Source_2_Data_Collection state:running start_date:2025-01-15 05:56:31.243397+00:00
[2025-01-15T13:56:31.303+0800] {logging_mixin.py:190} INFO - Dag name:Demo-ML-Pipeline and current dag run status:running
[2025-01-15T13:56:31.303+0800] {taskinstance.py:731} INFO - ::endgroup::
[2025-01-15T13:56:31.304+0800] {subprocess.py:78} INFO - Tmp dir root location: /var/folders/cq/4mg9fv0s5x728btk12fdv1v80000gn/T
[2025-01-15T13:56:31.304+0800] {subprocess.py:88} INFO - Running command: ['/bin/bash', '-c', 'python3 "/Users/edwinjosiahgoh95/airflow/DAGs/Stages/Data Collector - Source 2.py"']
[2025-01-15T13:56:31.309+0800] {subprocess.py:99} INFO - Output:
[2025-01-15T13:56:31.622+0800] {subprocess.py:110} INFO - Command exited with return code 0
[2025-01-15T13:56:31.632+0800] {taskinstance.py:340} INFO - ::group::Post task execution logs
[2025-01-15T13:56:31.632+0800] {taskinstance.py:352} INFO - Marking task as SUCCESS. dag_id=Demo-ML-Pipeline, task_id=Source_2_Data_Collection, run_id=manual__2025-01-15T05:56:22.584452+00:00, execution_date=20250115T055622, start_date=20250115T055631, end_date=20250115T055631
[2025-01-15T13:56:31.635+0800] {logging_mixin.py:190} INFO - Task instance in success state
[2025-01-15T13:56:31.635+0800] {logging_mixin.py:190} INFO -  Previous state of the Task instance: running
[2025-01-15T13:56:31.635+0800] {logging_mixin.py:190} INFO - Dag name:Demo-ML-Pipeline queued_at:2025-01-15 05:56:22.596324+00:00
[2025-01-15T13:56:31.635+0800] {logging_mixin.py:190} INFO - Task hostname:1.0.0.0.0.0.0.0.0.0.0.0.0.0.0.0.0.0.0.0.0.0.0.0.0.0.0.0.0.0.0.0.ip6.arpa operator:BashOperator
[2025-01-15T13:56:31.677+0800] {local_task_job_runner.py:266} INFO - Task exited with return code 0
[2025-01-15T13:56:31.686+0800] {taskinstance.py:3895} INFO - 1 downstream tasks scheduled from follow-on schedule check
[2025-01-15T13:56:31.687+0800] {local_task_job_runner.py:245} INFO - ::endgroup::
