[2025-01-15T13:55:13.974+0800] {local_task_job_runner.py:123} INFO - ::group::Pre task execution logs
[2025-01-15T13:55:13.987+0800] {taskinstance.py:2613} INFO - Dependencies all met for dep_context=non-requeueable deps ti=<TaskInstance: Demo-ML-Pipeline.Combining_Data_From_Different_Sources scheduled__2025-01-15T05:50:00+00:00 [queued]>
[2025-01-15T13:55:13.990+0800] {taskinstance.py:2613} INFO - Dependencies all met for dep_context=requeueable deps ti=<TaskInstance: Demo-ML-Pipeline.Combining_Data_From_Different_Sources scheduled__2025-01-15T05:50:00+00:00 [queued]>
[2025-01-15T13:55:13.990+0800] {taskinstance.py:2866} INFO - Starting attempt 1 of 4
[2025-01-15T13:55:13.995+0800] {taskinstance.py:2889} INFO - Executing <Task(BashOperator): Combining_Data_From_Different_Sources> on 2025-01-15 05:50:00+00:00
[2025-01-15T13:55:14.000+0800] {standard_task_runner.py:72} INFO - Started process 82725 to run task
[2025-01-15T13:55:14.004+0800] {standard_task_runner.py:104} INFO - Running: ['airflow', 'tasks', 'run', 'Demo-ML-Pipeline', 'Combining_Data_From_Different_Sources', 'scheduled__2025-01-15T05:50:00+00:00', '--job-id', '17', '--raw', '--subdir', 'DAGS_FOLDER/Machine Learning (ML) Pipeline Using Apache Airflow.py', '--cfg-path', '/var/folders/cq/4mg9fv0s5x728btk12fdv1v80000gn/T/tmpwt7xrrdz']
[2025-01-15T13:55:14.005+0800] {standard_task_runner.py:105} INFO - Job 17: Subtask Combining_Data_From_Different_Sources
[2025-01-15T13:55:14.029+0800] {task_command.py:467} INFO - Running <TaskInstance: Demo-ML-Pipeline.Combining_Data_From_Different_Sources scheduled__2025-01-15T05:50:00+00:00 [running]> on host 1.0.0.0.0.0.0.0.0.0.0.0.0.0.0.0.0.0.0.0.0.0.0.0.0.0.0.0.0.0.0.0.ip6.arpa
[2025-01-15T13:55:14.054+0800] {taskinstance.py:3132} INFO - Exporting env vars: AIRFLOW_CTX_DAG_EMAIL='edwin.spartan117@yahoo.com.sg' AIRFLOW_CTX_DAG_OWNER='airflow' AIRFLOW_CTX_DAG_ID='Demo-ML-Pipeline' AIRFLOW_CTX_TASK_ID='Combining_Data_From_Different_Sources' AIRFLOW_CTX_EXECUTION_DATE='2025-01-15T05:50:00+00:00' AIRFLOW_CTX_TRY_NUMBER='1' AIRFLOW_CTX_DAG_RUN_ID='scheduled__2025-01-15T05:50:00+00:00'
[2025-01-15T13:55:14.055+0800] {logging_mixin.py:190} INFO - Task instance is in running state
[2025-01-15T13:55:14.055+0800] {logging_mixin.py:190} INFO -  Previous state of the Task instance: queued
[2025-01-15T13:55:14.055+0800] {logging_mixin.py:190} INFO - Current task name:Combining_Data_From_Different_Sources state:running start_date:2025-01-15 05:55:13.988168+00:00
[2025-01-15T13:55:14.056+0800] {logging_mixin.py:190} INFO - Dag name:Demo-ML-Pipeline and current dag run status:running
[2025-01-15T13:55:14.056+0800] {taskinstance.py:731} INFO - ::endgroup::
[2025-01-15T13:55:14.056+0800] {subprocess.py:78} INFO - Tmp dir root location: /var/folders/cq/4mg9fv0s5x728btk12fdv1v80000gn/T
[2025-01-15T13:55:14.057+0800] {subprocess.py:88} INFO - Running command: ['/bin/bash', '-c', 'python3 "/Users/edwinjosiahgoh95/airflow/DAGs/Stages/Combining Data From Different Sources.py"']
[2025-01-15T13:55:14.063+0800] {subprocess.py:99} INFO - Output:
[2025-01-15T13:55:14.354+0800] {subprocess.py:106} INFO -     Unnamed: 0  X  Y
[2025-01-15T13:55:14.354+0800] {subprocess.py:106} INFO - 0            0  2  1
[2025-01-15T13:55:14.354+0800] {subprocess.py:106} INFO - 1            1  2  1
[2025-01-15T13:55:14.355+0800] {subprocess.py:106} INFO - 2            2  2  1
[2025-01-15T13:55:14.355+0800] {subprocess.py:106} INFO - 3            3  3  1
[2025-01-15T13:55:14.355+0800] {subprocess.py:106} INFO - 4            4  4  1
[2025-01-15T13:55:14.355+0800] {subprocess.py:106} INFO - 5            5  5  1
[2025-01-15T13:55:14.355+0800] {subprocess.py:106} INFO - 6            0  5  2
[2025-01-15T13:55:14.356+0800] {subprocess.py:106} INFO - 7            1  5  2
[2025-01-15T13:55:14.356+0800] {subprocess.py:106} INFO - 8            2  5  2
[2025-01-15T13:55:14.356+0800] {subprocess.py:106} INFO - 9            3  3  1
[2025-01-15T13:55:14.356+0800] {subprocess.py:106} INFO - 10           4  4  1
[2025-01-15T13:55:14.356+0800] {subprocess.py:106} INFO - 11           5  5  1
[2025-01-15T13:55:14.357+0800] {subprocess.py:106} INFO - Traceback (most recent call last):
[2025-01-15T13:55:14.357+0800] {subprocess.py:106} INFO -   File "/Users/edwinjosiahgoh95/airflow/DAGs/Stages/Combining Data From Different Sources.py", line 12, in <module>
[2025-01-15T13:55:14.357+0800] {subprocess.py:106} INFO -     combined_df.to_csv('/Users/edwinjosiahgoh95/airflow/DAGs/Data/Combined.csv')
[2025-01-15T13:55:14.357+0800] {subprocess.py:106} INFO -   File "/opt/anaconda3/envs/PyTorch/lib/python3.11/site-packages/pandas/util/_decorators.py", line 333, in wrapper
[2025-01-15T13:55:14.357+0800] {subprocess.py:106} INFO -     return func(*args, **kwargs)
[2025-01-15T13:55:14.358+0800] {subprocess.py:106} INFO -            ^^^^^^^^^^^^^^^^^^^^^
[2025-01-15T13:55:14.358+0800] {subprocess.py:106} INFO -   File "/opt/anaconda3/envs/PyTorch/lib/python3.11/site-packages/pandas/core/generic.py", line 3967, in to_csv
[2025-01-15T13:55:14.358+0800] {subprocess.py:106} INFO -     return DataFrameRenderer(formatter).to_csv(
[2025-01-15T13:55:14.358+0800] {subprocess.py:106} INFO -            ^^^^^^^^^^^^^^^^^^^^^^^^^^^^^^^^^^^^
[2025-01-15T13:55:14.358+0800] {subprocess.py:106} INFO -   File "/opt/anaconda3/envs/PyTorch/lib/python3.11/site-packages/pandas/io/formats/format.py", line 1014, in to_csv
[2025-01-15T13:55:14.358+0800] {subprocess.py:106} INFO -     csv_formatter.save()
[2025-01-15T13:55:14.359+0800] {subprocess.py:106} INFO -   File "/opt/anaconda3/envs/PyTorch/lib/python3.11/site-packages/pandas/io/formats/csvs.py", line 251, in save
[2025-01-15T13:55:14.359+0800] {subprocess.py:106} INFO -     with get_handle(
[2025-01-15T13:55:14.359+0800] {subprocess.py:106} INFO -          ^^^^^^^^^^^
[2025-01-15T13:55:14.359+0800] {subprocess.py:106} INFO -   File "/opt/anaconda3/envs/PyTorch/lib/python3.11/site-packages/pandas/io/common.py", line 749, in get_handle
[2025-01-15T13:55:14.359+0800] {subprocess.py:106} INFO -     check_parent_directory(str(handle))
[2025-01-15T13:55:14.359+0800] {subprocess.py:106} INFO -   File "/opt/anaconda3/envs/PyTorch/lib/python3.11/site-packages/pandas/io/common.py", line 616, in check_parent_directory
[2025-01-15T13:55:14.360+0800] {subprocess.py:106} INFO -     raise OSError(rf"Cannot save file into a non-existent directory: '{parent}'")
[2025-01-15T13:55:14.360+0800] {subprocess.py:106} INFO - OSError: Cannot save file into a non-existent directory: '/Users/edwinjosiahgoh95/airflow/DAGs/Data'
[2025-01-15T13:55:14.389+0800] {subprocess.py:110} INFO - Command exited with return code 1
[2025-01-15T13:55:14.394+0800] {taskinstance.py:3311} ERROR - Task failed with exception
Traceback (most recent call last):
  File "/opt/anaconda3/envs/PyTorch/lib/python3.11/site-packages/airflow/models/taskinstance.py", line 767, in _execute_task
    result = _execute_callable(context=context, **execute_callable_kwargs)
             ^^^^^^^^^^^^^^^^^^^^^^^^^^^^^^^^^^^^^^^^^^^^^^^^^^^^^^^^^^^^^
  File "/opt/anaconda3/envs/PyTorch/lib/python3.11/site-packages/airflow/models/taskinstance.py", line 733, in _execute_callable
    return ExecutionCallableRunner(
           ^^^^^^^^^^^^^^^^^^^^^^^^
  File "/opt/anaconda3/envs/PyTorch/lib/python3.11/site-packages/airflow/utils/operator_helpers.py", line 252, in run
    return self.func(*args, **kwargs)
           ^^^^^^^^^^^^^^^^^^^^^^^^^^
  File "/opt/anaconda3/envs/PyTorch/lib/python3.11/site-packages/airflow/models/baseoperator.py", line 422, in wrapper
    return func(self, *args, **kwargs)
           ^^^^^^^^^^^^^^^^^^^^^^^^^^^
  File "/opt/anaconda3/envs/PyTorch/lib/python3.11/site-packages/airflow/operators/bash.py", line 276, in execute
    raise AirflowException(
airflow.exceptions.AirflowException: Bash command failed. The command returned a non-zero exit code 1.
[2025-01-15T13:55:14.398+0800] {logging_mixin.py:190} INFO - Task instance in failure state
[2025-01-15T13:55:14.398+0800] {logging_mixin.py:190} INFO - Task start:2025-01-15 05:55:13.988168+00:00 end:2025-01-15 05:55:14.398316+00:00 duration:0.410148
[2025-01-15T13:55:14.399+0800] {logging_mixin.py:190} INFO - Task:<Task(BashOperator): Combining_Data_From_Different_Sources> dag:<DAG: Demo-ML-Pipeline> dagrun:<DagRun Demo-ML-Pipeline @ 2025-01-15 05:50:00+00:00: scheduled__2025-01-15T05:50:00+00:00, state:running, queued_at: 2025-01-15 05:55:03.314550+00:00. externally triggered: False>
[2025-01-15T13:55:14.399+0800] {logging_mixin.py:190} INFO - Failure caused by Bash command failed. The command returned a non-zero exit code 1.
[2025-01-15T13:55:14.399+0800] {taskinstance.py:1225} INFO - Marking task as UP_FOR_RETRY. dag_id=Demo-ML-Pipeline, task_id=Combining_Data_From_Different_Sources, run_id=scheduled__2025-01-15T05:50:00+00:00, execution_date=20250115T055000, start_date=20250115T055513, end_date=20250115T055514
[2025-01-15T13:55:14.404+0800] {taskinstance.py:340} INFO - ::group::Post task execution logs
[2025-01-15T13:55:14.404+0800] {standard_task_runner.py:124} ERROR - Failed to execute job 17 for task Combining_Data_From_Different_Sources (Bash command failed. The command returned a non-zero exit code 1.; 82725)
Traceback (most recent call last):
  File "/opt/anaconda3/envs/PyTorch/lib/python3.11/site-packages/airflow/task/task_runner/standard_task_runner.py", line 117, in _start_by_fork
    ret = args.func(args, dag=self.dag)
          ^^^^^^^^^^^^^^^^^^^^^^^^^^^^^
  File "/opt/anaconda3/envs/PyTorch/lib/python3.11/site-packages/airflow/cli/cli_config.py", line 49, in command
    return func(*args, **kwargs)
           ^^^^^^^^^^^^^^^^^^^^^
  File "/opt/anaconda3/envs/PyTorch/lib/python3.11/site-packages/airflow/utils/cli.py", line 116, in wrapper
    return f(*args, **kwargs)
           ^^^^^^^^^^^^^^^^^^
  File "/opt/anaconda3/envs/PyTorch/lib/python3.11/site-packages/airflow/cli/commands/task_command.py", line 483, in task_run
    task_return_code = _run_task_by_selected_method(args, _dag, ti)
                       ^^^^^^^^^^^^^^^^^^^^^^^^^^^^^^^^^^^^^^^^^^^^
  File "/opt/anaconda3/envs/PyTorch/lib/python3.11/site-packages/airflow/cli/commands/task_command.py", line 256, in _run_task_by_selected_method
    return _run_raw_task(args, ti)
           ^^^^^^^^^^^^^^^^^^^^^^^
  File "/opt/anaconda3/envs/PyTorch/lib/python3.11/site-packages/airflow/cli/commands/task_command.py", line 341, in _run_raw_task
    return ti._run_raw_task(
           ^^^^^^^^^^^^^^^^^
  File "/opt/anaconda3/envs/PyTorch/lib/python3.11/site-packages/airflow/utils/session.py", line 97, in wrapper
    return func(*args, session=session, **kwargs)
           ^^^^^^^^^^^^^^^^^^^^^^^^^^^^^^^^^^^^^^
  File "/opt/anaconda3/envs/PyTorch/lib/python3.11/site-packages/airflow/models/taskinstance.py", line 3005, in _run_raw_task
    return _run_raw_task(
           ^^^^^^^^^^^^^^
  File "/opt/anaconda3/envs/PyTorch/lib/python3.11/site-packages/airflow/models/taskinstance.py", line 273, in _run_raw_task
    TaskInstance._execute_task_with_callbacks(
  File "/opt/anaconda3/envs/PyTorch/lib/python3.11/site-packages/airflow/models/taskinstance.py", line 3159, in _execute_task_with_callbacks
    result = self._execute_task(context, task_orig)
             ^^^^^^^^^^^^^^^^^^^^^^^^^^^^^^^^^^^^^^
  File "/opt/anaconda3/envs/PyTorch/lib/python3.11/site-packages/airflow/models/taskinstance.py", line 3183, in _execute_task
    return _execute_task(self, context, task_orig)
           ^^^^^^^^^^^^^^^^^^^^^^^^^^^^^^^^^^^^^^^
  File "/opt/anaconda3/envs/PyTorch/lib/python3.11/site-packages/airflow/models/taskinstance.py", line 767, in _execute_task
    result = _execute_callable(context=context, **execute_callable_kwargs)
             ^^^^^^^^^^^^^^^^^^^^^^^^^^^^^^^^^^^^^^^^^^^^^^^^^^^^^^^^^^^^^
  File "/opt/anaconda3/envs/PyTorch/lib/python3.11/site-packages/airflow/models/taskinstance.py", line 733, in _execute_callable
    return ExecutionCallableRunner(
           ^^^^^^^^^^^^^^^^^^^^^^^^
  File "/opt/anaconda3/envs/PyTorch/lib/python3.11/site-packages/airflow/utils/operator_helpers.py", line 252, in run
    return self.func(*args, **kwargs)
           ^^^^^^^^^^^^^^^^^^^^^^^^^^
  File "/opt/anaconda3/envs/PyTorch/lib/python3.11/site-packages/airflow/models/baseoperator.py", line 422, in wrapper
    return func(self, *args, **kwargs)
           ^^^^^^^^^^^^^^^^^^^^^^^^^^^
  File "/opt/anaconda3/envs/PyTorch/lib/python3.11/site-packages/airflow/operators/bash.py", line 276, in execute
    raise AirflowException(
airflow.exceptions.AirflowException: Bash command failed. The command returned a non-zero exit code 1.
[2025-01-15T13:55:14.418+0800] {local_task_job_runner.py:266} INFO - Task exited with return code 1
[2025-01-15T13:55:14.425+0800] {taskinstance.py:3895} INFO - 0 downstream tasks scheduled from follow-on schedule check
[2025-01-15T13:55:14.425+0800] {local_task_job_runner.py:245} INFO - ::endgroup::
