[2025-01-15T13:53:05.340+0800] {processor.py:186} INFO - Started process (PID=81545) to work on /Users/edwinjosiahgoh95/airflow/DAGs/Stages/Combining Data From Different Sources.py
[2025-01-15T13:53:05.340+0800] {processor.py:914} INFO - Processing file /Users/edwinjosiahgoh95/airflow/DAGs/Stages/Combining Data From Different Sources.py for tasks to queue
[2025-01-15T13:53:05.341+0800] {logging_mixin.py:190} INFO - [2025-01-15T13:53:05.341+0800] {dagbag.py:588} INFO - Filling up the DagBag from /Users/edwinjosiahgoh95/airflow/DAGs/Stages/Combining Data From Different Sources.py
[2025-01-15T13:53:05.550+0800] {logging_mixin.py:190} INFO - [2025-01-15T13:53:05.549+0800] {dagbag.py:387} ERROR - Failed to import: /Users/edwinjosiahgoh95/airflow/DAGs/Stages/Combining Data From Different Sources.py
Traceback (most recent call last):
  File "/opt/anaconda3/envs/PyTorch/lib/python3.11/site-packages/airflow/models/dagbag.py", line 383, in parse
    loader.exec_module(new_module)
  File "<frozen importlib._bootstrap_external>", line 940, in exec_module
  File "<frozen importlib._bootstrap>", line 241, in _call_with_frames_removed
  File "/Users/edwinjosiahgoh95/airflow/DAGs/Stages/Combining Data From Different Sources.py", line 9, in <module>
    df2 = pd.read_csv('/Users/edwinjosiahgoh95/airflow/DAGs/Stages/Data/Source 2.csv')
          ^^^^^^^^^^^^^^^^^^^^^^^^^^^^^^^^^^^^^^^^^^^^^^^^^^^^^^^^^^^^^^^^^^^^^^^^^^^^
  File "/opt/anaconda3/envs/PyTorch/lib/python3.11/site-packages/pandas/io/parsers/readers.py", line 1026, in read_csv
    return _read(filepath_or_buffer, kwds)
           ^^^^^^^^^^^^^^^^^^^^^^^^^^^^^^^
  File "/opt/anaconda3/envs/PyTorch/lib/python3.11/site-packages/pandas/io/parsers/readers.py", line 620, in _read
    parser = TextFileReader(filepath_or_buffer, **kwds)
             ^^^^^^^^^^^^^^^^^^^^^^^^^^^^^^^^^^^^^^^^^^
  File "/opt/anaconda3/envs/PyTorch/lib/python3.11/site-packages/pandas/io/parsers/readers.py", line 1620, in __init__
    self._engine = self._make_engine(f, self.engine)
                   ^^^^^^^^^^^^^^^^^^^^^^^^^^^^^^^^^
  File "/opt/anaconda3/envs/PyTorch/lib/python3.11/site-packages/pandas/io/parsers/readers.py", line 1880, in _make_engine
    self.handles = get_handle(
                   ^^^^^^^^^^^
  File "/opt/anaconda3/envs/PyTorch/lib/python3.11/site-packages/pandas/io/common.py", line 873, in get_handle
    handle = open(
             ^^^^^
FileNotFoundError: [Errno 2] No such file or directory: '/Users/edwinjosiahgoh95/airflow/DAGs/Stages/Data/Source 2.csv'
[2025-01-15T13:53:05.550+0800] {processor.py:927} WARNING - No viable dags retrieved from /Users/edwinjosiahgoh95/airflow/DAGs/Stages/Combining Data From Different Sources.py
[2025-01-15T13:53:05.602+0800] {processor.py:208} INFO - Processing /Users/edwinjosiahgoh95/airflow/DAGs/Stages/Combining Data From Different Sources.py took 0.264 seconds
[2025-01-15T13:55:26.357+0800] {processor.py:186} INFO - Started process (PID=82832) to work on /Users/edwinjosiahgoh95/airflow/DAGs/Stages/Combining Data From Different Sources.py
[2025-01-15T13:55:26.358+0800] {processor.py:914} INFO - Processing file /Users/edwinjosiahgoh95/airflow/DAGs/Stages/Combining Data From Different Sources.py for tasks to queue
[2025-01-15T13:55:26.358+0800] {logging_mixin.py:190} INFO - [2025-01-15T13:55:26.358+0800] {dagbag.py:588} INFO - Filling up the DagBag from /Users/edwinjosiahgoh95/airflow/DAGs/Stages/Combining Data From Different Sources.py
[2025-01-15T13:55:26.578+0800] {logging_mixin.py:190} INFO -     Unnamed: 0  X  Y
0            0  2  1
1            1  2  1
2            2  2  1
3            3  3  1
4            4  4  1
5            5  5  1
6            0  5  2
7            1  5  2
8            2  5  2
9            3  3  1
10           4  4  1
11           5  5  1
[2025-01-15T13:55:26.582+0800] {logging_mixin.py:190} INFO - [2025-01-15T13:55:26.580+0800] {dagbag.py:387} ERROR - Failed to import: /Users/edwinjosiahgoh95/airflow/DAGs/Stages/Combining Data From Different Sources.py
Traceback (most recent call last):
  File "/opt/anaconda3/envs/PyTorch/lib/python3.11/site-packages/airflow/models/dagbag.py", line 383, in parse
    loader.exec_module(new_module)
  File "<frozen importlib._bootstrap_external>", line 940, in exec_module
  File "<frozen importlib._bootstrap>", line 241, in _call_with_frames_removed
  File "/Users/edwinjosiahgoh95/airflow/DAGs/Stages/Combining Data From Different Sources.py", line 12, in <module>
    combined_df.to_csv('/Users/edwinjosiahgoh95/airflow/DAGs/Data/Combined.csv')
  File "/opt/anaconda3/envs/PyTorch/lib/python3.11/site-packages/pandas/util/_decorators.py", line 333, in wrapper
    return func(*args, **kwargs)
           ^^^^^^^^^^^^^^^^^^^^^
  File "/opt/anaconda3/envs/PyTorch/lib/python3.11/site-packages/pandas/core/generic.py", line 3967, in to_csv
    return DataFrameRenderer(formatter).to_csv(
           ^^^^^^^^^^^^^^^^^^^^^^^^^^^^^^^^^^^^
  File "/opt/anaconda3/envs/PyTorch/lib/python3.11/site-packages/pandas/io/formats/format.py", line 1014, in to_csv
    csv_formatter.save()
  File "/opt/anaconda3/envs/PyTorch/lib/python3.11/site-packages/pandas/io/formats/csvs.py", line 251, in save
    with get_handle(
         ^^^^^^^^^^^
  File "/opt/anaconda3/envs/PyTorch/lib/python3.11/site-packages/pandas/io/common.py", line 749, in get_handle
    check_parent_directory(str(handle))
  File "/opt/anaconda3/envs/PyTorch/lib/python3.11/site-packages/pandas/io/common.py", line 616, in check_parent_directory
    raise OSError(rf"Cannot save file into a non-existent directory: '{parent}'")
OSError: Cannot save file into a non-existent directory: '/Users/edwinjosiahgoh95/airflow/DAGs/Data'
[2025-01-15T13:55:26.583+0800] {processor.py:927} WARNING - No viable dags retrieved from /Users/edwinjosiahgoh95/airflow/DAGs/Stages/Combining Data From Different Sources.py
[2025-01-15T13:55:26.631+0800] {processor.py:208} INFO - Processing /Users/edwinjosiahgoh95/airflow/DAGs/Stages/Combining Data From Different Sources.py took 0.276 seconds
[2025-01-15T13:57:24.916+0800] {processor.py:186} INFO - Started process (PID=83993) to work on /Users/edwinjosiahgoh95/airflow/DAGs/Stages/Combining Data From Different Sources.py
[2025-01-15T13:57:24.917+0800] {processor.py:914} INFO - Processing file /Users/edwinjosiahgoh95/airflow/DAGs/Stages/Combining Data From Different Sources.py for tasks to queue
[2025-01-15T13:57:24.918+0800] {logging_mixin.py:190} INFO - [2025-01-15T13:57:24.917+0800] {dagbag.py:588} INFO - Filling up the DagBag from /Users/edwinjosiahgoh95/airflow/DAGs/Stages/Combining Data From Different Sources.py
[2025-01-15T13:57:25.242+0800] {logging_mixin.py:190} INFO -     Unnamed: 0  X  Y
0            0  2  1
1            1  2  1
2            2  2  1
3            3  3  1
4            4  4  1
5            5  5  1
6            0  5  2
7            1  5  2
8            2  5  2
9            3  3  1
10           4  4  1
11           5  5  1
[2025-01-15T13:57:25.244+0800] {processor.py:927} WARNING - No viable dags retrieved from /Users/edwinjosiahgoh95/airflow/DAGs/Stages/Combining Data From Different Sources.py
[2025-01-15T13:57:25.281+0800] {processor.py:208} INFO - Processing /Users/edwinjosiahgoh95/airflow/DAGs/Stages/Combining Data From Different Sources.py took 0.366 seconds
[2025-01-15T13:59:19.427+0800] {processor.py:186} INFO - Started process (PID=85143) to work on /Users/edwinjosiahgoh95/airflow/DAGs/Stages/Combining Data From Different Sources.py
[2025-01-15T13:59:19.428+0800] {processor.py:914} INFO - Processing file /Users/edwinjosiahgoh95/airflow/DAGs/Stages/Combining Data From Different Sources.py for tasks to queue
[2025-01-15T13:59:19.428+0800] {logging_mixin.py:190} INFO - [2025-01-15T13:59:19.428+0800] {dagbag.py:588} INFO - Filling up the DagBag from /Users/edwinjosiahgoh95/airflow/DAGs/Stages/Combining Data From Different Sources.py
[2025-01-15T13:59:19.722+0800] {logging_mixin.py:190} INFO -     Unnamed: 0  X  Y
0            0  2  1
1            1  2  1
2            2  2  1
3            3  3  1
4            4  4  1
5            5  5  1
6            0  5  2
7            1  5  2
8            2  5  2
9            3  3  1
10           4  4  1
11           5  5  1
[2025-01-15T13:59:19.724+0800] {processor.py:927} WARNING - No viable dags retrieved from /Users/edwinjosiahgoh95/airflow/DAGs/Stages/Combining Data From Different Sources.py
[2025-01-15T13:59:19.759+0800] {processor.py:208} INFO - Processing /Users/edwinjosiahgoh95/airflow/DAGs/Stages/Combining Data From Different Sources.py took 0.333 seconds
[2025-01-15T14:01:25.898+0800] {processor.py:186} INFO - Started process (PID=86349) to work on /Users/edwinjosiahgoh95/airflow/DAGs/Stages/Combining Data From Different Sources.py
[2025-01-15T14:01:25.899+0800] {processor.py:914} INFO - Processing file /Users/edwinjosiahgoh95/airflow/DAGs/Stages/Combining Data From Different Sources.py for tasks to queue
[2025-01-15T14:01:25.900+0800] {logging_mixin.py:190} INFO - [2025-01-15T14:01:25.900+0800] {dagbag.py:588} INFO - Filling up the DagBag from /Users/edwinjosiahgoh95/airflow/DAGs/Stages/Combining Data From Different Sources.py
[2025-01-15T14:01:26.188+0800] {logging_mixin.py:190} INFO -     Unnamed: 0  X  Y
0            0  2  1
1            1  2  1
2            2  2  1
3            3  3  1
4            4  4  1
5            5  5  1
6            0  5  2
7            1  5  2
8            2  5  2
9            3  3  1
10           4  4  1
11           5  5  1
[2025-01-15T14:01:26.190+0800] {processor.py:927} WARNING - No viable dags retrieved from /Users/edwinjosiahgoh95/airflow/DAGs/Stages/Combining Data From Different Sources.py
[2025-01-15T14:01:26.222+0800] {processor.py:208} INFO - Processing /Users/edwinjosiahgoh95/airflow/DAGs/Stages/Combining Data From Different Sources.py took 0.327 seconds
[2025-01-15T14:03:12.855+0800] {processor.py:186} INFO - Started process (PID=87331) to work on /Users/edwinjosiahgoh95/airflow/DAGs/Stages/Combining Data From Different Sources.py
[2025-01-15T14:03:12.856+0800] {processor.py:914} INFO - Processing file /Users/edwinjosiahgoh95/airflow/DAGs/Stages/Combining Data From Different Sources.py for tasks to queue
[2025-01-15T14:03:12.856+0800] {logging_mixin.py:190} INFO - [2025-01-15T14:03:12.856+0800] {dagbag.py:588} INFO - Filling up the DagBag from /Users/edwinjosiahgoh95/airflow/DAGs/Stages/Combining Data From Different Sources.py
[2025-01-15T14:03:13.154+0800] {logging_mixin.py:190} INFO -     Unnamed: 0  X  Y
0            0  2  1
1            1  2  1
2            2  2  1
3            3  3  1
4            4  4  1
5            5  5  1
6            0  5  2
7            1  5  2
8            2  5  2
9            3  3  1
10           4  4  1
11           5  5  1
[2025-01-15T14:03:13.156+0800] {processor.py:927} WARNING - No viable dags retrieved from /Users/edwinjosiahgoh95/airflow/DAGs/Stages/Combining Data From Different Sources.py
[2025-01-15T14:03:13.188+0800] {processor.py:208} INFO - Processing /Users/edwinjosiahgoh95/airflow/DAGs/Stages/Combining Data From Different Sources.py took 0.335 seconds
[2025-01-15T14:05:00.560+0800] {processor.py:186} INFO - Started process (PID=88350) to work on /Users/edwinjosiahgoh95/airflow/DAGs/Stages/Combining Data From Different Sources.py
[2025-01-15T14:05:00.561+0800] {processor.py:914} INFO - Processing file /Users/edwinjosiahgoh95/airflow/DAGs/Stages/Combining Data From Different Sources.py for tasks to queue
[2025-01-15T14:05:00.562+0800] {logging_mixin.py:190} INFO - [2025-01-15T14:05:00.561+0800] {dagbag.py:588} INFO - Filling up the DagBag from /Users/edwinjosiahgoh95/airflow/DAGs/Stages/Combining Data From Different Sources.py
[2025-01-15T14:05:00.778+0800] {logging_mixin.py:190} INFO -     Unnamed: 0  X  Y
0            0  2  1
1            1  2  1
2            2  2  1
3            3  3  1
4            4  4  1
5            5  5  1
6            0  5  2
7            1  5  2
8            2  5  2
9            3  3  1
10           4  4  1
11           5  5  1
[2025-01-15T14:05:00.779+0800] {processor.py:927} WARNING - No viable dags retrieved from /Users/edwinjosiahgoh95/airflow/DAGs/Stages/Combining Data From Different Sources.py
[2025-01-15T14:05:00.810+0800] {processor.py:208} INFO - Processing /Users/edwinjosiahgoh95/airflow/DAGs/Stages/Combining Data From Different Sources.py took 0.253 seconds
[2025-01-15T14:07:10.069+0800] {processor.py:186} INFO - Started process (PID=89593) to work on /Users/edwinjosiahgoh95/airflow/DAGs/Stages/Combining Data From Different Sources.py
[2025-01-15T14:07:10.070+0800] {processor.py:914} INFO - Processing file /Users/edwinjosiahgoh95/airflow/DAGs/Stages/Combining Data From Different Sources.py for tasks to queue
[2025-01-15T14:07:10.070+0800] {logging_mixin.py:190} INFO - [2025-01-15T14:07:10.070+0800] {dagbag.py:588} INFO - Filling up the DagBag from /Users/edwinjosiahgoh95/airflow/DAGs/Stages/Combining Data From Different Sources.py
[2025-01-15T14:07:10.305+0800] {logging_mixin.py:190} INFO -     Unnamed: 0  X  Y
0            0  2  1
1            1  2  1
2            2  2  1
3            3  3  1
4            4  4  1
5            5  5  1
6            0  5  2
7            1  5  2
8            2  5  2
9            3  3  1
10           4  4  1
11           5  5  1
[2025-01-15T14:07:10.307+0800] {processor.py:927} WARNING - No viable dags retrieved from /Users/edwinjosiahgoh95/airflow/DAGs/Stages/Combining Data From Different Sources.py
[2025-01-15T14:07:10.341+0800] {processor.py:208} INFO - Processing /Users/edwinjosiahgoh95/airflow/DAGs/Stages/Combining Data From Different Sources.py took 0.275 seconds
[2025-01-15T14:09:04.994+0800] {processor.py:186} INFO - Started process (PID=90686) to work on /Users/edwinjosiahgoh95/airflow/DAGs/Stages/Combining Data From Different Sources.py
[2025-01-15T14:09:04.995+0800] {processor.py:914} INFO - Processing file /Users/edwinjosiahgoh95/airflow/DAGs/Stages/Combining Data From Different Sources.py for tasks to queue
[2025-01-15T14:09:04.996+0800] {logging_mixin.py:190} INFO - [2025-01-15T14:09:04.995+0800] {dagbag.py:588} INFO - Filling up the DagBag from /Users/edwinjosiahgoh95/airflow/DAGs/Stages/Combining Data From Different Sources.py
[2025-01-15T14:09:05.293+0800] {logging_mixin.py:190} INFO -     Unnamed: 0  X  Y
0            0  2  1
1            1  2  1
2            2  2  1
3            3  3  1
4            4  4  1
5            5  5  1
6            0  5  2
7            1  5  2
8            2  5  2
9            3  3  1
10           4  4  1
11           5  5  1
[2025-01-15T14:09:05.294+0800] {processor.py:927} WARNING - No viable dags retrieved from /Users/edwinjosiahgoh95/airflow/DAGs/Stages/Combining Data From Different Sources.py
[2025-01-15T14:09:05.329+0800] {processor.py:208} INFO - Processing /Users/edwinjosiahgoh95/airflow/DAGs/Stages/Combining Data From Different Sources.py took 0.337 seconds
[2025-01-15T14:11:11.361+0800] {processor.py:186} INFO - Started process (PID=91876) to work on /Users/edwinjosiahgoh95/airflow/DAGs/Stages/Combining Data From Different Sources.py
[2025-01-15T14:11:11.362+0800] {processor.py:914} INFO - Processing file /Users/edwinjosiahgoh95/airflow/DAGs/Stages/Combining Data From Different Sources.py for tasks to queue
[2025-01-15T14:11:11.363+0800] {logging_mixin.py:190} INFO - [2025-01-15T14:11:11.363+0800] {dagbag.py:588} INFO - Filling up the DagBag from /Users/edwinjosiahgoh95/airflow/DAGs/Stages/Combining Data From Different Sources.py
[2025-01-15T14:11:11.652+0800] {logging_mixin.py:190} INFO -     Unnamed: 0  X  Y
0            0  2  1
1            1  2  1
2            2  2  1
3            3  3  1
4            4  4  1
5            5  5  1
6            0  5  2
7            1  5  2
8            2  5  2
9            3  3  1
10           4  4  1
11           5  5  1
[2025-01-15T14:11:11.654+0800] {processor.py:927} WARNING - No viable dags retrieved from /Users/edwinjosiahgoh95/airflow/DAGs/Stages/Combining Data From Different Sources.py
[2025-01-15T14:11:11.688+0800] {processor.py:208} INFO - Processing /Users/edwinjosiahgoh95/airflow/DAGs/Stages/Combining Data From Different Sources.py took 0.329 seconds
[2025-01-15T14:12:59.744+0800] {processor.py:186} INFO - Started process (PID=92864) to work on /Users/edwinjosiahgoh95/airflow/DAGs/Stages/Combining Data From Different Sources.py
[2025-01-15T14:12:59.746+0800] {processor.py:914} INFO - Processing file /Users/edwinjosiahgoh95/airflow/DAGs/Stages/Combining Data From Different Sources.py for tasks to queue
[2025-01-15T14:12:59.747+0800] {logging_mixin.py:190} INFO - [2025-01-15T14:12:59.747+0800] {dagbag.py:588} INFO - Filling up the DagBag from /Users/edwinjosiahgoh95/airflow/DAGs/Stages/Combining Data From Different Sources.py
[2025-01-15T14:12:59.962+0800] {logging_mixin.py:190} INFO -     Unnamed: 0  X  Y
0            0  2  1
1            1  2  1
2            2  2  1
3            3  3  1
4            4  4  1
5            5  5  1
6            0  5  2
7            1  5  2
8            2  5  2
9            3  3  1
10           4  4  1
11           5  5  1
[2025-01-15T14:12:59.964+0800] {processor.py:927} WARNING - No viable dags retrieved from /Users/edwinjosiahgoh95/airflow/DAGs/Stages/Combining Data From Different Sources.py
[2025-01-15T14:12:59.996+0800] {processor.py:208} INFO - Processing /Users/edwinjosiahgoh95/airflow/DAGs/Stages/Combining Data From Different Sources.py took 0.254 seconds
[2025-01-15T14:14:45.444+0800] {processor.py:186} INFO - Started process (PID=93893) to work on /Users/edwinjosiahgoh95/airflow/DAGs/Stages/Combining Data From Different Sources.py
[2025-01-15T14:14:45.446+0800] {processor.py:914} INFO - Processing file /Users/edwinjosiahgoh95/airflow/DAGs/Stages/Combining Data From Different Sources.py for tasks to queue
[2025-01-15T14:14:45.447+0800] {logging_mixin.py:190} INFO - [2025-01-15T14:14:45.446+0800] {dagbag.py:588} INFO - Filling up the DagBag from /Users/edwinjosiahgoh95/airflow/DAGs/Stages/Combining Data From Different Sources.py
[2025-01-15T14:14:45.769+0800] {logging_mixin.py:190} INFO -     Unnamed: 0  X  Y
0            0  2  1
1            1  2  1
2            2  2  1
3            3  3  1
4            4  4  1
5            5  5  1
6            0  5  2
7            1  5  2
8            2  5  2
9            3  3  1
10           4  4  1
11           5  5  1
[2025-01-15T14:14:45.770+0800] {processor.py:927} WARNING - No viable dags retrieved from /Users/edwinjosiahgoh95/airflow/DAGs/Stages/Combining Data From Different Sources.py
[2025-01-15T14:14:45.810+0800] {processor.py:208} INFO - Processing /Users/edwinjosiahgoh95/airflow/DAGs/Stages/Combining Data From Different Sources.py took 0.367 seconds
[2025-01-15T14:16:43.057+0800] {processor.py:186} INFO - Started process (PID=95018) to work on /Users/edwinjosiahgoh95/airflow/DAGs/Stages/Combining Data From Different Sources.py
[2025-01-15T14:16:43.058+0800] {processor.py:914} INFO - Processing file /Users/edwinjosiahgoh95/airflow/DAGs/Stages/Combining Data From Different Sources.py for tasks to queue
[2025-01-15T14:16:43.059+0800] {logging_mixin.py:190} INFO - [2025-01-15T14:16:43.059+0800] {dagbag.py:588} INFO - Filling up the DagBag from /Users/edwinjosiahgoh95/airflow/DAGs/Stages/Combining Data From Different Sources.py
[2025-01-15T14:16:43.383+0800] {processor.py:927} WARNING - No viable dags retrieved from /Users/edwinjosiahgoh95/airflow/DAGs/Stages/Combining Data From Different Sources.py
[2025-01-15T14:16:43.418+0800] {processor.py:208} INFO - Processing /Users/edwinjosiahgoh95/airflow/DAGs/Stages/Combining Data From Different Sources.py took 0.363 seconds
[2025-01-15T14:18:41.089+0800] {processor.py:186} INFO - Started process (PID=96094) to work on /Users/edwinjosiahgoh95/airflow/DAGs/Stages/Combining Data From Different Sources.py
[2025-01-15T14:18:41.090+0800] {processor.py:914} INFO - Processing file /Users/edwinjosiahgoh95/airflow/DAGs/Stages/Combining Data From Different Sources.py for tasks to queue
[2025-01-15T14:18:41.091+0800] {logging_mixin.py:190} INFO - [2025-01-15T14:18:41.091+0800] {dagbag.py:588} INFO - Filling up the DagBag from /Users/edwinjosiahgoh95/airflow/DAGs/Stages/Combining Data From Different Sources.py
[2025-01-15T14:18:41.386+0800] {processor.py:927} WARNING - No viable dags retrieved from /Users/edwinjosiahgoh95/airflow/DAGs/Stages/Combining Data From Different Sources.py
[2025-01-15T14:18:41.421+0800] {processor.py:208} INFO - Processing /Users/edwinjosiahgoh95/airflow/DAGs/Stages/Combining Data From Different Sources.py took 0.334 seconds
[2025-01-15T14:20:35.777+0800] {processor.py:186} INFO - Started process (PID=97133) to work on /Users/edwinjosiahgoh95/airflow/DAGs/Stages/Combining Data From Different Sources.py
[2025-01-15T14:20:35.778+0800] {processor.py:914} INFO - Processing file /Users/edwinjosiahgoh95/airflow/DAGs/Stages/Combining Data From Different Sources.py for tasks to queue
[2025-01-15T14:20:35.779+0800] {logging_mixin.py:190} INFO - [2025-01-15T14:20:35.778+0800] {dagbag.py:588} INFO - Filling up the DagBag from /Users/edwinjosiahgoh95/airflow/DAGs/Stages/Combining Data From Different Sources.py
[2025-01-15T14:20:36.088+0800] {logging_mixin.py:190} INFO - [2025-01-15T14:20:36.085+0800] {dagbag.py:387} ERROR - Failed to import: /Users/edwinjosiahgoh95/airflow/DAGs/Stages/Combining Data From Different Sources.py
Traceback (most recent call last):
  File "/opt/anaconda3/envs/PyTorch/lib/python3.11/site-packages/airflow/models/dagbag.py", line 383, in parse
    loader.exec_module(new_module)
  File "<frozen importlib._bootstrap_external>", line 940, in exec_module
  File "<frozen importlib._bootstrap>", line 241, in _call_with_frames_removed
  File "/Users/edwinjosiahgoh95/airflow/DAGs/Stages/Combining Data From Different Sources.py", line 8, in <module>
    df1 = pd.read_csv('/Users/edwinjosiahgoh95/airflow/DAGs/Stages/Data/Source 1.csv')
          ^^^^^^^^^^^^^^^^^^^^^^^^^^^^^^^^^^^^^^^^^^^^^^^^^^^^^^^^^^^^^^^^^^^^^^^^^^^^
  File "/opt/anaconda3/envs/PyTorch/lib/python3.11/site-packages/pandas/io/parsers/readers.py", line 1026, in read_csv
    return _read(filepath_or_buffer, kwds)
           ^^^^^^^^^^^^^^^^^^^^^^^^^^^^^^^
  File "/opt/anaconda3/envs/PyTorch/lib/python3.11/site-packages/pandas/io/parsers/readers.py", line 620, in _read
    parser = TextFileReader(filepath_or_buffer, **kwds)
             ^^^^^^^^^^^^^^^^^^^^^^^^^^^^^^^^^^^^^^^^^^
  File "/opt/anaconda3/envs/PyTorch/lib/python3.11/site-packages/pandas/io/parsers/readers.py", line 1620, in __init__
    self._engine = self._make_engine(f, self.engine)
                   ^^^^^^^^^^^^^^^^^^^^^^^^^^^^^^^^^
  File "/opt/anaconda3/envs/PyTorch/lib/python3.11/site-packages/pandas/io/parsers/readers.py", line 1880, in _make_engine
    self.handles = get_handle(
                   ^^^^^^^^^^^
  File "/opt/anaconda3/envs/PyTorch/lib/python3.11/site-packages/pandas/io/common.py", line 873, in get_handle
    handle = open(
             ^^^^^
FileNotFoundError: [Errno 2] No such file or directory: '/Users/edwinjosiahgoh95/airflow/DAGs/Stages/Data/Source 1.csv'
[2025-01-15T14:20:36.088+0800] {processor.py:927} WARNING - No viable dags retrieved from /Users/edwinjosiahgoh95/airflow/DAGs/Stages/Combining Data From Different Sources.py
[2025-01-15T14:20:36.140+0800] {processor.py:208} INFO - Processing /Users/edwinjosiahgoh95/airflow/DAGs/Stages/Combining Data From Different Sources.py took 0.365 seconds
[2025-01-15T14:22:35.259+0800] {processor.py:186} INFO - Started process (PID=98228) to work on /Users/edwinjosiahgoh95/airflow/DAGs/Stages/Combining Data From Different Sources.py
[2025-01-15T14:22:35.260+0800] {processor.py:914} INFO - Processing file /Users/edwinjosiahgoh95/airflow/DAGs/Stages/Combining Data From Different Sources.py for tasks to queue
[2025-01-15T14:22:35.261+0800] {logging_mixin.py:190} INFO - [2025-01-15T14:22:35.261+0800] {dagbag.py:588} INFO - Filling up the DagBag from /Users/edwinjosiahgoh95/airflow/DAGs/Stages/Combining Data From Different Sources.py
[2025-01-15T14:22:35.611+0800] {processor.py:927} WARNING - No viable dags retrieved from /Users/edwinjosiahgoh95/airflow/DAGs/Stages/Combining Data From Different Sources.py
[2025-01-15T14:22:35.647+0800] {processor.py:208} INFO - Processing /Users/edwinjosiahgoh95/airflow/DAGs/Stages/Combining Data From Different Sources.py took 0.391 seconds
[2025-01-15T14:24:16.494+0800] {processor.py:186} INFO - Started process (PID=99132) to work on /Users/edwinjosiahgoh95/airflow/DAGs/Stages/Combining Data From Different Sources.py
[2025-01-15T14:24:16.495+0800] {processor.py:914} INFO - Processing file /Users/edwinjosiahgoh95/airflow/DAGs/Stages/Combining Data From Different Sources.py for tasks to queue
[2025-01-15T14:24:16.496+0800] {logging_mixin.py:190} INFO - [2025-01-15T14:24:16.496+0800] {dagbag.py:588} INFO - Filling up the DagBag from /Users/edwinjosiahgoh95/airflow/DAGs/Stages/Combining Data From Different Sources.py
[2025-01-15T14:24:16.715+0800] {processor.py:927} WARNING - No viable dags retrieved from /Users/edwinjosiahgoh95/airflow/DAGs/Stages/Combining Data From Different Sources.py
[2025-01-15T14:24:16.747+0800] {processor.py:208} INFO - Processing /Users/edwinjosiahgoh95/airflow/DAGs/Stages/Combining Data From Different Sources.py took 0.254 seconds
[2025-01-15T14:26:19.900+0800] {processor.py:186} INFO - Started process (PID=467) to work on /Users/edwinjosiahgoh95/airflow/DAGs/Stages/Combining Data From Different Sources.py
[2025-01-15T14:26:19.901+0800] {processor.py:914} INFO - Processing file /Users/edwinjosiahgoh95/airflow/DAGs/Stages/Combining Data From Different Sources.py for tasks to queue
[2025-01-15T14:26:19.901+0800] {logging_mixin.py:190} INFO - [2025-01-15T14:26:19.901+0800] {dagbag.py:588} INFO - Filling up the DagBag from /Users/edwinjosiahgoh95/airflow/DAGs/Stages/Combining Data From Different Sources.py
[2025-01-15T14:26:20.187+0800] {processor.py:927} WARNING - No viable dags retrieved from /Users/edwinjosiahgoh95/airflow/DAGs/Stages/Combining Data From Different Sources.py
[2025-01-15T14:26:20.221+0800] {processor.py:208} INFO - Processing /Users/edwinjosiahgoh95/airflow/DAGs/Stages/Combining Data From Different Sources.py took 0.323 seconds
[2025-01-15T14:28:05.940+0800] {processor.py:186} INFO - Started process (PID=1657) to work on /Users/edwinjosiahgoh95/airflow/DAGs/Stages/Combining Data From Different Sources.py
[2025-01-15T14:28:05.941+0800] {processor.py:914} INFO - Processing file /Users/edwinjosiahgoh95/airflow/DAGs/Stages/Combining Data From Different Sources.py for tasks to queue
[2025-01-15T14:28:05.942+0800] {logging_mixin.py:190} INFO - [2025-01-15T14:28:05.942+0800] {dagbag.py:588} INFO - Filling up the DagBag from /Users/edwinjosiahgoh95/airflow/DAGs/Stages/Combining Data From Different Sources.py
[2025-01-15T14:28:06.161+0800] {processor.py:927} WARNING - No viable dags retrieved from /Users/edwinjosiahgoh95/airflow/DAGs/Stages/Combining Data From Different Sources.py
[2025-01-15T14:28:06.192+0800] {processor.py:208} INFO - Processing /Users/edwinjosiahgoh95/airflow/DAGs/Stages/Combining Data From Different Sources.py took 0.255 seconds
[2025-01-15T14:29:51.651+0800] {processor.py:186} INFO - Started process (PID=3130) to work on /Users/edwinjosiahgoh95/airflow/DAGs/Stages/Combining Data From Different Sources.py
[2025-01-15T14:29:51.653+0800] {processor.py:914} INFO - Processing file /Users/edwinjosiahgoh95/airflow/DAGs/Stages/Combining Data From Different Sources.py for tasks to queue
[2025-01-15T14:29:51.653+0800] {logging_mixin.py:190} INFO - [2025-01-15T14:29:51.653+0800] {dagbag.py:588} INFO - Filling up the DagBag from /Users/edwinjosiahgoh95/airflow/DAGs/Stages/Combining Data From Different Sources.py
[2025-01-15T14:29:51.920+0800] {processor.py:927} WARNING - No viable dags retrieved from /Users/edwinjosiahgoh95/airflow/DAGs/Stages/Combining Data From Different Sources.py
[2025-01-15T14:29:51.952+0800] {processor.py:208} INFO - Processing /Users/edwinjosiahgoh95/airflow/DAGs/Stages/Combining Data From Different Sources.py took 0.302 seconds
