[2025-01-15T13:53:03.379+0800] {processor.py:186} INFO - Started process (PID=81530) to work on /Users/edwinjosiahgoh95/airflow/DAGs/Stages/Data Collector - Source 1.py
[2025-01-15T13:53:03.379+0800] {processor.py:914} INFO - Processing file /Users/edwinjosiahgoh95/airflow/DAGs/Stages/Data Collector - Source 1.py for tasks to queue
[2025-01-15T13:53:03.380+0800] {logging_mixin.py:190} INFO - [2025-01-15T13:53:03.380+0800] {dagbag.py:588} INFO - Filling up the DagBag from /Users/edwinjosiahgoh95/airflow/DAGs/Stages/Data Collector - Source 1.py
[2025-01-15T13:53:03.618+0800] {processor.py:927} WARNING - No viable dags retrieved from /Users/edwinjosiahgoh95/airflow/DAGs/Stages/Data Collector - Source 1.py
[2025-01-15T13:53:03.651+0800] {processor.py:208} INFO - Processing /Users/edwinjosiahgoh95/airflow/DAGs/Stages/Data Collector - Source 1.py took 0.274 seconds
[2025-01-15T13:55:30.337+0800] {processor.py:186} INFO - Started process (PID=82866) to work on /Users/edwinjosiahgoh95/airflow/DAGs/Stages/Data Collector - Source 1.py
[2025-01-15T13:55:30.339+0800] {processor.py:914} INFO - Processing file /Users/edwinjosiahgoh95/airflow/DAGs/Stages/Data Collector - Source 1.py for tasks to queue
[2025-01-15T13:55:30.339+0800] {logging_mixin.py:190} INFO - [2025-01-15T13:55:30.339+0800] {dagbag.py:588} INFO - Filling up the DagBag from /Users/edwinjosiahgoh95/airflow/DAGs/Stages/Data Collector - Source 1.py
[2025-01-15T13:55:30.549+0800] {processor.py:927} WARNING - No viable dags retrieved from /Users/edwinjosiahgoh95/airflow/DAGs/Stages/Data Collector - Source 1.py
[2025-01-15T13:55:30.587+0800] {processor.py:208} INFO - Processing /Users/edwinjosiahgoh95/airflow/DAGs/Stages/Data Collector - Source 1.py took 0.252 seconds
[2025-01-15T13:57:33.785+0800] {processor.py:186} INFO - Started process (PID=84114) to work on /Users/edwinjosiahgoh95/airflow/DAGs/Stages/Data Collector - Source 1.py
[2025-01-15T13:57:33.786+0800] {processor.py:914} INFO - Processing file /Users/edwinjosiahgoh95/airflow/DAGs/Stages/Data Collector - Source 1.py for tasks to queue
[2025-01-15T13:57:33.786+0800] {logging_mixin.py:190} INFO - [2025-01-15T13:57:33.786+0800] {dagbag.py:588} INFO - Filling up the DagBag from /Users/edwinjosiahgoh95/airflow/DAGs/Stages/Data Collector - Source 1.py
[2025-01-15T13:57:34.037+0800] {processor.py:927} WARNING - No viable dags retrieved from /Users/edwinjosiahgoh95/airflow/DAGs/Stages/Data Collector - Source 1.py
[2025-01-15T13:57:34.080+0800] {processor.py:208} INFO - Processing /Users/edwinjosiahgoh95/airflow/DAGs/Stages/Data Collector - Source 1.py took 0.299 seconds
[2025-01-15T13:59:27.381+0800] {processor.py:186} INFO - Started process (PID=85233) to work on /Users/edwinjosiahgoh95/airflow/DAGs/Stages/Data Collector - Source 1.py
[2025-01-15T13:59:27.383+0800] {processor.py:914} INFO - Processing file /Users/edwinjosiahgoh95/airflow/DAGs/Stages/Data Collector - Source 1.py for tasks to queue
[2025-01-15T13:59:27.383+0800] {logging_mixin.py:190} INFO - [2025-01-15T13:59:27.383+0800] {dagbag.py:588} INFO - Filling up the DagBag from /Users/edwinjosiahgoh95/airflow/DAGs/Stages/Data Collector - Source 1.py
[2025-01-15T13:59:27.604+0800] {processor.py:927} WARNING - No viable dags retrieved from /Users/edwinjosiahgoh95/airflow/DAGs/Stages/Data Collector - Source 1.py
[2025-01-15T13:59:27.637+0800] {processor.py:208} INFO - Processing /Users/edwinjosiahgoh95/airflow/DAGs/Stages/Data Collector - Source 1.py took 0.257 seconds
[2025-01-15T14:01:33.013+0800] {processor.py:186} INFO - Started process (PID=86420) to work on /Users/edwinjosiahgoh95/airflow/DAGs/Stages/Data Collector - Source 1.py
[2025-01-15T14:01:33.014+0800] {processor.py:914} INFO - Processing file /Users/edwinjosiahgoh95/airflow/DAGs/Stages/Data Collector - Source 1.py for tasks to queue
[2025-01-15T14:01:33.015+0800] {logging_mixin.py:190} INFO - [2025-01-15T14:01:33.015+0800] {dagbag.py:588} INFO - Filling up the DagBag from /Users/edwinjosiahgoh95/airflow/DAGs/Stages/Data Collector - Source 1.py
[2025-01-15T14:01:33.233+0800] {processor.py:927} WARNING - No viable dags retrieved from /Users/edwinjosiahgoh95/airflow/DAGs/Stages/Data Collector - Source 1.py
[2025-01-15T14:01:33.266+0800] {processor.py:208} INFO - Processing /Users/edwinjosiahgoh95/airflow/DAGs/Stages/Data Collector - Source 1.py took 0.255 seconds
[2025-01-15T14:03:21.474+0800] {processor.py:186} INFO - Started process (PID=87425) to work on /Users/edwinjosiahgoh95/airflow/DAGs/Stages/Data Collector - Source 1.py
[2025-01-15T14:03:21.475+0800] {processor.py:914} INFO - Processing file /Users/edwinjosiahgoh95/airflow/DAGs/Stages/Data Collector - Source 1.py for tasks to queue
[2025-01-15T14:03:21.476+0800] {logging_mixin.py:190} INFO - [2025-01-15T14:03:21.476+0800] {dagbag.py:588} INFO - Filling up the DagBag from /Users/edwinjosiahgoh95/airflow/DAGs/Stages/Data Collector - Source 1.py
[2025-01-15T14:03:21.699+0800] {processor.py:927} WARNING - No viable dags retrieved from /Users/edwinjosiahgoh95/airflow/DAGs/Stages/Data Collector - Source 1.py
[2025-01-15T14:03:21.732+0800] {processor.py:208} INFO - Processing /Users/edwinjosiahgoh95/airflow/DAGs/Stages/Data Collector - Source 1.py took 0.259 seconds
[2025-01-15T14:05:14.290+0800] {processor.py:186} INFO - Started process (PID=88493) to work on /Users/edwinjosiahgoh95/airflow/DAGs/Stages/Data Collector - Source 1.py
[2025-01-15T14:05:14.292+0800] {processor.py:914} INFO - Processing file /Users/edwinjosiahgoh95/airflow/DAGs/Stages/Data Collector - Source 1.py for tasks to queue
[2025-01-15T14:05:14.292+0800] {logging_mixin.py:190} INFO - [2025-01-15T14:05:14.292+0800] {dagbag.py:588} INFO - Filling up the DagBag from /Users/edwinjosiahgoh95/airflow/DAGs/Stages/Data Collector - Source 1.py
[2025-01-15T14:05:14.498+0800] {processor.py:927} WARNING - No viable dags retrieved from /Users/edwinjosiahgoh95/airflow/DAGs/Stages/Data Collector - Source 1.py
[2025-01-15T14:05:14.530+0800] {processor.py:208} INFO - Processing /Users/edwinjosiahgoh95/airflow/DAGs/Stages/Data Collector - Source 1.py took 0.242 seconds
[2025-01-15T14:07:14.352+0800] {processor.py:186} INFO - Started process (PID=89634) to work on /Users/edwinjosiahgoh95/airflow/DAGs/Stages/Data Collector - Source 1.py
[2025-01-15T14:07:14.353+0800] {processor.py:914} INFO - Processing file /Users/edwinjosiahgoh95/airflow/DAGs/Stages/Data Collector - Source 1.py for tasks to queue
[2025-01-15T14:07:14.354+0800] {logging_mixin.py:190} INFO - [2025-01-15T14:07:14.354+0800] {dagbag.py:588} INFO - Filling up the DagBag from /Users/edwinjosiahgoh95/airflow/DAGs/Stages/Data Collector - Source 1.py
[2025-01-15T14:07:14.636+0800] {processor.py:927} WARNING - No viable dags retrieved from /Users/edwinjosiahgoh95/airflow/DAGs/Stages/Data Collector - Source 1.py
[2025-01-15T14:07:14.676+0800] {processor.py:208} INFO - Processing /Users/edwinjosiahgoh95/airflow/DAGs/Stages/Data Collector - Source 1.py took 0.326 seconds
[2025-01-15T14:09:15.321+0800] {processor.py:186} INFO - Started process (PID=90781) to work on /Users/edwinjosiahgoh95/airflow/DAGs/Stages/Data Collector - Source 1.py
[2025-01-15T14:09:15.321+0800] {processor.py:914} INFO - Processing file /Users/edwinjosiahgoh95/airflow/DAGs/Stages/Data Collector - Source 1.py for tasks to queue
[2025-01-15T14:09:15.322+0800] {logging_mixin.py:190} INFO - [2025-01-15T14:09:15.322+0800] {dagbag.py:588} INFO - Filling up the DagBag from /Users/edwinjosiahgoh95/airflow/DAGs/Stages/Data Collector - Source 1.py
[2025-01-15T14:09:15.533+0800] {processor.py:927} WARNING - No viable dags retrieved from /Users/edwinjosiahgoh95/airflow/DAGs/Stages/Data Collector - Source 1.py
[2025-01-15T14:09:15.569+0800] {processor.py:208} INFO - Processing /Users/edwinjosiahgoh95/airflow/DAGs/Stages/Data Collector - Source 1.py took 0.250 seconds
[2025-01-15T14:11:18.969+0800] {processor.py:186} INFO - Started process (PID=91954) to work on /Users/edwinjosiahgoh95/airflow/DAGs/Stages/Data Collector - Source 1.py
[2025-01-15T14:11:18.971+0800] {processor.py:914} INFO - Processing file /Users/edwinjosiahgoh95/airflow/DAGs/Stages/Data Collector - Source 1.py for tasks to queue
[2025-01-15T14:11:18.972+0800] {logging_mixin.py:190} INFO - [2025-01-15T14:11:18.972+0800] {dagbag.py:588} INFO - Filling up the DagBag from /Users/edwinjosiahgoh95/airflow/DAGs/Stages/Data Collector - Source 1.py
[2025-01-15T14:11:19.209+0800] {processor.py:927} WARNING - No viable dags retrieved from /Users/edwinjosiahgoh95/airflow/DAGs/Stages/Data Collector - Source 1.py
[2025-01-15T14:11:19.244+0800] {processor.py:208} INFO - Processing /Users/edwinjosiahgoh95/airflow/DAGs/Stages/Data Collector - Source 1.py took 0.276 seconds
[2025-01-15T14:13:07.195+0800] {processor.py:186} INFO - Started process (PID=92942) to work on /Users/edwinjosiahgoh95/airflow/DAGs/Stages/Data Collector - Source 1.py
[2025-01-15T14:13:07.196+0800] {processor.py:914} INFO - Processing file /Users/edwinjosiahgoh95/airflow/DAGs/Stages/Data Collector - Source 1.py for tasks to queue
[2025-01-15T14:13:07.197+0800] {logging_mixin.py:190} INFO - [2025-01-15T14:13:07.197+0800] {dagbag.py:588} INFO - Filling up the DagBag from /Users/edwinjosiahgoh95/airflow/DAGs/Stages/Data Collector - Source 1.py
[2025-01-15T14:13:07.416+0800] {processor.py:927} WARNING - No viable dags retrieved from /Users/edwinjosiahgoh95/airflow/DAGs/Stages/Data Collector - Source 1.py
[2025-01-15T14:13:07.447+0800] {processor.py:208} INFO - Processing /Users/edwinjosiahgoh95/airflow/DAGs/Stages/Data Collector - Source 1.py took 0.255 seconds
[2025-01-15T14:14:52.900+0800] {processor.py:186} INFO - Started process (PID=93952) to work on /Users/edwinjosiahgoh95/airflow/DAGs/Stages/Data Collector - Source 1.py
[2025-01-15T14:14:52.901+0800] {processor.py:914} INFO - Processing file /Users/edwinjosiahgoh95/airflow/DAGs/Stages/Data Collector - Source 1.py for tasks to queue
[2025-01-15T14:14:52.901+0800] {logging_mixin.py:190} INFO - [2025-01-15T14:14:52.901+0800] {dagbag.py:588} INFO - Filling up the DagBag from /Users/edwinjosiahgoh95/airflow/DAGs/Stages/Data Collector - Source 1.py
[2025-01-15T14:14:53.147+0800] {processor.py:927} WARNING - No viable dags retrieved from /Users/edwinjosiahgoh95/airflow/DAGs/Stages/Data Collector - Source 1.py
[2025-01-15T14:14:53.180+0800] {processor.py:208} INFO - Processing /Users/edwinjosiahgoh95/airflow/DAGs/Stages/Data Collector - Source 1.py took 0.284 seconds
[2025-01-15T14:16:51.532+0800] {processor.py:186} INFO - Started process (PID=95083) to work on /Users/edwinjosiahgoh95/airflow/DAGs/Stages/Data Collector - Source 1.py
[2025-01-15T14:16:51.533+0800] {processor.py:914} INFO - Processing file /Users/edwinjosiahgoh95/airflow/DAGs/Stages/Data Collector - Source 1.py for tasks to queue
[2025-01-15T14:16:51.534+0800] {logging_mixin.py:190} INFO - [2025-01-15T14:16:51.533+0800] {dagbag.py:588} INFO - Filling up the DagBag from /Users/edwinjosiahgoh95/airflow/DAGs/Stages/Data Collector - Source 1.py
[2025-01-15T14:16:51.783+0800] {processor.py:927} WARNING - No viable dags retrieved from /Users/edwinjosiahgoh95/airflow/DAGs/Stages/Data Collector - Source 1.py
[2025-01-15T14:16:51.819+0800] {processor.py:208} INFO - Processing /Users/edwinjosiahgoh95/airflow/DAGs/Stages/Data Collector - Source 1.py took 0.289 seconds
[2025-01-15T14:18:48.807+0800] {processor.py:186} INFO - Started process (PID=96165) to work on /Users/edwinjosiahgoh95/airflow/DAGs/Stages/Data Collector - Source 1.py
[2025-01-15T14:18:48.809+0800] {processor.py:914} INFO - Processing file /Users/edwinjosiahgoh95/airflow/DAGs/Stages/Data Collector - Source 1.py for tasks to queue
[2025-01-15T14:18:48.809+0800] {logging_mixin.py:190} INFO - [2025-01-15T14:18:48.809+0800] {dagbag.py:588} INFO - Filling up the DagBag from /Users/edwinjosiahgoh95/airflow/DAGs/Stages/Data Collector - Source 1.py
[2025-01-15T14:18:49.054+0800] {processor.py:927} WARNING - No viable dags retrieved from /Users/edwinjosiahgoh95/airflow/DAGs/Stages/Data Collector - Source 1.py
[2025-01-15T14:18:49.090+0800] {processor.py:208} INFO - Processing /Users/edwinjosiahgoh95/airflow/DAGs/Stages/Data Collector - Source 1.py took 0.285 seconds
[2025-01-15T14:20:43.746+0800] {processor.py:186} INFO - Started process (PID=97202) to work on /Users/edwinjosiahgoh95/airflow/DAGs/Stages/Data Collector - Source 1.py
[2025-01-15T14:20:43.748+0800] {processor.py:914} INFO - Processing file /Users/edwinjosiahgoh95/airflow/DAGs/Stages/Data Collector - Source 1.py for tasks to queue
[2025-01-15T14:20:43.748+0800] {logging_mixin.py:190} INFO - [2025-01-15T14:20:43.748+0800] {dagbag.py:588} INFO - Filling up the DagBag from /Users/edwinjosiahgoh95/airflow/DAGs/Stages/Data Collector - Source 1.py
[2025-01-15T14:20:43.958+0800] {processor.py:927} WARNING - No viable dags retrieved from /Users/edwinjosiahgoh95/airflow/DAGs/Stages/Data Collector - Source 1.py
[2025-01-15T14:20:43.991+0800] {processor.py:208} INFO - Processing /Users/edwinjosiahgoh95/airflow/DAGs/Stages/Data Collector - Source 1.py took 0.246 seconds
[2025-01-15T14:22:41.855+0800] {processor.py:186} INFO - Started process (PID=98289) to work on /Users/edwinjosiahgoh95/airflow/DAGs/Stages/Data Collector - Source 1.py
[2025-01-15T14:22:41.856+0800] {processor.py:914} INFO - Processing file /Users/edwinjosiahgoh95/airflow/DAGs/Stages/Data Collector - Source 1.py for tasks to queue
[2025-01-15T14:22:41.857+0800] {logging_mixin.py:190} INFO - [2025-01-15T14:22:41.857+0800] {dagbag.py:588} INFO - Filling up the DagBag from /Users/edwinjosiahgoh95/airflow/DAGs/Stages/Data Collector - Source 1.py
[2025-01-15T14:22:42.065+0800] {processor.py:927} WARNING - No viable dags retrieved from /Users/edwinjosiahgoh95/airflow/DAGs/Stages/Data Collector - Source 1.py
[2025-01-15T14:22:42.097+0800] {processor.py:208} INFO - Processing /Users/edwinjosiahgoh95/airflow/DAGs/Stages/Data Collector - Source 1.py took 0.244 seconds
[2025-01-15T14:24:23.679+0800] {processor.py:186} INFO - Started process (PID=99214) to work on /Users/edwinjosiahgoh95/airflow/DAGs/Stages/Data Collector - Source 1.py
[2025-01-15T14:24:23.681+0800] {processor.py:914} INFO - Processing file /Users/edwinjosiahgoh95/airflow/DAGs/Stages/Data Collector - Source 1.py for tasks to queue
[2025-01-15T14:24:23.681+0800] {logging_mixin.py:190} INFO - [2025-01-15T14:24:23.681+0800] {dagbag.py:588} INFO - Filling up the DagBag from /Users/edwinjosiahgoh95/airflow/DAGs/Stages/Data Collector - Source 1.py
[2025-01-15T14:24:23.893+0800] {processor.py:927} WARNING - No viable dags retrieved from /Users/edwinjosiahgoh95/airflow/DAGs/Stages/Data Collector - Source 1.py
[2025-01-15T14:24:23.925+0800] {processor.py:208} INFO - Processing /Users/edwinjosiahgoh95/airflow/DAGs/Stages/Data Collector - Source 1.py took 0.247 seconds
[2025-01-15T14:26:25.953+0800] {processor.py:186} INFO - Started process (PID=542) to work on /Users/edwinjosiahgoh95/airflow/DAGs/Stages/Data Collector - Source 1.py
[2025-01-15T14:26:25.955+0800] {processor.py:914} INFO - Processing file /Users/edwinjosiahgoh95/airflow/DAGs/Stages/Data Collector - Source 1.py for tasks to queue
[2025-01-15T14:26:25.955+0800] {logging_mixin.py:190} INFO - [2025-01-15T14:26:25.955+0800] {dagbag.py:588} INFO - Filling up the DagBag from /Users/edwinjosiahgoh95/airflow/DAGs/Stages/Data Collector - Source 1.py
[2025-01-15T14:26:26.172+0800] {processor.py:927} WARNING - No viable dags retrieved from /Users/edwinjosiahgoh95/airflow/DAGs/Stages/Data Collector - Source 1.py
[2025-01-15T14:26:26.204+0800] {processor.py:208} INFO - Processing /Users/edwinjosiahgoh95/airflow/DAGs/Stages/Data Collector - Source 1.py took 0.253 seconds
[2025-01-15T14:28:13.329+0800] {processor.py:186} INFO - Started process (PID=1748) to work on /Users/edwinjosiahgoh95/airflow/DAGs/Stages/Data Collector - Source 1.py
[2025-01-15T14:28:13.330+0800] {processor.py:914} INFO - Processing file /Users/edwinjosiahgoh95/airflow/DAGs/Stages/Data Collector - Source 1.py for tasks to queue
[2025-01-15T14:28:13.330+0800] {logging_mixin.py:190} INFO - [2025-01-15T14:28:13.330+0800] {dagbag.py:588} INFO - Filling up the DagBag from /Users/edwinjosiahgoh95/airflow/DAGs/Stages/Data Collector - Source 1.py
[2025-01-15T14:28:13.557+0800] {processor.py:927} WARNING - No viable dags retrieved from /Users/edwinjosiahgoh95/airflow/DAGs/Stages/Data Collector - Source 1.py
[2025-01-15T14:28:13.595+0800] {processor.py:208} INFO - Processing /Users/edwinjosiahgoh95/airflow/DAGs/Stages/Data Collector - Source 1.py took 0.268 seconds
[2025-01-15T14:29:59.286+0800] {processor.py:186} INFO - Started process (PID=3211) to work on /Users/edwinjosiahgoh95/airflow/DAGs/Stages/Data Collector - Source 1.py
[2025-01-15T14:29:59.287+0800] {processor.py:914} INFO - Processing file /Users/edwinjosiahgoh95/airflow/DAGs/Stages/Data Collector - Source 1.py for tasks to queue
[2025-01-15T14:29:59.288+0800] {logging_mixin.py:190} INFO - [2025-01-15T14:29:59.287+0800] {dagbag.py:588} INFO - Filling up the DagBag from /Users/edwinjosiahgoh95/airflow/DAGs/Stages/Data Collector - Source 1.py
[2025-01-15T14:29:59.501+0800] {processor.py:927} WARNING - No viable dags retrieved from /Users/edwinjosiahgoh95/airflow/DAGs/Stages/Data Collector - Source 1.py
[2025-01-15T14:29:59.534+0800] {processor.py:208} INFO - Processing /Users/edwinjosiahgoh95/airflow/DAGs/Stages/Data Collector - Source 1.py took 0.250 seconds
