[2025-01-15T13:52:55.739+0800] {processor.py:186} INFO - Started process (PID=81465) to work on /Users/edwinjosiahgoh95/airflow/DAGs/Stages/Data Collector - Source 2.py
[2025-01-15T13:52:55.740+0800] {processor.py:914} INFO - Processing file /Users/edwinjosiahgoh95/airflow/DAGs/Stages/Data Collector - Source 2.py for tasks to queue
[2025-01-15T13:52:55.740+0800] {logging_mixin.py:190} INFO - [2025-01-15T13:52:55.740+0800] {dagbag.py:588} INFO - Filling up the DagBag from /Users/edwinjosiahgoh95/airflow/DAGs/Stages/Data Collector - Source 2.py
[2025-01-15T13:52:56.009+0800] {logging_mixin.py:190} INFO - [2025-01-15T13:52:56.005+0800] {dagbag.py:387} ERROR - Failed to import: /Users/edwinjosiahgoh95/airflow/DAGs/Stages/Data Collector - Source 2.py
Traceback (most recent call last):
  File "/opt/anaconda3/envs/PyTorch/lib/python3.11/site-packages/airflow/models/dagbag.py", line 383, in parse
    loader.exec_module(new_module)
  File "<frozen importlib._bootstrap_external>", line 940, in exec_module
  File "<frozen importlib._bootstrap>", line 241, in _call_with_frames_removed
  File "/Users/edwinjosiahgoh95/airflow/DAGs/Stages/Data Collector - Source 2.py", line 9, in <module>
    df.to_csv('/Users/edwinjosiahgoh95/airflow/DAGs/Stages/Data/Source 2.csv')
  File "/opt/anaconda3/envs/PyTorch/lib/python3.11/site-packages/pandas/util/_decorators.py", line 333, in wrapper
    return func(*args, **kwargs)
           ^^^^^^^^^^^^^^^^^^^^^
  File "/opt/anaconda3/envs/PyTorch/lib/python3.11/site-packages/pandas/core/generic.py", line 3967, in to_csv
    return DataFrameRenderer(formatter).to_csv(
           ^^^^^^^^^^^^^^^^^^^^^^^^^^^^^^^^^^^^
  File "/opt/anaconda3/envs/PyTorch/lib/python3.11/site-packages/pandas/io/formats/format.py", line 1014, in to_csv
    csv_formatter.save()
  File "/opt/anaconda3/envs/PyTorch/lib/python3.11/site-packages/pandas/io/formats/csvs.py", line 251, in save
    with get_handle(
         ^^^^^^^^^^^
  File "/opt/anaconda3/envs/PyTorch/lib/python3.11/site-packages/pandas/io/common.py", line 749, in get_handle
    check_parent_directory(str(handle))
  File "/opt/anaconda3/envs/PyTorch/lib/python3.11/site-packages/pandas/io/common.py", line 616, in check_parent_directory
    raise OSError(rf"Cannot save file into a non-existent directory: '{parent}'")
OSError: Cannot save file into a non-existent directory: '/Users/edwinjosiahgoh95/airflow/DAGs/Stages/Data'
[2025-01-15T13:52:56.009+0800] {processor.py:927} WARNING - No viable dags retrieved from /Users/edwinjosiahgoh95/airflow/DAGs/Stages/Data Collector - Source 2.py
[2025-01-15T13:52:56.059+0800] {processor.py:208} INFO - Processing /Users/edwinjosiahgoh95/airflow/DAGs/Stages/Data Collector - Source 2.py took 0.321 seconds
[2025-01-15T13:55:28.819+0800] {processor.py:186} INFO - Started process (PID=82853) to work on /Users/edwinjosiahgoh95/airflow/DAGs/Stages/Data Collector - Source 2.py
[2025-01-15T13:55:28.820+0800] {processor.py:914} INFO - Processing file /Users/edwinjosiahgoh95/airflow/DAGs/Stages/Data Collector - Source 2.py for tasks to queue
[2025-01-15T13:55:28.821+0800] {logging_mixin.py:190} INFO - [2025-01-15T13:55:28.821+0800] {dagbag.py:588} INFO - Filling up the DagBag from /Users/edwinjosiahgoh95/airflow/DAGs/Stages/Data Collector - Source 2.py
[2025-01-15T13:55:29.037+0800] {processor.py:927} WARNING - No viable dags retrieved from /Users/edwinjosiahgoh95/airflow/DAGs/Stages/Data Collector - Source 2.py
[2025-01-15T13:55:29.069+0800] {processor.py:208} INFO - Processing /Users/edwinjosiahgoh95/airflow/DAGs/Stages/Data Collector - Source 2.py took 0.252 seconds
[2025-01-15T13:57:31.135+0800] {processor.py:186} INFO - Started process (PID=84085) to work on /Users/edwinjosiahgoh95/airflow/DAGs/Stages/Data Collector - Source 2.py
[2025-01-15T13:57:31.136+0800] {processor.py:914} INFO - Processing file /Users/edwinjosiahgoh95/airflow/DAGs/Stages/Data Collector - Source 2.py for tasks to queue
[2025-01-15T13:57:31.136+0800] {logging_mixin.py:190} INFO - [2025-01-15T13:57:31.136+0800] {dagbag.py:588} INFO - Filling up the DagBag from /Users/edwinjosiahgoh95/airflow/DAGs/Stages/Data Collector - Source 2.py
[2025-01-15T13:57:31.381+0800] {processor.py:927} WARNING - No viable dags retrieved from /Users/edwinjosiahgoh95/airflow/DAGs/Stages/Data Collector - Source 2.py
[2025-01-15T13:57:31.416+0800] {processor.py:208} INFO - Processing /Users/edwinjosiahgoh95/airflow/DAGs/Stages/Data Collector - Source 2.py took 0.282 seconds
[2025-01-15T13:59:24.968+0800] {processor.py:186} INFO - Started process (PID=85214) to work on /Users/edwinjosiahgoh95/airflow/DAGs/Stages/Data Collector - Source 2.py
[2025-01-15T13:59:24.969+0800] {processor.py:914} INFO - Processing file /Users/edwinjosiahgoh95/airflow/DAGs/Stages/Data Collector - Source 2.py for tasks to queue
[2025-01-15T13:59:24.969+0800] {logging_mixin.py:190} INFO - [2025-01-15T13:59:24.969+0800] {dagbag.py:588} INFO - Filling up the DagBag from /Users/edwinjosiahgoh95/airflow/DAGs/Stages/Data Collector - Source 2.py
[2025-01-15T13:59:25.179+0800] {processor.py:927} WARNING - No viable dags retrieved from /Users/edwinjosiahgoh95/airflow/DAGs/Stages/Data Collector - Source 2.py
[2025-01-15T13:59:25.211+0800] {processor.py:208} INFO - Processing /Users/edwinjosiahgoh95/airflow/DAGs/Stages/Data Collector - Source 2.py took 0.245 seconds
[2025-01-15T14:01:31.475+0800] {processor.py:186} INFO - Started process (PID=86407) to work on /Users/edwinjosiahgoh95/airflow/DAGs/Stages/Data Collector - Source 2.py
[2025-01-15T14:01:31.475+0800] {processor.py:914} INFO - Processing file /Users/edwinjosiahgoh95/airflow/DAGs/Stages/Data Collector - Source 2.py for tasks to queue
[2025-01-15T14:01:31.476+0800] {logging_mixin.py:190} INFO - [2025-01-15T14:01:31.476+0800] {dagbag.py:588} INFO - Filling up the DagBag from /Users/edwinjosiahgoh95/airflow/DAGs/Stages/Data Collector - Source 2.py
[2025-01-15T14:01:31.694+0800] {processor.py:927} WARNING - No viable dags retrieved from /Users/edwinjosiahgoh95/airflow/DAGs/Stages/Data Collector - Source 2.py
[2025-01-15T14:01:31.726+0800] {processor.py:208} INFO - Processing /Users/edwinjosiahgoh95/airflow/DAGs/Stages/Data Collector - Source 2.py took 0.254 seconds
[2025-01-15T14:03:18.934+0800] {processor.py:186} INFO - Started process (PID=87390) to work on /Users/edwinjosiahgoh95/airflow/DAGs/Stages/Data Collector - Source 2.py
[2025-01-15T14:03:18.936+0800] {processor.py:914} INFO - Processing file /Users/edwinjosiahgoh95/airflow/DAGs/Stages/Data Collector - Source 2.py for tasks to queue
[2025-01-15T14:03:18.937+0800] {logging_mixin.py:190} INFO - [2025-01-15T14:03:18.937+0800] {dagbag.py:588} INFO - Filling up the DagBag from /Users/edwinjosiahgoh95/airflow/DAGs/Stages/Data Collector - Source 2.py
[2025-01-15T14:03:19.179+0800] {processor.py:927} WARNING - No viable dags retrieved from /Users/edwinjosiahgoh95/airflow/DAGs/Stages/Data Collector - Source 2.py
[2025-01-15T14:03:19.213+0800] {processor.py:208} INFO - Processing /Users/edwinjosiahgoh95/airflow/DAGs/Stages/Data Collector - Source 2.py took 0.281 seconds
[2025-01-15T14:05:10.711+0800] {processor.py:186} INFO - Started process (PID=88457) to work on /Users/edwinjosiahgoh95/airflow/DAGs/Stages/Data Collector - Source 2.py
[2025-01-15T14:05:10.712+0800] {processor.py:914} INFO - Processing file /Users/edwinjosiahgoh95/airflow/DAGs/Stages/Data Collector - Source 2.py for tasks to queue
[2025-01-15T14:05:10.712+0800] {logging_mixin.py:190} INFO - [2025-01-15T14:05:10.712+0800] {dagbag.py:588} INFO - Filling up the DagBag from /Users/edwinjosiahgoh95/airflow/DAGs/Stages/Data Collector - Source 2.py
[2025-01-15T14:05:10.973+0800] {processor.py:927} WARNING - No viable dags retrieved from /Users/edwinjosiahgoh95/airflow/DAGs/Stages/Data Collector - Source 2.py
[2025-01-15T14:05:11.010+0800] {processor.py:208} INFO - Processing /Users/edwinjosiahgoh95/airflow/DAGs/Stages/Data Collector - Source 2.py took 0.301 seconds
[2025-01-15T14:07:11.769+0800] {processor.py:186} INFO - Started process (PID=89616) to work on /Users/edwinjosiahgoh95/airflow/DAGs/Stages/Data Collector - Source 2.py
[2025-01-15T14:07:11.770+0800] {processor.py:914} INFO - Processing file /Users/edwinjosiahgoh95/airflow/DAGs/Stages/Data Collector - Source 2.py for tasks to queue
[2025-01-15T14:07:11.771+0800] {logging_mixin.py:190} INFO - [2025-01-15T14:07:11.771+0800] {dagbag.py:588} INFO - Filling up the DagBag from /Users/edwinjosiahgoh95/airflow/DAGs/Stages/Data Collector - Source 2.py
[2025-01-15T14:07:12.009+0800] {processor.py:927} WARNING - No viable dags retrieved from /Users/edwinjosiahgoh95/airflow/DAGs/Stages/Data Collector - Source 2.py
[2025-01-15T14:07:12.044+0800] {processor.py:208} INFO - Processing /Users/edwinjosiahgoh95/airflow/DAGs/Stages/Data Collector - Source 2.py took 0.277 seconds
[2025-01-15T14:09:11.207+0800] {processor.py:186} INFO - Started process (PID=90742) to work on /Users/edwinjosiahgoh95/airflow/DAGs/Stages/Data Collector - Source 2.py
[2025-01-15T14:09:11.209+0800] {processor.py:914} INFO - Processing file /Users/edwinjosiahgoh95/airflow/DAGs/Stages/Data Collector - Source 2.py for tasks to queue
[2025-01-15T14:09:11.209+0800] {logging_mixin.py:190} INFO - [2025-01-15T14:09:11.209+0800] {dagbag.py:588} INFO - Filling up the DagBag from /Users/edwinjosiahgoh95/airflow/DAGs/Stages/Data Collector - Source 2.py
[2025-01-15T14:09:11.432+0800] {processor.py:927} WARNING - No viable dags retrieved from /Users/edwinjosiahgoh95/airflow/DAGs/Stages/Data Collector - Source 2.py
[2025-01-15T14:09:11.467+0800] {processor.py:208} INFO - Processing /Users/edwinjosiahgoh95/airflow/DAGs/Stages/Data Collector - Source 2.py took 0.262 seconds
[2025-01-15T14:11:16.372+0800] {processor.py:186} INFO - Started process (PID=91916) to work on /Users/edwinjosiahgoh95/airflow/DAGs/Stages/Data Collector - Source 2.py
[2025-01-15T14:11:16.373+0800] {processor.py:914} INFO - Processing file /Users/edwinjosiahgoh95/airflow/DAGs/Stages/Data Collector - Source 2.py for tasks to queue
[2025-01-15T14:11:16.374+0800] {logging_mixin.py:190} INFO - [2025-01-15T14:11:16.374+0800] {dagbag.py:588} INFO - Filling up the DagBag from /Users/edwinjosiahgoh95/airflow/DAGs/Stages/Data Collector - Source 2.py
[2025-01-15T14:11:16.631+0800] {processor.py:927} WARNING - No viable dags retrieved from /Users/edwinjosiahgoh95/airflow/DAGs/Stages/Data Collector - Source 2.py
[2025-01-15T14:11:16.672+0800] {processor.py:208} INFO - Processing /Users/edwinjosiahgoh95/airflow/DAGs/Stages/Data Collector - Source 2.py took 0.303 seconds
[2025-01-15T14:13:04.727+0800] {processor.py:186} INFO - Started process (PID=92921) to work on /Users/edwinjosiahgoh95/airflow/DAGs/Stages/Data Collector - Source 2.py
[2025-01-15T14:13:04.728+0800] {processor.py:914} INFO - Processing file /Users/edwinjosiahgoh95/airflow/DAGs/Stages/Data Collector - Source 2.py for tasks to queue
[2025-01-15T14:13:04.729+0800] {logging_mixin.py:190} INFO - [2025-01-15T14:13:04.728+0800] {dagbag.py:588} INFO - Filling up the DagBag from /Users/edwinjosiahgoh95/airflow/DAGs/Stages/Data Collector - Source 2.py
[2025-01-15T14:13:04.937+0800] {processor.py:927} WARNING - No viable dags retrieved from /Users/edwinjosiahgoh95/airflow/DAGs/Stages/Data Collector - Source 2.py
[2025-01-15T14:13:04.969+0800] {processor.py:208} INFO - Processing /Users/edwinjosiahgoh95/airflow/DAGs/Stages/Data Collector - Source 2.py took 0.244 seconds
[2025-01-15T14:14:51.072+0800] {processor.py:186} INFO - Started process (PID=93944) to work on /Users/edwinjosiahgoh95/airflow/DAGs/Stages/Data Collector - Source 2.py
[2025-01-15T14:14:51.073+0800] {processor.py:914} INFO - Processing file /Users/edwinjosiahgoh95/airflow/DAGs/Stages/Data Collector - Source 2.py for tasks to queue
[2025-01-15T14:14:51.074+0800] {logging_mixin.py:190} INFO - [2025-01-15T14:14:51.074+0800] {dagbag.py:588} INFO - Filling up the DagBag from /Users/edwinjosiahgoh95/airflow/DAGs/Stages/Data Collector - Source 2.py
[2025-01-15T14:14:51.304+0800] {processor.py:927} WARNING - No viable dags retrieved from /Users/edwinjosiahgoh95/airflow/DAGs/Stages/Data Collector - Source 2.py
[2025-01-15T14:14:51.336+0800] {processor.py:208} INFO - Processing /Users/edwinjosiahgoh95/airflow/DAGs/Stages/Data Collector - Source 2.py took 0.267 seconds
[2025-01-15T14:16:48.994+0800] {processor.py:186} INFO - Started process (PID=95066) to work on /Users/edwinjosiahgoh95/airflow/DAGs/Stages/Data Collector - Source 2.py
[2025-01-15T14:16:48.995+0800] {processor.py:914} INFO - Processing file /Users/edwinjosiahgoh95/airflow/DAGs/Stages/Data Collector - Source 2.py for tasks to queue
[2025-01-15T14:16:48.996+0800] {logging_mixin.py:190} INFO - [2025-01-15T14:16:48.996+0800] {dagbag.py:588} INFO - Filling up the DagBag from /Users/edwinjosiahgoh95/airflow/DAGs/Stages/Data Collector - Source 2.py
[2025-01-15T14:16:49.246+0800] {processor.py:927} WARNING - No viable dags retrieved from /Users/edwinjosiahgoh95/airflow/DAGs/Stages/Data Collector - Source 2.py
[2025-01-15T14:16:49.281+0800] {processor.py:208} INFO - Processing /Users/edwinjosiahgoh95/airflow/DAGs/Stages/Data Collector - Source 2.py took 0.290 seconds
[2025-01-15T14:18:46.264+0800] {processor.py:186} INFO - Started process (PID=96137) to work on /Users/edwinjosiahgoh95/airflow/DAGs/Stages/Data Collector - Source 2.py
[2025-01-15T14:18:46.265+0800] {processor.py:914} INFO - Processing file /Users/edwinjosiahgoh95/airflow/DAGs/Stages/Data Collector - Source 2.py for tasks to queue
[2025-01-15T14:18:46.265+0800] {logging_mixin.py:190} INFO - [2025-01-15T14:18:46.265+0800] {dagbag.py:588} INFO - Filling up the DagBag from /Users/edwinjosiahgoh95/airflow/DAGs/Stages/Data Collector - Source 2.py
[2025-01-15T14:18:46.498+0800] {processor.py:927} WARNING - No viable dags retrieved from /Users/edwinjosiahgoh95/airflow/DAGs/Stages/Data Collector - Source 2.py
[2025-01-15T14:18:46.533+0800] {processor.py:208} INFO - Processing /Users/edwinjosiahgoh95/airflow/DAGs/Stages/Data Collector - Source 2.py took 0.272 seconds
[2025-01-15T14:20:41.359+0800] {processor.py:186} INFO - Started process (PID=97182) to work on /Users/edwinjosiahgoh95/airflow/DAGs/Stages/Data Collector - Source 2.py
[2025-01-15T14:20:41.360+0800] {processor.py:914} INFO - Processing file /Users/edwinjosiahgoh95/airflow/DAGs/Stages/Data Collector - Source 2.py for tasks to queue
[2025-01-15T14:20:41.361+0800] {logging_mixin.py:190} INFO - [2025-01-15T14:20:41.361+0800] {dagbag.py:588} INFO - Filling up the DagBag from /Users/edwinjosiahgoh95/airflow/DAGs/Stages/Data Collector - Source 2.py
[2025-01-15T14:20:41.576+0800] {processor.py:927} WARNING - No viable dags retrieved from /Users/edwinjosiahgoh95/airflow/DAGs/Stages/Data Collector - Source 2.py
[2025-01-15T14:20:41.611+0800] {processor.py:208} INFO - Processing /Users/edwinjosiahgoh95/airflow/DAGs/Stages/Data Collector - Source 2.py took 0.254 seconds
[2025-01-15T14:22:40.244+0800] {processor.py:186} INFO - Started process (PID=98274) to work on /Users/edwinjosiahgoh95/airflow/DAGs/Stages/Data Collector - Source 2.py
[2025-01-15T14:22:40.247+0800] {processor.py:914} INFO - Processing file /Users/edwinjosiahgoh95/airflow/DAGs/Stages/Data Collector - Source 2.py for tasks to queue
[2025-01-15T14:22:40.248+0800] {logging_mixin.py:190} INFO - [2025-01-15T14:22:40.248+0800] {dagbag.py:588} INFO - Filling up the DagBag from /Users/edwinjosiahgoh95/airflow/DAGs/Stages/Data Collector - Source 2.py
[2025-01-15T14:22:40.474+0800] {processor.py:927} WARNING - No viable dags retrieved from /Users/edwinjosiahgoh95/airflow/DAGs/Stages/Data Collector - Source 2.py
[2025-01-15T14:22:40.511+0800] {processor.py:208} INFO - Processing /Users/edwinjosiahgoh95/airflow/DAGs/Stages/Data Collector - Source 2.py took 0.269 seconds
[2025-01-15T14:24:21.282+0800] {processor.py:186} INFO - Started process (PID=99190) to work on /Users/edwinjosiahgoh95/airflow/DAGs/Stages/Data Collector - Source 2.py
[2025-01-15T14:24:21.283+0800] {processor.py:914} INFO - Processing file /Users/edwinjosiahgoh95/airflow/DAGs/Stages/Data Collector - Source 2.py for tasks to queue
[2025-01-15T14:24:21.284+0800] {logging_mixin.py:190} INFO - [2025-01-15T14:24:21.284+0800] {dagbag.py:588} INFO - Filling up the DagBag from /Users/edwinjosiahgoh95/airflow/DAGs/Stages/Data Collector - Source 2.py
[2025-01-15T14:24:21.496+0800] {processor.py:927} WARNING - No viable dags retrieved from /Users/edwinjosiahgoh95/airflow/DAGs/Stages/Data Collector - Source 2.py
[2025-01-15T14:24:21.528+0800] {processor.py:208} INFO - Processing /Users/edwinjosiahgoh95/airflow/DAGs/Stages/Data Collector - Source 2.py took 0.248 seconds
[2025-01-15T14:26:23.527+0800] {processor.py:186} INFO - Started process (PID=521) to work on /Users/edwinjosiahgoh95/airflow/DAGs/Stages/Data Collector - Source 2.py
[2025-01-15T14:26:23.528+0800] {processor.py:914} INFO - Processing file /Users/edwinjosiahgoh95/airflow/DAGs/Stages/Data Collector - Source 2.py for tasks to queue
[2025-01-15T14:26:23.528+0800] {logging_mixin.py:190} INFO - [2025-01-15T14:26:23.528+0800] {dagbag.py:588} INFO - Filling up the DagBag from /Users/edwinjosiahgoh95/airflow/DAGs/Stages/Data Collector - Source 2.py
[2025-01-15T14:26:23.758+0800] {processor.py:927} WARNING - No viable dags retrieved from /Users/edwinjosiahgoh95/airflow/DAGs/Stages/Data Collector - Source 2.py
[2025-01-15T14:26:23.790+0800] {processor.py:208} INFO - Processing /Users/edwinjosiahgoh95/airflow/DAGs/Stages/Data Collector - Source 2.py took 0.265 seconds
[2025-01-15T14:28:10.863+0800] {processor.py:186} INFO - Started process (PID=1731) to work on /Users/edwinjosiahgoh95/airflow/DAGs/Stages/Data Collector - Source 2.py
[2025-01-15T14:28:10.864+0800] {processor.py:914} INFO - Processing file /Users/edwinjosiahgoh95/airflow/DAGs/Stages/Data Collector - Source 2.py for tasks to queue
[2025-01-15T14:28:10.865+0800] {logging_mixin.py:190} INFO - [2025-01-15T14:28:10.865+0800] {dagbag.py:588} INFO - Filling up the DagBag from /Users/edwinjosiahgoh95/airflow/DAGs/Stages/Data Collector - Source 2.py
[2025-01-15T14:28:11.084+0800] {processor.py:927} WARNING - No viable dags retrieved from /Users/edwinjosiahgoh95/airflow/DAGs/Stages/Data Collector - Source 2.py
[2025-01-15T14:28:11.117+0800] {processor.py:208} INFO - Processing /Users/edwinjosiahgoh95/airflow/DAGs/Stages/Data Collector - Source 2.py took 0.255 seconds
[2025-01-15T14:29:56.904+0800] {processor.py:186} INFO - Started process (PID=3189) to work on /Users/edwinjosiahgoh95/airflow/DAGs/Stages/Data Collector - Source 2.py
[2025-01-15T14:29:56.905+0800] {processor.py:914} INFO - Processing file /Users/edwinjosiahgoh95/airflow/DAGs/Stages/Data Collector - Source 2.py for tasks to queue
[2025-01-15T14:29:56.906+0800] {logging_mixin.py:190} INFO - [2025-01-15T14:29:56.906+0800] {dagbag.py:588} INFO - Filling up the DagBag from /Users/edwinjosiahgoh95/airflow/DAGs/Stages/Data Collector - Source 2.py
[2025-01-15T14:29:57.117+0800] {processor.py:927} WARNING - No viable dags retrieved from /Users/edwinjosiahgoh95/airflow/DAGs/Stages/Data Collector - Source 2.py
[2025-01-15T14:29:57.149+0800] {processor.py:208} INFO - Processing /Users/edwinjosiahgoh95/airflow/DAGs/Stages/Data Collector - Source 2.py took 0.246 seconds
