[2025-01-15T13:53:01.164+0800] {processor.py:186} INFO - Started process (PID=81509) to work on /Users/edwinjosiahgoh95/airflow/DAGs/Stages/Initialize Data Directory.py
[2025-01-15T13:53:01.166+0800] {processor.py:914} INFO - Processing file /Users/edwinjosiahgoh95/airflow/DAGs/Stages/Initialize Data Directory.py for tasks to queue
[2025-01-15T13:53:01.169+0800] {logging_mixin.py:190} INFO - [2025-01-15T13:53:01.169+0800] {dagbag.py:588} INFO - Filling up the DagBag from /Users/edwinjosiahgoh95/airflow/DAGs/Stages/Initialize Data Directory.py
[2025-01-15T13:53:01.171+0800] {logging_mixin.py:190} INFO - Data directory has been created!
[2025-01-15T13:53:01.171+0800] {processor.py:927} WARNING - No viable dags retrieved from /Users/edwinjosiahgoh95/airflow/DAGs/Stages/Initialize Data Directory.py
[2025-01-15T13:53:01.213+0800] {processor.py:208} INFO - Processing /Users/edwinjosiahgoh95/airflow/DAGs/Stages/Initialize Data Directory.py took 0.054 seconds
[2025-01-15T13:55:32.752+0800] {processor.py:186} INFO - Started process (PID=82890) to work on /Users/edwinjosiahgoh95/airflow/DAGs/Stages/Initialize Data Directory.py
[2025-01-15T13:55:32.754+0800] {processor.py:914} INFO - Processing file /Users/edwinjosiahgoh95/airflow/DAGs/Stages/Initialize Data Directory.py for tasks to queue
[2025-01-15T13:55:32.754+0800] {logging_mixin.py:190} INFO - [2025-01-15T13:55:32.754+0800] {dagbag.py:588} INFO - Filling up the DagBag from /Users/edwinjosiahgoh95/airflow/DAGs/Stages/Initialize Data Directory.py
[2025-01-15T13:55:32.755+0800] {processor.py:927} WARNING - No viable dags retrieved from /Users/edwinjosiahgoh95/airflow/DAGs/Stages/Initialize Data Directory.py
[2025-01-15T13:55:32.787+0800] {processor.py:208} INFO - Processing /Users/edwinjosiahgoh95/airflow/DAGs/Stages/Initialize Data Directory.py took 0.037 seconds
[2025-01-15T13:57:36.390+0800] {processor.py:186} INFO - Started process (PID=84143) to work on /Users/edwinjosiahgoh95/airflow/DAGs/Stages/Initialize Data Directory.py
[2025-01-15T13:57:36.393+0800] {processor.py:914} INFO - Processing file /Users/edwinjosiahgoh95/airflow/DAGs/Stages/Initialize Data Directory.py for tasks to queue
[2025-01-15T13:57:36.394+0800] {logging_mixin.py:190} INFO - [2025-01-15T13:57:36.393+0800] {dagbag.py:588} INFO - Filling up the DagBag from /Users/edwinjosiahgoh95/airflow/DAGs/Stages/Initialize Data Directory.py
[2025-01-15T13:57:36.394+0800] {processor.py:927} WARNING - No viable dags retrieved from /Users/edwinjosiahgoh95/airflow/DAGs/Stages/Initialize Data Directory.py
[2025-01-15T13:57:36.431+0800] {processor.py:208} INFO - Processing /Users/edwinjosiahgoh95/airflow/DAGs/Stages/Initialize Data Directory.py took 0.044 seconds
[2025-01-15T13:59:29.223+0800] {processor.py:186} INFO - Started process (PID=85249) to work on /Users/edwinjosiahgoh95/airflow/DAGs/Stages/Initialize Data Directory.py
[2025-01-15T13:59:29.224+0800] {processor.py:914} INFO - Processing file /Users/edwinjosiahgoh95/airflow/DAGs/Stages/Initialize Data Directory.py for tasks to queue
[2025-01-15T13:59:29.225+0800] {logging_mixin.py:190} INFO - [2025-01-15T13:59:29.225+0800] {dagbag.py:588} INFO - Filling up the DagBag from /Users/edwinjosiahgoh95/airflow/DAGs/Stages/Initialize Data Directory.py
[2025-01-15T13:59:29.226+0800] {processor.py:927} WARNING - No viable dags retrieved from /Users/edwinjosiahgoh95/airflow/DAGs/Stages/Initialize Data Directory.py
[2025-01-15T13:59:29.258+0800] {processor.py:208} INFO - Processing /Users/edwinjosiahgoh95/airflow/DAGs/Stages/Initialize Data Directory.py took 0.037 seconds
[2025-01-15T14:01:35.443+0800] {processor.py:186} INFO - Started process (PID=86439) to work on /Users/edwinjosiahgoh95/airflow/DAGs/Stages/Initialize Data Directory.py
[2025-01-15T14:01:35.444+0800] {processor.py:914} INFO - Processing file /Users/edwinjosiahgoh95/airflow/DAGs/Stages/Initialize Data Directory.py for tasks to queue
[2025-01-15T14:01:35.445+0800] {logging_mixin.py:190} INFO - [2025-01-15T14:01:35.445+0800] {dagbag.py:588} INFO - Filling up the DagBag from /Users/edwinjosiahgoh95/airflow/DAGs/Stages/Initialize Data Directory.py
[2025-01-15T14:01:35.446+0800] {processor.py:927} WARNING - No viable dags retrieved from /Users/edwinjosiahgoh95/airflow/DAGs/Stages/Initialize Data Directory.py
[2025-01-15T14:01:35.480+0800] {processor.py:208} INFO - Processing /Users/edwinjosiahgoh95/airflow/DAGs/Stages/Initialize Data Directory.py took 0.039 seconds
[2025-01-15T14:03:23.940+0800] {processor.py:186} INFO - Started process (PID=87455) to work on /Users/edwinjosiahgoh95/airflow/DAGs/Stages/Initialize Data Directory.py
[2025-01-15T14:03:23.941+0800] {processor.py:914} INFO - Processing file /Users/edwinjosiahgoh95/airflow/DAGs/Stages/Initialize Data Directory.py for tasks to queue
[2025-01-15T14:03:23.942+0800] {logging_mixin.py:190} INFO - [2025-01-15T14:03:23.942+0800] {dagbag.py:588} INFO - Filling up the DagBag from /Users/edwinjosiahgoh95/airflow/DAGs/Stages/Initialize Data Directory.py
[2025-01-15T14:03:23.943+0800] {processor.py:927} WARNING - No viable dags retrieved from /Users/edwinjosiahgoh95/airflow/DAGs/Stages/Initialize Data Directory.py
[2025-01-15T14:03:23.975+0800] {processor.py:208} INFO - Processing /Users/edwinjosiahgoh95/airflow/DAGs/Stages/Initialize Data Directory.py took 0.037 seconds
[2025-01-15T14:05:18.314+0800] {processor.py:186} INFO - Started process (PID=88526) to work on /Users/edwinjosiahgoh95/airflow/DAGs/Stages/Initialize Data Directory.py
[2025-01-15T14:05:18.315+0800] {processor.py:914} INFO - Processing file /Users/edwinjosiahgoh95/airflow/DAGs/Stages/Initialize Data Directory.py for tasks to queue
[2025-01-15T14:05:18.316+0800] {logging_mixin.py:190} INFO - [2025-01-15T14:05:18.316+0800] {dagbag.py:588} INFO - Filling up the DagBag from /Users/edwinjosiahgoh95/airflow/DAGs/Stages/Initialize Data Directory.py
[2025-01-15T14:05:18.316+0800] {processor.py:927} WARNING - No viable dags retrieved from /Users/edwinjosiahgoh95/airflow/DAGs/Stages/Initialize Data Directory.py
[2025-01-15T14:05:18.352+0800] {processor.py:208} INFO - Processing /Users/edwinjosiahgoh95/airflow/DAGs/Stages/Initialize Data Directory.py took 0.040 seconds
[2025-01-15T14:07:16.707+0800] {processor.py:186} INFO - Started process (PID=89661) to work on /Users/edwinjosiahgoh95/airflow/DAGs/Stages/Initialize Data Directory.py
[2025-01-15T14:07:16.708+0800] {processor.py:914} INFO - Processing file /Users/edwinjosiahgoh95/airflow/DAGs/Stages/Initialize Data Directory.py for tasks to queue
[2025-01-15T14:07:16.708+0800] {logging_mixin.py:190} INFO - [2025-01-15T14:07:16.708+0800] {dagbag.py:588} INFO - Filling up the DagBag from /Users/edwinjosiahgoh95/airflow/DAGs/Stages/Initialize Data Directory.py
[2025-01-15T14:07:16.709+0800] {processor.py:927} WARNING - No viable dags retrieved from /Users/edwinjosiahgoh95/airflow/DAGs/Stages/Initialize Data Directory.py
[2025-01-15T14:07:16.745+0800] {processor.py:208} INFO - Processing /Users/edwinjosiahgoh95/airflow/DAGs/Stages/Initialize Data Directory.py took 0.040 seconds
[2025-01-15T14:09:17.738+0800] {processor.py:186} INFO - Started process (PID=90799) to work on /Users/edwinjosiahgoh95/airflow/DAGs/Stages/Initialize Data Directory.py
[2025-01-15T14:09:17.739+0800] {processor.py:914} INFO - Processing file /Users/edwinjosiahgoh95/airflow/DAGs/Stages/Initialize Data Directory.py for tasks to queue
[2025-01-15T14:09:17.740+0800] {logging_mixin.py:190} INFO - [2025-01-15T14:09:17.740+0800] {dagbag.py:588} INFO - Filling up the DagBag from /Users/edwinjosiahgoh95/airflow/DAGs/Stages/Initialize Data Directory.py
[2025-01-15T14:09:17.741+0800] {processor.py:927} WARNING - No viable dags retrieved from /Users/edwinjosiahgoh95/airflow/DAGs/Stages/Initialize Data Directory.py
[2025-01-15T14:09:17.775+0800] {processor.py:208} INFO - Processing /Users/edwinjosiahgoh95/airflow/DAGs/Stages/Initialize Data Directory.py took 0.039 seconds
[2025-01-15T14:11:21.542+0800] {processor.py:186} INFO - Started process (PID=91985) to work on /Users/edwinjosiahgoh95/airflow/DAGs/Stages/Initialize Data Directory.py
[2025-01-15T14:11:21.543+0800] {processor.py:914} INFO - Processing file /Users/edwinjosiahgoh95/airflow/DAGs/Stages/Initialize Data Directory.py for tasks to queue
[2025-01-15T14:11:21.544+0800] {logging_mixin.py:190} INFO - [2025-01-15T14:11:21.544+0800] {dagbag.py:588} INFO - Filling up the DagBag from /Users/edwinjosiahgoh95/airflow/DAGs/Stages/Initialize Data Directory.py
[2025-01-15T14:11:21.545+0800] {processor.py:927} WARNING - No viable dags retrieved from /Users/edwinjosiahgoh95/airflow/DAGs/Stages/Initialize Data Directory.py
[2025-01-15T14:11:21.584+0800] {processor.py:208} INFO - Processing /Users/edwinjosiahgoh95/airflow/DAGs/Stages/Initialize Data Directory.py took 0.043 seconds
[2025-01-15T14:13:09.265+0800] {processor.py:186} INFO - Started process (PID=92969) to work on /Users/edwinjosiahgoh95/airflow/DAGs/Stages/Initialize Data Directory.py
[2025-01-15T14:13:09.266+0800] {processor.py:914} INFO - Processing file /Users/edwinjosiahgoh95/airflow/DAGs/Stages/Initialize Data Directory.py for tasks to queue
[2025-01-15T14:13:09.266+0800] {logging_mixin.py:190} INFO - [2025-01-15T14:13:09.266+0800] {dagbag.py:588} INFO - Filling up the DagBag from /Users/edwinjosiahgoh95/airflow/DAGs/Stages/Initialize Data Directory.py
[2025-01-15T14:13:09.267+0800] {processor.py:927} WARNING - No viable dags retrieved from /Users/edwinjosiahgoh95/airflow/DAGs/Stages/Initialize Data Directory.py
[2025-01-15T14:13:09.300+0800] {processor.py:208} INFO - Processing /Users/edwinjosiahgoh95/airflow/DAGs/Stages/Initialize Data Directory.py took 0.037 seconds
[2025-01-15T14:14:55.365+0800] {processor.py:186} INFO - Started process (PID=93980) to work on /Users/edwinjosiahgoh95/airflow/DAGs/Stages/Initialize Data Directory.py
[2025-01-15T14:14:55.367+0800] {processor.py:914} INFO - Processing file /Users/edwinjosiahgoh95/airflow/DAGs/Stages/Initialize Data Directory.py for tasks to queue
[2025-01-15T14:14:55.367+0800] {logging_mixin.py:190} INFO - [2025-01-15T14:14:55.367+0800] {dagbag.py:588} INFO - Filling up the DagBag from /Users/edwinjosiahgoh95/airflow/DAGs/Stages/Initialize Data Directory.py
[2025-01-15T14:14:55.368+0800] {processor.py:927} WARNING - No viable dags retrieved from /Users/edwinjosiahgoh95/airflow/DAGs/Stages/Initialize Data Directory.py
[2025-01-15T14:14:55.402+0800] {processor.py:208} INFO - Processing /Users/edwinjosiahgoh95/airflow/DAGs/Stages/Initialize Data Directory.py took 0.039 seconds
[2025-01-15T14:16:54.147+0800] {processor.py:186} INFO - Started process (PID=95110) to work on /Users/edwinjosiahgoh95/airflow/DAGs/Stages/Initialize Data Directory.py
[2025-01-15T14:16:54.150+0800] {processor.py:914} INFO - Processing file /Users/edwinjosiahgoh95/airflow/DAGs/Stages/Initialize Data Directory.py for tasks to queue
[2025-01-15T14:16:54.151+0800] {logging_mixin.py:190} INFO - [2025-01-15T14:16:54.150+0800] {dagbag.py:588} INFO - Filling up the DagBag from /Users/edwinjosiahgoh95/airflow/DAGs/Stages/Initialize Data Directory.py
[2025-01-15T14:16:54.151+0800] {processor.py:927} WARNING - No viable dags retrieved from /Users/edwinjosiahgoh95/airflow/DAGs/Stages/Initialize Data Directory.py
[2025-01-15T14:16:54.190+0800] {processor.py:208} INFO - Processing /Users/edwinjosiahgoh95/airflow/DAGs/Stages/Initialize Data Directory.py took 0.046 seconds
[2025-01-15T14:18:50.833+0800] {processor.py:186} INFO - Started process (PID=96183) to work on /Users/edwinjosiahgoh95/airflow/DAGs/Stages/Initialize Data Directory.py
[2025-01-15T14:18:50.834+0800] {processor.py:914} INFO - Processing file /Users/edwinjosiahgoh95/airflow/DAGs/Stages/Initialize Data Directory.py for tasks to queue
[2025-01-15T14:18:50.835+0800] {logging_mixin.py:190} INFO - [2025-01-15T14:18:50.835+0800] {dagbag.py:588} INFO - Filling up the DagBag from /Users/edwinjosiahgoh95/airflow/DAGs/Stages/Initialize Data Directory.py
[2025-01-15T14:18:50.836+0800] {processor.py:927} WARNING - No viable dags retrieved from /Users/edwinjosiahgoh95/airflow/DAGs/Stages/Initialize Data Directory.py
[2025-01-15T14:18:50.873+0800] {processor.py:208} INFO - Processing /Users/edwinjosiahgoh95/airflow/DAGs/Stages/Initialize Data Directory.py took 0.042 seconds
[2025-01-15T14:20:45.388+0800] {processor.py:186} INFO - Started process (PID=97217) to work on /Users/edwinjosiahgoh95/airflow/DAGs/Stages/Initialize Data Directory.py
[2025-01-15T14:20:45.389+0800] {processor.py:914} INFO - Processing file /Users/edwinjosiahgoh95/airflow/DAGs/Stages/Initialize Data Directory.py for tasks to queue
[2025-01-15T14:20:45.389+0800] {logging_mixin.py:190} INFO - [2025-01-15T14:20:45.389+0800] {dagbag.py:588} INFO - Filling up the DagBag from /Users/edwinjosiahgoh95/airflow/DAGs/Stages/Initialize Data Directory.py
[2025-01-15T14:20:45.390+0800] {processor.py:927} WARNING - No viable dags retrieved from /Users/edwinjosiahgoh95/airflow/DAGs/Stages/Initialize Data Directory.py
[2025-01-15T14:20:45.430+0800] {processor.py:208} INFO - Processing /Users/edwinjosiahgoh95/airflow/DAGs/Stages/Initialize Data Directory.py took 0.045 seconds
[2025-01-15T14:22:44.342+0800] {processor.py:186} INFO - Started process (PID=98306) to work on /Users/edwinjosiahgoh95/airflow/DAGs/Stages/Initialize Data Directory.py
[2025-01-15T14:22:44.343+0800] {processor.py:914} INFO - Processing file /Users/edwinjosiahgoh95/airflow/DAGs/Stages/Initialize Data Directory.py for tasks to queue
[2025-01-15T14:22:44.344+0800] {logging_mixin.py:190} INFO - [2025-01-15T14:22:44.344+0800] {dagbag.py:588} INFO - Filling up the DagBag from /Users/edwinjosiahgoh95/airflow/DAGs/Stages/Initialize Data Directory.py
[2025-01-15T14:22:44.345+0800] {processor.py:927} WARNING - No viable dags retrieved from /Users/edwinjosiahgoh95/airflow/DAGs/Stages/Initialize Data Directory.py
[2025-01-15T14:22:44.378+0800] {processor.py:208} INFO - Processing /Users/edwinjosiahgoh95/airflow/DAGs/Stages/Initialize Data Directory.py took 0.038 seconds
[2025-01-15T14:24:26.073+0800] {processor.py:186} INFO - Started process (PID=99232) to work on /Users/edwinjosiahgoh95/airflow/DAGs/Stages/Initialize Data Directory.py
[2025-01-15T14:24:26.074+0800] {processor.py:914} INFO - Processing file /Users/edwinjosiahgoh95/airflow/DAGs/Stages/Initialize Data Directory.py for tasks to queue
[2025-01-15T14:24:26.075+0800] {logging_mixin.py:190} INFO - [2025-01-15T14:24:26.075+0800] {dagbag.py:588} INFO - Filling up the DagBag from /Users/edwinjosiahgoh95/airflow/DAGs/Stages/Initialize Data Directory.py
[2025-01-15T14:24:26.075+0800] {processor.py:927} WARNING - No viable dags retrieved from /Users/edwinjosiahgoh95/airflow/DAGs/Stages/Initialize Data Directory.py
[2025-01-15T14:24:26.108+0800] {processor.py:208} INFO - Processing /Users/edwinjosiahgoh95/airflow/DAGs/Stages/Initialize Data Directory.py took 0.036 seconds
[2025-01-15T14:26:28.405+0800] {processor.py:186} INFO - Started process (PID=578) to work on /Users/edwinjosiahgoh95/airflow/DAGs/Stages/Initialize Data Directory.py
[2025-01-15T14:26:28.406+0800] {processor.py:914} INFO - Processing file /Users/edwinjosiahgoh95/airflow/DAGs/Stages/Initialize Data Directory.py for tasks to queue
[2025-01-15T14:26:28.407+0800] {logging_mixin.py:190} INFO - [2025-01-15T14:26:28.407+0800] {dagbag.py:588} INFO - Filling up the DagBag from /Users/edwinjosiahgoh95/airflow/DAGs/Stages/Initialize Data Directory.py
[2025-01-15T14:26:28.407+0800] {processor.py:927} WARNING - No viable dags retrieved from /Users/edwinjosiahgoh95/airflow/DAGs/Stages/Initialize Data Directory.py
[2025-01-15T14:26:28.440+0800] {processor.py:208} INFO - Processing /Users/edwinjosiahgoh95/airflow/DAGs/Stages/Initialize Data Directory.py took 0.038 seconds
[2025-01-15T14:28:14.779+0800] {processor.py:186} INFO - Started process (PID=1773) to work on /Users/edwinjosiahgoh95/airflow/DAGs/Stages/Initialize Data Directory.py
[2025-01-15T14:28:14.781+0800] {processor.py:914} INFO - Processing file /Users/edwinjosiahgoh95/airflow/DAGs/Stages/Initialize Data Directory.py for tasks to queue
[2025-01-15T14:28:14.781+0800] {logging_mixin.py:190} INFO - [2025-01-15T14:28:14.781+0800] {dagbag.py:588} INFO - Filling up the DagBag from /Users/edwinjosiahgoh95/airflow/DAGs/Stages/Initialize Data Directory.py
[2025-01-15T14:28:14.782+0800] {processor.py:927} WARNING - No viable dags retrieved from /Users/edwinjosiahgoh95/airflow/DAGs/Stages/Initialize Data Directory.py
[2025-01-15T14:28:14.815+0800] {processor.py:208} INFO - Processing /Users/edwinjosiahgoh95/airflow/DAGs/Stages/Initialize Data Directory.py took 0.037 seconds
[2025-01-15T14:30:01.697+0800] {processor.py:186} INFO - Started process (PID=3235) to work on /Users/edwinjosiahgoh95/airflow/DAGs/Stages/Initialize Data Directory.py
[2025-01-15T14:30:01.698+0800] {processor.py:914} INFO - Processing file /Users/edwinjosiahgoh95/airflow/DAGs/Stages/Initialize Data Directory.py for tasks to queue
[2025-01-15T14:30:01.699+0800] {logging_mixin.py:190} INFO - [2025-01-15T14:30:01.699+0800] {dagbag.py:588} INFO - Filling up the DagBag from /Users/edwinjosiahgoh95/airflow/DAGs/Stages/Initialize Data Directory.py
[2025-01-15T14:30:01.699+0800] {processor.py:927} WARNING - No viable dags retrieved from /Users/edwinjosiahgoh95/airflow/DAGs/Stages/Initialize Data Directory.py
[2025-01-15T14:30:01.732+0800] {processor.py:208} INFO - Processing /Users/edwinjosiahgoh95/airflow/DAGs/Stages/Initialize Data Directory.py took 0.037 seconds
