[2025-01-15T14:15:13.345+0800] {local_task_job_runner.py:123} INFO - ::group::Pre task execution logs
[2025-01-15T14:15:13.357+0800] {taskinstance.py:2613} INFO - Dependencies all met for dep_context=non-requeueable deps ti=<TaskInstance: Demo-ML-Pipeline.Combining_Data_From_Different_Sources scheduled__2025-01-15T06:10:00+00:00 [queued]>
[2025-01-15T14:15:13.359+0800] {taskinstance.py:2613} INFO - Dependencies all met for dep_context=requeueable deps ti=<TaskInstance: Demo-ML-Pipeline.Combining_Data_From_Different_Sources scheduled__2025-01-15T06:10:00+00:00 [queued]>
[2025-01-15T14:15:13.359+0800] {taskinstance.py:2866} INFO - Starting attempt 1 of 4
[2025-01-15T14:15:13.364+0800] {taskinstance.py:2889} INFO - Executing <Task(BashOperator): Combining_Data_From_Different_Sources> on 2025-01-15 06:10:00+00:00
[2025-01-15T14:15:13.368+0800] {standard_task_runner.py:72} INFO - Started process 94162 to run task
[2025-01-15T14:15:13.373+0800] {standard_task_runner.py:104} INFO - Running: ['airflow', 'tasks', 'run', 'Demo-ML-Pipeline', 'Combining_Data_From_Different_Sources', 'scheduled__2025-01-15T06:10:00+00:00', '--job-id', '70', '--raw', '--subdir', 'DAGS_FOLDER/Machine Learning (ML) Pipeline Using Apache Airflow.py', '--cfg-path', '/var/folders/cq/4mg9fv0s5x728btk12fdv1v80000gn/T/tmpqo9fiuo5']
[2025-01-15T14:15:13.374+0800] {standard_task_runner.py:105} INFO - Job 70: Subtask Combining_Data_From_Different_Sources
[2025-01-15T14:15:13.399+0800] {task_command.py:467} INFO - Running <TaskInstance: Demo-ML-Pipeline.Combining_Data_From_Different_Sources scheduled__2025-01-15T06:10:00+00:00 [running]> on host 1.0.0.0.0.0.0.0.0.0.0.0.0.0.0.0.0.0.0.0.0.0.0.0.0.0.0.0.0.0.0.0.ip6.arpa
[2025-01-15T14:15:13.429+0800] {taskinstance.py:3132} INFO - Exporting env vars: AIRFLOW_CTX_DAG_EMAIL='edwin.spartan117@yahoo.com.sg' AIRFLOW_CTX_DAG_OWNER='airflow' AIRFLOW_CTX_DAG_ID='Demo-ML-Pipeline' AIRFLOW_CTX_TASK_ID='Combining_Data_From_Different_Sources' AIRFLOW_CTX_EXECUTION_DATE='2025-01-15T06:10:00+00:00' AIRFLOW_CTX_TRY_NUMBER='1' AIRFLOW_CTX_DAG_RUN_ID='scheduled__2025-01-15T06:10:00+00:00'
[2025-01-15T14:15:13.430+0800] {logging_mixin.py:190} INFO - Task instance is in running state
[2025-01-15T14:15:13.430+0800] {logging_mixin.py:190} INFO -  Previous state of the Task instance: queued
[2025-01-15T14:15:13.430+0800] {logging_mixin.py:190} INFO - Current task name:Combining_Data_From_Different_Sources state:running start_date:2025-01-15 06:15:13.357851+00:00
[2025-01-15T14:15:13.430+0800] {logging_mixin.py:190} INFO - Dag name:Demo-ML-Pipeline and current dag run status:running
[2025-01-15T14:15:13.431+0800] {taskinstance.py:731} INFO - ::endgroup::
[2025-01-15T14:15:13.431+0800] {subprocess.py:78} INFO - Tmp dir root location: /var/folders/cq/4mg9fv0s5x728btk12fdv1v80000gn/T
[2025-01-15T14:15:13.431+0800] {subprocess.py:88} INFO - Running command: ['/bin/bash', '-c', 'python3 "/Users/edwinjosiahgoh95/airflow/DAGs/Stages/Combining Data From Different Sources.py"']
[2025-01-15T14:15:13.438+0800] {subprocess.py:99} INFO - Output:
[2025-01-15T14:15:13.731+0800] {subprocess.py:106} INFO -     Unnamed: 0  X  Y
[2025-01-15T14:15:13.732+0800] {subprocess.py:106} INFO - 0            0  2  1
[2025-01-15T14:15:13.732+0800] {subprocess.py:106} INFO - 1            1  2  1
[2025-01-15T14:15:13.733+0800] {subprocess.py:106} INFO - 2            2  2  1
[2025-01-15T14:15:13.733+0800] {subprocess.py:106} INFO - 3            3  3  1
[2025-01-15T14:15:13.733+0800] {subprocess.py:106} INFO - 4            4  4  1
[2025-01-15T14:15:13.733+0800] {subprocess.py:106} INFO - 5            5  5  1
[2025-01-15T14:15:13.733+0800] {subprocess.py:106} INFO - 6            0  5  2
[2025-01-15T14:15:13.734+0800] {subprocess.py:106} INFO - 7            1  5  2
[2025-01-15T14:15:13.734+0800] {subprocess.py:106} INFO - 8            2  5  2
[2025-01-15T14:15:13.734+0800] {subprocess.py:106} INFO - 9            3  3  1
[2025-01-15T14:15:13.734+0800] {subprocess.py:106} INFO - 10           4  4  1
[2025-01-15T14:15:13.734+0800] {subprocess.py:106} INFO - 11           5  5  1
[2025-01-15T14:15:13.763+0800] {subprocess.py:110} INFO - Command exited with return code 0
[2025-01-15T14:15:13.770+0800] {taskinstance.py:340} INFO - ::group::Post task execution logs
[2025-01-15T14:15:13.770+0800] {taskinstance.py:352} INFO - Marking task as SUCCESS. dag_id=Demo-ML-Pipeline, task_id=Combining_Data_From_Different_Sources, run_id=scheduled__2025-01-15T06:10:00+00:00, execution_date=20250115T061000, start_date=20250115T061513, end_date=20250115T061513
[2025-01-15T14:15:13.773+0800] {logging_mixin.py:190} INFO - Task instance in success state
[2025-01-15T14:15:13.774+0800] {logging_mixin.py:190} INFO -  Previous state of the Task instance: running
[2025-01-15T14:15:13.774+0800] {logging_mixin.py:190} INFO - Dag name:Demo-ML-Pipeline queued_at:2025-01-15 06:15:02.377424+00:00
[2025-01-15T14:15:13.774+0800] {logging_mixin.py:190} INFO - Task hostname:1.0.0.0.0.0.0.0.0.0.0.0.0.0.0.0.0.0.0.0.0.0.0.0.0.0.0.0.0.0.0.0.ip6.arpa operator:BashOperator
[2025-01-15T14:15:13.791+0800] {local_task_job_runner.py:266} INFO - Task exited with return code 0
[2025-01-15T14:15:13.799+0800] {taskinstance.py:3895} INFO - 1 downstream tasks scheduled from follow-on schedule check
[2025-01-15T14:15:13.800+0800] {local_task_job_runner.py:245} INFO - ::endgroup::
