[2025-01-15T14:25:28.765+0800] {local_task_job_runner.py:123} INFO - ::group::Pre task execution logs
[2025-01-15T14:25:28.778+0800] {taskinstance.py:2613} INFO - Dependencies all met for dep_context=non-requeueable deps ti=<TaskInstance: Demo-ML-Pipeline.Model_Training manual__2025-01-15T06:25:04.359226+00:00 [queued]>
[2025-01-15T14:25:28.781+0800] {taskinstance.py:2613} INFO - Dependencies all met for dep_context=requeueable deps ti=<TaskInstance: Demo-ML-Pipeline.Model_Training manual__2025-01-15T06:25:04.359226+00:00 [queued]>
[2025-01-15T14:25:28.781+0800] {taskinstance.py:2866} INFO - Starting attempt 1 of 4
[2025-01-15T14:25:28.786+0800] {taskinstance.py:2889} INFO - Executing <Task(BashOperator): Model_Training> on 2025-01-15 06:25:04.359226+00:00
[2025-01-15T14:25:28.791+0800] {standard_task_runner.py:72} INFO - Started process 99871 to run task
[2025-01-15T14:25:28.796+0800] {standard_task_runner.py:104} INFO - Running: ['airflow', 'tasks', 'run', 'Demo-ML-Pipeline', 'Model_Training', 'manual__2025-01-15T06:25:04.359226+00:00', '--job-id', '96', '--raw', '--subdir', 'DAGS_FOLDER/Machine Learning (ML) Pipeline Using Apache Airflow.py', '--cfg-path', '/var/folders/cq/4mg9fv0s5x728btk12fdv1v80000gn/T/tmpw8ro26a9']
[2025-01-15T14:25:28.797+0800] {standard_task_runner.py:105} INFO - Job 96: Subtask Model_Training
[2025-01-15T14:25:28.822+0800] {task_command.py:467} INFO - Running <TaskInstance: Demo-ML-Pipeline.Model_Training manual__2025-01-15T06:25:04.359226+00:00 [running]> on host 1.0.0.0.0.0.0.0.0.0.0.0.0.0.0.0.0.0.0.0.0.0.0.0.0.0.0.0.0.0.0.0.ip6.arpa
[2025-01-15T14:25:28.849+0800] {taskinstance.py:3132} INFO - Exporting env vars: AIRFLOW_CTX_DAG_EMAIL='edwin.spartan117@yahoo.com.sg' AIRFLOW_CTX_DAG_OWNER='airflow' AIRFLOW_CTX_DAG_ID='Demo-ML-Pipeline' AIRFLOW_CTX_TASK_ID='Model_Training' AIRFLOW_CTX_EXECUTION_DATE='2025-01-15T06:25:04.359226+00:00' AIRFLOW_CTX_TRY_NUMBER='1' AIRFLOW_CTX_DAG_RUN_ID='manual__2025-01-15T06:25:04.359226+00:00'
[2025-01-15T14:25:28.849+0800] {logging_mixin.py:190} INFO - Task instance is in running state
[2025-01-15T14:25:28.850+0800] {logging_mixin.py:190} INFO -  Previous state of the Task instance: queued
[2025-01-15T14:25:28.850+0800] {logging_mixin.py:190} INFO - Current task name:Model_Training state:running start_date:2025-01-15 06:25:28.778728+00:00
[2025-01-15T14:25:28.850+0800] {logging_mixin.py:190} INFO - Dag name:Demo-ML-Pipeline and current dag run status:running
[2025-01-15T14:25:28.850+0800] {taskinstance.py:731} INFO - ::endgroup::
[2025-01-15T14:25:28.851+0800] {subprocess.py:78} INFO - Tmp dir root location: /var/folders/cq/4mg9fv0s5x728btk12fdv1v80000gn/T
[2025-01-15T14:25:28.851+0800] {subprocess.py:88} INFO - Running command: ['/bin/bash', '-c', 'python3 "/Users/edwinjosiahgoh95/airflow/DAGs/Stages/train.py"']
[2025-01-15T14:25:28.857+0800] {subprocess.py:99} INFO - Output:
[2025-01-15T14:25:29.604+0800] {subprocess.py:110} INFO - Command exited with return code 0
[2025-01-15T14:25:29.615+0800] {taskinstance.py:340} INFO - ::group::Post task execution logs
[2025-01-15T14:25:29.616+0800] {taskinstance.py:352} INFO - Marking task as SUCCESS. dag_id=Demo-ML-Pipeline, task_id=Model_Training, run_id=manual__2025-01-15T06:25:04.359226+00:00, execution_date=20250115T062504, start_date=20250115T062528, end_date=20250115T062529
[2025-01-15T14:25:29.620+0800] {logging_mixin.py:190} INFO - Task instance in success state
[2025-01-15T14:25:29.620+0800] {logging_mixin.py:190} INFO -  Previous state of the Task instance: running
[2025-01-15T14:25:29.621+0800] {logging_mixin.py:190} INFO - Dag name:Demo-ML-Pipeline queued_at:2025-01-15 06:25:04.364601+00:00
[2025-01-15T14:25:29.621+0800] {logging_mixin.py:190} INFO - Task hostname:1.0.0.0.0.0.0.0.0.0.0.0.0.0.0.0.0.0.0.0.0.0.0.0.0.0.0.0.0.0.0.0.ip6.arpa operator:BashOperator
[2025-01-15T14:25:29.664+0800] {local_task_job_runner.py:266} INFO - Task exited with return code 0
[2025-01-15T14:25:29.671+0800] {taskinstance.py:3895} INFO - 0 downstream tasks scheduled from follow-on schedule check
[2025-01-15T14:25:29.672+0800] {local_task_job_runner.py:245} INFO - ::endgroup::
